Mon 08 Jul 2024 18:54:02 INFO  ['run_recbole.py', '--model=ANS', '--dataset=ml-100k']
Mon 08 Jul 2024 18:54:02 INFO  
General Hyper Parameters:
gpu_id = 0
use_gpu = True
seed = 2020
state = INFO
reproducibility = True
data_path = /home/simeon/Git_Repositories/ANS-Recbole/recbole/config/../dataset_example/ml-100k
checkpoint_dir = saved
show_progress = True
save_dataset = False
dataset_save_path = None
save_dataloaders = False
dataloaders_save_path = None
log_wandb = False

Training Hyper Parameters:
epochs = 500
train_batch_size = 4096
learner = adam
learning_rate = 0.0001
train_neg_sample_args = {'distribution': 'uniform', 'sample_num': 5, 'alpha': 1.0, 'dynamic': False, 'candidate_num': 0}
eval_step = 1
stopping_step = 10
clip_grad_norm = None
weight_decay = 0.0
loss_decimal_place = 4

Evaluation Hyper Parameters:
eval_args = {'split': {'RS': [0.8, 0.1, 0.1]}, 'group_by': 'user', 'order': 'RO', 'mode': 'full'}
repeatable = False
metrics = ['Recall', 'NDCG', 'MRR', 'Hit', 'Precision']
topk = [10, 20]
valid_metric = Recall@20
valid_metric_bigger = True
eval_batch_size = 4096
metric_decimal_place = 3

Dataset Hyper Parameters:
field_separator = 	
seq_separator =  
USER_ID_FIELD = user_id
ITEM_ID_FIELD = item_id
RATING_FIELD = rating
TIME_FIELD = timestamp
seq_len = None
LABEL_FIELD = label
threshold = None
NEG_PREFIX = neg_
load_col = {'inter': ['user_id', 'item_id']}
unload_col = None
unused_col = None
additional_feat_suffix = None
rm_dup_inter = None
val_interval = None
filter_inter_by_user_or_item = True
user_inter_num_interval = None
item_inter_num_interval = None
alias_of_user_id = None
alias_of_item_id = None
alias_of_entity_id = None
alias_of_relation_id = None
preload_weight = None
normalize_field = None
normalize_all = True
ITEM_LIST_LENGTH_FIELD = item_length
LIST_SUFFIX = _list
MAX_ITEM_LIST_LENGTH = 50
POSITION_FIELD = position_id
HEAD_ENTITY_ID_FIELD = head_id
TAIL_ENTITY_ID_FIELD = tail_id
RELATION_ID_FIELD = relation_id
ENTITY_ID_FIELD = entity_id
kg_reverse_r = False
entity_kg_num_interval = None
relation_kg_num_interval = None
benchmark_filename = None

Other Hyper Parameters: 
worker = 0
wandb_project = recbole
shuffle = True
plot_learning_curve = False
require_pow = False
enable_amp = False
enable_scaler = True
transform = None
train_after_converge = False
positive_sampling = True
model_name_custom = -
data_augmentation = False
Q = 8
K = 3
P = 20
embedding_size = 64
n_layers = 2
reg_weight = 0.001
eps = 0.3579063307361654
gamma = 0.010950879233563415
numerical_features = []
discretization = None
MODEL_TYPE = ModelType.GENERAL
MODEL_INPUT_TYPE = InputType.PAIRWISE
eval_type = EvaluatorType.RANKING
single_spec = True
local_rank = 0
device = cuda
eval_neg_sample_args = {'distribution': 'uniform', 'sample_num': 'none'}


Mon 08 Jul 2024 18:54:03 INFO  ml-100k
The number of users: 944
Average actions of users: 106.04453870625663
The number of items: 1683
Average actions of items: 59.45303210463734
The number of inters: 100000
The sparsity of the dataset: 93.70575143257098%
Remain Fields: ['user_id', 'item_id']
Mon 08 Jul 2024 18:54:03 INFO  [Training]: train_batch_size = [4096] train_neg_sample_args: [{'distribution': 'uniform', 'sample_num': 5, 'alpha': 1.0, 'dynamic': False, 'candidate_num': 0}]
Mon 08 Jul 2024 18:54:03 INFO  [Evaluation]: eval_batch_size = [4096] eval_args: [{'split': {'RS': [0.8, 0.1, 0.1]}, 'group_by': 'user', 'order': 'RO', 'mode': 'full'}]
Mon 08 Jul 2024 18:54:05 INFO  ANS(
  (user_embedding): Embedding(944, 64)
  (item_embedding): Embedding(1683, 64)
  (mf_loss): BPRLoss()
  (reg_loss): EmbLoss()
  (user_gate): Linear(in_features=64, out_features=64, bias=True)
  (item_gate): Linear(in_features=64, out_features=64, bias=True)
  (pos_gate): Linear(in_features=64, out_features=64, bias=True)
  (neg_gate): Linear(in_features=64, out_features=64, bias=True)
  (hard_gate): Linear(in_features=64, out_features=64, bias=True)
  (conf_gate): Linear(in_features=64, out_features=64, bias=True)
  (easy_gate): Linear(in_features=64, out_features=64, bias=True)
  (margin_model): Linear(in_features=64, out_features=1, bias=True)
)
Trainable parameters: 197313
Mon 08 Jul 2024 18:54:05 INFO  FLOPs: 0.0
Mon 08 Jul 2024 18:54:08 INFO  epoch 0 training [time: 2.42s, train loss: 71.2513]
Mon 08 Jul 2024 18:54:09 INFO  epoch 0 evaluating [time: 0.43s, valid_score: 0.013000]
Mon 08 Jul 2024 18:54:09 INFO  valid result: 
recall@10 : 0.007    recall@20 : 0.013    ndcg@10 : 0.009    ndcg@20 : 0.011    mrr@10 : 0.024    mrr@20 : 0.028    hit@10 : 0.07    hit@20 : 0.125    precision@10 : 0.007    precision@20 : 0.007
Mon 08 Jul 2024 18:54:09 INFO  Saving current: saved/ANS-Jul-08-2024_18-54-05.pth
Mon 08 Jul 2024 18:54:10 INFO  epoch 1 training [time: 1.70s, train loss: 71.2023]
Mon 08 Jul 2024 18:54:11 INFO  epoch 1 evaluating [time: 0.37s, valid_score: 0.014000]
Mon 08 Jul 2024 18:54:11 INFO  valid result: 
recall@10 : 0.007    recall@20 : 0.014    ndcg@10 : 0.01    ndcg@20 : 0.012    mrr@10 : 0.026    mrr@20 : 0.03    hit@10 : 0.075    hit@20 : 0.131    precision@10 : 0.008    precision@20 : 0.008
Mon 08 Jul 2024 18:54:11 INFO  Saving current: saved/ANS-Jul-08-2024_18-54-05.pth
Mon 08 Jul 2024 18:54:12 INFO  epoch 2 training [time: 1.58s, train loss: 71.1570]
Mon 08 Jul 2024 18:54:13 INFO  epoch 2 evaluating [time: 0.37s, valid_score: 0.014000]
Mon 08 Jul 2024 18:54:13 INFO  valid result: 
recall@10 : 0.007    recall@20 : 0.014    ndcg@10 : 0.01    ndcg@20 : 0.012    mrr@10 : 0.028    mrr@20 : 0.032    hit@10 : 0.081    hit@20 : 0.134    precision@10 : 0.008    precision@20 : 0.008
Mon 08 Jul 2024 18:54:13 INFO  Saving current: saved/ANS-Jul-08-2024_18-54-05.pth
Mon 08 Jul 2024 18:54:14 INFO  epoch 3 training [time: 1.60s, train loss: 71.1166]
Mon 08 Jul 2024 18:54:15 INFO  epoch 3 evaluating [time: 0.37s, valid_score: 0.014000]
Mon 08 Jul 2024 18:54:15 INFO  valid result: 
recall@10 : 0.008    recall@20 : 0.014    ndcg@10 : 0.011    ndcg@20 : 0.013    mrr@10 : 0.03    mrr@20 : 0.033    hit@10 : 0.084    hit@20 : 0.136    precision@10 : 0.009    precision@20 : 0.008
Mon 08 Jul 2024 18:54:15 INFO  Saving current: saved/ANS-Jul-08-2024_18-54-05.pth
Mon 08 Jul 2024 18:54:16 INFO  epoch 4 training [time: 1.51s, train loss: 71.0796]
Mon 08 Jul 2024 18:54:17 INFO  epoch 4 evaluating [time: 0.35s, valid_score: 0.014000]
Mon 08 Jul 2024 18:54:17 INFO  valid result: 
recall@10 : 0.007    recall@20 : 0.014    ndcg@10 : 0.011    ndcg@20 : 0.013    mrr@10 : 0.031    mrr@20 : 0.034    hit@10 : 0.086    hit@20 : 0.135    precision@10 : 0.009    precision@20 : 0.008
Mon 08 Jul 2024 18:54:17 INFO  Saving current: saved/ANS-Jul-08-2024_18-54-05.pth
Mon 08 Jul 2024 18:54:18 INFO  epoch 5 training [time: 1.54s, train loss: 71.0446]
Mon 08 Jul 2024 18:54:18 INFO  epoch 5 evaluating [time: 0.37s, valid_score: 0.015000]
Mon 08 Jul 2024 18:54:18 INFO  valid result: 
recall@10 : 0.009    recall@20 : 0.015    ndcg@10 : 0.012    ndcg@20 : 0.013    mrr@10 : 0.032    mrr@20 : 0.035    hit@10 : 0.092    hit@20 : 0.14    precision@10 : 0.01    precision@20 : 0.008
Mon 08 Jul 2024 18:54:18 INFO  Saving current: saved/ANS-Jul-08-2024_18-54-05.pth
Mon 08 Jul 2024 18:54:20 INFO  epoch 6 training [time: 1.55s, train loss: 71.0130]
Mon 08 Jul 2024 18:54:20 INFO  epoch 6 evaluating [time: 0.37s, valid_score: 0.016000]
Mon 08 Jul 2024 18:54:20 INFO  valid result: 
recall@10 : 0.009    recall@20 : 0.016    ndcg@10 : 0.013    ndcg@20 : 0.014    mrr@10 : 0.034    mrr@20 : 0.038    hit@10 : 0.098    hit@20 : 0.148    precision@10 : 0.01    precision@20 : 0.009
Mon 08 Jul 2024 18:54:20 INFO  Saving current: saved/ANS-Jul-08-2024_18-54-05.pth
Mon 08 Jul 2024 18:54:22 INFO  epoch 7 training [time: 1.63s, train loss: 70.9853]
Mon 08 Jul 2024 18:54:22 INFO  epoch 7 evaluating [time: 0.41s, valid_score: 0.016000]
Mon 08 Jul 2024 18:54:22 INFO  valid result: 
recall@10 : 0.009    recall@20 : 0.016    ndcg@10 : 0.014    ndcg@20 : 0.015    mrr@10 : 0.036    mrr@20 : 0.04    hit@10 : 0.101    hit@20 : 0.152    precision@10 : 0.011    precision@20 : 0.009
Mon 08 Jul 2024 18:54:22 INFO  Saving current: saved/ANS-Jul-08-2024_18-54-05.pth
Mon 08 Jul 2024 18:54:24 INFO  epoch 8 training [time: 1.65s, train loss: 70.9593]
Mon 08 Jul 2024 18:54:24 INFO  epoch 8 evaluating [time: 0.40s, valid_score: 0.017000]
Mon 08 Jul 2024 18:54:24 INFO  valid result: 
recall@10 : 0.009    recall@20 : 0.017    ndcg@10 : 0.014    ndcg@20 : 0.016    mrr@10 : 0.038    mrr@20 : 0.042    hit@10 : 0.103    hit@20 : 0.159    precision@10 : 0.011    precision@20 : 0.009
Mon 08 Jul 2024 18:54:25 INFO  Saving current: saved/ANS-Jul-08-2024_18-54-05.pth
Mon 08 Jul 2024 18:54:26 INFO  epoch 9 training [time: 1.60s, train loss: 70.9348]
Mon 08 Jul 2024 18:54:27 INFO  epoch 9 evaluating [time: 0.39s, valid_score: 0.018000]
Mon 08 Jul 2024 18:54:27 INFO  valid result: 
recall@10 : 0.009    recall@20 : 0.018    ndcg@10 : 0.015    ndcg@20 : 0.017    mrr@10 : 0.039    mrr@20 : 0.043    hit@10 : 0.104    hit@20 : 0.166    precision@10 : 0.011    precision@20 : 0.01
Mon 08 Jul 2024 18:54:27 INFO  Saving current: saved/ANS-Jul-08-2024_18-54-05.pth
Mon 08 Jul 2024 18:54:28 INFO  epoch 10 training [time: 1.47s, train loss: 70.9122]
Mon 08 Jul 2024 18:54:28 INFO  epoch 10 evaluating [time: 0.38s, valid_score: 0.020000]
Mon 08 Jul 2024 18:54:28 INFO  valid result: 
recall@10 : 0.01    recall@20 : 0.02    ndcg@10 : 0.015    ndcg@20 : 0.017    mrr@10 : 0.04    mrr@20 : 0.044    hit@10 : 0.111    hit@20 : 0.175    precision@10 : 0.012    precision@20 : 0.011
Mon 08 Jul 2024 18:54:28 INFO  Saving current: saved/ANS-Jul-08-2024_18-54-05.pth
Mon 08 Jul 2024 18:54:30 INFO  epoch 11 training [time: 1.60s, train loss: 70.8916]
Mon 08 Jul 2024 18:54:30 INFO  epoch 11 evaluating [time: 0.40s, valid_score: 0.020000]
Mon 08 Jul 2024 18:54:30 INFO  valid result: 
recall@10 : 0.01    recall@20 : 0.02    ndcg@10 : 0.016    ndcg@20 : 0.018    mrr@10 : 0.041    mrr@20 : 0.046    hit@10 : 0.109    hit@20 : 0.179    precision@10 : 0.012    precision@20 : 0.011
Mon 08 Jul 2024 18:54:30 INFO  Saving current: saved/ANS-Jul-08-2024_18-54-05.pth
Mon 08 Jul 2024 18:54:32 INFO  epoch 12 training [time: 1.56s, train loss: 70.8692]
Mon 08 Jul 2024 18:54:32 INFO  epoch 12 evaluating [time: 0.37s, valid_score: 0.021000]
Mon 08 Jul 2024 18:54:32 INFO  valid result: 
recall@10 : 0.012    recall@20 : 0.021    ndcg@10 : 0.017    ndcg@20 : 0.019    mrr@10 : 0.044    mrr@20 : 0.049    hit@10 : 0.119    hit@20 : 0.187    precision@10 : 0.013    precision@20 : 0.011
Mon 08 Jul 2024 18:54:32 INFO  Saving current: saved/ANS-Jul-08-2024_18-54-05.pth
Mon 08 Jul 2024 18:54:34 INFO  epoch 13 training [time: 1.65s, train loss: 70.8515]
Mon 08 Jul 2024 18:54:34 INFO  epoch 13 evaluating [time: 0.35s, valid_score: 0.021000]
Mon 08 Jul 2024 18:54:34 INFO  valid result: 
recall@10 : 0.013    recall@20 : 0.021    ndcg@10 : 0.018    ndcg@20 : 0.019    mrr@10 : 0.046    mrr@20 : 0.05    hit@10 : 0.123    hit@20 : 0.191    precision@10 : 0.014    precision@20 : 0.012
Mon 08 Jul 2024 18:54:34 INFO  Saving current: saved/ANS-Jul-08-2024_18-54-05.pth
Mon 08 Jul 2024 18:54:36 INFO  epoch 14 training [time: 1.60s, train loss: 70.8345]
Mon 08 Jul 2024 18:54:36 INFO  epoch 14 evaluating [time: 0.38s, valid_score: 0.023000]
Mon 08 Jul 2024 18:54:36 INFO  valid result: 
recall@10 : 0.014    recall@20 : 0.023    ndcg@10 : 0.019    ndcg@20 : 0.021    mrr@10 : 0.048    mrr@20 : 0.053    hit@10 : 0.134    hit@20 : 0.203    precision@10 : 0.015    precision@20 : 0.012
Mon 08 Jul 2024 18:54:36 INFO  Saving current: saved/ANS-Jul-08-2024_18-54-05.pth
Mon 08 Jul 2024 18:54:38 INFO  epoch 15 training [time: 1.53s, train loss: 70.8158]
Mon 08 Jul 2024 18:54:38 INFO  epoch 15 evaluating [time: 0.37s, valid_score: 0.024000]
Mon 08 Jul 2024 18:54:38 INFO  valid result: 
recall@10 : 0.014    recall@20 : 0.024    ndcg@10 : 0.02    ndcg@20 : 0.021    mrr@10 : 0.05    mrr@20 : 0.055    hit@10 : 0.134    hit@20 : 0.21    precision@10 : 0.015    precision@20 : 0.013
Mon 08 Jul 2024 18:54:38 INFO  Saving current: saved/ANS-Jul-08-2024_18-54-05.pth
Mon 08 Jul 2024 18:54:40 INFO  epoch 16 training [time: 1.56s, train loss: 70.8017]
Mon 08 Jul 2024 18:54:40 INFO  epoch 16 evaluating [time: 0.36s, valid_score: 0.025000]
Mon 08 Jul 2024 18:54:40 INFO  valid result: 
recall@10 : 0.015    recall@20 : 0.025    ndcg@10 : 0.021    ndcg@20 : 0.023    mrr@10 : 0.052    mrr@20 : 0.058    hit@10 : 0.143    hit@20 : 0.218    precision@10 : 0.016    precision@20 : 0.014
Mon 08 Jul 2024 18:54:40 INFO  Saving current: saved/ANS-Jul-08-2024_18-54-05.pth
Mon 08 Jul 2024 18:54:42 INFO  epoch 17 training [time: 1.53s, train loss: 70.7872]
Mon 08 Jul 2024 18:54:42 INFO  epoch 17 evaluating [time: 0.36s, valid_score: 0.028000]
Mon 08 Jul 2024 18:54:42 INFO  valid result: 
recall@10 : 0.016    recall@20 : 0.028    ndcg@10 : 0.022    ndcg@20 : 0.025    mrr@10 : 0.055    mrr@20 : 0.061    hit@10 : 0.154    hit@20 : 0.235    precision@10 : 0.018    precision@20 : 0.015
Mon 08 Jul 2024 18:54:42 INFO  Saving current: saved/ANS-Jul-08-2024_18-54-05.pth
Mon 08 Jul 2024 18:54:44 INFO  epoch 18 training [time: 1.58s, train loss: 70.7717]
Mon 08 Jul 2024 18:54:44 INFO  epoch 18 evaluating [time: 0.38s, valid_score: 0.033000]
Mon 08 Jul 2024 18:54:44 INFO  valid result: 
recall@10 : 0.018    recall@20 : 0.033    ndcg@10 : 0.025    ndcg@20 : 0.028    mrr@10 : 0.061    mrr@20 : 0.067    hit@10 : 0.162    hit@20 : 0.251    precision@10 : 0.019    precision@20 : 0.016
Mon 08 Jul 2024 18:54:44 INFO  Saving current: saved/ANS-Jul-08-2024_18-54-05.pth
Mon 08 Jul 2024 18:54:46 INFO  epoch 19 training [time: 1.50s, train loss: 70.7572]
Mon 08 Jul 2024 18:54:46 INFO  epoch 19 evaluating [time: 0.40s, valid_score: 0.038000]
Mon 08 Jul 2024 18:54:46 INFO  valid result: 
recall@10 : 0.02    recall@20 : 0.038    ndcg@10 : 0.027    ndcg@20 : 0.031    mrr@10 : 0.066    mrr@20 : 0.073    hit@10 : 0.173    hit@20 : 0.277    precision@10 : 0.02    precision@20 : 0.018
Mon 08 Jul 2024 18:54:46 INFO  Saving current: saved/ANS-Jul-08-2024_18-54-05.pth
Mon 08 Jul 2024 18:54:47 INFO  epoch 20 training [time: 1.54s, train loss: 70.7435]
Mon 08 Jul 2024 18:54:48 INFO  epoch 20 evaluating [time: 0.39s, valid_score: 0.043000]
Mon 08 Jul 2024 18:54:48 INFO  valid result: 
recall@10 : 0.025    recall@20 : 0.043    ndcg@10 : 0.031    ndcg@20 : 0.035    mrr@10 : 0.073    mrr@20 : 0.079    hit@10 : 0.197    hit@20 : 0.293    precision@10 : 0.024    precision@20 : 0.019
Mon 08 Jul 2024 18:54:48 INFO  Saving current: saved/ANS-Jul-08-2024_18-54-05.pth
Mon 08 Jul 2024 18:54:49 INFO  epoch 21 training [time: 1.51s, train loss: 70.7285]
Mon 08 Jul 2024 18:54:50 INFO  epoch 21 evaluating [time: 0.37s, valid_score: 0.051000]
Mon 08 Jul 2024 18:54:50 INFO  valid result: 
recall@10 : 0.03    recall@20 : 0.051    ndcg@10 : 0.034    ndcg@20 : 0.039    mrr@10 : 0.078    mrr@20 : 0.085    hit@10 : 0.214    hit@20 : 0.327    precision@10 : 0.025    precision@20 : 0.022
Mon 08 Jul 2024 18:54:50 INFO  Saving current: saved/ANS-Jul-08-2024_18-54-05.pth
Mon 08 Jul 2024 18:54:51 INFO  epoch 22 training [time: 1.55s, train loss: 70.7121]
Mon 08 Jul 2024 18:54:52 INFO  epoch 22 evaluating [time: 0.36s, valid_score: 0.058000]
Mon 08 Jul 2024 18:54:52 INFO  valid result: 
recall@10 : 0.036    recall@20 : 0.058    ndcg@10 : 0.041    ndcg@20 : 0.045    mrr@10 : 0.089    mrr@20 : 0.097    hit@10 : 0.245    hit@20 : 0.357    precision@10 : 0.03    precision@20 : 0.024
Mon 08 Jul 2024 18:54:52 INFO  Saving current: saved/ANS-Jul-08-2024_18-54-05.pth
Mon 08 Jul 2024 18:54:53 INFO  epoch 23 training [time: 1.56s, train loss: 70.6945]
Mon 08 Jul 2024 18:54:54 INFO  epoch 23 evaluating [time: 0.38s, valid_score: 0.069000]
Mon 08 Jul 2024 18:54:54 INFO  valid result: 
recall@10 : 0.044    recall@20 : 0.069    ndcg@10 : 0.048    ndcg@20 : 0.054    mrr@10 : 0.102    mrr@20 : 0.11    hit@10 : 0.274    hit@20 : 0.394    precision@10 : 0.035    precision@20 : 0.028
Mon 08 Jul 2024 18:54:54 INFO  Saving current: saved/ANS-Jul-08-2024_18-54-05.pth
Mon 08 Jul 2024 18:54:55 INFO  epoch 24 training [time: 1.60s, train loss: 70.6766]
Mon 08 Jul 2024 18:54:56 INFO  epoch 24 evaluating [time: 0.35s, valid_score: 0.081000]
Mon 08 Jul 2024 18:54:56 INFO  valid result: 
recall@10 : 0.053    recall@20 : 0.081    ndcg@10 : 0.057    ndcg@20 : 0.063    mrr@10 : 0.116    mrr@20 : 0.124    hit@10 : 0.312    hit@20 : 0.427    precision@10 : 0.041    precision@20 : 0.032
Mon 08 Jul 2024 18:54:56 INFO  Saving current: saved/ANS-Jul-08-2024_18-54-05.pth
Mon 08 Jul 2024 18:54:57 INFO  epoch 25 training [time: 1.54s, train loss: 70.6550]
Mon 08 Jul 2024 18:54:57 INFO  epoch 25 evaluating [time: 0.37s, valid_score: 0.098000]
Mon 08 Jul 2024 18:54:57 INFO  valid result: 
recall@10 : 0.063    recall@20 : 0.098    ndcg@10 : 0.066    ndcg@20 : 0.074    mrr@10 : 0.131    mrr@20 : 0.141    hit@10 : 0.348    hit@20 : 0.478    precision@10 : 0.046    precision@20 : 0.038
Mon 08 Jul 2024 18:54:58 INFO  Saving current: saved/ANS-Jul-08-2024_18-54-05.pth
Mon 08 Jul 2024 18:54:59 INFO  epoch 26 training [time: 1.67s, train loss: 70.6293]
Mon 08 Jul 2024 18:55:00 INFO  epoch 26 evaluating [time: 0.36s, valid_score: 0.113000]
Mon 08 Jul 2024 18:55:00 INFO  valid result: 
recall@10 : 0.077    recall@20 : 0.113    ndcg@10 : 0.078    ndcg@20 : 0.087    mrr@10 : 0.153    mrr@20 : 0.161    hit@10 : 0.393    hit@20 : 0.508    precision@10 : 0.055    precision@20 : 0.043
Mon 08 Jul 2024 18:55:00 INFO  Saving current: saved/ANS-Jul-08-2024_18-54-05.pth
Mon 08 Jul 2024 18:55:01 INFO  epoch 27 training [time: 1.62s, train loss: 70.6002]
Mon 08 Jul 2024 18:55:02 INFO  epoch 27 evaluating [time: 0.36s, valid_score: 0.134000]
Mon 08 Jul 2024 18:55:02 INFO  valid result: 
recall@10 : 0.085    recall@20 : 0.134    ndcg@10 : 0.089    ndcg@20 : 0.101    mrr@10 : 0.17    mrr@20 : 0.18    hit@10 : 0.415    hit@20 : 0.544    precision@10 : 0.062    precision@20 : 0.05
Mon 08 Jul 2024 18:55:02 INFO  Saving current: saved/ANS-Jul-08-2024_18-54-05.pth
Mon 08 Jul 2024 18:55:03 INFO  epoch 28 training [time: 1.58s, train loss: 70.5660]
Mon 08 Jul 2024 18:55:03 INFO  epoch 28 evaluating [time: 0.37s, valid_score: 0.150000]
Mon 08 Jul 2024 18:55:03 INFO  valid result: 
recall@10 : 0.098    recall@20 : 0.15    ndcg@10 : 0.101    ndcg@20 : 0.113    mrr@10 : 0.186    mrr@20 : 0.195    hit@10 : 0.458    hit@20 : 0.58    precision@10 : 0.07    precision@20 : 0.056
Mon 08 Jul 2024 18:55:03 INFO  Saving current: saved/ANS-Jul-08-2024_18-54-05.pth
Mon 08 Jul 2024 18:55:05 INFO  epoch 29 training [time: 1.56s, train loss: 70.5212]
Mon 08 Jul 2024 18:55:05 INFO  epoch 29 evaluating [time: 0.39s, valid_score: 0.170000]
Mon 08 Jul 2024 18:55:05 INFO  valid result: 
recall@10 : 0.108    recall@20 : 0.17    ndcg@10 : 0.111    ndcg@20 : 0.127    mrr@10 : 0.203    mrr@20 : 0.213    hit@10 : 0.481    hit@20 : 0.628    precision@10 : 0.077    precision@20 : 0.064
Mon 08 Jul 2024 18:55:05 INFO  Saving current: saved/ANS-Jul-08-2024_18-54-05.pth
Mon 08 Jul 2024 18:55:07 INFO  epoch 30 training [time: 1.56s, train loss: 70.4641]
Mon 08 Jul 2024 18:55:07 INFO  epoch 30 evaluating [time: 0.40s, valid_score: 0.187000]
Mon 08 Jul 2024 18:55:07 INFO  valid result: 
recall@10 : 0.118    recall@20 : 0.187    ndcg@10 : 0.122    ndcg@20 : 0.141    mrr@10 : 0.22    mrr@20 : 0.231    hit@10 : 0.511    hit@20 : 0.668    precision@10 : 0.085    precision@20 : 0.072
Mon 08 Jul 2024 18:55:07 INFO  Saving current: saved/ANS-Jul-08-2024_18-54-05.pth
Mon 08 Jul 2024 18:55:09 INFO  epoch 31 training [time: 1.61s, train loss: 70.3875]
Mon 08 Jul 2024 18:55:09 INFO  epoch 31 evaluating [time: 0.37s, valid_score: 0.202000]
Mon 08 Jul 2024 18:55:09 INFO  valid result: 
recall@10 : 0.129    recall@20 : 0.202    ndcg@10 : 0.135    ndcg@20 : 0.153    mrr@10 : 0.24    mrr@20 : 0.25    hit@10 : 0.548    hit@20 : 0.688    precision@10 : 0.095    precision@20 : 0.078
Mon 08 Jul 2024 18:55:09 INFO  Saving current: saved/ANS-Jul-08-2024_18-54-05.pth
Mon 08 Jul 2024 18:55:11 INFO  epoch 32 training [time: 1.55s, train loss: 70.2890]
Mon 08 Jul 2024 18:55:11 INFO  epoch 32 evaluating [time: 0.41s, valid_score: 0.212000]
Mon 08 Jul 2024 18:55:11 INFO  valid result: 
recall@10 : 0.136    recall@20 : 0.212    ndcg@10 : 0.146    ndcg@20 : 0.165    mrr@10 : 0.262    mrr@20 : 0.273    hit@10 : 0.563    hit@20 : 0.709    precision@10 : 0.103    precision@20 : 0.084
Mon 08 Jul 2024 18:55:11 INFO  Saving current: saved/ANS-Jul-08-2024_18-54-05.pth
Mon 08 Jul 2024 18:55:13 INFO  epoch 33 training [time: 1.54s, train loss: 70.1676]
Mon 08 Jul 2024 18:55:13 INFO  epoch 33 evaluating [time: 0.38s, valid_score: 0.229000]
Mon 08 Jul 2024 18:55:13 INFO  valid result: 
recall@10 : 0.146    recall@20 : 0.229    ndcg@10 : 0.159    ndcg@20 : 0.178    mrr@10 : 0.284    mrr@20 : 0.294    hit@10 : 0.594    hit@20 : 0.736    precision@10 : 0.111    precision@20 : 0.091
Mon 08 Jul 2024 18:55:13 INFO  Saving current: saved/ANS-Jul-08-2024_18-54-05.pth
Mon 08 Jul 2024 18:55:15 INFO  epoch 34 training [time: 1.51s, train loss: 70.0290]
Mon 08 Jul 2024 18:55:15 INFO  epoch 34 evaluating [time: 0.36s, valid_score: 0.240000]
Mon 08 Jul 2024 18:55:15 INFO  valid result: 
recall@10 : 0.151    recall@20 : 0.24    ndcg@10 : 0.167    ndcg@20 : 0.188    mrr@10 : 0.298    mrr@20 : 0.309    hit@10 : 0.611    hit@20 : 0.759    precision@10 : 0.117    precision@20 : 0.096
Mon 08 Jul 2024 18:55:15 INFO  Saving current: saved/ANS-Jul-08-2024_18-54-05.pth
Mon 08 Jul 2024 18:55:17 INFO  epoch 35 training [time: 1.53s, train loss: 69.8653]
Mon 08 Jul 2024 18:55:17 INFO  epoch 35 evaluating [time: 0.37s, valid_score: 0.251000]
Mon 08 Jul 2024 18:55:17 INFO  valid result: 
recall@10 : 0.159    recall@20 : 0.251    ndcg@10 : 0.176    ndcg@20 : 0.198    mrr@10 : 0.318    mrr@20 : 0.328    hit@10 : 0.632    hit@20 : 0.771    precision@10 : 0.123    precision@20 : 0.101
Mon 08 Jul 2024 18:55:17 INFO  Saving current: saved/ANS-Jul-08-2024_18-54-05.pth
Mon 08 Jul 2024 18:55:19 INFO  epoch 36 training [time: 1.55s, train loss: 69.6920]
Mon 08 Jul 2024 18:55:19 INFO  epoch 36 evaluating [time: 0.40s, valid_score: 0.254000]
Mon 08 Jul 2024 18:55:19 INFO  valid result: 
recall@10 : 0.163    recall@20 : 0.254    ndcg@10 : 0.183    ndcg@20 : 0.204    mrr@10 : 0.328    mrr@20 : 0.337    hit@10 : 0.651    hit@20 : 0.776    precision@10 : 0.128    precision@20 : 0.105
Mon 08 Jul 2024 18:55:19 INFO  Saving current: saved/ANS-Jul-08-2024_18-54-05.pth
Mon 08 Jul 2024 18:55:21 INFO  epoch 37 training [time: 1.52s, train loss: 69.5035]
Mon 08 Jul 2024 18:55:21 INFO  epoch 37 evaluating [time: 0.40s, valid_score: 0.264000]
Mon 08 Jul 2024 18:55:21 INFO  valid result: 
recall@10 : 0.166    recall@20 : 0.264    ndcg@10 : 0.189    ndcg@20 : 0.212    mrr@10 : 0.342    mrr@20 : 0.351    hit@10 : 0.661    hit@20 : 0.785    precision@10 : 0.131    precision@20 : 0.108
Mon 08 Jul 2024 18:55:21 INFO  Saving current: saved/ANS-Jul-08-2024_18-54-05.pth
Mon 08 Jul 2024 18:55:23 INFO  epoch 38 training [time: 1.66s, train loss: 69.2765]
Mon 08 Jul 2024 18:55:23 INFO  epoch 38 evaluating [time: 0.37s, valid_score: 0.270000]
Mon 08 Jul 2024 18:55:23 INFO  valid result: 
recall@10 : 0.175    recall@20 : 0.27    ndcg@10 : 0.196    ndcg@20 : 0.218    mrr@10 : 0.351    mrr@20 : 0.36    hit@10 : 0.666    hit@20 : 0.791    precision@10 : 0.134    precision@20 : 0.11
Mon 08 Jul 2024 18:55:23 INFO  Saving current: saved/ANS-Jul-08-2024_18-54-05.pth
Mon 08 Jul 2024 18:55:25 INFO  epoch 39 training [time: 1.64s, train loss: 69.0468]
Mon 08 Jul 2024 18:55:25 INFO  epoch 39 evaluating [time: 0.37s, valid_score: 0.276000]
Mon 08 Jul 2024 18:55:25 INFO  valid result: 
recall@10 : 0.179    recall@20 : 0.276    ndcg@10 : 0.2    ndcg@20 : 0.222    mrr@10 : 0.359    mrr@20 : 0.368    hit@10 : 0.676    hit@20 : 0.803    precision@10 : 0.138    precision@20 : 0.112
Mon 08 Jul 2024 18:55:25 INFO  Saving current: saved/ANS-Jul-08-2024_18-54-05.pth
Mon 08 Jul 2024 18:55:27 INFO  epoch 40 training [time: 1.72s, train loss: 68.8182]
Mon 08 Jul 2024 18:55:27 INFO  epoch 40 evaluating [time: 0.36s, valid_score: 0.279000]
Mon 08 Jul 2024 18:55:27 INFO  valid result: 
recall@10 : 0.184    recall@20 : 0.279    ndcg@10 : 0.205    ndcg@20 : 0.225    mrr@10 : 0.365    mrr@20 : 0.373    hit@10 : 0.691    hit@20 : 0.81    precision@10 : 0.141    precision@20 : 0.114
Mon 08 Jul 2024 18:55:27 INFO  Saving current: saved/ANS-Jul-08-2024_18-54-05.pth
Mon 08 Jul 2024 18:55:29 INFO  epoch 41 training [time: 1.50s, train loss: 68.5397]
Mon 08 Jul 2024 18:55:29 INFO  epoch 41 evaluating [time: 0.37s, valid_score: 0.281000]
Mon 08 Jul 2024 18:55:29 INFO  valid result: 
recall@10 : 0.186    recall@20 : 0.281    ndcg@10 : 0.207    ndcg@20 : 0.228    mrr@10 : 0.366    mrr@20 : 0.375    hit@10 : 0.691    hit@20 : 0.812    precision@10 : 0.143    precision@20 : 0.116
Mon 08 Jul 2024 18:55:29 INFO  Saving current: saved/ANS-Jul-08-2024_18-54-05.pth
Mon 08 Jul 2024 18:55:30 INFO  epoch 42 training [time: 1.50s, train loss: 68.2521]
Mon 08 Jul 2024 18:55:31 INFO  epoch 42 evaluating [time: 0.36s, valid_score: 0.285000]
Mon 08 Jul 2024 18:55:31 INFO  valid result: 
recall@10 : 0.19    recall@20 : 0.285    ndcg@10 : 0.21    ndcg@20 : 0.231    mrr@10 : 0.371    mrr@20 : 0.379    hit@10 : 0.704    hit@20 : 0.819    precision@10 : 0.145    precision@20 : 0.117
Mon 08 Jul 2024 18:55:31 INFO  Saving current: saved/ANS-Jul-08-2024_18-54-05.pth
Mon 08 Jul 2024 18:55:32 INFO  epoch 43 training [time: 1.45s, train loss: 67.9475]
Mon 08 Jul 2024 18:55:33 INFO  epoch 43 evaluating [time: 0.39s, valid_score: 0.286000]
Mon 08 Jul 2024 18:55:33 INFO  valid result: 
recall@10 : 0.192    recall@20 : 0.286    ndcg@10 : 0.212    ndcg@20 : 0.232    mrr@10 : 0.372    mrr@20 : 0.38    hit@10 : 0.704    hit@20 : 0.819    precision@10 : 0.146    precision@20 : 0.117
Mon 08 Jul 2024 18:55:33 INFO  Saving current: saved/ANS-Jul-08-2024_18-54-05.pth
Mon 08 Jul 2024 18:55:34 INFO  epoch 44 training [time: 1.54s, train loss: 67.6105]
Mon 08 Jul 2024 18:55:35 INFO  epoch 44 evaluating [time: 0.38s, valid_score: 0.287000]
Mon 08 Jul 2024 18:55:35 INFO  valid result: 
recall@10 : 0.192    recall@20 : 0.287    ndcg@10 : 0.213    ndcg@20 : 0.233    mrr@10 : 0.374    mrr@20 : 0.382    hit@10 : 0.704    hit@20 : 0.818    precision@10 : 0.147    precision@20 : 0.117
Mon 08 Jul 2024 18:55:35 INFO  Saving current: saved/ANS-Jul-08-2024_18-54-05.pth
Mon 08 Jul 2024 18:55:36 INFO  epoch 45 training [time: 1.56s, train loss: 67.2819]
Mon 08 Jul 2024 18:55:36 INFO  epoch 45 evaluating [time: 0.36s, valid_score: 0.288000]
Mon 08 Jul 2024 18:55:36 INFO  valid result: 
recall@10 : 0.193    recall@20 : 0.288    ndcg@10 : 0.215    ndcg@20 : 0.235    mrr@10 : 0.376    mrr@20 : 0.384    hit@10 : 0.704    hit@20 : 0.822    precision@10 : 0.148    precision@20 : 0.118
Mon 08 Jul 2024 18:55:37 INFO  Saving current: saved/ANS-Jul-08-2024_18-54-05.pth
Mon 08 Jul 2024 18:55:38 INFO  epoch 46 training [time: 1.57s, train loss: 66.9385]
Mon 08 Jul 2024 18:55:38 INFO  epoch 46 evaluating [time: 0.38s, valid_score: 0.290000]
Mon 08 Jul 2024 18:55:38 INFO  valid result: 
recall@10 : 0.194    recall@20 : 0.29    ndcg@10 : 0.216    ndcg@20 : 0.237    mrr@10 : 0.377    mrr@20 : 0.385    hit@10 : 0.706    hit@20 : 0.826    precision@10 : 0.149    precision@20 : 0.119
Mon 08 Jul 2024 18:55:38 INFO  Saving current: saved/ANS-Jul-08-2024_18-54-05.pth
Mon 08 Jul 2024 18:55:40 INFO  epoch 47 training [time: 1.57s, train loss: 66.5882]
Mon 08 Jul 2024 18:55:40 INFO  epoch 47 evaluating [time: 0.38s, valid_score: 0.292000]
Mon 08 Jul 2024 18:55:40 INFO  valid result: 
recall@10 : 0.195    recall@20 : 0.292    ndcg@10 : 0.217    ndcg@20 : 0.238    mrr@10 : 0.378    mrr@20 : 0.387    hit@10 : 0.708    hit@20 : 0.828    precision@10 : 0.15    precision@20 : 0.119
Mon 08 Jul 2024 18:55:40 INFO  Saving current: saved/ANS-Jul-08-2024_18-54-05.pth
Mon 08 Jul 2024 18:55:42 INFO  epoch 48 training [time: 1.55s, train loss: 66.2326]
Mon 08 Jul 2024 18:55:42 INFO  epoch 48 evaluating [time: 0.36s, valid_score: 0.294000]
Mon 08 Jul 2024 18:55:42 INFO  valid result: 
recall@10 : 0.195    recall@20 : 0.294    ndcg@10 : 0.218    ndcg@20 : 0.239    mrr@10 : 0.381    mrr@20 : 0.389    hit@10 : 0.712    hit@20 : 0.827    precision@10 : 0.15    precision@20 : 0.119
Mon 08 Jul 2024 18:55:42 INFO  Saving current: saved/ANS-Jul-08-2024_18-54-05.pth
Mon 08 Jul 2024 18:55:44 INFO  epoch 49 training [time: 1.56s, train loss: 65.8377]
Mon 08 Jul 2024 18:55:44 INFO  epoch 49 evaluating [time: 0.37s, valid_score: 0.295000]
Mon 08 Jul 2024 18:55:44 INFO  valid result: 
recall@10 : 0.197    recall@20 : 0.295    ndcg@10 : 0.219    ndcg@20 : 0.24    mrr@10 : 0.382    mrr@20 : 0.39    hit@10 : 0.716    hit@20 : 0.83    precision@10 : 0.15    precision@20 : 0.119
Mon 08 Jul 2024 18:55:44 INFO  Saving current: saved/ANS-Jul-08-2024_18-54-05.pth
Mon 08 Jul 2024 18:55:46 INFO  epoch 50 training [time: 1.53s, train loss: 65.4461]
Mon 08 Jul 2024 18:55:46 INFO  epoch 50 evaluating [time: 0.38s, valid_score: 0.296000]
Mon 08 Jul 2024 18:55:46 INFO  valid result: 
recall@10 : 0.199    recall@20 : 0.296    ndcg@10 : 0.221    ndcg@20 : 0.241    mrr@10 : 0.384    mrr@20 : 0.392    hit@10 : 0.719    hit@20 : 0.832    precision@10 : 0.152    precision@20 : 0.119
Mon 08 Jul 2024 18:55:46 INFO  Saving current: saved/ANS-Jul-08-2024_18-54-05.pth
Mon 08 Jul 2024 18:55:48 INFO  epoch 51 training [time: 1.51s, train loss: 65.0942]
Mon 08 Jul 2024 18:55:48 INFO  epoch 51 evaluating [time: 0.36s, valid_score: 0.296000]
Mon 08 Jul 2024 18:55:48 INFO  valid result: 
recall@10 : 0.199    recall@20 : 0.296    ndcg@10 : 0.222    ndcg@20 : 0.241    mrr@10 : 0.385    mrr@20 : 0.392    hit@10 : 0.72    hit@20 : 0.829    precision@10 : 0.153    precision@20 : 0.12
Mon 08 Jul 2024 18:55:48 INFO  Saving current: saved/ANS-Jul-08-2024_18-54-05.pth
Mon 08 Jul 2024 18:55:50 INFO  epoch 52 training [time: 1.54s, train loss: 64.7209]
Mon 08 Jul 2024 18:55:50 INFO  epoch 52 evaluating [time: 0.37s, valid_score: 0.297000]
Mon 08 Jul 2024 18:55:50 INFO  valid result: 
recall@10 : 0.199    recall@20 : 0.297    ndcg@10 : 0.222    ndcg@20 : 0.242    mrr@10 : 0.385    mrr@20 : 0.393    hit@10 : 0.72    hit@20 : 0.834    precision@10 : 0.153    precision@20 : 0.119
Mon 08 Jul 2024 18:55:50 INFO  Saving current: saved/ANS-Jul-08-2024_18-54-05.pth
Mon 08 Jul 2024 18:55:52 INFO  epoch 53 training [time: 1.58s, train loss: 64.3641]
Mon 08 Jul 2024 18:55:52 INFO  epoch 53 evaluating [time: 0.46s, valid_score: 0.296000]
Mon 08 Jul 2024 18:55:52 INFO  valid result: 
recall@10 : 0.199    recall@20 : 0.296    ndcg@10 : 0.223    ndcg@20 : 0.242    mrr@10 : 0.386    mrr@20 : 0.394    hit@10 : 0.72    hit@20 : 0.834    precision@10 : 0.153    precision@20 : 0.119
Mon 08 Jul 2024 18:55:54 INFO  epoch 54 training [time: 1.73s, train loss: 63.9965]
Mon 08 Jul 2024 18:55:54 INFO  epoch 54 evaluating [time: 0.40s, valid_score: 0.299000]
Mon 08 Jul 2024 18:55:54 INFO  valid result: 
recall@10 : 0.201    recall@20 : 0.299    ndcg@10 : 0.223    ndcg@20 : 0.243    mrr@10 : 0.384    mrr@20 : 0.392    hit@10 : 0.725    hit@20 : 0.835    precision@10 : 0.155    precision@20 : 0.12
Mon 08 Jul 2024 18:55:54 INFO  Saving current: saved/ANS-Jul-08-2024_18-54-05.pth
Mon 08 Jul 2024 18:55:56 INFO  epoch 55 training [time: 1.62s, train loss: 63.6148]
Mon 08 Jul 2024 18:55:56 INFO  epoch 55 evaluating [time: 0.38s, valid_score: 0.300000]
Mon 08 Jul 2024 18:55:56 INFO  valid result: 
recall@10 : 0.202    recall@20 : 0.3    ndcg@10 : 0.225    ndcg@20 : 0.244    mrr@10 : 0.388    mrr@20 : 0.396    hit@10 : 0.725    hit@20 : 0.838    precision@10 : 0.155    precision@20 : 0.12
Mon 08 Jul 2024 18:55:56 INFO  Saving current: saved/ANS-Jul-08-2024_18-54-05.pth
Mon 08 Jul 2024 18:55:58 INFO  epoch 56 training [time: 1.54s, train loss: 63.2097]
Mon 08 Jul 2024 18:55:58 INFO  epoch 56 evaluating [time: 0.36s, valid_score: 0.299000]
Mon 08 Jul 2024 18:55:58 INFO  valid result: 
recall@10 : 0.201    recall@20 : 0.299    ndcg@10 : 0.225    ndcg@20 : 0.244    mrr@10 : 0.387    mrr@20 : 0.395    hit@10 : 0.727    hit@20 : 0.835    precision@10 : 0.155    precision@20 : 0.121
Mon 08 Jul 2024 18:56:00 INFO  epoch 57 training [time: 1.64s, train loss: 62.8690]
Mon 08 Jul 2024 18:56:00 INFO  epoch 57 evaluating [time: 0.37s, valid_score: 0.300000]
Mon 08 Jul 2024 18:56:00 INFO  valid result: 
recall@10 : 0.202    recall@20 : 0.3    ndcg@10 : 0.225    ndcg@20 : 0.245    mrr@10 : 0.389    mrr@20 : 0.396    hit@10 : 0.727    hit@20 : 0.835    precision@10 : 0.155    precision@20 : 0.121
Mon 08 Jul 2024 18:56:00 INFO  Saving current: saved/ANS-Jul-08-2024_18-54-05.pth
Mon 08 Jul 2024 18:56:02 INFO  epoch 58 training [time: 1.52s, train loss: 62.6241]
Mon 08 Jul 2024 18:56:02 INFO  epoch 58 evaluating [time: 0.37s, valid_score: 0.302000]
Mon 08 Jul 2024 18:56:02 INFO  valid result: 
recall@10 : 0.202    recall@20 : 0.302    ndcg@10 : 0.225    ndcg@20 : 0.246    mrr@10 : 0.388    mrr@20 : 0.396    hit@10 : 0.725    hit@20 : 0.835    precision@10 : 0.155    precision@20 : 0.121
Mon 08 Jul 2024 18:56:02 INFO  Saving current: saved/ANS-Jul-08-2024_18-54-05.pth
Mon 08 Jul 2024 18:56:04 INFO  epoch 59 training [time: 1.52s, train loss: 62.1705]
Mon 08 Jul 2024 18:56:04 INFO  epoch 59 evaluating [time: 0.38s, valid_score: 0.303000]
Mon 08 Jul 2024 18:56:04 INFO  valid result: 
recall@10 : 0.203    recall@20 : 0.303    ndcg@10 : 0.226    ndcg@20 : 0.246    mrr@10 : 0.391    mrr@20 : 0.398    hit@10 : 0.731    hit@20 : 0.838    precision@10 : 0.155    precision@20 : 0.122
Mon 08 Jul 2024 18:56:04 INFO  Saving current: saved/ANS-Jul-08-2024_18-54-05.pth
Mon 08 Jul 2024 18:56:05 INFO  epoch 60 training [time: 1.55s, train loss: 61.8951]
Mon 08 Jul 2024 18:56:06 INFO  epoch 60 evaluating [time: 0.37s, valid_score: 0.302000]
Mon 08 Jul 2024 18:56:06 INFO  valid result: 
recall@10 : 0.204    recall@20 : 0.302    ndcg@10 : 0.227    ndcg@20 : 0.246    mrr@10 : 0.391    mrr@20 : 0.399    hit@10 : 0.73    hit@20 : 0.837    precision@10 : 0.157    precision@20 : 0.122
Mon 08 Jul 2024 18:56:07 INFO  epoch 61 training [time: 1.53s, train loss: 61.6119]
Mon 08 Jul 2024 18:56:08 INFO  epoch 61 evaluating [time: 0.39s, valid_score: 0.303000]
Mon 08 Jul 2024 18:56:08 INFO  valid result: 
recall@10 : 0.203    recall@20 : 0.303    ndcg@10 : 0.227    ndcg@20 : 0.247    mrr@10 : 0.393    mrr@20 : 0.401    hit@10 : 0.726    hit@20 : 0.838    precision@10 : 0.156    precision@20 : 0.122
Mon 08 Jul 2024 18:56:08 INFO  Saving current: saved/ANS-Jul-08-2024_18-54-05.pth
Mon 08 Jul 2024 18:56:09 INFO  epoch 62 training [time: 1.49s, train loss: 61.2410]
Mon 08 Jul 2024 18:56:10 INFO  epoch 62 evaluating [time: 0.36s, valid_score: 0.305000]
Mon 08 Jul 2024 18:56:10 INFO  valid result: 
recall@10 : 0.203    recall@20 : 0.305    ndcg@10 : 0.228    ndcg@20 : 0.249    mrr@10 : 0.396    mrr@20 : 0.404    hit@10 : 0.726    hit@20 : 0.84    precision@10 : 0.156    precision@20 : 0.123
Mon 08 Jul 2024 18:56:10 INFO  Saving current: saved/ANS-Jul-08-2024_18-54-05.pth
Mon 08 Jul 2024 18:56:11 INFO  epoch 63 training [time: 1.51s, train loss: 60.9813]
Mon 08 Jul 2024 18:56:12 INFO  epoch 63 evaluating [time: 0.42s, valid_score: 0.307000]
Mon 08 Jul 2024 18:56:12 INFO  valid result: 
recall@10 : 0.203    recall@20 : 0.307    ndcg@10 : 0.228    ndcg@20 : 0.249    mrr@10 : 0.396    mrr@20 : 0.404    hit@10 : 0.725    hit@20 : 0.844    precision@10 : 0.156    precision@20 : 0.123
Mon 08 Jul 2024 18:56:12 INFO  Saving current: saved/ANS-Jul-08-2024_18-54-05.pth
Mon 08 Jul 2024 18:56:13 INFO  epoch 64 training [time: 1.56s, train loss: 60.6983]
Mon 08 Jul 2024 18:56:13 INFO  epoch 64 evaluating [time: 0.35s, valid_score: 0.307000]
Mon 08 Jul 2024 18:56:13 INFO  valid result: 
recall@10 : 0.204    recall@20 : 0.307    ndcg@10 : 0.228    ndcg@20 : 0.249    mrr@10 : 0.395    mrr@20 : 0.403    hit@10 : 0.729    hit@20 : 0.842    precision@10 : 0.157    precision@20 : 0.123
Mon 08 Jul 2024 18:56:13 INFO  Saving current: saved/ANS-Jul-08-2024_18-54-05.pth
Mon 08 Jul 2024 18:56:15 INFO  epoch 65 training [time: 1.53s, train loss: 60.4358]
Mon 08 Jul 2024 18:56:15 INFO  epoch 65 evaluating [time: 0.35s, valid_score: 0.308000]
Mon 08 Jul 2024 18:56:15 INFO  valid result: 
recall@10 : 0.204    recall@20 : 0.308    ndcg@10 : 0.229    ndcg@20 : 0.25    mrr@10 : 0.398    mrr@20 : 0.406    hit@10 : 0.73    hit@20 : 0.845    precision@10 : 0.157    precision@20 : 0.124
Mon 08 Jul 2024 18:56:15 INFO  Saving current: saved/ANS-Jul-08-2024_18-54-05.pth
Mon 08 Jul 2024 18:56:17 INFO  epoch 66 training [time: 1.60s, train loss: 60.0511]
Mon 08 Jul 2024 18:56:17 INFO  epoch 66 evaluating [time: 0.35s, valid_score: 0.310000]
Mon 08 Jul 2024 18:56:17 INFO  valid result: 
recall@10 : 0.204    recall@20 : 0.31    ndcg@10 : 0.23    ndcg@20 : 0.251    mrr@10 : 0.399    mrr@20 : 0.407    hit@10 : 0.727    hit@20 : 0.85    precision@10 : 0.158    precision@20 : 0.124
Mon 08 Jul 2024 18:56:17 INFO  Saving current: saved/ANS-Jul-08-2024_18-54-05.pth
Mon 08 Jul 2024 18:56:19 INFO  epoch 67 training [time: 1.51s, train loss: 59.8590]
Mon 08 Jul 2024 18:56:19 INFO  epoch 67 evaluating [time: 0.35s, valid_score: 0.309000]
Mon 08 Jul 2024 18:56:19 INFO  valid result: 
recall@10 : 0.203    recall@20 : 0.309    ndcg@10 : 0.229    ndcg@20 : 0.251    mrr@10 : 0.398    mrr@20 : 0.406    hit@10 : 0.726    hit@20 : 0.846    precision@10 : 0.158    precision@20 : 0.124
Mon 08 Jul 2024 18:56:21 INFO  epoch 68 training [time: 1.69s, train loss: 59.6495]
Mon 08 Jul 2024 18:56:21 INFO  epoch 68 evaluating [time: 0.37s, valid_score: 0.308000]
Mon 08 Jul 2024 18:56:21 INFO  valid result: 
recall@10 : 0.203    recall@20 : 0.308    ndcg@10 : 0.23    ndcg@20 : 0.252    mrr@10 : 0.4    mrr@20 : 0.408    hit@10 : 0.724    hit@20 : 0.846    precision@10 : 0.158    precision@20 : 0.124
Mon 08 Jul 2024 18:56:23 INFO  epoch 69 training [time: 1.55s, train loss: 59.3745]
Mon 08 Jul 2024 18:56:23 INFO  epoch 69 evaluating [time: 0.39s, valid_score: 0.308000]
Mon 08 Jul 2024 18:56:23 INFO  valid result: 
recall@10 : 0.204    recall@20 : 0.308    ndcg@10 : 0.231    ndcg@20 : 0.253    mrr@10 : 0.403    mrr@20 : 0.412    hit@10 : 0.725    hit@20 : 0.846    precision@10 : 0.158    precision@20 : 0.124
Mon 08 Jul 2024 18:56:25 INFO  epoch 70 training [time: 1.61s, train loss: 59.0715]
Mon 08 Jul 2024 18:56:25 INFO  epoch 70 evaluating [time: 0.39s, valid_score: 0.310000]
Mon 08 Jul 2024 18:56:25 INFO  valid result: 
recall@10 : 0.205    recall@20 : 0.31    ndcg@10 : 0.232    ndcg@20 : 0.254    mrr@10 : 0.405    mrr@20 : 0.414    hit@10 : 0.726    hit@20 : 0.847    precision@10 : 0.158    precision@20 : 0.125
Mon 08 Jul 2024 18:56:25 INFO  Saving current: saved/ANS-Jul-08-2024_18-54-05.pth
Mon 08 Jul 2024 18:56:27 INFO  epoch 71 training [time: 1.56s, train loss: 58.9059]
Mon 08 Jul 2024 18:56:27 INFO  epoch 71 evaluating [time: 0.37s, valid_score: 0.311000]
Mon 08 Jul 2024 18:56:27 INFO  valid result: 
recall@10 : 0.206    recall@20 : 0.311    ndcg@10 : 0.233    ndcg@20 : 0.254    mrr@10 : 0.405    mrr@20 : 0.413    hit@10 : 0.729    hit@20 : 0.848    precision@10 : 0.159    precision@20 : 0.125
Mon 08 Jul 2024 18:56:27 INFO  Saving current: saved/ANS-Jul-08-2024_18-54-05.pth
Mon 08 Jul 2024 18:56:29 INFO  epoch 72 training [time: 1.51s, train loss: 58.6260]
Mon 08 Jul 2024 18:56:29 INFO  epoch 72 evaluating [time: 0.37s, valid_score: 0.311000]
Mon 08 Jul 2024 18:56:29 INFO  valid result: 
recall@10 : 0.207    recall@20 : 0.311    ndcg@10 : 0.233    ndcg@20 : 0.255    mrr@10 : 0.405    mrr@20 : 0.413    hit@10 : 0.731    hit@20 : 0.847    precision@10 : 0.158    precision@20 : 0.125
Mon 08 Jul 2024 18:56:29 INFO  Saving current: saved/ANS-Jul-08-2024_18-54-05.pth
Mon 08 Jul 2024 18:56:31 INFO  epoch 73 training [time: 1.53s, train loss: 58.3405]
Mon 08 Jul 2024 18:56:31 INFO  epoch 73 evaluating [time: 0.36s, valid_score: 0.312000]
Mon 08 Jul 2024 18:56:31 INFO  valid result: 
recall@10 : 0.207    recall@20 : 0.312    ndcg@10 : 0.234    ndcg@20 : 0.256    mrr@10 : 0.407    mrr@20 : 0.415    hit@10 : 0.732    hit@20 : 0.846    precision@10 : 0.159    precision@20 : 0.126
Mon 08 Jul 2024 18:56:31 INFO  Saving current: saved/ANS-Jul-08-2024_18-54-05.pth
Mon 08 Jul 2024 18:56:32 INFO  epoch 74 training [time: 1.55s, train loss: 58.1448]
Mon 08 Jul 2024 18:56:33 INFO  epoch 74 evaluating [time: 0.43s, valid_score: 0.312000]
Mon 08 Jul 2024 18:56:33 INFO  valid result: 
recall@10 : 0.208    recall@20 : 0.312    ndcg@10 : 0.234    ndcg@20 : 0.256    mrr@10 : 0.406    mrr@20 : 0.414    hit@10 : 0.734    hit@20 : 0.845    precision@10 : 0.159    precision@20 : 0.126
Mon 08 Jul 2024 18:56:33 INFO  Saving current: saved/ANS-Jul-08-2024_18-54-05.pth
Mon 08 Jul 2024 18:56:34 INFO  epoch 75 training [time: 1.52s, train loss: 57.9649]
Mon 08 Jul 2024 18:56:35 INFO  epoch 75 evaluating [time: 0.37s, valid_score: 0.312000]
Mon 08 Jul 2024 18:56:35 INFO  valid result: 
recall@10 : 0.209    recall@20 : 0.312    ndcg@10 : 0.235    ndcg@20 : 0.256    mrr@10 : 0.408    mrr@20 : 0.416    hit@10 : 0.735    hit@20 : 0.847    precision@10 : 0.159    precision@20 : 0.126
Mon 08 Jul 2024 18:56:35 INFO  Saving current: saved/ANS-Jul-08-2024_18-54-05.pth
Mon 08 Jul 2024 18:56:36 INFO  epoch 76 training [time: 1.56s, train loss: 57.7749]
Mon 08 Jul 2024 18:56:37 INFO  epoch 76 evaluating [time: 0.34s, valid_score: 0.313000]
Mon 08 Jul 2024 18:56:37 INFO  valid result: 
recall@10 : 0.208    recall@20 : 0.313    ndcg@10 : 0.234    ndcg@20 : 0.257    mrr@10 : 0.407    mrr@20 : 0.416    hit@10 : 0.734    hit@20 : 0.848    precision@10 : 0.159    precision@20 : 0.126
Mon 08 Jul 2024 18:56:37 INFO  Saving current: saved/ANS-Jul-08-2024_18-54-05.pth
Mon 08 Jul 2024 18:56:38 INFO  epoch 77 training [time: 1.61s, train loss: 57.6025]
Mon 08 Jul 2024 18:56:39 INFO  epoch 77 evaluating [time: 0.41s, valid_score: 0.312000]
Mon 08 Jul 2024 18:56:39 INFO  valid result: 
recall@10 : 0.208    recall@20 : 0.312    ndcg@10 : 0.234    ndcg@20 : 0.256    mrr@10 : 0.405    mrr@20 : 0.413    hit@10 : 0.737    hit@20 : 0.847    precision@10 : 0.159    precision@20 : 0.126
Mon 08 Jul 2024 18:56:40 INFO  epoch 78 training [time: 1.56s, train loss: 57.4279]
Mon 08 Jul 2024 18:56:41 INFO  epoch 78 evaluating [time: 0.36s, valid_score: 0.313000]
Mon 08 Jul 2024 18:56:41 INFO  valid result: 
recall@10 : 0.209    recall@20 : 0.313    ndcg@10 : 0.235    ndcg@20 : 0.257    mrr@10 : 0.407    mrr@20 : 0.415    hit@10 : 0.737    hit@20 : 0.848    precision@10 : 0.16    precision@20 : 0.126
Mon 08 Jul 2024 18:56:41 INFO  Saving current: saved/ANS-Jul-08-2024_18-54-05.pth
Mon 08 Jul 2024 18:56:42 INFO  epoch 79 training [time: 1.57s, train loss: 57.2134]
Mon 08 Jul 2024 18:56:43 INFO  epoch 79 evaluating [time: 0.38s, valid_score: 0.313000]
Mon 08 Jul 2024 18:56:43 INFO  valid result: 
recall@10 : 0.21    recall@20 : 0.313    ndcg@10 : 0.235    ndcg@20 : 0.257    mrr@10 : 0.404    mrr@20 : 0.412    hit@10 : 0.739    hit@20 : 0.848    precision@10 : 0.16    precision@20 : 0.126
Mon 08 Jul 2024 18:56:43 INFO  Saving current: saved/ANS-Jul-08-2024_18-54-05.pth
Mon 08 Jul 2024 18:56:44 INFO  epoch 80 training [time: 1.50s, train loss: 56.9742]
Mon 08 Jul 2024 18:56:44 INFO  epoch 80 evaluating [time: 0.37s, valid_score: 0.315000]
Mon 08 Jul 2024 18:56:44 INFO  valid result: 
recall@10 : 0.211    recall@20 : 0.315    ndcg@10 : 0.236    ndcg@20 : 0.258    mrr@10 : 0.406    mrr@20 : 0.414    hit@10 : 0.741    hit@20 : 0.852    precision@10 : 0.162    precision@20 : 0.127
Mon 08 Jul 2024 18:56:44 INFO  Saving current: saved/ANS-Jul-08-2024_18-54-05.pth
Mon 08 Jul 2024 18:56:46 INFO  epoch 81 training [time: 1.54s, train loss: 56.9697]
Mon 08 Jul 2024 18:56:46 INFO  epoch 81 evaluating [time: 0.38s, valid_score: 0.317000]
Mon 08 Jul 2024 18:56:46 INFO  valid result: 
recall@10 : 0.211    recall@20 : 0.317    ndcg@10 : 0.236    ndcg@20 : 0.259    mrr@10 : 0.406    mrr@20 : 0.414    hit@10 : 0.741    hit@20 : 0.856    precision@10 : 0.162    precision@20 : 0.127
Mon 08 Jul 2024 18:56:46 INFO  Saving current: saved/ANS-Jul-08-2024_18-54-05.pth
Mon 08 Jul 2024 18:56:48 INFO  epoch 82 training [time: 1.65s, train loss: 56.6627]
Mon 08 Jul 2024 18:56:48 INFO  epoch 82 evaluating [time: 0.35s, valid_score: 0.317000]
Mon 08 Jul 2024 18:56:48 INFO  valid result: 
recall@10 : 0.21    recall@20 : 0.317    ndcg@10 : 0.235    ndcg@20 : 0.259    mrr@10 : 0.404    mrr@20 : 0.412    hit@10 : 0.74    hit@20 : 0.857    precision@10 : 0.161    precision@20 : 0.127
Mon 08 Jul 2024 18:56:48 INFO  Saving current: saved/ANS-Jul-08-2024_18-54-05.pth
Mon 08 Jul 2024 18:56:50 INFO  epoch 83 training [time: 1.60s, train loss: 56.5547]
Mon 08 Jul 2024 18:56:50 INFO  epoch 83 evaluating [time: 0.38s, valid_score: 0.317000]
Mon 08 Jul 2024 18:56:50 INFO  valid result: 
recall@10 : 0.21    recall@20 : 0.317    ndcg@10 : 0.236    ndcg@20 : 0.259    mrr@10 : 0.405    mrr@20 : 0.413    hit@10 : 0.74    hit@20 : 0.856    precision@10 : 0.161    precision@20 : 0.127
Mon 08 Jul 2024 18:56:50 INFO  Saving current: saved/ANS-Jul-08-2024_18-54-05.pth
Mon 08 Jul 2024 18:56:52 INFO  epoch 84 training [time: 1.59s, train loss: 56.2351]
Mon 08 Jul 2024 18:56:52 INFO  epoch 84 evaluating [time: 0.37s, valid_score: 0.318000]
Mon 08 Jul 2024 18:56:52 INFO  valid result: 
recall@10 : 0.212    recall@20 : 0.318    ndcg@10 : 0.237    ndcg@20 : 0.26    mrr@10 : 0.406    mrr@20 : 0.414    hit@10 : 0.744    hit@20 : 0.856    precision@10 : 0.162    precision@20 : 0.127
Mon 08 Jul 2024 18:56:52 INFO  Saving current: saved/ANS-Jul-08-2024_18-54-05.pth
Mon 08 Jul 2024 18:56:54 INFO  epoch 85 training [time: 1.56s, train loss: 56.1495]
Mon 08 Jul 2024 18:56:54 INFO  epoch 85 evaluating [time: 0.37s, valid_score: 0.319000]
Mon 08 Jul 2024 18:56:54 INFO  valid result: 
recall@10 : 0.213    recall@20 : 0.319    ndcg@10 : 0.237    ndcg@20 : 0.26    mrr@10 : 0.407    mrr@20 : 0.415    hit@10 : 0.747    hit@20 : 0.857    precision@10 : 0.162    precision@20 : 0.128
Mon 08 Jul 2024 18:56:54 INFO  Saving current: saved/ANS-Jul-08-2024_18-54-05.pth
Mon 08 Jul 2024 18:56:56 INFO  epoch 86 training [time: 1.59s, train loss: 56.1431]
Mon 08 Jul 2024 18:56:56 INFO  epoch 86 evaluating [time: 0.38s, valid_score: 0.318000]
Mon 08 Jul 2024 18:56:56 INFO  valid result: 
recall@10 : 0.212    recall@20 : 0.318    ndcg@10 : 0.237    ndcg@20 : 0.26    mrr@10 : 0.409    mrr@20 : 0.417    hit@10 : 0.744    hit@20 : 0.856    precision@10 : 0.162    precision@20 : 0.128
Mon 08 Jul 2024 18:56:58 INFO  epoch 87 training [time: 1.61s, train loss: 56.0450]
Mon 08 Jul 2024 18:56:58 INFO  epoch 87 evaluating [time: 0.37s, valid_score: 0.319000]
Mon 08 Jul 2024 18:56:58 INFO  valid result: 
recall@10 : 0.214    recall@20 : 0.319    ndcg@10 : 0.239    ndcg@20 : 0.261    mrr@10 : 0.411    mrr@20 : 0.418    hit@10 : 0.748    hit@20 : 0.857    precision@10 : 0.163    precision@20 : 0.128
Mon 08 Jul 2024 18:56:58 INFO  Saving current: saved/ANS-Jul-08-2024_18-54-05.pth
Mon 08 Jul 2024 18:57:00 INFO  epoch 88 training [time: 1.59s, train loss: 55.7526]
Mon 08 Jul 2024 18:57:00 INFO  epoch 88 evaluating [time: 0.40s, valid_score: 0.319000]
Mon 08 Jul 2024 18:57:00 INFO  valid result: 
recall@10 : 0.215    recall@20 : 0.319    ndcg@10 : 0.24    ndcg@20 : 0.261    mrr@10 : 0.411    mrr@20 : 0.419    hit@10 : 0.749    hit@20 : 0.857    precision@10 : 0.163    precision@20 : 0.128
Mon 08 Jul 2024 18:57:00 INFO  Saving current: saved/ANS-Jul-08-2024_18-54-05.pth
Mon 08 Jul 2024 18:57:02 INFO  epoch 89 training [time: 1.55s, train loss: 55.5920]
Mon 08 Jul 2024 18:57:02 INFO  epoch 89 evaluating [time: 0.38s, valid_score: 0.320000]
Mon 08 Jul 2024 18:57:02 INFO  valid result: 
recall@10 : 0.216    recall@20 : 0.32    ndcg@10 : 0.241    ndcg@20 : 0.262    mrr@10 : 0.413    mrr@20 : 0.42    hit@10 : 0.751    hit@20 : 0.859    precision@10 : 0.164    precision@20 : 0.129
Mon 08 Jul 2024 18:57:02 INFO  Saving current: saved/ANS-Jul-08-2024_18-54-05.pth
Mon 08 Jul 2024 18:57:04 INFO  epoch 90 training [time: 1.56s, train loss: 55.3239]
Mon 08 Jul 2024 18:57:04 INFO  epoch 90 evaluating [time: 0.39s, valid_score: 0.320000]
Mon 08 Jul 2024 18:57:04 INFO  valid result: 
recall@10 : 0.216    recall@20 : 0.32    ndcg@10 : 0.241    ndcg@20 : 0.262    mrr@10 : 0.413    mrr@20 : 0.421    hit@10 : 0.751    hit@20 : 0.859    precision@10 : 0.164    precision@20 : 0.129
Mon 08 Jul 2024 18:57:04 INFO  Saving current: saved/ANS-Jul-08-2024_18-54-05.pth
Mon 08 Jul 2024 18:57:06 INFO  epoch 91 training [time: 1.55s, train loss: 55.1642]
Mon 08 Jul 2024 18:57:06 INFO  epoch 91 evaluating [time: 0.38s, valid_score: 0.318000]
Mon 08 Jul 2024 18:57:06 INFO  valid result: 
recall@10 : 0.217    recall@20 : 0.318    ndcg@10 : 0.242    ndcg@20 : 0.262    mrr@10 : 0.414    mrr@20 : 0.422    hit@10 : 0.75    hit@20 : 0.858    precision@10 : 0.165    precision@20 : 0.129
Mon 08 Jul 2024 18:57:08 INFO  epoch 92 training [time: 1.53s, train loss: 55.2550]
Mon 08 Jul 2024 18:57:08 INFO  epoch 92 evaluating [time: 0.37s, valid_score: 0.319000]
Mon 08 Jul 2024 18:57:08 INFO  valid result: 
recall@10 : 0.217    recall@20 : 0.319    ndcg@10 : 0.242    ndcg@20 : 0.263    mrr@10 : 0.414    mrr@20 : 0.422    hit@10 : 0.748    hit@20 : 0.859    precision@10 : 0.165    precision@20 : 0.129
Mon 08 Jul 2024 18:57:10 INFO  epoch 93 training [time: 1.55s, train loss: 54.8929]
Mon 08 Jul 2024 18:57:10 INFO  epoch 93 evaluating [time: 0.37s, valid_score: 0.319000]
Mon 08 Jul 2024 18:57:10 INFO  valid result: 
recall@10 : 0.216    recall@20 : 0.319    ndcg@10 : 0.242    ndcg@20 : 0.263    mrr@10 : 0.414    mrr@20 : 0.422    hit@10 : 0.749    hit@20 : 0.86    precision@10 : 0.165    precision@20 : 0.129
Mon 08 Jul 2024 18:57:11 INFO  epoch 94 training [time: 1.57s, train loss: 54.8597]
Mon 08 Jul 2024 18:57:12 INFO  epoch 94 evaluating [time: 0.38s, valid_score: 0.319000]
Mon 08 Jul 2024 18:57:12 INFO  valid result: 
recall@10 : 0.215    recall@20 : 0.319    ndcg@10 : 0.241    ndcg@20 : 0.263    mrr@10 : 0.414    mrr@20 : 0.422    hit@10 : 0.748    hit@20 : 0.861    precision@10 : 0.164    precision@20 : 0.129
Mon 08 Jul 2024 18:57:13 INFO  epoch 95 training [time: 1.64s, train loss: 54.7561]
Mon 08 Jul 2024 18:57:14 INFO  epoch 95 evaluating [time: 0.36s, valid_score: 0.321000]
Mon 08 Jul 2024 18:57:14 INFO  valid result: 
recall@10 : 0.217    recall@20 : 0.321    ndcg@10 : 0.242    ndcg@20 : 0.264    mrr@10 : 0.415    mrr@20 : 0.423    hit@10 : 0.749    hit@20 : 0.863    precision@10 : 0.164    precision@20 : 0.129
Mon 08 Jul 2024 18:57:14 INFO  Saving current: saved/ANS-Jul-08-2024_18-54-05.pth
Mon 08 Jul 2024 18:57:15 INFO  epoch 96 training [time: 1.58s, train loss: 54.6979]
Mon 08 Jul 2024 18:57:16 INFO  epoch 96 evaluating [time: 0.37s, valid_score: 0.320000]
Mon 08 Jul 2024 18:57:16 INFO  valid result: 
recall@10 : 0.217    recall@20 : 0.32    ndcg@10 : 0.242    ndcg@20 : 0.264    mrr@10 : 0.415    mrr@20 : 0.422    hit@10 : 0.753    hit@20 : 0.861    precision@10 : 0.165    precision@20 : 0.129
Mon 08 Jul 2024 18:57:17 INFO  epoch 97 training [time: 1.52s, train loss: 54.4297]
Mon 08 Jul 2024 18:57:18 INFO  epoch 97 evaluating [time: 0.37s, valid_score: 0.320000]
Mon 08 Jul 2024 18:57:18 INFO  valid result: 
recall@10 : 0.216    recall@20 : 0.32    ndcg@10 : 0.242    ndcg@20 : 0.264    mrr@10 : 0.414    mrr@20 : 0.422    hit@10 : 0.752    hit@20 : 0.86    precision@10 : 0.165    precision@20 : 0.129
Mon 08 Jul 2024 18:57:19 INFO  epoch 98 training [time: 1.51s, train loss: 54.4181]
Mon 08 Jul 2024 18:57:20 INFO  epoch 98 evaluating [time: 0.41s, valid_score: 0.323000]
Mon 08 Jul 2024 18:57:20 INFO  valid result: 
recall@10 : 0.217    recall@20 : 0.323    ndcg@10 : 0.242    ndcg@20 : 0.265    mrr@10 : 0.414    mrr@20 : 0.421    hit@10 : 0.754    hit@20 : 0.86    precision@10 : 0.165    precision@20 : 0.13
Mon 08 Jul 2024 18:57:20 INFO  Saving current: saved/ANS-Jul-08-2024_18-54-05.pth
Mon 08 Jul 2024 18:57:21 INFO  epoch 99 training [time: 1.54s, train loss: 54.2235]
Mon 08 Jul 2024 18:57:22 INFO  epoch 99 evaluating [time: 0.38s, valid_score: 0.324000]
Mon 08 Jul 2024 18:57:22 INFO  valid result: 
recall@10 : 0.217    recall@20 : 0.324    ndcg@10 : 0.243    ndcg@20 : 0.265    mrr@10 : 0.414    mrr@20 : 0.421    hit@10 : 0.755    hit@20 : 0.86    precision@10 : 0.165    precision@20 : 0.13
Mon 08 Jul 2024 18:57:22 INFO  Saving current: saved/ANS-Jul-08-2024_18-54-05.pth
Mon 08 Jul 2024 18:57:23 INFO  epoch 100 training [time: 1.60s, train loss: 54.1134]
Mon 08 Jul 2024 18:57:24 INFO  epoch 100 evaluating [time: 0.35s, valid_score: 0.325000]
Mon 08 Jul 2024 18:57:24 INFO  valid result: 
recall@10 : 0.218    recall@20 : 0.325    ndcg@10 : 0.243    ndcg@20 : 0.266    mrr@10 : 0.414    mrr@20 : 0.422    hit@10 : 0.756    hit@20 : 0.864    precision@10 : 0.166    precision@20 : 0.13
Mon 08 Jul 2024 18:57:24 INFO  Saving current: saved/ANS-Jul-08-2024_18-54-05.pth
Mon 08 Jul 2024 18:57:25 INFO  epoch 101 training [time: 1.60s, train loss: 54.0261]
Mon 08 Jul 2024 18:57:25 INFO  epoch 101 evaluating [time: 0.38s, valid_score: 0.326000]
Mon 08 Jul 2024 18:57:25 INFO  valid result: 
recall@10 : 0.219    recall@20 : 0.326    ndcg@10 : 0.243    ndcg@20 : 0.266    mrr@10 : 0.412    mrr@20 : 0.42    hit@10 : 0.757    hit@20 : 0.864    precision@10 : 0.166    precision@20 : 0.131
Mon 08 Jul 2024 18:57:26 INFO  Saving current: saved/ANS-Jul-08-2024_18-54-05.pth
Mon 08 Jul 2024 18:57:27 INFO  epoch 102 training [time: 1.56s, train loss: 53.8225]
Mon 08 Jul 2024 18:57:27 INFO  epoch 102 evaluating [time: 0.40s, valid_score: 0.327000]
Mon 08 Jul 2024 18:57:27 INFO  valid result: 
recall@10 : 0.219    recall@20 : 0.327    ndcg@10 : 0.244    ndcg@20 : 0.267    mrr@10 : 0.413    mrr@20 : 0.42    hit@10 : 0.759    hit@20 : 0.865    precision@10 : 0.167    precision@20 : 0.131
Mon 08 Jul 2024 18:57:27 INFO  Saving current: saved/ANS-Jul-08-2024_18-54-05.pth
Mon 08 Jul 2024 18:57:29 INFO  epoch 103 training [time: 1.51s, train loss: 53.7070]
Mon 08 Jul 2024 18:57:29 INFO  epoch 103 evaluating [time: 0.41s, valid_score: 0.328000]
Mon 08 Jul 2024 18:57:29 INFO  valid result: 
recall@10 : 0.219    recall@20 : 0.328    ndcg@10 : 0.244    ndcg@20 : 0.268    mrr@10 : 0.414    mrr@20 : 0.421    hit@10 : 0.759    hit@20 : 0.864    precision@10 : 0.167    precision@20 : 0.131
Mon 08 Jul 2024 18:57:29 INFO  Saving current: saved/ANS-Jul-08-2024_18-54-05.pth
Mon 08 Jul 2024 18:57:31 INFO  epoch 104 training [time: 1.63s, train loss: 53.6053]
Mon 08 Jul 2024 18:57:31 INFO  epoch 104 evaluating [time: 0.39s, valid_score: 0.328000]
Mon 08 Jul 2024 18:57:31 INFO  valid result: 
recall@10 : 0.22    recall@20 : 0.328    ndcg@10 : 0.245    ndcg@20 : 0.268    mrr@10 : 0.416    mrr@20 : 0.423    hit@10 : 0.761    hit@20 : 0.865    precision@10 : 0.167    precision@20 : 0.131
Mon 08 Jul 2024 18:57:31 INFO  Saving current: saved/ANS-Jul-08-2024_18-54-05.pth
Mon 08 Jul 2024 18:57:33 INFO  epoch 105 training [time: 1.50s, train loss: 53.6146]
Mon 08 Jul 2024 18:57:33 INFO  epoch 105 evaluating [time: 0.37s, valid_score: 0.329000]
Mon 08 Jul 2024 18:57:33 INFO  valid result: 
recall@10 : 0.221    recall@20 : 0.329    ndcg@10 : 0.246    ndcg@20 : 0.269    mrr@10 : 0.417    mrr@20 : 0.424    hit@10 : 0.764    hit@20 : 0.863    precision@10 : 0.168    precision@20 : 0.131
Mon 08 Jul 2024 18:57:33 INFO  Saving current: saved/ANS-Jul-08-2024_18-54-05.pth
Mon 08 Jul 2024 18:57:35 INFO  epoch 106 training [time: 1.60s, train loss: 53.3534]
Mon 08 Jul 2024 18:57:35 INFO  epoch 106 evaluating [time: 0.39s, valid_score: 0.330000]
Mon 08 Jul 2024 18:57:35 INFO  valid result: 
recall@10 : 0.221    recall@20 : 0.33    ndcg@10 : 0.246    ndcg@20 : 0.27    mrr@10 : 0.418    mrr@20 : 0.426    hit@10 : 0.761    hit@20 : 0.869    precision@10 : 0.167    precision@20 : 0.132
Mon 08 Jul 2024 18:57:35 INFO  Saving current: saved/ANS-Jul-08-2024_18-54-05.pth
Mon 08 Jul 2024 18:57:37 INFO  epoch 107 training [time: 1.64s, train loss: 53.4339]
Mon 08 Jul 2024 18:57:37 INFO  epoch 107 evaluating [time: 0.36s, valid_score: 0.331000]
Mon 08 Jul 2024 18:57:37 INFO  valid result: 
recall@10 : 0.221    recall@20 : 0.331    ndcg@10 : 0.246    ndcg@20 : 0.27    mrr@10 : 0.418    mrr@20 : 0.425    hit@10 : 0.761    hit@20 : 0.87    precision@10 : 0.167    precision@20 : 0.132
Mon 08 Jul 2024 18:57:37 INFO  Saving current: saved/ANS-Jul-08-2024_18-54-05.pth
Mon 08 Jul 2024 18:57:39 INFO  epoch 108 training [time: 1.52s, train loss: 53.1248]
Mon 08 Jul 2024 18:57:39 INFO  epoch 108 evaluating [time: 0.36s, valid_score: 0.330000]
Mon 08 Jul 2024 18:57:39 INFO  valid result: 
recall@10 : 0.221    recall@20 : 0.33    ndcg@10 : 0.246    ndcg@20 : 0.27    mrr@10 : 0.418    mrr@20 : 0.425    hit@10 : 0.76    hit@20 : 0.869    precision@10 : 0.167    precision@20 : 0.132
Mon 08 Jul 2024 18:57:41 INFO  epoch 109 training [time: 1.75s, train loss: 53.2095]
Mon 08 Jul 2024 18:57:41 INFO  epoch 109 evaluating [time: 0.36s, valid_score: 0.330000]
Mon 08 Jul 2024 18:57:41 INFO  valid result: 
recall@10 : 0.223    recall@20 : 0.33    ndcg@10 : 0.247    ndcg@20 : 0.27    mrr@10 : 0.419    mrr@20 : 0.426    hit@10 : 0.765    hit@20 : 0.87    precision@10 : 0.168    precision@20 : 0.132
Mon 08 Jul 2024 18:57:43 INFO  epoch 110 training [time: 1.55s, train loss: 52.9013]
Mon 08 Jul 2024 18:57:43 INFO  epoch 110 evaluating [time: 0.37s, valid_score: 0.331000]
Mon 08 Jul 2024 18:57:43 INFO  valid result: 
recall@10 : 0.223    recall@20 : 0.331    ndcg@10 : 0.247    ndcg@20 : 0.271    mrr@10 : 0.419    mrr@20 : 0.426    hit@10 : 0.766    hit@20 : 0.871    precision@10 : 0.168    precision@20 : 0.132
Mon 08 Jul 2024 18:57:43 INFO  Saving current: saved/ANS-Jul-08-2024_18-54-05.pth
Mon 08 Jul 2024 18:57:45 INFO  epoch 111 training [time: 1.55s, train loss: 52.6786]
Mon 08 Jul 2024 18:57:45 INFO  epoch 111 evaluating [time: 0.34s, valid_score: 0.333000]
Mon 08 Jul 2024 18:57:45 INFO  valid result: 
recall@10 : 0.224    recall@20 : 0.333    ndcg@10 : 0.248    ndcg@20 : 0.271    mrr@10 : 0.419    mrr@20 : 0.426    hit@10 : 0.767    hit@20 : 0.87    precision@10 : 0.169    precision@20 : 0.132
Mon 08 Jul 2024 18:57:45 INFO  Saving current: saved/ANS-Jul-08-2024_18-54-05.pth
Mon 08 Jul 2024 18:57:47 INFO  epoch 112 training [time: 1.53s, train loss: 52.6551]
Mon 08 Jul 2024 18:57:47 INFO  epoch 112 evaluating [time: 0.37s, valid_score: 0.334000]
Mon 08 Jul 2024 18:57:47 INFO  valid result: 
recall@10 : 0.225    recall@20 : 0.334    ndcg@10 : 0.249    ndcg@20 : 0.272    mrr@10 : 0.42    mrr@20 : 0.427    hit@10 : 0.767    hit@20 : 0.872    precision@10 : 0.169    precision@20 : 0.133
Mon 08 Jul 2024 18:57:47 INFO  Saving current: saved/ANS-Jul-08-2024_18-54-05.pth
Mon 08 Jul 2024 18:57:49 INFO  epoch 113 training [time: 1.53s, train loss: 52.6885]
Mon 08 Jul 2024 18:57:49 INFO  epoch 113 evaluating [time: 0.36s, valid_score: 0.334000]
Mon 08 Jul 2024 18:57:49 INFO  valid result: 
recall@10 : 0.223    recall@20 : 0.334    ndcg@10 : 0.248    ndcg@20 : 0.272    mrr@10 : 0.419    mrr@20 : 0.427    hit@10 : 0.765    hit@20 : 0.872    precision@10 : 0.169    precision@20 : 0.133
Mon 08 Jul 2024 18:57:49 INFO  Saving current: saved/ANS-Jul-08-2024_18-54-05.pth
Mon 08 Jul 2024 18:57:50 INFO  epoch 114 training [time: 1.53s, train loss: 52.3672]
Mon 08 Jul 2024 18:57:51 INFO  epoch 114 evaluating [time: 0.37s, valid_score: 0.335000]
Mon 08 Jul 2024 18:57:51 INFO  valid result: 
recall@10 : 0.223    recall@20 : 0.335    ndcg@10 : 0.248    ndcg@20 : 0.273    mrr@10 : 0.419    mrr@20 : 0.426    hit@10 : 0.766    hit@20 : 0.872    precision@10 : 0.168    precision@20 : 0.133
Mon 08 Jul 2024 18:57:51 INFO  Saving current: saved/ANS-Jul-08-2024_18-54-05.pth
Mon 08 Jul 2024 18:57:52 INFO  epoch 115 training [time: 1.62s, train loss: 52.4204]
Mon 08 Jul 2024 18:57:53 INFO  epoch 115 evaluating [time: 0.37s, valid_score: 0.335000]
Mon 08 Jul 2024 18:57:53 INFO  valid result: 
recall@10 : 0.223    recall@20 : 0.335    ndcg@10 : 0.248    ndcg@20 : 0.273    mrr@10 : 0.419    mrr@20 : 0.427    hit@10 : 0.764    hit@20 : 0.872    precision@10 : 0.168    precision@20 : 0.133
Mon 08 Jul 2024 18:57:53 INFO  Saving current: saved/ANS-Jul-08-2024_18-54-05.pth
Mon 08 Jul 2024 18:57:54 INFO  epoch 116 training [time: 1.59s, train loss: 52.2238]
Mon 08 Jul 2024 18:57:55 INFO  epoch 116 evaluating [time: 0.40s, valid_score: 0.335000]
Mon 08 Jul 2024 18:57:55 INFO  valid result: 
recall@10 : 0.223    recall@20 : 0.335    ndcg@10 : 0.248    ndcg@20 : 0.273    mrr@10 : 0.421    mrr@20 : 0.428    hit@10 : 0.765    hit@20 : 0.871    precision@10 : 0.168    precision@20 : 0.134
Mon 08 Jul 2024 18:57:55 INFO  Saving current: saved/ANS-Jul-08-2024_18-54-05.pth
Mon 08 Jul 2024 18:57:56 INFO  epoch 117 training [time: 1.63s, train loss: 52.0782]
Mon 08 Jul 2024 18:57:57 INFO  epoch 117 evaluating [time: 0.37s, valid_score: 0.338000]
Mon 08 Jul 2024 18:57:57 INFO  valid result: 
recall@10 : 0.224    recall@20 : 0.338    ndcg@10 : 0.248    ndcg@20 : 0.274    mrr@10 : 0.42    mrr@20 : 0.427    hit@10 : 0.767    hit@20 : 0.873    precision@10 : 0.168    precision@20 : 0.134
Mon 08 Jul 2024 18:57:57 INFO  Saving current: saved/ANS-Jul-08-2024_18-54-05.pth
Mon 08 Jul 2024 18:57:58 INFO  epoch 118 training [time: 1.54s, train loss: 51.8967]
Mon 08 Jul 2024 18:57:59 INFO  epoch 118 evaluating [time: 0.37s, valid_score: 0.339000]
Mon 08 Jul 2024 18:57:59 INFO  valid result: 
recall@10 : 0.224    recall@20 : 0.339    ndcg@10 : 0.248    ndcg@20 : 0.274    mrr@10 : 0.42    mrr@20 : 0.427    hit@10 : 0.766    hit@20 : 0.874    precision@10 : 0.168    precision@20 : 0.134
Mon 08 Jul 2024 18:57:59 INFO  Saving current: saved/ANS-Jul-08-2024_18-54-05.pth
Mon 08 Jul 2024 18:58:00 INFO  epoch 119 training [time: 1.56s, train loss: 51.9866]
Mon 08 Jul 2024 18:58:01 INFO  epoch 119 evaluating [time: 0.43s, valid_score: 0.339000]
Mon 08 Jul 2024 18:58:01 INFO  valid result: 
recall@10 : 0.224    recall@20 : 0.339    ndcg@10 : 0.248    ndcg@20 : 0.275    mrr@10 : 0.42    mrr@20 : 0.427    hit@10 : 0.765    hit@20 : 0.873    precision@10 : 0.168    precision@20 : 0.134
Mon 08 Jul 2024 18:58:01 INFO  Saving current: saved/ANS-Jul-08-2024_18-54-05.pth
Mon 08 Jul 2024 18:58:02 INFO  epoch 120 training [time: 1.56s, train loss: 51.7642]
Mon 08 Jul 2024 18:58:03 INFO  epoch 120 evaluating [time: 0.38s, valid_score: 0.338000]
Mon 08 Jul 2024 18:58:03 INFO  valid result: 
recall@10 : 0.224    recall@20 : 0.338    ndcg@10 : 0.248    ndcg@20 : 0.274    mrr@10 : 0.419    mrr@20 : 0.426    hit@10 : 0.766    hit@20 : 0.873    precision@10 : 0.168    precision@20 : 0.134
Mon 08 Jul 2024 18:58:04 INFO  epoch 121 training [time: 1.54s, train loss: 51.6459]
Mon 08 Jul 2024 18:58:05 INFO  epoch 121 evaluating [time: 0.39s, valid_score: 0.338000]
Mon 08 Jul 2024 18:58:05 INFO  valid result: 
recall@10 : 0.223    recall@20 : 0.338    ndcg@10 : 0.248    ndcg@20 : 0.274    mrr@10 : 0.417    mrr@20 : 0.425    hit@10 : 0.765    hit@20 : 0.871    precision@10 : 0.169    precision@20 : 0.134
Mon 08 Jul 2024 18:58:06 INFO  epoch 122 training [time: 1.60s, train loss: 51.6997]
Mon 08 Jul 2024 18:58:07 INFO  epoch 122 evaluating [time: 0.37s, valid_score: 0.339000]
Mon 08 Jul 2024 18:58:07 INFO  valid result: 
recall@10 : 0.223    recall@20 : 0.339    ndcg@10 : 0.247    ndcg@20 : 0.274    mrr@10 : 0.416    mrr@20 : 0.423    hit@10 : 0.767    hit@20 : 0.87    precision@10 : 0.169    precision@20 : 0.134
Mon 08 Jul 2024 18:58:07 INFO  Saving current: saved/ANS-Jul-08-2024_18-54-05.pth
Mon 08 Jul 2024 18:58:08 INFO  epoch 123 training [time: 1.70s, train loss: 51.5974]
Mon 08 Jul 2024 18:58:09 INFO  epoch 123 evaluating [time: 0.43s, valid_score: 0.339000]
Mon 08 Jul 2024 18:58:09 INFO  valid result: 
recall@10 : 0.224    recall@20 : 0.339    ndcg@10 : 0.248    ndcg@20 : 0.274    mrr@10 : 0.416    mrr@20 : 0.423    hit@10 : 0.767    hit@20 : 0.869    precision@10 : 0.169    precision@20 : 0.134
Mon 08 Jul 2024 18:58:09 INFO  Saving current: saved/ANS-Jul-08-2024_18-54-05.pth
Mon 08 Jul 2024 18:58:10 INFO  epoch 124 training [time: 1.57s, train loss: 51.4610]
Mon 08 Jul 2024 18:58:11 INFO  epoch 124 evaluating [time: 0.41s, valid_score: 0.340000]
Mon 08 Jul 2024 18:58:11 INFO  valid result: 
recall@10 : 0.223    recall@20 : 0.34    ndcg@10 : 0.248    ndcg@20 : 0.275    mrr@10 : 0.417    mrr@20 : 0.425    hit@10 : 0.766    hit@20 : 0.872    precision@10 : 0.169    precision@20 : 0.135
Mon 08 Jul 2024 18:58:11 INFO  Saving current: saved/ANS-Jul-08-2024_18-54-05.pth
Mon 08 Jul 2024 18:58:12 INFO  epoch 125 training [time: 1.62s, train loss: 51.3147]
Mon 08 Jul 2024 18:58:13 INFO  epoch 125 evaluating [time: 0.38s, valid_score: 0.341000]
Mon 08 Jul 2024 18:58:13 INFO  valid result: 
recall@10 : 0.224    recall@20 : 0.341    ndcg@10 : 0.248    ndcg@20 : 0.276    mrr@10 : 0.417    mrr@20 : 0.424    hit@10 : 0.766    hit@20 : 0.872    precision@10 : 0.169    precision@20 : 0.135
Mon 08 Jul 2024 18:58:13 INFO  Saving current: saved/ANS-Jul-08-2024_18-54-05.pth
Mon 08 Jul 2024 18:58:14 INFO  epoch 126 training [time: 1.63s, train loss: 51.1653]
Mon 08 Jul 2024 18:58:15 INFO  epoch 126 evaluating [time: 0.38s, valid_score: 0.341000]
Mon 08 Jul 2024 18:58:15 INFO  valid result: 
recall@10 : 0.224    recall@20 : 0.341    ndcg@10 : 0.248    ndcg@20 : 0.275    mrr@10 : 0.418    mrr@20 : 0.426    hit@10 : 0.765    hit@20 : 0.872    precision@10 : 0.168    precision@20 : 0.135
Mon 08 Jul 2024 18:58:15 INFO  Saving current: saved/ANS-Jul-08-2024_18-54-05.pth
Mon 08 Jul 2024 18:58:16 INFO  epoch 127 training [time: 1.54s, train loss: 51.0854]
Mon 08 Jul 2024 18:58:17 INFO  epoch 127 evaluating [time: 0.41s, valid_score: 0.341000]
Mon 08 Jul 2024 18:58:17 INFO  valid result: 
recall@10 : 0.223    recall@20 : 0.341    ndcg@10 : 0.248    ndcg@20 : 0.276    mrr@10 : 0.417    mrr@20 : 0.425    hit@10 : 0.762    hit@20 : 0.871    precision@10 : 0.168    precision@20 : 0.135
Mon 08 Jul 2024 18:58:17 INFO  Saving current: saved/ANS-Jul-08-2024_18-54-05.pth
Mon 08 Jul 2024 18:58:18 INFO  epoch 128 training [time: 1.54s, train loss: 50.8973]
Mon 08 Jul 2024 18:58:19 INFO  epoch 128 evaluating [time: 0.37s, valid_score: 0.341000]
Mon 08 Jul 2024 18:58:19 INFO  valid result: 
recall@10 : 0.223    recall@20 : 0.341    ndcg@10 : 0.248    ndcg@20 : 0.276    mrr@10 : 0.418    mrr@20 : 0.426    hit@10 : 0.764    hit@20 : 0.873    precision@10 : 0.168    precision@20 : 0.135
Mon 08 Jul 2024 18:58:19 INFO  Saving current: saved/ANS-Jul-08-2024_18-54-05.pth
Mon 08 Jul 2024 18:58:20 INFO  epoch 129 training [time: 1.57s, train loss: 50.9308]
Mon 08 Jul 2024 18:58:21 INFO  epoch 129 evaluating [time: 0.38s, valid_score: 0.341000]
Mon 08 Jul 2024 18:58:21 INFO  valid result: 
recall@10 : 0.222    recall@20 : 0.341    ndcg@10 : 0.248    ndcg@20 : 0.276    mrr@10 : 0.418    mrr@20 : 0.426    hit@10 : 0.764    hit@20 : 0.871    precision@10 : 0.168    precision@20 : 0.135
Mon 08 Jul 2024 18:58:21 INFO  Saving current: saved/ANS-Jul-08-2024_18-54-05.pth
Mon 08 Jul 2024 18:58:22 INFO  epoch 130 training [time: 1.59s, train loss: 50.7009]
Mon 08 Jul 2024 18:58:23 INFO  epoch 130 evaluating [time: 0.40s, valid_score: 0.342000]
Mon 08 Jul 2024 18:58:23 INFO  valid result: 
recall@10 : 0.222    recall@20 : 0.342    ndcg@10 : 0.247    ndcg@20 : 0.276    mrr@10 : 0.418    mrr@20 : 0.426    hit@10 : 0.761    hit@20 : 0.872    precision@10 : 0.167    precision@20 : 0.136
Mon 08 Jul 2024 18:58:23 INFO  Saving current: saved/ANS-Jul-08-2024_18-54-05.pth
Mon 08 Jul 2024 18:58:24 INFO  epoch 131 training [time: 1.66s, train loss: 50.7419]
Mon 08 Jul 2024 18:58:25 INFO  epoch 131 evaluating [time: 0.36s, valid_score: 0.341000]
Mon 08 Jul 2024 18:58:25 INFO  valid result: 
recall@10 : 0.221    recall@20 : 0.341    ndcg@10 : 0.247    ndcg@20 : 0.276    mrr@10 : 0.418    mrr@20 : 0.426    hit@10 : 0.76    hit@20 : 0.871    precision@10 : 0.167    precision@20 : 0.135
Mon 08 Jul 2024 18:58:26 INFO  epoch 132 training [time: 1.58s, train loss: 50.4490]
Mon 08 Jul 2024 18:58:27 INFO  epoch 132 evaluating [time: 0.39s, valid_score: 0.340000]
Mon 08 Jul 2024 18:58:27 INFO  valid result: 
recall@10 : 0.222    recall@20 : 0.34    ndcg@10 : 0.247    ndcg@20 : 0.276    mrr@10 : 0.419    mrr@20 : 0.426    hit@10 : 0.762    hit@20 : 0.87    precision@10 : 0.168    precision@20 : 0.135
Mon 08 Jul 2024 18:58:28 INFO  epoch 133 training [time: 1.60s, train loss: 50.5047]
Mon 08 Jul 2024 18:58:29 INFO  epoch 133 evaluating [time: 0.37s, valid_score: 0.341000]
Mon 08 Jul 2024 18:58:29 INFO  valid result: 
recall@10 : 0.222    recall@20 : 0.341    ndcg@10 : 0.247    ndcg@20 : 0.276    mrr@10 : 0.417    mrr@20 : 0.425    hit@10 : 0.762    hit@20 : 0.87    precision@10 : 0.167    precision@20 : 0.135
Mon 08 Jul 2024 18:58:30 INFO  epoch 134 training [time: 1.53s, train loss: 50.4606]
Mon 08 Jul 2024 18:58:30 INFO  epoch 134 evaluating [time: 0.35s, valid_score: 0.342000]
Mon 08 Jul 2024 18:58:30 INFO  valid result: 
recall@10 : 0.224    recall@20 : 0.342    ndcg@10 : 0.248    ndcg@20 : 0.276    mrr@10 : 0.415    mrr@20 : 0.423    hit@10 : 0.765    hit@20 : 0.871    precision@10 : 0.168    precision@20 : 0.136
Mon 08 Jul 2024 18:58:30 INFO  Saving current: saved/ANS-Jul-08-2024_18-54-05.pth
Mon 08 Jul 2024 18:58:32 INFO  epoch 135 training [time: 1.50s, train loss: 50.3034]
Mon 08 Jul 2024 18:58:32 INFO  epoch 135 evaluating [time: 0.36s, valid_score: 0.342000]
Mon 08 Jul 2024 18:58:32 INFO  valid result: 
recall@10 : 0.225    recall@20 : 0.342    ndcg@10 : 0.249    ndcg@20 : 0.276    mrr@10 : 0.416    mrr@20 : 0.423    hit@10 : 0.768    hit@20 : 0.871    precision@10 : 0.169    precision@20 : 0.136
Mon 08 Jul 2024 18:58:32 INFO  Saving current: saved/ANS-Jul-08-2024_18-54-05.pth
Mon 08 Jul 2024 18:58:34 INFO  epoch 136 training [time: 1.54s, train loss: 50.2223]
Mon 08 Jul 2024 18:58:34 INFO  epoch 136 evaluating [time: 0.37s, valid_score: 0.343000]
Mon 08 Jul 2024 18:58:34 INFO  valid result: 
recall@10 : 0.225    recall@20 : 0.343    ndcg@10 : 0.248    ndcg@20 : 0.277    mrr@10 : 0.416    mrr@20 : 0.423    hit@10 : 0.766    hit@20 : 0.872    precision@10 : 0.169    precision@20 : 0.136
Mon 08 Jul 2024 18:58:34 INFO  Saving current: saved/ANS-Jul-08-2024_18-54-05.pth
Mon 08 Jul 2024 18:58:36 INFO  epoch 137 training [time: 1.67s, train loss: 50.0597]
Mon 08 Jul 2024 18:58:36 INFO  epoch 137 evaluating [time: 0.38s, valid_score: 0.343000]
Mon 08 Jul 2024 18:58:36 INFO  valid result: 
recall@10 : 0.225    recall@20 : 0.343    ndcg@10 : 0.248    ndcg@20 : 0.277    mrr@10 : 0.415    mrr@20 : 0.423    hit@10 : 0.767    hit@20 : 0.871    precision@10 : 0.169    precision@20 : 0.136
Mon 08 Jul 2024 18:58:36 INFO  Saving current: saved/ANS-Jul-08-2024_18-54-05.pth
Mon 08 Jul 2024 18:58:38 INFO  epoch 138 training [time: 1.54s, train loss: 50.0092]
Mon 08 Jul 2024 18:58:38 INFO  epoch 138 evaluating [time: 0.43s, valid_score: 0.342000]
Mon 08 Jul 2024 18:58:38 INFO  valid result: 
recall@10 : 0.224    recall@20 : 0.342    ndcg@10 : 0.248    ndcg@20 : 0.276    mrr@10 : 0.415    mrr@20 : 0.423    hit@10 : 0.765    hit@20 : 0.871    precision@10 : 0.169    precision@20 : 0.136
Mon 08 Jul 2024 18:58:40 INFO  epoch 139 training [time: 1.55s, train loss: 50.0125]
Mon 08 Jul 2024 18:58:40 INFO  epoch 139 evaluating [time: 0.36s, valid_score: 0.343000]
Mon 08 Jul 2024 18:58:40 INFO  valid result: 
recall@10 : 0.224    recall@20 : 0.343    ndcg@10 : 0.248    ndcg@20 : 0.277    mrr@10 : 0.415    mrr@20 : 0.422    hit@10 : 0.764    hit@20 : 0.871    precision@10 : 0.169    precision@20 : 0.136
Mon 08 Jul 2024 18:58:40 INFO  Saving current: saved/ANS-Jul-08-2024_18-54-05.pth
Mon 08 Jul 2024 18:58:42 INFO  epoch 140 training [time: 1.55s, train loss: 49.8008]
Mon 08 Jul 2024 18:58:42 INFO  epoch 140 evaluating [time: 0.42s, valid_score: 0.343000]
Mon 08 Jul 2024 18:58:42 INFO  valid result: 
recall@10 : 0.223    recall@20 : 0.343    ndcg@10 : 0.248    ndcg@20 : 0.277    mrr@10 : 0.416    mrr@20 : 0.424    hit@10 : 0.765    hit@20 : 0.873    precision@10 : 0.168    precision@20 : 0.136
Mon 08 Jul 2024 18:58:42 INFO  Saving current: saved/ANS-Jul-08-2024_18-54-05.pth
Mon 08 Jul 2024 18:58:44 INFO  epoch 141 training [time: 1.54s, train loss: 49.7301]
Mon 08 Jul 2024 18:58:44 INFO  epoch 141 evaluating [time: 0.38s, valid_score: 0.342000]
Mon 08 Jul 2024 18:58:44 INFO  valid result: 
recall@10 : 0.224    recall@20 : 0.342    ndcg@10 : 0.248    ndcg@20 : 0.277    mrr@10 : 0.417    mrr@20 : 0.425    hit@10 : 0.764    hit@20 : 0.873    precision@10 : 0.168    precision@20 : 0.136
Mon 08 Jul 2024 18:58:46 INFO  epoch 142 training [time: 1.62s, train loss: 49.6870]
Mon 08 Jul 2024 18:58:46 INFO  epoch 142 evaluating [time: 0.41s, valid_score: 0.343000]
Mon 08 Jul 2024 18:58:46 INFO  valid result: 
recall@10 : 0.224    recall@20 : 0.343    ndcg@10 : 0.249    ndcg@20 : 0.277    mrr@10 : 0.417    mrr@20 : 0.425    hit@10 : 0.762    hit@20 : 0.874    precision@10 : 0.169    precision@20 : 0.136
Mon 08 Jul 2024 18:58:46 INFO  Saving current: saved/ANS-Jul-08-2024_18-54-05.pth
Mon 08 Jul 2024 18:58:48 INFO  epoch 143 training [time: 1.53s, train loss: 49.5182]
Mon 08 Jul 2024 18:58:48 INFO  epoch 143 evaluating [time: 0.37s, valid_score: 0.344000]
Mon 08 Jul 2024 18:58:48 INFO  valid result: 
recall@10 : 0.224    recall@20 : 0.344    ndcg@10 : 0.249    ndcg@20 : 0.278    mrr@10 : 0.418    mrr@20 : 0.427    hit@10 : 0.761    hit@20 : 0.874    precision@10 : 0.169    precision@20 : 0.136
Mon 08 Jul 2024 18:58:48 INFO  Saving current: saved/ANS-Jul-08-2024_18-54-05.pth
Mon 08 Jul 2024 18:58:50 INFO  epoch 144 training [time: 1.51s, train loss: 49.5285]
Mon 08 Jul 2024 18:58:50 INFO  epoch 144 evaluating [time: 0.38s, valid_score: 0.344000]
Mon 08 Jul 2024 18:58:50 INFO  valid result: 
recall@10 : 0.226    recall@20 : 0.344    ndcg@10 : 0.25    ndcg@20 : 0.278    mrr@10 : 0.417    mrr@20 : 0.425    hit@10 : 0.764    hit@20 : 0.874    precision@10 : 0.169    precision@20 : 0.136
Mon 08 Jul 2024 18:58:50 INFO  Saving current: saved/ANS-Jul-08-2024_18-54-05.pth
Mon 08 Jul 2024 18:58:52 INFO  epoch 145 training [time: 1.57s, train loss: 49.2032]
Mon 08 Jul 2024 18:58:52 INFO  epoch 145 evaluating [time: 0.38s, valid_score: 0.344000]
Mon 08 Jul 2024 18:58:52 INFO  valid result: 
recall@10 : 0.226    recall@20 : 0.344    ndcg@10 : 0.25    ndcg@20 : 0.278    mrr@10 : 0.417    mrr@20 : 0.425    hit@10 : 0.762    hit@20 : 0.874    precision@10 : 0.169    precision@20 : 0.136
Mon 08 Jul 2024 18:58:52 INFO  Saving current: saved/ANS-Jul-08-2024_18-54-05.pth
Mon 08 Jul 2024 18:58:53 INFO  epoch 146 training [time: 1.57s, train loss: 48.9999]
Mon 08 Jul 2024 18:58:54 INFO  epoch 146 evaluating [time: 0.37s, valid_score: 0.342000]
Mon 08 Jul 2024 18:58:54 INFO  valid result: 
recall@10 : 0.226    recall@20 : 0.342    ndcg@10 : 0.25    ndcg@20 : 0.278    mrr@10 : 0.417    mrr@20 : 0.425    hit@10 : 0.762    hit@20 : 0.873    precision@10 : 0.17    precision@20 : 0.136
Mon 08 Jul 2024 18:58:55 INFO  epoch 147 training [time: 1.62s, train loss: 49.1464]
Mon 08 Jul 2024 18:58:56 INFO  epoch 147 evaluating [time: 0.37s, valid_score: 0.344000]
Mon 08 Jul 2024 18:58:56 INFO  valid result: 
recall@10 : 0.227    recall@20 : 0.344    ndcg@10 : 0.249    ndcg@20 : 0.278    mrr@10 : 0.416    mrr@20 : 0.424    hit@10 : 0.762    hit@20 : 0.873    precision@10 : 0.169    precision@20 : 0.136
Mon 08 Jul 2024 18:58:56 INFO  Saving current: saved/ANS-Jul-08-2024_18-54-05.pth
Mon 08 Jul 2024 18:58:57 INFO  epoch 148 training [time: 1.51s, train loss: 49.0452]
Mon 08 Jul 2024 18:58:58 INFO  epoch 148 evaluating [time: 0.36s, valid_score: 0.342000]
Mon 08 Jul 2024 18:58:58 INFO  valid result: 
recall@10 : 0.226    recall@20 : 0.342    ndcg@10 : 0.25    ndcg@20 : 0.278    mrr@10 : 0.416    mrr@20 : 0.424    hit@10 : 0.761    hit@20 : 0.873    precision@10 : 0.17    precision@20 : 0.136
Mon 08 Jul 2024 18:58:59 INFO  epoch 149 training [time: 1.49s, train loss: 48.9281]
Mon 08 Jul 2024 18:59:00 INFO  epoch 149 evaluating [time: 0.38s, valid_score: 0.342000]
Mon 08 Jul 2024 18:59:00 INFO  valid result: 
recall@10 : 0.225    recall@20 : 0.342    ndcg@10 : 0.249    ndcg@20 : 0.278    mrr@10 : 0.417    mrr@20 : 0.425    hit@10 : 0.76    hit@20 : 0.872    precision@10 : 0.169    precision@20 : 0.136
Mon 08 Jul 2024 18:59:01 INFO  epoch 150 training [time: 1.55s, train loss: 49.0186]
Mon 08 Jul 2024 18:59:02 INFO  epoch 150 evaluating [time: 0.37s, valid_score: 0.342000]
Mon 08 Jul 2024 18:59:02 INFO  valid result: 
recall@10 : 0.225    recall@20 : 0.342    ndcg@10 : 0.249    ndcg@20 : 0.278    mrr@10 : 0.418    mrr@20 : 0.427    hit@10 : 0.76    hit@20 : 0.873    precision@10 : 0.169    precision@20 : 0.136
Mon 08 Jul 2024 18:59:03 INFO  epoch 151 training [time: 1.62s, train loss: 48.8106]
Mon 08 Jul 2024 18:59:03 INFO  epoch 151 evaluating [time: 0.36s, valid_score: 0.343000]
Mon 08 Jul 2024 18:59:03 INFO  valid result: 
recall@10 : 0.227    recall@20 : 0.343    ndcg@10 : 0.25    ndcg@20 : 0.279    mrr@10 : 0.419    mrr@20 : 0.427    hit@10 : 0.764    hit@20 : 0.872    precision@10 : 0.169    precision@20 : 0.136
Mon 08 Jul 2024 18:59:05 INFO  epoch 152 training [time: 1.50s, train loss: 48.6025]
Mon 08 Jul 2024 18:59:05 INFO  epoch 152 evaluating [time: 0.34s, valid_score: 0.341000]
Mon 08 Jul 2024 18:59:05 INFO  valid result: 
recall@10 : 0.226    recall@20 : 0.341    ndcg@10 : 0.251    ndcg@20 : 0.278    mrr@10 : 0.42    mrr@20 : 0.428    hit@10 : 0.761    hit@20 : 0.871    precision@10 : 0.17    precision@20 : 0.136
Mon 08 Jul 2024 18:59:07 INFO  epoch 153 training [time: 1.57s, train loss: 48.6229]
Mon 08 Jul 2024 18:59:07 INFO  epoch 153 evaluating [time: 0.38s, valid_score: 0.341000]
Mon 08 Jul 2024 18:59:07 INFO  valid result: 
recall@10 : 0.227    recall@20 : 0.341    ndcg@10 : 0.25    ndcg@20 : 0.278    mrr@10 : 0.419    mrr@20 : 0.427    hit@10 : 0.761    hit@20 : 0.872    precision@10 : 0.169    precision@20 : 0.136
Mon 08 Jul 2024 18:59:09 INFO  epoch 154 training [time: 1.56s, train loss: 48.4786]
Mon 08 Jul 2024 18:59:09 INFO  epoch 154 evaluating [time: 0.36s, valid_score: 0.342000]
Mon 08 Jul 2024 18:59:09 INFO  valid result: 
recall@10 : 0.227    recall@20 : 0.342    ndcg@10 : 0.251    ndcg@20 : 0.279    mrr@10 : 0.42    mrr@20 : 0.428    hit@10 : 0.762    hit@20 : 0.873    precision@10 : 0.169    precision@20 : 0.136
Mon 08 Jul 2024 18:59:11 INFO  epoch 155 training [time: 1.57s, train loss: 48.4175]
Mon 08 Jul 2024 18:59:11 INFO  epoch 155 evaluating [time: 0.37s, valid_score: 0.342000]
Mon 08 Jul 2024 18:59:11 INFO  valid result: 
recall@10 : 0.228    recall@20 : 0.342    ndcg@10 : 0.252    ndcg@20 : 0.279    mrr@10 : 0.421    mrr@20 : 0.43    hit@10 : 0.762    hit@20 : 0.874    precision@10 : 0.17    precision@20 : 0.136
Mon 08 Jul 2024 18:59:13 INFO  epoch 156 training [time: 1.63s, train loss: 48.3167]
Mon 08 Jul 2024 18:59:13 INFO  epoch 156 evaluating [time: 0.37s, valid_score: 0.342000]
Mon 08 Jul 2024 18:59:13 INFO  valid result: 
recall@10 : 0.227    recall@20 : 0.342    ndcg@10 : 0.251    ndcg@20 : 0.279    mrr@10 : 0.421    mrr@20 : 0.43    hit@10 : 0.761    hit@20 : 0.875    precision@10 : 0.17    precision@20 : 0.136
Mon 08 Jul 2024 18:59:15 INFO  epoch 157 training [time: 1.53s, train loss: 48.1488]
Mon 08 Jul 2024 18:59:15 INFO  epoch 157 evaluating [time: 0.39s, valid_score: 0.342000]
Mon 08 Jul 2024 18:59:15 INFO  valid result: 
recall@10 : 0.227    recall@20 : 0.342    ndcg@10 : 0.251    ndcg@20 : 0.279    mrr@10 : 0.423    mrr@20 : 0.431    hit@10 : 0.762    hit@20 : 0.875    precision@10 : 0.169    precision@20 : 0.136
Mon 08 Jul 2024 18:59:17 INFO  epoch 158 training [time: 1.60s, train loss: 48.0578]
Mon 08 Jul 2024 18:59:17 INFO  epoch 158 evaluating [time: 0.36s, valid_score: 0.343000]
Mon 08 Jul 2024 18:59:17 INFO  valid result: 
recall@10 : 0.227    recall@20 : 0.343    ndcg@10 : 0.251    ndcg@20 : 0.28    mrr@10 : 0.422    mrr@20 : 0.43    hit@10 : 0.766    hit@20 : 0.875    precision@10 : 0.169    precision@20 : 0.136
Mon 08 Jul 2024 18:59:17 INFO  Finished training, best eval result in epoch 147
Mon 08 Jul 2024 18:59:17 INFO  Loading model structure and parameters from saved/ANS-Jul-08-2024_18-54-05.pth
Mon 08 Jul 2024 18:59:18 INFO  The running environment of this training is as follows:
+-------------+----------------+
| Environment |     Usage      |
+=============+================+
| CPU         |    24.70 %     |
+-------------+----------------+
| GPU         | 0.09 G/15.98 G |
+-------------+----------------+
| Memory      | 1.29 G/15.47 G |
+-------------+----------------+
Mon 08 Jul 2024 18:59:18 INFO  best valid : OrderedDict([('recall@10', 0.227), ('recall@20', 0.344), ('ndcg@10', 0.249), ('ndcg@20', 0.278), ('mrr@10', 0.416), ('mrr@20', 0.424), ('hit@10', 0.762), ('hit@20', 0.873), ('precision@10', 0.169), ('precision@20', 0.136)])
Mon 08 Jul 2024 18:59:18 INFO  test result: OrderedDict([('recall@10', 0.263), ('recall@20', 0.388), ('ndcg@10', 0.318), ('ndcg@20', 0.338), ('mrr@10', 0.519), ('mrr@20', 0.526), ('hit@10', 0.803), ('hit@20', 0.897), ('precision@10', 0.213), ('precision@20', 0.162)])
