Wed 10 Jul 2024 16:25:25 INFO  ['run_recbole.py', '--model=ANS', '--dataset=lastfm']
Wed 10 Jul 2024 16:25:25 INFO  
General Hyper Parameters:
gpu_id = 0
use_gpu = True
seed = 2020
state = INFO
reproducibility = True
data_path = dataset/lastfm
checkpoint_dir = saved
show_progress = True
save_dataset = False
dataset_save_path = None
save_dataloaders = False
dataloaders_save_path = None
log_wandb = False

Training Hyper Parameters:
epochs = 500
train_batch_size = 2048
learner = adam
learning_rate = 0.0001
train_neg_sample_args = {'distribution': 'uniform', 'sample_num': 5, 'alpha': 1.0, 'dynamic': False, 'candidate_num': 0}
eval_step = 1
stopping_step = 100
clip_grad_norm = None
weight_decay = 0.0
loss_decimal_place = 4

Evaluation Hyper Parameters:
eval_args = {'split': {'RS': [0.8, 0.1, 0.1]}, 'group_by': 'user', 'order': 'RO', 'mode': 'full'}
repeatable = False
metrics = ['Recall', 'NDCG', 'MRR', 'Hit', 'Precision']
topk = [10, 20]
valid_metric = Recall@20
valid_metric_bigger = True
eval_batch_size = 4096
metric_decimal_place = 3

Dataset Hyper Parameters:
field_separator = 	
seq_separator =  
USER_ID_FIELD = user_id
ITEM_ID_FIELD = artist_id
RATING_FIELD = rating
TIME_FIELD = timestamp
seq_len = None
LABEL_FIELD = label
threshold = None
NEG_PREFIX = neg_
load_col = {'inter': ['user_id', 'artist_id']}
unload_col = None
unused_col = None
additional_feat_suffix = None
rm_dup_inter = None
val_interval = None
filter_inter_by_user_or_item = True
user_inter_num_interval = None
item_inter_num_interval = None
alias_of_user_id = None
alias_of_item_id = None
alias_of_entity_id = None
alias_of_relation_id = None
preload_weight = None
normalize_field = None
normalize_all = True
ITEM_LIST_LENGTH_FIELD = item_length
LIST_SUFFIX = _list
MAX_ITEM_LIST_LENGTH = 50
POSITION_FIELD = position_id
HEAD_ENTITY_ID_FIELD = head_id
TAIL_ENTITY_ID_FIELD = tail_id
RELATION_ID_FIELD = relation_id
ENTITY_ID_FIELD = entity_id
kg_reverse_r = False
entity_kg_num_interval = None
relation_kg_num_interval = None
benchmark_filename = None

Other Hyper Parameters: 
worker = 0
wandb_project = recbole
shuffle = True
plot_learning_curve = False
require_pow = False
enable_amp = False
enable_scaler = True
transform = None
train_after_converge = True
positive_sampling = True
model_name_custom = -
data_augmentation = False
Q = 8
K = 3
P = 20
embedding_size = 64
n_layers = 4
reg_weight = 0.001
eps = 0.4
gamma = 0.01
numerical_features = []
discretization = None
MODEL_TYPE = ModelType.GENERAL
MODEL_INPUT_TYPE = InputType.PAIRWISE
eval_type = EvaluatorType.RANKING
single_spec = True
local_rank = 0
device = cuda
eval_neg_sample_args = {'distribution': 'uniform', 'sample_num': 'none'}


Wed 10 Jul 2024 16:25:25 INFO  lastfm
The number of users: 1893
Average actions of users: 49.06659619450317
The number of items: 17633
Average actions of items: 5.265086206896552
The number of inters: 92834
The sparsity of the dataset: 99.72188126708227%
Remain Fields: ['user_id', 'artist_id']
Wed 10 Jul 2024 16:25:25 INFO  [Training]: train_batch_size = [2048] train_neg_sample_args: [{'distribution': 'uniform', 'sample_num': 5, 'alpha': 1.0, 'dynamic': False, 'candidate_num': 0}]
Wed 10 Jul 2024 16:25:25 INFO  [Evaluation]: eval_batch_size = [4096] eval_args: [{'split': {'RS': [0.8, 0.1, 0.1]}, 'group_by': 'user', 'order': 'RO', 'mode': 'full'}]
Wed 10 Jul 2024 16:25:26 INFO  ANS(
  (user_embedding): Embedding(1893, 64)
  (item_embedding): Embedding(17633, 64)
  (mf_loss): BPRLoss()
  (reg_loss): EmbLoss()
  (user_gate): Linear(in_features=64, out_features=64, bias=True)
  (item_gate): Linear(in_features=64, out_features=64, bias=True)
  (pos_gate): Linear(in_features=64, out_features=64, bias=True)
  (neg_gate): Linear(in_features=64, out_features=64, bias=True)
  (hard_gate): Linear(in_features=64, out_features=64, bias=True)
  (conf_gate): Linear(in_features=64, out_features=64, bias=True)
  (easy_gate): Linear(in_features=64, out_features=64, bias=True)
  (margin_model): Linear(in_features=64, out_features=1, bias=True)
)
Trainable parameters: 1278849
Wed 10 Jul 2024 16:25:26 INFO  FLOPs: 0.0
Wed 10 Jul 2024 16:25:31 INFO  epoch 0 training [time: 3.82s, train loss: 129.6518]
Wed 10 Jul 2024 16:25:34 INFO  epoch 0 evaluating [time: 2.33s, valid_score: 0.001000]
Wed 10 Jul 2024 16:25:34 INFO  valid result: 
recall@10 : 0.001    recall@20 : 0.001    ndcg@10 : 0.0    ndcg@20 : 0.001    mrr@10 : 0.001    mrr@20 : 0.001    hit@10 : 0.003    hit@20 : 0.007    precision@10 : 0.0    precision@20 : 0.0
Wed 10 Jul 2024 16:25:34 INFO  Saving current: saved/ANS-Jul-10-2024_16-25-27.pth
Wed 10 Jul 2024 16:25:37 INFO  epoch 1 training [time: 2.75s, train loss: 129.0940]
Wed 10 Jul 2024 16:25:39 INFO  epoch 1 evaluating [time: 2.21s, valid_score: 0.039000]
Wed 10 Jul 2024 16:25:39 INFO  valid result: 
recall@10 : 0.025    recall@20 : 0.039    ndcg@10 : 0.021    ndcg@20 : 0.027    mrr@10 : 0.039    mrr@20 : 0.042    hit@10 : 0.104    hit@20 : 0.149    precision@10 : 0.012    precision@20 : 0.009
Wed 10 Jul 2024 16:25:39 INFO  Saving current: saved/ANS-Jul-10-2024_16-25-27.pth
Wed 10 Jul 2024 16:25:41 INFO  epoch 2 training [time: 2.39s, train loss: 126.2645]
Wed 10 Jul 2024 16:25:43 INFO  epoch 2 evaluating [time: 2.20s, valid_score: 0.094000]
Wed 10 Jul 2024 16:25:43 INFO  valid result: 
recall@10 : 0.063    recall@20 : 0.094    ndcg@10 : 0.055    ndcg@20 : 0.069    mrr@10 : 0.097    mrr@20 : 0.101    hit@10 : 0.219    hit@20 : 0.283    precision@10 : 0.031    precision@20 : 0.023
Wed 10 Jul 2024 16:25:43 INFO  Saving current: saved/ANS-Jul-10-2024_16-25-27.pth
Wed 10 Jul 2024 16:25:46 INFO  epoch 3 training [time: 2.42s, train loss: 118.4035]
Wed 10 Jul 2024 16:25:48 INFO  epoch 3 evaluating [time: 2.18s, valid_score: 0.106000]
Wed 10 Jul 2024 16:25:48 INFO  valid result: 
recall@10 : 0.072    recall@20 : 0.106    ndcg@10 : 0.063    ndcg@20 : 0.078    mrr@10 : 0.111    mrr@20 : 0.116    hit@10 : 0.24    hit@20 : 0.312    precision@10 : 0.036    precision@20 : 0.026
Wed 10 Jul 2024 16:25:48 INFO  Saving current: saved/ANS-Jul-10-2024_16-25-27.pth
Wed 10 Jul 2024 16:25:50 INFO  epoch 4 training [time: 2.38s, train loss: 108.1649]
Wed 10 Jul 2024 16:25:53 INFO  epoch 4 evaluating [time: 2.18s, valid_score: 0.117000]
Wed 10 Jul 2024 16:25:53 INFO  valid result: 
recall@10 : 0.08    recall@20 : 0.117    ndcg@10 : 0.069    ndcg@20 : 0.084    mrr@10 : 0.117    mrr@20 : 0.123    hit@10 : 0.277    hit@20 : 0.357    precision@10 : 0.04    precision@20 : 0.029
Wed 10 Jul 2024 16:25:53 INFO  Saving current: saved/ANS-Jul-10-2024_16-25-27.pth
Wed 10 Jul 2024 16:25:55 INFO  epoch 5 training [time: 2.44s, train loss: 100.0093]
Wed 10 Jul 2024 16:25:57 INFO  epoch 5 evaluating [time: 2.17s, valid_score: 0.134000]
Wed 10 Jul 2024 16:25:57 INFO  valid result: 
recall@10 : 0.09    recall@20 : 0.134    ndcg@10 : 0.076    ndcg@20 : 0.095    mrr@10 : 0.131    mrr@20 : 0.138    hit@10 : 0.32    hit@20 : 0.416    precision@10 : 0.044    precision@20 : 0.033
Wed 10 Jul 2024 16:25:57 INFO  Saving current: saved/ANS-Jul-10-2024_16-25-27.pth
Wed 10 Jul 2024 16:26:00 INFO  epoch 6 training [time: 2.30s, train loss: 94.7947]
Wed 10 Jul 2024 16:26:02 INFO  epoch 6 evaluating [time: 2.11s, valid_score: 0.149000]
Wed 10 Jul 2024 16:26:02 INFO  valid result: 
recall@10 : 0.096    recall@20 : 0.149    ndcg@10 : 0.083    ndcg@20 : 0.105    mrr@10 : 0.145    mrr@20 : 0.153    hit@10 : 0.343    hit@20 : 0.458    precision@10 : 0.047    precision@20 : 0.037
Wed 10 Jul 2024 16:26:02 INFO  Saving current: saved/ANS-Jul-10-2024_16-25-27.pth
Wed 10 Jul 2024 16:26:04 INFO  epoch 7 training [time: 2.31s, train loss: 90.8860]
Wed 10 Jul 2024 16:26:06 INFO  epoch 7 evaluating [time: 2.13s, valid_score: 0.155000]
Wed 10 Jul 2024 16:26:06 INFO  valid result: 
recall@10 : 0.102    recall@20 : 0.155    ndcg@10 : 0.087    ndcg@20 : 0.11    mrr@10 : 0.154    mrr@20 : 0.162    hit@10 : 0.364    hit@20 : 0.473    precision@10 : 0.05    precision@20 : 0.038
Wed 10 Jul 2024 16:26:06 INFO  Saving current: saved/ANS-Jul-10-2024_16-25-27.pth
Wed 10 Jul 2024 16:26:09 INFO  epoch 8 training [time: 2.29s, train loss: 88.0051]
Wed 10 Jul 2024 16:26:11 INFO  epoch 8 evaluating [time: 2.15s, valid_score: 0.159000]
Wed 10 Jul 2024 16:26:11 INFO  valid result: 
recall@10 : 0.102    recall@20 : 0.159    ndcg@10 : 0.083    ndcg@20 : 0.107    mrr@10 : 0.138    mrr@20 : 0.147    hit@10 : 0.367    hit@20 : 0.484    precision@10 : 0.05    precision@20 : 0.039
Wed 10 Jul 2024 16:26:11 INFO  Saving current: saved/ANS-Jul-10-2024_16-25-27.pth
Wed 10 Jul 2024 16:26:13 INFO  epoch 9 training [time: 2.47s, train loss: 85.4951]
Wed 10 Jul 2024 16:26:15 INFO  epoch 9 evaluating [time: 2.20s, valid_score: 0.161000]
Wed 10 Jul 2024 16:26:15 INFO  valid result: 
recall@10 : 0.103    recall@20 : 0.161    ndcg@10 : 0.083    ndcg@20 : 0.108    mrr@10 : 0.139    mrr@20 : 0.148    hit@10 : 0.374    hit@20 : 0.493    precision@10 : 0.051    precision@20 : 0.04
Wed 10 Jul 2024 16:26:15 INFO  Saving current: saved/ANS-Jul-10-2024_16-25-27.pth
Wed 10 Jul 2024 16:26:18 INFO  epoch 10 training [time: 2.40s, train loss: 83.0593]
Wed 10 Jul 2024 16:26:20 INFO  epoch 10 evaluating [time: 2.22s, valid_score: 0.160000]
Wed 10 Jul 2024 16:26:20 INFO  valid result: 
recall@10 : 0.101    recall@20 : 0.16    ndcg@10 : 0.082    ndcg@20 : 0.107    mrr@10 : 0.141    mrr@20 : 0.15    hit@10 : 0.367    hit@20 : 0.491    precision@10 : 0.05    precision@20 : 0.039
Wed 10 Jul 2024 16:26:23 INFO  epoch 11 training [time: 2.54s, train loss: 81.2530]
Wed 10 Jul 2024 16:26:25 INFO  epoch 11 evaluating [time: 2.21s, valid_score: 0.158000]
Wed 10 Jul 2024 16:26:25 INFO  valid result: 
recall@10 : 0.098    recall@20 : 0.158    ndcg@10 : 0.08    ndcg@20 : 0.106    mrr@10 : 0.14    mrr@20 : 0.149    hit@10 : 0.36    hit@20 : 0.492    precision@10 : 0.048    precision@20 : 0.039
Wed 10 Jul 2024 16:26:27 INFO  epoch 12 training [time: 2.46s, train loss: 79.6032]
Wed 10 Jul 2024 16:26:30 INFO  epoch 12 evaluating [time: 2.23s, valid_score: 0.153000]
Wed 10 Jul 2024 16:26:30 INFO  valid result: 
recall@10 : 0.092    recall@20 : 0.153    ndcg@10 : 0.076    ndcg@20 : 0.102    mrr@10 : 0.137    mrr@20 : 0.146    hit@10 : 0.349    hit@20 : 0.49    precision@10 : 0.045    precision@20 : 0.038
Wed 10 Jul 2024 16:26:32 INFO  epoch 13 training [time: 2.41s, train loss: 77.9766]
Wed 10 Jul 2024 16:26:34 INFO  epoch 13 evaluating [time: 2.20s, valid_score: 0.152000]
Wed 10 Jul 2024 16:26:34 INFO  valid result: 
recall@10 : 0.089    recall@20 : 0.152    ndcg@10 : 0.072    ndcg@20 : 0.099    mrr@10 : 0.127    mrr@20 : 0.138    hit@10 : 0.341    hit@20 : 0.491    precision@10 : 0.044    precision@20 : 0.037
Wed 10 Jul 2024 16:26:37 INFO  epoch 14 training [time: 2.52s, train loss: 76.3143]
Wed 10 Jul 2024 16:26:39 INFO  epoch 14 evaluating [time: 2.23s, valid_score: 0.150000]
Wed 10 Jul 2024 16:26:39 INFO  valid result: 
recall@10 : 0.088    recall@20 : 0.15    ndcg@10 : 0.069    ndcg@20 : 0.096    mrr@10 : 0.12    mrr@20 : 0.13    hit@10 : 0.342    hit@20 : 0.492    precision@10 : 0.043    precision@20 : 0.037
Wed 10 Jul 2024 16:26:41 INFO  epoch 15 training [time: 2.49s, train loss: 74.6130]
Wed 10 Jul 2024 16:26:44 INFO  epoch 15 evaluating [time: 2.20s, valid_score: 0.148000]
Wed 10 Jul 2024 16:26:44 INFO  valid result: 
recall@10 : 0.086    recall@20 : 0.148    ndcg@10 : 0.07    ndcg@20 : 0.096    mrr@10 : 0.124    mrr@20 : 0.135    hit@10 : 0.337    hit@20 : 0.485    precision@10 : 0.042    precision@20 : 0.036
Wed 10 Jul 2024 16:26:46 INFO  epoch 16 training [time: 2.52s, train loss: 73.1713]
Wed 10 Jul 2024 16:26:48 INFO  epoch 16 evaluating [time: 2.23s, valid_score: 0.148000]
Wed 10 Jul 2024 16:26:48 INFO  valid result: 
recall@10 : 0.087    recall@20 : 0.148    ndcg@10 : 0.071    ndcg@20 : 0.096    mrr@10 : 0.127    mrr@20 : 0.137    hit@10 : 0.343    hit@20 : 0.488    precision@10 : 0.043    precision@20 : 0.036
Wed 10 Jul 2024 16:26:51 INFO  epoch 17 training [time: 2.96s, train loss: 72.2420]
Wed 10 Jul 2024 16:26:54 INFO  epoch 17 evaluating [time: 2.26s, valid_score: 0.147000]
Wed 10 Jul 2024 16:26:54 INFO  valid result: 
recall@10 : 0.086    recall@20 : 0.147    ndcg@10 : 0.071    ndcg@20 : 0.097    mrr@10 : 0.129    mrr@20 : 0.14    hit@10 : 0.337    hit@20 : 0.49    precision@10 : 0.042    precision@20 : 0.036
Wed 10 Jul 2024 16:26:56 INFO  epoch 18 training [time: 2.93s, train loss: 70.8596]
Wed 10 Jul 2024 16:26:59 INFO  epoch 18 evaluating [time: 2.20s, valid_score: 0.143000]
Wed 10 Jul 2024 16:26:59 INFO  valid result: 
recall@10 : 0.084    recall@20 : 0.143    ndcg@10 : 0.07    ndcg@20 : 0.096    mrr@10 : 0.131    mrr@20 : 0.141    hit@10 : 0.334    hit@20 : 0.486    precision@10 : 0.041    precision@20 : 0.035
Wed 10 Jul 2024 16:27:02 INFO  epoch 19 training [time: 2.87s, train loss: 69.4325]
Wed 10 Jul 2024 16:27:04 INFO  epoch 19 evaluating [time: 2.19s, valid_score: 0.142000]
Wed 10 Jul 2024 16:27:04 INFO  valid result: 
recall@10 : 0.085    recall@20 : 0.142    ndcg@10 : 0.072    ndcg@20 : 0.096    mrr@10 : 0.132    mrr@20 : 0.143    hit@10 : 0.335    hit@20 : 0.487    precision@10 : 0.042    precision@20 : 0.035
Wed 10 Jul 2024 16:27:07 INFO  epoch 20 training [time: 2.94s, train loss: 68.0676]
Wed 10 Jul 2024 16:27:09 INFO  epoch 20 evaluating [time: 2.29s, valid_score: 0.140000]
Wed 10 Jul 2024 16:27:09 INFO  valid result: 
recall@10 : 0.085    recall@20 : 0.14    ndcg@10 : 0.072    ndcg@20 : 0.095    mrr@10 : 0.133    mrr@20 : 0.144    hit@10 : 0.335    hit@20 : 0.483    precision@10 : 0.042    precision@20 : 0.034
Wed 10 Jul 2024 16:27:12 INFO  epoch 21 training [time: 2.87s, train loss: 67.1507]
Wed 10 Jul 2024 16:27:14 INFO  epoch 21 evaluating [time: 2.21s, valid_score: 0.136000]
Wed 10 Jul 2024 16:27:14 INFO  valid result: 
recall@10 : 0.082    recall@20 : 0.136    ndcg@10 : 0.07    ndcg@20 : 0.092    mrr@10 : 0.13    mrr@20 : 0.14    hit@10 : 0.327    hit@20 : 0.475    precision@10 : 0.041    precision@20 : 0.034
Wed 10 Jul 2024 16:27:17 INFO  epoch 22 training [time: 2.78s, train loss: 65.9512]
Wed 10 Jul 2024 16:27:19 INFO  epoch 22 evaluating [time: 2.28s, valid_score: 0.139000]
Wed 10 Jul 2024 16:27:19 INFO  valid result: 
recall@10 : 0.085    recall@20 : 0.139    ndcg@10 : 0.07    ndcg@20 : 0.093    mrr@10 : 0.128    mrr@20 : 0.138    hit@10 : 0.334    hit@20 : 0.481    precision@10 : 0.042    precision@20 : 0.034
Wed 10 Jul 2024 16:27:22 INFO  epoch 23 training [time: 2.42s, train loss: 64.8759]
Wed 10 Jul 2024 16:27:24 INFO  epoch 23 evaluating [time: 2.26s, valid_score: 0.139000]
Wed 10 Jul 2024 16:27:24 INFO  valid result: 
recall@10 : 0.081    recall@20 : 0.139    ndcg@10 : 0.068    ndcg@20 : 0.092    mrr@10 : 0.123    mrr@20 : 0.134    hit@10 : 0.326    hit@20 : 0.482    precision@10 : 0.04    precision@20 : 0.034
Wed 10 Jul 2024 16:27:26 INFO  epoch 24 training [time: 2.42s, train loss: 63.6637]
Wed 10 Jul 2024 16:27:28 INFO  epoch 24 evaluating [time: 2.28s, valid_score: 0.138000]
Wed 10 Jul 2024 16:27:28 INFO  valid result: 
recall@10 : 0.084    recall@20 : 0.138    ndcg@10 : 0.069    ndcg@20 : 0.092    mrr@10 : 0.125    mrr@20 : 0.135    hit@10 : 0.335    hit@20 : 0.482    precision@10 : 0.042    precision@20 : 0.034
Wed 10 Jul 2024 16:27:31 INFO  epoch 25 training [time: 2.50s, train loss: 62.8244]
Wed 10 Jul 2024 16:27:33 INFO  epoch 25 evaluating [time: 2.20s, valid_score: 0.136000]
Wed 10 Jul 2024 16:27:33 INFO  valid result: 
recall@10 : 0.084    recall@20 : 0.136    ndcg@10 : 0.068    ndcg@20 : 0.09    mrr@10 : 0.121    mrr@20 : 0.13    hit@10 : 0.336    hit@20 : 0.473    precision@10 : 0.042    precision@20 : 0.033
Wed 10 Jul 2024 16:27:36 INFO  epoch 26 training [time: 2.37s, train loss: 61.8587]
Wed 10 Jul 2024 16:27:38 INFO  epoch 26 evaluating [time: 2.20s, valid_score: 0.135000]
Wed 10 Jul 2024 16:27:38 INFO  valid result: 
recall@10 : 0.082    recall@20 : 0.135    ndcg@10 : 0.067    ndcg@20 : 0.09    mrr@10 : 0.121    mrr@20 : 0.131    hit@10 : 0.33    hit@20 : 0.475    precision@10 : 0.041    precision@20 : 0.033
Wed 10 Jul 2024 16:27:40 INFO  epoch 27 training [time: 2.40s, train loss: 61.3916]
Wed 10 Jul 2024 16:27:42 INFO  epoch 27 evaluating [time: 2.20s, valid_score: 0.137000]
Wed 10 Jul 2024 16:27:42 INFO  valid result: 
recall@10 : 0.08    recall@20 : 0.137    ndcg@10 : 0.066    ndcg@20 : 0.09    mrr@10 : 0.12    mrr@20 : 0.131    hit@10 : 0.327    hit@20 : 0.476    precision@10 : 0.04    precision@20 : 0.034
Wed 10 Jul 2024 16:27:45 INFO  epoch 28 training [time: 2.38s, train loss: 60.2054]
Wed 10 Jul 2024 16:27:47 INFO  epoch 28 evaluating [time: 2.20s, valid_score: 0.136000]
Wed 10 Jul 2024 16:27:47 INFO  valid result: 
recall@10 : 0.079    recall@20 : 0.136    ndcg@10 : 0.065    ndcg@20 : 0.089    mrr@10 : 0.118    mrr@20 : 0.129    hit@10 : 0.314    hit@20 : 0.473    precision@10 : 0.039    precision@20 : 0.034
Wed 10 Jul 2024 16:27:49 INFO  epoch 29 training [time: 2.49s, train loss: 58.9954]
Wed 10 Jul 2024 16:27:52 INFO  epoch 29 evaluating [time: 2.31s, valid_score: 0.136000]
Wed 10 Jul 2024 16:27:52 INFO  valid result: 
recall@10 : 0.079    recall@20 : 0.136    ndcg@10 : 0.065    ndcg@20 : 0.089    mrr@10 : 0.116    mrr@20 : 0.127    hit@10 : 0.316    hit@20 : 0.484    precision@10 : 0.039    precision@20 : 0.034
Wed 10 Jul 2024 16:27:54 INFO  epoch 30 training [time: 2.42s, train loss: 58.1986]
Wed 10 Jul 2024 16:27:56 INFO  epoch 30 evaluating [time: 2.25s, valid_score: 0.137000]
Wed 10 Jul 2024 16:27:56 INFO  valid result: 
recall@10 : 0.079    recall@20 : 0.137    ndcg@10 : 0.064    ndcg@20 : 0.089    mrr@10 : 0.115    mrr@20 : 0.126    hit@10 : 0.314    hit@20 : 0.478    precision@10 : 0.039    precision@20 : 0.034
Wed 10 Jul 2024 16:27:59 INFO  epoch 31 training [time: 2.50s, train loss: 57.4634]
Wed 10 Jul 2024 16:28:01 INFO  epoch 31 evaluating [time: 2.31s, valid_score: 0.133000]
Wed 10 Jul 2024 16:28:01 INFO  valid result: 
recall@10 : 0.077    recall@20 : 0.133    ndcg@10 : 0.063    ndcg@20 : 0.087    mrr@10 : 0.113    mrr@20 : 0.125    hit@10 : 0.306    hit@20 : 0.472    precision@10 : 0.038    precision@20 : 0.033
Wed 10 Jul 2024 16:28:04 INFO  epoch 32 training [time: 2.66s, train loss: 56.9355]
Wed 10 Jul 2024 16:28:06 INFO  epoch 32 evaluating [time: 2.30s, valid_score: 0.134000]
Wed 10 Jul 2024 16:28:06 INFO  valid result: 
recall@10 : 0.076    recall@20 : 0.134    ndcg@10 : 0.064    ndcg@20 : 0.088    mrr@10 : 0.116    mrr@20 : 0.128    hit@10 : 0.306    hit@20 : 0.476    precision@10 : 0.038    precision@20 : 0.033
Wed 10 Jul 2024 16:28:09 INFO  epoch 33 training [time: 2.53s, train loss: 55.9077]
Wed 10 Jul 2024 16:28:11 INFO  epoch 33 evaluating [time: 2.22s, valid_score: 0.132000]
Wed 10 Jul 2024 16:28:11 INFO  valid result: 
recall@10 : 0.076    recall@20 : 0.132    ndcg@10 : 0.063    ndcg@20 : 0.087    mrr@10 : 0.116    mrr@20 : 0.127    hit@10 : 0.305    hit@20 : 0.471    precision@10 : 0.038    precision@20 : 0.032
Wed 10 Jul 2024 16:28:13 INFO  epoch 34 training [time: 2.47s, train loss: 55.2270]
Wed 10 Jul 2024 16:28:16 INFO  epoch 34 evaluating [time: 2.29s, valid_score: 0.132000]
Wed 10 Jul 2024 16:28:16 INFO  valid result: 
recall@10 : 0.075    recall@20 : 0.132    ndcg@10 : 0.063    ndcg@20 : 0.087    mrr@10 : 0.114    mrr@20 : 0.126    hit@10 : 0.297    hit@20 : 0.471    precision@10 : 0.037    precision@20 : 0.033
Wed 10 Jul 2024 16:28:18 INFO  epoch 35 training [time: 2.75s, train loss: 54.3626]
Wed 10 Jul 2024 16:28:21 INFO  epoch 35 evaluating [time: 2.31s, valid_score: 0.134000]
Wed 10 Jul 2024 16:28:21 INFO  valid result: 
recall@10 : 0.077    recall@20 : 0.134    ndcg@10 : 0.064    ndcg@20 : 0.088    mrr@10 : 0.115    mrr@20 : 0.127    hit@10 : 0.307    hit@20 : 0.476    precision@10 : 0.038    precision@20 : 0.033
Wed 10 Jul 2024 16:28:23 INFO  epoch 36 training [time: 2.51s, train loss: 53.4969]
Wed 10 Jul 2024 16:28:25 INFO  epoch 36 evaluating [time: 2.20s, valid_score: 0.134000]
Wed 10 Jul 2024 16:28:25 INFO  valid result: 
recall@10 : 0.077    recall@20 : 0.134    ndcg@10 : 0.064    ndcg@20 : 0.088    mrr@10 : 0.116    mrr@20 : 0.127    hit@10 : 0.307    hit@20 : 0.475    precision@10 : 0.039    precision@20 : 0.033
Wed 10 Jul 2024 16:28:28 INFO  epoch 37 training [time: 2.54s, train loss: 53.2387]
Wed 10 Jul 2024 16:28:30 INFO  epoch 37 evaluating [time: 2.20s, valid_score: 0.131000]
Wed 10 Jul 2024 16:28:30 INFO  valid result: 
recall@10 : 0.075    recall@20 : 0.131    ndcg@10 : 0.063    ndcg@20 : 0.086    mrr@10 : 0.113    mrr@20 : 0.125    hit@10 : 0.299    hit@20 : 0.467    precision@10 : 0.037    precision@20 : 0.032
Wed 10 Jul 2024 16:28:33 INFO  epoch 38 training [time: 2.78s, train loss: 52.3448]
Wed 10 Jul 2024 16:28:35 INFO  epoch 38 evaluating [time: 2.29s, valid_score: 0.130000]
Wed 10 Jul 2024 16:28:35 INFO  valid result: 
recall@10 : 0.076    recall@20 : 0.13    ndcg@10 : 0.063    ndcg@20 : 0.086    mrr@10 : 0.114    mrr@20 : 0.125    hit@10 : 0.302    hit@20 : 0.459    precision@10 : 0.038    precision@20 : 0.032
Wed 10 Jul 2024 16:28:38 INFO  epoch 39 training [time: 2.93s, train loss: 51.5885]
Wed 10 Jul 2024 16:28:40 INFO  epoch 39 evaluating [time: 2.19s, valid_score: 0.129000]
Wed 10 Jul 2024 16:28:40 INFO  valid result: 
recall@10 : 0.076    recall@20 : 0.129    ndcg@10 : 0.063    ndcg@20 : 0.086    mrr@10 : 0.114    mrr@20 : 0.125    hit@10 : 0.302    hit@20 : 0.459    precision@10 : 0.038    precision@20 : 0.032
Wed 10 Jul 2024 16:28:43 INFO  epoch 40 training [time: 2.93s, train loss: 50.9085]
Wed 10 Jul 2024 16:28:46 INFO  epoch 40 evaluating [time: 2.19s, valid_score: 0.129000]
Wed 10 Jul 2024 16:28:46 INFO  valid result: 
recall@10 : 0.076    recall@20 : 0.129    ndcg@10 : 0.063    ndcg@20 : 0.085    mrr@10 : 0.113    mrr@20 : 0.124    hit@10 : 0.299    hit@20 : 0.463    precision@10 : 0.038    precision@20 : 0.032
Wed 10 Jul 2024 16:28:49 INFO  epoch 41 training [time: 2.98s, train loss: 50.5180]
Wed 10 Jul 2024 16:28:51 INFO  epoch 41 evaluating [time: 2.19s, valid_score: 0.127000]
Wed 10 Jul 2024 16:28:51 INFO  valid result: 
recall@10 : 0.075    recall@20 : 0.127    ndcg@10 : 0.063    ndcg@20 : 0.085    mrr@10 : 0.114    mrr@20 : 0.126    hit@10 : 0.296    hit@20 : 0.459    precision@10 : 0.037    precision@20 : 0.031
Wed 10 Jul 2024 16:28:54 INFO  epoch 42 training [time: 3.19s, train loss: 50.3190]
Wed 10 Jul 2024 16:28:56 INFO  epoch 42 evaluating [time: 2.28s, valid_score: 0.127000]
Wed 10 Jul 2024 16:28:56 INFO  valid result: 
recall@10 : 0.075    recall@20 : 0.127    ndcg@10 : 0.063    ndcg@20 : 0.085    mrr@10 : 0.115    mrr@20 : 0.127    hit@10 : 0.297    hit@20 : 0.458    precision@10 : 0.037    precision@20 : 0.031
Wed 10 Jul 2024 16:28:59 INFO  epoch 43 training [time: 2.53s, train loss: 49.1531]
Wed 10 Jul 2024 16:29:01 INFO  epoch 43 evaluating [time: 2.26s, valid_score: 0.127000]
Wed 10 Jul 2024 16:29:01 INFO  valid result: 
recall@10 : 0.075    recall@20 : 0.127    ndcg@10 : 0.064    ndcg@20 : 0.086    mrr@10 : 0.117    mrr@20 : 0.128    hit@10 : 0.297    hit@20 : 0.456    precision@10 : 0.037    precision@20 : 0.031
Wed 10 Jul 2024 16:29:03 INFO  epoch 44 training [time: 2.50s, train loss: 48.6258]
Wed 10 Jul 2024 16:29:06 INFO  epoch 44 evaluating [time: 2.20s, valid_score: 0.128000]
Wed 10 Jul 2024 16:29:06 INFO  valid result: 
recall@10 : 0.073    recall@20 : 0.128    ndcg@10 : 0.063    ndcg@20 : 0.086    mrr@10 : 0.116    mrr@20 : 0.127    hit@10 : 0.292    hit@20 : 0.461    precision@10 : 0.037    precision@20 : 0.032
Wed 10 Jul 2024 16:29:08 INFO  epoch 45 training [time: 2.44s, train loss: 47.6993]
Wed 10 Jul 2024 16:29:10 INFO  epoch 45 evaluating [time: 2.23s, valid_score: 0.129000]
Wed 10 Jul 2024 16:29:10 INFO  valid result: 
recall@10 : 0.075    recall@20 : 0.129    ndcg@10 : 0.064    ndcg@20 : 0.086    mrr@10 : 0.117    mrr@20 : 0.128    hit@10 : 0.296    hit@20 : 0.463    precision@10 : 0.037    precision@20 : 0.032
Wed 10 Jul 2024 16:29:13 INFO  epoch 46 training [time: 2.58s, train loss: 47.6328]
Wed 10 Jul 2024 16:29:15 INFO  epoch 46 evaluating [time: 2.26s, valid_score: 0.128000]
Wed 10 Jul 2024 16:29:15 INFO  valid result: 
recall@10 : 0.075    recall@20 : 0.128    ndcg@10 : 0.064    ndcg@20 : 0.086    mrr@10 : 0.118    mrr@20 : 0.129    hit@10 : 0.298    hit@20 : 0.461    precision@10 : 0.037    precision@20 : 0.031
Wed 10 Jul 2024 16:29:18 INFO  epoch 47 training [time: 2.48s, train loss: 46.7311]
Wed 10 Jul 2024 16:29:20 INFO  epoch 47 evaluating [time: 2.34s, valid_score: 0.126000]
Wed 10 Jul 2024 16:29:20 INFO  valid result: 
recall@10 : 0.074    recall@20 : 0.126    ndcg@10 : 0.063    ndcg@20 : 0.085    mrr@10 : 0.117    mrr@20 : 0.128    hit@10 : 0.297    hit@20 : 0.454    precision@10 : 0.037    precision@20 : 0.031
Wed 10 Jul 2024 16:29:23 INFO  epoch 48 training [time: 2.52s, train loss: 46.1589]
Wed 10 Jul 2024 16:29:25 INFO  epoch 48 evaluating [time: 2.20s, valid_score: 0.127000]
Wed 10 Jul 2024 16:29:25 INFO  valid result: 
recall@10 : 0.075    recall@20 : 0.127    ndcg@10 : 0.064    ndcg@20 : 0.086    mrr@10 : 0.118    mrr@20 : 0.129    hit@10 : 0.302    hit@20 : 0.456    precision@10 : 0.037    precision@20 : 0.031
Wed 10 Jul 2024 16:29:27 INFO  epoch 49 training [time: 2.54s, train loss: 46.0970]
Wed 10 Jul 2024 16:29:29 INFO  epoch 49 evaluating [time: 2.22s, valid_score: 0.125000]
Wed 10 Jul 2024 16:29:29 INFO  valid result: 
recall@10 : 0.075    recall@20 : 0.125    ndcg@10 : 0.064    ndcg@20 : 0.085    mrr@10 : 0.118    mrr@20 : 0.128    hit@10 : 0.303    hit@20 : 0.451    precision@10 : 0.037    precision@20 : 0.031
Wed 10 Jul 2024 16:29:32 INFO  epoch 50 training [time: 2.41s, train loss: 45.4225]
Wed 10 Jul 2024 16:29:34 INFO  epoch 50 evaluating [time: 2.21s, valid_score: 0.127000]
Wed 10 Jul 2024 16:29:34 INFO  valid result: 
recall@10 : 0.076    recall@20 : 0.127    ndcg@10 : 0.065    ndcg@20 : 0.086    mrr@10 : 0.12    mrr@20 : 0.13    hit@10 : 0.305    hit@20 : 0.458    precision@10 : 0.038    precision@20 : 0.031
Wed 10 Jul 2024 16:29:36 INFO  epoch 51 training [time: 2.39s, train loss: 44.7980]
Wed 10 Jul 2024 16:29:39 INFO  epoch 51 evaluating [time: 2.18s, valid_score: 0.127000]
Wed 10 Jul 2024 16:29:39 INFO  valid result: 
recall@10 : 0.077    recall@20 : 0.127    ndcg@10 : 0.065    ndcg@20 : 0.086    mrr@10 : 0.12    mrr@20 : 0.13    hit@10 : 0.31    hit@20 : 0.46    precision@10 : 0.038    precision@20 : 0.031
Wed 10 Jul 2024 16:29:41 INFO  epoch 52 training [time: 2.42s, train loss: 44.1388]
Wed 10 Jul 2024 16:29:43 INFO  epoch 52 evaluating [time: 2.21s, valid_score: 0.126000]
Wed 10 Jul 2024 16:29:43 INFO  valid result: 
recall@10 : 0.077    recall@20 : 0.126    ndcg@10 : 0.065    ndcg@20 : 0.085    mrr@10 : 0.119    mrr@20 : 0.129    hit@10 : 0.311    hit@20 : 0.456    precision@10 : 0.038    precision@20 : 0.031
Wed 10 Jul 2024 16:29:46 INFO  epoch 53 training [time: 2.47s, train loss: 43.8302]
Wed 10 Jul 2024 16:29:48 INFO  epoch 53 evaluating [time: 2.20s, valid_score: 0.127000]
Wed 10 Jul 2024 16:29:48 INFO  valid result: 
recall@10 : 0.075    recall@20 : 0.127    ndcg@10 : 0.064    ndcg@20 : 0.086    mrr@10 : 0.119    mrr@20 : 0.13    hit@10 : 0.304    hit@20 : 0.461    precision@10 : 0.037    precision@20 : 0.031
Wed 10 Jul 2024 16:29:50 INFO  epoch 54 training [time: 2.42s, train loss: 43.2165]
Wed 10 Jul 2024 16:29:53 INFO  epoch 54 evaluating [time: 2.19s, valid_score: 0.126000]
Wed 10 Jul 2024 16:29:53 INFO  valid result: 
recall@10 : 0.076    recall@20 : 0.126    ndcg@10 : 0.065    ndcg@20 : 0.086    mrr@10 : 0.119    mrr@20 : 0.13    hit@10 : 0.307    hit@20 : 0.458    precision@10 : 0.038    precision@20 : 0.031
Wed 10 Jul 2024 16:29:55 INFO  epoch 55 training [time: 2.48s, train loss: 43.3449]
Wed 10 Jul 2024 16:29:57 INFO  epoch 55 evaluating [time: 2.20s, valid_score: 0.125000]
Wed 10 Jul 2024 16:29:57 INFO  valid result: 
recall@10 : 0.077    recall@20 : 0.125    ndcg@10 : 0.065    ndcg@20 : 0.085    mrr@10 : 0.119    mrr@20 : 0.128    hit@10 : 0.311    hit@20 : 0.458    precision@10 : 0.039    precision@20 : 0.031
Wed 10 Jul 2024 16:30:00 INFO  epoch 56 training [time: 2.59s, train loss: 42.3538]
Wed 10 Jul 2024 16:30:02 INFO  epoch 56 evaluating [time: 2.30s, valid_score: 0.124000]
Wed 10 Jul 2024 16:30:02 INFO  valid result: 
recall@10 : 0.076    recall@20 : 0.124    ndcg@10 : 0.064    ndcg@20 : 0.085    mrr@10 : 0.118    mrr@20 : 0.128    hit@10 : 0.307    hit@20 : 0.456    precision@10 : 0.038    precision@20 : 0.031
Wed 10 Jul 2024 16:30:05 INFO  epoch 57 training [time: 2.53s, train loss: 41.6993]
Wed 10 Jul 2024 16:30:07 INFO  epoch 57 evaluating [time: 2.29s, valid_score: 0.125000]
Wed 10 Jul 2024 16:30:07 INFO  valid result: 
recall@10 : 0.077    recall@20 : 0.125    ndcg@10 : 0.065    ndcg@20 : 0.085    mrr@10 : 0.121    mrr@20 : 0.131    hit@10 : 0.314    hit@20 : 0.46    precision@10 : 0.038    precision@20 : 0.031
Wed 10 Jul 2024 16:30:10 INFO  epoch 58 training [time: 2.63s, train loss: 40.8985]
Wed 10 Jul 2024 16:30:12 INFO  epoch 58 evaluating [time: 2.19s, valid_score: 0.125000]
Wed 10 Jul 2024 16:30:12 INFO  valid result: 
recall@10 : 0.078    recall@20 : 0.125    ndcg@10 : 0.065    ndcg@20 : 0.085    mrr@10 : 0.119    mrr@20 : 0.129    hit@10 : 0.317    hit@20 : 0.461    precision@10 : 0.039    precision@20 : 0.031
Wed 10 Jul 2024 16:30:15 INFO  epoch 59 training [time: 3.44s, train loss: 41.3491]
Wed 10 Jul 2024 16:30:17 INFO  epoch 59 evaluating [time: 2.24s, valid_score: 0.125000]
Wed 10 Jul 2024 16:30:17 INFO  valid result: 
recall@10 : 0.078    recall@20 : 0.125    ndcg@10 : 0.066    ndcg@20 : 0.086    mrr@10 : 0.123    mrr@20 : 0.133    hit@10 : 0.315    hit@20 : 0.459    precision@10 : 0.039    precision@20 : 0.031
Wed 10 Jul 2024 16:30:20 INFO  epoch 60 training [time: 2.85s, train loss: 40.6339]
Wed 10 Jul 2024 16:30:23 INFO  epoch 60 evaluating [time: 2.20s, valid_score: 0.124000]
Wed 10 Jul 2024 16:30:23 INFO  valid result: 
recall@10 : 0.077    recall@20 : 0.124    ndcg@10 : 0.065    ndcg@20 : 0.085    mrr@10 : 0.121    mrr@20 : 0.131    hit@10 : 0.311    hit@20 : 0.457    precision@10 : 0.038    precision@20 : 0.031
Wed 10 Jul 2024 16:30:27 INFO  epoch 61 training [time: 4.28s, train loss: 40.2038]
Wed 10 Jul 2024 16:30:29 INFO  epoch 61 evaluating [time: 2.25s, valid_score: 0.125000]
Wed 10 Jul 2024 16:30:29 INFO  valid result: 
recall@10 : 0.076    recall@20 : 0.125    ndcg@10 : 0.065    ndcg@20 : 0.086    mrr@10 : 0.121    mrr@20 : 0.132    hit@10 : 0.305    hit@20 : 0.458    precision@10 : 0.038    precision@20 : 0.031
Wed 10 Jul 2024 16:30:32 INFO  epoch 62 training [time: 3.06s, train loss: 40.0179]
Wed 10 Jul 2024 16:30:34 INFO  epoch 62 evaluating [time: 2.20s, valid_score: 0.126000]
Wed 10 Jul 2024 16:30:34 INFO  valid result: 
recall@10 : 0.076    recall@20 : 0.126    ndcg@10 : 0.064    ndcg@20 : 0.086    mrr@10 : 0.119    mrr@20 : 0.13    hit@10 : 0.303    hit@20 : 0.46    precision@10 : 0.038    precision@20 : 0.031
Wed 10 Jul 2024 16:30:37 INFO  epoch 63 training [time: 2.68s, train loss: 38.9356]
Wed 10 Jul 2024 16:30:39 INFO  epoch 63 evaluating [time: 2.28s, valid_score: 0.126000]
Wed 10 Jul 2024 16:30:39 INFO  valid result: 
recall@10 : 0.075    recall@20 : 0.126    ndcg@10 : 0.065    ndcg@20 : 0.086    mrr@10 : 0.121    mrr@20 : 0.132    hit@10 : 0.304    hit@20 : 0.459    precision@10 : 0.038    precision@20 : 0.031
Wed 10 Jul 2024 16:30:42 INFO  epoch 64 training [time: 2.39s, train loss: 39.2652]
Wed 10 Jul 2024 16:30:44 INFO  epoch 64 evaluating [time: 2.25s, valid_score: 0.125000]
Wed 10 Jul 2024 16:30:44 INFO  valid result: 
recall@10 : 0.075    recall@20 : 0.125    ndcg@10 : 0.065    ndcg@20 : 0.086    mrr@10 : 0.121    mrr@20 : 0.132    hit@10 : 0.301    hit@20 : 0.46    precision@10 : 0.038    precision@20 : 0.031
Wed 10 Jul 2024 16:30:46 INFO  epoch 65 training [time: 2.40s, train loss: 38.5783]
Wed 10 Jul 2024 16:30:48 INFO  epoch 65 evaluating [time: 2.19s, valid_score: 0.127000]
Wed 10 Jul 2024 16:30:48 INFO  valid result: 
recall@10 : 0.075    recall@20 : 0.127    ndcg@10 : 0.065    ndcg@20 : 0.086    mrr@10 : 0.122    mrr@20 : 0.132    hit@10 : 0.303    hit@20 : 0.462    precision@10 : 0.038    precision@20 : 0.031
Wed 10 Jul 2024 16:30:51 INFO  epoch 66 training [time: 2.38s, train loss: 38.3543]
Wed 10 Jul 2024 16:30:53 INFO  epoch 66 evaluating [time: 2.21s, valid_score: 0.127000]
Wed 10 Jul 2024 16:30:53 INFO  valid result: 
recall@10 : 0.076    recall@20 : 0.127    ndcg@10 : 0.065    ndcg@20 : 0.087    mrr@10 : 0.123    mrr@20 : 0.133    hit@10 : 0.307    hit@20 : 0.464    precision@10 : 0.038    precision@20 : 0.031
Wed 10 Jul 2024 16:30:55 INFO  epoch 67 training [time: 2.40s, train loss: 37.7870]
Wed 10 Jul 2024 16:30:58 INFO  epoch 67 evaluating [time: 2.20s, valid_score: 0.128000]
Wed 10 Jul 2024 16:30:58 INFO  valid result: 
recall@10 : 0.075    recall@20 : 0.128    ndcg@10 : 0.065    ndcg@20 : 0.087    mrr@10 : 0.123    mrr@20 : 0.134    hit@10 : 0.307    hit@20 : 0.465    precision@10 : 0.037    precision@20 : 0.032
Wed 10 Jul 2024 16:31:00 INFO  epoch 68 training [time: 2.38s, train loss: 37.8593]
Wed 10 Jul 2024 16:31:02 INFO  epoch 68 evaluating [time: 2.20s, valid_score: 0.128000]
Wed 10 Jul 2024 16:31:02 INFO  valid result: 
recall@10 : 0.076    recall@20 : 0.128    ndcg@10 : 0.065    ndcg@20 : 0.087    mrr@10 : 0.123    mrr@20 : 0.134    hit@10 : 0.306    hit@20 : 0.465    precision@10 : 0.038    precision@20 : 0.032
Wed 10 Jul 2024 16:31:05 INFO  epoch 69 training [time: 2.41s, train loss: 37.0187]
Wed 10 Jul 2024 16:31:07 INFO  epoch 69 evaluating [time: 2.28s, valid_score: 0.126000]
Wed 10 Jul 2024 16:31:07 INFO  valid result: 
recall@10 : 0.076    recall@20 : 0.126    ndcg@10 : 0.066    ndcg@20 : 0.087    mrr@10 : 0.124    mrr@20 : 0.134    hit@10 : 0.312    hit@20 : 0.461    precision@10 : 0.038    precision@20 : 0.031
Wed 10 Jul 2024 16:31:09 INFO  epoch 70 training [time: 2.39s, train loss: 36.5986]
Wed 10 Jul 2024 16:31:12 INFO  epoch 70 evaluating [time: 2.27s, valid_score: 0.125000]
Wed 10 Jul 2024 16:31:12 INFO  valid result: 
recall@10 : 0.077    recall@20 : 0.125    ndcg@10 : 0.066    ndcg@20 : 0.086    mrr@10 : 0.124    mrr@20 : 0.133    hit@10 : 0.313    hit@20 : 0.454    precision@10 : 0.039    precision@20 : 0.031
Wed 10 Jul 2024 16:31:14 INFO  epoch 71 training [time: 2.43s, train loss: 36.7075]
Wed 10 Jul 2024 16:31:16 INFO  epoch 71 evaluating [time: 2.20s, valid_score: 0.125000]
Wed 10 Jul 2024 16:31:16 INFO  valid result: 
recall@10 : 0.077    recall@20 : 0.125    ndcg@10 : 0.066    ndcg@20 : 0.086    mrr@10 : 0.124    mrr@20 : 0.134    hit@10 : 0.311    hit@20 : 0.455    precision@10 : 0.038    precision@20 : 0.031
Wed 10 Jul 2024 16:31:19 INFO  epoch 72 training [time: 2.42s, train loss: 36.0875]
Wed 10 Jul 2024 16:31:21 INFO  epoch 72 evaluating [time: 2.27s, valid_score: 0.127000]
Wed 10 Jul 2024 16:31:21 INFO  valid result: 
recall@10 : 0.076    recall@20 : 0.127    ndcg@10 : 0.065    ndcg@20 : 0.087    mrr@10 : 0.122    mrr@20 : 0.132    hit@10 : 0.307    hit@20 : 0.458    precision@10 : 0.038    precision@20 : 0.031
Wed 10 Jul 2024 16:31:24 INFO  epoch 73 training [time: 2.57s, train loss: 35.8111]
Wed 10 Jul 2024 16:31:26 INFO  epoch 73 evaluating [time: 2.27s, valid_score: 0.126000]
Wed 10 Jul 2024 16:31:26 INFO  valid result: 
recall@10 : 0.077    recall@20 : 0.126    ndcg@10 : 0.066    ndcg@20 : 0.087    mrr@10 : 0.124    mrr@20 : 0.134    hit@10 : 0.31    hit@20 : 0.457    precision@10 : 0.038    precision@20 : 0.031
Wed 10 Jul 2024 16:31:28 INFO  epoch 74 training [time: 2.47s, train loss: 35.0105]
Wed 10 Jul 2024 16:31:30 INFO  epoch 74 evaluating [time: 2.22s, valid_score: 0.126000]
Wed 10 Jul 2024 16:31:30 INFO  valid result: 
recall@10 : 0.075    recall@20 : 0.126    ndcg@10 : 0.065    ndcg@20 : 0.086    mrr@10 : 0.123    mrr@20 : 0.134    hit@10 : 0.304    hit@20 : 0.459    precision@10 : 0.038    precision@20 : 0.031
Wed 10 Jul 2024 16:31:33 INFO  epoch 75 training [time: 2.47s, train loss: 35.1991]
Wed 10 Jul 2024 16:31:35 INFO  epoch 75 evaluating [time: 2.20s, valid_score: 0.125000]
Wed 10 Jul 2024 16:31:35 INFO  valid result: 
recall@10 : 0.075    recall@20 : 0.125    ndcg@10 : 0.065    ndcg@20 : 0.086    mrr@10 : 0.123    mrr@20 : 0.134    hit@10 : 0.304    hit@20 : 0.459    precision@10 : 0.037    precision@20 : 0.031
Wed 10 Jul 2024 16:31:38 INFO  epoch 76 training [time: 2.48s, train loss: 34.8025]
Wed 10 Jul 2024 16:31:40 INFO  epoch 76 evaluating [time: 2.19s, valid_score: 0.126000]
Wed 10 Jul 2024 16:31:40 INFO  valid result: 
recall@10 : 0.075    recall@20 : 0.126    ndcg@10 : 0.065    ndcg@20 : 0.086    mrr@10 : 0.123    mrr@20 : 0.134    hit@10 : 0.303    hit@20 : 0.457    precision@10 : 0.037    precision@20 : 0.031
Wed 10 Jul 2024 16:31:42 INFO  epoch 77 training [time: 2.49s, train loss: 34.4155]
Wed 10 Jul 2024 16:31:44 INFO  epoch 77 evaluating [time: 2.20s, valid_score: 0.126000]
Wed 10 Jul 2024 16:31:44 INFO  valid result: 
recall@10 : 0.075    recall@20 : 0.126    ndcg@10 : 0.065    ndcg@20 : 0.087    mrr@10 : 0.123    mrr@20 : 0.134    hit@10 : 0.302    hit@20 : 0.461    precision@10 : 0.037    precision@20 : 0.031
Wed 10 Jul 2024 16:31:47 INFO  epoch 78 training [time: 2.51s, train loss: 33.6106]
Wed 10 Jul 2024 16:31:49 INFO  epoch 78 evaluating [time: 2.19s, valid_score: 0.125000]
Wed 10 Jul 2024 16:31:49 INFO  valid result: 
recall@10 : 0.075    recall@20 : 0.125    ndcg@10 : 0.065    ndcg@20 : 0.086    mrr@10 : 0.123    mrr@20 : 0.134    hit@10 : 0.302    hit@20 : 0.459    precision@10 : 0.037    precision@20 : 0.031
Wed 10 Jul 2024 16:31:52 INFO  epoch 79 training [time: 2.81s, train loss: 33.5306]
Wed 10 Jul 2024 16:31:54 INFO  epoch 79 evaluating [time: 2.21s, valid_score: 0.125000]
Wed 10 Jul 2024 16:31:54 INFO  valid result: 
recall@10 : 0.075    recall@20 : 0.125    ndcg@10 : 0.065    ndcg@20 : 0.086    mrr@10 : 0.121    mrr@20 : 0.132    hit@10 : 0.302    hit@20 : 0.46    precision@10 : 0.037    precision@20 : 0.031
Wed 10 Jul 2024 16:31:57 INFO  epoch 80 training [time: 2.87s, train loss: 33.3418]
Wed 10 Jul 2024 16:31:59 INFO  epoch 80 evaluating [time: 2.21s, valid_score: 0.126000]
Wed 10 Jul 2024 16:31:59 INFO  valid result: 
recall@10 : 0.077    recall@20 : 0.126    ndcg@10 : 0.065    ndcg@20 : 0.086    mrr@10 : 0.12    mrr@20 : 0.131    hit@10 : 0.305    hit@20 : 0.464    precision@10 : 0.038    precision@20 : 0.031
Wed 10 Jul 2024 16:32:02 INFO  epoch 81 training [time: 2.84s, train loss: 33.3175]
Wed 10 Jul 2024 16:32:04 INFO  epoch 81 evaluating [time: 2.19s, valid_score: 0.125000]
Wed 10 Jul 2024 16:32:04 INFO  valid result: 
recall@10 : 0.076    recall@20 : 0.125    ndcg@10 : 0.064    ndcg@20 : 0.085    mrr@10 : 0.119    mrr@20 : 0.129    hit@10 : 0.305    hit@20 : 0.464    precision@10 : 0.038    precision@20 : 0.031
Wed 10 Jul 2024 16:32:07 INFO  epoch 82 training [time: 2.87s, train loss: 32.9611]
Wed 10 Jul 2024 16:32:09 INFO  epoch 82 evaluating [time: 2.20s, valid_score: 0.124000]
Wed 10 Jul 2024 16:32:09 INFO  valid result: 
recall@10 : 0.075    recall@20 : 0.124    ndcg@10 : 0.064    ndcg@20 : 0.085    mrr@10 : 0.118    mrr@20 : 0.129    hit@10 : 0.301    hit@20 : 0.46    precision@10 : 0.037    precision@20 : 0.031
Wed 10 Jul 2024 16:32:12 INFO  epoch 83 training [time: 2.91s, train loss: 32.4516]
