Wed 10 Jul 2024 20:29:57 INFO  ['run_recbole.py', '--model=ANS', '--dataset=lastfm']
Wed 10 Jul 2024 20:29:57 INFO  
General Hyper Parameters:
gpu_id = 0
use_gpu = True
seed = 2020
state = INFO
reproducibility = True
data_path = dataset/lastfm
checkpoint_dir = saved
show_progress = True
save_dataset = False
dataset_save_path = None
save_dataloaders = False
dataloaders_save_path = None
log_wandb = False

Training Hyper Parameters:
epochs = 500
train_batch_size = 4096
learner = adam
learning_rate = 0.001
train_neg_sample_args = {'distribution': 'uniform', 'sample_num': 5, 'alpha': 1.0, 'dynamic': False, 'candidate_num': 0}
eval_step = 4
stopping_step = 10
clip_grad_norm = None
weight_decay = 0.0
loss_decimal_place = 4

Evaluation Hyper Parameters:
eval_args = {'split': {'RS': [0.8, 0.1, 0.1]}, 'group_by': 'user', 'order': 'RO', 'mode': 'full'}
repeatable = False
metrics = ['Recall', 'NDCG', 'MRR', 'Hit', 'Precision']
topk = [10, 20]
valid_metric = Recall@20
valid_metric_bigger = True
eval_batch_size = 4096
metric_decimal_place = 3

Dataset Hyper Parameters:
field_separator = 	
seq_separator =  
USER_ID_FIELD = user_id
ITEM_ID_FIELD = artist_id
RATING_FIELD = rating
TIME_FIELD = timestamp
seq_len = None
LABEL_FIELD = label
threshold = None
NEG_PREFIX = neg_
load_col = {'inter': ['user_id', 'artist_id']}
unload_col = None
unused_col = None
additional_feat_suffix = None
rm_dup_inter = None
val_interval = None
filter_inter_by_user_or_item = True
user_inter_num_interval = None
item_inter_num_interval = None
alias_of_user_id = None
alias_of_item_id = None
alias_of_entity_id = None
alias_of_relation_id = None
preload_weight = None
normalize_field = None
normalize_all = True
ITEM_LIST_LENGTH_FIELD = item_length
LIST_SUFFIX = _list
MAX_ITEM_LIST_LENGTH = 50
POSITION_FIELD = position_id
HEAD_ENTITY_ID_FIELD = head_id
TAIL_ENTITY_ID_FIELD = tail_id
RELATION_ID_FIELD = relation_id
ENTITY_ID_FIELD = entity_id
kg_reverse_r = False
entity_kg_num_interval = None
relation_kg_num_interval = None
benchmark_filename = None

Other Hyper Parameters: 
worker = 0
wandb_project = recbole
shuffle = True
plot_learning_curve = False
require_pow = False
enable_amp = False
enable_scaler = True
transform = None
train_after_converge = True
positive_sampling = True
model_name_custom = -
data_augmentation = False
Q = 8
K = 3
P = 20
embedding_size = 64
n_layers = 3
reg_weight = 1e-05
eps = 0.3
gamma = 0.03
numerical_features = []
discretization = None
MODEL_TYPE = ModelType.GENERAL
MODEL_INPUT_TYPE = InputType.PAIRWISE
eval_type = EvaluatorType.RANKING
single_spec = True
local_rank = 0
device = cuda
eval_neg_sample_args = {'distribution': 'uniform', 'sample_num': 'none'}


Wed 10 Jul 2024 20:29:57 INFO  lastfm
The number of users: 1893
Average actions of users: 49.06659619450317
The number of items: 17633
Average actions of items: 5.265086206896552
The number of inters: 92834
The sparsity of the dataset: 99.72188126708227%
Remain Fields: ['user_id', 'artist_id']
Wed 10 Jul 2024 20:29:57 INFO  [Training]: train_batch_size = [4096] train_neg_sample_args: [{'distribution': 'uniform', 'sample_num': 5, 'alpha': 1.0, 'dynamic': False, 'candidate_num': 0}]
Wed 10 Jul 2024 20:29:57 INFO  [Evaluation]: eval_batch_size = [4096] eval_args: [{'split': {'RS': [0.8, 0.1, 0.1]}, 'group_by': 'user', 'order': 'RO', 'mode': 'full'}]
Wed 10 Jul 2024 20:29:58 INFO  ANS(
  (user_embedding): Embedding(1893, 64)
  (item_embedding): Embedding(17633, 64)
  (mf_loss): BPRLoss()
  (reg_loss): EmbLoss()
  (user_gate): Linear(in_features=64, out_features=64, bias=True)
  (item_gate): Linear(in_features=64, out_features=64, bias=True)
  (pos_gate): Linear(in_features=64, out_features=64, bias=True)
  (neg_gate): Linear(in_features=64, out_features=64, bias=True)
  (hard_gate): Linear(in_features=64, out_features=64, bias=True)
  (conf_gate): Linear(in_features=64, out_features=64, bias=True)
  (easy_gate): Linear(in_features=64, out_features=64, bias=True)
  (margin_model): Linear(in_features=64, out_features=1, bias=True)
)
Trainable parameters: 1278849
Wed 10 Jul 2024 20:29:59 INFO  FLOPs: 0.0
Wed 10 Jul 2024 20:30:02 INFO  epoch 0 training [time: 2.39s, train loss: 65.6662]
Wed 10 Jul 2024 20:30:03 INFO  epoch 1 training [time: 1.65s, train loss: 49.2113]
Wed 10 Jul 2024 20:30:05 INFO  epoch 2 training [time: 1.63s, train loss: 40.2708]
Wed 10 Jul 2024 20:30:07 INFO  epoch 3 training [time: 1.65s, train loss: 35.3269]
Wed 10 Jul 2024 20:30:09 INFO  epoch 3 evaluating [time: 2.21s, valid_score: 0.122000]
Wed 10 Jul 2024 20:30:09 INFO  valid result: 
recall@10 : 0.07    recall@20 : 0.122    ndcg@10 : 0.057    ndcg@20 : 0.079    mrr@10 : 0.103    mrr@20 : 0.114    hit@10 : 0.285    hit@20 : 0.445    precision@10 : 0.035    precision@20 : 0.03
Wed 10 Jul 2024 20:30:09 INFO  Saving current: saved/ANS-Jul-10-2024_20-29-59.pth
Wed 10 Jul 2024 20:30:11 INFO  epoch 4 training [time: 1.62s, train loss: 31.6139]
Wed 10 Jul 2024 20:30:12 INFO  epoch 5 training [time: 1.71s, train loss: 29.0024]
Wed 10 Jul 2024 20:30:14 INFO  epoch 6 training [time: 1.56s, train loss: 26.7938]
Wed 10 Jul 2024 20:30:16 INFO  epoch 7 training [time: 1.86s, train loss: 25.0208]
Wed 10 Jul 2024 20:30:18 INFO  epoch 7 evaluating [time: 2.19s, valid_score: 0.120000]
Wed 10 Jul 2024 20:30:18 INFO  valid result: 
recall@10 : 0.072    recall@20 : 0.12    ndcg@10 : 0.059    ndcg@20 : 0.079    mrr@10 : 0.106    mrr@20 : 0.116    hit@10 : 0.293    hit@20 : 0.442    precision@10 : 0.036    precision@20 : 0.03
Wed 10 Jul 2024 20:30:20 INFO  epoch 8 training [time: 1.76s, train loss: 23.5164]
Wed 10 Jul 2024 20:30:21 INFO  epoch 9 training [time: 1.70s, train loss: 21.8760]
Wed 10 Jul 2024 20:30:23 INFO  epoch 10 training [time: 1.71s, train loss: 20.7794]
Wed 10 Jul 2024 20:30:25 INFO  epoch 11 training [time: 1.67s, train loss: 19.8921]
Wed 10 Jul 2024 20:30:27 INFO  epoch 11 evaluating [time: 2.20s, valid_score: 0.116000]
Wed 10 Jul 2024 20:30:27 INFO  valid result: 
recall@10 : 0.069    recall@20 : 0.116    ndcg@10 : 0.057    ndcg@20 : 0.076    mrr@10 : 0.104    mrr@20 : 0.114    hit@10 : 0.29    hit@20 : 0.435    precision@10 : 0.034    precision@20 : 0.029
Wed 10 Jul 2024 20:30:29 INFO  epoch 12 training [time: 1.67s, train loss: 18.8436]
Wed 10 Jul 2024 20:30:30 INFO  epoch 13 training [time: 1.72s, train loss: 17.9134]
Wed 10 Jul 2024 20:30:32 INFO  epoch 14 training [time: 1.69s, train loss: 17.1159]
Wed 10 Jul 2024 20:30:34 INFO  epoch 15 training [time: 1.69s, train loss: 16.5343]
Wed 10 Jul 2024 20:30:36 INFO  epoch 15 evaluating [time: 2.22s, valid_score: 0.110000]
Wed 10 Jul 2024 20:30:36 INFO  valid result: 
recall@10 : 0.064    recall@20 : 0.11    ndcg@10 : 0.053    ndcg@20 : 0.073    mrr@10 : 0.1    mrr@20 : 0.11    hit@10 : 0.274    hit@20 : 0.419    precision@10 : 0.032    precision@20 : 0.027
Wed 10 Jul 2024 20:30:38 INFO  epoch 16 training [time: 1.69s, train loss: 15.8385]
Wed 10 Jul 2024 20:30:39 INFO  epoch 17 training [time: 1.74s, train loss: 15.5109]
Wed 10 Jul 2024 20:30:41 INFO  epoch 18 training [time: 1.72s, train loss: 14.8768]
Wed 10 Jul 2024 20:30:43 INFO  epoch 19 training [time: 1.73s, train loss: 14.2066]
Wed 10 Jul 2024 20:30:45 INFO  epoch 19 evaluating [time: 2.19s, valid_score: 0.108000]
Wed 10 Jul 2024 20:30:45 INFO  valid result: 
recall@10 : 0.063    recall@20 : 0.108    ndcg@10 : 0.052    ndcg@20 : 0.072    mrr@10 : 0.099    mrr@20 : 0.109    hit@10 : 0.271    hit@20 : 0.416    precision@10 : 0.031    precision@20 : 0.027
Wed 10 Jul 2024 20:30:47 INFO  epoch 20 training [time: 1.90s, train loss: 13.8662]
Wed 10 Jul 2024 20:30:49 INFO  epoch 21 training [time: 1.79s, train loss: 13.4079]
Wed 10 Jul 2024 20:30:51 INFO  epoch 22 training [time: 2.30s, train loss: 13.1841]
Wed 10 Jul 2024 20:30:54 INFO  epoch 23 training [time: 2.51s, train loss: 12.7998]
Wed 10 Jul 2024 20:30:56 INFO  epoch 23 evaluating [time: 2.19s, valid_score: 0.103000]
Wed 10 Jul 2024 20:30:56 INFO  valid result: 
recall@10 : 0.063    recall@20 : 0.103    ndcg@10 : 0.052    ndcg@20 : 0.069    mrr@10 : 0.098    mrr@20 : 0.107    hit@10 : 0.267    hit@20 : 0.398    precision@10 : 0.031    precision@20 : 0.025
Wed 10 Jul 2024 20:30:58 INFO  epoch 24 training [time: 1.97s, train loss: 12.5365]
Wed 10 Jul 2024 20:31:00 INFO  epoch 25 training [time: 2.37s, train loss: 12.2283]
Wed 10 Jul 2024 20:31:03 INFO  epoch 26 training [time: 2.56s, train loss: 11.8581]
Wed 10 Jul 2024 20:31:05 INFO  epoch 27 training [time: 2.50s, train loss: 11.7801]
Wed 10 Jul 2024 20:31:07 INFO  epoch 27 evaluating [time: 2.21s, valid_score: 0.098000]
Wed 10 Jul 2024 20:31:07 INFO  valid result: 
recall@10 : 0.06    recall@20 : 0.098    ndcg@10 : 0.049    ndcg@20 : 0.065    mrr@10 : 0.092    mrr@20 : 0.1    hit@10 : 0.259    hit@20 : 0.384    precision@10 : 0.03    precision@20 : 0.024
Wed 10 Jul 2024 20:31:10 INFO  epoch 28 training [time: 2.46s, train loss: 11.6885]
Wed 10 Jul 2024 20:31:12 INFO  epoch 29 training [time: 2.60s, train loss: 11.2797]
Wed 10 Jul 2024 20:31:15 INFO  epoch 30 training [time: 2.50s, train loss: 11.0870]
Wed 10 Jul 2024 20:31:17 INFO  epoch 31 training [time: 2.12s, train loss: 11.0351]
Wed 10 Jul 2024 20:31:19 INFO  epoch 31 evaluating [time: 2.20s, valid_score: 0.095000]
Wed 10 Jul 2024 20:31:19 INFO  valid result: 
recall@10 : 0.058    recall@20 : 0.095    ndcg@10 : 0.047    ndcg@20 : 0.062    mrr@10 : 0.086    mrr@20 : 0.095    hit@10 : 0.254    hit@20 : 0.375    precision@10 : 0.029    precision@20 : 0.024
Wed 10 Jul 2024 20:31:21 INFO  epoch 32 training [time: 1.60s, train loss: 10.8696]
Wed 10 Jul 2024 20:31:22 INFO  epoch 33 training [time: 1.63s, train loss: 10.6804]
Wed 10 Jul 2024 20:31:24 INFO  epoch 34 training [time: 1.52s, train loss: 10.6099]
Wed 10 Jul 2024 20:31:26 INFO  epoch 35 training [time: 1.75s, train loss: 10.4523]
Wed 10 Jul 2024 20:31:28 INFO  epoch 35 evaluating [time: 2.19s, valid_score: 0.092000]
Wed 10 Jul 2024 20:31:28 INFO  valid result: 
recall@10 : 0.053    recall@20 : 0.092    ndcg@10 : 0.044    ndcg@20 : 0.06    mrr@10 : 0.083    mrr@20 : 0.092    hit@10 : 0.232    hit@20 : 0.37    precision@10 : 0.026    precision@20 : 0.023
Wed 10 Jul 2024 20:31:29 INFO  epoch 36 training [time: 1.56s, train loss: 10.1653]
Wed 10 Jul 2024 20:31:31 INFO  epoch 37 training [time: 1.62s, train loss: 10.1638]
Wed 10 Jul 2024 20:31:33 INFO  epoch 38 training [time: 1.58s, train loss: 10.0616]
Wed 10 Jul 2024 20:31:34 INFO  epoch 39 training [time: 1.58s, train loss: 9.8952]
Wed 10 Jul 2024 20:31:36 INFO  epoch 39 evaluating [time: 2.22s, valid_score: 0.092000]
Wed 10 Jul 2024 20:31:36 INFO  valid result: 
recall@10 : 0.055    recall@20 : 0.092    ndcg@10 : 0.045    ndcg@20 : 0.06    mrr@10 : 0.085    mrr@20 : 0.093    hit@10 : 0.242    hit@20 : 0.366    precision@10 : 0.027    precision@20 : 0.023
Wed 10 Jul 2024 20:31:38 INFO  epoch 40 training [time: 1.64s, train loss: 9.7507]
Wed 10 Jul 2024 20:31:40 INFO  epoch 41 training [time: 1.59s, train loss: 9.6574]
Wed 10 Jul 2024 20:31:41 INFO  epoch 42 training [time: 1.60s, train loss: 9.6833]
Wed 10 Jul 2024 20:31:43 INFO  epoch 43 training [time: 1.58s, train loss: 9.4794]
Wed 10 Jul 2024 20:31:45 INFO  epoch 43 evaluating [time: 2.26s, valid_score: 0.088000]
Wed 10 Jul 2024 20:31:45 INFO  valid result: 
recall@10 : 0.053    recall@20 : 0.088    ndcg@10 : 0.045    ndcg@20 : 0.059    mrr@10 : 0.086    mrr@20 : 0.094    hit@10 : 0.234    hit@20 : 0.358    precision@10 : 0.027    precision@20 : 0.022
Wed 10 Jul 2024 20:31:47 INFO  epoch 44 training [time: 1.67s, train loss: 9.4488]
Wed 10 Jul 2024 20:31:48 INFO  epoch 45 training [time: 1.58s, train loss: 9.3031]
Wed 10 Jul 2024 20:31:50 INFO  epoch 46 training [time: 1.62s, train loss: 9.3569]
Wed 10 Jul 2024 20:31:52 INFO  epoch 47 training [time: 1.72s, train loss: 9.1977]
Wed 10 Jul 2024 20:31:54 INFO  epoch 47 evaluating [time: 2.18s, valid_score: 0.088000]
Wed 10 Jul 2024 20:31:54 INFO  valid result: 
recall@10 : 0.052    recall@20 : 0.088    ndcg@10 : 0.042    ndcg@20 : 0.058    mrr@10 : 0.08    mrr@20 : 0.089    hit@10 : 0.226    hit@20 : 0.356    precision@10 : 0.026    precision@20 : 0.022
Wed 10 Jul 2024 20:31:54 INFO  Finished training, best eval result in epoch 3
Wed 10 Jul 2024 20:32:18 INFO  epoch 48 training [time: 2.19s, train loss: 10.4438]
Wed 10 Jul 2024 20:32:20 INFO  epoch 49 training [time: 1.95s, train loss: 10.4951]
Wed 10 Jul 2024 20:32:22 INFO  epoch 50 training [time: 1.94s, train loss: 10.3515]
Wed 10 Jul 2024 20:32:24 INFO  epoch 51 training [time: 1.88s, train loss: 10.3337]
Wed 10 Jul 2024 20:32:26 INFO  epoch 51 evaluating [time: 2.30s, valid_score: 0.088000]
Wed 10 Jul 2024 20:32:26 INFO  valid result: 
recall@10 : 0.053    recall@20 : 0.088    ndcg@10 : 0.044    ndcg@20 : 0.06    mrr@10 : 0.086    mrr@20 : 0.095    hit@10 : 0.234    hit@20 : 0.359    precision@10 : 0.026    precision@20 : 0.022
Wed 10 Jul 2024 20:32:28 INFO  epoch 52 training [time: 1.92s, train loss: 10.3255]
Wed 10 Jul 2024 20:32:30 INFO  epoch 53 training [time: 2.08s, train loss: 10.2313]
Wed 10 Jul 2024 20:32:32 INFO  epoch 54 training [time: 2.06s, train loss: 10.1598]
Wed 10 Jul 2024 20:32:34 INFO  epoch 55 training [time: 2.09s, train loss: 10.1052]
Wed 10 Jul 2024 20:32:37 INFO  epoch 55 evaluating [time: 2.34s, valid_score: 0.092000]
Wed 10 Jul 2024 20:32:37 INFO  valid result: 
recall@10 : 0.053    recall@20 : 0.092    ndcg@10 : 0.045    ndcg@20 : 0.062    mrr@10 : 0.087    mrr@20 : 0.096    hit@10 : 0.23    hit@20 : 0.365    precision@10 : 0.026    precision@20 : 0.023
Wed 10 Jul 2024 20:32:39 INFO  epoch 56 training [time: 2.08s, train loss: 10.0311]
Wed 10 Jul 2024 20:32:41 INFO  epoch 57 training [time: 1.95s, train loss: 10.0025]
Wed 10 Jul 2024 20:32:43 INFO  epoch 58 training [time: 1.97s, train loss: 9.9277]
Wed 10 Jul 2024 20:32:45 INFO  epoch 59 training [time: 1.96s, train loss: 10.0042]
Wed 10 Jul 2024 20:32:47 INFO  epoch 59 evaluating [time: 2.24s, valid_score: 0.091000]
Wed 10 Jul 2024 20:32:47 INFO  valid result: 
recall@10 : 0.057    recall@20 : 0.091    ndcg@10 : 0.048    ndcg@20 : 0.062    mrr@10 : 0.09    mrr@20 : 0.098    hit@10 : 0.243    hit@20 : 0.359    precision@10 : 0.028    precision@20 : 0.022
Wed 10 Jul 2024 20:32:49 INFO  epoch 60 training [time: 2.11s, train loss: 9.9359]
Wed 10 Jul 2024 20:32:51 INFO  epoch 61 training [time: 2.07s, train loss: 9.8187]
Wed 10 Jul 2024 20:32:53 INFO  epoch 62 training [time: 2.08s, train loss: 9.7731]
Wed 10 Jul 2024 20:32:55 INFO  epoch 63 training [time: 2.06s, train loss: 9.7158]
Wed 10 Jul 2024 20:32:57 INFO  epoch 63 evaluating [time: 2.25s, valid_score: 0.092000]
Wed 10 Jul 2024 20:32:57 INFO  valid result: 
recall@10 : 0.056    recall@20 : 0.092    ndcg@10 : 0.047    ndcg@20 : 0.063    mrr@10 : 0.091    mrr@20 : 0.1    hit@10 : 0.24    hit@20 : 0.366    precision@10 : 0.028    precision@20 : 0.023
Wed 10 Jul 2024 20:32:59 INFO  epoch 64 training [time: 1.99s, train loss: 9.6385]
Wed 10 Jul 2024 20:33:01 INFO  epoch 65 training [time: 2.06s, train loss: 9.6935]
Wed 10 Jul 2024 20:33:03 INFO  epoch 66 training [time: 2.06s, train loss: 9.6400]
Wed 10 Jul 2024 20:33:05 INFO  epoch 67 training [time: 1.97s, train loss: 9.6175]
Wed 10 Jul 2024 20:33:08 INFO  epoch 67 evaluating [time: 2.18s, valid_score: 0.094000]
Wed 10 Jul 2024 20:33:08 INFO  valid result: 
recall@10 : 0.058    recall@20 : 0.094    ndcg@10 : 0.049    ndcg@20 : 0.064    mrr@10 : 0.095    mrr@20 : 0.103    hit@10 : 0.244    hit@20 : 0.369    precision@10 : 0.028    precision@20 : 0.023
Wed 10 Jul 2024 20:33:10 INFO  epoch 68 training [time: 2.07s, train loss: 9.5426]
Wed 10 Jul 2024 20:33:12 INFO  epoch 69 training [time: 2.03s, train loss: 9.5675]
Wed 10 Jul 2024 20:33:14 INFO  epoch 70 training [time: 2.07s, train loss: 9.5264]
Wed 10 Jul 2024 20:33:16 INFO  epoch 71 training [time: 2.03s, train loss: 9.5272]
Wed 10 Jul 2024 20:33:18 INFO  epoch 71 evaluating [time: 2.24s, valid_score: 0.093000]
Wed 10 Jul 2024 20:33:18 INFO  valid result: 
recall@10 : 0.057    recall@20 : 0.093    ndcg@10 : 0.049    ndcg@20 : 0.064    mrr@10 : 0.094    mrr@20 : 0.102    hit@10 : 0.243    hit@20 : 0.362    precision@10 : 0.028    precision@20 : 0.023
Wed 10 Jul 2024 20:33:21 INFO  epoch 72 training [time: 2.51s, train loss: 9.5117]
Wed 10 Jul 2024 20:33:23 INFO  epoch 73 training [time: 2.15s, train loss: 9.4307]
Wed 10 Jul 2024 20:33:25 INFO  epoch 74 training [time: 2.04s, train loss: 9.4233]
Wed 10 Jul 2024 20:33:27 INFO  epoch 75 training [time: 2.14s, train loss: 9.4183]
Wed 10 Jul 2024 20:33:29 INFO  epoch 75 evaluating [time: 2.19s, valid_score: 0.096000]
Wed 10 Jul 2024 20:33:29 INFO  valid result: 
recall@10 : 0.058    recall@20 : 0.096    ndcg@10 : 0.05    ndcg@20 : 0.066    mrr@10 : 0.097    mrr@20 : 0.106    hit@10 : 0.243    hit@20 : 0.371    precision@10 : 0.028    precision@20 : 0.023
Wed 10 Jul 2024 20:33:31 INFO  epoch 76 training [time: 2.23s, train loss: 9.3914]
Wed 10 Jul 2024 20:33:34 INFO  epoch 77 training [time: 2.74s, train loss: 9.4225]
Wed 10 Jul 2024 20:33:37 INFO  epoch 78 training [time: 2.91s, train loss: 9.3381]
Wed 10 Jul 2024 20:33:40 INFO  epoch 79 training [time: 2.75s, train loss: 9.3647]
Wed 10 Jul 2024 20:33:42 INFO  epoch 79 evaluating [time: 2.20s, valid_score: 0.096000]
Wed 10 Jul 2024 20:33:42 INFO  valid result: 
recall@10 : 0.058    recall@20 : 0.096    ndcg@10 : 0.051    ndcg@20 : 0.067    mrr@10 : 0.098    mrr@20 : 0.107    hit@10 : 0.247    hit@20 : 0.373    precision@10 : 0.029    precision@20 : 0.023
Wed 10 Jul 2024 20:33:45 INFO  epoch 80 training [time: 2.93s, train loss: 9.2699]
Wed 10 Jul 2024 20:33:48 INFO  epoch 81 training [time: 3.00s, train loss: 9.3599]
Wed 10 Jul 2024 20:33:51 INFO  epoch 82 training [time: 2.90s, train loss: 9.2902]
Wed 10 Jul 2024 20:33:54 INFO  epoch 83 training [time: 2.94s, train loss: 9.2899]
Wed 10 Jul 2024 20:33:56 INFO  epoch 83 evaluating [time: 2.31s, valid_score: 0.098000]
Wed 10 Jul 2024 20:33:56 INFO  valid result: 
recall@10 : 0.06    recall@20 : 0.098    ndcg@10 : 0.052    ndcg@20 : 0.068    mrr@10 : 0.103    mrr@20 : 0.112    hit@10 : 0.253    hit@20 : 0.379    precision@10 : 0.029    precision@20 : 0.024
Wed 10 Jul 2024 20:33:58 INFO  epoch 84 training [time: 1.98s, train loss: 9.2546]
Wed 10 Jul 2024 20:34:00 INFO  epoch 85 training [time: 1.99s, train loss: 9.2521]
Wed 10 Jul 2024 20:34:02 INFO  epoch 86 training [time: 1.91s, train loss: 9.2664]
Wed 10 Jul 2024 20:34:04 INFO  epoch 87 training [time: 1.91s, train loss: 9.2280]
Wed 10 Jul 2024 20:34:06 INFO  epoch 87 evaluating [time: 2.18s, valid_score: 0.099000]
Wed 10 Jul 2024 20:34:06 INFO  valid result: 
recall@10 : 0.061    recall@20 : 0.099    ndcg@10 : 0.052    ndcg@20 : 0.068    mrr@10 : 0.1    mrr@20 : 0.109    hit@10 : 0.254    hit@20 : 0.385    precision@10 : 0.03    precision@20 : 0.024
Wed 10 Jul 2024 20:34:08 INFO  epoch 88 training [time: 2.01s, train loss: 9.2253]
Wed 10 Jul 2024 20:34:10 INFO  epoch 89 training [time: 1.97s, train loss: 9.2191]
Wed 10 Jul 2024 20:34:12 INFO  epoch 90 training [time: 1.91s, train loss: 9.1831]
Wed 10 Jul 2024 20:34:14 INFO  epoch 91 training [time: 1.98s, train loss: 9.1675]
Wed 10 Jul 2024 20:34:16 INFO  epoch 91 evaluating [time: 2.21s, valid_score: 0.099000]
Wed 10 Jul 2024 20:34:16 INFO  valid result: 
recall@10 : 0.061    recall@20 : 0.099    ndcg@10 : 0.052    ndcg@20 : 0.068    mrr@10 : 0.098    mrr@20 : 0.107    hit@10 : 0.254    hit@20 : 0.384    precision@10 : 0.03    precision@20 : 0.024
Wed 10 Jul 2024 20:34:18 INFO  epoch 92 training [time: 2.10s, train loss: 9.1290]
Wed 10 Jul 2024 20:34:20 INFO  epoch 93 training [time: 2.10s, train loss: 9.1458]
Wed 10 Jul 2024 20:34:22 INFO  epoch 94 training [time: 2.21s, train loss: 9.1195]
Wed 10 Jul 2024 20:34:25 INFO  epoch 95 training [time: 2.20s, train loss: 9.1270]
Wed 10 Jul 2024 20:34:27 INFO  epoch 95 evaluating [time: 2.24s, valid_score: 0.099000]
Wed 10 Jul 2024 20:34:27 INFO  valid result: 
recall@10 : 0.062    recall@20 : 0.099    ndcg@10 : 0.052    ndcg@20 : 0.068    mrr@10 : 0.099    mrr@20 : 0.108    hit@10 : 0.257    hit@20 : 0.386    precision@10 : 0.03    precision@20 : 0.024
Wed 10 Jul 2024 20:34:29 INFO  epoch 96 training [time: 2.20s, train loss: 9.1296]
Wed 10 Jul 2024 20:34:31 INFO  epoch 97 training [time: 2.27s, train loss: 9.0562]
Wed 10 Jul 2024 20:34:33 INFO  epoch 98 training [time: 2.06s, train loss: 9.0629]
Wed 10 Jul 2024 20:34:35 INFO  epoch 99 training [time: 2.01s, train loss: 9.0449]
Wed 10 Jul 2024 20:34:38 INFO  epoch 99 evaluating [time: 2.19s, valid_score: 0.101000]
Wed 10 Jul 2024 20:34:38 INFO  valid result: 
recall@10 : 0.063    recall@20 : 0.101    ndcg@10 : 0.054    ndcg@20 : 0.07    mrr@10 : 0.103    mrr@20 : 0.113    hit@10 : 0.259    hit@20 : 0.392    precision@10 : 0.031    precision@20 : 0.025
Wed 10 Jul 2024 20:34:40 INFO  epoch 100 training [time: 2.03s, train loss: 9.0346]
Wed 10 Jul 2024 20:34:42 INFO  epoch 101 training [time: 2.06s, train loss: 9.0456]
Wed 10 Jul 2024 20:34:44 INFO  epoch 102 training [time: 2.00s, train loss: 9.0370]
Wed 10 Jul 2024 20:34:46 INFO  epoch 103 training [time: 2.07s, train loss: 9.0518]
Wed 10 Jul 2024 20:34:48 INFO  epoch 103 evaluating [time: 2.24s, valid_score: 0.102000]
Wed 10 Jul 2024 20:34:48 INFO  valid result: 
recall@10 : 0.064    recall@20 : 0.102    ndcg@10 : 0.054    ndcg@20 : 0.07    mrr@10 : 0.101    mrr@20 : 0.11    hit@10 : 0.263    hit@20 : 0.394    precision@10 : 0.031    precision@20 : 0.025
Wed 10 Jul 2024 20:34:50 INFO  epoch 104 training [time: 2.17s, train loss: 9.0151]
Wed 10 Jul 2024 20:34:52 INFO  epoch 105 training [time: 2.15s, train loss: 9.0310]
Wed 10 Jul 2024 20:34:54 INFO  epoch 106 training [time: 2.08s, train loss: 9.0051]
Wed 10 Jul 2024 20:34:57 INFO  epoch 107 training [time: 2.31s, train loss: 8.9668]
Wed 10 Jul 2024 20:34:59 INFO  epoch 107 evaluating [time: 2.18s, valid_score: 0.100000]
Wed 10 Jul 2024 20:34:59 INFO  valid result: 
recall@10 : 0.065    recall@20 : 0.1    ndcg@10 : 0.055    ndcg@20 : 0.07    mrr@10 : 0.103    mrr@20 : 0.111    hit@10 : 0.27    hit@20 : 0.386    precision@10 : 0.032    precision@20 : 0.025
Wed 10 Jul 2024 20:35:01 INFO  epoch 108 training [time: 2.16s, train loss: 8.9682]
Wed 10 Jul 2024 20:35:03 INFO  epoch 109 training [time: 2.02s, train loss: 8.9712]
Wed 10 Jul 2024 20:35:05 INFO  epoch 110 training [time: 2.35s, train loss: 8.9673]
Wed 10 Jul 2024 20:35:08 INFO  epoch 111 training [time: 2.20s, train loss: 8.9527]
Wed 10 Jul 2024 20:35:10 INFO  epoch 111 evaluating [time: 2.28s, valid_score: 0.104000]
Wed 10 Jul 2024 20:35:10 INFO  valid result: 
recall@10 : 0.066    recall@20 : 0.104    ndcg@10 : 0.055    ndcg@20 : 0.072    mrr@10 : 0.104    mrr@20 : 0.113    hit@10 : 0.269    hit@20 : 0.401    precision@10 : 0.032    precision@20 : 0.026
Wed 10 Jul 2024 20:35:13 INFO  epoch 112 training [time: 2.65s, train loss: 8.9672]
Wed 10 Jul 2024 20:35:15 INFO  epoch 113 training [time: 2.54s, train loss: 8.9059]
Wed 10 Jul 2024 20:35:18 INFO  epoch 114 training [time: 2.99s, train loss: 8.9459]
Wed 10 Jul 2024 20:35:21 INFO  epoch 115 training [time: 3.06s, train loss: 8.9082]
Wed 10 Jul 2024 20:35:24 INFO  epoch 115 evaluating [time: 2.36s, valid_score: 0.105000]
Wed 10 Jul 2024 20:35:24 INFO  valid result: 
recall@10 : 0.066    recall@20 : 0.105    ndcg@10 : 0.056    ndcg@20 : 0.072    mrr@10 : 0.103    mrr@20 : 0.112    hit@10 : 0.268    hit@20 : 0.401    precision@10 : 0.032    precision@20 : 0.026
Wed 10 Jul 2024 20:35:27 INFO  epoch 116 training [time: 3.00s, train loss: 8.9458]
Wed 10 Jul 2024 20:35:30 INFO  epoch 117 training [time: 3.01s, train loss: 8.8887]
Wed 10 Jul 2024 20:35:32 INFO  epoch 118 training [time: 2.65s, train loss: 8.8716]
Wed 10 Jul 2024 20:35:35 INFO  epoch 119 training [time: 2.54s, train loss: 8.8571]
Wed 10 Jul 2024 20:35:37 INFO  epoch 119 evaluating [time: 2.36s, valid_score: 0.106000]
Wed 10 Jul 2024 20:35:37 INFO  valid result: 
recall@10 : 0.067    recall@20 : 0.106    ndcg@10 : 0.057    ndcg@20 : 0.073    mrr@10 : 0.107    mrr@20 : 0.116    hit@10 : 0.271    hit@20 : 0.401    precision@10 : 0.033    precision@20 : 0.026
