Mon 08 Jul 2024 18:49:06 INFO  ['run_recbole.py', '--model=ANS', '--dataset=ml-100k']
Mon 08 Jul 2024 18:49:06 INFO  
General Hyper Parameters:
gpu_id = 0
use_gpu = True
seed = 2020
state = INFO
reproducibility = True
data_path = /home/simeon/Git_Repositories/ANS-Recbole/recbole/config/../dataset_example/ml-100k
checkpoint_dir = saved
show_progress = True
save_dataset = False
dataset_save_path = None
save_dataloaders = False
dataloaders_save_path = None
log_wandb = False

Training Hyper Parameters:
epochs = 500
train_batch_size = 4096
learner = adam
learning_rate = 0.0001
train_neg_sample_args = {'distribution': 'uniform', 'sample_num': 5, 'alpha': 1.0, 'dynamic': False, 'candidate_num': 0}
eval_step = 1
stopping_step = 10
clip_grad_norm = None
weight_decay = 0.0
loss_decimal_place = 4

Evaluation Hyper Parameters:
eval_args = {'split': {'RS': [0.8, 0.1, 0.1]}, 'group_by': 'user', 'order': 'RO', 'mode': 'full'}
repeatable = False
metrics = ['Recall', 'NDCG', 'MRR', 'Hit', 'Precision']
topk = [10, 20]
valid_metric = Recall@20
valid_metric_bigger = True
eval_batch_size = 4096
metric_decimal_place = 3

Dataset Hyper Parameters:
field_separator = 	
seq_separator =  
USER_ID_FIELD = user_id
ITEM_ID_FIELD = item_id
RATING_FIELD = rating
TIME_FIELD = timestamp
seq_len = None
LABEL_FIELD = label
threshold = None
NEG_PREFIX = neg_
load_col = {'inter': ['user_id', 'item_id']}
unload_col = None
unused_col = None
additional_feat_suffix = None
rm_dup_inter = None
val_interval = None
filter_inter_by_user_or_item = True
user_inter_num_interval = None
item_inter_num_interval = None
alias_of_user_id = None
alias_of_item_id = None
alias_of_entity_id = None
alias_of_relation_id = None
preload_weight = None
normalize_field = None
normalize_all = True
ITEM_LIST_LENGTH_FIELD = item_length
LIST_SUFFIX = _list
MAX_ITEM_LIST_LENGTH = 50
POSITION_FIELD = position_id
HEAD_ENTITY_ID_FIELD = head_id
TAIL_ENTITY_ID_FIELD = tail_id
RELATION_ID_FIELD = relation_id
ENTITY_ID_FIELD = entity_id
kg_reverse_r = False
entity_kg_num_interval = None
relation_kg_num_interval = None
benchmark_filename = None

Other Hyper Parameters: 
worker = 0
wandb_project = recbole
shuffle = True
plot_learning_curve = False
require_pow = False
enable_amp = False
enable_scaler = True
transform = None
train_after_converge = False
positive_sampling = True
model_name_custom = -
data_augmentation = False
Q = 8
K = 3
P = 20
embedding_size = 64
n_layers = 2
reg_weight = 0.001
eps = 0.3579063307361654
gamma = 0.010950879233563415
numerical_features = []
discretization = None
MODEL_TYPE = ModelType.GENERAL
MODEL_INPUT_TYPE = InputType.PAIRWISE
eval_type = EvaluatorType.RANKING
single_spec = True
local_rank = 0
device = cuda
eval_neg_sample_args = {'distribution': 'uniform', 'sample_num': 'none'}


Mon 08 Jul 2024 18:49:06 INFO  ml-100k
The number of users: 944
Average actions of users: 106.04453870625663
The number of items: 1683
Average actions of items: 59.45303210463734
The number of inters: 100000
The sparsity of the dataset: 93.70575143257098%
Remain Fields: ['user_id', 'item_id']
Mon 08 Jul 2024 18:49:06 INFO  [Training]: train_batch_size = [4096] train_neg_sample_args: [{'distribution': 'uniform', 'sample_num': 5, 'alpha': 1.0, 'dynamic': False, 'candidate_num': 0}]
Mon 08 Jul 2024 18:49:06 INFO  [Evaluation]: eval_batch_size = [4096] eval_args: [{'split': {'RS': [0.8, 0.1, 0.1]}, 'group_by': 'user', 'order': 'RO', 'mode': 'full'}]
Mon 08 Jul 2024 18:49:08 INFO  ANS(
  (user_embedding): Embedding(944, 64)
  (item_embedding): Embedding(1683, 64)
  (mf_loss): BPRLoss()
  (reg_loss): EmbLoss()
  (user_gate): Linear(in_features=64, out_features=64, bias=True)
  (item_gate): Linear(in_features=64, out_features=64, bias=True)
  (pos_gate): Linear(in_features=64, out_features=64, bias=True)
  (neg_gate): Linear(in_features=64, out_features=64, bias=True)
  (hard_gate): Linear(in_features=64, out_features=64, bias=True)
  (conf_gate): Linear(in_features=64, out_features=64, bias=True)
  (easy_gate): Linear(in_features=64, out_features=64, bias=True)
  (margin_model): Linear(in_features=64, out_features=1, bias=True)
)
Trainable parameters: 197313
Mon 08 Jul 2024 18:49:08 INFO  FLOPs: 0.0
Mon 08 Jul 2024 18:49:12 INFO  epoch 0 training [time: 2.32s, train loss: 71.2513]
Mon 08 Jul 2024 18:49:12 INFO  epoch 0 evaluating [time: 0.46s, valid_score: 0.013000]
Mon 08 Jul 2024 18:49:12 INFO  valid result: 
recall@10 : 0.007    recall@20 : 0.013    ndcg@10 : 0.009    ndcg@20 : 0.011    mrr@10 : 0.024    mrr@20 : 0.028    hit@10 : 0.07    hit@20 : 0.125    precision@10 : 0.007    precision@20 : 0.007
Mon 08 Jul 2024 18:49:12 INFO  Saving current: saved/ANS-Jul-08-2024_18-49-08.pth
Mon 08 Jul 2024 18:49:14 INFO  epoch 1 training [time: 1.56s, train loss: 71.2023]
Mon 08 Jul 2024 18:49:14 INFO  epoch 1 evaluating [time: 0.38s, valid_score: 0.014000]
Mon 08 Jul 2024 18:49:14 INFO  valid result: 
recall@10 : 0.007    recall@20 : 0.014    ndcg@10 : 0.01    ndcg@20 : 0.012    mrr@10 : 0.026    mrr@20 : 0.03    hit@10 : 0.075    hit@20 : 0.131    precision@10 : 0.008    precision@20 : 0.008
Mon 08 Jul 2024 18:49:14 INFO  Saving current: saved/ANS-Jul-08-2024_18-49-08.pth
Mon 08 Jul 2024 18:49:16 INFO  epoch 2 training [time: 1.62s, train loss: 71.1570]
Mon 08 Jul 2024 18:49:16 INFO  epoch 2 evaluating [time: 0.37s, valid_score: 0.014000]
Mon 08 Jul 2024 18:49:16 INFO  valid result: 
recall@10 : 0.007    recall@20 : 0.014    ndcg@10 : 0.01    ndcg@20 : 0.012    mrr@10 : 0.028    mrr@20 : 0.032    hit@10 : 0.081    hit@20 : 0.134    precision@10 : 0.008    precision@20 : 0.008
Mon 08 Jul 2024 18:49:16 INFO  Saving current: saved/ANS-Jul-08-2024_18-49-08.pth
Mon 08 Jul 2024 18:49:18 INFO  epoch 3 training [time: 1.64s, train loss: 71.1166]
Mon 08 Jul 2024 18:49:18 INFO  epoch 3 evaluating [time: 0.37s, valid_score: 0.014000]
Mon 08 Jul 2024 18:49:18 INFO  valid result: 
recall@10 : 0.008    recall@20 : 0.014    ndcg@10 : 0.011    ndcg@20 : 0.013    mrr@10 : 0.03    mrr@20 : 0.033    hit@10 : 0.084    hit@20 : 0.136    precision@10 : 0.009    precision@20 : 0.008
Mon 08 Jul 2024 18:49:18 INFO  Saving current: saved/ANS-Jul-08-2024_18-49-08.pth
Mon 08 Jul 2024 18:49:20 INFO  epoch 4 training [time: 1.61s, train loss: 71.0796]
Mon 08 Jul 2024 18:49:20 INFO  epoch 4 evaluating [time: 0.39s, valid_score: 0.014000]
Mon 08 Jul 2024 18:49:20 INFO  valid result: 
recall@10 : 0.007    recall@20 : 0.014    ndcg@10 : 0.011    ndcg@20 : 0.013    mrr@10 : 0.031    mrr@20 : 0.034    hit@10 : 0.086    hit@20 : 0.135    precision@10 : 0.009    precision@20 : 0.008
Mon 08 Jul 2024 18:49:20 INFO  Saving current: saved/ANS-Jul-08-2024_18-49-08.pth
Mon 08 Jul 2024 18:49:22 INFO  epoch 5 training [time: 1.69s, train loss: 71.0446]
Mon 08 Jul 2024 18:49:22 INFO  epoch 5 evaluating [time: 0.41s, valid_score: 0.015000]
Mon 08 Jul 2024 18:49:22 INFO  valid result: 
recall@10 : 0.009    recall@20 : 0.015    ndcg@10 : 0.012    ndcg@20 : 0.013    mrr@10 : 0.032    mrr@20 : 0.035    hit@10 : 0.092    hit@20 : 0.14    precision@10 : 0.01    precision@20 : 0.008
Mon 08 Jul 2024 18:49:22 INFO  Saving current: saved/ANS-Jul-08-2024_18-49-08.pth
Mon 08 Jul 2024 18:49:24 INFO  epoch 6 training [time: 1.63s, train loss: 71.0130]
Mon 08 Jul 2024 18:49:24 INFO  epoch 6 evaluating [time: 0.40s, valid_score: 0.016000]
Mon 08 Jul 2024 18:49:24 INFO  valid result: 
recall@10 : 0.009    recall@20 : 0.016    ndcg@10 : 0.013    ndcg@20 : 0.014    mrr@10 : 0.034    mrr@20 : 0.038    hit@10 : 0.098    hit@20 : 0.148    precision@10 : 0.01    precision@20 : 0.009
Mon 08 Jul 2024 18:49:24 INFO  Saving current: saved/ANS-Jul-08-2024_18-49-08.pth
Mon 08 Jul 2024 18:49:26 INFO  epoch 7 training [time: 1.65s, train loss: 70.9853]
Mon 08 Jul 2024 18:49:26 INFO  epoch 7 evaluating [time: 0.38s, valid_score: 0.016000]
Mon 08 Jul 2024 18:49:26 INFO  valid result: 
recall@10 : 0.009    recall@20 : 0.016    ndcg@10 : 0.014    ndcg@20 : 0.015    mrr@10 : 0.036    mrr@20 : 0.04    hit@10 : 0.101    hit@20 : 0.152    precision@10 : 0.011    precision@20 : 0.009
Mon 08 Jul 2024 18:49:26 INFO  Saving current: saved/ANS-Jul-08-2024_18-49-08.pth
Mon 08 Jul 2024 18:49:28 INFO  epoch 8 training [time: 1.61s, train loss: 70.9593]
Mon 08 Jul 2024 18:49:28 INFO  epoch 8 evaluating [time: 0.38s, valid_score: 0.017000]
Mon 08 Jul 2024 18:49:28 INFO  valid result: 
recall@10 : 0.009    recall@20 : 0.017    ndcg@10 : 0.014    ndcg@20 : 0.016    mrr@10 : 0.038    mrr@20 : 0.042    hit@10 : 0.103    hit@20 : 0.159    precision@10 : 0.011    precision@20 : 0.009
Mon 08 Jul 2024 18:49:28 INFO  Saving current: saved/ANS-Jul-08-2024_18-49-08.pth
Mon 08 Jul 2024 18:49:30 INFO  epoch 9 training [time: 1.63s, train loss: 70.9348]
Mon 08 Jul 2024 18:49:30 INFO  epoch 9 evaluating [time: 0.38s, valid_score: 0.018000]
Mon 08 Jul 2024 18:49:30 INFO  valid result: 
recall@10 : 0.009    recall@20 : 0.018    ndcg@10 : 0.015    ndcg@20 : 0.017    mrr@10 : 0.039    mrr@20 : 0.043    hit@10 : 0.104    hit@20 : 0.166    precision@10 : 0.011    precision@20 : 0.01
Mon 08 Jul 2024 18:49:30 INFO  Saving current: saved/ANS-Jul-08-2024_18-49-08.pth
Mon 08 Jul 2024 18:49:32 INFO  epoch 10 training [time: 1.66s, train loss: 70.9122]
Mon 08 Jul 2024 18:49:32 INFO  epoch 10 evaluating [time: 0.41s, valid_score: 0.020000]
Mon 08 Jul 2024 18:49:32 INFO  valid result: 
recall@10 : 0.01    recall@20 : 0.02    ndcg@10 : 0.015    ndcg@20 : 0.017    mrr@10 : 0.04    mrr@20 : 0.044    hit@10 : 0.111    hit@20 : 0.175    precision@10 : 0.012    precision@20 : 0.011
Mon 08 Jul 2024 18:49:32 INFO  Saving current: saved/ANS-Jul-08-2024_18-49-08.pth
Mon 08 Jul 2024 18:49:34 INFO  epoch 11 training [time: 1.63s, train loss: 70.8916]
