Wed 10 Jul 2024 16:32:27 INFO  ['run_recbole.py', '--model=ANS', '--dataset=lastfm']
Wed 10 Jul 2024 16:32:27 INFO  
General Hyper Parameters:
gpu_id = 0
use_gpu = True
seed = 2020
state = INFO
reproducibility = True
data_path = dataset/lastfm
checkpoint_dir = saved
show_progress = True
save_dataset = False
dataset_save_path = None
save_dataloaders = False
dataloaders_save_path = None
log_wandb = False

Training Hyper Parameters:
epochs = 500
train_batch_size = 1024
learner = adam
learning_rate = 0.001
train_neg_sample_args = {'distribution': 'uniform', 'sample_num': 5, 'alpha': 1.0, 'dynamic': False, 'candidate_num': 0}
eval_step = 1
stopping_step = 100
clip_grad_norm = None
weight_decay = 0.0
loss_decimal_place = 4

Evaluation Hyper Parameters:
eval_args = {'split': {'RS': [0.8, 0.1, 0.1]}, 'group_by': 'user', 'order': 'RO', 'mode': 'full'}
repeatable = False
metrics = ['Recall', 'NDCG', 'MRR', 'Hit', 'Precision']
topk = [10, 20]
valid_metric = Recall@20
valid_metric_bigger = True
eval_batch_size = 4096
metric_decimal_place = 3

Dataset Hyper Parameters:
field_separator = 	
seq_separator =  
USER_ID_FIELD = user_id
ITEM_ID_FIELD = artist_id
RATING_FIELD = rating
TIME_FIELD = timestamp
seq_len = None
LABEL_FIELD = label
threshold = None
NEG_PREFIX = neg_
load_col = {'inter': ['user_id', 'artist_id']}
unload_col = None
unused_col = None
additional_feat_suffix = None
rm_dup_inter = None
val_interval = None
filter_inter_by_user_or_item = True
user_inter_num_interval = None
item_inter_num_interval = None
alias_of_user_id = None
alias_of_item_id = None
alias_of_entity_id = None
alias_of_relation_id = None
preload_weight = None
normalize_field = None
normalize_all = True
ITEM_LIST_LENGTH_FIELD = item_length
LIST_SUFFIX = _list
MAX_ITEM_LIST_LENGTH = 50
POSITION_FIELD = position_id
HEAD_ENTITY_ID_FIELD = head_id
TAIL_ENTITY_ID_FIELD = tail_id
RELATION_ID_FIELD = relation_id
ENTITY_ID_FIELD = entity_id
kg_reverse_r = False
entity_kg_num_interval = None
relation_kg_num_interval = None
benchmark_filename = None

Other Hyper Parameters: 
worker = 0
wandb_project = recbole
shuffle = True
plot_learning_curve = False
require_pow = False
enable_amp = False
enable_scaler = True
transform = None
train_after_converge = True
positive_sampling = True
model_name_custom = -
data_augmentation = False
Q = 8
K = 3
P = 20
embedding_size = 64
n_layers = 2
reg_weight = 0.001
eps = 0.4
gamma = 0.01
numerical_features = []
discretization = None
MODEL_TYPE = ModelType.GENERAL
MODEL_INPUT_TYPE = InputType.PAIRWISE
eval_type = EvaluatorType.RANKING
single_spec = True
local_rank = 0
device = cuda
eval_neg_sample_args = {'distribution': 'uniform', 'sample_num': 'none'}


Wed 10 Jul 2024 16:32:28 INFO  lastfm
The number of users: 1893
Average actions of users: 49.06659619450317
The number of items: 17633
Average actions of items: 5.265086206896552
The number of inters: 92834
The sparsity of the dataset: 99.72188126708227%
Remain Fields: ['user_id', 'artist_id']
Wed 10 Jul 2024 16:32:28 INFO  [Training]: train_batch_size = [1024] train_neg_sample_args: [{'distribution': 'uniform', 'sample_num': 5, 'alpha': 1.0, 'dynamic': False, 'candidate_num': 0}]
Wed 10 Jul 2024 16:32:28 INFO  [Evaluation]: eval_batch_size = [4096] eval_args: [{'split': {'RS': [0.8, 0.1, 0.1]}, 'group_by': 'user', 'order': 'RO', 'mode': 'full'}]
Wed 10 Jul 2024 16:32:29 INFO  ANS(
  (user_embedding): Embedding(1893, 64)
  (item_embedding): Embedding(17633, 64)
  (mf_loss): BPRLoss()
  (reg_loss): EmbLoss()
  (user_gate): Linear(in_features=64, out_features=64, bias=True)
  (item_gate): Linear(in_features=64, out_features=64, bias=True)
  (pos_gate): Linear(in_features=64, out_features=64, bias=True)
  (neg_gate): Linear(in_features=64, out_features=64, bias=True)
  (hard_gate): Linear(in_features=64, out_features=64, bias=True)
  (conf_gate): Linear(in_features=64, out_features=64, bias=True)
  (easy_gate): Linear(in_features=64, out_features=64, bias=True)
  (margin_model): Linear(in_features=64, out_features=1, bias=True)
)
Trainable parameters: 1278849
Wed 10 Jul 2024 16:32:29 INFO  FLOPs: 0.0
Wed 10 Jul 2024 16:32:34 INFO  epoch 0 training [time: 3.72s, train loss: 207.1337]
Wed 10 Jul 2024 16:32:36 INFO  epoch 0 evaluating [time: 2.23s, valid_score: 0.146000]
Wed 10 Jul 2024 16:32:36 INFO  valid result: 
recall@10 : 0.089    recall@20 : 0.146    ndcg@10 : 0.076    ndcg@20 : 0.1    mrr@10 : 0.14    mrr@20 : 0.15    hit@10 : 0.345    hit@20 : 0.476    precision@10 : 0.044    precision@20 : 0.036
Wed 10 Jul 2024 16:32:36 INFO  Saving current: saved/ANS-Jul-10-2024_16-32-29.pth
Wed 10 Jul 2024 16:32:39 INFO  epoch 1 training [time: 2.96s, train loss: 139.3428]
Wed 10 Jul 2024 16:32:41 INFO  epoch 1 evaluating [time: 2.17s, valid_score: 0.142000]
Wed 10 Jul 2024 16:32:41 INFO  valid result: 
recall@10 : 0.081    recall@20 : 0.142    ndcg@10 : 0.07    ndcg@20 : 0.096    mrr@10 : 0.132    mrr@20 : 0.144    hit@10 : 0.323    hit@20 : 0.503    precision@10 : 0.04    precision@20 : 0.035
Wed 10 Jul 2024 16:32:44 INFO  epoch 2 training [time: 2.93s, train loss: 111.3737]
Wed 10 Jul 2024 16:32:46 INFO  epoch 2 evaluating [time: 2.19s, valid_score: 0.137000]
Wed 10 Jul 2024 16:32:46 INFO  valid result: 
recall@10 : 0.081    recall@20 : 0.137    ndcg@10 : 0.067    ndcg@20 : 0.091    mrr@10 : 0.124    mrr@20 : 0.136    hit@10 : 0.329    hit@20 : 0.492    precision@10 : 0.04    precision@20 : 0.034
Wed 10 Jul 2024 16:32:49 INFO  epoch 3 training [time: 3.13s, train loss: 94.8537]
Wed 10 Jul 2024 16:32:52 INFO  epoch 3 evaluating [time: 2.24s, valid_score: 0.133000]
Wed 10 Jul 2024 16:32:52 INFO  valid result: 
recall@10 : 0.078    recall@20 : 0.133    ndcg@10 : 0.062    ndcg@20 : 0.085    mrr@10 : 0.109    mrr@20 : 0.121    hit@10 : 0.315    hit@20 : 0.489    precision@10 : 0.038    precision@20 : 0.033
Wed 10 Jul 2024 16:32:54 INFO  epoch 4 training [time: 2.86s, train loss: 81.5720]
Wed 10 Jul 2024 16:32:57 INFO  epoch 4 evaluating [time: 2.17s, valid_score: 0.121000]
Wed 10 Jul 2024 16:32:57 INFO  valid result: 
recall@10 : 0.074    recall@20 : 0.121    ndcg@10 : 0.059    ndcg@20 : 0.079    mrr@10 : 0.105    mrr@20 : 0.114    hit@10 : 0.304    hit@20 : 0.446    precision@10 : 0.036    precision@20 : 0.03
Wed 10 Jul 2024 16:32:59 INFO  epoch 5 training [time: 2.83s, train loss: 71.5722]
Wed 10 Jul 2024 16:33:02 INFO  epoch 5 evaluating [time: 2.25s, valid_score: 0.124000]
Wed 10 Jul 2024 16:33:02 INFO  valid result: 
recall@10 : 0.074    recall@20 : 0.124    ndcg@10 : 0.06    ndcg@20 : 0.081    mrr@10 : 0.109    mrr@20 : 0.119    hit@10 : 0.303    hit@20 : 0.45    precision@10 : 0.036    precision@20 : 0.03
Wed 10 Jul 2024 16:33:04 INFO  epoch 6 training [time: 2.61s, train loss: 63.5634]
Wed 10 Jul 2024 16:33:06 INFO  epoch 6 evaluating [time: 2.23s, valid_score: 0.121000]
Wed 10 Jul 2024 16:33:06 INFO  valid result: 
recall@10 : 0.074    recall@20 : 0.121    ndcg@10 : 0.062    ndcg@20 : 0.082    mrr@10 : 0.117    mrr@20 : 0.127    hit@10 : 0.308    hit@20 : 0.454    precision@10 : 0.037    precision@20 : 0.03
Wed 10 Jul 2024 16:33:09 INFO  epoch 7 training [time: 2.72s, train loss: 56.6634]
Wed 10 Jul 2024 16:33:11 INFO  epoch 7 evaluating [time: 2.19s, valid_score: 0.120000]
Wed 10 Jul 2024 16:33:11 INFO  valid result: 
recall@10 : 0.072    recall@20 : 0.12    ndcg@10 : 0.059    ndcg@20 : 0.079    mrr@10 : 0.109    mrr@20 : 0.118    hit@10 : 0.306    hit@20 : 0.449    precision@10 : 0.036    precision@20 : 0.03
Wed 10 Jul 2024 16:33:14 INFO  epoch 8 training [time: 2.68s, train loss: 51.0618]
Wed 10 Jul 2024 16:33:16 INFO  epoch 8 evaluating [time: 2.33s, valid_score: 0.121000]
Wed 10 Jul 2024 16:33:16 INFO  valid result: 
recall@10 : 0.072    recall@20 : 0.121    ndcg@10 : 0.062    ndcg@20 : 0.083    mrr@10 : 0.121    mrr@20 : 0.131    hit@10 : 0.302    hit@20 : 0.446    precision@10 : 0.036    precision@20 : 0.03
Wed 10 Jul 2024 16:33:19 INFO  epoch 9 training [time: 2.87s, train loss: 46.1166]
Wed 10 Jul 2024 16:33:21 INFO  epoch 9 evaluating [time: 1.61s, valid_score: 0.124000]
Wed 10 Jul 2024 16:33:21 INFO  valid result: 
recall@10 : 0.072    recall@20 : 0.124    ndcg@10 : 0.061    ndcg@20 : 0.083    mrr@10 : 0.116    mrr@20 : 0.127    hit@10 : 0.3    hit@20 : 0.46    precision@10 : 0.035    precision@20 : 0.031
Wed 10 Jul 2024 16:33:24 INFO  epoch 10 training [time: 3.00s, train loss: 42.1027]
Wed 10 Jul 2024 16:33:26 INFO  epoch 10 evaluating [time: 1.78s, valid_score: 0.120000]
Wed 10 Jul 2024 16:33:26 INFO  valid result: 
recall@10 : 0.074    recall@20 : 0.12    ndcg@10 : 0.06    ndcg@20 : 0.08    mrr@10 : 0.11    mrr@20 : 0.12    hit@10 : 0.306    hit@20 : 0.448    precision@10 : 0.036    precision@20 : 0.03
Wed 10 Jul 2024 16:33:29 INFO  epoch 11 training [time: 2.84s, train loss: 39.3187]
Wed 10 Jul 2024 16:33:30 INFO  epoch 11 evaluating [time: 1.56s, valid_score: 0.116000]
Wed 10 Jul 2024 16:33:30 INFO  valid result: 
recall@10 : 0.068    recall@20 : 0.116    ndcg@10 : 0.057    ndcg@20 : 0.077    mrr@10 : 0.107    mrr@20 : 0.117    hit@10 : 0.29    hit@20 : 0.434    precision@10 : 0.034    precision@20 : 0.029
Wed 10 Jul 2024 16:33:33 INFO  epoch 12 training [time: 2.88s, train loss: 36.3035]
Wed 10 Jul 2024 16:33:34 INFO  epoch 12 evaluating [time: 1.52s, valid_score: 0.118000]
Wed 10 Jul 2024 16:33:34 INFO  valid result: 
recall@10 : 0.067    recall@20 : 0.118    ndcg@10 : 0.056    ndcg@20 : 0.078    mrr@10 : 0.105    mrr@20 : 0.116    hit@10 : 0.279    hit@20 : 0.444    precision@10 : 0.033    precision@20 : 0.029
Wed 10 Jul 2024 16:33:37 INFO  epoch 13 training [time: 2.84s, train loss: 33.9395]
Wed 10 Jul 2024 16:33:39 INFO  epoch 13 evaluating [time: 1.53s, valid_score: 0.114000]
Wed 10 Jul 2024 16:33:39 INFO  valid result: 
recall@10 : 0.065    recall@20 : 0.114    ndcg@10 : 0.055    ndcg@20 : 0.076    mrr@10 : 0.104    mrr@20 : 0.115    hit@10 : 0.277    hit@20 : 0.432    precision@10 : 0.032    precision@20 : 0.028
Wed 10 Jul 2024 16:33:42 INFO  epoch 14 training [time: 2.87s, train loss: 31.6716]
Wed 10 Jul 2024 16:33:43 INFO  epoch 14 evaluating [time: 1.57s, valid_score: 0.113000]
Wed 10 Jul 2024 16:33:43 INFO  valid result: 
recall@10 : 0.07    recall@20 : 0.113    ndcg@10 : 0.057    ndcg@20 : 0.076    mrr@10 : 0.105    mrr@20 : 0.115    hit@10 : 0.288    hit@20 : 0.43    precision@10 : 0.034    precision@20 : 0.028
Wed 10 Jul 2024 16:33:46 INFO  epoch 15 training [time: 2.91s, train loss: 29.8299]
Wed 10 Jul 2024 16:33:48 INFO  epoch 15 evaluating [time: 1.69s, valid_score: 0.112000]
Wed 10 Jul 2024 16:33:48 INFO  valid result: 
recall@10 : 0.066    recall@20 : 0.112    ndcg@10 : 0.054    ndcg@20 : 0.074    mrr@10 : 0.099    mrr@20 : 0.11    hit@10 : 0.274    hit@20 : 0.432    precision@10 : 0.033    precision@20 : 0.028
Wed 10 Jul 2024 16:33:51 INFO  epoch 16 training [time: 2.86s, train loss: 28.2877]
Wed 10 Jul 2024 16:33:52 INFO  epoch 16 evaluating [time: 1.59s, valid_score: 0.111000]
Wed 10 Jul 2024 16:33:52 INFO  valid result: 
recall@10 : 0.066    recall@20 : 0.111    ndcg@10 : 0.053    ndcg@20 : 0.072    mrr@10 : 0.096    mrr@20 : 0.106    hit@10 : 0.274    hit@20 : 0.424    precision@10 : 0.033    precision@20 : 0.027
Wed 10 Jul 2024 16:33:55 INFO  epoch 17 training [time: 2.86s, train loss: 26.9387]
Wed 10 Jul 2024 16:33:57 INFO  epoch 17 evaluating [time: 1.53s, valid_score: 0.110000]
Wed 10 Jul 2024 16:33:57 INFO  valid result: 
recall@10 : 0.065    recall@20 : 0.11    ndcg@10 : 0.054    ndcg@20 : 0.073    mrr@10 : 0.1    mrr@20 : 0.111    hit@10 : 0.272    hit@20 : 0.418    precision@10 : 0.032    precision@20 : 0.027
Wed 10 Jul 2024 16:34:00 INFO  epoch 18 training [time: 2.94s, train loss: 25.7848]
Wed 10 Jul 2024 16:34:01 INFO  epoch 18 evaluating [time: 1.54s, valid_score: 0.110000]
Wed 10 Jul 2024 16:34:01 INFO  valid result: 
recall@10 : 0.064    recall@20 : 0.11    ndcg@10 : 0.053    ndcg@20 : 0.073    mrr@10 : 0.099    mrr@20 : 0.109    hit@10 : 0.271    hit@20 : 0.416    precision@10 : 0.032    precision@20 : 0.027
Wed 10 Jul 2024 16:34:04 INFO  epoch 19 training [time: 2.99s, train loss: 24.4100]
Wed 10 Jul 2024 16:34:06 INFO  epoch 19 evaluating [time: 1.73s, valid_score: 0.109000]
Wed 10 Jul 2024 16:34:06 INFO  valid result: 
recall@10 : 0.063    recall@20 : 0.109    ndcg@10 : 0.053    ndcg@20 : 0.072    mrr@10 : 0.099    mrr@20 : 0.109    hit@10 : 0.273    hit@20 : 0.42    precision@10 : 0.032    precision@20 : 0.027
Wed 10 Jul 2024 16:34:09 INFO  epoch 20 training [time: 2.96s, train loss: 23.8004]
Wed 10 Jul 2024 16:34:10 INFO  epoch 20 evaluating [time: 1.53s, valid_score: 0.105000]
Wed 10 Jul 2024 16:34:10 INFO  valid result: 
recall@10 : 0.063    recall@20 : 0.105    ndcg@10 : 0.052    ndcg@20 : 0.07    mrr@10 : 0.099    mrr@20 : 0.109    hit@10 : 0.274    hit@20 : 0.413    precision@10 : 0.031    precision@20 : 0.026
Wed 10 Jul 2024 16:34:13 INFO  epoch 21 training [time: 2.90s, train loss: 22.6565]
Wed 10 Jul 2024 16:34:15 INFO  epoch 21 evaluating [time: 1.56s, valid_score: 0.103000]
Wed 10 Jul 2024 16:34:15 INFO  valid result: 
recall@10 : 0.062    recall@20 : 0.103    ndcg@10 : 0.051    ndcg@20 : 0.068    mrr@10 : 0.096    mrr@20 : 0.105    hit@10 : 0.272    hit@20 : 0.405    precision@10 : 0.031    precision@20 : 0.025
Wed 10 Jul 2024 16:34:18 INFO  epoch 22 training [time: 3.02s, train loss: 22.0439]
Wed 10 Jul 2024 16:34:20 INFO  epoch 22 evaluating [time: 1.70s, valid_score: 0.103000]
Wed 10 Jul 2024 16:34:20 INFO  valid result: 
recall@10 : 0.062    recall@20 : 0.103    ndcg@10 : 0.051    ndcg@20 : 0.068    mrr@10 : 0.095    mrr@20 : 0.104    hit@10 : 0.268    hit@20 : 0.401    precision@10 : 0.031    precision@20 : 0.025
Wed 10 Jul 2024 16:34:23 INFO  epoch 23 training [time: 2.91s, train loss: 21.4409]
Wed 10 Jul 2024 16:34:25 INFO  epoch 23 evaluating [time: 2.05s, valid_score: 0.100000]
Wed 10 Jul 2024 16:34:25 INFO  valid result: 
recall@10 : 0.059    recall@20 : 0.1    ndcg@10 : 0.049    ndcg@20 : 0.066    mrr@10 : 0.093    mrr@20 : 0.103    hit@10 : 0.25    hit@20 : 0.394    precision@10 : 0.029    precision@20 : 0.025
Wed 10 Jul 2024 16:34:28 INFO  epoch 24 training [time: 2.97s, train loss: 20.6271]
Wed 10 Jul 2024 16:34:29 INFO  epoch 24 evaluating [time: 1.64s, valid_score: 0.101000]
Wed 10 Jul 2024 16:34:29 INFO  valid result: 
recall@10 : 0.059    recall@20 : 0.101    ndcg@10 : 0.05    ndcg@20 : 0.068    mrr@10 : 0.097    mrr@20 : 0.106    hit@10 : 0.257    hit@20 : 0.398    precision@10 : 0.029    precision@20 : 0.025
Wed 10 Jul 2024 16:34:32 INFO  epoch 25 training [time: 3.10s, train loss: 20.3741]
Wed 10 Jul 2024 16:34:34 INFO  epoch 25 evaluating [time: 1.76s, valid_score: 0.100000]
Wed 10 Jul 2024 16:34:34 INFO  valid result: 
recall@10 : 0.061    recall@20 : 0.1    ndcg@10 : 0.051    ndcg@20 : 0.067    mrr@10 : 0.095    mrr@20 : 0.104    hit@10 : 0.26    hit@20 : 0.393    precision@10 : 0.03    precision@20 : 0.025
Wed 10 Jul 2024 16:34:37 INFO  epoch 26 training [time: 3.23s, train loss: 19.5633]
Wed 10 Jul 2024 16:34:39 INFO  epoch 26 evaluating [time: 1.79s, valid_score: 0.098000]
Wed 10 Jul 2024 16:34:39 INFO  valid result: 
recall@10 : 0.061    recall@20 : 0.098    ndcg@10 : 0.049    ndcg@20 : 0.065    mrr@10 : 0.09    mrr@20 : 0.098    hit@10 : 0.26    hit@20 : 0.384    precision@10 : 0.03    precision@20 : 0.024
Wed 10 Jul 2024 16:34:42 INFO  epoch 27 training [time: 3.04s, train loss: 19.5479]
Wed 10 Jul 2024 16:34:44 INFO  epoch 27 evaluating [time: 1.66s, valid_score: 0.101000]
Wed 10 Jul 2024 16:34:44 INFO  valid result: 
recall@10 : 0.062    recall@20 : 0.101    ndcg@10 : 0.05    ndcg@20 : 0.066    mrr@10 : 0.091    mrr@20 : 0.1    hit@10 : 0.26    hit@20 : 0.386    precision@10 : 0.03    precision@20 : 0.025
Wed 10 Jul 2024 16:34:47 INFO  epoch 28 training [time: 3.09s, train loss: 19.1745]
Wed 10 Jul 2024 16:34:49 INFO  epoch 28 evaluating [time: 1.73s, valid_score: 0.103000]
Wed 10 Jul 2024 16:34:49 INFO  valid result: 
recall@10 : 0.059    recall@20 : 0.103    ndcg@10 : 0.048    ndcg@20 : 0.067    mrr@10 : 0.089    mrr@20 : 0.1    hit@10 : 0.251    hit@20 : 0.404    precision@10 : 0.029    precision@20 : 0.025
Wed 10 Jul 2024 16:34:52 INFO  epoch 29 training [time: 3.09s, train loss: 18.5939]
Wed 10 Jul 2024 16:34:53 INFO  epoch 29 evaluating [time: 1.79s, valid_score: 0.102000]
Wed 10 Jul 2024 16:34:53 INFO  valid result: 
recall@10 : 0.058    recall@20 : 0.102    ndcg@10 : 0.047    ndcg@20 : 0.066    mrr@10 : 0.088    mrr@20 : 0.098    hit@10 : 0.249    hit@20 : 0.396    precision@10 : 0.028    precision@20 : 0.025
Wed 10 Jul 2024 16:34:56 INFO  epoch 30 training [time: 2.93s, train loss: 18.0724]
Wed 10 Jul 2024 16:34:58 INFO  epoch 30 evaluating [time: 1.61s, valid_score: 0.100000]
Wed 10 Jul 2024 16:34:58 INFO  valid result: 
recall@10 : 0.057    recall@20 : 0.1    ndcg@10 : 0.046    ndcg@20 : 0.064    mrr@10 : 0.085    mrr@20 : 0.096    hit@10 : 0.241    hit@20 : 0.394    precision@10 : 0.028    precision@20 : 0.024
Wed 10 Jul 2024 16:35:01 INFO  epoch 31 training [time: 2.91s, train loss: 17.6461]
Wed 10 Jul 2024 16:35:03 INFO  epoch 31 evaluating [time: 1.70s, valid_score: 0.099000]
Wed 10 Jul 2024 16:35:03 INFO  valid result: 
recall@10 : 0.058    recall@20 : 0.099    ndcg@10 : 0.047    ndcg@20 : 0.065    mrr@10 : 0.088    mrr@20 : 0.098    hit@10 : 0.246    hit@20 : 0.393    precision@10 : 0.028    precision@20 : 0.024
Wed 10 Jul 2024 16:35:06 INFO  epoch 32 training [time: 2.93s, train loss: 17.4437]
Wed 10 Jul 2024 16:35:07 INFO  epoch 32 evaluating [time: 1.75s, valid_score: 0.100000]
Wed 10 Jul 2024 16:35:07 INFO  valid result: 
recall@10 : 0.058    recall@20 : 0.1    ndcg@10 : 0.047    ndcg@20 : 0.065    mrr@10 : 0.088    mrr@20 : 0.098    hit@10 : 0.247    hit@20 : 0.391    precision@10 : 0.028    precision@20 : 0.025
Wed 10 Jul 2024 16:35:10 INFO  epoch 33 training [time: 2.94s, train loss: 16.8076]
Wed 10 Jul 2024 16:35:12 INFO  epoch 33 evaluating [time: 1.57s, valid_score: 0.098000]
Wed 10 Jul 2024 16:35:12 INFO  valid result: 
recall@10 : 0.057    recall@20 : 0.098    ndcg@10 : 0.046    ndcg@20 : 0.064    mrr@10 : 0.086    mrr@20 : 0.095    hit@10 : 0.246    hit@20 : 0.386    precision@10 : 0.028    precision@20 : 0.024
Wed 10 Jul 2024 16:35:15 INFO  epoch 34 training [time: 2.88s, train loss: 17.1805]
Wed 10 Jul 2024 16:35:16 INFO  epoch 34 evaluating [time: 1.67s, valid_score: 0.095000]
Wed 10 Jul 2024 16:35:16 INFO  valid result: 
recall@10 : 0.056    recall@20 : 0.095    ndcg@10 : 0.046    ndcg@20 : 0.062    mrr@10 : 0.084    mrr@20 : 0.093    hit@10 : 0.239    hit@20 : 0.374    precision@10 : 0.028    precision@20 : 0.023
Wed 10 Jul 2024 16:35:19 INFO  epoch 35 training [time: 2.87s, train loss: 16.4674]
Wed 10 Jul 2024 16:35:21 INFO  epoch 35 evaluating [time: 1.79s, valid_score: 0.095000]
Wed 10 Jul 2024 16:35:21 INFO  valid result: 
recall@10 : 0.058    recall@20 : 0.095    ndcg@10 : 0.047    ndcg@20 : 0.062    mrr@10 : 0.086    mrr@20 : 0.095    hit@10 : 0.245    hit@20 : 0.369    precision@10 : 0.028    precision@20 : 0.023
Wed 10 Jul 2024 16:35:24 INFO  epoch 36 training [time: 2.95s, train loss: 16.4709]
Wed 10 Jul 2024 16:35:26 INFO  epoch 36 evaluating [time: 1.61s, valid_score: 0.095000]
Wed 10 Jul 2024 16:35:26 INFO  valid result: 
recall@10 : 0.059    recall@20 : 0.095    ndcg@10 : 0.047    ndcg@20 : 0.063    mrr@10 : 0.086    mrr@20 : 0.095    hit@10 : 0.247    hit@20 : 0.372    precision@10 : 0.029    precision@20 : 0.023
Wed 10 Jul 2024 16:35:28 INFO  epoch 37 training [time: 2.86s, train loss: 16.4253]
Wed 10 Jul 2024 16:35:30 INFO  epoch 37 evaluating [time: 1.70s, valid_score: 0.096000]
Wed 10 Jul 2024 16:35:30 INFO  valid result: 
recall@10 : 0.057    recall@20 : 0.096    ndcg@10 : 0.046    ndcg@20 : 0.063    mrr@10 : 0.086    mrr@20 : 0.094    hit@10 : 0.241    hit@20 : 0.374    precision@10 : 0.028    precision@20 : 0.024
Wed 10 Jul 2024 16:35:33 INFO  epoch 38 training [time: 2.96s, train loss: 15.8396]
Wed 10 Jul 2024 16:35:35 INFO  epoch 38 evaluating [time: 1.83s, valid_score: 0.096000]
Wed 10 Jul 2024 16:35:35 INFO  valid result: 
recall@10 : 0.056    recall@20 : 0.096    ndcg@10 : 0.047    ndcg@20 : 0.064    mrr@10 : 0.088    mrr@20 : 0.098    hit@10 : 0.239    hit@20 : 0.38    precision@10 : 0.028    precision@20 : 0.024
Wed 10 Jul 2024 16:35:38 INFO  epoch 39 training [time: 2.96s, train loss: 15.7152]
Wed 10 Jul 2024 16:35:40 INFO  epoch 39 evaluating [time: 1.66s, valid_score: 0.097000]
Wed 10 Jul 2024 16:35:40 INFO  valid result: 
recall@10 : 0.056    recall@20 : 0.097    ndcg@10 : 0.046    ndcg@20 : 0.063    mrr@10 : 0.084    mrr@20 : 0.094    hit@10 : 0.233    hit@20 : 0.379    precision@10 : 0.027    precision@20 : 0.024
Wed 10 Jul 2024 16:35:43 INFO  epoch 40 training [time: 2.95s, train loss: 15.4688]
Wed 10 Jul 2024 16:35:44 INFO  epoch 40 evaluating [time: 1.68s, valid_score: 0.097000]
Wed 10 Jul 2024 16:35:44 INFO  valid result: 
recall@10 : 0.054    recall@20 : 0.097    ndcg@10 : 0.046    ndcg@20 : 0.064    mrr@10 : 0.086    mrr@20 : 0.096    hit@10 : 0.228    hit@20 : 0.38    precision@10 : 0.027    precision@20 : 0.024
Wed 10 Jul 2024 16:35:47 INFO  epoch 41 training [time: 2.98s, train loss: 15.3538]
Wed 10 Jul 2024 16:35:49 INFO  epoch 41 evaluating [time: 1.70s, valid_score: 0.098000]
Wed 10 Jul 2024 16:35:49 INFO  valid result: 
recall@10 : 0.056    recall@20 : 0.098    ndcg@10 : 0.047    ndcg@20 : 0.065    mrr@10 : 0.088    mrr@20 : 0.098    hit@10 : 0.236    hit@20 : 0.381    precision@10 : 0.028    precision@20 : 0.024
Wed 10 Jul 2024 16:35:52 INFO  epoch 42 training [time: 2.97s, train loss: 15.2748]
Wed 10 Jul 2024 16:35:54 INFO  epoch 42 evaluating [time: 1.86s, valid_score: 0.101000]
Wed 10 Jul 2024 16:35:54 INFO  valid result: 
recall@10 : 0.056    recall@20 : 0.101    ndcg@10 : 0.047    ndcg@20 : 0.065    mrr@10 : 0.088    mrr@20 : 0.098    hit@10 : 0.236    hit@20 : 0.387    precision@10 : 0.027    precision@20 : 0.025
Wed 10 Jul 2024 16:35:57 INFO  epoch 43 training [time: 2.93s, train loss: 15.2094]
Wed 10 Jul 2024 16:35:58 INFO  epoch 43 evaluating [time: 1.66s, valid_score: 0.099000]
Wed 10 Jul 2024 16:35:58 INFO  valid result: 
recall@10 : 0.057    recall@20 : 0.099    ndcg@10 : 0.046    ndcg@20 : 0.064    mrr@10 : 0.085    mrr@20 : 0.096    hit@10 : 0.236    hit@20 : 0.385    precision@10 : 0.028    precision@20 : 0.024
Wed 10 Jul 2024 16:36:01 INFO  epoch 44 training [time: 2.97s, train loss: 15.0152]
Wed 10 Jul 2024 16:36:03 INFO  epoch 44 evaluating [time: 1.66s, valid_score: 0.098000]
Wed 10 Jul 2024 16:36:03 INFO  valid result: 
recall@10 : 0.055    recall@20 : 0.098    ndcg@10 : 0.046    ndcg@20 : 0.064    mrr@10 : 0.087    mrr@20 : 0.098    hit@10 : 0.23    hit@20 : 0.381    precision@10 : 0.027    precision@20 : 0.024
Wed 10 Jul 2024 16:36:06 INFO  epoch 45 training [time: 3.04s, train loss: 14.7712]
Wed 10 Jul 2024 16:36:08 INFO  epoch 45 evaluating [time: 1.75s, valid_score: 0.097000]
Wed 10 Jul 2024 16:36:08 INFO  valid result: 
recall@10 : 0.057    recall@20 : 0.097    ndcg@10 : 0.046    ndcg@20 : 0.063    mrr@10 : 0.085    mrr@20 : 0.095    hit@10 : 0.24    hit@20 : 0.383    precision@10 : 0.028    precision@20 : 0.024
Wed 10 Jul 2024 16:36:11 INFO  epoch 46 training [time: 3.09s, train loss: 14.7952]
Wed 10 Jul 2024 16:36:13 INFO  epoch 46 evaluating [time: 1.91s, valid_score: 0.098000]
Wed 10 Jul 2024 16:36:13 INFO  valid result: 
recall@10 : 0.056    recall@20 : 0.098    ndcg@10 : 0.046    ndcg@20 : 0.064    mrr@10 : 0.088    mrr@20 : 0.098    hit@10 : 0.236    hit@20 : 0.383    precision@10 : 0.027    precision@20 : 0.024
Wed 10 Jul 2024 16:36:16 INFO  epoch 47 training [time: 2.79s, train loss: 14.4050]
Wed 10 Jul 2024 16:36:17 INFO  epoch 47 evaluating [time: 1.64s, valid_score: 0.098000]
Wed 10 Jul 2024 16:36:17 INFO  valid result: 
recall@10 : 0.057    recall@20 : 0.098    ndcg@10 : 0.046    ndcg@20 : 0.063    mrr@10 : 0.086    mrr@20 : 0.095    hit@10 : 0.24    hit@20 : 0.386    precision@10 : 0.028    precision@20 : 0.024
Wed 10 Jul 2024 16:36:20 INFO  epoch 48 training [time: 2.88s, train loss: 14.3811]
Wed 10 Jul 2024 16:36:22 INFO  epoch 48 evaluating [time: 1.87s, valid_score: 0.098000]
Wed 10 Jul 2024 16:36:22 INFO  valid result: 
recall@10 : 0.056    recall@20 : 0.098    ndcg@10 : 0.046    ndcg@20 : 0.064    mrr@10 : 0.087    mrr@20 : 0.097    hit@10 : 0.239    hit@20 : 0.38    precision@10 : 0.027    precision@20 : 0.024
Wed 10 Jul 2024 16:36:25 INFO  epoch 49 training [time: 2.88s, train loss: 14.3297]
Wed 10 Jul 2024 16:36:27 INFO  epoch 49 evaluating [time: 1.85s, valid_score: 0.098000]
Wed 10 Jul 2024 16:36:27 INFO  valid result: 
recall@10 : 0.055    recall@20 : 0.098    ndcg@10 : 0.044    ndcg@20 : 0.063    mrr@10 : 0.083    mrr@20 : 0.094    hit@10 : 0.232    hit@20 : 0.386    precision@10 : 0.027    precision@20 : 0.024
Wed 10 Jul 2024 16:36:30 INFO  epoch 50 training [time: 2.87s, train loss: 14.1812]
Wed 10 Jul 2024 16:36:31 INFO  epoch 50 evaluating [time: 1.79s, valid_score: 0.099000]
Wed 10 Jul 2024 16:36:31 INFO  valid result: 
recall@10 : 0.054    recall@20 : 0.099    ndcg@10 : 0.044    ndcg@20 : 0.063    mrr@10 : 0.083    mrr@20 : 0.094    hit@10 : 0.229    hit@20 : 0.385    precision@10 : 0.026    precision@20 : 0.024
Wed 10 Jul 2024 16:36:34 INFO  epoch 51 training [time: 3.01s, train loss: 13.9848]
Wed 10 Jul 2024 16:36:36 INFO  epoch 51 evaluating [time: 1.68s, valid_score: 0.098000]
Wed 10 Jul 2024 16:36:36 INFO  valid result: 
recall@10 : 0.056    recall@20 : 0.098    ndcg@10 : 0.046    ndcg@20 : 0.064    mrr@10 : 0.086    mrr@20 : 0.096    hit@10 : 0.235    hit@20 : 0.38    precision@10 : 0.027    precision@20 : 0.024
Wed 10 Jul 2024 16:36:39 INFO  epoch 52 training [time: 3.00s, train loss: 14.0033]
Wed 10 Jul 2024 16:36:41 INFO  epoch 52 evaluating [time: 1.65s, valid_score: 0.100000]
Wed 10 Jul 2024 16:36:41 INFO  valid result: 
recall@10 : 0.059    recall@20 : 0.1    ndcg@10 : 0.048    ndcg@20 : 0.065    mrr@10 : 0.089    mrr@20 : 0.099    hit@10 : 0.246    hit@20 : 0.386    precision@10 : 0.029    precision@20 : 0.024
Wed 10 Jul 2024 16:36:44 INFO  epoch 53 training [time: 2.92s, train loss: 13.8726]
Wed 10 Jul 2024 16:36:45 INFO  epoch 53 evaluating [time: 1.81s, valid_score: 0.101000]
Wed 10 Jul 2024 16:36:45 INFO  valid result: 
recall@10 : 0.06    recall@20 : 0.101    ndcg@10 : 0.049    ndcg@20 : 0.066    mrr@10 : 0.09    mrr@20 : 0.1    hit@10 : 0.251    hit@20 : 0.391    precision@10 : 0.029    precision@20 : 0.025
Wed 10 Jul 2024 16:36:48 INFO  epoch 54 training [time: 2.95s, train loss: 13.6424]
Wed 10 Jul 2024 16:36:50 INFO  epoch 54 evaluating [time: 1.72s, valid_score: 0.101000]
Wed 10 Jul 2024 16:36:50 INFO  valid result: 
recall@10 : 0.062    recall@20 : 0.101    ndcg@10 : 0.05    ndcg@20 : 0.067    mrr@10 : 0.094    mrr@20 : 0.103    hit@10 : 0.259    hit@20 : 0.394    precision@10 : 0.03    precision@20 : 0.025
Wed 10 Jul 2024 16:36:53 INFO  epoch 55 training [time: 2.92s, train loss: 13.6282]
Wed 10 Jul 2024 16:36:55 INFO  epoch 55 evaluating [time: 1.75s, valid_score: 0.100000]
Wed 10 Jul 2024 16:36:55 INFO  valid result: 
recall@10 : 0.06    recall@20 : 0.1    ndcg@10 : 0.049    ndcg@20 : 0.066    mrr@10 : 0.091    mrr@20 : 0.1    hit@10 : 0.251    hit@20 : 0.386    precision@10 : 0.029    precision@20 : 0.024
Wed 10 Jul 2024 16:36:58 INFO  epoch 56 training [time: 2.95s, train loss: 13.5462]
Wed 10 Jul 2024 16:36:59 INFO  epoch 56 evaluating [time: 1.69s, valid_score: 0.101000]
Wed 10 Jul 2024 16:36:59 INFO  valid result: 
recall@10 : 0.06    recall@20 : 0.101    ndcg@10 : 0.049    ndcg@20 : 0.067    mrr@10 : 0.092    mrr@20 : 0.102    hit@10 : 0.254    hit@20 : 0.392    precision@10 : 0.029    precision@20 : 0.025
Wed 10 Jul 2024 16:37:02 INFO  epoch 57 training [time: 2.93s, train loss: 13.3246]
Wed 10 Jul 2024 16:37:04 INFO  epoch 57 evaluating [time: 1.63s, valid_score: 0.102000]
Wed 10 Jul 2024 16:37:04 INFO  valid result: 
recall@10 : 0.059    recall@20 : 0.102    ndcg@10 : 0.049    ndcg@20 : 0.067    mrr@10 : 0.092    mrr@20 : 0.102    hit@10 : 0.25    hit@20 : 0.391    precision@10 : 0.029    precision@20 : 0.025
Wed 10 Jul 2024 16:37:07 INFO  epoch 58 training [time: 2.93s, train loss: 13.3683]
Wed 10 Jul 2024 16:37:08 INFO  epoch 58 evaluating [time: 1.62s, valid_score: 0.103000]
Wed 10 Jul 2024 16:37:08 INFO  valid result: 
recall@10 : 0.061    recall@20 : 0.103    ndcg@10 : 0.049    ndcg@20 : 0.067    mrr@10 : 0.09    mrr@20 : 0.1    hit@10 : 0.259    hit@20 : 0.397    precision@10 : 0.03    precision@20 : 0.025
Wed 10 Jul 2024 16:37:11 INFO  epoch 59 training [time: 2.87s, train loss: 13.5446]
Wed 10 Jul 2024 16:37:13 INFO  epoch 59 evaluating [time: 1.60s, valid_score: 0.103000]
Wed 10 Jul 2024 16:37:13 INFO  valid result: 
recall@10 : 0.059    recall@20 : 0.103    ndcg@10 : 0.049    ndcg@20 : 0.067    mrr@10 : 0.09    mrr@20 : 0.1    hit@10 : 0.252    hit@20 : 0.394    precision@10 : 0.029    precision@20 : 0.025
Wed 10 Jul 2024 16:37:16 INFO  epoch 60 training [time: 2.94s, train loss: 13.2436]
Wed 10 Jul 2024 16:37:17 INFO  epoch 60 evaluating [time: 1.59s, valid_score: 0.102000]
Wed 10 Jul 2024 16:37:17 INFO  valid result: 
recall@10 : 0.06    recall@20 : 0.102    ndcg@10 : 0.049    ndcg@20 : 0.067    mrr@10 : 0.092    mrr@20 : 0.101    hit@10 : 0.259    hit@20 : 0.39    precision@10 : 0.03    precision@20 : 0.025
Wed 10 Jul 2024 16:37:20 INFO  epoch 61 training [time: 2.89s, train loss: 13.2394]
Wed 10 Jul 2024 16:37:22 INFO  epoch 61 evaluating [time: 1.62s, valid_score: 0.101000]
Wed 10 Jul 2024 16:37:22 INFO  valid result: 
recall@10 : 0.058    recall@20 : 0.101    ndcg@10 : 0.048    ndcg@20 : 0.066    mrr@10 : 0.09    mrr@20 : 0.1    hit@10 : 0.252    hit@20 : 0.398    precision@10 : 0.029    precision@20 : 0.025
Wed 10 Jul 2024 16:37:25 INFO  epoch 62 training [time: 2.93s, train loss: 13.3162]
Wed 10 Jul 2024 16:37:27 INFO  epoch 62 evaluating [time: 1.72s, valid_score: 0.101000]
Wed 10 Jul 2024 16:37:27 INFO  valid result: 
recall@10 : 0.059    recall@20 : 0.101    ndcg@10 : 0.05    ndcg@20 : 0.068    mrr@10 : 0.095    mrr@20 : 0.105    hit@10 : 0.252    hit@20 : 0.39    precision@10 : 0.029    precision@20 : 0.025
Wed 10 Jul 2024 16:37:30 INFO  epoch 63 training [time: 2.98s, train loss: 13.0493]
Wed 10 Jul 2024 16:37:31 INFO  epoch 63 evaluating [time: 1.62s, valid_score: 0.102000]
Wed 10 Jul 2024 16:37:31 INFO  valid result: 
recall@10 : 0.061    recall@20 : 0.102    ndcg@10 : 0.05    ndcg@20 : 0.067    mrr@10 : 0.093    mrr@20 : 0.103    hit@10 : 0.26    hit@20 : 0.393    precision@10 : 0.03    precision@20 : 0.025
Wed 10 Jul 2024 16:37:34 INFO  epoch 64 training [time: 2.95s, train loss: 12.9783]
Wed 10 Jul 2024 16:37:36 INFO  epoch 64 evaluating [time: 1.65s, valid_score: 0.103000]
Wed 10 Jul 2024 16:37:36 INFO  valid result: 
recall@10 : 0.06    recall@20 : 0.103    ndcg@10 : 0.05    ndcg@20 : 0.068    mrr@10 : 0.092    mrr@20 : 0.102    hit@10 : 0.256    hit@20 : 0.396    precision@10 : 0.03    precision@20 : 0.025
Wed 10 Jul 2024 16:37:39 INFO  epoch 65 training [time: 2.90s, train loss: 12.9756]
Wed 10 Jul 2024 16:37:40 INFO  epoch 65 evaluating [time: 1.58s, valid_score: 0.103000]
Wed 10 Jul 2024 16:37:40 INFO  valid result: 
recall@10 : 0.061    recall@20 : 0.103    ndcg@10 : 0.049    ndcg@20 : 0.067    mrr@10 : 0.091    mrr@20 : 0.1    hit@10 : 0.262    hit@20 : 0.398    precision@10 : 0.03    precision@20 : 0.025
Wed 10 Jul 2024 16:37:43 INFO  epoch 66 training [time: 2.88s, train loss: 12.9798]
Wed 10 Jul 2024 16:37:45 INFO  epoch 66 evaluating [time: 1.58s, valid_score: 0.103000]
Wed 10 Jul 2024 16:37:45 INFO  valid result: 
recall@10 : 0.063    recall@20 : 0.103    ndcg@10 : 0.051    ndcg@20 : 0.068    mrr@10 : 0.094    mrr@20 : 0.103    hit@10 : 0.265    hit@20 : 0.397    precision@10 : 0.031    precision@20 : 0.026
Wed 10 Jul 2024 16:37:48 INFO  epoch 67 training [time: 2.93s, train loss: 12.9710]
Wed 10 Jul 2024 16:37:49 INFO  epoch 67 evaluating [time: 1.55s, valid_score: 0.103000]
Wed 10 Jul 2024 16:37:49 INFO  valid result: 
recall@10 : 0.062    recall@20 : 0.103    ndcg@10 : 0.051    ndcg@20 : 0.068    mrr@10 : 0.092    mrr@20 : 0.102    hit@10 : 0.26    hit@20 : 0.398    precision@10 : 0.031    precision@20 : 0.025
Wed 10 Jul 2024 16:37:52 INFO  epoch 68 training [time: 2.98s, train loss: 12.9267]
Wed 10 Jul 2024 16:37:54 INFO  epoch 68 evaluating [time: 1.64s, valid_score: 0.104000]
Wed 10 Jul 2024 16:37:54 INFO  valid result: 
recall@10 : 0.065    recall@20 : 0.104    ndcg@10 : 0.052    ndcg@20 : 0.068    mrr@10 : 0.093    mrr@20 : 0.102    hit@10 : 0.27    hit@20 : 0.4    precision@10 : 0.032    precision@20 : 0.026
Wed 10 Jul 2024 16:37:57 INFO  epoch 69 training [time: 2.93s, train loss: 12.6581]
Wed 10 Jul 2024 16:37:58 INFO  epoch 69 evaluating [time: 1.52s, valid_score: 0.103000]
Wed 10 Jul 2024 16:37:58 INFO  valid result: 
recall@10 : 0.063    recall@20 : 0.103    ndcg@10 : 0.052    ndcg@20 : 0.069    mrr@10 : 0.096    mrr@20 : 0.105    hit@10 : 0.265    hit@20 : 0.396    precision@10 : 0.031    precision@20 : 0.025
Wed 10 Jul 2024 16:38:01 INFO  epoch 70 training [time: 2.89s, train loss: 12.6158]
Wed 10 Jul 2024 16:38:03 INFO  epoch 70 evaluating [time: 1.59s, valid_score: 0.103000]
Wed 10 Jul 2024 16:38:03 INFO  valid result: 
recall@10 : 0.063    recall@20 : 0.103    ndcg@10 : 0.052    ndcg@20 : 0.069    mrr@10 : 0.097    mrr@20 : 0.106    hit@10 : 0.267    hit@20 : 0.399    precision@10 : 0.031    precision@20 : 0.025
Wed 10 Jul 2024 16:38:06 INFO  epoch 71 training [time: 2.88s, train loss: 12.4279]
Wed 10 Jul 2024 16:38:07 INFO  epoch 71 evaluating [time: 1.55s, valid_score: 0.102000]
Wed 10 Jul 2024 16:38:07 INFO  valid result: 
recall@10 : 0.063    recall@20 : 0.102    ndcg@10 : 0.052    ndcg@20 : 0.069    mrr@10 : 0.097    mrr@20 : 0.106    hit@10 : 0.264    hit@20 : 0.397    precision@10 : 0.031    precision@20 : 0.025
Wed 10 Jul 2024 16:38:10 INFO  epoch 72 training [time: 2.88s, train loss: 12.6547]
Wed 10 Jul 2024 16:38:12 INFO  epoch 72 evaluating [time: 1.51s, valid_score: 0.105000]
Wed 10 Jul 2024 16:38:12 INFO  valid result: 
recall@10 : 0.064    recall@20 : 0.105    ndcg@10 : 0.053    ndcg@20 : 0.07    mrr@10 : 0.098    mrr@20 : 0.107    hit@10 : 0.267    hit@20 : 0.404    precision@10 : 0.031    precision@20 : 0.026
Wed 10 Jul 2024 16:38:14 INFO  epoch 73 training [time: 2.86s, train loss: 12.5670]
Wed 10 Jul 2024 16:38:16 INFO  epoch 73 evaluating [time: 1.54s, valid_score: 0.102000]
Wed 10 Jul 2024 16:38:16 INFO  valid result: 
recall@10 : 0.063    recall@20 : 0.102    ndcg@10 : 0.052    ndcg@20 : 0.068    mrr@10 : 0.097    mrr@20 : 0.105    hit@10 : 0.262    hit@20 : 0.39    precision@10 : 0.031    precision@20 : 0.025
Wed 10 Jul 2024 16:38:19 INFO  epoch 74 training [time: 2.88s, train loss: 12.5765]
Wed 10 Jul 2024 16:38:21 INFO  epoch 74 evaluating [time: 1.69s, valid_score: 0.103000]
Wed 10 Jul 2024 16:38:21 INFO  valid result: 
recall@10 : 0.065    recall@20 : 0.103    ndcg@10 : 0.053    ndcg@20 : 0.07    mrr@10 : 0.099    mrr@20 : 0.108    hit@10 : 0.265    hit@20 : 0.397    precision@10 : 0.032    precision@20 : 0.025
Wed 10 Jul 2024 16:38:24 INFO  epoch 75 training [time: 2.97s, train loss: 12.5562]
Wed 10 Jul 2024 16:38:25 INFO  epoch 75 evaluating [time: 1.52s, valid_score: 0.105000]
Wed 10 Jul 2024 16:38:25 INFO  valid result: 
recall@10 : 0.065    recall@20 : 0.105    ndcg@10 : 0.054    ndcg@20 : 0.07    mrr@10 : 0.098    mrr@20 : 0.107    hit@10 : 0.267    hit@20 : 0.403    precision@10 : 0.032    precision@20 : 0.026
Wed 10 Jul 2024 16:38:28 INFO  epoch 76 training [time: 3.02s, train loss: 12.4275]
Wed 10 Jul 2024 16:38:30 INFO  epoch 76 evaluating [time: 1.62s, valid_score: 0.103000]
Wed 10 Jul 2024 16:38:30 INFO  valid result: 
recall@10 : 0.065    recall@20 : 0.103    ndcg@10 : 0.053    ndcg@20 : 0.069    mrr@10 : 0.095    mrr@20 : 0.104    hit@10 : 0.268    hit@20 : 0.398    precision@10 : 0.032    precision@20 : 0.026
Wed 10 Jul 2024 16:38:33 INFO  epoch 77 training [time: 2.85s, train loss: 12.3472]
Wed 10 Jul 2024 16:38:34 INFO  epoch 77 evaluating [time: 1.51s, valid_score: 0.103000]
Wed 10 Jul 2024 16:38:34 INFO  valid result: 
recall@10 : 0.065    recall@20 : 0.103    ndcg@10 : 0.053    ndcg@20 : 0.069    mrr@10 : 0.095    mrr@20 : 0.104    hit@10 : 0.268    hit@20 : 0.399    precision@10 : 0.032    precision@20 : 0.026
Wed 10 Jul 2024 16:38:37 INFO  epoch 78 training [time: 2.94s, train loss: 12.2809]
Wed 10 Jul 2024 16:38:39 INFO  epoch 78 evaluating [time: 1.58s, valid_score: 0.103000]
Wed 10 Jul 2024 16:38:39 INFO  valid result: 
recall@10 : 0.063    recall@20 : 0.103    ndcg@10 : 0.052    ndcg@20 : 0.069    mrr@10 : 0.097    mrr@20 : 0.107    hit@10 : 0.261    hit@20 : 0.401    precision@10 : 0.031    precision@20 : 0.025
Wed 10 Jul 2024 16:38:42 INFO  epoch 79 training [time: 2.92s, train loss: 12.3223]
Wed 10 Jul 2024 16:38:43 INFO  epoch 79 evaluating [time: 1.57s, valid_score: 0.102000]
Wed 10 Jul 2024 16:38:43 INFO  valid result: 
recall@10 : 0.063    recall@20 : 0.102    ndcg@10 : 0.052    ndcg@20 : 0.069    mrr@10 : 0.097    mrr@20 : 0.106    hit@10 : 0.266    hit@20 : 0.397    precision@10 : 0.031    precision@20 : 0.025
Wed 10 Jul 2024 16:38:46 INFO  epoch 80 training [time: 2.89s, train loss: 12.0815]
Wed 10 Jul 2024 16:38:48 INFO  epoch 80 evaluating [time: 1.54s, valid_score: 0.103000]
Wed 10 Jul 2024 16:38:48 INFO  valid result: 
recall@10 : 0.062    recall@20 : 0.103    ndcg@10 : 0.052    ndcg@20 : 0.069    mrr@10 : 0.098    mrr@20 : 0.108    hit@10 : 0.262    hit@20 : 0.397    precision@10 : 0.031    precision@20 : 0.025
Wed 10 Jul 2024 16:38:50 INFO  epoch 81 training [time: 2.82s, train loss: 12.3608]
Wed 10 Jul 2024 16:38:52 INFO  epoch 81 evaluating [time: 1.50s, valid_score: 0.103000]
Wed 10 Jul 2024 16:38:52 INFO  valid result: 
recall@10 : 0.064    recall@20 : 0.103    ndcg@10 : 0.053    ndcg@20 : 0.07    mrr@10 : 0.1    mrr@20 : 0.109    hit@10 : 0.268    hit@20 : 0.398    precision@10 : 0.032    precision@20 : 0.025
Wed 10 Jul 2024 16:38:55 INFO  epoch 82 training [time: 2.83s, train loss: 12.2085]
Wed 10 Jul 2024 16:38:56 INFO  epoch 82 evaluating [time: 1.48s, valid_score: 0.101000]
Wed 10 Jul 2024 16:38:56 INFO  valid result: 
recall@10 : 0.062    recall@20 : 0.101    ndcg@10 : 0.053    ndcg@20 : 0.069    mrr@10 : 0.1    mrr@20 : 0.109    hit@10 : 0.259    hit@20 : 0.392    precision@10 : 0.031    precision@20 : 0.025
Wed 10 Jul 2024 16:38:59 INFO  epoch 83 training [time: 2.82s, train loss: 12.3463]
Wed 10 Jul 2024 16:39:00 INFO  epoch 83 evaluating [time: 1.43s, valid_score: 0.103000]
Wed 10 Jul 2024 16:39:00 INFO  valid result: 
recall@10 : 0.063    recall@20 : 0.103    ndcg@10 : 0.053    ndcg@20 : 0.069    mrr@10 : 0.099    mrr@20 : 0.108    hit@10 : 0.265    hit@20 : 0.394    precision@10 : 0.031    precision@20 : 0.025
Wed 10 Jul 2024 16:39:03 INFO  epoch 84 training [time: 2.90s, train loss: 12.2143]
Wed 10 Jul 2024 16:39:05 INFO  epoch 84 evaluating [time: 1.47s, valid_score: 0.104000]
Wed 10 Jul 2024 16:39:05 INFO  valid result: 
recall@10 : 0.062    recall@20 : 0.104    ndcg@10 : 0.053    ndcg@20 : 0.07    mrr@10 : 0.101    mrr@20 : 0.11    hit@10 : 0.261    hit@20 : 0.401    precision@10 : 0.031    precision@20 : 0.026
