Wed 10 Jul 2024 20:44:27 INFO  ['run_recbole.py', '--model=ANS', '--dataset=lastfm']
Wed 10 Jul 2024 20:44:27 INFO  
General Hyper Parameters:
gpu_id = 0
use_gpu = True
seed = 2020
state = INFO
reproducibility = True
data_path = dataset/lastfm
checkpoint_dir = saved
show_progress = True
save_dataset = False
dataset_save_path = None
save_dataloaders = False
dataloaders_save_path = None
log_wandb = False

Training Hyper Parameters:
epochs = 500
train_batch_size = 4096
learner = adam
learning_rate = 0.001
train_neg_sample_args = {'distribution': 'uniform', 'sample_num': 5, 'alpha': 1.0, 'dynamic': False, 'candidate_num': 0}
eval_step = 4
stopping_step = 10
clip_grad_norm = None
weight_decay = 0.0
loss_decimal_place = 4

Evaluation Hyper Parameters:
eval_args = {'split': {'RS': [0.8, 0.1, 0.1]}, 'group_by': 'user', 'order': 'RO', 'mode': 'full'}
repeatable = False
metrics = ['Recall', 'NDCG', 'MRR', 'Hit', 'Precision']
topk = [10, 20]
valid_metric = Recall@20
valid_metric_bigger = True
eval_batch_size = 4096
metric_decimal_place = 3

Dataset Hyper Parameters:
field_separator = 	
seq_separator =  
USER_ID_FIELD = user_id
ITEM_ID_FIELD = artist_id
RATING_FIELD = rating
TIME_FIELD = timestamp
seq_len = None
LABEL_FIELD = label
threshold = None
NEG_PREFIX = neg_
load_col = {'inter': ['user_id', 'artist_id']}
unload_col = None
unused_col = None
additional_feat_suffix = None
rm_dup_inter = None
val_interval = None
filter_inter_by_user_or_item = True
user_inter_num_interval = None
item_inter_num_interval = None
alias_of_user_id = None
alias_of_item_id = None
alias_of_entity_id = None
alias_of_relation_id = None
preload_weight = None
normalize_field = None
normalize_all = True
ITEM_LIST_LENGTH_FIELD = item_length
LIST_SUFFIX = _list
MAX_ITEM_LIST_LENGTH = 50
POSITION_FIELD = position_id
HEAD_ENTITY_ID_FIELD = head_id
TAIL_ENTITY_ID_FIELD = tail_id
RELATION_ID_FIELD = relation_id
ENTITY_ID_FIELD = entity_id
kg_reverse_r = False
entity_kg_num_interval = None
relation_kg_num_interval = None
benchmark_filename = None

Other Hyper Parameters: 
worker = 0
wandb_project = recbole
shuffle = True
plot_learning_curve = False
require_pow = False
enable_amp = False
enable_scaler = True
transform = None
train_after_converge = True
positive_sampling = True
model_name_custom = -
data_augmentation = False
Q = 8
K = 3
P = 20
embedding_size = 64
n_layers = 3
reg_weight = 1e-05
eps = 0.0
gamma = 0.0
numerical_features = []
discretization = None
MODEL_TYPE = ModelType.GENERAL
MODEL_INPUT_TYPE = InputType.PAIRWISE
eval_type = EvaluatorType.RANKING
single_spec = True
local_rank = 0
device = cuda
eval_neg_sample_args = {'distribution': 'uniform', 'sample_num': 'none'}


Wed 10 Jul 2024 20:44:28 INFO  lastfm
The number of users: 1893
Average actions of users: 49.06659619450317
The number of items: 17633
Average actions of items: 5.265086206896552
The number of inters: 92834
The sparsity of the dataset: 99.72188126708227%
Remain Fields: ['user_id', 'artist_id']
Wed 10 Jul 2024 20:44:28 INFO  [Training]: train_batch_size = [4096] train_neg_sample_args: [{'distribution': 'uniform', 'sample_num': 5, 'alpha': 1.0, 'dynamic': False, 'candidate_num': 0}]
Wed 10 Jul 2024 20:44:28 INFO  [Evaluation]: eval_batch_size = [4096] eval_args: [{'split': {'RS': [0.8, 0.1, 0.1]}, 'group_by': 'user', 'order': 'RO', 'mode': 'full'}]
Wed 10 Jul 2024 20:44:29 INFO  ANS(
  (user_embedding): Embedding(1893, 64)
  (item_embedding): Embedding(17633, 64)
  (mf_loss): BPRLoss()
  (reg_loss): EmbLoss()
  (user_gate): Linear(in_features=64, out_features=64, bias=True)
  (item_gate): Linear(in_features=64, out_features=64, bias=True)
  (pos_gate): Linear(in_features=64, out_features=64, bias=True)
  (neg_gate): Linear(in_features=64, out_features=64, bias=True)
  (hard_gate): Linear(in_features=64, out_features=64, bias=True)
  (conf_gate): Linear(in_features=64, out_features=64, bias=True)
  (easy_gate): Linear(in_features=64, out_features=64, bias=True)
  (margin_model): Linear(in_features=64, out_features=1, bias=True)
)
Trainable parameters: 1278849
Wed 10 Jul 2024 20:44:29 INFO  FLOPs: 0.0
Wed 10 Jul 2024 20:44:33 INFO  epoch 0 training [time: 2.39s, train loss: 59.3099]
Wed 10 Jul 2024 20:44:34 INFO  epoch 1 training [time: 1.71s, train loss: 42.3334]
Wed 10 Jul 2024 20:44:36 INFO  epoch 2 training [time: 1.70s, train loss: 34.3548]
Wed 10 Jul 2024 20:44:38 INFO  epoch 3 training [time: 1.64s, train loss: 29.7258]
Wed 10 Jul 2024 20:44:40 INFO  epoch 3 evaluating [time: 2.21s, valid_score: 0.118000]
Wed 10 Jul 2024 20:44:40 INFO  valid result: 
recall@10 : 0.067    recall@20 : 0.118    ndcg@10 : 0.054    ndcg@20 : 0.076    mrr@10 : 0.098    mrr@20 : 0.109    hit@10 : 0.275    hit@20 : 0.434    precision@10 : 0.033    precision@20 : 0.029
Wed 10 Jul 2024 20:44:40 INFO  Saving current: saved/ANS-Jul-10-2024_20-44-29.pth
Wed 10 Jul 2024 20:44:41 INFO  epoch 4 training [time: 1.69s, train loss: 26.1164]
Wed 10 Jul 2024 20:44:43 INFO  epoch 5 training [time: 1.78s, train loss: 23.5009]
Wed 10 Jul 2024 20:44:45 INFO  epoch 6 training [time: 1.69s, train loss: 21.2645]
Wed 10 Jul 2024 20:44:47 INFO  epoch 7 training [time: 1.69s, train loss: 19.4482]
Wed 10 Jul 2024 20:44:49 INFO  epoch 7 evaluating [time: 2.17s, valid_score: 0.117000]
Wed 10 Jul 2024 20:44:49 INFO  valid result: 
recall@10 : 0.07    recall@20 : 0.117    ndcg@10 : 0.058    ndcg@20 : 0.077    mrr@10 : 0.105    mrr@20 : 0.115    hit@10 : 0.289    hit@20 : 0.434    precision@10 : 0.035    precision@20 : 0.029
Wed 10 Jul 2024 20:44:51 INFO  epoch 8 training [time: 1.71s, train loss: 17.8923]
Wed 10 Jul 2024 20:44:52 INFO  epoch 9 training [time: 1.80s, train loss: 16.1987]
Wed 10 Jul 2024 20:44:54 INFO  epoch 10 training [time: 1.70s, train loss: 15.0593]
Wed 10 Jul 2024 20:44:56 INFO  epoch 11 training [time: 1.73s, train loss: 14.1253]
Wed 10 Jul 2024 20:44:58 INFO  epoch 11 evaluating [time: 2.21s, valid_score: 0.115000]
Wed 10 Jul 2024 20:44:58 INFO  valid result: 
recall@10 : 0.07    recall@20 : 0.115    ndcg@10 : 0.057    ndcg@20 : 0.076    mrr@10 : 0.103    mrr@20 : 0.113    hit@10 : 0.296    hit@20 : 0.434    precision@10 : 0.035    precision@20 : 0.029
Wed 10 Jul 2024 20:45:00 INFO  epoch 12 training [time: 1.75s, train loss: 13.0385]
Wed 10 Jul 2024 20:45:01 INFO  epoch 13 training [time: 1.76s, train loss: 12.0616]
Wed 10 Jul 2024 20:45:03 INFO  epoch 14 training [time: 1.78s, train loss: 11.2342]
Wed 10 Jul 2024 20:45:05 INFO  epoch 15 training [time: 1.90s, train loss: 10.6201]
Wed 10 Jul 2024 20:45:07 INFO  epoch 15 evaluating [time: 2.23s, valid_score: 0.110000]
Wed 10 Jul 2024 20:45:07 INFO  valid result: 
recall@10 : 0.063    recall@20 : 0.11    ndcg@10 : 0.052    ndcg@20 : 0.072    mrr@10 : 0.097    mrr@20 : 0.107    hit@10 : 0.269    hit@20 : 0.416    precision@10 : 0.031    precision@20 : 0.027
Wed 10 Jul 2024 20:45:10 INFO  epoch 16 training [time: 2.25s, train loss: 9.8959]
Wed 10 Jul 2024 20:45:12 INFO  epoch 17 training [time: 2.34s, train loss: 9.5406]
Wed 10 Jul 2024 20:45:14 INFO  epoch 18 training [time: 2.53s, train loss: 8.8846]
Wed 10 Jul 2024 20:45:17 INFO  epoch 19 training [time: 2.51s, train loss: 8.1784]
Wed 10 Jul 2024 20:45:19 INFO  epoch 19 evaluating [time: 2.20s, valid_score: 0.109000]
Wed 10 Jul 2024 20:45:19 INFO  valid result: 
recall@10 : 0.065    recall@20 : 0.109    ndcg@10 : 0.054    ndcg@20 : 0.073    mrr@10 : 0.102    mrr@20 : 0.111    hit@10 : 0.279    hit@20 : 0.414    precision@10 : 0.032    precision@20 : 0.027
Wed 10 Jul 2024 20:45:22 INFO  epoch 20 training [time: 2.30s, train loss: 7.8134]
Wed 10 Jul 2024 20:45:24 INFO  epoch 21 training [time: 2.51s, train loss: 7.3199]
Wed 10 Jul 2024 20:45:27 INFO  epoch 22 training [time: 2.55s, train loss: 7.0912]
Wed 10 Jul 2024 20:45:29 INFO  epoch 23 training [time: 2.52s, train loss: 6.6930]
Wed 10 Jul 2024 20:45:31 INFO  epoch 23 evaluating [time: 2.23s, valid_score: 0.105000]
Wed 10 Jul 2024 20:45:31 INFO  valid result: 
recall@10 : 0.063    recall@20 : 0.105    ndcg@10 : 0.052    ndcg@20 : 0.07    mrr@10 : 0.097    mrr@20 : 0.107    hit@10 : 0.264    hit@20 : 0.406    precision@10 : 0.031    precision@20 : 0.026
Wed 10 Jul 2024 20:45:33 INFO  epoch 24 training [time: 1.66s, train loss: 6.4039]
Wed 10 Jul 2024 20:45:35 INFO  epoch 25 training [time: 1.55s, train loss: 6.0738]
Wed 10 Jul 2024 20:45:36 INFO  epoch 26 training [time: 1.56s, train loss: 5.6908]
Wed 10 Jul 2024 20:45:38 INFO  epoch 27 training [time: 1.53s, train loss: 5.5945]
Wed 10 Jul 2024 20:45:40 INFO  epoch 27 evaluating [time: 2.21s, valid_score: 0.099000]
Wed 10 Jul 2024 20:45:40 INFO  valid result: 
recall@10 : 0.06    recall@20 : 0.099    ndcg@10 : 0.05    ndcg@20 : 0.066    mrr@10 : 0.092    mrr@20 : 0.102    hit@10 : 0.253    hit@20 : 0.386    precision@10 : 0.03    precision@20 : 0.024
Wed 10 Jul 2024 20:45:41 INFO  epoch 28 training [time: 1.58s, train loss: 5.4902]
Wed 10 Jul 2024 20:45:43 INFO  epoch 29 training [time: 1.54s, train loss: 5.0629]
Wed 10 Jul 2024 20:45:45 INFO  epoch 30 training [time: 1.56s, train loss: 4.8581]
Wed 10 Jul 2024 20:45:46 INFO  epoch 31 training [time: 1.54s, train loss: 4.7970]
Wed 10 Jul 2024 20:45:48 INFO  epoch 31 evaluating [time: 2.19s, valid_score: 0.095000]
Wed 10 Jul 2024 20:45:48 INFO  valid result: 
recall@10 : 0.058    recall@20 : 0.095    ndcg@10 : 0.047    ndcg@20 : 0.062    mrr@10 : 0.085    mrr@20 : 0.093    hit@10 : 0.252    hit@20 : 0.373    precision@10 : 0.029    precision@20 : 0.024
Wed 10 Jul 2024 20:45:50 INFO  epoch 32 training [time: 1.59s, train loss: 4.6271]
Wed 10 Jul 2024 20:45:51 INFO  epoch 33 training [time: 1.56s, train loss: 4.4151]
Wed 10 Jul 2024 20:45:53 INFO  epoch 34 training [time: 1.62s, train loss: 4.3397]
Wed 10 Jul 2024 20:45:55 INFO  epoch 35 training [time: 1.71s, train loss: 4.1796]
Wed 10 Jul 2024 20:45:57 INFO  epoch 35 evaluating [time: 2.18s, valid_score: 0.093000]
Wed 10 Jul 2024 20:45:57 INFO  valid result: 
recall@10 : 0.053    recall@20 : 0.093    ndcg@10 : 0.044    ndcg@20 : 0.06    mrr@10 : 0.081    mrr@20 : 0.091    hit@10 : 0.229    hit@20 : 0.37    precision@10 : 0.027    precision@20 : 0.023
Wed 10 Jul 2024 20:45:59 INFO  epoch 36 training [time: 1.62s, train loss: 3.8771]
Wed 10 Jul 2024 20:46:00 INFO  epoch 37 training [time: 1.66s, train loss: 3.8646]
Wed 10 Jul 2024 20:46:02 INFO  epoch 38 training [time: 1.71s, train loss: 3.7605]
Wed 10 Jul 2024 20:46:04 INFO  epoch 39 training [time: 1.62s, train loss: 3.5827]
Wed 10 Jul 2024 20:46:06 INFO  epoch 39 evaluating [time: 2.19s, valid_score: 0.091000]
Wed 10 Jul 2024 20:46:06 INFO  valid result: 
recall@10 : 0.053    recall@20 : 0.091    ndcg@10 : 0.044    ndcg@20 : 0.059    mrr@10 : 0.082    mrr@20 : 0.091    hit@10 : 0.23    hit@20 : 0.365    precision@10 : 0.026    precision@20 : 0.022
Wed 10 Jul 2024 20:46:07 INFO  epoch 40 training [time: 1.66s, train loss: 3.4267]
Wed 10 Jul 2024 20:46:09 INFO  epoch 41 training [time: 1.57s, train loss: 3.3472]
Wed 10 Jul 2024 20:46:11 INFO  epoch 42 training [time: 1.67s, train loss: 3.3527]
Wed 10 Jul 2024 20:46:12 INFO  epoch 43 training [time: 1.64s, train loss: 3.1455]
Wed 10 Jul 2024 20:46:14 INFO  epoch 43 evaluating [time: 2.20s, valid_score: 0.086000]
Wed 10 Jul 2024 20:46:14 INFO  valid result: 
recall@10 : 0.052    recall@20 : 0.086    ndcg@10 : 0.044    ndcg@20 : 0.058    mrr@10 : 0.084    mrr@20 : 0.092    hit@10 : 0.228    hit@20 : 0.351    precision@10 : 0.026    precision@20 : 0.021
Wed 10 Jul 2024 20:46:16 INFO  epoch 44 training [time: 1.64s, train loss: 3.1155]
Wed 10 Jul 2024 20:46:18 INFO  epoch 45 training [time: 1.66s, train loss: 2.9589]
Wed 10 Jul 2024 20:46:19 INFO  epoch 46 training [time: 1.69s, train loss: 3.0053]
Wed 10 Jul 2024 20:46:21 INFO  epoch 47 training [time: 1.67s, train loss: 2.8396]
Wed 10 Jul 2024 20:46:23 INFO  epoch 47 evaluating [time: 2.23s, valid_score: 0.085000]
Wed 10 Jul 2024 20:46:23 INFO  valid result: 
recall@10 : 0.05    recall@20 : 0.085    ndcg@10 : 0.041    ndcg@20 : 0.056    mrr@10 : 0.078    mrr@20 : 0.087    hit@10 : 0.218    hit@20 : 0.344    precision@10 : 0.025    precision@20 : 0.021
Wed 10 Jul 2024 20:46:23 INFO  Finished training, best eval result in epoch 3
