Wed 10 Jul 2024 17:52:09 INFO  ['run_recbole.py', '--model=ANS', '--dataset=lastfm']
Wed 10 Jul 2024 17:52:09 INFO  
General Hyper Parameters:
gpu_id = 0
use_gpu = True
seed = 2020
state = INFO
reproducibility = True
data_path = dataset/lastfm
checkpoint_dir = saved
show_progress = True
save_dataset = False
dataset_save_path = None
save_dataloaders = False
dataloaders_save_path = None
log_wandb = False

Training Hyper Parameters:
epochs = 500
train_batch_size = 4096
learner = adam
learning_rate = 0.0001
train_neg_sample_args = {'distribution': 'uniform', 'sample_num': 5, 'alpha': 1.0, 'dynamic': False, 'candidate_num': 0}
eval_step = 1
stopping_step = 10
clip_grad_norm = None
weight_decay = 0.0
loss_decimal_place = 4

Evaluation Hyper Parameters:
eval_args = {'split': {'RS': [0.8, 0.1, 0.1]}, 'group_by': 'user', 'order': 'RO', 'mode': 'full'}
repeatable = False
metrics = ['Recall', 'NDCG', 'MRR', 'Hit', 'Precision']
topk = [10, 20]
valid_metric = Recall@20
valid_metric_bigger = True
eval_batch_size = 4096
metric_decimal_place = 3

Dataset Hyper Parameters:
field_separator = 	
seq_separator =  
USER_ID_FIELD = user_id
ITEM_ID_FIELD = artist_id
RATING_FIELD = rating
TIME_FIELD = timestamp
seq_len = None
LABEL_FIELD = label
threshold = None
NEG_PREFIX = neg_
load_col = {'inter': ['user_id', 'artist_id']}
unload_col = None
unused_col = None
additional_feat_suffix = None
rm_dup_inter = None
val_interval = None
filter_inter_by_user_or_item = True
user_inter_num_interval = None
item_inter_num_interval = None
alias_of_user_id = None
alias_of_item_id = None
alias_of_entity_id = None
alias_of_relation_id = None
preload_weight = None
normalize_field = None
normalize_all = True
ITEM_LIST_LENGTH_FIELD = item_length
LIST_SUFFIX = _list
MAX_ITEM_LIST_LENGTH = 50
POSITION_FIELD = position_id
HEAD_ENTITY_ID_FIELD = head_id
TAIL_ENTITY_ID_FIELD = tail_id
RELATION_ID_FIELD = relation_id
ENTITY_ID_FIELD = entity_id
kg_reverse_r = False
entity_kg_num_interval = None
relation_kg_num_interval = None
benchmark_filename = None

Other Hyper Parameters: 
worker = 0
wandb_project = recbole
shuffle = True
plot_learning_curve = False
require_pow = False
enable_amp = False
enable_scaler = True
transform = None
train_after_converge = True
positive_sampling = True
model_name_custom = -
data_augmentation = False
Q = 5
K = 3
P = 20
embedding_size = 64
n_layers = 4
reg_weight = 0.0001
eps = 0.35
gamma = 0.1
numerical_features = []
discretization = None
MODEL_TYPE = ModelType.GENERAL
MODEL_INPUT_TYPE = InputType.PAIRWISE
eval_type = EvaluatorType.RANKING
single_spec = True
local_rank = 0
device = cuda
eval_neg_sample_args = {'distribution': 'uniform', 'sample_num': 'none'}


Wed 10 Jul 2024 17:52:09 INFO  lastfm
The number of users: 1893
Average actions of users: 49.06659619450317
The number of items: 17633
Average actions of items: 5.265086206896552
The number of inters: 92834
The sparsity of the dataset: 99.72188126708227%
Remain Fields: ['user_id', 'artist_id']
Wed 10 Jul 2024 17:52:09 INFO  [Training]: train_batch_size = [4096] train_neg_sample_args: [{'distribution': 'uniform', 'sample_num': 5, 'alpha': 1.0, 'dynamic': False, 'candidate_num': 0}]
Wed 10 Jul 2024 17:52:09 INFO  [Evaluation]: eval_batch_size = [4096] eval_args: [{'split': {'RS': [0.8, 0.1, 0.1]}, 'group_by': 'user', 'order': 'RO', 'mode': 'full'}]
Wed 10 Jul 2024 17:52:10 INFO  ANS(
  (user_embedding): Embedding(1893, 64)
  (item_embedding): Embedding(17633, 64)
  (mf_loss): BPRLoss()
  (reg_loss): EmbLoss()
  (user_gate): Linear(in_features=64, out_features=64, bias=True)
  (item_gate): Linear(in_features=64, out_features=64, bias=True)
  (pos_gate): Linear(in_features=64, out_features=64, bias=True)
  (neg_gate): Linear(in_features=64, out_features=64, bias=True)
  (hard_gate): Linear(in_features=64, out_features=64, bias=True)
  (conf_gate): Linear(in_features=64, out_features=64, bias=True)
  (easy_gate): Linear(in_features=64, out_features=64, bias=True)
  (margin_model): Linear(in_features=64, out_features=1, bias=True)
)
Trainable parameters: 1278849
Wed 10 Jul 2024 17:52:10 INFO  FLOPs: 0.0
Wed 10 Jul 2024 17:52:15 INFO  epoch 0 training [time: 3.49s, train loss: 79.6969]
Wed 10 Jul 2024 17:52:17 INFO  epoch 0 evaluating [time: 2.24s, valid_score: 0.001000]
Wed 10 Jul 2024 17:52:17 INFO  valid result: 
recall@10 : 0.001    recall@20 : 0.001    ndcg@10 : 0.0    ndcg@20 : 0.0    mrr@10 : 0.001    mrr@20 : 0.001    hit@10 : 0.003    hit@20 : 0.003    precision@10 : 0.0    precision@20 : 0.0
Wed 10 Jul 2024 17:52:17 INFO  Saving current: saved/ANS-Jul-10-2024_17-52-10.pth
Wed 10 Jul 2024 17:52:20 INFO  epoch 1 training [time: 2.92s, train loss: 79.6421]
Wed 10 Jul 2024 17:52:22 INFO  epoch 1 evaluating [time: 2.43s, valid_score: 0.001000]
Wed 10 Jul 2024 17:52:22 INFO  valid result: 
recall@10 : 0.0    recall@20 : 0.001    ndcg@10 : 0.0    ndcg@20 : 0.0    mrr@10 : 0.001    mrr@20 : 0.001    hit@10 : 0.002    hit@20 : 0.003    precision@10 : 0.0    precision@20 : 0.0
Wed 10 Jul 2024 17:52:22 INFO  Saving current: saved/ANS-Jul-10-2024_17-52-10.pth
Wed 10 Jul 2024 17:52:25 INFO  epoch 2 training [time: 2.89s, train loss: 79.6006]
Wed 10 Jul 2024 17:52:28 INFO  epoch 2 evaluating [time: 2.30s, valid_score: 0.001000]
Wed 10 Jul 2024 17:52:28 INFO  valid result: 
recall@10 : 0.0    recall@20 : 0.001    ndcg@10 : 0.0    ndcg@20 : 0.0    mrr@10 : 0.001    mrr@20 : 0.001    hit@10 : 0.002    hit@20 : 0.003    precision@10 : 0.0    precision@20 : 0.0
Wed 10 Jul 2024 17:52:28 INFO  Saving current: saved/ANS-Jul-10-2024_17-52-10.pth
