Wed 10 Jul 2024 13:26:30 INFO  ['run_recbole.py', '--model=ANS', '--dataset=lastfm']
Wed 10 Jul 2024 13:26:30 INFO  
General Hyper Parameters:
gpu_id = 0
use_gpu = True
seed = 2020
state = INFO
reproducibility = True
data_path = dataset/lastfm
checkpoint_dir = saved
show_progress = True
save_dataset = False
dataset_save_path = None
save_dataloaders = False
dataloaders_save_path = None
log_wandb = False

Training Hyper Parameters:
epochs = 500
train_batch_size = 4096
learner = adam
learning_rate = 0.0001
train_neg_sample_args = {'distribution': 'uniform', 'sample_num': 5, 'alpha': 1.0, 'dynamic': False, 'candidate_num': 0}
eval_step = 1
stopping_step = 10
clip_grad_norm = None
weight_decay = 0.0
loss_decimal_place = 4

Evaluation Hyper Parameters:
eval_args = {'split': {'RS': [0.8, 0.1, 0.1]}, 'group_by': 'user', 'order': 'RO', 'mode': 'full'}
repeatable = False
metrics = ['Recall', 'NDCG', 'MRR', 'Hit', 'Precision']
topk = [10, 20]
valid_metric = Recall@20
valid_metric_bigger = True
eval_batch_size = 4096
metric_decimal_place = 3

Dataset Hyper Parameters:
field_separator = 	
seq_separator =  
USER_ID_FIELD = user_id
ITEM_ID_FIELD = artist_id
RATING_FIELD = rating
TIME_FIELD = timestamp
seq_len = None
LABEL_FIELD = label
threshold = None
NEG_PREFIX = neg_
load_col = {'inter': ['user_id', 'artist_id']}
unload_col = None
unused_col = None
additional_feat_suffix = None
rm_dup_inter = None
val_interval = None
filter_inter_by_user_or_item = True
user_inter_num_interval = None
item_inter_num_interval = None
alias_of_user_id = None
alias_of_item_id = None
alias_of_entity_id = None
alias_of_relation_id = None
preload_weight = None
normalize_field = None
normalize_all = True
ITEM_LIST_LENGTH_FIELD = item_length
LIST_SUFFIX = _list
MAX_ITEM_LIST_LENGTH = 50
POSITION_FIELD = position_id
HEAD_ENTITY_ID_FIELD = head_id
TAIL_ENTITY_ID_FIELD = tail_id
RELATION_ID_FIELD = relation_id
ENTITY_ID_FIELD = entity_id
kg_reverse_r = False
entity_kg_num_interval = None
relation_kg_num_interval = None
benchmark_filename = None

Other Hyper Parameters: 
worker = 0
wandb_project = recbole
shuffle = True
plot_learning_curve = False
require_pow = False
enable_amp = False
enable_scaler = True
transform = None
train_after_converge = True
positive_sampling = True
model_name_custom = -
data_augmentation = False
Q = 8
K = 3
P = 20
embedding_size = 64
n_layers = 2
reg_weight = 0.001
eps = 0.3579063307361654
gamma = 0.03
numerical_features = []
discretization = None
MODEL_TYPE = ModelType.GENERAL
MODEL_INPUT_TYPE = InputType.PAIRWISE
eval_type = EvaluatorType.RANKING
single_spec = True
local_rank = 0
device = cuda
eval_neg_sample_args = {'distribution': 'uniform', 'sample_num': 'none'}


Wed 10 Jul 2024 13:26:30 INFO  lastfm
The number of users: 1893
Average actions of users: 49.06659619450317
The number of items: 17633
Average actions of items: 5.265086206896552
The number of inters: 92834
The sparsity of the dataset: 99.72188126708227%
Remain Fields: ['user_id', 'artist_id']
Wed 10 Jul 2024 13:26:31 INFO  [Training]: train_batch_size = [4096] train_neg_sample_args: [{'distribution': 'uniform', 'sample_num': 5, 'alpha': 1.0, 'dynamic': False, 'candidate_num': 0}]
Wed 10 Jul 2024 13:26:31 INFO  [Evaluation]: eval_batch_size = [4096] eval_args: [{'split': {'RS': [0.8, 0.1, 0.1]}, 'group_by': 'user', 'order': 'RO', 'mode': 'full'}]
Wed 10 Jul 2024 13:26:32 INFO  ANS(
  (user_embedding): Embedding(1893, 64)
  (item_embedding): Embedding(17633, 64)
  (mf_loss): BPRLoss()
  (reg_loss): EmbLoss()
  (user_gate): Linear(in_features=64, out_features=64, bias=True)
  (item_gate): Linear(in_features=64, out_features=64, bias=True)
  (pos_gate): Linear(in_features=64, out_features=64, bias=True)
  (neg_gate): Linear(in_features=64, out_features=64, bias=True)
  (hard_gate): Linear(in_features=64, out_features=64, bias=True)
  (conf_gate): Linear(in_features=64, out_features=64, bias=True)
  (easy_gate): Linear(in_features=64, out_features=64, bias=True)
  (margin_model): Linear(in_features=64, out_features=1, bias=True)
)
Trainable parameters: 1278849
Wed 10 Jul 2024 13:26:32 INFO  FLOPs: 0.0
Wed 10 Jul 2024 13:26:36 INFO  epoch 0 training [time: 2.02s, train loss: 68.1832]
Wed 10 Jul 2024 13:26:37 INFO  epoch 0 evaluating [time: 1.47s, valid_score: 0.001000]
Wed 10 Jul 2024 13:26:37 INFO  valid result: 
recall@10 : 0.001    recall@20 : 0.001    ndcg@10 : 0.0    ndcg@20 : 0.0    mrr@10 : 0.001    mrr@20 : 0.001    hit@10 : 0.003    hit@20 : 0.004    precision@10 : 0.0    precision@20 : 0.0
Wed 10 Jul 2024 13:26:37 INFO  Saving current: saved/ANS-Jul-10-2024_13-26-32.pth
Wed 10 Jul 2024 13:26:38 INFO  epoch 1 training [time: 1.24s, train loss: 68.1335]
Wed 10 Jul 2024 13:26:40 INFO  epoch 1 evaluating [time: 1.46s, valid_score: 0.001000]
Wed 10 Jul 2024 13:26:40 INFO  valid result: 
recall@10 : 0.0    recall@20 : 0.001    ndcg@10 : 0.0    ndcg@20 : 0.0    mrr@10 : 0.001    mrr@20 : 0.001    hit@10 : 0.002    hit@20 : 0.003    precision@10 : 0.0    precision@20 : 0.0
Wed 10 Jul 2024 13:26:40 INFO  Saving current: saved/ANS-Jul-10-2024_13-26-32.pth
Wed 10 Jul 2024 13:26:41 INFO  epoch 2 training [time: 1.20s, train loss: 68.0864]
Wed 10 Jul 2024 13:26:43 INFO  epoch 2 evaluating [time: 1.40s, valid_score: 0.001000]
Wed 10 Jul 2024 13:26:43 INFO  valid result: 
recall@10 : 0.001    recall@20 : 0.001    ndcg@10 : 0.0    ndcg@20 : 0.001    mrr@10 : 0.001    mrr@20 : 0.001    hit@10 : 0.004    hit@20 : 0.007    precision@10 : 0.0    precision@20 : 0.0
Wed 10 Jul 2024 13:26:43 INFO  Saving current: saved/ANS-Jul-10-2024_13-26-32.pth
Wed 10 Jul 2024 13:26:44 INFO  epoch 3 training [time: 1.27s, train loss: 68.0237]
Wed 10 Jul 2024 13:26:45 INFO  epoch 3 evaluating [time: 1.50s, valid_score: 0.007000]
Wed 10 Jul 2024 13:26:45 INFO  valid result: 
recall@10 : 0.004    recall@20 : 0.007    ndcg@10 : 0.003    ndcg@20 : 0.004    mrr@10 : 0.005    mrr@20 : 0.006    hit@10 : 0.017    hit@20 : 0.03    precision@10 : 0.002    precision@20 : 0.002
Wed 10 Jul 2024 13:26:45 INFO  Saving current: saved/ANS-Jul-10-2024_13-26-32.pth
Wed 10 Jul 2024 13:26:47 INFO  epoch 4 training [time: 1.41s, train loss: 67.9082]
Wed 10 Jul 2024 13:26:49 INFO  epoch 4 evaluating [time: 1.74s, valid_score: 0.037000]
Wed 10 Jul 2024 13:26:49 INFO  valid result: 
recall@10 : 0.025    recall@20 : 0.037    ndcg@10 : 0.02    ndcg@20 : 0.026    mrr@10 : 0.037    mrr@20 : 0.04    hit@10 : 0.099    hit@20 : 0.139    precision@10 : 0.012    precision@20 : 0.009
Wed 10 Jul 2024 13:26:49 INFO  Saving current: saved/ANS-Jul-10-2024_13-26-32.pth
Wed 10 Jul 2024 13:26:50 INFO  epoch 5 training [time: 1.29s, train loss: 67.6633]
Wed 10 Jul 2024 13:26:52 INFO  epoch 5 evaluating [time: 1.87s, valid_score: 0.089000]
Wed 10 Jul 2024 13:26:52 INFO  valid result: 
recall@10 : 0.059    recall@20 : 0.089    ndcg@10 : 0.05    ndcg@20 : 0.063    mrr@10 : 0.089    mrr@20 : 0.094    hit@10 : 0.21    hit@20 : 0.283    precision@10 : 0.029    precision@20 : 0.022
Wed 10 Jul 2024 13:26:52 INFO  Saving current: saved/ANS-Jul-10-2024_13-26-32.pth
Wed 10 Jul 2024 13:26:53 INFO  epoch 6 training [time: 1.27s, train loss: 67.1568]
Wed 10 Jul 2024 13:26:55 INFO  epoch 6 evaluating [time: 1.81s, valid_score: 0.115000]
Wed 10 Jul 2024 13:26:55 INFO  valid result: 
recall@10 : 0.079    recall@20 : 0.115    ndcg@10 : 0.067    ndcg@20 : 0.083    mrr@10 : 0.116    mrr@20 : 0.122    hit@10 : 0.271    hit@20 : 0.351    precision@10 : 0.038    precision@20 : 0.028
Wed 10 Jul 2024 13:26:55 INFO  Saving current: saved/ANS-Jul-10-2024_13-26-32.pth
Wed 10 Jul 2024 13:26:56 INFO  epoch 7 training [time: 1.31s, train loss: 66.2529]
Wed 10 Jul 2024 13:26:58 INFO  epoch 7 evaluating [time: 1.44s, valid_score: 0.128000]
Wed 10 Jul 2024 13:26:58 INFO  valid result: 
recall@10 : 0.088    recall@20 : 0.128    ndcg@10 : 0.077    ndcg@20 : 0.094    mrr@10 : 0.135    mrr@20 : 0.141    hit@10 : 0.305    hit@20 : 0.386    precision@10 : 0.043    precision@20 : 0.031
Wed 10 Jul 2024 13:26:58 INFO  Saving current: saved/ANS-Jul-10-2024_13-26-32.pth
Wed 10 Jul 2024 13:26:59 INFO  epoch 8 training [time: 1.30s, train loss: 64.8822]
Wed 10 Jul 2024 13:27:00 INFO  epoch 8 evaluating [time: 1.48s, valid_score: 0.135000]
Wed 10 Jul 2024 13:27:00 INFO  valid result: 
recall@10 : 0.096    recall@20 : 0.135    ndcg@10 : 0.084    ndcg@20 : 0.101    mrr@10 : 0.15    mrr@20 : 0.155    hit@10 : 0.33    hit@20 : 0.409    precision@10 : 0.047    precision@20 : 0.033
Wed 10 Jul 2024 13:27:00 INFO  Saving current: saved/ANS-Jul-10-2024_13-26-32.pth
Wed 10 Jul 2024 13:27:02 INFO  epoch 9 training [time: 1.32s, train loss: 63.0812]
Wed 10 Jul 2024 13:27:03 INFO  epoch 9 evaluating [time: 1.44s, valid_score: 0.142000]
Wed 10 Jul 2024 13:27:03 INFO  valid result: 
recall@10 : 0.1    recall@20 : 0.142    ndcg@10 : 0.09    ndcg@20 : 0.108    mrr@10 : 0.162    mrr@20 : 0.169    hit@10 : 0.345    hit@20 : 0.44    precision@10 : 0.049    precision@20 : 0.035
Wed 10 Jul 2024 13:27:03 INFO  Saving current: saved/ANS-Jul-10-2024_13-26-32.pth
Wed 10 Jul 2024 13:27:04 INFO  epoch 10 training [time: 1.14s, train loss: 61.0258]
Wed 10 Jul 2024 13:27:06 INFO  epoch 10 evaluating [time: 1.56s, valid_score: 0.148000]
Wed 10 Jul 2024 13:27:06 INFO  valid result: 
recall@10 : 0.104    recall@20 : 0.148    ndcg@10 : 0.094    ndcg@20 : 0.112    mrr@10 : 0.17    mrr@20 : 0.177    hit@10 : 0.36    hit@20 : 0.455    precision@10 : 0.051    precision@20 : 0.036
Wed 10 Jul 2024 13:27:06 INFO  Saving current: saved/ANS-Jul-10-2024_13-26-32.pth
Wed 10 Jul 2024 13:27:07 INFO  epoch 11 training [time: 1.22s, train loss: 58.9662]
Wed 10 Jul 2024 13:27:09 INFO  epoch 11 evaluating [time: 1.53s, valid_score: 0.153000]
Wed 10 Jul 2024 13:27:09 INFO  valid result: 
recall@10 : 0.108    recall@20 : 0.153    ndcg@10 : 0.098    ndcg@20 : 0.117    mrr@10 : 0.178    mrr@20 : 0.184    hit@10 : 0.374    hit@20 : 0.468    precision@10 : 0.053    precision@20 : 0.037
Wed 10 Jul 2024 13:27:09 INFO  Saving current: saved/ANS-Jul-10-2024_13-26-32.pth
Wed 10 Jul 2024 13:27:10 INFO  epoch 12 training [time: 1.25s, train loss: 56.9305]
Wed 10 Jul 2024 13:27:11 INFO  epoch 12 evaluating [time: 1.39s, valid_score: 0.159000]
Wed 10 Jul 2024 13:27:11 INFO  valid result: 
recall@10 : 0.11    recall@20 : 0.159    ndcg@10 : 0.101    ndcg@20 : 0.121    mrr@10 : 0.183    mrr@20 : 0.191    hit@10 : 0.383    hit@20 : 0.485    precision@10 : 0.054    precision@20 : 0.039
Wed 10 Jul 2024 13:27:11 INFO  Saving current: saved/ANS-Jul-10-2024_13-26-32.pth
Wed 10 Jul 2024 13:27:13 INFO  epoch 13 training [time: 1.14s, train loss: 55.0309]
Wed 10 Jul 2024 13:27:14 INFO  epoch 13 evaluating [time: 1.49s, valid_score: 0.164000]
Wed 10 Jul 2024 13:27:14 INFO  valid result: 
recall@10 : 0.114    recall@20 : 0.164    ndcg@10 : 0.103    ndcg@20 : 0.124    mrr@10 : 0.188    mrr@20 : 0.195    hit@10 : 0.395    hit@20 : 0.495    precision@10 : 0.056    precision@20 : 0.04
Wed 10 Jul 2024 13:27:14 INFO  Saving current: saved/ANS-Jul-10-2024_13-26-32.pth
Wed 10 Jul 2024 13:27:15 INFO  epoch 14 training [time: 1.14s, train loss: 53.2473]
Wed 10 Jul 2024 13:27:17 INFO  epoch 14 evaluating [time: 1.47s, valid_score: 0.167000]
Wed 10 Jul 2024 13:27:17 INFO  valid result: 
recall@10 : 0.116    recall@20 : 0.167    ndcg@10 : 0.106    ndcg@20 : 0.127    mrr@10 : 0.192    mrr@20 : 0.199    hit@10 : 0.404    hit@20 : 0.5    precision@10 : 0.057    precision@20 : 0.041
Wed 10 Jul 2024 13:27:17 INFO  Saving current: saved/ANS-Jul-10-2024_13-26-32.pth
Wed 10 Jul 2024 13:27:18 INFO  epoch 15 training [time: 1.13s, train loss: 51.7356]
Wed 10 Jul 2024 13:27:19 INFO  epoch 15 evaluating [time: 1.38s, valid_score: 0.171000]
Wed 10 Jul 2024 13:27:19 INFO  valid result: 
recall@10 : 0.118    recall@20 : 0.171    ndcg@10 : 0.107    ndcg@20 : 0.129    mrr@10 : 0.195    mrr@20 : 0.202    hit@10 : 0.406    hit@20 : 0.51    precision@10 : 0.058    precision@20 : 0.042
Wed 10 Jul 2024 13:27:19 INFO  Saving current: saved/ANS-Jul-10-2024_13-26-32.pth
Wed 10 Jul 2024 13:27:20 INFO  epoch 16 training [time: 1.14s, train loss: 50.2697]
Wed 10 Jul 2024 13:27:22 INFO  epoch 16 evaluating [time: 1.44s, valid_score: 0.173000]
Wed 10 Jul 2024 13:27:22 INFO  valid result: 
recall@10 : 0.119    recall@20 : 0.173    ndcg@10 : 0.108    ndcg@20 : 0.13    mrr@10 : 0.194    mrr@20 : 0.201    hit@10 : 0.412    hit@20 : 0.515    precision@10 : 0.059    precision@20 : 0.042
Wed 10 Jul 2024 13:27:22 INFO  Saving current: saved/ANS-Jul-10-2024_13-26-32.pth
Wed 10 Jul 2024 13:27:23 INFO  epoch 17 training [time: 1.22s, train loss: 49.1987]
Wed 10 Jul 2024 13:27:25 INFO  epoch 17 evaluating [time: 1.51s, valid_score: 0.175000]
Wed 10 Jul 2024 13:27:25 INFO  valid result: 
recall@10 : 0.121    recall@20 : 0.175    ndcg@10 : 0.109    ndcg@20 : 0.132    mrr@10 : 0.198    mrr@20 : 0.206    hit@10 : 0.415    hit@20 : 0.519    precision@10 : 0.059    precision@20 : 0.043
Wed 10 Jul 2024 13:27:25 INFO  Saving current: saved/ANS-Jul-10-2024_13-26-32.pth
Wed 10 Jul 2024 13:27:26 INFO  epoch 18 training [time: 1.33s, train loss: 47.9998]
Wed 10 Jul 2024 13:27:27 INFO  epoch 18 evaluating [time: 1.44s, valid_score: 0.177000]
Wed 10 Jul 2024 13:27:27 INFO  valid result: 
recall@10 : 0.122    recall@20 : 0.177    ndcg@10 : 0.11    ndcg@20 : 0.133    mrr@10 : 0.198    mrr@20 : 0.206    hit@10 : 0.42    hit@20 : 0.53    precision@10 : 0.06    precision@20 : 0.043
Wed 10 Jul 2024 13:27:27 INFO  Saving current: saved/ANS-Jul-10-2024_13-26-32.pth
Wed 10 Jul 2024 13:27:29 INFO  epoch 19 training [time: 1.35s, train loss: 46.9352]
Wed 10 Jul 2024 13:27:30 INFO  epoch 19 evaluating [time: 1.47s, valid_score: 0.178000]
Wed 10 Jul 2024 13:27:30 INFO  valid result: 
recall@10 : 0.122    recall@20 : 0.178    ndcg@10 : 0.11    ndcg@20 : 0.133    mrr@10 : 0.197    mrr@20 : 0.205    hit@10 : 0.418    hit@20 : 0.531    precision@10 : 0.06    precision@20 : 0.044
Wed 10 Jul 2024 13:27:30 INFO  Saving current: saved/ANS-Jul-10-2024_13-26-32.pth
Wed 10 Jul 2024 13:27:32 INFO  epoch 20 training [time: 1.28s, train loss: 46.0251]
Wed 10 Jul 2024 13:27:34 INFO  epoch 20 evaluating [time: 2.12s, valid_score: 0.179000]
Wed 10 Jul 2024 13:27:34 INFO  valid result: 
recall@10 : 0.121    recall@20 : 0.179    ndcg@10 : 0.11    ndcg@20 : 0.134    mrr@10 : 0.199    mrr@20 : 0.207    hit@10 : 0.419    hit@20 : 0.534    precision@10 : 0.06    precision@20 : 0.044
Wed 10 Jul 2024 13:27:34 INFO  Saving current: saved/ANS-Jul-10-2024_13-26-32.pth
Wed 10 Jul 2024 13:27:35 INFO  epoch 21 training [time: 1.26s, train loss: 45.1396]
Wed 10 Jul 2024 13:27:37 INFO  epoch 21 evaluating [time: 1.67s, valid_score: 0.180000]
Wed 10 Jul 2024 13:27:37 INFO  valid result: 
recall@10 : 0.123    recall@20 : 0.18    ndcg@10 : 0.111    ndcg@20 : 0.135    mrr@10 : 0.201    mrr@20 : 0.208    hit@10 : 0.429    hit@20 : 0.534    precision@10 : 0.061    precision@20 : 0.044
Wed 10 Jul 2024 13:27:37 INFO  Saving current: saved/ANS-Jul-10-2024_13-26-32.pth
Wed 10 Jul 2024 13:27:38 INFO  epoch 22 training [time: 1.28s, train loss: 44.4032]
Wed 10 Jul 2024 13:27:39 INFO  epoch 22 evaluating [time: 1.51s, valid_score: 0.181000]
Wed 10 Jul 2024 13:27:39 INFO  valid result: 
recall@10 : 0.123    recall@20 : 0.181    ndcg@10 : 0.111    ndcg@20 : 0.135    mrr@10 : 0.2    mrr@20 : 0.208    hit@10 : 0.428    hit@20 : 0.539    precision@10 : 0.061    precision@20 : 0.045
Wed 10 Jul 2024 13:27:39 INFO  Saving current: saved/ANS-Jul-10-2024_13-26-32.pth
Wed 10 Jul 2024 13:27:41 INFO  epoch 23 training [time: 1.26s, train loss: 43.7700]
Wed 10 Jul 2024 13:27:42 INFO  epoch 23 evaluating [time: 1.62s, valid_score: 0.182000]
Wed 10 Jul 2024 13:27:42 INFO  valid result: 
recall@10 : 0.124    recall@20 : 0.182    ndcg@10 : 0.112    ndcg@20 : 0.137    mrr@10 : 0.205    mrr@20 : 0.213    hit@10 : 0.43    hit@20 : 0.544    precision@10 : 0.061    precision@20 : 0.045
Wed 10 Jul 2024 13:27:42 INFO  Saving current: saved/ANS-Jul-10-2024_13-26-32.pth
Wed 10 Jul 2024 13:27:44 INFO  epoch 24 training [time: 1.20s, train loss: 43.1092]
Wed 10 Jul 2024 13:27:45 INFO  epoch 24 evaluating [time: 1.52s, valid_score: 0.182000]
Wed 10 Jul 2024 13:27:45 INFO  valid result: 
recall@10 : 0.124    recall@20 : 0.182    ndcg@10 : 0.113    ndcg@20 : 0.137    mrr@10 : 0.206    mrr@20 : 0.214    hit@10 : 0.431    hit@20 : 0.545    precision@10 : 0.061    precision@20 : 0.045
Wed 10 Jul 2024 13:27:45 INFO  Saving current: saved/ANS-Jul-10-2024_13-26-32.pth
Wed 10 Jul 2024 13:27:46 INFO  epoch 25 training [time: 1.30s, train loss: 42.4875]
Wed 10 Jul 2024 13:27:48 INFO  epoch 25 evaluating [time: 1.44s, valid_score: 0.182000]
Wed 10 Jul 2024 13:27:48 INFO  valid result: 
recall@10 : 0.126    recall@20 : 0.182    ndcg@10 : 0.113    ndcg@20 : 0.137    mrr@10 : 0.205    mrr@20 : 0.212    hit@10 : 0.438    hit@20 : 0.548    precision@10 : 0.062    precision@20 : 0.045
Wed 10 Jul 2024 13:27:48 INFO  Saving current: saved/ANS-Jul-10-2024_13-26-32.pth
Wed 10 Jul 2024 13:27:49 INFO  epoch 26 training [time: 1.24s, train loss: 41.9131]
Wed 10 Jul 2024 13:27:51 INFO  epoch 26 evaluating [time: 1.72s, valid_score: 0.183000]
Wed 10 Jul 2024 13:27:51 INFO  valid result: 
recall@10 : 0.126    recall@20 : 0.183    ndcg@10 : 0.113    ndcg@20 : 0.137    mrr@10 : 0.205    mrr@20 : 0.213    hit@10 : 0.438    hit@20 : 0.551    precision@10 : 0.062    precision@20 : 0.045
Wed 10 Jul 2024 13:27:51 INFO  Saving current: saved/ANS-Jul-10-2024_13-26-32.pth
Wed 10 Jul 2024 13:27:52 INFO  epoch 27 training [time: 1.19s, train loss: 41.4325]
Wed 10 Jul 2024 13:27:54 INFO  epoch 27 evaluating [time: 1.42s, valid_score: 0.181000]
Wed 10 Jul 2024 13:27:54 INFO  valid result: 
recall@10 : 0.125    recall@20 : 0.181    ndcg@10 : 0.112    ndcg@20 : 0.136    mrr@10 : 0.203    mrr@20 : 0.211    hit@10 : 0.436    hit@20 : 0.55    precision@10 : 0.062    precision@20 : 0.045
Wed 10 Jul 2024 13:27:55 INFO  epoch 28 training [time: 1.18s, train loss: 41.0459]
Wed 10 Jul 2024 13:27:56 INFO  epoch 28 evaluating [time: 1.45s, valid_score: 0.183000]
Wed 10 Jul 2024 13:27:56 INFO  valid result: 
recall@10 : 0.124    recall@20 : 0.183    ndcg@10 : 0.111    ndcg@20 : 0.136    mrr@10 : 0.202    mrr@20 : 0.21    hit@10 : 0.433    hit@20 : 0.555    precision@10 : 0.061    precision@20 : 0.045
Wed 10 Jul 2024 13:27:56 INFO  Saving current: saved/ANS-Jul-10-2024_13-26-32.pth
Wed 10 Jul 2024 13:27:57 INFO  epoch 29 training [time: 1.25s, train loss: 40.3829]
Wed 10 Jul 2024 13:27:59 INFO  epoch 29 evaluating [time: 1.47s, valid_score: 0.184000]
Wed 10 Jul 2024 13:27:59 INFO  valid result: 
recall@10 : 0.123    recall@20 : 0.184    ndcg@10 : 0.11    ndcg@20 : 0.136    mrr@10 : 0.201    mrr@20 : 0.209    hit@10 : 0.432    hit@20 : 0.558    precision@10 : 0.061    precision@20 : 0.045
Wed 10 Jul 2024 13:27:59 INFO  Saving current: saved/ANS-Jul-10-2024_13-26-32.pth
Wed 10 Jul 2024 13:28:00 INFO  epoch 30 training [time: 1.35s, train loss: 39.8072]
Wed 10 Jul 2024 13:28:02 INFO  epoch 30 evaluating [time: 1.58s, valid_score: 0.184000]
Wed 10 Jul 2024 13:28:02 INFO  valid result: 
recall@10 : 0.125    recall@20 : 0.184    ndcg@10 : 0.111    ndcg@20 : 0.136    mrr@10 : 0.2    mrr@20 : 0.209    hit@10 : 0.434    hit@20 : 0.559    precision@10 : 0.061    precision@20 : 0.045
Wed 10 Jul 2024 13:28:02 INFO  Saving current: saved/ANS-Jul-10-2024_13-26-32.pth
Wed 10 Jul 2024 13:28:03 INFO  epoch 31 training [time: 1.34s, train loss: 39.5807]
Wed 10 Jul 2024 13:28:05 INFO  epoch 31 evaluating [time: 1.79s, valid_score: 0.187000]
Wed 10 Jul 2024 13:28:05 INFO  valid result: 
recall@10 : 0.123    recall@20 : 0.187    ndcg@10 : 0.11    ndcg@20 : 0.137    mrr@10 : 0.199    mrr@20 : 0.208    hit@10 : 0.434    hit@20 : 0.568    precision@10 : 0.061    precision@20 : 0.046
Wed 10 Jul 2024 13:28:05 INFO  Saving current: saved/ANS-Jul-10-2024_13-26-32.pth
Wed 10 Jul 2024 13:28:06 INFO  epoch 32 training [time: 1.26s, train loss: 39.1134]
Wed 10 Jul 2024 13:28:08 INFO  epoch 32 evaluating [time: 1.47s, valid_score: 0.185000]
Wed 10 Jul 2024 13:28:08 INFO  valid result: 
recall@10 : 0.123    recall@20 : 0.185    ndcg@10 : 0.109    ndcg@20 : 0.136    mrr@10 : 0.198    mrr@20 : 0.207    hit@10 : 0.437    hit@20 : 0.567    precision@10 : 0.061    precision@20 : 0.046
Wed 10 Jul 2024 13:28:09 INFO  epoch 33 training [time: 1.39s, train loss: 38.7127]
Wed 10 Jul 2024 13:28:11 INFO  epoch 33 evaluating [time: 1.46s, valid_score: 0.185000]
Wed 10 Jul 2024 13:28:11 INFO  valid result: 
recall@10 : 0.124    recall@20 : 0.185    ndcg@10 : 0.11    ndcg@20 : 0.136    mrr@10 : 0.2    mrr@20 : 0.21    hit@10 : 0.439    hit@20 : 0.572    precision@10 : 0.061    precision@20 : 0.046
Wed 10 Jul 2024 13:28:12 INFO  epoch 34 training [time: 1.17s, train loss: 38.3058]
Wed 10 Jul 2024 13:28:13 INFO  epoch 34 evaluating [time: 1.47s, valid_score: 0.187000]
Wed 10 Jul 2024 13:28:13 INFO  valid result: 
recall@10 : 0.124    recall@20 : 0.187    ndcg@10 : 0.11    ndcg@20 : 0.137    mrr@10 : 0.201    mrr@20 : 0.21    hit@10 : 0.439    hit@20 : 0.571    precision@10 : 0.061    precision@20 : 0.046
Wed 10 Jul 2024 13:28:13 INFO  Saving current: saved/ANS-Jul-10-2024_13-26-32.pth
Wed 10 Jul 2024 13:28:14 INFO  epoch 35 training [time: 1.14s, train loss: 37.8793]
Wed 10 Jul 2024 13:28:16 INFO  epoch 35 evaluating [time: 1.41s, valid_score: 0.186000]
Wed 10 Jul 2024 13:28:16 INFO  valid result: 
recall@10 : 0.12    recall@20 : 0.186    ndcg@10 : 0.108    ndcg@20 : 0.136    mrr@10 : 0.199    mrr@20 : 0.208    hit@10 : 0.433    hit@20 : 0.568    precision@10 : 0.059    precision@20 : 0.046
Wed 10 Jul 2024 13:28:17 INFO  epoch 36 training [time: 1.19s, train loss: 37.3349]
Wed 10 Jul 2024 13:28:18 INFO  epoch 36 evaluating [time: 1.36s, valid_score: 0.186000]
Wed 10 Jul 2024 13:28:18 INFO  valid result: 
recall@10 : 0.121    recall@20 : 0.186    ndcg@10 : 0.109    ndcg@20 : 0.136    mrr@10 : 0.201    mrr@20 : 0.21    hit@10 : 0.436    hit@20 : 0.57    precision@10 : 0.06    precision@20 : 0.046
Wed 10 Jul 2024 13:28:20 INFO  epoch 37 training [time: 1.13s, train loss: 37.1365]
Wed 10 Jul 2024 13:28:21 INFO  epoch 37 evaluating [time: 1.70s, valid_score: 0.186000]
Wed 10 Jul 2024 13:28:21 INFO  valid result: 
recall@10 : 0.12    recall@20 : 0.186    ndcg@10 : 0.11    ndcg@20 : 0.138    mrr@10 : 0.207    mrr@20 : 0.216    hit@10 : 0.431    hit@20 : 0.571    precision@10 : 0.06    precision@20 : 0.046
Wed 10 Jul 2024 13:28:22 INFO  epoch 38 training [time: 1.19s, train loss: 36.8187]
Wed 10 Jul 2024 13:28:24 INFO  epoch 38 evaluating [time: 1.48s, valid_score: 0.184000]
Wed 10 Jul 2024 13:28:24 INFO  valid result: 
recall@10 : 0.117    recall@20 : 0.184    ndcg@10 : 0.108    ndcg@20 : 0.136    mrr@10 : 0.205    mrr@20 : 0.215    hit@10 : 0.426    hit@20 : 0.569    precision@10 : 0.058    precision@20 : 0.045
Wed 10 Jul 2024 13:28:25 INFO  epoch 39 training [time: 1.20s, train loss: 36.3053]
Wed 10 Jul 2024 13:28:27 INFO  epoch 39 evaluating [time: 1.67s, valid_score: 0.184000]
Wed 10 Jul 2024 13:28:27 INFO  valid result: 
recall@10 : 0.117    recall@20 : 0.184    ndcg@10 : 0.108    ndcg@20 : 0.136    mrr@10 : 0.205    mrr@20 : 0.215    hit@10 : 0.427    hit@20 : 0.569    precision@10 : 0.058    precision@20 : 0.045
Wed 10 Jul 2024 13:28:28 INFO  epoch 40 training [time: 1.36s, train loss: 35.9505]
Wed 10 Jul 2024 13:28:30 INFO  epoch 40 evaluating [time: 1.63s, valid_score: 0.184000]
Wed 10 Jul 2024 13:28:30 INFO  valid result: 
recall@10 : 0.117    recall@20 : 0.184    ndcg@10 : 0.108    ndcg@20 : 0.136    mrr@10 : 0.204    mrr@20 : 0.213    hit@10 : 0.432    hit@20 : 0.572    precision@10 : 0.058    precision@20 : 0.045
Wed 10 Jul 2024 13:28:31 INFO  epoch 41 training [time: 1.31s, train loss: 35.4702]
Wed 10 Jul 2024 13:28:33 INFO  epoch 41 evaluating [time: 1.49s, valid_score: 0.184000]
Wed 10 Jul 2024 13:28:33 INFO  valid result: 
recall@10 : 0.116    recall@20 : 0.184    ndcg@10 : 0.106    ndcg@20 : 0.134    mrr@10 : 0.2    mrr@20 : 0.21    hit@10 : 0.43    hit@20 : 0.574    precision@10 : 0.058    precision@20 : 0.045
Wed 10 Jul 2024 13:28:34 INFO  epoch 42 training [time: 1.32s, train loss: 35.4602]
Wed 10 Jul 2024 13:28:35 INFO  epoch 42 evaluating [time: 1.40s, valid_score: 0.184000]
Wed 10 Jul 2024 13:28:35 INFO  valid result: 
recall@10 : 0.116    recall@20 : 0.184    ndcg@10 : 0.105    ndcg@20 : 0.134    mrr@10 : 0.198    mrr@20 : 0.208    hit@10 : 0.429    hit@20 : 0.574    precision@10 : 0.057    precision@20 : 0.045
Wed 10 Jul 2024 13:28:37 INFO  epoch 43 training [time: 1.26s, train loss: 35.0421]
Wed 10 Jul 2024 13:28:38 INFO  epoch 43 evaluating [time: 1.70s, valid_score: 0.185000]
Wed 10 Jul 2024 13:28:38 INFO  valid result: 
recall@10 : 0.116    recall@20 : 0.185    ndcg@10 : 0.106    ndcg@20 : 0.135    mrr@10 : 0.201    mrr@20 : 0.211    hit@10 : 0.432    hit@20 : 0.576    precision@10 : 0.058    precision@20 : 0.046
Wed 10 Jul 2024 13:28:40 INFO  epoch 44 training [time: 1.29s, train loss: 34.7757]
Wed 10 Jul 2024 13:28:41 INFO  epoch 44 evaluating [time: 1.85s, valid_score: 0.184000]
Wed 10 Jul 2024 13:28:41 INFO  valid result: 
recall@10 : 0.116    recall@20 : 0.184    ndcg@10 : 0.105    ndcg@20 : 0.134    mrr@10 : 0.197    mrr@20 : 0.207    hit@10 : 0.431    hit@20 : 0.577    precision@10 : 0.058    precision@20 : 0.045
Wed 10 Jul 2024 13:28:43 INFO  epoch 45 training [time: 1.37s, train loss: 34.2594]
Wed 10 Jul 2024 13:28:45 INFO  epoch 45 evaluating [time: 1.75s, valid_score: 0.183000]
Wed 10 Jul 2024 13:28:45 INFO  valid result: 
recall@10 : 0.116    recall@20 : 0.183    ndcg@10 : 0.104    ndcg@20 : 0.133    mrr@10 : 0.196    mrr@20 : 0.206    hit@10 : 0.43    hit@20 : 0.576    precision@10 : 0.057    precision@20 : 0.045
Wed 10 Jul 2024 13:28:45 INFO  Finished training, best eval result in epoch 34
Wed 10 Jul 2024 13:29:10 INFO  epoch 46 training [time: 1.76s, train loss: 36.0649]
