Wed 10 Jul 2024 18:21:50 INFO  ['run_recbole.py', '--model=ANS', '--dataset=lastfm']
Wed 10 Jul 2024 18:21:50 INFO  
General Hyper Parameters:
gpu_id = 0
use_gpu = True
seed = 2020
state = INFO
reproducibility = True
data_path = dataset/lastfm
checkpoint_dir = saved
show_progress = True
save_dataset = False
dataset_save_path = None
save_dataloaders = False
dataloaders_save_path = None
log_wandb = False

Training Hyper Parameters:
epochs = 500
train_batch_size = 4096
learner = adam
learning_rate = 0.01
train_neg_sample_args = {'distribution': 'uniform', 'sample_num': 5, 'alpha': 1.0, 'dynamic': False, 'candidate_num': 0}
eval_step = 1
stopping_step = 10
clip_grad_norm = None
weight_decay = 0.0
loss_decimal_place = 4

Evaluation Hyper Parameters:
eval_args = {'split': {'RS': [0.8, 0.1, 0.1]}, 'group_by': 'user', 'order': 'RO', 'mode': 'full'}
repeatable = False
metrics = ['Recall', 'NDCG', 'MRR', 'Hit', 'Precision']
topk = [10, 20]
valid_metric = Recall@20
valid_metric_bigger = True
eval_batch_size = 4096
metric_decimal_place = 3

Dataset Hyper Parameters:
field_separator = 	
seq_separator =  
USER_ID_FIELD = user_id
ITEM_ID_FIELD = artist_id
RATING_FIELD = rating
TIME_FIELD = timestamp
seq_len = None
LABEL_FIELD = label
threshold = None
NEG_PREFIX = neg_
load_col = {'inter': ['user_id', 'artist_id']}
unload_col = None
unused_col = None
additional_feat_suffix = None
rm_dup_inter = None
val_interval = None
filter_inter_by_user_or_item = True
user_inter_num_interval = None
item_inter_num_interval = None
alias_of_user_id = None
alias_of_item_id = None
alias_of_entity_id = None
alias_of_relation_id = None
preload_weight = None
normalize_field = None
normalize_all = True
ITEM_LIST_LENGTH_FIELD = item_length
LIST_SUFFIX = _list
MAX_ITEM_LIST_LENGTH = 50
POSITION_FIELD = position_id
HEAD_ENTITY_ID_FIELD = head_id
TAIL_ENTITY_ID_FIELD = tail_id
RELATION_ID_FIELD = relation_id
ENTITY_ID_FIELD = entity_id
kg_reverse_r = False
entity_kg_num_interval = None
relation_kg_num_interval = None
benchmark_filename = None

Other Hyper Parameters: 
worker = 0
wandb_project = recbole
shuffle = True
plot_learning_curve = False
require_pow = False
enable_amp = False
enable_scaler = True
transform = None
train_after_converge = True
positive_sampling = True
model_name_custom = -
data_augmentation = False
Q = 8
K = 3
P = 20
embedding_size = 64
n_layers = 2
reg_weight = 1e-05
eps = 0.3
gamma = 0.03
numerical_features = []
discretization = None
MODEL_TYPE = ModelType.GENERAL
MODEL_INPUT_TYPE = InputType.PAIRWISE
eval_type = EvaluatorType.RANKING
single_spec = True
local_rank = 0
device = cuda
eval_neg_sample_args = {'distribution': 'uniform', 'sample_num': 'none'}


Wed 10 Jul 2024 18:21:50 INFO  lastfm
The number of users: 1893
Average actions of users: 49.06659619450317
The number of items: 17633
Average actions of items: 5.265086206896552
The number of inters: 92834
The sparsity of the dataset: 99.72188126708227%
Remain Fields: ['user_id', 'artist_id']
Wed 10 Jul 2024 18:21:50 INFO  [Training]: train_batch_size = [4096] train_neg_sample_args: [{'distribution': 'uniform', 'sample_num': 5, 'alpha': 1.0, 'dynamic': False, 'candidate_num': 0}]
Wed 10 Jul 2024 18:21:50 INFO  [Evaluation]: eval_batch_size = [4096] eval_args: [{'split': {'RS': [0.8, 0.1, 0.1]}, 'group_by': 'user', 'order': 'RO', 'mode': 'full'}]
Wed 10 Jul 2024 18:21:52 INFO  ANS(
  (user_embedding): Embedding(1893, 64)
  (item_embedding): Embedding(17633, 64)
  (mf_loss): BPRLoss()
  (reg_loss): EmbLoss()
  (user_gate): Linear(in_features=64, out_features=64, bias=True)
  (item_gate): Linear(in_features=64, out_features=64, bias=True)
  (pos_gate): Linear(in_features=64, out_features=64, bias=True)
  (neg_gate): Linear(in_features=64, out_features=64, bias=True)
  (hard_gate): Linear(in_features=64, out_features=64, bias=True)
  (conf_gate): Linear(in_features=64, out_features=64, bias=True)
  (easy_gate): Linear(in_features=64, out_features=64, bias=True)
  (margin_model): Linear(in_features=64, out_features=1, bias=True)
)
Trainable parameters: 1278849
Wed 10 Jul 2024 18:21:52 INFO  FLOPs: 0.0
Wed 10 Jul 2024 18:21:55 INFO  epoch 0 training [time: 2.76s, train loss: 41.3052]
Wed 10 Jul 2024 18:21:58 INFO  epoch 0 evaluating [time: 2.21s, valid_score: 0.062000]
Wed 10 Jul 2024 18:21:58 INFO  valid result: 
recall@10 : 0.035    recall@20 : 0.062    ndcg@10 : 0.026    ndcg@20 : 0.038    mrr@10 : 0.048    mrr@20 : 0.055    hit@10 : 0.159    hit@20 : 0.264    precision@10 : 0.017    precision@20 : 0.015
Wed 10 Jul 2024 18:21:58 INFO  Saving current: saved/ANS-Jul-10-2024_18-21-52.pth
Wed 10 Jul 2024 18:21:59 INFO  epoch 1 training [time: 1.73s, train loss: 21.2222]
Wed 10 Jul 2024 18:22:02 INFO  epoch 1 evaluating [time: 2.25s, valid_score: 0.068000]
Wed 10 Jul 2024 18:22:02 INFO  valid result: 
recall@10 : 0.038    recall@20 : 0.068    ndcg@10 : 0.032    ndcg@20 : 0.044    mrr@10 : 0.062    mrr@20 : 0.069    hit@10 : 0.175    hit@20 : 0.283    precision@10 : 0.019    precision@20 : 0.017
Wed 10 Jul 2024 18:22:02 INFO  Saving current: saved/ANS-Jul-10-2024_18-21-52.pth
Wed 10 Jul 2024 18:22:04 INFO  epoch 2 training [time: 2.09s, train loss: 14.7497]
Wed 10 Jul 2024 18:22:06 INFO  epoch 2 evaluating [time: 2.18s, valid_score: 0.069000]
Wed 10 Jul 2024 18:22:06 INFO  valid result: 
recall@10 : 0.041    recall@20 : 0.069    ndcg@10 : 0.032    ndcg@20 : 0.044    mrr@10 : 0.059    mrr@20 : 0.067    hit@10 : 0.182    hit@20 : 0.287    precision@10 : 0.02    precision@20 : 0.017
Wed 10 Jul 2024 18:22:06 INFO  Saving current: saved/ANS-Jul-10-2024_18-21-52.pth
Wed 10 Jul 2024 18:22:08 INFO  epoch 3 training [time: 2.01s, train loss: 12.2725]
Wed 10 Jul 2024 18:22:10 INFO  epoch 3 evaluating [time: 2.26s, valid_score: 0.073000]
Wed 10 Jul 2024 18:22:10 INFO  valid result: 
recall@10 : 0.043    recall@20 : 0.073    ndcg@10 : 0.035    ndcg@20 : 0.048    mrr@10 : 0.067    mrr@20 : 0.074    hit@10 : 0.196    hit@20 : 0.303    precision@10 : 0.022    precision@20 : 0.018
Wed 10 Jul 2024 18:22:10 INFO  Saving current: saved/ANS-Jul-10-2024_18-21-52.pth
Wed 10 Jul 2024 18:22:12 INFO  epoch 4 training [time: 1.74s, train loss: 10.9600]
Wed 10 Jul 2024 18:22:14 INFO  epoch 4 evaluating [time: 2.30s, valid_score: 0.065000]
Wed 10 Jul 2024 18:22:14 INFO  valid result: 
recall@10 : 0.039    recall@20 : 0.065    ndcg@10 : 0.032    ndcg@20 : 0.043    mrr@10 : 0.062    mrr@20 : 0.069    hit@10 : 0.181    hit@20 : 0.28    precision@10 : 0.02    precision@20 : 0.016
Wed 10 Jul 2024 18:22:16 INFO  epoch 5 training [time: 1.66s, train loss: 10.3796]
Wed 10 Jul 2024 18:22:18 INFO  epoch 5 evaluating [time: 2.17s, valid_score: 0.062000]
Wed 10 Jul 2024 18:22:18 INFO  valid result: 
recall@10 : 0.036    recall@20 : 0.062    ndcg@10 : 0.029    ndcg@20 : 0.04    mrr@10 : 0.055    mrr@20 : 0.062    hit@10 : 0.166    hit@20 : 0.268    precision@10 : 0.018    precision@20 : 0.015
Wed 10 Jul 2024 18:22:20 INFO  epoch 6 training [time: 1.36s, train loss: 9.8668]
Wed 10 Jul 2024 18:22:22 INFO  epoch 6 evaluating [time: 2.19s, valid_score: 0.063000]
Wed 10 Jul 2024 18:22:22 INFO  valid result: 
recall@10 : 0.036    recall@20 : 0.063    ndcg@10 : 0.03    ndcg@20 : 0.041    mrr@10 : 0.058    mrr@20 : 0.065    hit@10 : 0.166    hit@20 : 0.272    precision@10 : 0.018    precision@20 : 0.016
Wed 10 Jul 2024 18:22:23 INFO  epoch 7 training [time: 1.30s, train loss: 9.5712]
Wed 10 Jul 2024 18:22:25 INFO  epoch 7 evaluating [time: 2.18s, valid_score: 0.060000]
Wed 10 Jul 2024 18:22:25 INFO  valid result: 
recall@10 : 0.036    recall@20 : 0.06    ndcg@10 : 0.03    ndcg@20 : 0.04    mrr@10 : 0.057    mrr@20 : 0.063    hit@10 : 0.163    hit@20 : 0.262    precision@10 : 0.018    precision@20 : 0.015
Wed 10 Jul 2024 18:22:27 INFO  epoch 8 training [time: 1.34s, train loss: 9.3440]
Wed 10 Jul 2024 18:22:29 INFO  epoch 8 evaluating [time: 2.28s, valid_score: 0.061000]
Wed 10 Jul 2024 18:22:29 INFO  valid result: 
recall@10 : 0.035    recall@20 : 0.061    ndcg@10 : 0.03    ndcg@20 : 0.041    mrr@10 : 0.06    mrr@20 : 0.067    hit@10 : 0.163    hit@20 : 0.261    precision@10 : 0.018    precision@20 : 0.015
Wed 10 Jul 2024 18:22:30 INFO  epoch 9 training [time: 1.37s, train loss: 9.0186]
Wed 10 Jul 2024 18:22:33 INFO  epoch 9 evaluating [time: 2.27s, valid_score: 0.058000]
Wed 10 Jul 2024 18:22:33 INFO  valid result: 
recall@10 : 0.034    recall@20 : 0.058    ndcg@10 : 0.028    ndcg@20 : 0.039    mrr@10 : 0.056    mrr@20 : 0.063    hit@10 : 0.157    hit@20 : 0.254    precision@10 : 0.017    precision@20 : 0.015
Wed 10 Jul 2024 18:22:34 INFO  epoch 10 training [time: 1.40s, train loss: 8.8817]
Wed 10 Jul 2024 18:22:36 INFO  epoch 10 evaluating [time: 2.17s, valid_score: 0.060000]
Wed 10 Jul 2024 18:22:36 INFO  valid result: 
recall@10 : 0.036    recall@20 : 0.06    ndcg@10 : 0.03    ndcg@20 : 0.04    mrr@10 : 0.059    mrr@20 : 0.065    hit@10 : 0.168    hit@20 : 0.259    precision@10 : 0.018    precision@20 : 0.015
Wed 10 Jul 2024 18:22:38 INFO  epoch 11 training [time: 1.35s, train loss: 8.8996]
Wed 10 Jul 2024 18:22:40 INFO  epoch 11 evaluating [time: 2.21s, valid_score: 0.058000]
Wed 10 Jul 2024 18:22:40 INFO  valid result: 
recall@10 : 0.034    recall@20 : 0.058    ndcg@10 : 0.028    ndcg@20 : 0.038    mrr@10 : 0.052    mrr@20 : 0.059    hit@10 : 0.156    hit@20 : 0.255    precision@10 : 0.017    precision@20 : 0.014
Wed 10 Jul 2024 18:22:41 INFO  epoch 12 training [time: 1.37s, train loss: 8.6725]
Wed 10 Jul 2024 18:22:43 INFO  epoch 12 evaluating [time: 2.18s, valid_score: 0.055000]
Wed 10 Jul 2024 18:22:43 INFO  valid result: 
recall@10 : 0.031    recall@20 : 0.055    ndcg@10 : 0.026    ndcg@20 : 0.037    mrr@10 : 0.051    mrr@20 : 0.058    hit@10 : 0.144    hit@20 : 0.241    precision@10 : 0.016    precision@20 : 0.014
Wed 10 Jul 2024 18:22:45 INFO  epoch 13 training [time: 1.34s, train loss: 8.5331]
Wed 10 Jul 2024 18:22:47 INFO  epoch 13 evaluating [time: 2.19s, valid_score: 0.057000]
Wed 10 Jul 2024 18:22:47 INFO  valid result: 
recall@10 : 0.033    recall@20 : 0.057    ndcg@10 : 0.026    ndcg@20 : 0.036    mrr@10 : 0.048    mrr@20 : 0.055    hit@10 : 0.148    hit@20 : 0.247    precision@10 : 0.016    precision@20 : 0.014
Wed 10 Jul 2024 18:22:48 INFO  epoch 14 training [time: 1.39s, train loss: 8.4658]
Wed 10 Jul 2024 18:22:50 INFO  epoch 14 evaluating [time: 2.19s, valid_score: 0.056000]
Wed 10 Jul 2024 18:22:50 INFO  valid result: 
recall@10 : 0.034    recall@20 : 0.056    ndcg@10 : 0.027    ndcg@20 : 0.036    mrr@10 : 0.05    mrr@20 : 0.056    hit@10 : 0.152    hit@20 : 0.238    precision@10 : 0.017    precision@20 : 0.014
Wed 10 Jul 2024 18:22:50 INFO  Finished training, best eval result in epoch 3
Wed 10 Jul 2024 18:23:11 INFO  epoch 15 training [time: 1.93s, train loss: 9.7484]
Wed 10 Jul 2024 18:23:13 INFO  epoch 15 evaluating [time: 2.23s, valid_score: 0.056000]
Wed 10 Jul 2024 18:23:13 INFO  valid result: 
recall@10 : 0.034    recall@20 : 0.056    ndcg@10 : 0.028    ndcg@20 : 0.038    mrr@10 : 0.054    mrr@20 : 0.06    hit@10 : 0.153    hit@20 : 0.24    precision@10 : 0.017    precision@20 : 0.014
Wed 10 Jul 2024 18:23:14 INFO  epoch 16 training [time: 1.66s, train loss: 9.6555]
Wed 10 Jul 2024 18:23:17 INFO  epoch 16 evaluating [time: 2.28s, valid_score: 0.056000]
Wed 10 Jul 2024 18:23:17 INFO  valid result: 
recall@10 : 0.033    recall@20 : 0.056    ndcg@10 : 0.028    ndcg@20 : 0.038    mrr@10 : 0.056    mrr@20 : 0.062    hit@10 : 0.152    hit@20 : 0.243    precision@10 : 0.017    precision@20 : 0.014
Wed 10 Jul 2024 18:23:18 INFO  epoch 17 training [time: 1.69s, train loss: 9.5611]
Wed 10 Jul 2024 18:23:21 INFO  epoch 17 evaluating [time: 2.18s, valid_score: 0.054000]
Wed 10 Jul 2024 18:23:21 INFO  valid result: 
recall@10 : 0.033    recall@20 : 0.054    ndcg@10 : 0.027    ndcg@20 : 0.036    mrr@10 : 0.052    mrr@20 : 0.058    hit@10 : 0.147    hit@20 : 0.234    precision@10 : 0.016    precision@20 : 0.013
Wed 10 Jul 2024 18:23:22 INFO  epoch 18 training [time: 1.63s, train loss: 9.4773]
Wed 10 Jul 2024 18:23:24 INFO  epoch 18 evaluating [time: 2.19s, valid_score: 0.055000]
Wed 10 Jul 2024 18:23:24 INFO  valid result: 
recall@10 : 0.033    recall@20 : 0.055    ndcg@10 : 0.028    ndcg@20 : 0.037    mrr@10 : 0.054    mrr@20 : 0.06    hit@10 : 0.148    hit@20 : 0.233    precision@10 : 0.017    precision@20 : 0.014
Wed 10 Jul 2024 18:23:26 INFO  epoch 19 training [time: 1.70s, train loss: 9.4921]
Wed 10 Jul 2024 18:23:28 INFO  epoch 19 evaluating [time: 2.22s, valid_score: 0.059000]
Wed 10 Jul 2024 18:23:28 INFO  valid result: 
recall@10 : 0.035    recall@20 : 0.059    ndcg@10 : 0.029    ndcg@20 : 0.039    mrr@10 : 0.054    mrr@20 : 0.061    hit@10 : 0.153    hit@20 : 0.245    precision@10 : 0.018    precision@20 : 0.015
Wed 10 Jul 2024 18:23:30 INFO  epoch 20 training [time: 1.73s, train loss: 9.5190]
Wed 10 Jul 2024 18:23:32 INFO  epoch 20 evaluating [time: 2.30s, valid_score: 0.057000]
Wed 10 Jul 2024 18:23:32 INFO  valid result: 
recall@10 : 0.034    recall@20 : 0.057    ndcg@10 : 0.028    ndcg@20 : 0.038    mrr@10 : 0.055    mrr@20 : 0.061    hit@10 : 0.156    hit@20 : 0.242    precision@10 : 0.017    precision@20 : 0.014
Wed 10 Jul 2024 18:23:34 INFO  epoch 21 training [time: 1.64s, train loss: 9.5128]
Wed 10 Jul 2024 18:23:36 INFO  epoch 21 evaluating [time: 2.30s, valid_score: 0.057000]
Wed 10 Jul 2024 18:23:36 INFO  valid result: 
recall@10 : 0.034    recall@20 : 0.057    ndcg@10 : 0.027    ndcg@20 : 0.036    mrr@10 : 0.048    mrr@20 : 0.054    hit@10 : 0.154    hit@20 : 0.241    precision@10 : 0.017    precision@20 : 0.014
Wed 10 Jul 2024 18:23:38 INFO  epoch 22 training [time: 1.70s, train loss: 9.5202]
Wed 10 Jul 2024 18:23:40 INFO  epoch 22 evaluating [time: 2.22s, valid_score: 0.056000]
Wed 10 Jul 2024 18:23:40 INFO  valid result: 
recall@10 : 0.033    recall@20 : 0.056    ndcg@10 : 0.026    ndcg@20 : 0.036    mrr@10 : 0.049    mrr@20 : 0.055    hit@10 : 0.149    hit@20 : 0.235    precision@10 : 0.016    precision@20 : 0.014
Wed 10 Jul 2024 18:23:42 INFO  epoch 23 training [time: 1.67s, train loss: 9.3724]
Wed 10 Jul 2024 18:23:44 INFO  epoch 23 evaluating [time: 2.20s, valid_score: 0.053000]
Wed 10 Jul 2024 18:23:44 INFO  valid result: 
recall@10 : 0.033    recall@20 : 0.053    ndcg@10 : 0.026    ndcg@20 : 0.034    mrr@10 : 0.048    mrr@20 : 0.053    hit@10 : 0.151    hit@20 : 0.227    precision@10 : 0.016    precision@20 : 0.013
Wed 10 Jul 2024 18:23:46 INFO  epoch 24 training [time: 1.68s, train loss: 9.5070]
Wed 10 Jul 2024 18:23:48 INFO  epoch 24 evaluating [time: 2.24s, valid_score: 0.052000]
Wed 10 Jul 2024 18:23:48 INFO  valid result: 
recall@10 : 0.031    recall@20 : 0.052    ndcg@10 : 0.025    ndcg@20 : 0.034    mrr@10 : 0.048    mrr@20 : 0.054    hit@10 : 0.143    hit@20 : 0.224    precision@10 : 0.015    precision@20 : 0.013
Wed 10 Jul 2024 18:23:50 INFO  epoch 25 training [time: 1.70s, train loss: 9.5110]
Wed 10 Jul 2024 18:23:52 INFO  epoch 25 evaluating [time: 2.24s, valid_score: 0.052000]
Wed 10 Jul 2024 18:23:52 INFO  valid result: 
recall@10 : 0.032    recall@20 : 0.052    ndcg@10 : 0.025    ndcg@20 : 0.034    mrr@10 : 0.047    mrr@20 : 0.053    hit@10 : 0.146    hit@20 : 0.221    precision@10 : 0.016    precision@20 : 0.013
Wed 10 Jul 2024 18:23:54 INFO  epoch 26 training [time: 1.70s, train loss: 9.5655]
Wed 10 Jul 2024 18:23:56 INFO  epoch 26 evaluating [time: 2.19s, valid_score: 0.050000]
Wed 10 Jul 2024 18:23:56 INFO  valid result: 
recall@10 : 0.029    recall@20 : 0.05    ndcg@10 : 0.024    ndcg@20 : 0.033    mrr@10 : 0.045    mrr@20 : 0.051    hit@10 : 0.133    hit@20 : 0.216    precision@10 : 0.015    precision@20 : 0.013
Wed 10 Jul 2024 18:23:58 INFO  epoch 27 training [time: 1.87s, train loss: 9.4946]
Wed 10 Jul 2024 18:24:00 INFO  epoch 27 evaluating [time: 2.17s, valid_score: 0.051000]
Wed 10 Jul 2024 18:24:00 INFO  valid result: 
recall@10 : 0.029    recall@20 : 0.051    ndcg@10 : 0.024    ndcg@20 : 0.033    mrr@10 : 0.046    mrr@20 : 0.052    hit@10 : 0.132    hit@20 : 0.227    precision@10 : 0.014    precision@20 : 0.013
Wed 10 Jul 2024 18:24:02 INFO  epoch 28 training [time: 1.78s, train loss: 9.5324]
Wed 10 Jul 2024 18:24:04 INFO  epoch 28 evaluating [time: 2.18s, valid_score: 0.051000]
Wed 10 Jul 2024 18:24:04 INFO  valid result: 
recall@10 : 0.03    recall@20 : 0.051    ndcg@10 : 0.023    ndcg@20 : 0.032    mrr@10 : 0.042    mrr@20 : 0.047    hit@10 : 0.139    hit@20 : 0.223    precision@10 : 0.015    precision@20 : 0.013
Wed 10 Jul 2024 18:24:06 INFO  epoch 29 training [time: 1.77s, train loss: 9.6305]
Wed 10 Jul 2024 18:24:08 INFO  epoch 29 evaluating [time: 2.20s, valid_score: 0.051000]
Wed 10 Jul 2024 18:24:08 INFO  valid result: 
recall@10 : 0.03    recall@20 : 0.051    ndcg@10 : 0.024    ndcg@20 : 0.033    mrr@10 : 0.046    mrr@20 : 0.051    hit@10 : 0.138    hit@20 : 0.222    precision@10 : 0.015    precision@20 : 0.013
Wed 10 Jul 2024 18:24:10 INFO  epoch 30 training [time: 1.83s, train loss: 9.6580]
Wed 10 Jul 2024 18:24:12 INFO  epoch 30 evaluating [time: 2.19s, valid_score: 0.052000]
Wed 10 Jul 2024 18:24:12 INFO  valid result: 
recall@10 : 0.03    recall@20 : 0.052    ndcg@10 : 0.025    ndcg@20 : 0.034    mrr@10 : 0.048    mrr@20 : 0.053    hit@10 : 0.14    hit@20 : 0.225    precision@10 : 0.015    precision@20 : 0.013
Wed 10 Jul 2024 18:24:14 INFO  epoch 31 training [time: 1.76s, train loss: 9.5932]
Wed 10 Jul 2024 18:24:16 INFO  epoch 31 evaluating [time: 2.19s, valid_score: 0.051000]
Wed 10 Jul 2024 18:24:16 INFO  valid result: 
recall@10 : 0.031    recall@20 : 0.051    ndcg@10 : 0.025    ndcg@20 : 0.034    mrr@10 : 0.048    mrr@20 : 0.054    hit@10 : 0.141    hit@20 : 0.226    precision@10 : 0.015    precision@20 : 0.013
Wed 10 Jul 2024 18:24:18 INFO  epoch 32 training [time: 1.84s, train loss: 9.5881]
Wed 10 Jul 2024 18:24:20 INFO  epoch 32 evaluating [time: 2.26s, valid_score: 0.051000]
Wed 10 Jul 2024 18:24:20 INFO  valid result: 
recall@10 : 0.03    recall@20 : 0.051    ndcg@10 : 0.024    ndcg@20 : 0.033    mrr@10 : 0.047    mrr@20 : 0.052    hit@10 : 0.138    hit@20 : 0.222    precision@10 : 0.015    precision@20 : 0.013
Wed 10 Jul 2024 18:24:22 INFO  epoch 33 training [time: 2.01s, train loss: 9.5545]
Wed 10 Jul 2024 18:24:24 INFO  epoch 33 evaluating [time: 2.34s, valid_score: 0.053000]
Wed 10 Jul 2024 18:24:24 INFO  valid result: 
recall@10 : 0.032    recall@20 : 0.053    ndcg@10 : 0.025    ndcg@20 : 0.034    mrr@10 : 0.048    mrr@20 : 0.054    hit@10 : 0.142    hit@20 : 0.228    precision@10 : 0.016    precision@20 : 0.013
Wed 10 Jul 2024 18:24:26 INFO  epoch 34 training [time: 1.98s, train loss: 9.6081]
Wed 10 Jul 2024 18:24:29 INFO  epoch 34 evaluating [time: 2.41s, valid_score: 0.053000]
Wed 10 Jul 2024 18:24:29 INFO  valid result: 
recall@10 : 0.032    recall@20 : 0.053    ndcg@10 : 0.026    ndcg@20 : 0.035    mrr@10 : 0.048    mrr@20 : 0.054    hit@10 : 0.146    hit@20 : 0.223    precision@10 : 0.016    precision@20 : 0.013
Wed 10 Jul 2024 18:24:31 INFO  epoch 35 training [time: 2.05s, train loss: 9.6427]
Wed 10 Jul 2024 18:24:33 INFO  epoch 35 evaluating [time: 2.22s, valid_score: 0.054000]
Wed 10 Jul 2024 18:24:33 INFO  valid result: 
recall@10 : 0.033    recall@20 : 0.054    ndcg@10 : 0.027    ndcg@20 : 0.036    mrr@10 : 0.052    mrr@20 : 0.058    hit@10 : 0.152    hit@20 : 0.231    precision@10 : 0.016    precision@20 : 0.013
Wed 10 Jul 2024 18:24:35 INFO  epoch 36 training [time: 2.20s, train loss: 9.7366]
Wed 10 Jul 2024 18:24:37 INFO  epoch 36 evaluating [time: 2.24s, valid_score: 0.051000]
Wed 10 Jul 2024 18:24:37 INFO  valid result: 
recall@10 : 0.031    recall@20 : 0.051    ndcg@10 : 0.025    ndcg@20 : 0.034    mrr@10 : 0.049    mrr@20 : 0.055    hit@10 : 0.141    hit@20 : 0.22    precision@10 : 0.015    precision@20 : 0.013
Wed 10 Jul 2024 18:24:40 INFO  epoch 37 training [time: 2.38s, train loss: 9.6402]
Wed 10 Jul 2024 18:24:42 INFO  epoch 37 evaluating [time: 2.25s, valid_score: 0.051000]
Wed 10 Jul 2024 18:24:42 INFO  valid result: 
recall@10 : 0.032    recall@20 : 0.051    ndcg@10 : 0.028    ndcg@20 : 0.035    mrr@10 : 0.054    mrr@20 : 0.059    hit@10 : 0.144    hit@20 : 0.215    precision@10 : 0.016    precision@20 : 0.013
Wed 10 Jul 2024 18:24:44 INFO  epoch 38 training [time: 2.33s, train loss: 9.6322]
Wed 10 Jul 2024 18:24:47 INFO  epoch 38 evaluating [time: 2.30s, valid_score: 0.052000]
Wed 10 Jul 2024 18:24:47 INFO  valid result: 
recall@10 : 0.031    recall@20 : 0.052    ndcg@10 : 0.026    ndcg@20 : 0.035    mrr@10 : 0.05    mrr@20 : 0.056    hit@10 : 0.14    hit@20 : 0.226    precision@10 : 0.015    precision@20 : 0.013
Wed 10 Jul 2024 18:24:49 INFO  epoch 39 training [time: 2.46s, train loss: 9.6856]
Wed 10 Jul 2024 18:24:51 INFO  epoch 39 evaluating [time: 2.23s, valid_score: 0.052000]
Wed 10 Jul 2024 18:24:51 INFO  valid result: 
recall@10 : 0.03    recall@20 : 0.052    ndcg@10 : 0.025    ndcg@20 : 0.034    mrr@10 : 0.048    mrr@20 : 0.054    hit@10 : 0.139    hit@20 : 0.223    precision@10 : 0.015    precision@20 : 0.013
Wed 10 Jul 2024 18:24:54 INFO  epoch 40 training [time: 2.52s, train loss: 9.5782]
Wed 10 Jul 2024 18:24:56 INFO  epoch 40 evaluating [time: 2.24s, valid_score: 0.051000]
Wed 10 Jul 2024 18:24:56 INFO  valid result: 
recall@10 : 0.03    recall@20 : 0.051    ndcg@10 : 0.026    ndcg@20 : 0.035    mrr@10 : 0.053    mrr@20 : 0.058    hit@10 : 0.141    hit@20 : 0.223    precision@10 : 0.015    precision@20 : 0.013
Wed 10 Jul 2024 18:24:58 INFO  epoch 41 training [time: 1.74s, train loss: 9.7550]
Wed 10 Jul 2024 18:25:00 INFO  epoch 41 evaluating [time: 2.28s, valid_score: 0.049000]
Wed 10 Jul 2024 18:25:00 INFO  valid result: 
recall@10 : 0.029    recall@20 : 0.049    ndcg@10 : 0.025    ndcg@20 : 0.034    mrr@10 : 0.051    mrr@20 : 0.057    hit@10 : 0.131    hit@20 : 0.21    precision@10 : 0.014    precision@20 : 0.012
Wed 10 Jul 2024 18:25:02 INFO  epoch 42 training [time: 1.83s, train loss: 9.7115]
Wed 10 Jul 2024 18:25:04 INFO  epoch 42 evaluating [time: 2.27s, valid_score: 0.049000]
Wed 10 Jul 2024 18:25:04 INFO  valid result: 
recall@10 : 0.031    recall@20 : 0.049    ndcg@10 : 0.026    ndcg@20 : 0.034    mrr@10 : 0.051    mrr@20 : 0.057    hit@10 : 0.142    hit@20 : 0.215    precision@10 : 0.015    precision@20 : 0.012
Wed 10 Jul 2024 18:25:06 INFO  epoch 43 training [time: 1.69s, train loss: 9.6863]
Wed 10 Jul 2024 18:25:08 INFO  epoch 43 evaluating [time: 2.30s, valid_score: 0.052000]
Wed 10 Jul 2024 18:25:08 INFO  valid result: 
recall@10 : 0.031    recall@20 : 0.052    ndcg@10 : 0.026    ndcg@20 : 0.034    mrr@10 : 0.049    mrr@20 : 0.055    hit@10 : 0.145    hit@20 : 0.225    precision@10 : 0.016    precision@20 : 0.013
Wed 10 Jul 2024 18:25:10 INFO  epoch 44 training [time: 1.71s, train loss: 9.7960]
Wed 10 Jul 2024 18:25:12 INFO  epoch 44 evaluating [time: 2.38s, valid_score: 0.049000]
Wed 10 Jul 2024 18:25:12 INFO  valid result: 
recall@10 : 0.03    recall@20 : 0.049    ndcg@10 : 0.025    ndcg@20 : 0.034    mrr@10 : 0.051    mrr@20 : 0.056    hit@10 : 0.135    hit@20 : 0.212    precision@10 : 0.015    precision@20 : 0.012
Wed 10 Jul 2024 18:25:14 INFO  epoch 45 training [time: 1.79s, train loss: 9.8313]
Wed 10 Jul 2024 18:25:16 INFO  epoch 45 evaluating [time: 2.22s, valid_score: 0.049000]
Wed 10 Jul 2024 18:25:16 INFO  valid result: 
recall@10 : 0.029    recall@20 : 0.049    ndcg@10 : 0.024    ndcg@20 : 0.033    mrr@10 : 0.046    mrr@20 : 0.052    hit@10 : 0.134    hit@20 : 0.218    precision@10 : 0.014    precision@20 : 0.012
Wed 10 Jul 2024 18:25:18 INFO  epoch 46 training [time: 1.64s, train loss: 9.8216]
Wed 10 Jul 2024 18:25:20 INFO  epoch 46 evaluating [time: 2.19s, valid_score: 0.048000]
Wed 10 Jul 2024 18:25:20 INFO  valid result: 
recall@10 : 0.029    recall@20 : 0.048    ndcg@10 : 0.024    ndcg@20 : 0.032    mrr@10 : 0.047    mrr@20 : 0.052    hit@10 : 0.132    hit@20 : 0.206    precision@10 : 0.014    precision@20 : 0.012
Wed 10 Jul 2024 18:25:22 INFO  epoch 47 training [time: 1.79s, train loss: 9.8513]
Wed 10 Jul 2024 18:25:24 INFO  epoch 47 evaluating [time: 2.22s, valid_score: 0.049000]
Wed 10 Jul 2024 18:25:24 INFO  valid result: 
recall@10 : 0.03    recall@20 : 0.049    ndcg@10 : 0.025    ndcg@20 : 0.033    mrr@10 : 0.047    mrr@20 : 0.052    hit@10 : 0.128    hit@20 : 0.207    precision@10 : 0.014    precision@20 : 0.012
Wed 10 Jul 2024 18:25:26 INFO  epoch 48 training [time: 1.71s, train loss: 9.7694]
Wed 10 Jul 2024 18:25:28 INFO  epoch 48 evaluating [time: 2.30s, valid_score: 0.048000]
Wed 10 Jul 2024 18:25:28 INFO  valid result: 
recall@10 : 0.03    recall@20 : 0.048    ndcg@10 : 0.024    ndcg@20 : 0.032    mrr@10 : 0.046    mrr@20 : 0.051    hit@10 : 0.129    hit@20 : 0.206    precision@10 : 0.014    precision@20 : 0.012
Wed 10 Jul 2024 18:25:30 INFO  epoch 49 training [time: 1.71s, train loss: 9.7122]
Wed 10 Jul 2024 18:25:32 INFO  epoch 49 evaluating [time: 2.20s, valid_score: 0.047000]
Wed 10 Jul 2024 18:25:32 INFO  valid result: 
recall@10 : 0.028    recall@20 : 0.047    ndcg@10 : 0.023    ndcg@20 : 0.031    mrr@10 : 0.044    mrr@20 : 0.049    hit@10 : 0.124    hit@20 : 0.2    precision@10 : 0.014    precision@20 : 0.011
Wed 10 Jul 2024 18:25:34 INFO  epoch 50 training [time: 1.75s, train loss: 9.8526]
Wed 10 Jul 2024 18:25:36 INFO  epoch 50 evaluating [time: 2.22s, valid_score: 0.046000]
Wed 10 Jul 2024 18:25:36 INFO  valid result: 
recall@10 : 0.029    recall@20 : 0.046    ndcg@10 : 0.024    ndcg@20 : 0.031    mrr@10 : 0.046    mrr@20 : 0.05    hit@10 : 0.13    hit@20 : 0.199    precision@10 : 0.014    precision@20 : 0.011
Wed 10 Jul 2024 18:25:38 INFO  epoch 51 training [time: 2.13s, train loss: 9.7390]
Wed 10 Jul 2024 18:25:40 INFO  epoch 51 evaluating [time: 2.19s, valid_score: 0.046000]
Wed 10 Jul 2024 18:25:40 INFO  valid result: 
recall@10 : 0.029    recall@20 : 0.046    ndcg@10 : 0.024    ndcg@20 : 0.031    mrr@10 : 0.048    mrr@20 : 0.052    hit@10 : 0.132    hit@20 : 0.199    precision@10 : 0.014    precision@20 : 0.011
Wed 10 Jul 2024 18:25:43 INFO  epoch 52 training [time: 2.48s, train loss: 9.8199]
Wed 10 Jul 2024 18:25:45 INFO  epoch 52 evaluating [time: 2.24s, valid_score: 0.045000]
Wed 10 Jul 2024 18:25:45 INFO  valid result: 
recall@10 : 0.027    recall@20 : 0.045    ndcg@10 : 0.023    ndcg@20 : 0.031    mrr@10 : 0.047    mrr@20 : 0.052    hit@10 : 0.122    hit@20 : 0.195    precision@10 : 0.013    precision@20 : 0.011
Wed 10 Jul 2024 18:25:47 INFO  epoch 53 training [time: 2.35s, train loss: 9.8447]
Wed 10 Jul 2024 18:25:50 INFO  epoch 53 evaluating [time: 2.29s, valid_score: 0.046000]
Wed 10 Jul 2024 18:25:50 INFO  valid result: 
recall@10 : 0.029    recall@20 : 0.046    ndcg@10 : 0.024    ndcg@20 : 0.031    mrr@10 : 0.047    mrr@20 : 0.051    hit@10 : 0.13    hit@20 : 0.198    precision@10 : 0.014    precision@20 : 0.011
Wed 10 Jul 2024 18:25:52 INFO  epoch 54 training [time: 2.62s, train loss: 9.8146]
Wed 10 Jul 2024 18:25:54 INFO  epoch 54 evaluating [time: 2.21s, valid_score: 0.045000]
Wed 10 Jul 2024 18:25:54 INFO  valid result: 
recall@10 : 0.028    recall@20 : 0.045    ndcg@10 : 0.024    ndcg@20 : 0.032    mrr@10 : 0.048    mrr@20 : 0.053    hit@10 : 0.124    hit@20 : 0.2    precision@10 : 0.014    precision@20 : 0.011
Wed 10 Jul 2024 18:25:56 INFO  epoch 55 training [time: 1.70s, train loss: 9.8465]
Wed 10 Jul 2024 18:25:58 INFO  epoch 55 evaluating [time: 2.28s, valid_score: 0.045000]
Wed 10 Jul 2024 18:25:58 INFO  valid result: 
recall@10 : 0.028    recall@20 : 0.045    ndcg@10 : 0.024    ndcg@20 : 0.031    mrr@10 : 0.048    mrr@20 : 0.053    hit@10 : 0.124    hit@20 : 0.193    precision@10 : 0.014    precision@20 : 0.011
Wed 10 Jul 2024 18:26:00 INFO  epoch 56 training [time: 1.68s, train loss: 9.7548]
Wed 10 Jul 2024 18:26:02 INFO  epoch 56 evaluating [time: 2.20s, valid_score: 0.047000]
Wed 10 Jul 2024 18:26:02 INFO  valid result: 
recall@10 : 0.029    recall@20 : 0.047    ndcg@10 : 0.025    ndcg@20 : 0.032    mrr@10 : 0.049    mrr@20 : 0.053    hit@10 : 0.133    hit@20 : 0.206    precision@10 : 0.015    precision@20 : 0.012
Wed 10 Jul 2024 18:26:04 INFO  epoch 57 training [time: 1.62s, train loss: 9.8287]
Wed 10 Jul 2024 18:26:06 INFO  epoch 57 evaluating [time: 2.19s, valid_score: 0.048000]
Wed 10 Jul 2024 18:26:06 INFO  valid result: 
recall@10 : 0.029    recall@20 : 0.048    ndcg@10 : 0.025    ndcg@20 : 0.033    mrr@10 : 0.05    mrr@20 : 0.055    hit@10 : 0.133    hit@20 : 0.208    precision@10 : 0.014    precision@20 : 0.012
Wed 10 Jul 2024 18:26:08 INFO  epoch 58 training [time: 1.58s, train loss: 9.9487]
Wed 10 Jul 2024 18:26:10 INFO  epoch 58 evaluating [time: 2.19s, valid_score: 0.045000]
Wed 10 Jul 2024 18:26:10 INFO  valid result: 
recall@10 : 0.027    recall@20 : 0.045    ndcg@10 : 0.024    ndcg@20 : 0.031    mrr@10 : 0.048    mrr@20 : 0.054    hit@10 : 0.124    hit@20 : 0.201    precision@10 : 0.013    precision@20 : 0.011
Wed 10 Jul 2024 18:26:11 INFO  epoch 59 training [time: 1.58s, train loss: 9.8171]
Wed 10 Jul 2024 18:26:14 INFO  epoch 59 evaluating [time: 2.21s, valid_score: 0.048000]
Wed 10 Jul 2024 18:26:14 INFO  valid result: 
recall@10 : 0.029    recall@20 : 0.048    ndcg@10 : 0.025    ndcg@20 : 0.034    mrr@10 : 0.051    mrr@20 : 0.057    hit@10 : 0.132    hit@20 : 0.212    precision@10 : 0.014    precision@20 : 0.012
Wed 10 Jul 2024 18:26:15 INFO  epoch 60 training [time: 1.64s, train loss: 9.8156]
Wed 10 Jul 2024 18:26:18 INFO  epoch 60 evaluating [time: 2.18s, valid_score: 0.049000]
Wed 10 Jul 2024 18:26:18 INFO  valid result: 
recall@10 : 0.029    recall@20 : 0.049    ndcg@10 : 0.025    ndcg@20 : 0.033    mrr@10 : 0.051    mrr@20 : 0.056    hit@10 : 0.136    hit@20 : 0.213    precision@10 : 0.014    precision@20 : 0.012
Wed 10 Jul 2024 18:26:19 INFO  epoch 61 training [time: 1.63s, train loss: 9.7286]
Wed 10 Jul 2024 18:26:21 INFO  epoch 61 evaluating [time: 2.23s, valid_score: 0.049000]
Wed 10 Jul 2024 18:26:21 INFO  valid result: 
recall@10 : 0.029    recall@20 : 0.049    ndcg@10 : 0.024    ndcg@20 : 0.032    mrr@10 : 0.047    mrr@20 : 0.052    hit@10 : 0.135    hit@20 : 0.214    precision@10 : 0.015    precision@20 : 0.012
Wed 10 Jul 2024 18:26:23 INFO  epoch 62 training [time: 1.69s, train loss: 9.7572]
Wed 10 Jul 2024 18:26:25 INFO  epoch 62 evaluating [time: 2.22s, valid_score: 0.048000]
Wed 10 Jul 2024 18:26:25 INFO  valid result: 
recall@10 : 0.029    recall@20 : 0.048    ndcg@10 : 0.023    ndcg@20 : 0.031    mrr@10 : 0.044    mrr@20 : 0.049    hit@10 : 0.132    hit@20 : 0.209    precision@10 : 0.014    precision@20 : 0.012
Wed 10 Jul 2024 18:26:27 INFO  epoch 63 training [time: 1.78s, train loss: 9.6076]
Wed 10 Jul 2024 18:26:29 INFO  epoch 63 evaluating [time: 2.19s, valid_score: 0.047000]
Wed 10 Jul 2024 18:26:29 INFO  valid result: 
recall@10 : 0.029    recall@20 : 0.047    ndcg@10 : 0.024    ndcg@20 : 0.032    mrr@10 : 0.047    mrr@20 : 0.052    hit@10 : 0.127    hit@20 : 0.204    precision@10 : 0.014    precision@20 : 0.012
Wed 10 Jul 2024 18:26:31 INFO  epoch 64 training [time: 1.75s, train loss: 9.8448]
Wed 10 Jul 2024 18:26:33 INFO  epoch 64 evaluating [time: 2.19s, valid_score: 0.048000]
Wed 10 Jul 2024 18:26:33 INFO  valid result: 
recall@10 : 0.03    recall@20 : 0.048    ndcg@10 : 0.024    ndcg@20 : 0.032    mrr@10 : 0.047    mrr@20 : 0.051    hit@10 : 0.134    hit@20 : 0.204    precision@10 : 0.015    precision@20 : 0.012
Wed 10 Jul 2024 18:26:35 INFO  epoch 65 training [time: 1.74s, train loss: 9.7233]
Wed 10 Jul 2024 18:26:37 INFO  epoch 65 evaluating [time: 2.18s, valid_score: 0.047000]
Wed 10 Jul 2024 18:26:37 INFO  valid result: 
recall@10 : 0.029    recall@20 : 0.047    ndcg@10 : 0.024    ndcg@20 : 0.032    mrr@10 : 0.048    mrr@20 : 0.053    hit@10 : 0.13    hit@20 : 0.203    precision@10 : 0.014    precision@20 : 0.012
Wed 10 Jul 2024 18:26:39 INFO  epoch 66 training [time: 1.71s, train loss: 9.7139]
Wed 10 Jul 2024 18:26:41 INFO  epoch 66 evaluating [time: 2.22s, valid_score: 0.044000]
Wed 10 Jul 2024 18:26:41 INFO  valid result: 
recall@10 : 0.026    recall@20 : 0.044    ndcg@10 : 0.024    ndcg@20 : 0.031    mrr@10 : 0.049    mrr@20 : 0.054    hit@10 : 0.119    hit@20 : 0.191    precision@10 : 0.013    precision@20 : 0.011
Wed 10 Jul 2024 18:26:43 INFO  epoch 67 training [time: 1.64s, train loss: 9.7761]
Wed 10 Jul 2024 18:26:45 INFO  epoch 67 evaluating [time: 2.19s, valid_score: 0.045000]
Wed 10 Jul 2024 18:26:45 INFO  valid result: 
recall@10 : 0.029    recall@20 : 0.045    ndcg@10 : 0.025    ndcg@20 : 0.032    mrr@10 : 0.052    mrr@20 : 0.056    hit@10 : 0.132    hit@20 : 0.193    precision@10 : 0.014    precision@20 : 0.011
Wed 10 Jul 2024 18:26:47 INFO  epoch 68 training [time: 1.69s, train loss: 9.6704]
Wed 10 Jul 2024 18:26:49 INFO  epoch 68 evaluating [time: 2.25s, valid_score: 0.045000]
Wed 10 Jul 2024 18:26:49 INFO  valid result: 
recall@10 : 0.028    recall@20 : 0.045    ndcg@10 : 0.024    ndcg@20 : 0.031    mrr@10 : 0.047    mrr@20 : 0.052    hit@10 : 0.128    hit@20 : 0.201    precision@10 : 0.014    precision@20 : 0.011
Wed 10 Jul 2024 18:26:51 INFO  epoch 69 training [time: 1.79s, train loss: 9.7373]
Wed 10 Jul 2024 18:26:53 INFO  epoch 69 evaluating [time: 2.24s, valid_score: 0.046000]
Wed 10 Jul 2024 18:26:53 INFO  valid result: 
recall@10 : 0.029    recall@20 : 0.046    ndcg@10 : 0.025    ndcg@20 : 0.032    mrr@10 : 0.05    mrr@20 : 0.055    hit@10 : 0.133    hit@20 : 0.205    precision@10 : 0.014    precision@20 : 0.011
Wed 10 Jul 2024 18:26:55 INFO  epoch 70 training [time: 1.84s, train loss: 9.7214]
Wed 10 Jul 2024 18:26:57 INFO  epoch 70 evaluating [time: 2.22s, valid_score: 0.047000]
Wed 10 Jul 2024 18:26:57 INFO  valid result: 
recall@10 : 0.029    recall@20 : 0.047    ndcg@10 : 0.024    ndcg@20 : 0.032    mrr@10 : 0.049    mrr@20 : 0.053    hit@10 : 0.135    hit@20 : 0.204    precision@10 : 0.014    precision@20 : 0.012
Wed 10 Jul 2024 18:26:59 INFO  epoch 71 training [time: 1.79s, train loss: 9.7755]
Wed 10 Jul 2024 18:27:01 INFO  epoch 71 evaluating [time: 2.21s, valid_score: 0.047000]
Wed 10 Jul 2024 18:27:01 INFO  valid result: 
recall@10 : 0.03    recall@20 : 0.047    ndcg@10 : 0.025    ndcg@20 : 0.032    mrr@10 : 0.049    mrr@20 : 0.053    hit@10 : 0.139    hit@20 : 0.203    precision@10 : 0.015    precision@20 : 0.012
Wed 10 Jul 2024 18:27:03 INFO  epoch 72 training [time: 1.81s, train loss: 9.7188]
Wed 10 Jul 2024 18:27:05 INFO  epoch 72 evaluating [time: 2.27s, valid_score: 0.047000]
Wed 10 Jul 2024 18:27:05 INFO  valid result: 
recall@10 : 0.03    recall@20 : 0.047    ndcg@10 : 0.025    ndcg@20 : 0.033    mrr@10 : 0.051    mrr@20 : 0.056    hit@10 : 0.138    hit@20 : 0.206    precision@10 : 0.015    precision@20 : 0.012
Wed 10 Jul 2024 18:27:07 INFO  epoch 73 training [time: 1.82s, train loss: 9.7970]
Wed 10 Jul 2024 18:27:09 INFO  epoch 73 evaluating [time: 2.29s, valid_score: 0.047000]
Wed 10 Jul 2024 18:27:09 INFO  valid result: 
recall@10 : 0.029    recall@20 : 0.047    ndcg@10 : 0.026    ndcg@20 : 0.033    mrr@10 : 0.053    mrr@20 : 0.057    hit@10 : 0.137    hit@20 : 0.201    precision@10 : 0.015    precision@20 : 0.012
Wed 10 Jul 2024 18:27:11 INFO  epoch 74 training [time: 2.12s, train loss: 9.6438]
Wed 10 Jul 2024 18:27:14 INFO  epoch 74 evaluating [time: 2.30s, valid_score: 0.047000]
Wed 10 Jul 2024 18:27:14 INFO  valid result: 
recall@10 : 0.029    recall@20 : 0.047    ndcg@10 : 0.026    ndcg@20 : 0.033    mrr@10 : 0.052    mrr@20 : 0.057    hit@10 : 0.134    hit@20 : 0.203    precision@10 : 0.015    precision@20 : 0.012
Wed 10 Jul 2024 18:27:16 INFO  epoch 75 training [time: 2.28s, train loss: 9.7463]
Wed 10 Jul 2024 18:27:18 INFO  epoch 75 evaluating [time: 2.38s, valid_score: 0.047000]
Wed 10 Jul 2024 18:27:18 INFO  valid result: 
recall@10 : 0.028    recall@20 : 0.047    ndcg@10 : 0.024    ndcg@20 : 0.032    mrr@10 : 0.048    mrr@20 : 0.053    hit@10 : 0.125    hit@20 : 0.199    precision@10 : 0.014    precision@20 : 0.012
Wed 10 Jul 2024 18:27:20 INFO  epoch 76 training [time: 1.63s, train loss: 9.8286]
Wed 10 Jul 2024 18:27:22 INFO  epoch 76 evaluating [time: 2.23s, valid_score: 0.047000]
Wed 10 Jul 2024 18:27:22 INFO  valid result: 
recall@10 : 0.03    recall@20 : 0.047    ndcg@10 : 0.025    ndcg@20 : 0.033    mrr@10 : 0.05    mrr@20 : 0.055    hit@10 : 0.135    hit@20 : 0.204    precision@10 : 0.015    precision@20 : 0.012
Wed 10 Jul 2024 18:27:24 INFO  epoch 77 training [time: 1.64s, train loss: 9.7952]
Wed 10 Jul 2024 18:27:26 INFO  epoch 77 evaluating [time: 2.18s, valid_score: 0.049000]
Wed 10 Jul 2024 18:27:26 INFO  valid result: 
recall@10 : 0.03    recall@20 : 0.049    ndcg@10 : 0.026    ndcg@20 : 0.033    mrr@10 : 0.05    mrr@20 : 0.055    hit@10 : 0.135    hit@20 : 0.211    precision@10 : 0.015    precision@20 : 0.012
Wed 10 Jul 2024 18:27:28 INFO  epoch 78 training [time: 1.64s, train loss: 9.8042]
Wed 10 Jul 2024 18:27:30 INFO  epoch 78 evaluating [time: 2.29s, valid_score: 0.046000]
Wed 10 Jul 2024 18:27:30 INFO  valid result: 
recall@10 : 0.028    recall@20 : 0.046    ndcg@10 : 0.024    ndcg@20 : 0.032    mrr@10 : 0.048    mrr@20 : 0.053    hit@10 : 0.128    hit@20 : 0.201    precision@10 : 0.014    precision@20 : 0.011
Wed 10 Jul 2024 18:27:31 INFO  epoch 79 training [time: 1.63s, train loss: 9.8519]
Wed 10 Jul 2024 18:27:34 INFO  epoch 79 evaluating [time: 2.32s, valid_score: 0.047000]
Wed 10 Jul 2024 18:27:34 INFO  valid result: 
recall@10 : 0.029    recall@20 : 0.047    ndcg@10 : 0.024    ndcg@20 : 0.032    mrr@10 : 0.048    mrr@20 : 0.053    hit@10 : 0.132    hit@20 : 0.203    precision@10 : 0.014    precision@20 : 0.012
Wed 10 Jul 2024 18:27:35 INFO  epoch 80 training [time: 1.65s, train loss: 9.7305]
Wed 10 Jul 2024 18:27:38 INFO  epoch 80 evaluating [time: 2.19s, valid_score: 0.047000]
Wed 10 Jul 2024 18:27:38 INFO  valid result: 
recall@10 : 0.028    recall@20 : 0.047    ndcg@10 : 0.025    ndcg@20 : 0.032    mrr@10 : 0.049    mrr@20 : 0.054    hit@10 : 0.129    hit@20 : 0.205    precision@10 : 0.014    precision@20 : 0.012
Wed 10 Jul 2024 18:27:39 INFO  epoch 81 training [time: 1.77s, train loss: 9.7780]
Wed 10 Jul 2024 18:27:42 INFO  epoch 81 evaluating [time: 2.21s, valid_score: 0.048000]
Wed 10 Jul 2024 18:27:42 INFO  valid result: 
recall@10 : 0.029    recall@20 : 0.048    ndcg@10 : 0.024    ndcg@20 : 0.032    mrr@10 : 0.045    mrr@20 : 0.051    hit@10 : 0.129    hit@20 : 0.208    precision@10 : 0.014    precision@20 : 0.012
Wed 10 Jul 2024 18:27:43 INFO  epoch 82 training [time: 1.72s, train loss: 9.7294]
Wed 10 Jul 2024 18:27:46 INFO  epoch 82 evaluating [time: 2.22s, valid_score: 0.046000]
Wed 10 Jul 2024 18:27:46 INFO  valid result: 
recall@10 : 0.029    recall@20 : 0.046    ndcg@10 : 0.024    ndcg@20 : 0.031    mrr@10 : 0.046    mrr@20 : 0.051    hit@10 : 0.131    hit@20 : 0.2    precision@10 : 0.014    precision@20 : 0.011
Wed 10 Jul 2024 18:27:47 INFO  epoch 83 training [time: 1.75s, train loss: 9.8055]
Wed 10 Jul 2024 18:27:49 INFO  epoch 83 evaluating [time: 2.19s, valid_score: 0.048000]
Wed 10 Jul 2024 18:27:49 INFO  valid result: 
recall@10 : 0.028    recall@20 : 0.048    ndcg@10 : 0.023    ndcg@20 : 0.031    mrr@10 : 0.043    mrr@20 : 0.049    hit@10 : 0.128    hit@20 : 0.21    precision@10 : 0.014    precision@20 : 0.012
Wed 10 Jul 2024 18:27:51 INFO  epoch 84 training [time: 1.70s, train loss: 9.7477]
Wed 10 Jul 2024 18:27:53 INFO  epoch 84 evaluating [time: 2.21s, valid_score: 0.048000]
Wed 10 Jul 2024 18:27:53 INFO  valid result: 
recall@10 : 0.028    recall@20 : 0.048    ndcg@10 : 0.023    ndcg@20 : 0.031    mrr@10 : 0.043    mrr@20 : 0.049    hit@10 : 0.124    hit@20 : 0.208    precision@10 : 0.014    precision@20 : 0.012
Wed 10 Jul 2024 18:27:55 INFO  epoch 85 training [time: 1.71s, train loss: 9.6298]
Wed 10 Jul 2024 18:27:57 INFO  epoch 85 evaluating [time: 2.21s, valid_score: 0.050000]
Wed 10 Jul 2024 18:27:57 INFO  valid result: 
recall@10 : 0.029    recall@20 : 0.05    ndcg@10 : 0.023    ndcg@20 : 0.032    mrr@10 : 0.044    mrr@20 : 0.05    hit@10 : 0.129    hit@20 : 0.218    precision@10 : 0.014    precision@20 : 0.012
Wed 10 Jul 2024 18:27:59 INFO  epoch 86 training [time: 1.85s, train loss: 9.8080]
Wed 10 Jul 2024 18:28:01 INFO  epoch 86 evaluating [time: 2.22s, valid_score: 0.049000]
Wed 10 Jul 2024 18:28:01 INFO  valid result: 
recall@10 : 0.029    recall@20 : 0.049    ndcg@10 : 0.024    ndcg@20 : 0.033    mrr@10 : 0.047    mrr@20 : 0.052    hit@10 : 0.129    hit@20 : 0.209    precision@10 : 0.014    precision@20 : 0.012
Wed 10 Jul 2024 18:28:03 INFO  epoch 87 training [time: 1.83s, train loss: 9.7186]
Wed 10 Jul 2024 18:28:05 INFO  epoch 87 evaluating [time: 2.20s, valid_score: 0.049000]
Wed 10 Jul 2024 18:28:05 INFO  valid result: 
recall@10 : 0.03    recall@20 : 0.049    ndcg@10 : 0.025    ndcg@20 : 0.034    mrr@10 : 0.049    mrr@20 : 0.055    hit@10 : 0.131    hit@20 : 0.216    precision@10 : 0.015    precision@20 : 0.012
Wed 10 Jul 2024 18:28:08 INFO  epoch 88 training [time: 2.13s, train loss: 9.6690]
Wed 10 Jul 2024 18:28:10 INFO  epoch 88 evaluating [time: 2.19s, valid_score: 0.048000]
Wed 10 Jul 2024 18:28:10 INFO  valid result: 
recall@10 : 0.031    recall@20 : 0.048    ndcg@10 : 0.026    ndcg@20 : 0.033    mrr@10 : 0.049    mrr@20 : 0.053    hit@10 : 0.136    hit@20 : 0.204    precision@10 : 0.015    precision@20 : 0.012
Wed 10 Jul 2024 18:28:12 INFO  epoch 89 training [time: 2.27s, train loss: 9.7546]
Wed 10 Jul 2024 18:28:14 INFO  epoch 89 evaluating [time: 2.23s, valid_score: 0.046000]
Wed 10 Jul 2024 18:28:14 INFO  valid result: 
recall@10 : 0.029    recall@20 : 0.046    ndcg@10 : 0.025    ndcg@20 : 0.032    mrr@10 : 0.049    mrr@20 : 0.053    hit@10 : 0.128    hit@20 : 0.194    precision@10 : 0.014    precision@20 : 0.011
Wed 10 Jul 2024 18:28:16 INFO  epoch 90 training [time: 1.89s, train loss: 9.7148]
Wed 10 Jul 2024 18:28:18 INFO  epoch 90 evaluating [time: 2.22s, valid_score: 0.045000]
Wed 10 Jul 2024 18:28:18 INFO  valid result: 
recall@10 : 0.029    recall@20 : 0.045    ndcg@10 : 0.024    ndcg@20 : 0.031    mrr@10 : 0.048    mrr@20 : 0.053    hit@10 : 0.128    hit@20 : 0.193    precision@10 : 0.014    precision@20 : 0.011
Wed 10 Jul 2024 18:28:20 INFO  epoch 91 training [time: 1.80s, train loss: 9.8351]
Wed 10 Jul 2024 18:28:22 INFO  epoch 91 evaluating [time: 2.20s, valid_score: 0.047000]
Wed 10 Jul 2024 18:28:22 INFO  valid result: 
recall@10 : 0.029    recall@20 : 0.047    ndcg@10 : 0.025    ndcg@20 : 0.032    mrr@10 : 0.049    mrr@20 : 0.053    hit@10 : 0.134    hit@20 : 0.203    precision@10 : 0.014    precision@20 : 0.012
Wed 10 Jul 2024 18:28:24 INFO  epoch 92 training [time: 1.58s, train loss: 9.7143]
Wed 10 Jul 2024 18:28:26 INFO  epoch 92 evaluating [time: 2.18s, valid_score: 0.047000]
Wed 10 Jul 2024 18:28:26 INFO  valid result: 
recall@10 : 0.026    recall@20 : 0.047    ndcg@10 : 0.022    ndcg@20 : 0.031    mrr@10 : 0.044    mrr@20 : 0.05    hit@10 : 0.117    hit@20 : 0.202    precision@10 : 0.013    precision@20 : 0.012
Wed 10 Jul 2024 18:28:28 INFO  epoch 93 training [time: 1.65s, train loss: 9.7914]
Wed 10 Jul 2024 18:28:30 INFO  epoch 93 evaluating [time: 2.22s, valid_score: 0.045000]
Wed 10 Jul 2024 18:28:30 INFO  valid result: 
recall@10 : 0.026    recall@20 : 0.045    ndcg@10 : 0.023    ndcg@20 : 0.03    mrr@10 : 0.046    mrr@20 : 0.051    hit@10 : 0.119    hit@20 : 0.193    precision@10 : 0.013    precision@20 : 0.011
Wed 10 Jul 2024 18:28:32 INFO  epoch 94 training [time: 1.65s, train loss: 9.7588]
Wed 10 Jul 2024 18:28:34 INFO  epoch 94 evaluating [time: 2.21s, valid_score: 0.044000]
Wed 10 Jul 2024 18:28:34 INFO  valid result: 
recall@10 : 0.026    recall@20 : 0.044    ndcg@10 : 0.023    ndcg@20 : 0.03    mrr@10 : 0.046    mrr@20 : 0.051    hit@10 : 0.12    hit@20 : 0.193    precision@10 : 0.013    precision@20 : 0.011
Wed 10 Jul 2024 18:28:35 INFO  epoch 95 training [time: 1.64s, train loss: 9.6991]
Wed 10 Jul 2024 18:28:38 INFO  epoch 95 evaluating [time: 2.19s, valid_score: 0.046000]
Wed 10 Jul 2024 18:28:38 INFO  valid result: 
recall@10 : 0.026    recall@20 : 0.046    ndcg@10 : 0.023    ndcg@20 : 0.031    mrr@10 : 0.047    mrr@20 : 0.052    hit@10 : 0.125    hit@20 : 0.202    precision@10 : 0.013    precision@20 : 0.011
Wed 10 Jul 2024 18:28:40 INFO  epoch 96 training [time: 1.90s, train loss: 9.6347]
Wed 10 Jul 2024 18:28:42 INFO  epoch 96 evaluating [time: 2.33s, valid_score: 0.047000]
Wed 10 Jul 2024 18:28:42 INFO  valid result: 
recall@10 : 0.028    recall@20 : 0.047    ndcg@10 : 0.023    ndcg@20 : 0.031    mrr@10 : 0.046    mrr@20 : 0.051    hit@10 : 0.129    hit@20 : 0.207    precision@10 : 0.014    precision@20 : 0.012
Wed 10 Jul 2024 18:28:44 INFO  epoch 97 training [time: 1.74s, train loss: 9.8031]
Wed 10 Jul 2024 18:28:46 INFO  epoch 97 evaluating [time: 2.22s, valid_score: 0.045000]
Wed 10 Jul 2024 18:28:46 INFO  valid result: 
recall@10 : 0.027    recall@20 : 0.045    ndcg@10 : 0.022    ndcg@20 : 0.03    mrr@10 : 0.043    mrr@20 : 0.048    hit@10 : 0.125    hit@20 : 0.2    precision@10 : 0.013    precision@20 : 0.011
Wed 10 Jul 2024 18:28:48 INFO  epoch 98 training [time: 1.72s, train loss: 9.6438]
Wed 10 Jul 2024 18:28:50 INFO  epoch 98 evaluating [time: 2.21s, valid_score: 0.047000]
Wed 10 Jul 2024 18:28:50 INFO  valid result: 
recall@10 : 0.028    recall@20 : 0.047    ndcg@10 : 0.023    ndcg@20 : 0.031    mrr@10 : 0.044    mrr@20 : 0.049    hit@10 : 0.129    hit@20 : 0.207    precision@10 : 0.014    precision@20 : 0.012
Wed 10 Jul 2024 18:28:52 INFO  epoch 99 training [time: 1.78s, train loss: 9.6933]
Wed 10 Jul 2024 18:28:54 INFO  epoch 99 evaluating [time: 2.24s, valid_score: 0.045000]
Wed 10 Jul 2024 18:28:54 INFO  valid result: 
recall@10 : 0.028    recall@20 : 0.045    ndcg@10 : 0.022    ndcg@20 : 0.03    mrr@10 : 0.042    mrr@20 : 0.047    hit@10 : 0.126    hit@20 : 0.201    precision@10 : 0.014    precision@20 : 0.011
Wed 10 Jul 2024 18:28:55 INFO  epoch 100 training [time: 1.71s, train loss: 9.6890]
Wed 10 Jul 2024 18:28:58 INFO  epoch 100 evaluating [time: 2.24s, valid_score: 0.044000]
Wed 10 Jul 2024 18:28:58 INFO  valid result: 
recall@10 : 0.025    recall@20 : 0.044    ndcg@10 : 0.022    ndcg@20 : 0.03    mrr@10 : 0.044    mrr@20 : 0.049    hit@10 : 0.117    hit@20 : 0.194    precision@10 : 0.013    precision@20 : 0.011
Wed 10 Jul 2024 18:28:59 INFO  epoch 101 training [time: 1.63s, train loss: 9.8172]
Wed 10 Jul 2024 18:29:02 INFO  epoch 101 evaluating [time: 2.20s, valid_score: 0.042000]
Wed 10 Jul 2024 18:29:02 INFO  valid result: 
recall@10 : 0.025    recall@20 : 0.042    ndcg@10 : 0.021    ndcg@20 : 0.029    mrr@10 : 0.043    mrr@20 : 0.048    hit@10 : 0.113    hit@20 : 0.184    precision@10 : 0.012    precision@20 : 0.01
Wed 10 Jul 2024 18:29:03 INFO  epoch 102 training [time: 1.63s, train loss: 9.7503]
Wed 10 Jul 2024 18:29:05 INFO  epoch 102 evaluating [time: 2.19s, valid_score: 0.043000]
Wed 10 Jul 2024 18:29:05 INFO  valid result: 
recall@10 : 0.025    recall@20 : 0.043    ndcg@10 : 0.021    ndcg@20 : 0.028    mrr@10 : 0.04    mrr@20 : 0.045    hit@10 : 0.116    hit@20 : 0.186    precision@10 : 0.013    precision@20 : 0.011
Wed 10 Jul 2024 18:29:07 INFO  epoch 103 training [time: 1.80s, train loss: 9.7570]
Wed 10 Jul 2024 18:29:09 INFO  epoch 103 evaluating [time: 2.18s, valid_score: 0.043000]
Wed 10 Jul 2024 18:29:09 INFO  valid result: 
recall@10 : 0.026    recall@20 : 0.043    ndcg@10 : 0.022    ndcg@20 : 0.029    mrr@10 : 0.041    mrr@20 : 0.046    hit@10 : 0.121    hit@20 : 0.19    precision@10 : 0.013    precision@20 : 0.011
Wed 10 Jul 2024 18:29:11 INFO  epoch 104 training [time: 1.84s, train loss: 9.7482]
Wed 10 Jul 2024 18:29:13 INFO  epoch 104 evaluating [time: 2.27s, valid_score: 0.046000]
Wed 10 Jul 2024 18:29:13 INFO  valid result: 
recall@10 : 0.027    recall@20 : 0.046    ndcg@10 : 0.023    ndcg@20 : 0.03    mrr@10 : 0.044    mrr@20 : 0.049    hit@10 : 0.124    hit@20 : 0.199    precision@10 : 0.014    precision@20 : 0.011
Wed 10 Jul 2024 18:29:15 INFO  epoch 105 training [time: 1.85s, train loss: 9.6882]
Wed 10 Jul 2024 18:29:18 INFO  epoch 105 evaluating [time: 2.23s, valid_score: 0.044000]
Wed 10 Jul 2024 18:29:18 INFO  valid result: 
recall@10 : 0.026    recall@20 : 0.044    ndcg@10 : 0.022    ndcg@20 : 0.03    mrr@10 : 0.043    mrr@20 : 0.048    hit@10 : 0.121    hit@20 : 0.193    precision@10 : 0.013    precision@20 : 0.011
Wed 10 Jul 2024 18:29:19 INFO  epoch 106 training [time: 1.94s, train loss: 9.6796]
Wed 10 Jul 2024 18:29:22 INFO  epoch 106 evaluating [time: 2.28s, valid_score: 0.044000]
Wed 10 Jul 2024 18:29:22 INFO  valid result: 
recall@10 : 0.026    recall@20 : 0.044    ndcg@10 : 0.022    ndcg@20 : 0.029    mrr@10 : 0.042    mrr@20 : 0.047    hit@10 : 0.119    hit@20 : 0.193    precision@10 : 0.013    precision@20 : 0.011
Wed 10 Jul 2024 18:29:24 INFO  epoch 107 training [time: 1.90s, train loss: 9.7695]
Wed 10 Jul 2024 18:29:26 INFO  epoch 107 evaluating [time: 2.21s, valid_score: 0.045000]
Wed 10 Jul 2024 18:29:26 INFO  valid result: 
recall@10 : 0.028    recall@20 : 0.045    ndcg@10 : 0.023    ndcg@20 : 0.03    mrr@10 : 0.045    mrr@20 : 0.049    hit@10 : 0.13    hit@20 : 0.199    precision@10 : 0.014    precision@20 : 0.011
Wed 10 Jul 2024 18:29:28 INFO  epoch 108 training [time: 1.82s, train loss: 9.6763]
Wed 10 Jul 2024 18:29:30 INFO  epoch 108 evaluating [time: 2.22s, valid_score: 0.046000]
Wed 10 Jul 2024 18:29:30 INFO  valid result: 
recall@10 : 0.028    recall@20 : 0.046    ndcg@10 : 0.023    ndcg@20 : 0.031    mrr@10 : 0.046    mrr@20 : 0.05    hit@10 : 0.13    hit@20 : 0.203    precision@10 : 0.014    precision@20 : 0.012
Wed 10 Jul 2024 18:29:32 INFO  epoch 109 training [time: 1.82s, train loss: 9.7265]
Wed 10 Jul 2024 18:29:34 INFO  epoch 109 evaluating [time: 2.21s, valid_score: 0.047000]
Wed 10 Jul 2024 18:29:34 INFO  valid result: 
recall@10 : 0.028    recall@20 : 0.047    ndcg@10 : 0.024    ndcg@20 : 0.032    mrr@10 : 0.049    mrr@20 : 0.054    hit@10 : 0.13    hit@20 : 0.209    precision@10 : 0.014    precision@20 : 0.012
Wed 10 Jul 2024 18:29:36 INFO  epoch 110 training [time: 1.87s, train loss: 9.6124]
Wed 10 Jul 2024 18:29:38 INFO  epoch 110 evaluating [time: 2.18s, valid_score: 0.047000]
Wed 10 Jul 2024 18:29:38 INFO  valid result: 
recall@10 : 0.028    recall@20 : 0.047    ndcg@10 : 0.024    ndcg@20 : 0.032    mrr@10 : 0.049    mrr@20 : 0.054    hit@10 : 0.13    hit@20 : 0.204    precision@10 : 0.014    precision@20 : 0.012
Wed 10 Jul 2024 18:29:40 INFO  epoch 111 training [time: 1.98s, train loss: 9.6946]
Wed 10 Jul 2024 18:29:42 INFO  epoch 111 evaluating [time: 2.19s, valid_score: 0.046000]
Wed 10 Jul 2024 18:29:42 INFO  valid result: 
recall@10 : 0.027    recall@20 : 0.046    ndcg@10 : 0.023    ndcg@20 : 0.031    mrr@10 : 0.044    mrr@20 : 0.049    hit@10 : 0.126    hit@20 : 0.201    precision@10 : 0.013    precision@20 : 0.011
Wed 10 Jul 2024 18:29:44 INFO  epoch 112 training [time: 2.02s, train loss: 9.8262]
Wed 10 Jul 2024 18:29:46 INFO  epoch 112 evaluating [time: 2.21s, valid_score: 0.046000]
Wed 10 Jul 2024 18:29:46 INFO  valid result: 
recall@10 : 0.028    recall@20 : 0.046    ndcg@10 : 0.023    ndcg@20 : 0.031    mrr@10 : 0.045    mrr@20 : 0.05    hit@10 : 0.128    hit@20 : 0.202    precision@10 : 0.014    precision@20 : 0.011
Wed 10 Jul 2024 18:29:48 INFO  epoch 113 training [time: 1.83s, train loss: 9.8436]
Wed 10 Jul 2024 18:29:50 INFO  epoch 113 evaluating [time: 2.20s, valid_score: 0.046000]
Wed 10 Jul 2024 18:29:50 INFO  valid result: 
recall@10 : 0.027    recall@20 : 0.046    ndcg@10 : 0.022    ndcg@20 : 0.03    mrr@10 : 0.042    mrr@20 : 0.048    hit@10 : 0.125    hit@20 : 0.208    precision@10 : 0.013    precision@20 : 0.011
Wed 10 Jul 2024 18:29:52 INFO  epoch 114 training [time: 1.84s, train loss: 9.6482]
Wed 10 Jul 2024 18:29:54 INFO  epoch 114 evaluating [time: 2.18s, valid_score: 0.046000]
Wed 10 Jul 2024 18:29:54 INFO  valid result: 
recall@10 : 0.028    recall@20 : 0.046    ndcg@10 : 0.021    ndcg@20 : 0.029    mrr@10 : 0.038    mrr@20 : 0.043    hit@10 : 0.126    hit@20 : 0.202    precision@10 : 0.013    precision@20 : 0.011
Wed 10 Jul 2024 18:29:56 INFO  epoch 115 training [time: 1.86s, train loss: 9.6491]
Wed 10 Jul 2024 18:29:59 INFO  epoch 115 evaluating [time: 2.30s, valid_score: 0.047000]
Wed 10 Jul 2024 18:29:59 INFO  valid result: 
recall@10 : 0.028    recall@20 : 0.047    ndcg@10 : 0.023    ndcg@20 : 0.031    mrr@10 : 0.043    mrr@20 : 0.049    hit@10 : 0.128    hit@20 : 0.207    precision@10 : 0.014    precision@20 : 0.012
Wed 10 Jul 2024 18:30:01 INFO  epoch 116 training [time: 2.00s, train loss: 9.7502]
Wed 10 Jul 2024 18:30:03 INFO  epoch 116 evaluating [time: 2.30s, valid_score: 0.048000]
Wed 10 Jul 2024 18:30:03 INFO  valid result: 
recall@10 : 0.029    recall@20 : 0.048    ndcg@10 : 0.023    ndcg@20 : 0.031    mrr@10 : 0.044    mrr@20 : 0.05    hit@10 : 0.131    hit@20 : 0.209    precision@10 : 0.014    precision@20 : 0.012
Wed 10 Jul 2024 18:30:05 INFO  epoch 117 training [time: 2.58s, train loss: 9.8468]
Wed 10 Jul 2024 18:30:08 INFO  epoch 117 evaluating [time: 2.19s, valid_score: 0.045000]
Wed 10 Jul 2024 18:30:08 INFO  valid result: 
recall@10 : 0.027    recall@20 : 0.045    ndcg@10 : 0.023    ndcg@20 : 0.03    mrr@10 : 0.044    mrr@20 : 0.05    hit@10 : 0.125    hit@20 : 0.2    precision@10 : 0.014    precision@20 : 0.011
Wed 10 Jul 2024 18:30:10 INFO  epoch 118 training [time: 2.41s, train loss: 9.7636]
Wed 10 Jul 2024 18:30:12 INFO  epoch 118 evaluating [time: 2.20s, valid_score: 0.046000]
Wed 10 Jul 2024 18:30:12 INFO  valid result: 
recall@10 : 0.027    recall@20 : 0.046    ndcg@10 : 0.022    ndcg@20 : 0.03    mrr@10 : 0.043    mrr@20 : 0.049    hit@10 : 0.124    hit@20 : 0.202    precision@10 : 0.013    precision@20 : 0.011
Wed 10 Jul 2024 18:30:15 INFO  epoch 119 training [time: 2.56s, train loss: 9.6438]
Wed 10 Jul 2024 18:30:17 INFO  epoch 119 evaluating [time: 2.21s, valid_score: 0.046000]
Wed 10 Jul 2024 18:30:17 INFO  valid result: 
recall@10 : 0.027    recall@20 : 0.046    ndcg@10 : 0.023    ndcg@20 : 0.031    mrr@10 : 0.046    mrr@20 : 0.051    hit@10 : 0.123    hit@20 : 0.202    precision@10 : 0.013    precision@20 : 0.011
Wed 10 Jul 2024 18:30:19 INFO  epoch 120 training [time: 2.06s, train loss: 9.6853]
Wed 10 Jul 2024 18:30:21 INFO  epoch 120 evaluating [time: 2.31s, valid_score: 0.048000]
Wed 10 Jul 2024 18:30:21 INFO  valid result: 
recall@10 : 0.028    recall@20 : 0.048    ndcg@10 : 0.024    ndcg@20 : 0.032    mrr@10 : 0.047    mrr@20 : 0.052    hit@10 : 0.132    hit@20 : 0.21    precision@10 : 0.014    precision@20 : 0.012
Wed 10 Jul 2024 18:30:24 INFO  epoch 121 training [time: 2.45s, train loss: 9.7327]
Wed 10 Jul 2024 18:30:26 INFO  epoch 121 evaluating [time: 2.30s, valid_score: 0.049000]
Wed 10 Jul 2024 18:30:26 INFO  valid result: 
recall@10 : 0.03    recall@20 : 0.049    ndcg@10 : 0.024    ndcg@20 : 0.031    mrr@10 : 0.044    mrr@20 : 0.048    hit@10 : 0.14    hit@20 : 0.208    precision@10 : 0.015    precision@20 : 0.012
Wed 10 Jul 2024 18:30:28 INFO  epoch 122 training [time: 1.85s, train loss: 9.6687]
Wed 10 Jul 2024 18:30:30 INFO  epoch 122 evaluating [time: 2.29s, valid_score: 0.050000]
Wed 10 Jul 2024 18:30:30 INFO  valid result: 
recall@10 : 0.031    recall@20 : 0.05    ndcg@10 : 0.025    ndcg@20 : 0.033    mrr@10 : 0.046    mrr@20 : 0.051    hit@10 : 0.138    hit@20 : 0.209    precision@10 : 0.015    precision@20 : 0.012
Wed 10 Jul 2024 18:30:32 INFO  epoch 123 training [time: 1.75s, train loss: 9.6584]
Wed 10 Jul 2024 18:30:34 INFO  epoch 123 evaluating [time: 2.23s, valid_score: 0.048000]
Wed 10 Jul 2024 18:30:34 INFO  valid result: 
recall@10 : 0.029    recall@20 : 0.048    ndcg@10 : 0.024    ndcg@20 : 0.032    mrr@10 : 0.047    mrr@20 : 0.052    hit@10 : 0.131    hit@20 : 0.205    precision@10 : 0.014    precision@20 : 0.012
Wed 10 Jul 2024 18:30:36 INFO  epoch 124 training [time: 1.77s, train loss: 9.6895]
Wed 10 Jul 2024 18:30:38 INFO  epoch 124 evaluating [time: 2.19s, valid_score: 0.048000]
Wed 10 Jul 2024 18:30:38 INFO  valid result: 
recall@10 : 0.029    recall@20 : 0.048    ndcg@10 : 0.023    ndcg@20 : 0.031    mrr@10 : 0.043    mrr@20 : 0.048    hit@10 : 0.132    hit@20 : 0.207    precision@10 : 0.014    precision@20 : 0.012
Wed 10 Jul 2024 18:30:40 INFO  epoch 125 training [time: 1.71s, train loss: 9.6120]
Wed 10 Jul 2024 18:30:42 INFO  epoch 125 evaluating [time: 2.18s, valid_score: 0.049000]
Wed 10 Jul 2024 18:30:42 INFO  valid result: 
recall@10 : 0.029    recall@20 : 0.049    ndcg@10 : 0.024    ndcg@20 : 0.032    mrr@10 : 0.044    mrr@20 : 0.049    hit@10 : 0.134    hit@20 : 0.21    precision@10 : 0.015    precision@20 : 0.012
Wed 10 Jul 2024 18:30:44 INFO  epoch 126 training [time: 1.68s, train loss: 9.7134]
Wed 10 Jul 2024 18:30:46 INFO  epoch 126 evaluating [time: 2.21s, valid_score: 0.049000]
Wed 10 Jul 2024 18:30:46 INFO  valid result: 
recall@10 : 0.028    recall@20 : 0.049    ndcg@10 : 0.023    ndcg@20 : 0.031    mrr@10 : 0.042    mrr@20 : 0.048    hit@10 : 0.13    hit@20 : 0.21    precision@10 : 0.014    precision@20 : 0.012
Wed 10 Jul 2024 18:30:48 INFO  epoch 127 training [time: 1.74s, train loss: 9.6865]
Wed 10 Jul 2024 18:30:50 INFO  epoch 127 evaluating [time: 2.23s, valid_score: 0.048000]
Wed 10 Jul 2024 18:30:50 INFO  valid result: 
recall@10 : 0.028    recall@20 : 0.048    ndcg@10 : 0.023    ndcg@20 : 0.031    mrr@10 : 0.044    mrr@20 : 0.05    hit@10 : 0.131    hit@20 : 0.212    precision@10 : 0.014    precision@20 : 0.012
Wed 10 Jul 2024 18:30:52 INFO  epoch 128 training [time: 1.90s, train loss: 9.6757]
Wed 10 Jul 2024 18:30:54 INFO  epoch 128 evaluating [time: 2.25s, valid_score: 0.045000]
Wed 10 Jul 2024 18:30:54 INFO  valid result: 
recall@10 : 0.028    recall@20 : 0.045    ndcg@10 : 0.024    ndcg@20 : 0.031    mrr@10 : 0.047    mrr@20 : 0.052    hit@10 : 0.134    hit@20 : 0.204    precision@10 : 0.014    precision@20 : 0.011
Wed 10 Jul 2024 18:30:56 INFO  epoch 129 training [time: 1.81s, train loss: 9.8211]
Wed 10 Jul 2024 18:30:58 INFO  epoch 129 evaluating [time: 2.29s, valid_score: 0.049000]
Wed 10 Jul 2024 18:30:58 INFO  valid result: 
recall@10 : 0.027    recall@20 : 0.049    ndcg@10 : 0.023    ndcg@20 : 0.032    mrr@10 : 0.046    mrr@20 : 0.051    hit@10 : 0.131    hit@20 : 0.211    precision@10 : 0.014    precision@20 : 0.012
Wed 10 Jul 2024 18:31:00 INFO  epoch 130 training [time: 1.77s, train loss: 9.7782]
Wed 10 Jul 2024 18:31:02 INFO  epoch 130 evaluating [time: 2.36s, valid_score: 0.049000]
Wed 10 Jul 2024 18:31:02 INFO  valid result: 
recall@10 : 0.028    recall@20 : 0.049    ndcg@10 : 0.023    ndcg@20 : 0.032    mrr@10 : 0.045    mrr@20 : 0.051    hit@10 : 0.131    hit@20 : 0.216    precision@10 : 0.014    precision@20 : 0.012
Wed 10 Jul 2024 18:31:04 INFO  epoch 131 training [time: 1.82s, train loss: 9.7815]
Wed 10 Jul 2024 18:31:07 INFO  epoch 131 evaluating [time: 2.28s, valid_score: 0.047000]
Wed 10 Jul 2024 18:31:07 INFO  valid result: 
recall@10 : 0.029    recall@20 : 0.047    ndcg@10 : 0.024    ndcg@20 : 0.031    mrr@10 : 0.046    mrr@20 : 0.051    hit@10 : 0.132    hit@20 : 0.21    precision@10 : 0.014    precision@20 : 0.012
Wed 10 Jul 2024 18:31:08 INFO  epoch 132 training [time: 1.90s, train loss: 9.8128]
Wed 10 Jul 2024 18:31:11 INFO  epoch 132 evaluating [time: 2.25s, valid_score: 0.047000]
Wed 10 Jul 2024 18:31:11 INFO  valid result: 
recall@10 : 0.031    recall@20 : 0.047    ndcg@10 : 0.026    ndcg@20 : 0.033    mrr@10 : 0.051    mrr@20 : 0.056    hit@10 : 0.149    hit@20 : 0.216    precision@10 : 0.016    precision@20 : 0.012
Wed 10 Jul 2024 18:31:13 INFO  epoch 133 training [time: 1.84s, train loss: 9.8117]
Wed 10 Jul 2024 18:31:15 INFO  epoch 133 evaluating [time: 2.35s, valid_score: 0.046000]
Wed 10 Jul 2024 18:31:15 INFO  valid result: 
recall@10 : 0.031    recall@20 : 0.046    ndcg@10 : 0.026    ndcg@20 : 0.032    mrr@10 : 0.05    mrr@20 : 0.055    hit@10 : 0.142    hit@20 : 0.206    precision@10 : 0.015    precision@20 : 0.011
Wed 10 Jul 2024 18:31:17 INFO  epoch 134 training [time: 1.98s, train loss: 9.7711]
Wed 10 Jul 2024 18:31:19 INFO  epoch 134 evaluating [time: 2.27s, valid_score: 0.046000]
Wed 10 Jul 2024 18:31:19 INFO  valid result: 
recall@10 : 0.031    recall@20 : 0.046    ndcg@10 : 0.026    ndcg@20 : 0.032    mrr@10 : 0.051    mrr@20 : 0.056    hit@10 : 0.14    hit@20 : 0.202    precision@10 : 0.015    precision@20 : 0.011
Wed 10 Jul 2024 18:31:21 INFO  epoch 135 training [time: 1.93s, train loss: 9.6626]
Wed 10 Jul 2024 18:31:23 INFO  epoch 135 evaluating [time: 2.25s, valid_score: 0.047000]
Wed 10 Jul 2024 18:31:23 INFO  valid result: 
recall@10 : 0.029    recall@20 : 0.047    ndcg@10 : 0.024    ndcg@20 : 0.031    mrr@10 : 0.046    mrr@20 : 0.051    hit@10 : 0.134    hit@20 : 0.202    precision@10 : 0.014    precision@20 : 0.012
Wed 10 Jul 2024 18:31:25 INFO  epoch 136 training [time: 1.97s, train loss: 9.6575]
Wed 10 Jul 2024 18:31:27 INFO  epoch 136 evaluating [time: 2.20s, valid_score: 0.048000]
Wed 10 Jul 2024 18:31:27 INFO  valid result: 
recall@10 : 0.03    recall@20 : 0.048    ndcg@10 : 0.025    ndcg@20 : 0.032    mrr@10 : 0.048    mrr@20 : 0.053    hit@10 : 0.136    hit@20 : 0.209    precision@10 : 0.015    precision@20 : 0.012
Wed 10 Jul 2024 18:31:29 INFO  epoch 137 training [time: 1.84s, train loss: 9.6911]
Wed 10 Jul 2024 18:31:32 INFO  epoch 137 evaluating [time: 2.25s, valid_score: 0.048000]
Wed 10 Jul 2024 18:31:32 INFO  valid result: 
recall@10 : 0.028    recall@20 : 0.048    ndcg@10 : 0.024    ndcg@20 : 0.032    mrr@10 : 0.047    mrr@20 : 0.053    hit@10 : 0.131    hit@20 : 0.21    precision@10 : 0.014    precision@20 : 0.012
Wed 10 Jul 2024 18:31:33 INFO  epoch 138 training [time: 1.93s, train loss: 9.7537]
Wed 10 Jul 2024 18:31:36 INFO  epoch 138 evaluating [time: 2.37s, valid_score: 0.049000]
Wed 10 Jul 2024 18:31:36 INFO  valid result: 
recall@10 : 0.029    recall@20 : 0.049    ndcg@10 : 0.024    ndcg@20 : 0.032    mrr@10 : 0.046    mrr@20 : 0.052    hit@10 : 0.136    hit@20 : 0.218    precision@10 : 0.014    precision@20 : 0.012
Wed 10 Jul 2024 18:31:38 INFO  epoch 139 training [time: 1.90s, train loss: 9.6893]
Wed 10 Jul 2024 18:31:40 INFO  epoch 139 evaluating [time: 2.29s, valid_score: 0.050000]
Wed 10 Jul 2024 18:31:40 INFO  valid result: 
recall@10 : 0.031    recall@20 : 0.05    ndcg@10 : 0.025    ndcg@20 : 0.033    mrr@10 : 0.048    mrr@20 : 0.053    hit@10 : 0.142    hit@20 : 0.222    precision@10 : 0.015    precision@20 : 0.012
Wed 10 Jul 2024 18:31:42 INFO  epoch 140 training [time: 2.13s, train loss: 9.6398]
Wed 10 Jul 2024 18:31:44 INFO  epoch 140 evaluating [time: 2.26s, valid_score: 0.049000]
Wed 10 Jul 2024 18:31:44 INFO  valid result: 
recall@10 : 0.03    recall@20 : 0.049    ndcg@10 : 0.025    ndcg@20 : 0.033    mrr@10 : 0.05    mrr@20 : 0.055    hit@10 : 0.138    hit@20 : 0.215    precision@10 : 0.015    precision@20 : 0.012
Wed 10 Jul 2024 18:31:47 INFO  epoch 141 training [time: 2.51s, train loss: 9.7291]
Wed 10 Jul 2024 18:31:49 INFO  epoch 141 evaluating [time: 2.22s, valid_score: 0.049000]
Wed 10 Jul 2024 18:31:49 INFO  valid result: 
recall@10 : 0.03    recall@20 : 0.049    ndcg@10 : 0.026    ndcg@20 : 0.034    mrr@10 : 0.052    mrr@20 : 0.057    hit@10 : 0.139    hit@20 : 0.217    precision@10 : 0.015    precision@20 : 0.012
Wed 10 Jul 2024 18:31:52 INFO  epoch 142 training [time: 2.46s, train loss: 9.6974]
Wed 10 Jul 2024 18:31:54 INFO  epoch 142 evaluating [time: 2.26s, valid_score: 0.048000]
Wed 10 Jul 2024 18:31:54 INFO  valid result: 
recall@10 : 0.029    recall@20 : 0.048    ndcg@10 : 0.025    ndcg@20 : 0.033    mrr@10 : 0.05    mrr@20 : 0.055    hit@10 : 0.134    hit@20 : 0.217    precision@10 : 0.014    precision@20 : 0.012
Wed 10 Jul 2024 18:31:56 INFO  epoch 143 training [time: 2.39s, train loss: 9.8005]
Wed 10 Jul 2024 18:31:59 INFO  epoch 143 evaluating [time: 2.35s, valid_score: 0.049000]
Wed 10 Jul 2024 18:31:59 INFO  valid result: 
recall@10 : 0.031    recall@20 : 0.049    ndcg@10 : 0.026    ndcg@20 : 0.034    mrr@10 : 0.053    mrr@20 : 0.058    hit@10 : 0.147    hit@20 : 0.224    precision@10 : 0.015    precision@20 : 0.012
Wed 10 Jul 2024 18:32:01 INFO  epoch 144 training [time: 2.29s, train loss: 9.7335]
Wed 10 Jul 2024 18:32:03 INFO  epoch 144 evaluating [time: 2.26s, valid_score: 0.048000]
Wed 10 Jul 2024 18:32:03 INFO  valid result: 
recall@10 : 0.03    recall@20 : 0.048    ndcg@10 : 0.025    ndcg@20 : 0.033    mrr@10 : 0.05    mrr@20 : 0.055    hit@10 : 0.141    hit@20 : 0.216    precision@10 : 0.015    precision@20 : 0.012
Wed 10 Jul 2024 18:32:05 INFO  epoch 145 training [time: 2.33s, train loss: 9.7501]
Wed 10 Jul 2024 18:32:08 INFO  epoch 145 evaluating [time: 2.26s, valid_score: 0.049000]
Wed 10 Jul 2024 18:32:08 INFO  valid result: 
recall@10 : 0.033    recall@20 : 0.049    ndcg@10 : 0.026    ndcg@20 : 0.033    mrr@10 : 0.05    mrr@20 : 0.055    hit@10 : 0.15    hit@20 : 0.22    precision@10 : 0.016    precision@20 : 0.012
Wed 10 Jul 2024 18:32:10 INFO  epoch 146 training [time: 1.77s, train loss: 9.8033]
Wed 10 Jul 2024 18:32:12 INFO  epoch 146 evaluating [time: 2.25s, valid_score: 0.050000]
Wed 10 Jul 2024 18:32:12 INFO  valid result: 
recall@10 : 0.033    recall@20 : 0.05    ndcg@10 : 0.027    ndcg@20 : 0.035    mrr@10 : 0.055    mrr@20 : 0.06    hit@10 : 0.15    hit@20 : 0.221    precision@10 : 0.016    precision@20 : 0.012
Wed 10 Jul 2024 18:32:14 INFO  epoch 147 training [time: 1.86s, train loss: 9.6458]
Wed 10 Jul 2024 18:32:16 INFO  epoch 147 evaluating [time: 2.33s, valid_score: 0.051000]
Wed 10 Jul 2024 18:32:16 INFO  valid result: 
recall@10 : 0.032    recall@20 : 0.051    ndcg@10 : 0.026    ndcg@20 : 0.034    mrr@10 : 0.051    mrr@20 : 0.056    hit@10 : 0.149    hit@20 : 0.227    precision@10 : 0.016    precision@20 : 0.013
Wed 10 Jul 2024 18:32:18 INFO  epoch 148 training [time: 1.83s, train loss: 9.6104]
Wed 10 Jul 2024 18:32:20 INFO  epoch 148 evaluating [time: 2.43s, valid_score: 0.050000]
Wed 10 Jul 2024 18:32:20 INFO  valid result: 
recall@10 : 0.033    recall@20 : 0.05    ndcg@10 : 0.027    ndcg@20 : 0.035    mrr@10 : 0.053    mrr@20 : 0.058    hit@10 : 0.15    hit@20 : 0.221    precision@10 : 0.016    precision@20 : 0.012
Wed 10 Jul 2024 18:32:22 INFO  epoch 149 training [time: 1.90s, train loss: 9.6043]
Wed 10 Jul 2024 18:32:24 INFO  epoch 149 evaluating [time: 2.27s, valid_score: 0.052000]
Wed 10 Jul 2024 18:32:24 INFO  valid result: 
recall@10 : 0.033    recall@20 : 0.052    ndcg@10 : 0.027    ndcg@20 : 0.035    mrr@10 : 0.052    mrr@20 : 0.057    hit@10 : 0.148    hit@20 : 0.219    precision@10 : 0.016    precision@20 : 0.013
Wed 10 Jul 2024 18:32:26 INFO  epoch 150 training [time: 1.82s, train loss: 9.6209]
Wed 10 Jul 2024 18:32:28 INFO  epoch 150 evaluating [time: 2.23s, valid_score: 0.051000]
Wed 10 Jul 2024 18:32:28 INFO  valid result: 
recall@10 : 0.032    recall@20 : 0.051    ndcg@10 : 0.027    ndcg@20 : 0.035    mrr@10 : 0.052    mrr@20 : 0.057    hit@10 : 0.139    hit@20 : 0.216    precision@10 : 0.015    precision@20 : 0.012
Wed 10 Jul 2024 18:32:30 INFO  epoch 151 training [time: 1.74s, train loss: 9.6958]
Wed 10 Jul 2024 18:32:32 INFO  epoch 151 evaluating [time: 2.22s, valid_score: 0.050000]
Wed 10 Jul 2024 18:32:32 INFO  valid result: 
recall@10 : 0.029    recall@20 : 0.05    ndcg@10 : 0.025    ndcg@20 : 0.034    mrr@10 : 0.049    mrr@20 : 0.054    hit@10 : 0.133    hit@20 : 0.216    precision@10 : 0.014    precision@20 : 0.012
Wed 10 Jul 2024 18:32:34 INFO  epoch 152 training [time: 1.77s, train loss: 9.6348]
Wed 10 Jul 2024 18:32:36 INFO  epoch 152 evaluating [time: 2.30s, valid_score: 0.050000]
Wed 10 Jul 2024 18:32:36 INFO  valid result: 
recall@10 : 0.031    recall@20 : 0.05    ndcg@10 : 0.026    ndcg@20 : 0.034    mrr@10 : 0.052    mrr@20 : 0.056    hit@10 : 0.138    hit@20 : 0.21    precision@10 : 0.015    precision@20 : 0.012
Wed 10 Jul 2024 18:32:38 INFO  epoch 153 training [time: 1.83s, train loss: 9.6207]
Wed 10 Jul 2024 18:32:41 INFO  epoch 153 evaluating [time: 2.32s, valid_score: 0.049000]
Wed 10 Jul 2024 18:32:41 INFO  valid result: 
recall@10 : 0.031    recall@20 : 0.049    ndcg@10 : 0.026    ndcg@20 : 0.034    mrr@10 : 0.05    mrr@20 : 0.055    hit@10 : 0.137    hit@20 : 0.21    precision@10 : 0.015    precision@20 : 0.012
Wed 10 Jul 2024 18:32:42 INFO  epoch 154 training [time: 1.76s, train loss: 9.7331]
Wed 10 Jul 2024 18:32:45 INFO  epoch 154 evaluating [time: 2.21s, valid_score: 0.051000]
Wed 10 Jul 2024 18:32:45 INFO  valid result: 
recall@10 : 0.03    recall@20 : 0.051    ndcg@10 : 0.026    ndcg@20 : 0.035    mrr@10 : 0.053    mrr@20 : 0.058    hit@10 : 0.138    hit@20 : 0.218    precision@10 : 0.015    precision@20 : 0.012
Wed 10 Jul 2024 18:32:46 INFO  epoch 155 training [time: 1.72s, train loss: 9.6404]
Wed 10 Jul 2024 18:32:49 INFO  epoch 155 evaluating [time: 2.30s, valid_score: 0.049000]
Wed 10 Jul 2024 18:32:49 INFO  valid result: 
recall@10 : 0.031    recall@20 : 0.049    ndcg@10 : 0.026    ndcg@20 : 0.034    mrr@10 : 0.051    mrr@20 : 0.056    hit@10 : 0.143    hit@20 : 0.216    precision@10 : 0.016    precision@20 : 0.012
Wed 10 Jul 2024 18:32:50 INFO  epoch 156 training [time: 1.74s, train loss: 9.6810]
Wed 10 Jul 2024 18:32:53 INFO  epoch 156 evaluating [time: 2.24s, valid_score: 0.048000]
Wed 10 Jul 2024 18:32:53 INFO  valid result: 
recall@10 : 0.03    recall@20 : 0.048    ndcg@10 : 0.026    ndcg@20 : 0.034    mrr@10 : 0.052    mrr@20 : 0.057    hit@10 : 0.133    hit@20 : 0.21    precision@10 : 0.015    precision@20 : 0.012
Wed 10 Jul 2024 18:32:54 INFO  epoch 157 training [time: 1.80s, train loss: 9.7207]
Wed 10 Jul 2024 18:32:57 INFO  epoch 157 evaluating [time: 2.22s, valid_score: 0.048000]
Wed 10 Jul 2024 18:32:57 INFO  valid result: 
recall@10 : 0.031    recall@20 : 0.048    ndcg@10 : 0.027    ndcg@20 : 0.034    mrr@10 : 0.054    mrr@20 : 0.059    hit@10 : 0.14    hit@20 : 0.204    precision@10 : 0.015    precision@20 : 0.012
Wed 10 Jul 2024 18:32:58 INFO  epoch 158 training [time: 1.73s, train loss: 9.7010]
Wed 10 Jul 2024 18:33:01 INFO  epoch 158 evaluating [time: 2.21s, valid_score: 0.050000]
Wed 10 Jul 2024 18:33:01 INFO  valid result: 
recall@10 : 0.031    recall@20 : 0.05    ndcg@10 : 0.027    ndcg@20 : 0.035    mrr@10 : 0.055    mrr@20 : 0.06    hit@10 : 0.141    hit@20 : 0.218    precision@10 : 0.015    precision@20 : 0.012
Wed 10 Jul 2024 18:33:02 INFO  epoch 159 training [time: 1.78s, train loss: 9.6691]
Wed 10 Jul 2024 18:33:05 INFO  epoch 159 evaluating [time: 2.23s, valid_score: 0.051000]
Wed 10 Jul 2024 18:33:05 INFO  valid result: 
recall@10 : 0.031    recall@20 : 0.051    ndcg@10 : 0.027    ndcg@20 : 0.035    mrr@10 : 0.054    mrr@20 : 0.059    hit@10 : 0.139    hit@20 : 0.219    precision@10 : 0.015    precision@20 : 0.013
Wed 10 Jul 2024 18:33:07 INFO  epoch 160 training [time: 1.92s, train loss: 9.7850]
Wed 10 Jul 2024 18:33:09 INFO  epoch 160 evaluating [time: 2.17s, valid_score: 0.049000]
Wed 10 Jul 2024 18:33:09 INFO  valid result: 
recall@10 : 0.031    recall@20 : 0.049    ndcg@10 : 0.027    ndcg@20 : 0.034    mrr@10 : 0.052    mrr@20 : 0.057    hit@10 : 0.138    hit@20 : 0.212    precision@10 : 0.015    precision@20 : 0.012
Wed 10 Jul 2024 18:33:10 INFO  epoch 161 training [time: 1.76s, train loss: 9.7539]
Wed 10 Jul 2024 18:33:13 INFO  epoch 161 evaluating [time: 2.18s, valid_score: 0.049000]
Wed 10 Jul 2024 18:33:13 INFO  valid result: 
recall@10 : 0.03    recall@20 : 0.049    ndcg@10 : 0.026    ndcg@20 : 0.034    mrr@10 : 0.051    mrr@20 : 0.056    hit@10 : 0.136    hit@20 : 0.216    precision@10 : 0.015    precision@20 : 0.012
Wed 10 Jul 2024 18:33:14 INFO  epoch 162 training [time: 1.71s, train loss: 9.6064]
Wed 10 Jul 2024 18:33:17 INFO  epoch 162 evaluating [time: 2.20s, valid_score: 0.049000]
Wed 10 Jul 2024 18:33:17 INFO  valid result: 
recall@10 : 0.031    recall@20 : 0.049    ndcg@10 : 0.025    ndcg@20 : 0.033    mrr@10 : 0.048    mrr@20 : 0.053    hit@10 : 0.136    hit@20 : 0.213    precision@10 : 0.015    precision@20 : 0.012
Wed 10 Jul 2024 18:33:18 INFO  epoch 163 training [time: 1.78s, train loss: 9.5942]
Wed 10 Jul 2024 18:33:21 INFO  epoch 163 evaluating [time: 2.25s, valid_score: 0.051000]
Wed 10 Jul 2024 18:33:21 INFO  valid result: 
recall@10 : 0.032    recall@20 : 0.051    ndcg@10 : 0.026    ndcg@20 : 0.034    mrr@10 : 0.05    mrr@20 : 0.055    hit@10 : 0.148    hit@20 : 0.221    precision@10 : 0.016    precision@20 : 0.012
Wed 10 Jul 2024 18:33:23 INFO  epoch 164 training [time: 2.03s, train loss: 9.6972]
Wed 10 Jul 2024 18:33:25 INFO  epoch 164 evaluating [time: 2.22s, valid_score: 0.052000]
Wed 10 Jul 2024 18:33:25 INFO  valid result: 
recall@10 : 0.031    recall@20 : 0.052    ndcg@10 : 0.024    ndcg@20 : 0.033    mrr@10 : 0.045    mrr@20 : 0.051    hit@10 : 0.14    hit@20 : 0.225    precision@10 : 0.015    precision@20 : 0.013
Wed 10 Jul 2024 18:33:27 INFO  epoch 165 training [time: 1.78s, train loss: 9.6297]
Wed 10 Jul 2024 18:33:29 INFO  epoch 165 evaluating [time: 2.22s, valid_score: 0.052000]
Wed 10 Jul 2024 18:33:29 INFO  valid result: 
recall@10 : 0.032    recall@20 : 0.052    ndcg@10 : 0.025    ndcg@20 : 0.034    mrr@10 : 0.048    mrr@20 : 0.054    hit@10 : 0.139    hit@20 : 0.225    precision@10 : 0.015    precision@20 : 0.013
Wed 10 Jul 2024 18:33:31 INFO  epoch 166 training [time: 1.71s, train loss: 9.7018]
Wed 10 Jul 2024 18:33:33 INFO  epoch 166 evaluating [time: 2.20s, valid_score: 0.051000]
Wed 10 Jul 2024 18:33:33 INFO  valid result: 
recall@10 : 0.029    recall@20 : 0.051    ndcg@10 : 0.025    ndcg@20 : 0.034    mrr@10 : 0.048    mrr@20 : 0.054    hit@10 : 0.131    hit@20 : 0.219    precision@10 : 0.014    precision@20 : 0.012
Wed 10 Jul 2024 18:33:35 INFO  epoch 167 training [time: 1.79s, train loss: 9.8044]
Wed 10 Jul 2024 18:33:37 INFO  epoch 167 evaluating [time: 2.21s, valid_score: 0.050000]
Wed 10 Jul 2024 18:33:37 INFO  valid result: 
recall@10 : 0.031    recall@20 : 0.05    ndcg@10 : 0.026    ndcg@20 : 0.033    mrr@10 : 0.049    mrr@20 : 0.054    hit@10 : 0.14    hit@20 : 0.216    precision@10 : 0.015    precision@20 : 0.012
Wed 10 Jul 2024 18:33:39 INFO  epoch 168 training [time: 1.90s, train loss: 9.6306]
Wed 10 Jul 2024 18:33:41 INFO  epoch 168 evaluating [time: 2.25s, valid_score: 0.050000]
Wed 10 Jul 2024 18:33:41 INFO  valid result: 
recall@10 : 0.03    recall@20 : 0.05    ndcg@10 : 0.025    ndcg@20 : 0.033    mrr@10 : 0.048    mrr@20 : 0.054    hit@10 : 0.133    hit@20 : 0.215    precision@10 : 0.015    precision@20 : 0.012
Wed 10 Jul 2024 18:33:43 INFO  epoch 169 training [time: 2.50s, train loss: 9.6340]
Wed 10 Jul 2024 18:33:46 INFO  epoch 169 evaluating [time: 2.27s, valid_score: 0.049000]
Wed 10 Jul 2024 18:33:46 INFO  valid result: 
recall@10 : 0.031    recall@20 : 0.049    ndcg@10 : 0.026    ndcg@20 : 0.033    mrr@10 : 0.05    mrr@20 : 0.055    hit@10 : 0.135    hit@20 : 0.209    precision@10 : 0.015    precision@20 : 0.012
Wed 10 Jul 2024 18:33:48 INFO  epoch 170 training [time: 2.56s, train loss: 9.7577]
Wed 10 Jul 2024 18:33:50 INFO  epoch 170 evaluating [time: 2.20s, valid_score: 0.050000]
Wed 10 Jul 2024 18:33:50 INFO  valid result: 
recall@10 : 0.029    recall@20 : 0.05    ndcg@10 : 0.024    ndcg@20 : 0.033    mrr@10 : 0.047    mrr@20 : 0.052    hit@10 : 0.133    hit@20 : 0.213    precision@10 : 0.014    precision@20 : 0.012
Wed 10 Jul 2024 18:33:53 INFO  epoch 171 training [time: 2.52s, train loss: 9.5689]
Wed 10 Jul 2024 18:33:55 INFO  epoch 171 evaluating [time: 2.37s, valid_score: 0.049000]
Wed 10 Jul 2024 18:33:55 INFO  valid result: 
recall@10 : 0.031    recall@20 : 0.049    ndcg@10 : 0.025    ndcg@20 : 0.033    mrr@10 : 0.05    mrr@20 : 0.055    hit@10 : 0.136    hit@20 : 0.21    precision@10 : 0.015    precision@20 : 0.012
Wed 10 Jul 2024 18:33:58 INFO  epoch 172 training [time: 2.37s, train loss: 9.6560]
Wed 10 Jul 2024 18:34:00 INFO  epoch 172 evaluating [time: 2.20s, valid_score: 0.050000]
Wed 10 Jul 2024 18:34:00 INFO  valid result: 
recall@10 : 0.031    recall@20 : 0.05    ndcg@10 : 0.027    ndcg@20 : 0.035    mrr@10 : 0.055    mrr@20 : 0.06    hit@10 : 0.138    hit@20 : 0.209    precision@10 : 0.015    precision@20 : 0.012
Wed 10 Jul 2024 18:34:02 INFO  epoch 173 training [time: 2.52s, train loss: 9.7353]
Wed 10 Jul 2024 18:34:05 INFO  epoch 173 evaluating [time: 2.27s, valid_score: 0.050000]
Wed 10 Jul 2024 18:34:05 INFO  valid result: 
recall@10 : 0.031    recall@20 : 0.05    ndcg@10 : 0.027    ndcg@20 : 0.035    mrr@10 : 0.056    mrr@20 : 0.061    hit@10 : 0.14    hit@20 : 0.213    precision@10 : 0.015    precision@20 : 0.012
Wed 10 Jul 2024 18:34:07 INFO  epoch 174 training [time: 2.36s, train loss: 9.6195]
Wed 10 Jul 2024 18:34:09 INFO  epoch 174 evaluating [time: 2.33s, valid_score: 0.050000]
Wed 10 Jul 2024 18:34:09 INFO  valid result: 
recall@10 : 0.031    recall@20 : 0.05    ndcg@10 : 0.027    ndcg@20 : 0.035    mrr@10 : 0.053    mrr@20 : 0.058    hit@10 : 0.138    hit@20 : 0.213    precision@10 : 0.015    precision@20 : 0.012
Wed 10 Jul 2024 18:34:11 INFO  epoch 175 training [time: 1.61s, train loss: 9.6357]
Wed 10 Jul 2024 18:34:13 INFO  epoch 175 evaluating [time: 2.23s, valid_score: 0.046000]
Wed 10 Jul 2024 18:34:13 INFO  valid result: 
recall@10 : 0.03    recall@20 : 0.046    ndcg@10 : 0.026    ndcg@20 : 0.033    mrr@10 : 0.051    mrr@20 : 0.055    hit@10 : 0.133    hit@20 : 0.201    precision@10 : 0.014    precision@20 : 0.011
Wed 10 Jul 2024 18:34:15 INFO  epoch 176 training [time: 1.78s, train loss: 9.6317]
Wed 10 Jul 2024 18:34:17 INFO  epoch 176 evaluating [time: 2.26s, valid_score: 0.049000]
Wed 10 Jul 2024 18:34:17 INFO  valid result: 
recall@10 : 0.03    recall@20 : 0.049    ndcg@10 : 0.025    ndcg@20 : 0.033    mrr@10 : 0.051    mrr@20 : 0.056    hit@10 : 0.135    hit@20 : 0.211    precision@10 : 0.015    precision@20 : 0.012
Wed 10 Jul 2024 18:34:19 INFO  epoch 177 training [time: 1.88s, train loss: 9.7004]
Wed 10 Jul 2024 18:34:21 INFO  epoch 177 evaluating [time: 2.29s, valid_score: 0.051000]
Wed 10 Jul 2024 18:34:21 INFO  valid result: 
recall@10 : 0.032    recall@20 : 0.051    ndcg@10 : 0.027    ndcg@20 : 0.035    mrr@10 : 0.053    mrr@20 : 0.059    hit@10 : 0.146    hit@20 : 0.222    precision@10 : 0.016    precision@20 : 0.012
Wed 10 Jul 2024 18:34:23 INFO  epoch 178 training [time: 1.83s, train loss: 9.7118]
Wed 10 Jul 2024 18:34:25 INFO  epoch 178 evaluating [time: 2.20s, valid_score: 0.050000]
Wed 10 Jul 2024 18:34:25 INFO  valid result: 
recall@10 : 0.031    recall@20 : 0.05    ndcg@10 : 0.027    ndcg@20 : 0.035    mrr@10 : 0.055    mrr@20 : 0.061    hit@10 : 0.142    hit@20 : 0.219    precision@10 : 0.015    precision@20 : 0.012
Wed 10 Jul 2024 18:34:27 INFO  epoch 179 training [time: 1.59s, train loss: 9.7439]
Wed 10 Jul 2024 18:34:29 INFO  epoch 179 evaluating [time: 2.33s, valid_score: 0.049000]
Wed 10 Jul 2024 18:34:29 INFO  valid result: 
recall@10 : 0.03    recall@20 : 0.049    ndcg@10 : 0.025    ndcg@20 : 0.034    mrr@10 : 0.051    mrr@20 : 0.057    hit@10 : 0.136    hit@20 : 0.214    precision@10 : 0.014    precision@20 : 0.012
Wed 10 Jul 2024 18:34:31 INFO  epoch 180 training [time: 1.73s, train loss: 9.7404]
Wed 10 Jul 2024 18:34:33 INFO  epoch 180 evaluating [time: 2.30s, valid_score: 0.050000]
Wed 10 Jul 2024 18:34:33 INFO  valid result: 
recall@10 : 0.03    recall@20 : 0.05    ndcg@10 : 0.026    ndcg@20 : 0.034    mrr@10 : 0.053    mrr@20 : 0.058    hit@10 : 0.134    hit@20 : 0.215    precision@10 : 0.014    precision@20 : 0.012
Wed 10 Jul 2024 18:34:35 INFO  epoch 181 training [time: 1.65s, train loss: 9.7717]
Wed 10 Jul 2024 18:34:37 INFO  epoch 181 evaluating [time: 2.19s, valid_score: 0.049000]
Wed 10 Jul 2024 18:34:37 INFO  valid result: 
recall@10 : 0.03    recall@20 : 0.049    ndcg@10 : 0.026    ndcg@20 : 0.034    mrr@10 : 0.054    mrr@20 : 0.059    hit@10 : 0.136    hit@20 : 0.21    precision@10 : 0.015    precision@20 : 0.012
Wed 10 Jul 2024 18:34:39 INFO  epoch 182 training [time: 1.73s, train loss: 9.6995]
Wed 10 Jul 2024 18:34:41 INFO  epoch 182 evaluating [time: 2.19s, valid_score: 0.049000]
Wed 10 Jul 2024 18:34:41 INFO  valid result: 
recall@10 : 0.029    recall@20 : 0.049    ndcg@10 : 0.025    ndcg@20 : 0.033    mrr@10 : 0.051    mrr@20 : 0.056    hit@10 : 0.138    hit@20 : 0.211    precision@10 : 0.014    precision@20 : 0.012
Wed 10 Jul 2024 18:34:43 INFO  epoch 183 training [time: 1.68s, train loss: 9.7906]
Wed 10 Jul 2024 18:34:45 INFO  epoch 183 evaluating [time: 2.21s, valid_score: 0.049000]
Wed 10 Jul 2024 18:34:45 INFO  valid result: 
recall@10 : 0.03    recall@20 : 0.049    ndcg@10 : 0.025    ndcg@20 : 0.033    mrr@10 : 0.051    mrr@20 : 0.056    hit@10 : 0.14    hit@20 : 0.215    precision@10 : 0.015    precision@20 : 0.012
Wed 10 Jul 2024 18:34:47 INFO  epoch 184 training [time: 1.71s, train loss: 9.7276]
Wed 10 Jul 2024 18:34:49 INFO  epoch 184 evaluating [time: 2.25s, valid_score: 0.050000]
Wed 10 Jul 2024 18:34:49 INFO  valid result: 
recall@10 : 0.031    recall@20 : 0.05    ndcg@10 : 0.026    ndcg@20 : 0.034    mrr@10 : 0.05    mrr@20 : 0.055    hit@10 : 0.147    hit@20 : 0.218    precision@10 : 0.015    precision@20 : 0.012
Wed 10 Jul 2024 18:34:51 INFO  epoch 185 training [time: 1.82s, train loss: 9.8089]
Wed 10 Jul 2024 18:34:53 INFO  epoch 185 evaluating [time: 2.30s, valid_score: 0.049000]
Wed 10 Jul 2024 18:34:53 INFO  valid result: 
recall@10 : 0.032    recall@20 : 0.049    ndcg@10 : 0.026    ndcg@20 : 0.033    mrr@10 : 0.05    mrr@20 : 0.055    hit@10 : 0.145    hit@20 : 0.216    precision@10 : 0.016    precision@20 : 0.012
Wed 10 Jul 2024 18:34:55 INFO  epoch 186 training [time: 1.79s, train loss: 9.7013]
Wed 10 Jul 2024 18:34:57 INFO  epoch 186 evaluating [time: 2.29s, valid_score: 0.047000]
Wed 10 Jul 2024 18:34:57 INFO  valid result: 
recall@10 : 0.032    recall@20 : 0.047    ndcg@10 : 0.026    ndcg@20 : 0.033    mrr@10 : 0.051    mrr@20 : 0.056    hit@10 : 0.148    hit@20 : 0.212    precision@10 : 0.016    precision@20 : 0.012
Wed 10 Jul 2024 18:34:59 INFO  epoch 187 training [time: 1.82s, train loss: 9.5531]
Wed 10 Jul 2024 18:35:01 INFO  epoch 187 evaluating [time: 2.28s, valid_score: 0.049000]
Wed 10 Jul 2024 18:35:01 INFO  valid result: 
recall@10 : 0.033    recall@20 : 0.049    ndcg@10 : 0.027    ndcg@20 : 0.034    mrr@10 : 0.052    mrr@20 : 0.057    hit@10 : 0.151    hit@20 : 0.217    precision@10 : 0.016    precision@20 : 0.012
Wed 10 Jul 2024 18:35:03 INFO  epoch 188 training [time: 1.83s, train loss: 9.6136]
Wed 10 Jul 2024 18:35:06 INFO  epoch 188 evaluating [time: 2.38s, valid_score: 0.049000]
Wed 10 Jul 2024 18:35:06 INFO  valid result: 
recall@10 : 0.032    recall@20 : 0.049    ndcg@10 : 0.026    ndcg@20 : 0.034    mrr@10 : 0.052    mrr@20 : 0.057    hit@10 : 0.147    hit@20 : 0.218    precision@10 : 0.016    precision@20 : 0.012
Wed 10 Jul 2024 18:35:07 INFO  epoch 189 training [time: 1.90s, train loss: 9.6917]
Wed 10 Jul 2024 18:35:10 INFO  epoch 189 evaluating [time: 2.36s, valid_score: 0.049000]
Wed 10 Jul 2024 18:35:10 INFO  valid result: 
recall@10 : 0.032    recall@20 : 0.049    ndcg@10 : 0.027    ndcg@20 : 0.034    mrr@10 : 0.053    mrr@20 : 0.058    hit@10 : 0.15    hit@20 : 0.22    precision@10 : 0.016    precision@20 : 0.012
Wed 10 Jul 2024 18:35:12 INFO  epoch 190 training [time: 1.96s, train loss: 9.5555]
Wed 10 Jul 2024 18:35:14 INFO  epoch 190 evaluating [time: 2.22s, valid_score: 0.051000]
Wed 10 Jul 2024 18:35:14 INFO  valid result: 
recall@10 : 0.03    recall@20 : 0.051    ndcg@10 : 0.026    ndcg@20 : 0.035    mrr@10 : 0.053    mrr@20 : 0.059    hit@10 : 0.142    hit@20 : 0.228    precision@10 : 0.015    precision@20 : 0.013
Wed 10 Jul 2024 18:35:16 INFO  epoch 191 training [time: 1.80s, train loss: 9.6708]
Wed 10 Jul 2024 18:35:18 INFO  epoch 191 evaluating [time: 2.20s, valid_score: 0.052000]
Wed 10 Jul 2024 18:35:18 INFO  valid result: 
recall@10 : 0.032    recall@20 : 0.052    ndcg@10 : 0.026    ndcg@20 : 0.034    mrr@10 : 0.05    mrr@20 : 0.056    hit@10 : 0.148    hit@20 : 0.23    precision@10 : 0.016    precision@20 : 0.013
Wed 10 Jul 2024 18:35:20 INFO  epoch 192 training [time: 2.06s, train loss: 9.6143]
Wed 10 Jul 2024 18:35:22 INFO  epoch 192 evaluating [time: 2.27s, valid_score: 0.051000]
Wed 10 Jul 2024 18:35:22 INFO  valid result: 
recall@10 : 0.031    recall@20 : 0.051    ndcg@10 : 0.025    ndcg@20 : 0.034    mrr@10 : 0.049    mrr@20 : 0.054    hit@10 : 0.143    hit@20 : 0.225    precision@10 : 0.015    precision@20 : 0.013
Wed 10 Jul 2024 18:35:25 INFO  epoch 193 training [time: 2.24s, train loss: 9.6025]
Wed 10 Jul 2024 18:35:27 INFO  epoch 193 evaluating [time: 2.20s, valid_score: 0.049000]
Wed 10 Jul 2024 18:35:27 INFO  valid result: 
recall@10 : 0.031    recall@20 : 0.049    ndcg@10 : 0.024    ndcg@20 : 0.032    mrr@10 : 0.046    mrr@20 : 0.051    hit@10 : 0.143    hit@20 : 0.218    precision@10 : 0.015    precision@20 : 0.012
Wed 10 Jul 2024 18:35:29 INFO  epoch 194 training [time: 2.49s, train loss: 9.6275]
Wed 10 Jul 2024 18:35:31 INFO  epoch 194 evaluating [time: 2.19s, valid_score: 0.049000]
Wed 10 Jul 2024 18:35:31 INFO  valid result: 
recall@10 : 0.031    recall@20 : 0.049    ndcg@10 : 0.026    ndcg@20 : 0.034    mrr@10 : 0.05    mrr@20 : 0.055    hit@10 : 0.143    hit@20 : 0.216    precision@10 : 0.016    precision@20 : 0.012
Wed 10 Jul 2024 18:35:34 INFO  epoch 195 training [time: 2.61s, train loss: 9.5571]
Wed 10 Jul 2024 18:35:36 INFO  epoch 195 evaluating [time: 2.38s, valid_score: 0.049000]
Wed 10 Jul 2024 18:35:36 INFO  valid result: 
recall@10 : 0.031    recall@20 : 0.049    ndcg@10 : 0.025    ndcg@20 : 0.033    mrr@10 : 0.049    mrr@20 : 0.054    hit@10 : 0.14    hit@20 : 0.212    precision@10 : 0.015    precision@20 : 0.012
Wed 10 Jul 2024 18:35:39 INFO  epoch 196 training [time: 2.61s, train loss: 9.6319]
Wed 10 Jul 2024 18:35:41 INFO  epoch 196 evaluating [time: 2.23s, valid_score: 0.049000]
Wed 10 Jul 2024 18:35:41 INFO  valid result: 
recall@10 : 0.032    recall@20 : 0.049    ndcg@10 : 0.026    ndcg@20 : 0.034    mrr@10 : 0.051    mrr@20 : 0.056    hit@10 : 0.143    hit@20 : 0.214    precision@10 : 0.016    precision@20 : 0.012
Wed 10 Jul 2024 18:35:43 INFO  epoch 197 training [time: 1.97s, train loss: 9.7125]
Wed 10 Jul 2024 18:35:45 INFO  epoch 197 evaluating [time: 2.22s, valid_score: 0.048000]
Wed 10 Jul 2024 18:35:45 INFO  valid result: 
recall@10 : 0.029    recall@20 : 0.048    ndcg@10 : 0.025    ndcg@20 : 0.032    mrr@10 : 0.049    mrr@20 : 0.054    hit@10 : 0.135    hit@20 : 0.208    precision@10 : 0.015    precision@20 : 0.012
Wed 10 Jul 2024 18:35:47 INFO  epoch 198 training [time: 1.77s, train loss: 9.6505]
Wed 10 Jul 2024 18:35:49 INFO  epoch 198 evaluating [time: 2.21s, valid_score: 0.050000]
Wed 10 Jul 2024 18:35:49 INFO  valid result: 
recall@10 : 0.031    recall@20 : 0.05    ndcg@10 : 0.026    ndcg@20 : 0.034    mrr@10 : 0.049    mrr@20 : 0.055    hit@10 : 0.14    hit@20 : 0.216    precision@10 : 0.015    precision@20 : 0.012
Wed 10 Jul 2024 18:35:51 INFO  epoch 199 training [time: 1.82s, train loss: 9.6826]
Wed 10 Jul 2024 18:35:53 INFO  epoch 199 evaluating [time: 2.20s, valid_score: 0.050000]
Wed 10 Jul 2024 18:35:53 INFO  valid result: 
recall@10 : 0.03    recall@20 : 0.05    ndcg@10 : 0.025    ndcg@20 : 0.034    mrr@10 : 0.049    mrr@20 : 0.054    hit@10 : 0.137    hit@20 : 0.215    precision@10 : 0.015    precision@20 : 0.012
Wed 10 Jul 2024 18:35:55 INFO  epoch 200 training [time: 1.94s, train loss: 9.7266]
Wed 10 Jul 2024 18:35:58 INFO  epoch 200 evaluating [time: 2.24s, valid_score: 0.050000]
Wed 10 Jul 2024 18:35:58 INFO  valid result: 
recall@10 : 0.031    recall@20 : 0.05    ndcg@10 : 0.026    ndcg@20 : 0.034    mrr@10 : 0.049    mrr@20 : 0.054    hit@10 : 0.141    hit@20 : 0.211    precision@10 : 0.015    precision@20 : 0.012
Wed 10 Jul 2024 18:36:00 INFO  epoch 201 training [time: 2.56s, train loss: 9.6838]
Wed 10 Jul 2024 18:36:02 INFO  epoch 201 evaluating [time: 2.24s, valid_score: 0.050000]
Wed 10 Jul 2024 18:36:02 INFO  valid result: 
recall@10 : 0.032    recall@20 : 0.05    ndcg@10 : 0.026    ndcg@20 : 0.034    mrr@10 : 0.049    mrr@20 : 0.054    hit@10 : 0.141    hit@20 : 0.211    precision@10 : 0.015    precision@20 : 0.012
Wed 10 Jul 2024 18:36:05 INFO  epoch 202 training [time: 2.79s, train loss: 9.5647]
Wed 10 Jul 2024 18:36:07 INFO  epoch 202 evaluating [time: 2.27s, valid_score: 0.050000]
Wed 10 Jul 2024 18:36:07 INFO  valid result: 
recall@10 : 0.033    recall@20 : 0.05    ndcg@10 : 0.028    ndcg@20 : 0.035    mrr@10 : 0.054    mrr@20 : 0.059    hit@10 : 0.148    hit@20 : 0.217    precision@10 : 0.016    precision@20 : 0.012
Wed 10 Jul 2024 18:36:10 INFO  epoch 203 training [time: 2.46s, train loss: 9.5583]
Wed 10 Jul 2024 18:36:12 INFO  epoch 203 evaluating [time: 2.28s, valid_score: 0.052000]
Wed 10 Jul 2024 18:36:12 INFO  valid result: 
recall@10 : 0.033    recall@20 : 0.052    ndcg@10 : 0.027    ndcg@20 : 0.036    mrr@10 : 0.054    mrr@20 : 0.059    hit@10 : 0.145    hit@20 : 0.225    precision@10 : 0.016    precision@20 : 0.013
Wed 10 Jul 2024 18:36:15 INFO  epoch 204 training [time: 2.73s, train loss: 9.6684]
Wed 10 Jul 2024 18:36:17 INFO  epoch 204 evaluating [time: 2.41s, valid_score: 0.051000]
Wed 10 Jul 2024 18:36:17 INFO  valid result: 
recall@10 : 0.032    recall@20 : 0.051    ndcg@10 : 0.027    ndcg@20 : 0.035    mrr@10 : 0.053    mrr@20 : 0.058    hit@10 : 0.145    hit@20 : 0.22    precision@10 : 0.016    precision@20 : 0.013
Wed 10 Jul 2024 18:36:20 INFO  epoch 205 training [time: 2.47s, train loss: 9.6999]
Wed 10 Jul 2024 18:36:22 INFO  epoch 205 evaluating [time: 2.34s, valid_score: 0.050000]
Wed 10 Jul 2024 18:36:22 INFO  valid result: 
recall@10 : 0.03    recall@20 : 0.05    ndcg@10 : 0.026    ndcg@20 : 0.034    mrr@10 : 0.051    mrr@20 : 0.056    hit@10 : 0.136    hit@20 : 0.212    precision@10 : 0.015    precision@20 : 0.012
Wed 10 Jul 2024 18:36:24 INFO  epoch 206 training [time: 2.00s, train loss: 9.5724]
Wed 10 Jul 2024 18:36:26 INFO  epoch 206 evaluating [time: 2.35s, valid_score: 0.051000]
Wed 10 Jul 2024 18:36:26 INFO  valid result: 
recall@10 : 0.031    recall@20 : 0.051    ndcg@10 : 0.026    ndcg@20 : 0.035    mrr@10 : 0.053    mrr@20 : 0.059    hit@10 : 0.139    hit@20 : 0.221    precision@10 : 0.015    precision@20 : 0.013
Wed 10 Jul 2024 18:36:28 INFO  epoch 207 training [time: 1.67s, train loss: 9.6436]
Wed 10 Jul 2024 18:36:30 INFO  epoch 207 evaluating [time: 2.26s, valid_score: 0.048000]
Wed 10 Jul 2024 18:36:30 INFO  valid result: 
recall@10 : 0.032    recall@20 : 0.048    ndcg@10 : 0.027    ndcg@20 : 0.034    mrr@10 : 0.056    mrr@20 : 0.06    hit@10 : 0.142    hit@20 : 0.21    precision@10 : 0.016    precision@20 : 0.012
Wed 10 Jul 2024 18:36:32 INFO  epoch 208 training [time: 1.70s, train loss: 9.6135]
