Wed 10 Jul 2024 19:11:05 INFO  ['run_recbole.py', '--model=ANS', '--dataset=lastfm']
Wed 10 Jul 2024 19:11:05 INFO  
General Hyper Parameters:
gpu_id = 0
use_gpu = True
seed = 2020
state = INFO
reproducibility = True
data_path = dataset/lastfm
checkpoint_dir = saved
show_progress = True
save_dataset = False
dataset_save_path = None
save_dataloaders = False
dataloaders_save_path = None
log_wandb = False

Training Hyper Parameters:
epochs = 500
train_batch_size = 4096
learner = adam
learning_rate = 0.001
train_neg_sample_args = {'distribution': 'uniform', 'sample_num': 5, 'alpha': 1.0, 'dynamic': False, 'candidate_num': 0}
eval_step = 1
stopping_step = 10
clip_grad_norm = None
weight_decay = 0.0
loss_decimal_place = 4

Evaluation Hyper Parameters:
eval_args = {'split': {'RS': [0.8, 0.1, 0.1]}, 'group_by': 'user', 'order': 'RO', 'mode': 'full'}
repeatable = False
metrics = ['Recall', 'NDCG', 'MRR', 'Hit', 'Precision']
topk = [10, 20]
valid_metric = Recall@20
valid_metric_bigger = True
eval_batch_size = 4096
metric_decimal_place = 3

Dataset Hyper Parameters:
field_separator = 	
seq_separator =  
USER_ID_FIELD = user_id
ITEM_ID_FIELD = artist_id
RATING_FIELD = rating
TIME_FIELD = timestamp
seq_len = None
LABEL_FIELD = label
threshold = None
NEG_PREFIX = neg_
load_col = {'inter': ['user_id', 'artist_id']}
unload_col = None
unused_col = None
additional_feat_suffix = None
rm_dup_inter = None
val_interval = None
filter_inter_by_user_or_item = True
user_inter_num_interval = None
item_inter_num_interval = None
alias_of_user_id = None
alias_of_item_id = None
alias_of_entity_id = None
alias_of_relation_id = None
preload_weight = None
normalize_field = None
normalize_all = True
ITEM_LIST_LENGTH_FIELD = item_length
LIST_SUFFIX = _list
MAX_ITEM_LIST_LENGTH = 50
POSITION_FIELD = position_id
HEAD_ENTITY_ID_FIELD = head_id
TAIL_ENTITY_ID_FIELD = tail_id
RELATION_ID_FIELD = relation_id
ENTITY_ID_FIELD = entity_id
kg_reverse_r = False
entity_kg_num_interval = None
relation_kg_num_interval = None
benchmark_filename = None

Other Hyper Parameters: 
worker = 0
wandb_project = recbole
shuffle = True
plot_learning_curve = False
require_pow = False
enable_amp = False
enable_scaler = True
transform = None
train_after_converge = True
positive_sampling = True
model_name_custom = -
data_augmentation = False
Q = 8
K = 3
P = 20
embedding_size = 64
n_layers = 3
reg_weight = 1e-05
eps = 0.3
gamma = 0.03
numerical_features = []
discretization = None
MODEL_TYPE = ModelType.GENERAL
MODEL_INPUT_TYPE = InputType.PAIRWISE
eval_type = EvaluatorType.RANKING
single_spec = True
local_rank = 0
device = cuda
eval_neg_sample_args = {'distribution': 'uniform', 'sample_num': 'none'}


Wed 10 Jul 2024 19:11:05 INFO  lastfm
The number of users: 1893
Average actions of users: 49.06659619450317
The number of items: 17633
Average actions of items: 5.265086206896552
The number of inters: 92834
The sparsity of the dataset: 99.72188126708227%
Remain Fields: ['user_id', 'artist_id']
Wed 10 Jul 2024 19:11:06 INFO  [Training]: train_batch_size = [4096] train_neg_sample_args: [{'distribution': 'uniform', 'sample_num': 5, 'alpha': 1.0, 'dynamic': False, 'candidate_num': 0}]
Wed 10 Jul 2024 19:11:06 INFO  [Evaluation]: eval_batch_size = [4096] eval_args: [{'split': {'RS': [0.8, 0.1, 0.1]}, 'group_by': 'user', 'order': 'RO', 'mode': 'full'}]
Wed 10 Jul 2024 19:11:07 INFO  ANS(
  (user_embedding): Embedding(1893, 64)
  (item_embedding): Embedding(17633, 64)
  (mf_loss): BPRLoss()
  (reg_loss): EmbLoss()
  (user_gate): Linear(in_features=64, out_features=64, bias=True)
  (item_gate): Linear(in_features=64, out_features=64, bias=True)
  (pos_gate): Linear(in_features=64, out_features=64, bias=True)
  (neg_gate): Linear(in_features=64, out_features=64, bias=True)
  (hard_gate): Linear(in_features=64, out_features=64, bias=True)
  (conf_gate): Linear(in_features=64, out_features=64, bias=True)
  (easy_gate): Linear(in_features=64, out_features=64, bias=True)
  (margin_model): Linear(in_features=64, out_features=1, bias=True)
)
Trainable parameters: 1278849
Wed 10 Jul 2024 19:11:07 INFO  FLOPs: 0.0
Wed 10 Jul 2024 19:11:10 INFO  epoch 0 training [time: 2.26s, train loss: 65.6662]
Wed 10 Jul 2024 19:11:12 INFO  epoch 0 evaluating [time: 1.69s, valid_score: 0.139000]
Wed 10 Jul 2024 19:11:12 INFO  valid result: 
recall@10 : 0.098    recall@20 : 0.139    ndcg@10 : 0.083    ndcg@20 : 0.1    mrr@10 : 0.142    mrr@20 : 0.148    hit@10 : 0.347    hit@20 : 0.434    precision@10 : 0.048    precision@20 : 0.034
Wed 10 Jul 2024 19:11:12 INFO  Saving current: saved/ANS-Jul-10-2024_19-11-07.pth
Wed 10 Jul 2024 19:11:13 INFO  epoch 1 training [time: 1.54s, train loss: 49.2113]
Wed 10 Jul 2024 19:11:15 INFO  epoch 1 evaluating [time: 1.54s, valid_score: 0.149000]
Wed 10 Jul 2024 19:11:15 INFO  valid result: 
recall@10 : 0.087    recall@20 : 0.149    ndcg@10 : 0.073    ndcg@20 : 0.099    mrr@10 : 0.132    mrr@20 : 0.143    hit@10 : 0.34    hit@20 : 0.498    precision@10 : 0.043    precision@20 : 0.037
Wed 10 Jul 2024 19:11:15 INFO  Saving current: saved/ANS-Jul-10-2024_19-11-07.pth
Wed 10 Jul 2024 19:11:17 INFO  epoch 2 training [time: 1.51s, train loss: 40.2708]
Wed 10 Jul 2024 19:11:18 INFO  epoch 2 evaluating [time: 1.76s, valid_score: 0.125000]
Wed 10 Jul 2024 19:11:18 INFO  valid result: 
recall@10 : 0.069    recall@20 : 0.125    ndcg@10 : 0.055    ndcg@20 : 0.079    mrr@10 : 0.1    mrr@20 : 0.111    hit@10 : 0.29    hit@20 : 0.456    precision@10 : 0.034    precision@20 : 0.031
Wed 10 Jul 2024 19:11:20 INFO  epoch 3 training [time: 1.46s, train loss: 35.3269]
Wed 10 Jul 2024 19:11:22 INFO  epoch 3 evaluating [time: 1.72s, valid_score: 0.122000]
Wed 10 Jul 2024 19:11:22 INFO  valid result: 
recall@10 : 0.07    recall@20 : 0.122    ndcg@10 : 0.057    ndcg@20 : 0.079    mrr@10 : 0.103    mrr@20 : 0.114    hit@10 : 0.285    hit@20 : 0.445    precision@10 : 0.035    precision@20 : 0.03
Wed 10 Jul 2024 19:11:23 INFO  epoch 4 training [time: 1.57s, train loss: 31.6139]
Wed 10 Jul 2024 19:11:25 INFO  epoch 4 evaluating [time: 1.74s, valid_score: 0.121000]
Wed 10 Jul 2024 19:11:25 INFO  valid result: 
recall@10 : 0.071    recall@20 : 0.121    ndcg@10 : 0.059    ndcg@20 : 0.08    mrr@10 : 0.109    mrr@20 : 0.119    hit@10 : 0.295    hit@20 : 0.44    precision@10 : 0.035    precision@20 : 0.03
Wed 10 Jul 2024 19:11:26 INFO  epoch 5 training [time: 1.57s, train loss: 29.0024]
Wed 10 Jul 2024 19:11:28 INFO  epoch 5 evaluating [time: 1.62s, valid_score: 0.119000]
Wed 10 Jul 2024 19:11:28 INFO  valid result: 
recall@10 : 0.069    recall@20 : 0.119    ndcg@10 : 0.058    ndcg@20 : 0.079    mrr@10 : 0.109    mrr@20 : 0.119    hit@10 : 0.29    hit@20 : 0.442    precision@10 : 0.034    precision@20 : 0.029
Wed 10 Jul 2024 19:11:29 INFO  epoch 6 training [time: 1.45s, train loss: 26.7938]
Wed 10 Jul 2024 19:11:31 INFO  epoch 6 evaluating [time: 1.64s, valid_score: 0.118000]
Wed 10 Jul 2024 19:11:31 INFO  valid result: 
recall@10 : 0.072    recall@20 : 0.118    ndcg@10 : 0.059    ndcg@20 : 0.079    mrr@10 : 0.109    mrr@20 : 0.119    hit@10 : 0.297    hit@20 : 0.443    precision@10 : 0.036    precision@20 : 0.029
Wed 10 Jul 2024 19:11:33 INFO  epoch 7 training [time: 1.50s, train loss: 25.0208]
Wed 10 Jul 2024 19:11:34 INFO  epoch 7 evaluating [time: 1.76s, valid_score: 0.120000]
Wed 10 Jul 2024 19:11:34 INFO  valid result: 
recall@10 : 0.072    recall@20 : 0.12    ndcg@10 : 0.059    ndcg@20 : 0.079    mrr@10 : 0.106    mrr@20 : 0.116    hit@10 : 0.293    hit@20 : 0.442    precision@10 : 0.036    precision@20 : 0.03
Wed 10 Jul 2024 19:11:36 INFO  epoch 8 training [time: 1.60s, train loss: 23.5164]
Wed 10 Jul 2024 19:11:38 INFO  epoch 8 evaluating [time: 1.66s, valid_score: 0.115000]
Wed 10 Jul 2024 19:11:38 INFO  valid result: 
recall@10 : 0.072    recall@20 : 0.115    ndcg@10 : 0.059    ndcg@20 : 0.077    mrr@10 : 0.107    mrr@20 : 0.116    hit@10 : 0.298    hit@20 : 0.423    precision@10 : 0.036    precision@20 : 0.029
Wed 10 Jul 2024 19:11:39 INFO  epoch 9 training [time: 1.51s, train loss: 21.8760]
Wed 10 Jul 2024 19:11:41 INFO  epoch 9 evaluating [time: 1.58s, valid_score: 0.118000]
Wed 10 Jul 2024 19:11:41 INFO  valid result: 
recall@10 : 0.072    recall@20 : 0.118    ndcg@10 : 0.058    ndcg@20 : 0.078    mrr@10 : 0.105    mrr@20 : 0.115    hit@10 : 0.293    hit@20 : 0.437    precision@10 : 0.036    precision@20 : 0.029
Wed 10 Jul 2024 19:11:42 INFO  epoch 10 training [time: 1.66s, train loss: 20.7794]
Wed 10 Jul 2024 19:11:44 INFO  epoch 10 evaluating [time: 1.64s, valid_score: 0.117000]
Wed 10 Jul 2024 19:11:44 INFO  valid result: 
recall@10 : 0.07    recall@20 : 0.117    ndcg@10 : 0.057    ndcg@20 : 0.077    mrr@10 : 0.104    mrr@20 : 0.114    hit@10 : 0.292    hit@20 : 0.432    precision@10 : 0.035    precision@20 : 0.029
Wed 10 Jul 2024 19:11:46 INFO  epoch 11 training [time: 1.56s, train loss: 19.8921]
Wed 10 Jul 2024 19:11:47 INFO  epoch 11 evaluating [time: 1.87s, valid_score: 0.116000]
Wed 10 Jul 2024 19:11:47 INFO  valid result: 
recall@10 : 0.069    recall@20 : 0.116    ndcg@10 : 0.057    ndcg@20 : 0.076    mrr@10 : 0.104    mrr@20 : 0.114    hit@10 : 0.29    hit@20 : 0.435    precision@10 : 0.034    precision@20 : 0.029
Wed 10 Jul 2024 19:11:49 INFO  epoch 12 training [time: 1.51s, train loss: 18.8436]
Wed 10 Jul 2024 19:11:51 INFO  epoch 12 evaluating [time: 1.74s, valid_score: 0.113000]
Wed 10 Jul 2024 19:11:51 INFO  valid result: 
recall@10 : 0.066    recall@20 : 0.113    ndcg@10 : 0.055    ndcg@20 : 0.075    mrr@10 : 0.103    mrr@20 : 0.113    hit@10 : 0.277    hit@20 : 0.424    precision@10 : 0.033    precision@20 : 0.028
Wed 10 Jul 2024 19:11:51 INFO  Finished training, best eval result in epoch 1
Wed 10 Jul 2024 19:12:08 INFO  epoch 13 training [time: 1.86s, train loss: 19.1148]
Wed 10 Jul 2024 19:12:10 INFO  epoch 13 evaluating [time: 1.84s, valid_score: 0.116000]
Wed 10 Jul 2024 19:12:10 INFO  valid result: 
recall@10 : 0.069    recall@20 : 0.116    ndcg@10 : 0.057    ndcg@20 : 0.077    mrr@10 : 0.106    mrr@20 : 0.116    hit@10 : 0.283    hit@20 : 0.437    precision@10 : 0.034    precision@20 : 0.029
Wed 10 Jul 2024 19:12:12 INFO  epoch 14 training [time: 1.94s, train loss: 18.5155]
Wed 10 Jul 2024 19:12:14 INFO  epoch 14 evaluating [time: 1.73s, valid_score: 0.116000]
Wed 10 Jul 2024 19:12:14 INFO  valid result: 
recall@10 : 0.07    recall@20 : 0.116    ndcg@10 : 0.059    ndcg@20 : 0.079    mrr@10 : 0.11    mrr@20 : 0.12    hit@10 : 0.287    hit@20 : 0.43    precision@10 : 0.035    precision@20 : 0.029
Wed 10 Jul 2024 19:12:15 INFO  epoch 15 training [time: 1.81s, train loss: 17.6268]
Wed 10 Jul 2024 19:12:17 INFO  epoch 15 evaluating [time: 1.65s, valid_score: 0.115000]
Wed 10 Jul 2024 19:12:17 INFO  valid result: 
recall@10 : 0.07    recall@20 : 0.115    ndcg@10 : 0.059    ndcg@20 : 0.079    mrr@10 : 0.113    mrr@20 : 0.122    hit@10 : 0.288    hit@20 : 0.428    precision@10 : 0.035    precision@20 : 0.029
Wed 10 Jul 2024 19:12:19 INFO  epoch 16 training [time: 1.83s, train loss: 16.9302]
Wed 10 Jul 2024 19:12:21 INFO  epoch 16 evaluating [time: 1.73s, valid_score: 0.114000]
Wed 10 Jul 2024 19:12:21 INFO  valid result: 
recall@10 : 0.072    recall@20 : 0.114    ndcg@10 : 0.061    ndcg@20 : 0.079    mrr@10 : 0.116    mrr@20 : 0.125    hit@10 : 0.296    hit@20 : 0.424    precision@10 : 0.036    precision@20 : 0.028
Wed 10 Jul 2024 19:12:22 INFO  epoch 17 training [time: 1.80s, train loss: 16.3184]
Wed 10 Jul 2024 19:12:24 INFO  epoch 17 evaluating [time: 1.66s, valid_score: 0.115000]
Wed 10 Jul 2024 19:12:24 INFO  valid result: 
recall@10 : 0.069    recall@20 : 0.115    ndcg@10 : 0.06    ndcg@20 : 0.079    mrr@10 : 0.114    mrr@20 : 0.124    hit@10 : 0.288    hit@20 : 0.432    precision@10 : 0.035    precision@20 : 0.029
Wed 10 Jul 2024 19:12:26 INFO  epoch 18 training [time: 1.85s, train loss: 15.8519]
Wed 10 Jul 2024 19:12:28 INFO  epoch 18 evaluating [time: 1.86s, valid_score: 0.116000]
Wed 10 Jul 2024 19:12:28 INFO  valid result: 
recall@10 : 0.071    recall@20 : 0.116    ndcg@10 : 0.06    ndcg@20 : 0.079    mrr@10 : 0.114    mrr@20 : 0.123    hit@10 : 0.291    hit@20 : 0.431    precision@10 : 0.035    precision@20 : 0.029
Wed 10 Jul 2024 19:12:30 INFO  epoch 19 training [time: 1.79s, train loss: 15.2431]
Wed 10 Jul 2024 19:12:31 INFO  epoch 19 evaluating [time: 1.58s, valid_score: 0.114000]
Wed 10 Jul 2024 19:12:31 INFO  valid result: 
recall@10 : 0.071    recall@20 : 0.114    ndcg@10 : 0.059    ndcg@20 : 0.078    mrr@10 : 0.112    mrr@20 : 0.121    hit@10 : 0.292    hit@20 : 0.424    precision@10 : 0.035    precision@20 : 0.028
Wed 10 Jul 2024 19:12:33 INFO  epoch 20 training [time: 1.89s, train loss: 14.8550]
Wed 10 Jul 2024 19:12:35 INFO  epoch 20 evaluating [time: 1.93s, valid_score: 0.117000]
Wed 10 Jul 2024 19:12:35 INFO  valid result: 
recall@10 : 0.071    recall@20 : 0.117    ndcg@10 : 0.06    ndcg@20 : 0.08    mrr@10 : 0.113    mrr@20 : 0.123    hit@10 : 0.292    hit@20 : 0.431    precision@10 : 0.035    precision@20 : 0.029
Wed 10 Jul 2024 19:12:37 INFO  epoch 21 training [time: 1.86s, train loss: 14.5006]
Wed 10 Jul 2024 19:12:38 INFO  epoch 21 evaluating [time: 1.59s, valid_score: 0.120000]
Wed 10 Jul 2024 19:12:38 INFO  valid result: 
recall@10 : 0.069    recall@20 : 0.12    ndcg@10 : 0.059    ndcg@20 : 0.08    mrr@10 : 0.112    mrr@20 : 0.122    hit@10 : 0.289    hit@20 : 0.433    precision@10 : 0.035    precision@20 : 0.03
Wed 10 Jul 2024 19:12:40 INFO  epoch 22 training [time: 1.92s, train loss: 14.1595]
Wed 10 Jul 2024 19:12:42 INFO  epoch 22 evaluating [time: 1.76s, valid_score: 0.118000]
Wed 10 Jul 2024 19:12:42 INFO  valid result: 
recall@10 : 0.068    recall@20 : 0.118    ndcg@10 : 0.059    ndcg@20 : 0.08    mrr@10 : 0.112    mrr@20 : 0.122    hit@10 : 0.286    hit@20 : 0.437    precision@10 : 0.034    precision@20 : 0.029
Wed 10 Jul 2024 19:12:44 INFO  epoch 23 training [time: 1.84s, train loss: 13.8388]
Wed 10 Jul 2024 19:12:46 INFO  epoch 23 evaluating [time: 1.69s, valid_score: 0.118000]
Wed 10 Jul 2024 19:12:46 INFO  valid result: 
recall@10 : 0.069    recall@20 : 0.118    ndcg@10 : 0.06    ndcg@20 : 0.081    mrr@10 : 0.116    mrr@20 : 0.126    hit@10 : 0.286    hit@20 : 0.438    precision@10 : 0.034    precision@20 : 0.029
Wed 10 Jul 2024 19:12:47 INFO  epoch 24 training [time: 1.89s, train loss: 13.5731]
Wed 10 Jul 2024 19:12:49 INFO  epoch 24 evaluating [time: 1.85s, valid_score: 0.116000]
Wed 10 Jul 2024 19:12:49 INFO  valid result: 
recall@10 : 0.068    recall@20 : 0.116    ndcg@10 : 0.057    ndcg@20 : 0.078    mrr@10 : 0.107    mrr@20 : 0.118    hit@10 : 0.278    hit@20 : 0.429    precision@10 : 0.034    precision@20 : 0.029
Wed 10 Jul 2024 19:12:51 INFO  epoch 25 training [time: 1.82s, train loss: 13.3985]
Wed 10 Jul 2024 19:12:53 INFO  epoch 25 evaluating [time: 1.61s, valid_score: 0.115000]
Wed 10 Jul 2024 19:12:53 INFO  valid result: 
recall@10 : 0.068    recall@20 : 0.115    ndcg@10 : 0.058    ndcg@20 : 0.077    mrr@10 : 0.108    mrr@20 : 0.117    hit@10 : 0.28    hit@20 : 0.419    precision@10 : 0.034    precision@20 : 0.028
Wed 10 Jul 2024 19:12:55 INFO  epoch 26 training [time: 1.95s, train loss: 12.9858]
Wed 10 Jul 2024 19:12:56 INFO  epoch 26 evaluating [time: 1.65s, valid_score: 0.114000]
Wed 10 Jul 2024 19:12:56 INFO  valid result: 
recall@10 : 0.068    recall@20 : 0.114    ndcg@10 : 0.057    ndcg@20 : 0.076    mrr@10 : 0.105    mrr@20 : 0.114    hit@10 : 0.282    hit@20 : 0.417    precision@10 : 0.034    precision@20 : 0.028
Wed 10 Jul 2024 19:12:58 INFO  epoch 27 training [time: 1.78s, train loss: 13.0168]
Wed 10 Jul 2024 19:13:00 INFO  epoch 27 evaluating [time: 1.56s, valid_score: 0.114000]
Wed 10 Jul 2024 19:13:00 INFO  valid result: 
recall@10 : 0.071    recall@20 : 0.114    ndcg@10 : 0.059    ndcg@20 : 0.077    mrr@10 : 0.109    mrr@20 : 0.117    hit@10 : 0.286    hit@20 : 0.411    precision@10 : 0.035    precision@20 : 0.028
Wed 10 Jul 2024 19:13:02 INFO  epoch 28 training [time: 1.90s, train loss: 12.9101]
Wed 10 Jul 2024 19:13:03 INFO  epoch 28 evaluating [time: 1.62s, valid_score: 0.113000]
Wed 10 Jul 2024 19:13:03 INFO  valid result: 
recall@10 : 0.069    recall@20 : 0.113    ndcg@10 : 0.057    ndcg@20 : 0.075    mrr@10 : 0.105    mrr@20 : 0.113    hit@10 : 0.281    hit@20 : 0.408    precision@10 : 0.034    precision@20 : 0.028
Wed 10 Jul 2024 19:13:05 INFO  epoch 29 training [time: 1.83s, train loss: 12.6444]
Wed 10 Jul 2024 19:13:07 INFO  epoch 29 evaluating [time: 1.66s, valid_score: 0.111000]
Wed 10 Jul 2024 19:13:07 INFO  valid result: 
recall@10 : 0.066    recall@20 : 0.111    ndcg@10 : 0.055    ndcg@20 : 0.075    mrr@10 : 0.104    mrr@20 : 0.114    hit@10 : 0.274    hit@20 : 0.411    precision@10 : 0.033    precision@20 : 0.027
Wed 10 Jul 2024 19:13:09 INFO  epoch 30 training [time: 1.85s, train loss: 12.4976]
Wed 10 Jul 2024 19:13:10 INFO  epoch 30 evaluating [time: 1.71s, valid_score: 0.111000]
Wed 10 Jul 2024 19:13:10 INFO  valid result: 
recall@10 : 0.066    recall@20 : 0.111    ndcg@10 : 0.055    ndcg@20 : 0.074    mrr@10 : 0.102    mrr@20 : 0.112    hit@10 : 0.27    hit@20 : 0.408    precision@10 : 0.033    precision@20 : 0.027
Wed 10 Jul 2024 19:13:12 INFO  epoch 31 training [time: 1.89s, train loss: 12.1532]
Wed 10 Jul 2024 19:13:14 INFO  epoch 31 evaluating [time: 1.55s, valid_score: 0.112000]
Wed 10 Jul 2024 19:13:14 INFO  valid result: 
recall@10 : 0.067    recall@20 : 0.112    ndcg@10 : 0.056    ndcg@20 : 0.075    mrr@10 : 0.102    mrr@20 : 0.112    hit@10 : 0.273    hit@20 : 0.415    precision@10 : 0.033    precision@20 : 0.028
Wed 10 Jul 2024 19:13:15 INFO  epoch 32 training [time: 1.79s, train loss: 11.9934]
Wed 10 Jul 2024 19:13:17 INFO  epoch 32 evaluating [time: 1.62s, valid_score: 0.110000]
Wed 10 Jul 2024 19:13:17 INFO  valid result: 
recall@10 : 0.066    recall@20 : 0.11    ndcg@10 : 0.055    ndcg@20 : 0.074    mrr@10 : 0.102    mrr@20 : 0.111    hit@10 : 0.271    hit@20 : 0.412    precision@10 : 0.033    precision@20 : 0.027
Wed 10 Jul 2024 19:13:19 INFO  epoch 33 training [time: 1.83s, train loss: 11.8866]
Wed 10 Jul 2024 19:13:21 INFO  epoch 33 evaluating [time: 1.59s, valid_score: 0.109000]
Wed 10 Jul 2024 19:13:21 INFO  valid result: 
recall@10 : 0.063    recall@20 : 0.109    ndcg@10 : 0.054    ndcg@20 : 0.073    mrr@10 : 0.101    mrr@20 : 0.111    hit@10 : 0.26    hit@20 : 0.409    precision@10 : 0.031    precision@20 : 0.027
Wed 10 Jul 2024 19:13:22 INFO  epoch 34 training [time: 1.78s, train loss: 11.7204]
Wed 10 Jul 2024 19:13:24 INFO  epoch 34 evaluating [time: 1.64s, valid_score: 0.106000]
Wed 10 Jul 2024 19:13:24 INFO  valid result: 
recall@10 : 0.063    recall@20 : 0.106    ndcg@10 : 0.053    ndcg@20 : 0.071    mrr@10 : 0.1    mrr@20 : 0.11    hit@10 : 0.258    hit@20 : 0.403    precision@10 : 0.031    precision@20 : 0.026
Wed 10 Jul 2024 19:13:26 INFO  epoch 35 training [time: 1.70s, train loss: 11.7169]
Wed 10 Jul 2024 19:13:27 INFO  epoch 35 evaluating [time: 1.61s, valid_score: 0.104000]
Wed 10 Jul 2024 19:13:27 INFO  valid result: 
recall@10 : 0.064    recall@20 : 0.104    ndcg@10 : 0.054    ndcg@20 : 0.071    mrr@10 : 0.101    mrr@20 : 0.11    hit@10 : 0.262    hit@20 : 0.394    precision@10 : 0.031    precision@20 : 0.026
Wed 10 Jul 2024 19:13:29 INFO  epoch 36 training [time: 1.84s, train loss: 11.5491]
Wed 10 Jul 2024 19:13:31 INFO  epoch 36 evaluating [time: 1.92s, valid_score: 0.106000]
Wed 10 Jul 2024 19:13:31 INFO  valid result: 
recall@10 : 0.063    recall@20 : 0.106    ndcg@10 : 0.052    ndcg@20 : 0.07    mrr@10 : 0.098    mrr@20 : 0.107    hit@10 : 0.266    hit@20 : 0.397    precision@10 : 0.031    precision@20 : 0.026
Wed 10 Jul 2024 19:13:33 INFO  epoch 37 training [time: 1.84s, train loss: 11.2972]
Wed 10 Jul 2024 19:13:34 INFO  epoch 37 evaluating [time: 1.59s, valid_score: 0.105000]
Wed 10 Jul 2024 19:13:34 INFO  valid result: 
recall@10 : 0.062    recall@20 : 0.105    ndcg@10 : 0.052    ndcg@20 : 0.07    mrr@10 : 0.098    mrr@20 : 0.107    hit@10 : 0.259    hit@20 : 0.398    precision@10 : 0.031    precision@20 : 0.026
Wed 10 Jul 2024 19:13:36 INFO  epoch 38 training [time: 1.99s, train loss: 11.2972]
Wed 10 Jul 2024 19:13:38 INFO  epoch 38 evaluating [time: 1.75s, valid_score: 0.104000]
Wed 10 Jul 2024 19:13:38 INFO  valid result: 
recall@10 : 0.063    recall@20 : 0.104    ndcg@10 : 0.053    ndcg@20 : 0.07    mrr@10 : 0.101    mrr@20 : 0.11    hit@10 : 0.261    hit@20 : 0.396    precision@10 : 0.031    precision@20 : 0.026
Wed 10 Jul 2024 19:13:40 INFO  epoch 39 training [time: 1.81s, train loss: 11.0656]
Wed 10 Jul 2024 19:13:42 INFO  epoch 39 evaluating [time: 1.60s, valid_score: 0.104000]
Wed 10 Jul 2024 19:13:42 INFO  valid result: 
recall@10 : 0.063    recall@20 : 0.104    ndcg@10 : 0.053    ndcg@20 : 0.07    mrr@10 : 0.101    mrr@20 : 0.109    hit@10 : 0.264    hit@20 : 0.392    precision@10 : 0.031    precision@20 : 0.026
Wed 10 Jul 2024 19:13:43 INFO  epoch 40 training [time: 1.79s, train loss: 11.0291]
Wed 10 Jul 2024 19:13:45 INFO  epoch 40 evaluating [time: 1.99s, valid_score: 0.103000]
Wed 10 Jul 2024 19:13:45 INFO  valid result: 
recall@10 : 0.059    recall@20 : 0.103    ndcg@10 : 0.05    ndcg@20 : 0.068    mrr@10 : 0.095    mrr@20 : 0.105    hit@10 : 0.252    hit@20 : 0.39    precision@10 : 0.029    precision@20 : 0.025
Wed 10 Jul 2024 19:13:47 INFO  epoch 41 training [time: 1.82s, train loss: 10.8731]
Wed 10 Jul 2024 19:13:49 INFO  epoch 41 evaluating [time: 1.62s, valid_score: 0.102000]
Wed 10 Jul 2024 19:13:49 INFO  valid result: 
recall@10 : 0.061    recall@20 : 0.102    ndcg@10 : 0.051    ndcg@20 : 0.068    mrr@10 : 0.096    mrr@20 : 0.104    hit@10 : 0.259    hit@20 : 0.386    precision@10 : 0.03    precision@20 : 0.025
Wed 10 Jul 2024 19:13:51 INFO  epoch 42 training [time: 1.81s, train loss: 10.8984]
Wed 10 Jul 2024 19:13:53 INFO  epoch 42 evaluating [time: 1.94s, valid_score: 0.101000]
Wed 10 Jul 2024 19:13:53 INFO  valid result: 
recall@10 : 0.059    recall@20 : 0.101    ndcg@10 : 0.05    ndcg@20 : 0.068    mrr@10 : 0.095    mrr@20 : 0.104    hit@10 : 0.25    hit@20 : 0.385    precision@10 : 0.029    precision@20 : 0.025
Wed 10 Jul 2024 19:13:54 INFO  epoch 43 training [time: 1.82s, train loss: 10.8673]
Wed 10 Jul 2024 19:13:56 INFO  epoch 43 evaluating [time: 1.57s, valid_score: 0.099000]
Wed 10 Jul 2024 19:13:56 INFO  valid result: 
recall@10 : 0.062    recall@20 : 0.099    ndcg@10 : 0.051    ndcg@20 : 0.067    mrr@10 : 0.098    mrr@20 : 0.106    hit@10 : 0.261    hit@20 : 0.383    precision@10 : 0.03    precision@20 : 0.025
Wed 10 Jul 2024 19:13:58 INFO  epoch 44 training [time: 1.85s, train loss: 10.6421]
Wed 10 Jul 2024 19:14:00 INFO  epoch 44 evaluating [time: 1.77s, valid_score: 0.099000]
Wed 10 Jul 2024 19:14:00 INFO  valid result: 
recall@10 : 0.06    recall@20 : 0.099    ndcg@10 : 0.051    ndcg@20 : 0.067    mrr@10 : 0.097    mrr@20 : 0.106    hit@10 : 0.258    hit@20 : 0.382    precision@10 : 0.03    precision@20 : 0.025
Wed 10 Jul 2024 19:14:01 INFO  epoch 45 training [time: 1.83s, train loss: 10.6617]
Wed 10 Jul 2024 19:14:03 INFO  epoch 45 evaluating [time: 1.61s, valid_score: 0.099000]
Wed 10 Jul 2024 19:14:03 INFO  valid result: 
recall@10 : 0.061    recall@20 : 0.099    ndcg@10 : 0.051    ndcg@20 : 0.067    mrr@10 : 0.097    mrr@20 : 0.105    hit@10 : 0.26    hit@20 : 0.384    precision@10 : 0.03    precision@20 : 0.025
Wed 10 Jul 2024 19:14:05 INFO  epoch 46 training [time: 1.83s, train loss: 10.5319]
Wed 10 Jul 2024 19:14:07 INFO  epoch 46 evaluating [time: 1.76s, valid_score: 0.099000]
Wed 10 Jul 2024 19:14:07 INFO  valid result: 
recall@10 : 0.061    recall@20 : 0.099    ndcg@10 : 0.051    ndcg@20 : 0.067    mrr@10 : 0.095    mrr@20 : 0.103    hit@10 : 0.263    hit@20 : 0.378    precision@10 : 0.03    precision@20 : 0.025
Wed 10 Jul 2024 19:14:08 INFO  epoch 47 training [time: 1.86s, train loss: 10.5519]
Wed 10 Jul 2024 19:14:10 INFO  epoch 47 evaluating [time: 1.63s, valid_score: 0.097000]
Wed 10 Jul 2024 19:14:10 INFO  valid result: 
recall@10 : 0.06    recall@20 : 0.097    ndcg@10 : 0.05    ndcg@20 : 0.066    mrr@10 : 0.095    mrr@20 : 0.103    hit@10 : 0.258    hit@20 : 0.37    precision@10 : 0.03    precision@20 : 0.024
Wed 10 Jul 2024 19:14:12 INFO  epoch 48 training [time: 1.78s, train loss: 10.4633]
Wed 10 Jul 2024 19:14:14 INFO  epoch 48 evaluating [time: 1.84s, valid_score: 0.099000]
Wed 10 Jul 2024 19:14:14 INFO  valid result: 
recall@10 : 0.06    recall@20 : 0.099    ndcg@10 : 0.05    ndcg@20 : 0.067    mrr@10 : 0.094    mrr@20 : 0.103    hit@10 : 0.256    hit@20 : 0.375    precision@10 : 0.03    precision@20 : 0.024
Wed 10 Jul 2024 19:14:16 INFO  epoch 49 training [time: 1.81s, train loss: 10.4512]
Wed 10 Jul 2024 19:14:17 INFO  epoch 49 evaluating [time: 1.63s, valid_score: 0.097000]
Wed 10 Jul 2024 19:14:17 INFO  valid result: 
recall@10 : 0.061    recall@20 : 0.097    ndcg@10 : 0.05    ndcg@20 : 0.065    mrr@10 : 0.092    mrr@20 : 0.099    hit@10 : 0.258    hit@20 : 0.366    precision@10 : 0.03    precision@20 : 0.024
Wed 10 Jul 2024 19:14:19 INFO  epoch 50 training [time: 1.81s, train loss: 10.3144]
Wed 10 Jul 2024 19:14:21 INFO  epoch 50 evaluating [time: 1.63s, valid_score: 0.098000]
Wed 10 Jul 2024 19:14:21 INFO  valid result: 
recall@10 : 0.06    recall@20 : 0.098    ndcg@10 : 0.049    ndcg@20 : 0.065    mrr@10 : 0.089    mrr@20 : 0.096    hit@10 : 0.253    hit@20 : 0.367    precision@10 : 0.03    precision@20 : 0.024
Wed 10 Jul 2024 19:14:23 INFO  epoch 51 training [time: 1.95s, train loss: 10.2421]
Wed 10 Jul 2024 19:14:24 INFO  epoch 51 evaluating [time: 1.57s, valid_score: 0.096000]
Wed 10 Jul 2024 19:14:24 INFO  valid result: 
recall@10 : 0.059    recall@20 : 0.096    ndcg@10 : 0.048    ndcg@20 : 0.064    mrr@10 : 0.088    mrr@20 : 0.096    hit@10 : 0.255    hit@20 : 0.365    precision@10 : 0.03    precision@20 : 0.024
Wed 10 Jul 2024 19:14:26 INFO  epoch 52 training [time: 1.85s, train loss: 10.2282]
Wed 10 Jul 2024 19:14:28 INFO  epoch 52 evaluating [time: 1.69s, valid_score: 0.095000]
Wed 10 Jul 2024 19:14:28 INFO  valid result: 
recall@10 : 0.058    recall@20 : 0.095    ndcg@10 : 0.048    ndcg@20 : 0.063    mrr@10 : 0.087    mrr@20 : 0.095    hit@10 : 0.247    hit@20 : 0.366    precision@10 : 0.029    precision@20 : 0.024
Wed 10 Jul 2024 19:14:29 INFO  epoch 53 training [time: 1.82s, train loss: 10.1594]
Wed 10 Jul 2024 19:14:31 INFO  epoch 53 evaluating [time: 1.74s, valid_score: 0.093000]
Wed 10 Jul 2024 19:14:31 INFO  valid result: 
recall@10 : 0.057    recall@20 : 0.093    ndcg@10 : 0.047    ndcg@20 : 0.063    mrr@10 : 0.087    mrr@20 : 0.096    hit@10 : 0.241    hit@20 : 0.366    precision@10 : 0.028    precision@20 : 0.023
Wed 10 Jul 2024 19:14:33 INFO  epoch 54 training [time: 1.95s, train loss: 10.1133]
Wed 10 Jul 2024 19:14:35 INFO  epoch 54 evaluating [time: 1.70s, valid_score: 0.095000]
Wed 10 Jul 2024 19:14:35 INFO  valid result: 
recall@10 : 0.056    recall@20 : 0.095    ndcg@10 : 0.046    ndcg@20 : 0.062    mrr@10 : 0.083    mrr@20 : 0.092    hit@10 : 0.233    hit@20 : 0.37    precision@10 : 0.028    precision@20 : 0.024
Wed 10 Jul 2024 19:14:37 INFO  epoch 55 training [time: 1.93s, train loss: 10.0048]
Wed 10 Jul 2024 19:14:38 INFO  epoch 55 evaluating [time: 1.63s, valid_score: 0.096000]
Wed 10 Jul 2024 19:14:38 INFO  valid result: 
recall@10 : 0.058    recall@20 : 0.096    ndcg@10 : 0.046    ndcg@20 : 0.063    mrr@10 : 0.084    mrr@20 : 0.093    hit@10 : 0.245    hit@20 : 0.373    precision@10 : 0.029    precision@20 : 0.024
Wed 10 Jul 2024 19:14:40 INFO  epoch 56 training [time: 1.87s, train loss: 10.0214]
Wed 10 Jul 2024 19:14:42 INFO  epoch 56 evaluating [time: 1.77s, valid_score: 0.098000]
Wed 10 Jul 2024 19:14:42 INFO  valid result: 
recall@10 : 0.059    recall@20 : 0.098    ndcg@10 : 0.047    ndcg@20 : 0.063    mrr@10 : 0.083    mrr@20 : 0.092    hit@10 : 0.246    hit@20 : 0.381    precision@10 : 0.029    precision@20 : 0.024
Wed 10 Jul 2024 19:14:44 INFO  epoch 57 training [time: 1.80s, train loss: 9.9792]
Wed 10 Jul 2024 19:14:46 INFO  epoch 57 evaluating [time: 1.66s, valid_score: 0.096000]
Wed 10 Jul 2024 19:14:46 INFO  valid result: 
recall@10 : 0.059    recall@20 : 0.096    ndcg@10 : 0.047    ndcg@20 : 0.063    mrr@10 : 0.084    mrr@20 : 0.092    hit@10 : 0.244    hit@20 : 0.377    precision@10 : 0.029    precision@20 : 0.024
Wed 10 Jul 2024 19:14:47 INFO  epoch 58 training [time: 1.84s, train loss: 9.8478]
Wed 10 Jul 2024 19:14:49 INFO  epoch 58 evaluating [time: 1.70s, valid_score: 0.099000]
Wed 10 Jul 2024 19:14:49 INFO  valid result: 
recall@10 : 0.057    recall@20 : 0.099    ndcg@10 : 0.046    ndcg@20 : 0.064    mrr@10 : 0.084    mrr@20 : 0.094    hit@10 : 0.24    hit@20 : 0.386    precision@10 : 0.028    precision@20 : 0.025
Wed 10 Jul 2024 19:14:51 INFO  epoch 59 training [time: 1.88s, train loss: 9.9435]
Wed 10 Jul 2024 19:14:53 INFO  epoch 59 evaluating [time: 1.83s, valid_score: 0.097000]
Wed 10 Jul 2024 19:14:53 INFO  valid result: 
recall@10 : 0.058    recall@20 : 0.097    ndcg@10 : 0.048    ndcg@20 : 0.064    mrr@10 : 0.087    mrr@20 : 0.096    hit@10 : 0.243    hit@20 : 0.373    precision@10 : 0.029    precision@20 : 0.024
Wed 10 Jul 2024 19:14:55 INFO  epoch 60 training [time: 1.84s, train loss: 9.9090]
Wed 10 Jul 2024 19:14:57 INFO  epoch 60 evaluating [time: 2.13s, valid_score: 0.097000]
Wed 10 Jul 2024 19:14:57 INFO  valid result: 
recall@10 : 0.058    recall@20 : 0.097    ndcg@10 : 0.048    ndcg@20 : 0.064    mrr@10 : 0.087    mrr@20 : 0.096    hit@10 : 0.246    hit@20 : 0.374    precision@10 : 0.029    precision@20 : 0.024
Wed 10 Jul 2024 19:14:59 INFO  epoch 61 training [time: 1.80s, train loss: 9.8233]
Wed 10 Jul 2024 19:15:00 INFO  epoch 61 evaluating [time: 1.60s, valid_score: 0.095000]
Wed 10 Jul 2024 19:15:00 INFO  valid result: 
recall@10 : 0.056    recall@20 : 0.095    ndcg@10 : 0.047    ndcg@20 : 0.063    mrr@10 : 0.088    mrr@20 : 0.097    hit@10 : 0.239    hit@20 : 0.368    precision@10 : 0.028    precision@20 : 0.024
Wed 10 Jul 2024 19:15:02 INFO  epoch 62 training [time: 1.86s, train loss: 9.7807]
Wed 10 Jul 2024 19:15:04 INFO  epoch 62 evaluating [time: 1.92s, valid_score: 0.095000]
Wed 10 Jul 2024 19:15:04 INFO  valid result: 
recall@10 : 0.056    recall@20 : 0.095    ndcg@10 : 0.047    ndcg@20 : 0.063    mrr@10 : 0.088    mrr@20 : 0.096    hit@10 : 0.238    hit@20 : 0.361    precision@10 : 0.028    precision@20 : 0.023
Wed 10 Jul 2024 19:15:06 INFO  epoch 63 training [time: 1.95s, train loss: 9.7930]
Wed 10 Jul 2024 19:15:08 INFO  epoch 63 evaluating [time: 1.62s, valid_score: 0.095000]
Wed 10 Jul 2024 19:15:08 INFO  valid result: 
recall@10 : 0.056    recall@20 : 0.095    ndcg@10 : 0.047    ndcg@20 : 0.063    mrr@10 : 0.088    mrr@20 : 0.097    hit@10 : 0.236    hit@20 : 0.365    precision@10 : 0.028    precision@20 : 0.024
Wed 10 Jul 2024 19:15:09 INFO  epoch 64 training [time: 1.88s, train loss: 9.7888]
Wed 10 Jul 2024 19:15:11 INFO  epoch 64 evaluating [time: 2.02s, valid_score: 0.095000]
Wed 10 Jul 2024 19:15:11 INFO  valid result: 
recall@10 : 0.056    recall@20 : 0.095    ndcg@10 : 0.046    ndcg@20 : 0.063    mrr@10 : 0.086    mrr@20 : 0.095    hit@10 : 0.236    hit@20 : 0.365    precision@10 : 0.028    precision@20 : 0.023
Wed 10 Jul 2024 19:15:13 INFO  epoch 65 training [time: 1.82s, train loss: 9.7450]
Wed 10 Jul 2024 19:15:15 INFO  epoch 65 evaluating [time: 1.64s, valid_score: 0.096000]
Wed 10 Jul 2024 19:15:15 INFO  valid result: 
recall@10 : 0.057    recall@20 : 0.096    ndcg@10 : 0.047    ndcg@20 : 0.064    mrr@10 : 0.089    mrr@20 : 0.098    hit@10 : 0.242    hit@20 : 0.369    precision@10 : 0.028    precision@20 : 0.024
Wed 10 Jul 2024 19:15:17 INFO  epoch 66 training [time: 1.82s, train loss: 9.7459]
Wed 10 Jul 2024 19:15:19 INFO  epoch 66 evaluating [time: 1.85s, valid_score: 0.092000]
Wed 10 Jul 2024 19:15:19 INFO  valid result: 
recall@10 : 0.056    recall@20 : 0.092    ndcg@10 : 0.046    ndcg@20 : 0.062    mrr@10 : 0.086    mrr@20 : 0.095    hit@10 : 0.235    hit@20 : 0.361    precision@10 : 0.028    precision@20 : 0.023
Wed 10 Jul 2024 19:15:20 INFO  epoch 67 training [time: 1.79s, train loss: 9.6609]
Wed 10 Jul 2024 19:15:22 INFO  epoch 67 evaluating [time: 1.60s, valid_score: 0.094000]
Wed 10 Jul 2024 19:15:22 INFO  valid result: 
recall@10 : 0.056    recall@20 : 0.094    ndcg@10 : 0.047    ndcg@20 : 0.063    mrr@10 : 0.088    mrr@20 : 0.097    hit@10 : 0.237    hit@20 : 0.361    precision@10 : 0.028    precision@20 : 0.023
Wed 10 Jul 2024 19:15:24 INFO  epoch 68 training [time: 1.83s, train loss: 9.6717]
Wed 10 Jul 2024 19:15:26 INFO  epoch 68 evaluating [time: 1.78s, valid_score: 0.093000]
Wed 10 Jul 2024 19:15:26 INFO  valid result: 
recall@10 : 0.057    recall@20 : 0.093    ndcg@10 : 0.048    ndcg@20 : 0.063    mrr@10 : 0.089    mrr@20 : 0.098    hit@10 : 0.237    hit@20 : 0.359    precision@10 : 0.028    precision@20 : 0.023
Wed 10 Jul 2024 19:15:27 INFO  epoch 69 training [time: 1.80s, train loss: 9.6896]
Wed 10 Jul 2024 19:15:29 INFO  epoch 69 evaluating [time: 1.65s, valid_score: 0.092000]
Wed 10 Jul 2024 19:15:29 INFO  valid result: 
recall@10 : 0.056    recall@20 : 0.092    ndcg@10 : 0.047    ndcg@20 : 0.062    mrr@10 : 0.087    mrr@20 : 0.095    hit@10 : 0.238    hit@20 : 0.358    precision@10 : 0.028    precision@20 : 0.023
Wed 10 Jul 2024 19:15:31 INFO  epoch 70 training [time: 1.83s, train loss: 9.5859]
Wed 10 Jul 2024 19:15:33 INFO  epoch 70 evaluating [time: 1.94s, valid_score: 0.092000]
Wed 10 Jul 2024 19:15:33 INFO  valid result: 
recall@10 : 0.056    recall@20 : 0.092    ndcg@10 : 0.046    ndcg@20 : 0.062    mrr@10 : 0.087    mrr@20 : 0.095    hit@10 : 0.234    hit@20 : 0.35    precision@10 : 0.028    precision@20 : 0.023
Wed 10 Jul 2024 19:15:35 INFO  epoch 71 training [time: 1.80s, train loss: 9.5860]
Wed 10 Jul 2024 19:15:36 INFO  epoch 71 evaluating [time: 1.64s, valid_score: 0.092000]
Wed 10 Jul 2024 19:15:36 INFO  valid result: 
recall@10 : 0.056    recall@20 : 0.092    ndcg@10 : 0.047    ndcg@20 : 0.062    mrr@10 : 0.086    mrr@20 : 0.095    hit@10 : 0.23    hit@20 : 0.354    precision@10 : 0.028    precision@20 : 0.023
Wed 10 Jul 2024 19:15:38 INFO  epoch 72 training [time: 1.84s, train loss: 9.5691]
Wed 10 Jul 2024 19:15:40 INFO  epoch 72 evaluating [time: 1.74s, valid_score: 0.092000]
Wed 10 Jul 2024 19:15:40 INFO  valid result: 
recall@10 : 0.055    recall@20 : 0.092    ndcg@10 : 0.046    ndcg@20 : 0.062    mrr@10 : 0.085    mrr@20 : 0.094    hit@10 : 0.227    hit@20 : 0.355    precision@10 : 0.027    precision@20 : 0.023
Wed 10 Jul 2024 19:15:42 INFO  epoch 73 training [time: 1.86s, train loss: 9.5080]
Wed 10 Jul 2024 19:15:43 INFO  epoch 73 evaluating [time: 1.61s, valid_score: 0.094000]
Wed 10 Jul 2024 19:15:43 INFO  valid result: 
recall@10 : 0.055    recall@20 : 0.094    ndcg@10 : 0.045    ndcg@20 : 0.061    mrr@10 : 0.082    mrr@20 : 0.091    hit@10 : 0.227    hit@20 : 0.36    precision@10 : 0.027    precision@20 : 0.023
Wed 10 Jul 2024 19:15:45 INFO  epoch 74 training [time: 1.88s, train loss: 9.4915]
Wed 10 Jul 2024 19:15:47 INFO  epoch 74 evaluating [time: 1.72s, valid_score: 0.094000]
Wed 10 Jul 2024 19:15:47 INFO  valid result: 
recall@10 : 0.056    recall@20 : 0.094    ndcg@10 : 0.046    ndcg@20 : 0.062    mrr@10 : 0.083    mrr@20 : 0.092    hit@10 : 0.23    hit@20 : 0.359    precision@10 : 0.028    precision@20 : 0.023
Wed 10 Jul 2024 19:15:49 INFO  epoch 75 training [time: 1.92s, train loss: 9.5157]
Wed 10 Jul 2024 19:15:50 INFO  epoch 75 evaluating [time: 1.60s, valid_score: 0.092000]
Wed 10 Jul 2024 19:15:50 INFO  valid result: 
recall@10 : 0.055    recall@20 : 0.092    ndcg@10 : 0.046    ndcg@20 : 0.062    mrr@10 : 0.085    mrr@20 : 0.094    hit@10 : 0.232    hit@20 : 0.356    precision@10 : 0.028    precision@20 : 0.023
Wed 10 Jul 2024 19:15:52 INFO  epoch 76 training [time: 1.90s, train loss: 9.5021]
Wed 10 Jul 2024 19:15:54 INFO  epoch 76 evaluating [time: 1.93s, valid_score: 0.093000]
Wed 10 Jul 2024 19:15:54 INFO  valid result: 
recall@10 : 0.056    recall@20 : 0.093    ndcg@10 : 0.047    ndcg@20 : 0.062    mrr@10 : 0.086    mrr@20 : 0.095    hit@10 : 0.23    hit@20 : 0.357    precision@10 : 0.028    precision@20 : 0.023
Wed 10 Jul 2024 19:15:56 INFO  epoch 77 training [time: 1.83s, train loss: 9.4563]
Wed 10 Jul 2024 19:15:58 INFO  epoch 77 evaluating [time: 1.62s, valid_score: 0.093000]
Wed 10 Jul 2024 19:15:58 INFO  valid result: 
recall@10 : 0.056    recall@20 : 0.093    ndcg@10 : 0.046    ndcg@20 : 0.062    mrr@10 : 0.085    mrr@20 : 0.093    hit@10 : 0.232    hit@20 : 0.353    precision@10 : 0.028    precision@20 : 0.023
Wed 10 Jul 2024 19:16:00 INFO  epoch 78 training [time: 1.86s, train loss: 9.4181]
Wed 10 Jul 2024 19:16:01 INFO  epoch 78 evaluating [time: 1.75s, valid_score: 0.092000]
Wed 10 Jul 2024 19:16:01 INFO  valid result: 
recall@10 : 0.057    recall@20 : 0.092    ndcg@10 : 0.046    ndcg@20 : 0.061    mrr@10 : 0.084    mrr@20 : 0.092    hit@10 : 0.234    hit@20 : 0.354    precision@10 : 0.028    precision@20 : 0.023
Wed 10 Jul 2024 19:16:03 INFO  epoch 79 training [time: 1.79s, train loss: 9.4349]
Wed 10 Jul 2024 19:16:05 INFO  epoch 79 evaluating [time: 1.64s, valid_score: 0.094000]
Wed 10 Jul 2024 19:16:05 INFO  valid result: 
recall@10 : 0.055    recall@20 : 0.094    ndcg@10 : 0.046    ndcg@20 : 0.062    mrr@10 : 0.083    mrr@20 : 0.093    hit@10 : 0.228    hit@20 : 0.358    precision@10 : 0.027    precision@20 : 0.023
Wed 10 Jul 2024 19:16:07 INFO  epoch 80 training [time: 1.85s, train loss: 9.4291]
Wed 10 Jul 2024 19:16:08 INFO  epoch 80 evaluating [time: 1.70s, valid_score: 0.093000]
Wed 10 Jul 2024 19:16:08 INFO  valid result: 
recall@10 : 0.057    recall@20 : 0.093    ndcg@10 : 0.047    ndcg@20 : 0.062    mrr@10 : 0.086    mrr@20 : 0.094    hit@10 : 0.233    hit@20 : 0.359    precision@10 : 0.028    precision@20 : 0.023
Wed 10 Jul 2024 19:16:10 INFO  epoch 81 training [time: 1.80s, train loss: 9.3898]
Wed 10 Jul 2024 19:16:12 INFO  epoch 81 evaluating [time: 1.60s, valid_score: 0.093000]
Wed 10 Jul 2024 19:16:12 INFO  valid result: 
recall@10 : 0.056    recall@20 : 0.093    ndcg@10 : 0.047    ndcg@20 : 0.062    mrr@10 : 0.085    mrr@20 : 0.094    hit@10 : 0.233    hit@20 : 0.361    precision@10 : 0.028    precision@20 : 0.023
Wed 10 Jul 2024 19:16:13 INFO  epoch 82 training [time: 1.81s, train loss: 9.3751]
Wed 10 Jul 2024 19:16:15 INFO  epoch 82 evaluating [time: 1.67s, valid_score: 0.092000]
Wed 10 Jul 2024 19:16:15 INFO  valid result: 
recall@10 : 0.057    recall@20 : 0.092    ndcg@10 : 0.047    ndcg@20 : 0.062    mrr@10 : 0.087    mrr@20 : 0.095    hit@10 : 0.235    hit@20 : 0.352    precision@10 : 0.028    precision@20 : 0.023
Wed 10 Jul 2024 19:16:17 INFO  epoch 83 training [time: 1.84s, train loss: 9.3664]
Wed 10 Jul 2024 19:16:19 INFO  epoch 83 evaluating [time: 1.63s, valid_score: 0.093000]
Wed 10 Jul 2024 19:16:19 INFO  valid result: 
recall@10 : 0.057    recall@20 : 0.093    ndcg@10 : 0.047    ndcg@20 : 0.062    mrr@10 : 0.088    mrr@20 : 0.096    hit@10 : 0.233    hit@20 : 0.354    precision@10 : 0.028    precision@20 : 0.023
Wed 10 Jul 2024 19:16:20 INFO  epoch 84 training [time: 1.84s, train loss: 9.3359]
Wed 10 Jul 2024 19:16:22 INFO  epoch 84 evaluating [time: 1.67s, valid_score: 0.094000]
Wed 10 Jul 2024 19:16:22 INFO  valid result: 
recall@10 : 0.058    recall@20 : 0.094    ndcg@10 : 0.048    ndcg@20 : 0.063    mrr@10 : 0.089    mrr@20 : 0.098    hit@10 : 0.238    hit@20 : 0.359    precision@10 : 0.029    precision@20 : 0.023
Wed 10 Jul 2024 19:16:24 INFO  epoch 85 training [time: 1.84s, train loss: 9.3052]
Wed 10 Jul 2024 19:16:26 INFO  epoch 85 evaluating [time: 1.65s, valid_score: 0.094000]
Wed 10 Jul 2024 19:16:26 INFO  valid result: 
recall@10 : 0.056    recall@20 : 0.094    ndcg@10 : 0.047    ndcg@20 : 0.063    mrr@10 : 0.086    mrr@20 : 0.094    hit@10 : 0.234    hit@20 : 0.358    precision@10 : 0.028    precision@20 : 0.023
Wed 10 Jul 2024 19:16:27 INFO  epoch 86 training [time: 1.79s, train loss: 9.2940]
Wed 10 Jul 2024 19:16:29 INFO  epoch 86 evaluating [time: 1.61s, valid_score: 0.093000]
Wed 10 Jul 2024 19:16:29 INFO  valid result: 
recall@10 : 0.056    recall@20 : 0.093    ndcg@10 : 0.047    ndcg@20 : 0.063    mrr@10 : 0.087    mrr@20 : 0.096    hit@10 : 0.233    hit@20 : 0.357    precision@10 : 0.028    precision@20 : 0.023
Wed 10 Jul 2024 19:16:31 INFO  epoch 87 training [time: 1.98s, train loss: 9.2637]
Wed 10 Jul 2024 19:16:33 INFO  epoch 87 evaluating [time: 1.71s, valid_score: 0.093000]
Wed 10 Jul 2024 19:16:33 INFO  valid result: 
recall@10 : 0.055    recall@20 : 0.093    ndcg@10 : 0.046    ndcg@20 : 0.062    mrr@10 : 0.085    mrr@20 : 0.094    hit@10 : 0.229    hit@20 : 0.359    precision@10 : 0.027    precision@20 : 0.023
Wed 10 Jul 2024 19:16:35 INFO  epoch 88 training [time: 1.86s, train loss: 9.2744]
Wed 10 Jul 2024 19:16:36 INFO  epoch 88 evaluating [time: 1.60s, valid_score: 0.094000]
Wed 10 Jul 2024 19:16:36 INFO  valid result: 
recall@10 : 0.056    recall@20 : 0.094    ndcg@10 : 0.047    ndcg@20 : 0.063    mrr@10 : 0.087    mrr@20 : 0.096    hit@10 : 0.23    hit@20 : 0.361    precision@10 : 0.028    precision@20 : 0.023
Wed 10 Jul 2024 19:16:38 INFO  epoch 89 training [time: 1.84s, train loss: 9.2891]
Wed 10 Jul 2024 19:16:40 INFO  epoch 89 evaluating [time: 1.80s, valid_score: 0.091000]
Wed 10 Jul 2024 19:16:40 INFO  valid result: 
recall@10 : 0.056    recall@20 : 0.091    ndcg@10 : 0.047    ndcg@20 : 0.062    mrr@10 : 0.089    mrr@20 : 0.097    hit@10 : 0.235    hit@20 : 0.352    precision@10 : 0.028    precision@20 : 0.022
Wed 10 Jul 2024 19:16:42 INFO  epoch 90 training [time: 1.86s, train loss: 9.2796]
Wed 10 Jul 2024 19:16:43 INFO  epoch 90 evaluating [time: 1.66s, valid_score: 0.093000]
Wed 10 Jul 2024 19:16:43 INFO  valid result: 
recall@10 : 0.057    recall@20 : 0.093    ndcg@10 : 0.047    ndcg@20 : 0.063    mrr@10 : 0.088    mrr@20 : 0.096    hit@10 : 0.236    hit@20 : 0.363    precision@10 : 0.028    precision@20 : 0.023
Wed 10 Jul 2024 19:16:45 INFO  epoch 91 training [time: 1.78s, train loss: 9.2796]
Wed 10 Jul 2024 19:16:47 INFO  epoch 91 evaluating [time: 1.62s, valid_score: 0.094000]
Wed 10 Jul 2024 19:16:47 INFO  valid result: 
recall@10 : 0.057    recall@20 : 0.094    ndcg@10 : 0.047    ndcg@20 : 0.063    mrr@10 : 0.087    mrr@20 : 0.096    hit@10 : 0.237    hit@20 : 0.36    precision@10 : 0.028    precision@20 : 0.023
Wed 10 Jul 2024 19:16:49 INFO  epoch 92 training [time: 1.81s, train loss: 9.2576]
Wed 10 Jul 2024 19:16:50 INFO  epoch 92 evaluating [time: 1.58s, valid_score: 0.095000]
Wed 10 Jul 2024 19:16:50 INFO  valid result: 
recall@10 : 0.057    recall@20 : 0.095    ndcg@10 : 0.047    ndcg@20 : 0.063    mrr@10 : 0.088    mrr@20 : 0.096    hit@10 : 0.241    hit@20 : 0.361    precision@10 : 0.028    precision@20 : 0.023
Wed 10 Jul 2024 19:16:52 INFO  epoch 93 training [time: 1.85s, train loss: 9.2175]
Wed 10 Jul 2024 19:16:54 INFO  epoch 93 evaluating [time: 1.60s, valid_score: 0.094000]
Wed 10 Jul 2024 19:16:54 INFO  valid result: 
recall@10 : 0.056    recall@20 : 0.094    ndcg@10 : 0.047    ndcg@20 : 0.063    mrr@10 : 0.087    mrr@20 : 0.096    hit@10 : 0.237    hit@20 : 0.36    precision@10 : 0.028    precision@20 : 0.023
Wed 10 Jul 2024 19:16:55 INFO  epoch 94 training [time: 1.83s, train loss: 9.2039]
Wed 10 Jul 2024 19:16:57 INFO  epoch 94 evaluating [time: 1.58s, valid_score: 0.094000]
Wed 10 Jul 2024 19:16:57 INFO  valid result: 
recall@10 : 0.056    recall@20 : 0.094    ndcg@10 : 0.046    ndcg@20 : 0.062    mrr@10 : 0.086    mrr@20 : 0.095    hit@10 : 0.234    hit@20 : 0.362    precision@10 : 0.028    precision@20 : 0.023
Wed 10 Jul 2024 19:16:59 INFO  epoch 95 training [time: 1.76s, train loss: 9.2376]
Wed 10 Jul 2024 19:17:00 INFO  epoch 95 evaluating [time: 1.68s, valid_score: 0.093000]
Wed 10 Jul 2024 19:17:00 INFO  valid result: 
recall@10 : 0.056    recall@20 : 0.093    ndcg@10 : 0.046    ndcg@20 : 0.062    mrr@10 : 0.086    mrr@20 : 0.095    hit@10 : 0.232    hit@20 : 0.361    precision@10 : 0.028    precision@20 : 0.023
Wed 10 Jul 2024 19:17:02 INFO  epoch 96 training [time: 1.84s, train loss: 9.1119]
Wed 10 Jul 2024 19:17:04 INFO  epoch 96 evaluating [time: 1.82s, valid_score: 0.092000]
Wed 10 Jul 2024 19:17:04 INFO  valid result: 
recall@10 : 0.056    recall@20 : 0.092    ndcg@10 : 0.047    ndcg@20 : 0.062    mrr@10 : 0.087    mrr@20 : 0.096    hit@10 : 0.239    hit@20 : 0.363    precision@10 : 0.028    precision@20 : 0.023
Wed 10 Jul 2024 19:17:06 INFO  epoch 97 training [time: 1.86s, train loss: 9.1951]
Wed 10 Jul 2024 19:17:08 INFO  epoch 97 evaluating [time: 1.65s, valid_score: 0.093000]
Wed 10 Jul 2024 19:17:08 INFO  valid result: 
recall@10 : 0.055    recall@20 : 0.093    ndcg@10 : 0.046    ndcg@20 : 0.062    mrr@10 : 0.086    mrr@20 : 0.095    hit@10 : 0.233    hit@20 : 0.364    precision@10 : 0.028    precision@20 : 0.023
Wed 10 Jul 2024 19:17:09 INFO  epoch 98 training [time: 1.87s, train loss: 9.2028]
Wed 10 Jul 2024 19:17:11 INFO  epoch 98 evaluating [time: 1.63s, valid_score: 0.095000]
Wed 10 Jul 2024 19:17:11 INFO  valid result: 
recall@10 : 0.055    recall@20 : 0.095    ndcg@10 : 0.046    ndcg@20 : 0.063    mrr@10 : 0.086    mrr@20 : 0.096    hit@10 : 0.234    hit@20 : 0.37    precision@10 : 0.027    precision@20 : 0.023
Wed 10 Jul 2024 19:17:13 INFO  epoch 99 training [time: 2.00s, train loss: 9.1626]
Wed 10 Jul 2024 19:17:15 INFO  epoch 99 evaluating [time: 1.74s, valid_score: 0.094000]
Wed 10 Jul 2024 19:17:15 INFO  valid result: 
recall@10 : 0.056    recall@20 : 0.094    ndcg@10 : 0.047    ndcg@20 : 0.062    mrr@10 : 0.086    mrr@20 : 0.094    hit@10 : 0.242    hit@20 : 0.366    precision@10 : 0.028    precision@20 : 0.023
Wed 10 Jul 2024 19:17:17 INFO  epoch 100 training [time: 1.83s, train loss: 9.1914]
Wed 10 Jul 2024 19:17:18 INFO  epoch 100 evaluating [time: 1.70s, valid_score: 0.093000]
Wed 10 Jul 2024 19:17:18 INFO  valid result: 
recall@10 : 0.056    recall@20 : 0.093    ndcg@10 : 0.047    ndcg@20 : 0.062    mrr@10 : 0.087    mrr@20 : 0.096    hit@10 : 0.237    hit@20 : 0.365    precision@10 : 0.028    precision@20 : 0.023
Wed 10 Jul 2024 19:17:20 INFO  epoch 101 training [time: 1.82s, train loss: 9.1088]
Wed 10 Jul 2024 19:17:22 INFO  epoch 101 evaluating [time: 1.69s, valid_score: 0.093000]
Wed 10 Jul 2024 19:17:22 INFO  valid result: 
recall@10 : 0.057    recall@20 : 0.093    ndcg@10 : 0.048    ndcg@20 : 0.063    mrr@10 : 0.089    mrr@20 : 0.098    hit@10 : 0.24    hit@20 : 0.363    precision@10 : 0.028    precision@20 : 0.023
Wed 10 Jul 2024 19:17:24 INFO  epoch 102 training [time: 1.85s, train loss: 9.1687]
Wed 10 Jul 2024 19:17:25 INFO  epoch 102 evaluating [time: 1.61s, valid_score: 0.094000]
Wed 10 Jul 2024 19:17:25 INFO  valid result: 
recall@10 : 0.056    recall@20 : 0.094    ndcg@10 : 0.047    ndcg@20 : 0.063    mrr@10 : 0.088    mrr@20 : 0.097    hit@10 : 0.238    hit@20 : 0.366    precision@10 : 0.028    precision@20 : 0.023
Wed 10 Jul 2024 19:17:27 INFO  epoch 103 training [time: 1.82s, train loss: 9.1140]
Wed 10 Jul 2024 19:17:29 INFO  epoch 103 evaluating [time: 1.63s, valid_score: 0.094000]
Wed 10 Jul 2024 19:17:29 INFO  valid result: 
recall@10 : 0.058    recall@20 : 0.094    ndcg@10 : 0.049    ndcg@20 : 0.064    mrr@10 : 0.091    mrr@20 : 0.1    hit@10 : 0.243    hit@20 : 0.366    precision@10 : 0.029    precision@20 : 0.023
Wed 10 Jul 2024 19:17:31 INFO  epoch 104 training [time: 1.83s, train loss: 9.1121]
Wed 10 Jul 2024 19:17:32 INFO  epoch 104 evaluating [time: 1.74s, valid_score: 0.095000]
Wed 10 Jul 2024 19:17:32 INFO  valid result: 
recall@10 : 0.058    recall@20 : 0.095    ndcg@10 : 0.049    ndcg@20 : 0.065    mrr@10 : 0.092    mrr@20 : 0.101    hit@10 : 0.243    hit@20 : 0.371    precision@10 : 0.029    precision@20 : 0.023
Wed 10 Jul 2024 19:17:34 INFO  epoch 105 training [time: 1.79s, train loss: 9.1129]
Wed 10 Jul 2024 19:17:36 INFO  epoch 105 evaluating [time: 1.65s, valid_score: 0.096000]
Wed 10 Jul 2024 19:17:36 INFO  valid result: 
recall@10 : 0.059    recall@20 : 0.096    ndcg@10 : 0.049    ndcg@20 : 0.065    mrr@10 : 0.091    mrr@20 : 0.1    hit@10 : 0.246    hit@20 : 0.373    precision@10 : 0.029    precision@20 : 0.024
Wed 10 Jul 2024 19:17:38 INFO  epoch 106 training [time: 1.86s, train loss: 9.0871]
Wed 10 Jul 2024 19:17:40 INFO  epoch 106 evaluating [time: 1.84s, valid_score: 0.096000]
Wed 10 Jul 2024 19:17:40 INFO  valid result: 
recall@10 : 0.058    recall@20 : 0.096    ndcg@10 : 0.049    ndcg@20 : 0.065    mrr@10 : 0.092    mrr@20 : 0.1    hit@10 : 0.245    hit@20 : 0.373    precision@10 : 0.029    precision@20 : 0.024
Wed 10 Jul 2024 19:17:41 INFO  epoch 107 training [time: 1.79s, train loss: 9.1014]
Wed 10 Jul 2024 19:17:43 INFO  epoch 107 evaluating [time: 1.61s, valid_score: 0.097000]
Wed 10 Jul 2024 19:17:43 INFO  valid result: 
recall@10 : 0.057    recall@20 : 0.097    ndcg@10 : 0.048    ndcg@20 : 0.065    mrr@10 : 0.091    mrr@20 : 0.101    hit@10 : 0.238    hit@20 : 0.379    precision@10 : 0.028    precision@20 : 0.024
Wed 10 Jul 2024 19:17:45 INFO  epoch 108 training [time: 1.89s, train loss: 9.1129]
Wed 10 Jul 2024 19:17:47 INFO  epoch 108 evaluating [time: 1.74s, valid_score: 0.095000]
Wed 10 Jul 2024 19:17:47 INFO  valid result: 
recall@10 : 0.057    recall@20 : 0.095    ndcg@10 : 0.048    ndcg@20 : 0.064    mrr@10 : 0.089    mrr@20 : 0.098    hit@10 : 0.237    hit@20 : 0.372    precision@10 : 0.028    precision@20 : 0.024
Wed 10 Jul 2024 19:17:48 INFO  epoch 109 training [time: 1.82s, train loss: 9.0932]
Wed 10 Jul 2024 19:17:50 INFO  epoch 109 evaluating [time: 1.61s, valid_score: 0.096000]
Wed 10 Jul 2024 19:17:50 INFO  valid result: 
recall@10 : 0.057    recall@20 : 0.096    ndcg@10 : 0.048    ndcg@20 : 0.064    mrr@10 : 0.089    mrr@20 : 0.099    hit@10 : 0.235    hit@20 : 0.377    precision@10 : 0.028    precision@20 : 0.024
Wed 10 Jul 2024 19:17:52 INFO  epoch 110 training [time: 1.85s, train loss: 9.0522]
Wed 10 Jul 2024 19:17:54 INFO  epoch 110 evaluating [time: 1.82s, valid_score: 0.096000]
Wed 10 Jul 2024 19:17:54 INFO  valid result: 
recall@10 : 0.057    recall@20 : 0.096    ndcg@10 : 0.048    ndcg@20 : 0.065    mrr@10 : 0.091    mrr@20 : 0.101    hit@10 : 0.24    hit@20 : 0.381    precision@10 : 0.028    precision@20 : 0.024
Wed 10 Jul 2024 19:17:56 INFO  epoch 111 training [time: 1.92s, train loss: 9.0197]
Wed 10 Jul 2024 19:17:57 INFO  epoch 111 evaluating [time: 1.56s, valid_score: 0.096000]
Wed 10 Jul 2024 19:17:57 INFO  valid result: 
recall@10 : 0.056    recall@20 : 0.096    ndcg@10 : 0.048    ndcg@20 : 0.065    mrr@10 : 0.093    mrr@20 : 0.102    hit@10 : 0.236    hit@20 : 0.375    precision@10 : 0.028    precision@20 : 0.024
Wed 10 Jul 2024 19:17:59 INFO  epoch 112 training [time: 1.80s, train loss: 9.0561]
Wed 10 Jul 2024 19:18:01 INFO  epoch 112 evaluating [time: 1.81s, valid_score: 0.096000]
Wed 10 Jul 2024 19:18:01 INFO  valid result: 
recall@10 : 0.057    recall@20 : 0.096    ndcg@10 : 0.049    ndcg@20 : 0.065    mrr@10 : 0.093    mrr@20 : 0.102    hit@10 : 0.241    hit@20 : 0.373    precision@10 : 0.028    precision@20 : 0.024
Wed 10 Jul 2024 19:18:03 INFO  epoch 113 training [time: 1.83s, train loss: 9.0468]
Wed 10 Jul 2024 19:18:04 INFO  epoch 113 evaluating [time: 1.88s, valid_score: 0.095000]
Wed 10 Jul 2024 19:18:04 INFO  valid result: 
recall@10 : 0.058    recall@20 : 0.095    ndcg@10 : 0.049    ndcg@20 : 0.065    mrr@10 : 0.092    mrr@20 : 0.101    hit@10 : 0.246    hit@20 : 0.373    precision@10 : 0.029    precision@20 : 0.024
Wed 10 Jul 2024 19:18:06 INFO  epoch 114 training [time: 1.97s, train loss: 9.0361]
Wed 10 Jul 2024 19:18:08 INFO  epoch 114 evaluating [time: 1.64s, valid_score: 0.096000]
Wed 10 Jul 2024 19:18:08 INFO  valid result: 
recall@10 : 0.057    recall@20 : 0.096    ndcg@10 : 0.049    ndcg@20 : 0.065    mrr@10 : 0.092    mrr@20 : 0.101    hit@10 : 0.241    hit@20 : 0.37    precision@10 : 0.029    precision@20 : 0.024
Wed 10 Jul 2024 19:18:10 INFO  epoch 115 training [time: 1.82s, train loss: 9.0234]
Wed 10 Jul 2024 19:18:11 INFO  epoch 115 evaluating [time: 1.58s, valid_score: 0.097000]
Wed 10 Jul 2024 19:18:11 INFO  valid result: 
recall@10 : 0.057    recall@20 : 0.097    ndcg@10 : 0.049    ndcg@20 : 0.066    mrr@10 : 0.094    mrr@20 : 0.103    hit@10 : 0.241    hit@20 : 0.371    precision@10 : 0.028    precision@20 : 0.024
Wed 10 Jul 2024 19:18:13 INFO  epoch 116 training [time: 1.88s, train loss: 9.0267]
Wed 10 Jul 2024 19:18:15 INFO  epoch 116 evaluating [time: 1.98s, valid_score: 0.097000]
Wed 10 Jul 2024 19:18:15 INFO  valid result: 
recall@10 : 0.057    recall@20 : 0.097    ndcg@10 : 0.049    ndcg@20 : 0.066    mrr@10 : 0.094    mrr@20 : 0.103    hit@10 : 0.242    hit@20 : 0.369    precision@10 : 0.028    precision@20 : 0.024
Wed 10 Jul 2024 19:18:18 INFO  epoch 117 training [time: 2.54s, train loss: 8.9897]
