Wed 10 Jul 2024 17:46:20 INFO  ['run_recbole.py', '--model=ANS', '--dataset=lastfm']
Wed 10 Jul 2024 17:46:20 INFO  
General Hyper Parameters:
gpu_id = 0
use_gpu = True
seed = 2020
state = INFO
reproducibility = True
data_path = dataset/lastfm
checkpoint_dir = saved
show_progress = True
save_dataset = False
dataset_save_path = None
save_dataloaders = False
dataloaders_save_path = None
log_wandb = False

Training Hyper Parameters:
epochs = 500
train_batch_size = 4096
learner = adam
learning_rate = 0.0001
train_neg_sample_args = {'distribution': 'uniform', 'sample_num': 1, 'alpha': 1.0, 'dynamic': False, 'candidate_num': 0}
eval_step = 1
stopping_step = 10
clip_grad_norm = None
weight_decay = 0.0
loss_decimal_place = 4

Evaluation Hyper Parameters:
eval_args = {'split': {'RS': [0.8, 0.1, 0.1]}, 'group_by': 'user', 'order': 'RO', 'mode': 'full'}
repeatable = False
metrics = ['Recall', 'NDCG', 'MRR', 'Hit', 'Precision']
topk = [10, 20]
valid_metric = Recall@20
valid_metric_bigger = True
eval_batch_size = 4096
metric_decimal_place = 3

Dataset Hyper Parameters:
field_separator = 	
seq_separator =  
USER_ID_FIELD = user_id
ITEM_ID_FIELD = artist_id
RATING_FIELD = rating
TIME_FIELD = timestamp
seq_len = None
LABEL_FIELD = label
threshold = None
NEG_PREFIX = neg_
load_col = {'inter': ['user_id', 'artist_id']}
unload_col = None
unused_col = None
additional_feat_suffix = None
rm_dup_inter = None
val_interval = None
filter_inter_by_user_or_item = True
user_inter_num_interval = None
item_inter_num_interval = None
alias_of_user_id = None
alias_of_item_id = None
alias_of_entity_id = None
alias_of_relation_id = None
preload_weight = None
normalize_field = None
normalize_all = True
ITEM_LIST_LENGTH_FIELD = item_length
LIST_SUFFIX = _list
MAX_ITEM_LIST_LENGTH = 50
POSITION_FIELD = position_id
HEAD_ENTITY_ID_FIELD = head_id
TAIL_ENTITY_ID_FIELD = tail_id
RELATION_ID_FIELD = relation_id
ENTITY_ID_FIELD = entity_id
kg_reverse_r = False
entity_kg_num_interval = None
relation_kg_num_interval = None
benchmark_filename = None

Other Hyper Parameters: 
worker = 0
wandb_project = recbole
shuffle = True
plot_learning_curve = False
require_pow = False
enable_amp = False
enable_scaler = True
transform = None
train_after_converge = True
positive_sampling = True
model_name_custom = -
data_augmentation = False
Q = 5
K = 3
P = 20
embedding_size = 64
n_layers = 3
reg_weight = 0.0001
eps = 0.35
gamma = 0.1
numerical_features = []
discretization = None
MODEL_TYPE = ModelType.GENERAL
MODEL_INPUT_TYPE = InputType.PAIRWISE
eval_type = EvaluatorType.RANKING
single_spec = True
local_rank = 0
device = cuda
eval_neg_sample_args = {'distribution': 'uniform', 'sample_num': 'none'}


Wed 10 Jul 2024 17:46:21 INFO  lastfm
The number of users: 1893
Average actions of users: 49.06659619450317
The number of items: 17633
Average actions of items: 5.265086206896552
The number of inters: 92834
The sparsity of the dataset: 99.72188126708227%
Remain Fields: ['user_id', 'artist_id']
Wed 10 Jul 2024 17:46:21 INFO  [Training]: train_batch_size = [4096] train_neg_sample_args: [{'distribution': 'uniform', 'sample_num': 1, 'alpha': 1.0, 'dynamic': False, 'candidate_num': 0}]
Wed 10 Jul 2024 17:46:21 INFO  [Evaluation]: eval_batch_size = [4096] eval_args: [{'split': {'RS': [0.8, 0.1, 0.1]}, 'group_by': 'user', 'order': 'RO', 'mode': 'full'}]
Wed 10 Jul 2024 17:46:22 INFO  ANS(
  (user_embedding): Embedding(1893, 64)
  (item_embedding): Embedding(17633, 64)
  (mf_loss): BPRLoss()
  (reg_loss): EmbLoss()
  (user_gate): Linear(in_features=64, out_features=64, bias=True)
  (item_gate): Linear(in_features=64, out_features=64, bias=True)
  (pos_gate): Linear(in_features=64, out_features=64, bias=True)
  (neg_gate): Linear(in_features=64, out_features=64, bias=True)
  (hard_gate): Linear(in_features=64, out_features=64, bias=True)
  (conf_gate): Linear(in_features=64, out_features=64, bias=True)
  (easy_gate): Linear(in_features=64, out_features=64, bias=True)
  (margin_model): Linear(in_features=64, out_features=1, bias=True)
)
Trainable parameters: 1278849
Wed 10 Jul 2024 17:46:22 INFO  FLOPs: 0.0
Wed 10 Jul 2024 17:46:25 INFO  epoch 0 training [time: 1.25s, train loss: 14.5340]
Wed 10 Jul 2024 17:46:27 INFO  epoch 0 evaluating [time: 2.26s, valid_score: 0.001000]
Wed 10 Jul 2024 17:46:27 INFO  valid result: 
recall@10 : 0.0    recall@20 : 0.001    ndcg@10 : 0.0    ndcg@20 : 0.001    mrr@10 : 0.001    mrr@20 : 0.001    hit@10 : 0.002    hit@20 : 0.004    precision@10 : 0.0    precision@20 : 0.0
Wed 10 Jul 2024 17:46:27 INFO  Saving current: saved/ANS-Jul-10-2024_17-46-22.pth
Wed 10 Jul 2024 17:46:28 INFO  epoch 1 training [time: 0.61s, train loss: 14.5285]
Wed 10 Jul 2024 17:46:30 INFO  epoch 1 evaluating [time: 2.19s, valid_score: 0.001000]
Wed 10 Jul 2024 17:46:30 INFO  valid result: 
recall@10 : 0.0    recall@20 : 0.001    ndcg@10 : 0.0    ndcg@20 : 0.001    mrr@10 : 0.001    mrr@20 : 0.001    hit@10 : 0.002    hit@20 : 0.004    precision@10 : 0.0    precision@20 : 0.0
Wed 10 Jul 2024 17:46:30 INFO  Saving current: saved/ANS-Jul-10-2024_17-46-22.pth
Wed 10 Jul 2024 17:46:30 INFO  epoch 2 training [time: 0.50s, train loss: 14.5242]
Wed 10 Jul 2024 17:46:33 INFO  epoch 2 evaluating [time: 2.28s, valid_score: 0.000000]
Wed 10 Jul 2024 17:46:33 INFO  valid result: 
recall@10 : 0.0    recall@20 : 0.0    ndcg@10 : 0.0    ndcg@20 : 0.0    mrr@10 : 0.001    mrr@20 : 0.001    hit@10 : 0.002    hit@20 : 0.002    precision@10 : 0.0    precision@20 : 0.0
Wed 10 Jul 2024 17:46:33 INFO  epoch 3 training [time: 0.55s, train loss: 14.5204]
Wed 10 Jul 2024 17:46:36 INFO  epoch 3 evaluating [time: 2.28s, valid_score: 0.001000]
Wed 10 Jul 2024 17:46:36 INFO  valid result: 
recall@10 : 0.0    recall@20 : 0.001    ndcg@10 : 0.0    ndcg@20 : 0.001    mrr@10 : 0.001    mrr@20 : 0.001    hit@10 : 0.002    hit@20 : 0.003    precision@10 : 0.0    precision@20 : 0.0
Wed 10 Jul 2024 17:46:36 INFO  Saving current: saved/ANS-Jul-10-2024_17-46-22.pth
Wed 10 Jul 2024 17:46:36 INFO  epoch 4 training [time: 0.52s, train loss: 14.5167]
Wed 10 Jul 2024 17:46:38 INFO  epoch 4 evaluating [time: 2.32s, valid_score: 0.000000]
Wed 10 Jul 2024 17:46:38 INFO  valid result: 
recall@10 : 0.0    recall@20 : 0.0    ndcg@10 : 0.0    ndcg@20 : 0.0    mrr@10 : 0.001    mrr@20 : 0.001    hit@10 : 0.002    hit@20 : 0.002    precision@10 : 0.0    precision@20 : 0.0
Wed 10 Jul 2024 17:46:39 INFO  epoch 5 training [time: 0.54s, train loss: 14.5130]
Wed 10 Jul 2024 17:46:41 INFO  epoch 5 evaluating [time: 2.39s, valid_score: 0.000000]
Wed 10 Jul 2024 17:46:41 INFO  valid result: 
recall@10 : 0.0    recall@20 : 0.0    ndcg@10 : 0.0    ndcg@20 : 0.0    mrr@10 : 0.001    mrr@20 : 0.001    hit@10 : 0.002    hit@20 : 0.002    precision@10 : 0.0    precision@20 : 0.0
Wed 10 Jul 2024 17:46:42 INFO  epoch 6 training [time: 0.48s, train loss: 14.5096]
Wed 10 Jul 2024 17:46:44 INFO  epoch 6 evaluating [time: 2.28s, valid_score: 0.000000]
Wed 10 Jul 2024 17:46:44 INFO  valid result: 
recall@10 : 0.0    recall@20 : 0.0    ndcg@10 : 0.0    ndcg@20 : 0.0    mrr@10 : 0.001    mrr@20 : 0.001    hit@10 : 0.002    hit@20 : 0.002    precision@10 : 0.0    precision@20 : 0.0
Wed 10 Jul 2024 17:46:45 INFO  epoch 7 training [time: 0.55s, train loss: 14.5062]
Wed 10 Jul 2024 17:46:47 INFO  epoch 7 evaluating [time: 2.18s, valid_score: 0.000000]
Wed 10 Jul 2024 17:46:47 INFO  valid result: 
recall@10 : 0.0    recall@20 : 0.0    ndcg@10 : 0.0    ndcg@20 : 0.0    mrr@10 : 0.001    mrr@20 : 0.001    hit@10 : 0.002    hit@20 : 0.002    precision@10 : 0.0    precision@20 : 0.0
Wed 10 Jul 2024 17:46:47 INFO  epoch 8 training [time: 0.38s, train loss: 14.5028]
Wed 10 Jul 2024 17:46:49 INFO  epoch 8 evaluating [time: 2.17s, valid_score: 0.001000]
Wed 10 Jul 2024 17:46:49 INFO  valid result: 
recall@10 : 0.0    recall@20 : 0.001    ndcg@10 : 0.0    ndcg@20 : 0.0    mrr@10 : 0.001    mrr@20 : 0.001    hit@10 : 0.002    hit@20 : 0.003    precision@10 : 0.0    precision@20 : 0.0
Wed 10 Jul 2024 17:46:49 INFO  Saving current: saved/ANS-Jul-10-2024_17-46-22.pth
Wed 10 Jul 2024 17:46:50 INFO  epoch 9 training [time: 0.42s, train loss: 14.4992]
Wed 10 Jul 2024 17:46:52 INFO  epoch 9 evaluating [time: 2.16s, valid_score: 0.001000]
Wed 10 Jul 2024 17:46:52 INFO  valid result: 
recall@10 : 0.0    recall@20 : 0.001    ndcg@10 : 0.0    ndcg@20 : 0.0    mrr@10 : 0.001    mrr@20 : 0.001    hit@10 : 0.002    hit@20 : 0.003    precision@10 : 0.0    precision@20 : 0.0
Wed 10 Jul 2024 17:46:52 INFO  Saving current: saved/ANS-Jul-10-2024_17-46-22.pth
Wed 10 Jul 2024 17:46:52 INFO  epoch 10 training [time: 0.42s, train loss: 14.4954]
Wed 10 Jul 2024 17:46:55 INFO  epoch 10 evaluating [time: 2.16s, valid_score: 0.001000]
Wed 10 Jul 2024 17:46:55 INFO  valid result: 
recall@10 : 0.0    recall@20 : 0.001    ndcg@10 : 0.0    ndcg@20 : 0.0    mrr@10 : 0.001    mrr@20 : 0.001    hit@10 : 0.002    hit@20 : 0.003    precision@10 : 0.0    precision@20 : 0.0
Wed 10 Jul 2024 17:46:55 INFO  Saving current: saved/ANS-Jul-10-2024_17-46-22.pth
Wed 10 Jul 2024 17:46:55 INFO  epoch 11 training [time: 0.44s, train loss: 14.4920]
Wed 10 Jul 2024 17:46:57 INFO  epoch 11 evaluating [time: 2.16s, valid_score: 0.001000]
Wed 10 Jul 2024 17:46:57 INFO  valid result: 
recall@10 : 0.0    recall@20 : 0.001    ndcg@10 : 0.0    ndcg@20 : 0.001    mrr@10 : 0.001    mrr@20 : 0.001    hit@10 : 0.002    hit@20 : 0.004    precision@10 : 0.0    precision@20 : 0.0
Wed 10 Jul 2024 17:46:57 INFO  Saving current: saved/ANS-Jul-10-2024_17-46-22.pth
Wed 10 Jul 2024 17:46:58 INFO  epoch 12 training [time: 0.51s, train loss: 14.4877]
Wed 10 Jul 2024 17:47:00 INFO  epoch 12 evaluating [time: 2.14s, valid_score: 0.001000]
Wed 10 Jul 2024 17:47:00 INFO  valid result: 
recall@10 : 0.0    recall@20 : 0.001    ndcg@10 : 0.0    ndcg@20 : 0.001    mrr@10 : 0.001    mrr@20 : 0.001    hit@10 : 0.002    hit@20 : 0.005    precision@10 : 0.0    precision@20 : 0.0
Wed 10 Jul 2024 17:47:00 INFO  Saving current: saved/ANS-Jul-10-2024_17-46-22.pth
Wed 10 Jul 2024 17:47:00 INFO  epoch 13 training [time: 0.38s, train loss: 14.4835]
Wed 10 Jul 2024 17:47:03 INFO  epoch 13 evaluating [time: 2.17s, valid_score: 0.001000]
Wed 10 Jul 2024 17:47:03 INFO  valid result: 
recall@10 : 0.001    recall@20 : 0.001    ndcg@10 : 0.001    ndcg@20 : 0.001    mrr@10 : 0.002    mrr@20 : 0.002    hit@10 : 0.004    hit@20 : 0.005    precision@10 : 0.0    precision@20 : 0.0
Wed 10 Jul 2024 17:47:03 INFO  Saving current: saved/ANS-Jul-10-2024_17-46-22.pth
Wed 10 Jul 2024 17:47:03 INFO  epoch 14 training [time: 0.45s, train loss: 14.4789]
Wed 10 Jul 2024 17:47:05 INFO  epoch 14 evaluating [time: 2.14s, valid_score: 0.001000]
Wed 10 Jul 2024 17:47:05 INFO  valid result: 
recall@10 : 0.001    recall@20 : 0.001    ndcg@10 : 0.001    ndcg@20 : 0.001    mrr@10 : 0.002    mrr@20 : 0.002    hit@10 : 0.004    hit@20 : 0.007    precision@10 : 0.0    precision@20 : 0.0
Wed 10 Jul 2024 17:47:05 INFO  Saving current: saved/ANS-Jul-10-2024_17-46-22.pth
Wed 10 Jul 2024 17:47:06 INFO  epoch 15 training [time: 0.38s, train loss: 14.4738]
Wed 10 Jul 2024 17:47:08 INFO  epoch 15 evaluating [time: 2.14s, valid_score: 0.001000]
Wed 10 Jul 2024 17:47:08 INFO  valid result: 
recall@10 : 0.001    recall@20 : 0.001    ndcg@10 : 0.001    ndcg@20 : 0.001    mrr@10 : 0.002    mrr@20 : 0.002    hit@10 : 0.005    hit@20 : 0.007    precision@10 : 0.0    precision@20 : 0.0
Wed 10 Jul 2024 17:47:08 INFO  Saving current: saved/ANS-Jul-10-2024_17-46-22.pth
Wed 10 Jul 2024 17:47:08 INFO  epoch 16 training [time: 0.39s, train loss: 14.4674]
Wed 10 Jul 2024 17:47:10 INFO  epoch 16 evaluating [time: 2.15s, valid_score: 0.002000]
Wed 10 Jul 2024 17:47:10 INFO  valid result: 
recall@10 : 0.001    recall@20 : 0.002    ndcg@10 : 0.001    ndcg@20 : 0.001    mrr@10 : 0.002    mrr@20 : 0.002    hit@10 : 0.007    hit@20 : 0.011    precision@10 : 0.001    precision@20 : 0.001
Wed 10 Jul 2024 17:47:10 INFO  Saving current: saved/ANS-Jul-10-2024_17-46-22.pth
Wed 10 Jul 2024 17:47:11 INFO  epoch 17 training [time: 0.37s, train loss: 14.4602]
Wed 10 Jul 2024 17:47:13 INFO  epoch 17 evaluating [time: 2.16s, valid_score: 0.003000]
Wed 10 Jul 2024 17:47:13 INFO  valid result: 
recall@10 : 0.002    recall@20 : 0.003    ndcg@10 : 0.001    ndcg@20 : 0.002    mrr@10 : 0.003    mrr@20 : 0.003    hit@10 : 0.01    hit@20 : 0.013    precision@10 : 0.001    precision@20 : 0.001
Wed 10 Jul 2024 17:47:13 INFO  Saving current: saved/ANS-Jul-10-2024_17-46-22.pth
Wed 10 Jul 2024 17:47:13 INFO  epoch 18 training [time: 0.52s, train loss: 14.4516]
Wed 10 Jul 2024 17:47:16 INFO  epoch 18 evaluating [time: 2.15s, valid_score: 0.004000]
Wed 10 Jul 2024 17:47:16 INFO  valid result: 
recall@10 : 0.003    recall@20 : 0.004    ndcg@10 : 0.002    ndcg@20 : 0.003    mrr@10 : 0.005    mrr@20 : 0.005    hit@10 : 0.013    hit@20 : 0.019    precision@10 : 0.001    precision@20 : 0.001
Wed 10 Jul 2024 17:47:16 INFO  Saving current: saved/ANS-Jul-10-2024_17-46-22.pth
Wed 10 Jul 2024 17:47:16 INFO  epoch 19 training [time: 0.51s, train loss: 14.4409]
Wed 10 Jul 2024 17:47:18 INFO  epoch 19 evaluating [time: 2.15s, valid_score: 0.006000]
Wed 10 Jul 2024 17:47:18 INFO  valid result: 
recall@10 : 0.003    recall@20 : 0.006    ndcg@10 : 0.003    ndcg@20 : 0.004    mrr@10 : 0.007    mrr@20 : 0.008    hit@10 : 0.016    hit@20 : 0.027    precision@10 : 0.002    precision@20 : 0.001
Wed 10 Jul 2024 17:47:18 INFO  Saving current: saved/ANS-Jul-10-2024_17-46-22.pth
Wed 10 Jul 2024 17:47:19 INFO  epoch 20 training [time: 0.36s, train loss: 14.4263]
Wed 10 Jul 2024 17:47:21 INFO  epoch 20 evaluating [time: 2.14s, valid_score: 0.009000]
Wed 10 Jul 2024 17:47:21 INFO  valid result: 
recall@10 : 0.005    recall@20 : 0.009    ndcg@10 : 0.005    ndcg@20 : 0.006    mrr@10 : 0.01    mrr@20 : 0.011    hit@10 : 0.024    hit@20 : 0.039    precision@10 : 0.002    precision@20 : 0.002
Wed 10 Jul 2024 17:47:21 INFO  Saving current: saved/ANS-Jul-10-2024_17-46-22.pth
Wed 10 Jul 2024 17:47:21 INFO  epoch 21 training [time: 0.36s, train loss: 14.4076]
Wed 10 Jul 2024 17:47:23 INFO  epoch 21 evaluating [time: 2.17s, valid_score: 0.012000]
Wed 10 Jul 2024 17:47:23 INFO  valid result: 
recall@10 : 0.008    recall@20 : 0.012    ndcg@10 : 0.007    ndcg@20 : 0.009    mrr@10 : 0.014    mrr@20 : 0.015    hit@10 : 0.037    hit@20 : 0.049    precision@10 : 0.004    precision@20 : 0.003
Wed 10 Jul 2024 17:47:24 INFO  Saving current: saved/ANS-Jul-10-2024_17-46-22.pth
Wed 10 Jul 2024 17:47:24 INFO  epoch 22 training [time: 0.37s, train loss: 14.3801]
Wed 10 Jul 2024 17:47:26 INFO  epoch 22 evaluating [time: 2.14s, valid_score: 0.017000]
Wed 10 Jul 2024 17:47:26 INFO  valid result: 
recall@10 : 0.011    recall@20 : 0.017    ndcg@10 : 0.01    ndcg@20 : 0.012    mrr@10 : 0.018    mrr@20 : 0.02    hit@10 : 0.047    hit@20 : 0.07    precision@10 : 0.006    precision@20 : 0.004
Wed 10 Jul 2024 17:47:26 INFO  Saving current: saved/ANS-Jul-10-2024_17-46-22.pth
Wed 10 Jul 2024 17:47:26 INFO  epoch 23 training [time: 0.37s, train loss: 14.3404]
Wed 10 Jul 2024 17:47:29 INFO  epoch 23 evaluating [time: 2.13s, valid_score: 0.026000]
Wed 10 Jul 2024 17:47:29 INFO  valid result: 
recall@10 : 0.016    recall@20 : 0.026    ndcg@10 : 0.013    ndcg@20 : 0.017    mrr@10 : 0.025    mrr@20 : 0.028    hit@10 : 0.066    hit@20 : 0.105    precision@10 : 0.008    precision@20 : 0.006
Wed 10 Jul 2024 17:47:29 INFO  Saving current: saved/ANS-Jul-10-2024_17-46-22.pth
Wed 10 Jul 2024 17:47:29 INFO  epoch 24 training [time: 0.56s, train loss: 14.2828]
Wed 10 Jul 2024 17:47:31 INFO  epoch 24 evaluating [time: 2.12s, valid_score: 0.035000]
Wed 10 Jul 2024 17:47:31 INFO  valid result: 
recall@10 : 0.02    recall@20 : 0.035    ndcg@10 : 0.017    ndcg@20 : 0.024    mrr@10 : 0.034    mrr@20 : 0.038    hit@10 : 0.085    hit@20 : 0.141    precision@10 : 0.01    precision@20 : 0.009
Wed 10 Jul 2024 17:47:31 INFO  Saving current: saved/ANS-Jul-10-2024_17-46-22.pth
Wed 10 Jul 2024 17:47:32 INFO  epoch 25 training [time: 0.44s, train loss: 14.2003]
Wed 10 Jul 2024 17:47:34 INFO  epoch 25 evaluating [time: 2.19s, valid_score: 0.045000]
Wed 10 Jul 2024 17:47:34 INFO  valid result: 
recall@10 : 0.027    recall@20 : 0.045    ndcg@10 : 0.022    ndcg@20 : 0.03    mrr@10 : 0.041    mrr@20 : 0.046    hit@10 : 0.112    hit@20 : 0.176    precision@10 : 0.013    precision@20 : 0.011
Wed 10 Jul 2024 17:47:34 INFO  Saving current: saved/ANS-Jul-10-2024_17-46-22.pth
Wed 10 Jul 2024 17:47:35 INFO  epoch 26 training [time: 0.46s, train loss: 14.0847]
Wed 10 Jul 2024 17:47:37 INFO  epoch 26 evaluating [time: 2.14s, valid_score: 0.053000]
Wed 10 Jul 2024 17:47:37 INFO  valid result: 
recall@10 : 0.033    recall@20 : 0.053    ndcg@10 : 0.027    ndcg@20 : 0.036    mrr@10 : 0.05    mrr@20 : 0.055    hit@10 : 0.134    hit@20 : 0.206    precision@10 : 0.016    precision@20 : 0.013
Wed 10 Jul 2024 17:47:37 INFO  Saving current: saved/ANS-Jul-10-2024_17-46-22.pth
Wed 10 Jul 2024 17:47:37 INFO  epoch 27 training [time: 0.48s, train loss: 13.9270]
Wed 10 Jul 2024 17:47:39 INFO  epoch 27 evaluating [time: 2.12s, valid_score: 0.060000]
Wed 10 Jul 2024 17:47:39 INFO  valid result: 
recall@10 : 0.038    recall@20 : 0.06    ndcg@10 : 0.032    ndcg@20 : 0.041    mrr@10 : 0.058    mrr@20 : 0.063    hit@10 : 0.157    hit@20 : 0.229    precision@10 : 0.019    precision@20 : 0.015
Wed 10 Jul 2024 17:47:39 INFO  Saving current: saved/ANS-Jul-10-2024_17-46-22.pth
Wed 10 Jul 2024 17:47:40 INFO  epoch 28 training [time: 0.48s, train loss: 13.7227]
Wed 10 Jul 2024 17:47:42 INFO  epoch 28 evaluating [time: 2.12s, valid_score: 0.066000]
Wed 10 Jul 2024 17:47:42 INFO  valid result: 
recall@10 : 0.041    recall@20 : 0.066    ndcg@10 : 0.035    ndcg@20 : 0.046    mrr@10 : 0.066    mrr@20 : 0.072    hit@10 : 0.166    hit@20 : 0.248    precision@10 : 0.02    precision@20 : 0.016
Wed 10 Jul 2024 17:47:42 INFO  Saving current: saved/ANS-Jul-10-2024_17-46-22.pth
Wed 10 Jul 2024 17:47:42 INFO  epoch 29 training [time: 0.57s, train loss: 13.4722]
Wed 10 Jul 2024 17:47:45 INFO  epoch 29 evaluating [time: 2.11s, valid_score: 0.071000]
Wed 10 Jul 2024 17:47:45 INFO  valid result: 
recall@10 : 0.043    recall@20 : 0.071    ndcg@10 : 0.038    ndcg@20 : 0.049    mrr@10 : 0.071    mrr@20 : 0.078    hit@10 : 0.17    hit@20 : 0.263    precision@10 : 0.021    precision@20 : 0.017
Wed 10 Jul 2024 17:47:45 INFO  Saving current: saved/ANS-Jul-10-2024_17-46-22.pth
Wed 10 Jul 2024 17:47:45 INFO  epoch 30 training [time: 0.42s, train loss: 13.1715]
Wed 10 Jul 2024 17:47:47 INFO  epoch 30 evaluating [time: 2.10s, valid_score: 0.074000]
Wed 10 Jul 2024 17:47:47 INFO  valid result: 
recall@10 : 0.047    recall@20 : 0.074    ndcg@10 : 0.04    ndcg@20 : 0.052    mrr@10 : 0.075    mrr@20 : 0.082    hit@10 : 0.186    hit@20 : 0.277    precision@10 : 0.023    precision@20 : 0.018
Wed 10 Jul 2024 17:47:47 INFO  Saving current: saved/ANS-Jul-10-2024_17-46-22.pth
Wed 10 Jul 2024 17:47:48 INFO  epoch 31 training [time: 0.44s, train loss: 12.8454]
Wed 10 Jul 2024 17:47:50 INFO  epoch 31 evaluating [time: 2.12s, valid_score: 0.076000]
Wed 10 Jul 2024 17:47:50 INFO  valid result: 
recall@10 : 0.049    recall@20 : 0.076    ndcg@10 : 0.042    ndcg@20 : 0.053    mrr@10 : 0.077    mrr@20 : 0.083    hit@10 : 0.195    hit@20 : 0.284    precision@10 : 0.024    precision@20 : 0.019
Wed 10 Jul 2024 17:47:50 INFO  Saving current: saved/ANS-Jul-10-2024_17-46-22.pth
Wed 10 Jul 2024 17:47:50 INFO  epoch 32 training [time: 0.48s, train loss: 12.4848]
Wed 10 Jul 2024 17:47:52 INFO  epoch 32 evaluating [time: 2.13s, valid_score: 0.079000]
Wed 10 Jul 2024 17:47:52 INFO  valid result: 
recall@10 : 0.05    recall@20 : 0.079    ndcg@10 : 0.043    ndcg@20 : 0.055    mrr@10 : 0.08    mrr@20 : 0.086    hit@10 : 0.202    hit@20 : 0.295    precision@10 : 0.025    precision@20 : 0.019
Wed 10 Jul 2024 17:47:53 INFO  Saving current: saved/ANS-Jul-10-2024_17-46-22.pth
Wed 10 Jul 2024 17:47:53 INFO  epoch 33 training [time: 0.49s, train loss: 12.1092]
Wed 10 Jul 2024 17:47:55 INFO  epoch 33 evaluating [time: 2.12s, valid_score: 0.079000]
Wed 10 Jul 2024 17:47:55 INFO  valid result: 
recall@10 : 0.052    recall@20 : 0.079    ndcg@10 : 0.044    ndcg@20 : 0.056    mrr@10 : 0.081    mrr@20 : 0.087    hit@10 : 0.207    hit@20 : 0.296    precision@10 : 0.025    precision@20 : 0.02
Wed 10 Jul 2024 17:47:55 INFO  Saving current: saved/ANS-Jul-10-2024_17-46-22.pth
Wed 10 Jul 2024 17:47:56 INFO  epoch 34 training [time: 0.47s, train loss: 11.7243]
Wed 10 Jul 2024 17:47:58 INFO  epoch 34 evaluating [time: 2.11s, valid_score: 0.081000]
Wed 10 Jul 2024 17:47:58 INFO  valid result: 
recall@10 : 0.052    recall@20 : 0.081    ndcg@10 : 0.044    ndcg@20 : 0.056    mrr@10 : 0.081    mrr@20 : 0.087    hit@10 : 0.207    hit@20 : 0.303    precision@10 : 0.026    precision@20 : 0.02
Wed 10 Jul 2024 17:47:58 INFO  Saving current: saved/ANS-Jul-10-2024_17-46-22.pth
Wed 10 Jul 2024 17:47:58 INFO  epoch 35 training [time: 0.56s, train loss: 11.3446]
Wed 10 Jul 2024 17:48:01 INFO  epoch 35 evaluating [time: 2.11s, valid_score: 0.082000]
Wed 10 Jul 2024 17:48:01 INFO  valid result: 
recall@10 : 0.052    recall@20 : 0.082    ndcg@10 : 0.044    ndcg@20 : 0.057    mrr@10 : 0.081    mrr@20 : 0.087    hit@10 : 0.209    hit@20 : 0.311    precision@10 : 0.026    precision@20 : 0.02
Wed 10 Jul 2024 17:48:01 INFO  Saving current: saved/ANS-Jul-10-2024_17-46-22.pth
Wed 10 Jul 2024 17:48:01 INFO  epoch 36 training [time: 0.46s, train loss: 10.9930]
Wed 10 Jul 2024 17:48:03 INFO  epoch 36 evaluating [time: 2.13s, valid_score: 0.082000]
Wed 10 Jul 2024 17:48:03 INFO  valid result: 
recall@10 : 0.052    recall@20 : 0.082    ndcg@10 : 0.044    ndcg@20 : 0.056    mrr@10 : 0.079    mrr@20 : 0.086    hit@10 : 0.21    hit@20 : 0.308    precision@10 : 0.026    precision@20 : 0.02
Wed 10 Jul 2024 17:48:03 INFO  Saving current: saved/ANS-Jul-10-2024_17-46-22.pth
Wed 10 Jul 2024 17:48:04 INFO  epoch 37 training [time: 0.49s, train loss: 10.6647]
Wed 10 Jul 2024 17:48:06 INFO  epoch 37 evaluating [time: 2.11s, valid_score: 0.082000]
Wed 10 Jul 2024 17:48:06 INFO  valid result: 
recall@10 : 0.051    recall@20 : 0.082    ndcg@10 : 0.042    ndcg@20 : 0.055    mrr@10 : 0.076    mrr@20 : 0.083    hit@10 : 0.206    hit@20 : 0.312    precision@10 : 0.025    precision@20 : 0.02
Wed 10 Jul 2024 17:48:06 INFO  Saving current: saved/ANS-Jul-10-2024_17-46-22.pth
Wed 10 Jul 2024 17:48:06 INFO  epoch 38 training [time: 0.47s, train loss: 10.3483]
Wed 10 Jul 2024 17:48:08 INFO  epoch 38 evaluating [time: 2.11s, valid_score: 0.081000]
Wed 10 Jul 2024 17:48:08 INFO  valid result: 
recall@10 : 0.051    recall@20 : 0.081    ndcg@10 : 0.042    ndcg@20 : 0.055    mrr@10 : 0.075    mrr@20 : 0.082    hit@10 : 0.203    hit@20 : 0.308    precision@10 : 0.025    precision@20 : 0.02
Wed 10 Jul 2024 17:48:09 INFO  epoch 39 training [time: 0.47s, train loss: 10.0458]
Wed 10 Jul 2024 17:48:11 INFO  epoch 39 evaluating [time: 2.11s, valid_score: 0.081000]
Wed 10 Jul 2024 17:48:11 INFO  valid result: 
recall@10 : 0.048    recall@20 : 0.081    ndcg@10 : 0.04    ndcg@20 : 0.053    mrr@10 : 0.071    mrr@20 : 0.079    hit@10 : 0.196    hit@20 : 0.306    precision@10 : 0.024    precision@20 : 0.02
Wed 10 Jul 2024 17:48:12 INFO  epoch 40 training [time: 0.56s, train loss: 9.7673]
Wed 10 Jul 2024 17:48:14 INFO  epoch 40 evaluating [time: 2.12s, valid_score: 0.079000]
Wed 10 Jul 2024 17:48:14 INFO  valid result: 
recall@10 : 0.048    recall@20 : 0.079    ndcg@10 : 0.039    ndcg@20 : 0.052    mrr@10 : 0.07    mrr@20 : 0.077    hit@10 : 0.198    hit@20 : 0.301    precision@10 : 0.023    precision@20 : 0.02
Wed 10 Jul 2024 17:48:14 INFO  epoch 41 training [time: 0.44s, train loss: 9.5356]
Wed 10 Jul 2024 17:48:16 INFO  epoch 41 evaluating [time: 2.10s, valid_score: 0.076000]
Wed 10 Jul 2024 17:48:16 INFO  valid result: 
recall@10 : 0.046    recall@20 : 0.076    ndcg@10 : 0.037    ndcg@20 : 0.05    mrr@10 : 0.066    mrr@20 : 0.073    hit@10 : 0.191    hit@20 : 0.288    precision@10 : 0.023    precision@20 : 0.019
Wed 10 Jul 2024 17:48:17 INFO  epoch 42 training [time: 0.45s, train loss: 9.2976]
Wed 10 Jul 2024 17:48:19 INFO  epoch 42 evaluating [time: 2.12s, valid_score: 0.075000]
Wed 10 Jul 2024 17:48:19 INFO  valid result: 
recall@10 : 0.044    recall@20 : 0.075    ndcg@10 : 0.036    ndcg@20 : 0.049    mrr@10 : 0.065    mrr@20 : 0.072    hit@10 : 0.183    hit@20 : 0.283    precision@10 : 0.021    precision@20 : 0.019
Wed 10 Jul 2024 17:48:19 INFO  epoch 43 training [time: 0.45s, train loss: 9.1265]
Wed 10 Jul 2024 17:48:21 INFO  epoch 43 evaluating [time: 2.13s, valid_score: 0.073000]
Wed 10 Jul 2024 17:48:21 INFO  valid result: 
recall@10 : 0.043    recall@20 : 0.073    ndcg@10 : 0.034    ndcg@20 : 0.047    mrr@10 : 0.063    mrr@20 : 0.07    hit@10 : 0.18    hit@20 : 0.277    precision@10 : 0.021    precision@20 : 0.018
Wed 10 Jul 2024 17:48:22 INFO  epoch 44 training [time: 0.48s, train loss: 8.9277]
Wed 10 Jul 2024 17:48:24 INFO  epoch 44 evaluating [time: 2.10s, valid_score: 0.070000]
Wed 10 Jul 2024 17:48:24 INFO  valid result: 
recall@10 : 0.042    recall@20 : 0.07    ndcg@10 : 0.034    ndcg@20 : 0.046    mrr@10 : 0.062    mrr@20 : 0.068    hit@10 : 0.177    hit@20 : 0.265    precision@10 : 0.02    precision@20 : 0.017
Wed 10 Jul 2024 17:48:24 INFO  epoch 45 training [time: 0.50s, train loss: 8.7603]
Wed 10 Jul 2024 17:48:27 INFO  epoch 45 evaluating [time: 2.13s, valid_score: 0.068000]
Wed 10 Jul 2024 17:48:27 INFO  valid result: 
recall@10 : 0.041    recall@20 : 0.068    ndcg@10 : 0.033    ndcg@20 : 0.044    mrr@10 : 0.059    mrr@20 : 0.065    hit@10 : 0.177    hit@20 : 0.261    precision@10 : 0.02    precision@20 : 0.017
Wed 10 Jul 2024 17:48:27 INFO  epoch 46 training [time: 0.57s, train loss: 8.6086]
Wed 10 Jul 2024 17:48:29 INFO  epoch 46 evaluating [time: 2.19s, valid_score: 0.066000]
Wed 10 Jul 2024 17:48:29 INFO  valid result: 
recall@10 : 0.04    recall@20 : 0.066    ndcg@10 : 0.032    ndcg@20 : 0.043    mrr@10 : 0.057    mrr@20 : 0.063    hit@10 : 0.172    hit@20 : 0.258    precision@10 : 0.02    precision@20 : 0.016
Wed 10 Jul 2024 17:48:30 INFO  epoch 47 training [time: 0.39s, train loss: 8.4703]
Wed 10 Jul 2024 17:48:32 INFO  epoch 47 evaluating [time: 2.18s, valid_score: 0.066000]
Wed 10 Jul 2024 17:48:32 INFO  valid result: 
recall@10 : 0.039    recall@20 : 0.066    ndcg@10 : 0.031    ndcg@20 : 0.042    mrr@10 : 0.057    mrr@20 : 0.062    hit@10 : 0.166    hit@20 : 0.253    precision@10 : 0.019    precision@20 : 0.016
Wed 10 Jul 2024 17:48:32 INFO  epoch 48 training [time: 0.39s, train loss: 8.3340]
Wed 10 Jul 2024 17:48:35 INFO  epoch 48 evaluating [time: 2.26s, valid_score: 0.064000]
Wed 10 Jul 2024 17:48:35 INFO  valid result: 
recall@10 : 0.037    recall@20 : 0.064    ndcg@10 : 0.03    ndcg@20 : 0.041    mrr@10 : 0.055    mrr@20 : 0.061    hit@10 : 0.16    hit@20 : 0.247    precision@10 : 0.018    precision@20 : 0.016
Wed 10 Jul 2024 17:48:35 INFO  Finished training, best eval result in epoch 37
Wed 10 Jul 2024 17:48:57 INFO  epoch 49 training [time: 0.68s, train loss: 8.4558]
Wed 10 Jul 2024 17:48:59 INFO  epoch 49 evaluating [time: 2.19s, valid_score: 0.061000]
Wed 10 Jul 2024 17:48:59 INFO  valid result: 
recall@10 : 0.036    recall@20 : 0.061    ndcg@10 : 0.029    ndcg@20 : 0.04    mrr@10 : 0.054    mrr@20 : 0.06    hit@10 : 0.156    hit@20 : 0.242    precision@10 : 0.018    precision@20 : 0.015
Wed 10 Jul 2024 17:48:59 INFO  epoch 50 training [time: 0.48s, train loss: 8.3414]
Wed 10 Jul 2024 17:49:02 INFO  epoch 50 evaluating [time: 2.20s, valid_score: 0.061000]
Wed 10 Jul 2024 17:49:02 INFO  valid result: 
recall@10 : 0.036    recall@20 : 0.061    ndcg@10 : 0.028    ndcg@20 : 0.039    mrr@10 : 0.052    mrr@20 : 0.058    hit@10 : 0.155    hit@20 : 0.241    precision@10 : 0.018    precision@20 : 0.015
Wed 10 Jul 2024 17:49:02 INFO  epoch 51 training [time: 0.47s, train loss: 8.2469]
Wed 10 Jul 2024 17:49:04 INFO  epoch 51 evaluating [time: 2.21s, valid_score: 0.060000]
Wed 10 Jul 2024 17:49:04 INFO  valid result: 
recall@10 : 0.034    recall@20 : 0.06    ndcg@10 : 0.028    ndcg@20 : 0.039    mrr@10 : 0.051    mrr@20 : 0.057    hit@10 : 0.151    hit@20 : 0.238    precision@10 : 0.017    precision@20 : 0.015
Wed 10 Jul 2024 17:49:05 INFO  epoch 52 training [time: 0.50s, train loss: 8.1275]
Wed 10 Jul 2024 17:49:07 INFO  epoch 52 evaluating [time: 2.19s, valid_score: 0.057000]
Wed 10 Jul 2024 17:49:07 INFO  valid result: 
recall@10 : 0.034    recall@20 : 0.057    ndcg@10 : 0.027    ndcg@20 : 0.037    mrr@10 : 0.049    mrr@20 : 0.055    hit@10 : 0.149    hit@20 : 0.229    precision@10 : 0.017    precision@20 : 0.014
Wed 10 Jul 2024 17:49:08 INFO  epoch 53 training [time: 0.52s, train loss: 8.0302]
Wed 10 Jul 2024 17:49:10 INFO  epoch 53 evaluating [time: 2.20s, valid_score: 0.055000]
Wed 10 Jul 2024 17:49:10 INFO  valid result: 
recall@10 : 0.032    recall@20 : 0.055    ndcg@10 : 0.026    ndcg@20 : 0.036    mrr@10 : 0.048    mrr@20 : 0.054    hit@10 : 0.138    hit@20 : 0.22    precision@10 : 0.016    precision@20 : 0.014
Wed 10 Jul 2024 17:49:10 INFO  epoch 54 training [time: 0.64s, train loss: 7.9779]
Wed 10 Jul 2024 17:49:13 INFO  epoch 54 evaluating [time: 2.19s, valid_score: 0.054000]
Wed 10 Jul 2024 17:49:13 INFO  valid result: 
recall@10 : 0.031    recall@20 : 0.054    ndcg@10 : 0.026    ndcg@20 : 0.035    mrr@10 : 0.048    mrr@20 : 0.053    hit@10 : 0.136    hit@20 : 0.216    precision@10 : 0.016    precision@20 : 0.013
Wed 10 Jul 2024 17:49:13 INFO  epoch 55 training [time: 0.53s, train loss: 7.9116]
Wed 10 Jul 2024 17:49:15 INFO  epoch 55 evaluating [time: 2.20s, valid_score: 0.053000]
Wed 10 Jul 2024 17:49:15 INFO  valid result: 
recall@10 : 0.031    recall@20 : 0.053    ndcg@10 : 0.025    ndcg@20 : 0.034    mrr@10 : 0.047    mrr@20 : 0.052    hit@10 : 0.133    hit@20 : 0.215    precision@10 : 0.015    precision@20 : 0.013
Wed 10 Jul 2024 17:49:16 INFO  epoch 56 training [time: 0.57s, train loss: 7.8311]
Wed 10 Jul 2024 17:49:18 INFO  epoch 56 evaluating [time: 2.19s, valid_score: 0.051000]
Wed 10 Jul 2024 17:49:18 INFO  valid result: 
recall@10 : 0.03    recall@20 : 0.051    ndcg@10 : 0.025    ndcg@20 : 0.034    mrr@10 : 0.047    mrr@20 : 0.052    hit@10 : 0.132    hit@20 : 0.209    precision@10 : 0.015    precision@20 : 0.013
Wed 10 Jul 2024 17:49:19 INFO  epoch 57 training [time: 0.57s, train loss: 7.7427]
Wed 10 Jul 2024 17:49:21 INFO  epoch 57 evaluating [time: 2.21s, valid_score: 0.052000]
Wed 10 Jul 2024 17:49:21 INFO  valid result: 
recall@10 : 0.03    recall@20 : 0.052    ndcg@10 : 0.025    ndcg@20 : 0.034    mrr@10 : 0.047    mrr@20 : 0.053    hit@10 : 0.129    hit@20 : 0.212    precision@10 : 0.015    precision@20 : 0.013
Wed 10 Jul 2024 17:49:21 INFO  epoch 58 training [time: 0.58s, train loss: 7.6792]
Wed 10 Jul 2024 17:49:24 INFO  epoch 58 evaluating [time: 2.11s, valid_score: 0.051000]
Wed 10 Jul 2024 17:49:24 INFO  valid result: 
recall@10 : 0.029    recall@20 : 0.051    ndcg@10 : 0.024    ndcg@20 : 0.033    mrr@10 : 0.045    mrr@20 : 0.05    hit@10 : 0.126    hit@20 : 0.207    precision@10 : 0.014    precision@20 : 0.013
Wed 10 Jul 2024 17:49:24 INFO  epoch 59 training [time: 0.62s, train loss: 7.6028]
Wed 10 Jul 2024 17:49:26 INFO  epoch 59 evaluating [time: 2.12s, valid_score: 0.049000]
Wed 10 Jul 2024 17:49:26 INFO  valid result: 
recall@10 : 0.028    recall@20 : 0.049    ndcg@10 : 0.023    ndcg@20 : 0.032    mrr@10 : 0.042    mrr@20 : 0.047    hit@10 : 0.123    hit@20 : 0.202    precision@10 : 0.014    precision@20 : 0.012
Wed 10 Jul 2024 17:49:27 INFO  epoch 60 training [time: 0.44s, train loss: 7.5688]
Wed 10 Jul 2024 17:49:29 INFO  epoch 60 evaluating [time: 2.11s, valid_score: 0.048000]
Wed 10 Jul 2024 17:49:29 INFO  valid result: 
recall@10 : 0.028    recall@20 : 0.048    ndcg@10 : 0.023    ndcg@20 : 0.031    mrr@10 : 0.042    mrr@20 : 0.047    hit@10 : 0.126    hit@20 : 0.198    precision@10 : 0.014    precision@20 : 0.012
Wed 10 Jul 2024 17:49:29 INFO  epoch 61 training [time: 0.44s, train loss: 7.5136]
Wed 10 Jul 2024 17:49:31 INFO  epoch 61 evaluating [time: 2.13s, valid_score: 0.047000]
Wed 10 Jul 2024 17:49:31 INFO  valid result: 
recall@10 : 0.029    recall@20 : 0.047    ndcg@10 : 0.022    ndcg@20 : 0.03    mrr@10 : 0.04    mrr@20 : 0.045    hit@10 : 0.126    hit@20 : 0.194    precision@10 : 0.014    precision@20 : 0.012
Wed 10 Jul 2024 17:49:32 INFO  epoch 62 training [time: 0.44s, train loss: 7.4714]
Wed 10 Jul 2024 17:49:34 INFO  epoch 62 evaluating [time: 2.21s, valid_score: 0.047000]
Wed 10 Jul 2024 17:49:34 INFO  valid result: 
recall@10 : 0.028    recall@20 : 0.047    ndcg@10 : 0.022    ndcg@20 : 0.03    mrr@10 : 0.039    mrr@20 : 0.044    hit@10 : 0.12    hit@20 : 0.194    precision@10 : 0.013    precision@20 : 0.012
Wed 10 Jul 2024 17:49:35 INFO  epoch 63 training [time: 0.45s, train loss: 7.4253]
Wed 10 Jul 2024 17:49:37 INFO  epoch 63 evaluating [time: 2.13s, valid_score: 0.046000]
Wed 10 Jul 2024 17:49:37 INFO  valid result: 
recall@10 : 0.027    recall@20 : 0.046    ndcg@10 : 0.021    ndcg@20 : 0.029    mrr@10 : 0.038    mrr@20 : 0.043    hit@10 : 0.115    hit@20 : 0.19    precision@10 : 0.013    precision@20 : 0.011
Wed 10 Jul 2024 17:49:37 INFO  epoch 64 training [time: 0.60s, train loss: 7.3554]
Wed 10 Jul 2024 17:49:39 INFO  epoch 64 evaluating [time: 2.12s, valid_score: 0.044000]
Wed 10 Jul 2024 17:49:39 INFO  valid result: 
recall@10 : 0.026    recall@20 : 0.044    ndcg@10 : 0.02    ndcg@20 : 0.028    mrr@10 : 0.037    mrr@20 : 0.042    hit@10 : 0.112    hit@20 : 0.183    precision@10 : 0.013    precision@20 : 0.011
Wed 10 Jul 2024 17:49:40 INFO  epoch 65 training [time: 0.45s, train loss: 7.3147]
Wed 10 Jul 2024 17:49:42 INFO  epoch 65 evaluating [time: 2.12s, valid_score: 0.043000]
Wed 10 Jul 2024 17:49:42 INFO  valid result: 
recall@10 : 0.026    recall@20 : 0.043    ndcg@10 : 0.021    ndcg@20 : 0.028    mrr@10 : 0.038    mrr@20 : 0.042    hit@10 : 0.113    hit@20 : 0.175    precision@10 : 0.013    precision@20 : 0.01
Wed 10 Jul 2024 17:49:42 INFO  epoch 66 training [time: 0.46s, train loss: 7.2708]
Wed 10 Jul 2024 17:49:45 INFO  epoch 66 evaluating [time: 2.12s, valid_score: 0.042000]
Wed 10 Jul 2024 17:49:45 INFO  valid result: 
recall@10 : 0.025    recall@20 : 0.042    ndcg@10 : 0.02    ndcg@20 : 0.027    mrr@10 : 0.038    mrr@20 : 0.042    hit@10 : 0.111    hit@20 : 0.173    precision@10 : 0.012    precision@20 : 0.01
Wed 10 Jul 2024 17:49:45 INFO  epoch 67 training [time: 0.44s, train loss: 7.1994]
Wed 10 Jul 2024 17:49:47 INFO  epoch 67 evaluating [time: 2.12s, valid_score: 0.042000]
Wed 10 Jul 2024 17:49:47 INFO  valid result: 
recall@10 : 0.025    recall@20 : 0.042    ndcg@10 : 0.02    ndcg@20 : 0.028    mrr@10 : 0.039    mrr@20 : 0.043    hit@10 : 0.11    hit@20 : 0.173    precision@10 : 0.012    precision@20 : 0.01
Wed 10 Jul 2024 17:49:48 INFO  epoch 68 training [time: 0.46s, train loss: 7.1620]
Wed 10 Jul 2024 17:49:50 INFO  epoch 68 evaluating [time: 2.12s, valid_score: 0.041000]
Wed 10 Jul 2024 17:49:50 INFO  valid result: 
recall@10 : 0.023    recall@20 : 0.041    ndcg@10 : 0.019    ndcg@20 : 0.027    mrr@10 : 0.037    mrr@20 : 0.042    hit@10 : 0.104    hit@20 : 0.168    precision@10 : 0.011    precision@20 : 0.01
Wed 10 Jul 2024 17:49:50 INFO  epoch 69 training [time: 0.62s, train loss: 7.1497]
Wed 10 Jul 2024 17:49:52 INFO  epoch 69 evaluating [time: 2.13s, valid_score: 0.042000]
Wed 10 Jul 2024 17:49:52 INFO  valid result: 
recall@10 : 0.024    recall@20 : 0.042    ndcg@10 : 0.02    ndcg@20 : 0.028    mrr@10 : 0.038    mrr@20 : 0.043    hit@10 : 0.106    hit@20 : 0.167    precision@10 : 0.012    precision@20 : 0.01
Wed 10 Jul 2024 17:49:53 INFO  epoch 70 training [time: 0.43s, train loss: 7.1090]
Wed 10 Jul 2024 17:49:55 INFO  epoch 70 evaluating [time: 2.10s, valid_score: 0.041000]
Wed 10 Jul 2024 17:49:55 INFO  valid result: 
recall@10 : 0.025    recall@20 : 0.041    ndcg@10 : 0.02    ndcg@20 : 0.027    mrr@10 : 0.039    mrr@20 : 0.042    hit@10 : 0.109    hit@20 : 0.164    precision@10 : 0.012    precision@20 : 0.01
Wed 10 Jul 2024 17:49:55 INFO  epoch 71 training [time: 0.44s, train loss: 7.0750]
Wed 10 Jul 2024 17:49:58 INFO  epoch 71 evaluating [time: 2.10s, valid_score: 0.041000]
Wed 10 Jul 2024 17:49:58 INFO  valid result: 
recall@10 : 0.026    recall@20 : 0.041    ndcg@10 : 0.021    ndcg@20 : 0.028    mrr@10 : 0.04    mrr@20 : 0.044    hit@10 : 0.112    hit@20 : 0.163    precision@10 : 0.013    precision@20 : 0.01
Wed 10 Jul 2024 17:49:58 INFO  epoch 72 training [time: 0.49s, train loss: 7.0397]
Wed 10 Jul 2024 17:50:00 INFO  epoch 72 evaluating [time: 2.11s, valid_score: 0.040000]
Wed 10 Jul 2024 17:50:00 INFO  valid result: 
recall@10 : 0.026    recall@20 : 0.04    ndcg@10 : 0.021    ndcg@20 : 0.027    mrr@10 : 0.04    mrr@20 : 0.043    hit@10 : 0.112    hit@20 : 0.158    precision@10 : 0.013    precision@20 : 0.01
Wed 10 Jul 2024 17:50:01 INFO  epoch 73 training [time: 0.43s, train loss: 7.0139]
Wed 10 Jul 2024 17:50:03 INFO  epoch 73 evaluating [time: 2.12s, valid_score: 0.039000]
Wed 10 Jul 2024 17:50:03 INFO  valid result: 
recall@10 : 0.026    recall@20 : 0.039    ndcg@10 : 0.021    ndcg@20 : 0.027    mrr@10 : 0.04    mrr@20 : 0.043    hit@10 : 0.113    hit@20 : 0.156    precision@10 : 0.013    precision@20 : 0.01
Wed 10 Jul 2024 17:50:03 INFO  epoch 74 training [time: 0.58s, train loss: 6.9614]
Wed 10 Jul 2024 17:50:05 INFO  epoch 74 evaluating [time: 2.11s, valid_score: 0.040000]
Wed 10 Jul 2024 17:50:05 INFO  valid result: 
recall@10 : 0.026    recall@20 : 0.04    ndcg@10 : 0.021    ndcg@20 : 0.027    mrr@10 : 0.04    mrr@20 : 0.043    hit@10 : 0.114    hit@20 : 0.159    precision@10 : 0.013    precision@20 : 0.01
Wed 10 Jul 2024 17:50:06 INFO  epoch 75 training [time: 0.44s, train loss: 6.8919]
Wed 10 Jul 2024 17:50:08 INFO  epoch 75 evaluating [time: 2.11s, valid_score: 0.040000]
Wed 10 Jul 2024 17:50:08 INFO  valid result: 
recall@10 : 0.026    recall@20 : 0.04    ndcg@10 : 0.021    ndcg@20 : 0.027    mrr@10 : 0.04    mrr@20 : 0.043    hit@10 : 0.116    hit@20 : 0.159    precision@10 : 0.013    precision@20 : 0.01
Wed 10 Jul 2024 17:50:08 INFO  epoch 76 training [time: 0.45s, train loss: 6.8459]
Wed 10 Jul 2024 17:50:11 INFO  epoch 76 evaluating [time: 2.16s, valid_score: 0.040000]
Wed 10 Jul 2024 17:50:11 INFO  valid result: 
recall@10 : 0.026    recall@20 : 0.04    ndcg@10 : 0.021    ndcg@20 : 0.027    mrr@10 : 0.04    mrr@20 : 0.043    hit@10 : 0.113    hit@20 : 0.161    precision@10 : 0.012    precision@20 : 0.01
Wed 10 Jul 2024 17:50:11 INFO  epoch 77 training [time: 0.58s, train loss: 6.8768]
Wed 10 Jul 2024 17:50:13 INFO  epoch 77 evaluating [time: 2.21s, valid_score: 0.040000]
Wed 10 Jul 2024 17:50:13 INFO  valid result: 
recall@10 : 0.025    recall@20 : 0.04    ndcg@10 : 0.021    ndcg@20 : 0.027    mrr@10 : 0.039    mrr@20 : 0.042    hit@10 : 0.113    hit@20 : 0.16    precision@10 : 0.012    precision@20 : 0.01
Wed 10 Jul 2024 17:50:14 INFO  epoch 78 training [time: 0.46s, train loss: 6.8063]
Wed 10 Jul 2024 17:50:16 INFO  epoch 78 evaluating [time: 2.20s, valid_score: 0.040000]
Wed 10 Jul 2024 17:50:16 INFO  valid result: 
recall@10 : 0.025    recall@20 : 0.04    ndcg@10 : 0.02    ndcg@20 : 0.027    mrr@10 : 0.038    mrr@20 : 0.042    hit@10 : 0.11    hit@20 : 0.161    precision@10 : 0.012    precision@20 : 0.01
Wed 10 Jul 2024 17:50:17 INFO  epoch 79 training [time: 0.62s, train loss: 6.7962]
Wed 10 Jul 2024 17:50:19 INFO  epoch 79 evaluating [time: 2.20s, valid_score: 0.040000]
Wed 10 Jul 2024 17:50:19 INFO  valid result: 
recall@10 : 0.025    recall@20 : 0.04    ndcg@10 : 0.02    ndcg@20 : 0.027    mrr@10 : 0.038    mrr@20 : 0.042    hit@10 : 0.11    hit@20 : 0.163    precision@10 : 0.012    precision@20 : 0.01
Wed 10 Jul 2024 17:50:19 INFO  epoch 80 training [time: 0.54s, train loss: 6.7441]
Wed 10 Jul 2024 17:50:22 INFO  epoch 80 evaluating [time: 2.22s, valid_score: 0.040000]
Wed 10 Jul 2024 17:50:22 INFO  valid result: 
recall@10 : 0.025    recall@20 : 0.04    ndcg@10 : 0.02    ndcg@20 : 0.026    mrr@10 : 0.038    mrr@20 : 0.041    hit@10 : 0.112    hit@20 : 0.16    precision@10 : 0.012    precision@20 : 0.01
Wed 10 Jul 2024 17:50:22 INFO  epoch 81 training [time: 0.56s, train loss: 6.7561]
Wed 10 Jul 2024 17:50:24 INFO  epoch 81 evaluating [time: 2.20s, valid_score: 0.040000]
Wed 10 Jul 2024 17:50:24 INFO  valid result: 
recall@10 : 0.026    recall@20 : 0.04    ndcg@10 : 0.02    ndcg@20 : 0.026    mrr@10 : 0.038    mrr@20 : 0.041    hit@10 : 0.115    hit@20 : 0.161    precision@10 : 0.013    precision@20 : 0.01
Wed 10 Jul 2024 17:50:25 INFO  epoch 82 training [time: 0.56s, train loss: 6.7000]
Wed 10 Jul 2024 17:50:27 INFO  epoch 82 evaluating [time: 2.28s, valid_score: 0.040000]
Wed 10 Jul 2024 17:50:27 INFO  valid result: 
recall@10 : 0.025    recall@20 : 0.04    ndcg@10 : 0.02    ndcg@20 : 0.026    mrr@10 : 0.038    mrr@20 : 0.041    hit@10 : 0.111    hit@20 : 0.16    precision@10 : 0.012    precision@20 : 0.01
Wed 10 Jul 2024 17:50:28 INFO  epoch 83 training [time: 0.59s, train loss: 6.7169]
Wed 10 Jul 2024 17:50:30 INFO  epoch 83 evaluating [time: 2.20s, valid_score: 0.040000]
Wed 10 Jul 2024 17:50:30 INFO  valid result: 
recall@10 : 0.025    recall@20 : 0.04    ndcg@10 : 0.02    ndcg@20 : 0.027    mrr@10 : 0.039    mrr@20 : 0.042    hit@10 : 0.112    hit@20 : 0.162    precision@10 : 0.012    precision@20 : 0.01
Wed 10 Jul 2024 17:50:31 INFO  epoch 84 training [time: 0.69s, train loss: 6.6542]
Wed 10 Jul 2024 17:50:33 INFO  epoch 84 evaluating [time: 2.16s, valid_score: 0.039000]
Wed 10 Jul 2024 17:50:33 INFO  valid result: 
recall@10 : 0.025    recall@20 : 0.039    ndcg@10 : 0.02    ndcg@20 : 0.026    mrr@10 : 0.039    mrr@20 : 0.042    hit@10 : 0.111    hit@20 : 0.158    precision@10 : 0.012    precision@20 : 0.01
Wed 10 Jul 2024 17:50:33 INFO  epoch 85 training [time: 0.56s, train loss: 6.6208]
Wed 10 Jul 2024 17:50:36 INFO  epoch 85 evaluating [time: 2.17s, valid_score: 0.039000]
Wed 10 Jul 2024 17:50:36 INFO  valid result: 
recall@10 : 0.024    recall@20 : 0.039    ndcg@10 : 0.02    ndcg@20 : 0.026    mrr@10 : 0.037    mrr@20 : 0.041    hit@10 : 0.107    hit@20 : 0.157    precision@10 : 0.012    precision@20 : 0.01
Wed 10 Jul 2024 17:50:36 INFO  epoch 86 training [time: 0.55s, train loss: 6.5929]
Wed 10 Jul 2024 17:50:38 INFO  epoch 86 evaluating [time: 2.20s, valid_score: 0.038000]
Wed 10 Jul 2024 17:50:38 INFO  valid result: 
recall@10 : 0.025    recall@20 : 0.038    ndcg@10 : 0.02    ndcg@20 : 0.026    mrr@10 : 0.039    mrr@20 : 0.042    hit@10 : 0.109    hit@20 : 0.156    precision@10 : 0.012    precision@20 : 0.009
Wed 10 Jul 2024 17:50:39 INFO  epoch 87 training [time: 0.60s, train loss: 6.5974]
Wed 10 Jul 2024 17:50:41 INFO  epoch 87 evaluating [time: 2.25s, valid_score: 0.038000]
Wed 10 Jul 2024 17:50:41 INFO  valid result: 
recall@10 : 0.024    recall@20 : 0.038    ndcg@10 : 0.02    ndcg@20 : 0.026    mrr@10 : 0.039    mrr@20 : 0.043    hit@10 : 0.107    hit@20 : 0.155    precision@10 : 0.012    precision@20 : 0.009
Wed 10 Jul 2024 17:50:42 INFO  epoch 88 training [time: 0.62s, train loss: 6.5031]
Wed 10 Jul 2024 17:50:44 INFO  epoch 88 evaluating [time: 2.26s, valid_score: 0.038000]
Wed 10 Jul 2024 17:50:44 INFO  valid result: 
recall@10 : 0.023    recall@20 : 0.038    ndcg@10 : 0.02    ndcg@20 : 0.026    mrr@10 : 0.039    mrr@20 : 0.043    hit@10 : 0.101    hit@20 : 0.157    precision@10 : 0.011    precision@20 : 0.009
Wed 10 Jul 2024 17:50:45 INFO  epoch 89 training [time: 0.62s, train loss: 6.4883]
Wed 10 Jul 2024 17:50:47 INFO  epoch 89 evaluating [time: 2.16s, valid_score: 0.038000]
Wed 10 Jul 2024 17:50:47 INFO  valid result: 
recall@10 : 0.023    recall@20 : 0.038    ndcg@10 : 0.02    ndcg@20 : 0.026    mrr@10 : 0.039    mrr@20 : 0.043    hit@10 : 0.102    hit@20 : 0.153    precision@10 : 0.011    precision@20 : 0.009
Wed 10 Jul 2024 17:50:47 INFO  epoch 90 training [time: 0.48s, train loss: 6.4935]
Wed 10 Jul 2024 17:50:50 INFO  epoch 90 evaluating [time: 2.31s, valid_score: 0.038000]
Wed 10 Jul 2024 17:50:50 INFO  valid result: 
recall@10 : 0.023    recall@20 : 0.038    ndcg@10 : 0.02    ndcg@20 : 0.026    mrr@10 : 0.039    mrr@20 : 0.042    hit@10 : 0.103    hit@20 : 0.152    precision@10 : 0.011    precision@20 : 0.009
Wed 10 Jul 2024 17:50:50 INFO  epoch 91 training [time: 0.48s, train loss: 6.4465]
Wed 10 Jul 2024 17:50:52 INFO  epoch 91 evaluating [time: 2.22s, valid_score: 0.037000]
Wed 10 Jul 2024 17:50:52 INFO  valid result: 
recall@10 : 0.024    recall@20 : 0.037    ndcg@10 : 0.02    ndcg@20 : 0.026    mrr@10 : 0.039    mrr@20 : 0.042    hit@10 : 0.105    hit@20 : 0.149    precision@10 : 0.012    precision@20 : 0.009
Wed 10 Jul 2024 17:50:53 INFO  epoch 92 training [time: 0.48s, train loss: 6.4240]
Wed 10 Jul 2024 17:50:55 INFO  epoch 92 evaluating [time: 2.17s, valid_score: 0.037000]
Wed 10 Jul 2024 17:50:55 INFO  valid result: 
recall@10 : 0.024    recall@20 : 0.037    ndcg@10 : 0.02    ndcg@20 : 0.026    mrr@10 : 0.041    mrr@20 : 0.044    hit@10 : 0.103    hit@20 : 0.148    precision@10 : 0.012    precision@20 : 0.009
Wed 10 Jul 2024 17:50:56 INFO  epoch 93 training [time: 0.50s, train loss: 6.4115]
Wed 10 Jul 2024 17:50:58 INFO  epoch 93 evaluating [time: 2.12s, valid_score: 0.037000]
Wed 10 Jul 2024 17:50:58 INFO  valid result: 
recall@10 : 0.023    recall@20 : 0.037    ndcg@10 : 0.02    ndcg@20 : 0.026    mrr@10 : 0.04    mrr@20 : 0.044    hit@10 : 0.099    hit@20 : 0.149    precision@10 : 0.011    precision@20 : 0.009
Wed 10 Jul 2024 17:50:58 INFO  epoch 94 training [time: 0.56s, train loss: 6.3710]
Wed 10 Jul 2024 17:51:00 INFO  epoch 94 evaluating [time: 2.13s, valid_score: 0.037000]
Wed 10 Jul 2024 17:51:00 INFO  valid result: 
recall@10 : 0.023    recall@20 : 0.037    ndcg@10 : 0.02    ndcg@20 : 0.026    mrr@10 : 0.039    mrr@20 : 0.042    hit@10 : 0.099    hit@20 : 0.148    precision@10 : 0.011    precision@20 : 0.009
Wed 10 Jul 2024 17:51:01 INFO  epoch 95 training [time: 0.46s, train loss: 6.3480]
Wed 10 Jul 2024 17:51:03 INFO  epoch 95 evaluating [time: 2.19s, valid_score: 0.037000]
Wed 10 Jul 2024 17:51:03 INFO  valid result: 
recall@10 : 0.023    recall@20 : 0.037    ndcg@10 : 0.02    ndcg@20 : 0.026    mrr@10 : 0.04    mrr@20 : 0.043    hit@10 : 0.099    hit@20 : 0.149    precision@10 : 0.011    precision@20 : 0.009
