Tue 09 Jul 2024 12:30:26 INFO  ['run_recbole.py', '--model=ANS', '--dataset=ml-100k']
Tue 09 Jul 2024 12:30:26 INFO  
General Hyper Parameters:
gpu_id = 0
use_gpu = True
seed = 2020
state = INFO
reproducibility = True
data_path = /home/simeon/Git_Repositories/ANS-Recbole/recbole/config/../dataset_example/ml-100k
checkpoint_dir = saved
show_progress = True
save_dataset = False
dataset_save_path = None
save_dataloaders = False
dataloaders_save_path = None
log_wandb = False

Training Hyper Parameters:
epochs = 500
train_batch_size = 4096
learner = adam
learning_rate = 0.0001
train_neg_sample_args = {'distribution': 'uniform', 'sample_num': 5, 'alpha': 1.0, 'dynamic': False, 'candidate_num': 0}
eval_step = 1
stopping_step = 10
clip_grad_norm = None
weight_decay = 0.0
loss_decimal_place = 4

Evaluation Hyper Parameters:
eval_args = {'split': {'RS': [0.8, 0.1, 0.1]}, 'group_by': 'user', 'order': 'RO', 'mode': 'full'}
repeatable = False
metrics = ['Recall', 'NDCG', 'MRR', 'Hit', 'Precision']
topk = [10, 20]
valid_metric = Recall@20
valid_metric_bigger = True
eval_batch_size = 4096
metric_decimal_place = 3

Dataset Hyper Parameters:
field_separator = 	
seq_separator =  
USER_ID_FIELD = user_id
ITEM_ID_FIELD = item_id
RATING_FIELD = rating
TIME_FIELD = timestamp
seq_len = None
LABEL_FIELD = label
threshold = None
NEG_PREFIX = neg_
load_col = {'inter': ['user_id', 'item_id']}
unload_col = None
unused_col = None
additional_feat_suffix = None
rm_dup_inter = None
val_interval = None
filter_inter_by_user_or_item = True
user_inter_num_interval = None
item_inter_num_interval = None
alias_of_user_id = None
alias_of_item_id = None
alias_of_entity_id = None
alias_of_relation_id = None
preload_weight = None
normalize_field = None
normalize_all = True
ITEM_LIST_LENGTH_FIELD = item_length
LIST_SUFFIX = _list
MAX_ITEM_LIST_LENGTH = 50
POSITION_FIELD = position_id
HEAD_ENTITY_ID_FIELD = head_id
TAIL_ENTITY_ID_FIELD = tail_id
RELATION_ID_FIELD = relation_id
ENTITY_ID_FIELD = entity_id
kg_reverse_r = False
entity_kg_num_interval = None
relation_kg_num_interval = None
benchmark_filename = None

Other Hyper Parameters: 
worker = 0
wandb_project = recbole
shuffle = True
plot_learning_curve = False
require_pow = False
enable_amp = False
enable_scaler = True
transform = None
train_after_converge = False
positive_sampling = True
model_name_custom = -
data_augmentation = False
Q = 8
K = 3
P = 20
embedding_size = 64
n_layers = 2
reg_weight = 0.001
eps = 0.3579063307361654
gamma = 0.03
numerical_features = []
discretization = None
MODEL_TYPE = ModelType.GENERAL
MODEL_INPUT_TYPE = InputType.PAIRWISE
eval_type = EvaluatorType.RANKING
single_spec = True
local_rank = 0
device = cuda
eval_neg_sample_args = {'distribution': 'uniform', 'sample_num': 'none'}


Tue 09 Jul 2024 12:30:26 INFO  ml-100k
The number of users: 944
Average actions of users: 106.04453870625663
The number of items: 1683
Average actions of items: 59.45303210463734
The number of inters: 100000
The sparsity of the dataset: 93.70575143257098%
Remain Fields: ['user_id', 'item_id']
Tue 09 Jul 2024 12:30:26 INFO  [Training]: train_batch_size = [4096] train_neg_sample_args: [{'distribution': 'uniform', 'sample_num': 5, 'alpha': 1.0, 'dynamic': False, 'candidate_num': 0}]
Tue 09 Jul 2024 12:30:26 INFO  [Evaluation]: eval_batch_size = [4096] eval_args: [{'split': {'RS': [0.8, 0.1, 0.1]}, 'group_by': 'user', 'order': 'RO', 'mode': 'full'}]
Tue 09 Jul 2024 12:30:27 INFO  ANS(
  (user_embedding): Embedding(944, 64)
  (item_embedding): Embedding(1683, 64)
  (mf_loss): BPRLoss()
  (reg_loss): EmbLoss()
  (user_gate): Linear(in_features=64, out_features=64, bias=True)
  (item_gate): Linear(in_features=64, out_features=64, bias=True)
  (pos_gate): Linear(in_features=64, out_features=64, bias=True)
  (neg_gate): Linear(in_features=64, out_features=64, bias=True)
  (hard_gate): Linear(in_features=64, out_features=64, bias=True)
  (conf_gate): Linear(in_features=64, out_features=64, bias=True)
  (easy_gate): Linear(in_features=64, out_features=64, bias=True)
  (margin_model): Linear(in_features=64, out_features=1, bias=True)
)
Trainable parameters: 197313
Tue 09 Jul 2024 12:30:28 INFO  FLOPs: 0.0
Tue 09 Jul 2024 12:30:31 INFO  epoch 0 training [time: 2.11s, train loss: 74.7694]
Tue 09 Jul 2024 12:30:31 INFO  epoch 0 evaluating [time: 0.41s, valid_score: 0.013000]
Tue 09 Jul 2024 12:30:31 INFO  valid result: 
recall@10 : 0.007    recall@20 : 0.013    ndcg@10 : 0.009    ndcg@20 : 0.011    mrr@10 : 0.024    mrr@20 : 0.028    hit@10 : 0.071    hit@20 : 0.126    precision@10 : 0.007    precision@20 : 0.007
Tue 09 Jul 2024 12:30:31 INFO  Saving current: saved/ANS-Jul-09-2024_12-30-28.pth
Tue 09 Jul 2024 12:30:33 INFO  epoch 1 training [time: 1.45s, train loss: 74.7135]
Tue 09 Jul 2024 12:30:33 INFO  epoch 1 evaluating [time: 0.36s, valid_score: 0.014000]
Tue 09 Jul 2024 12:30:33 INFO  valid result: 
recall@10 : 0.007    recall@20 : 0.014    ndcg@10 : 0.009    ndcg@20 : 0.011    mrr@10 : 0.025    mrr@20 : 0.029    hit@10 : 0.073    hit@20 : 0.129    precision@10 : 0.008    precision@20 : 0.007
Tue 09 Jul 2024 12:30:33 INFO  Saving current: saved/ANS-Jul-09-2024_12-30-28.pth
Tue 09 Jul 2024 12:30:35 INFO  epoch 2 training [time: 1.48s, train loss: 74.6619]
Tue 09 Jul 2024 12:30:35 INFO  epoch 2 evaluating [time: 0.36s, valid_score: 0.013000]
Tue 09 Jul 2024 12:30:35 INFO  valid result: 
recall@10 : 0.007    recall@20 : 0.013    ndcg@10 : 0.01    ndcg@20 : 0.011    mrr@10 : 0.026    mrr@20 : 0.03    hit@10 : 0.077    hit@20 : 0.13    precision@10 : 0.008    precision@20 : 0.008
Tue 09 Jul 2024 12:30:36 INFO  epoch 3 training [time: 1.56s, train loss: 74.6162]
Tue 09 Jul 2024 12:30:37 INFO  epoch 3 evaluating [time: 0.36s, valid_score: 0.014000]
Tue 09 Jul 2024 12:30:37 INFO  valid result: 
recall@10 : 0.007    recall@20 : 0.014    ndcg@10 : 0.011    ndcg@20 : 0.012    mrr@10 : 0.029    mrr@20 : 0.033    hit@10 : 0.082    hit@20 : 0.135    precision@10 : 0.009    precision@20 : 0.008
Tue 09 Jul 2024 12:30:37 INFO  Saving current: saved/ANS-Jul-09-2024_12-30-28.pth
Tue 09 Jul 2024 12:30:38 INFO  epoch 4 training [time: 1.39s, train loss: 74.5742]
Tue 09 Jul 2024 12:30:39 INFO  epoch 4 evaluating [time: 0.34s, valid_score: 0.014000]
Tue 09 Jul 2024 12:30:39 INFO  valid result: 
recall@10 : 0.007    recall@20 : 0.014    ndcg@10 : 0.011    ndcg@20 : 0.012    mrr@10 : 0.03    mrr@20 : 0.033    hit@10 : 0.086    hit@20 : 0.133    precision@10 : 0.009    precision@20 : 0.008
Tue 09 Jul 2024 12:30:39 INFO  Saving current: saved/ANS-Jul-09-2024_12-30-28.pth
Tue 09 Jul 2024 12:30:40 INFO  epoch 5 training [time: 1.42s, train loss: 74.5346]
Tue 09 Jul 2024 12:30:40 INFO  epoch 5 evaluating [time: 0.38s, valid_score: 0.014000]
Tue 09 Jul 2024 12:30:40 INFO  valid result: 
recall@10 : 0.008    recall@20 : 0.014    ndcg@10 : 0.012    ndcg@20 : 0.013    mrr@10 : 0.031    mrr@20 : 0.034    hit@10 : 0.091    hit@20 : 0.131    precision@10 : 0.01    precision@20 : 0.008
Tue 09 Jul 2024 12:30:40 INFO  Saving current: saved/ANS-Jul-09-2024_12-30-28.pth
Tue 09 Jul 2024 12:30:42 INFO  epoch 6 training [time: 1.40s, train loss: 74.4986]
Tue 09 Jul 2024 12:30:42 INFO  epoch 6 evaluating [time: 0.35s, valid_score: 0.013000]
Tue 09 Jul 2024 12:30:42 INFO  valid result: 
recall@10 : 0.008    recall@20 : 0.013    ndcg@10 : 0.012    ndcg@20 : 0.013    mrr@10 : 0.033    mrr@20 : 0.035    hit@10 : 0.094    hit@20 : 0.134    precision@10 : 0.01    precision@20 : 0.008
Tue 09 Jul 2024 12:30:44 INFO  epoch 7 training [time: 1.53s, train loss: 74.4670]
Tue 09 Jul 2024 12:30:44 INFO  epoch 7 evaluating [time: 0.38s, valid_score: 0.015000]
Tue 09 Jul 2024 12:30:44 INFO  valid result: 
recall@10 : 0.009    recall@20 : 0.015    ndcg@10 : 0.013    ndcg@20 : 0.014    mrr@10 : 0.034    mrr@20 : 0.037    hit@10 : 0.099    hit@20 : 0.14    precision@10 : 0.011    precision@20 : 0.008
Tue 09 Jul 2024 12:30:44 INFO  Saving current: saved/ANS-Jul-09-2024_12-30-28.pth
Tue 09 Jul 2024 12:30:45 INFO  epoch 8 training [time: 1.43s, train loss: 74.4371]
Tue 09 Jul 2024 12:30:46 INFO  epoch 8 evaluating [time: 0.41s, valid_score: 0.015000]
Tue 09 Jul 2024 12:30:46 INFO  valid result: 
recall@10 : 0.009    recall@20 : 0.015    ndcg@10 : 0.013    ndcg@20 : 0.014    mrr@10 : 0.035    mrr@20 : 0.038    hit@10 : 0.098    hit@20 : 0.145    precision@10 : 0.011    precision@20 : 0.009
Tue 09 Jul 2024 12:30:46 INFO  Saving current: saved/ANS-Jul-09-2024_12-30-28.pth
Tue 09 Jul 2024 12:30:47 INFO  epoch 9 training [time: 1.44s, train loss: 74.4092]
Tue 09 Jul 2024 12:30:48 INFO  epoch 9 evaluating [time: 0.34s, valid_score: 0.015000]
Tue 09 Jul 2024 12:30:48 INFO  valid result: 
recall@10 : 0.009    recall@20 : 0.015    ndcg@10 : 0.014    ndcg@20 : 0.015    mrr@10 : 0.036    mrr@20 : 0.04    hit@10 : 0.1    hit@20 : 0.152    precision@10 : 0.011    precision@20 : 0.009
Tue 09 Jul 2024 12:30:48 INFO  Saving current: saved/ANS-Jul-09-2024_12-30-28.pth
Tue 09 Jul 2024 12:30:49 INFO  epoch 10 training [time: 1.38s, train loss: 74.3837]
Tue 09 Jul 2024 12:30:49 INFO  epoch 10 evaluating [time: 0.37s, valid_score: 0.015000]
Tue 09 Jul 2024 12:30:49 INFO  valid result: 
recall@10 : 0.009    recall@20 : 0.015    ndcg@10 : 0.014    ndcg@20 : 0.015    mrr@10 : 0.037    mrr@20 : 0.04    hit@10 : 0.099    hit@20 : 0.153    precision@10 : 0.011    precision@20 : 0.009
Tue 09 Jul 2024 12:30:49 INFO  Saving current: saved/ANS-Jul-09-2024_12-30-28.pth
Tue 09 Jul 2024 12:30:51 INFO  epoch 11 training [time: 1.53s, train loss: 74.3602]
Tue 09 Jul 2024 12:30:51 INFO  epoch 11 evaluating [time: 0.35s, valid_score: 0.016000]
Tue 09 Jul 2024 12:30:51 INFO  valid result: 
recall@10 : 0.01    recall@20 : 0.016    ndcg@10 : 0.014    ndcg@20 : 0.015    mrr@10 : 0.037    mrr@20 : 0.04    hit@10 : 0.103    hit@20 : 0.156    precision@10 : 0.012    precision@20 : 0.01
Tue 09 Jul 2024 12:30:51 INFO  Saving current: saved/ANS-Jul-09-2024_12-30-28.pth
Tue 09 Jul 2024 12:30:53 INFO  epoch 12 training [time: 1.40s, train loss: 74.3360]
Tue 09 Jul 2024 12:30:53 INFO  epoch 12 evaluating [time: 0.38s, valid_score: 0.018000]
Tue 09 Jul 2024 12:30:53 INFO  valid result: 
recall@10 : 0.01    recall@20 : 0.018    ndcg@10 : 0.015    ndcg@20 : 0.016    mrr@10 : 0.038    mrr@20 : 0.042    hit@10 : 0.103    hit@20 : 0.165    precision@10 : 0.012    precision@20 : 0.01
Tue 09 Jul 2024 12:30:53 INFO  Saving current: saved/ANS-Jul-09-2024_12-30-28.pth
Tue 09 Jul 2024 12:30:55 INFO  epoch 13 training [time: 1.67s, train loss: 74.3161]
Tue 09 Jul 2024 12:30:55 INFO  epoch 13 evaluating [time: 0.38s, valid_score: 0.018000]
Tue 09 Jul 2024 12:30:55 INFO  valid result: 
recall@10 : 0.011    recall@20 : 0.018    ndcg@10 : 0.015    ndcg@20 : 0.017    mrr@10 : 0.039    mrr@20 : 0.043    hit@10 : 0.109    hit@20 : 0.174    precision@10 : 0.012    precision@20 : 0.01
Tue 09 Jul 2024 12:30:55 INFO  Saving current: saved/ANS-Jul-09-2024_12-30-28.pth
Tue 09 Jul 2024 12:30:57 INFO  epoch 14 training [time: 1.40s, train loss: 74.2976]
Tue 09 Jul 2024 12:30:57 INFO  epoch 14 evaluating [time: 0.33s, valid_score: 0.019000]
Tue 09 Jul 2024 12:30:57 INFO  valid result: 
recall@10 : 0.012    recall@20 : 0.019    ndcg@10 : 0.016    ndcg@20 : 0.017    mrr@10 : 0.04    mrr@20 : 0.044    hit@10 : 0.115    hit@20 : 0.176    precision@10 : 0.013    precision@20 : 0.011
Tue 09 Jul 2024 12:30:57 INFO  Saving current: saved/ANS-Jul-09-2024_12-30-28.pth
Tue 09 Jul 2024 12:30:58 INFO  epoch 15 training [time: 1.46s, train loss: 74.2782]
Tue 09 Jul 2024 12:30:59 INFO  epoch 15 evaluating [time: 0.33s, valid_score: 0.019000]
Tue 09 Jul 2024 12:30:59 INFO  valid result: 
recall@10 : 0.012    recall@20 : 0.019    ndcg@10 : 0.016    ndcg@20 : 0.018    mrr@10 : 0.04    mrr@20 : 0.045    hit@10 : 0.111    hit@20 : 0.18    precision@10 : 0.013    precision@20 : 0.011
Tue 09 Jul 2024 12:30:59 INFO  Saving current: saved/ANS-Jul-09-2024_12-30-28.pth
Tue 09 Jul 2024 12:31:00 INFO  epoch 16 training [time: 1.38s, train loss: 74.2633]
Tue 09 Jul 2024 12:31:00 INFO  epoch 16 evaluating [time: 0.34s, valid_score: 0.020000]
Tue 09 Jul 2024 12:31:00 INFO  valid result: 
recall@10 : 0.011    recall@20 : 0.02    ndcg@10 : 0.017    ndcg@20 : 0.019    mrr@10 : 0.042    mrr@20 : 0.047    hit@10 : 0.116    hit@20 : 0.191    precision@10 : 0.013    precision@20 : 0.012
Tue 09 Jul 2024 12:31:00 INFO  Saving current: saved/ANS-Jul-09-2024_12-30-28.pth
Tue 09 Jul 2024 12:31:02 INFO  epoch 17 training [time: 1.43s, train loss: 74.2489]
Tue 09 Jul 2024 12:31:02 INFO  epoch 17 evaluating [time: 0.33s, valid_score: 0.020000]
Tue 09 Jul 2024 12:31:02 INFO  valid result: 
recall@10 : 0.013    recall@20 : 0.02    ndcg@10 : 0.017    ndcg@20 : 0.019    mrr@10 : 0.044    mrr@20 : 0.049    hit@10 : 0.121    hit@20 : 0.195    precision@10 : 0.014    precision@20 : 0.012
Tue 09 Jul 2024 12:31:02 INFO  Saving current: saved/ANS-Jul-09-2024_12-30-28.pth
Tue 09 Jul 2024 12:31:04 INFO  epoch 18 training [time: 1.37s, train loss: 74.2343]
Tue 09 Jul 2024 12:31:04 INFO  epoch 18 evaluating [time: 0.36s, valid_score: 0.021000]
Tue 09 Jul 2024 12:31:04 INFO  valid result: 
recall@10 : 0.013    recall@20 : 0.021    ndcg@10 : 0.018    ndcg@20 : 0.02    mrr@10 : 0.046    mrr@20 : 0.051    hit@10 : 0.122    hit@20 : 0.198    precision@10 : 0.014    precision@20 : 0.013
Tue 09 Jul 2024 12:31:04 INFO  Saving current: saved/ANS-Jul-09-2024_12-30-28.pth
Tue 09 Jul 2024 12:31:05 INFO  epoch 19 training [time: 1.41s, train loss: 74.2212]
Tue 09 Jul 2024 12:31:06 INFO  epoch 19 evaluating [time: 0.34s, valid_score: 0.021000]
Tue 09 Jul 2024 12:31:06 INFO  valid result: 
recall@10 : 0.013    recall@20 : 0.021    ndcg@10 : 0.019    ndcg@20 : 0.02    mrr@10 : 0.047    mrr@20 : 0.052    hit@10 : 0.127    hit@20 : 0.199    precision@10 : 0.015    precision@20 : 0.013
Tue 09 Jul 2024 12:31:06 INFO  Saving current: saved/ANS-Jul-09-2024_12-30-28.pth
Tue 09 Jul 2024 12:31:07 INFO  epoch 20 training [time: 1.42s, train loss: 74.2099]
Tue 09 Jul 2024 12:31:08 INFO  epoch 20 evaluating [time: 0.37s, valid_score: 0.021000]
Tue 09 Jul 2024 12:31:08 INFO  valid result: 
recall@10 : 0.014    recall@20 : 0.021    ndcg@10 : 0.019    ndcg@20 : 0.02    mrr@10 : 0.049    mrr@20 : 0.054    hit@10 : 0.133    hit@20 : 0.204    precision@10 : 0.015    precision@20 : 0.013
Tue 09 Jul 2024 12:31:08 INFO  Saving current: saved/ANS-Jul-09-2024_12-30-28.pth
Tue 09 Jul 2024 12:31:09 INFO  epoch 21 training [time: 1.43s, train loss: 74.1989]
Tue 09 Jul 2024 12:31:09 INFO  epoch 21 evaluating [time: 0.36s, valid_score: 0.022000]
Tue 09 Jul 2024 12:31:09 INFO  valid result: 
recall@10 : 0.015    recall@20 : 0.022    ndcg@10 : 0.02    ndcg@20 : 0.021    mrr@10 : 0.051    mrr@20 : 0.055    hit@10 : 0.138    hit@20 : 0.204    precision@10 : 0.016    precision@20 : 0.013
Tue 09 Jul 2024 12:31:09 INFO  Saving current: saved/ANS-Jul-09-2024_12-30-28.pth
Tue 09 Jul 2024 12:31:11 INFO  epoch 22 training [time: 1.47s, train loss: 74.1878]
Tue 09 Jul 2024 12:31:11 INFO  epoch 22 evaluating [time: 0.35s, valid_score: 0.023000]
Tue 09 Jul 2024 12:31:11 INFO  valid result: 
recall@10 : 0.014    recall@20 : 0.023    ndcg@10 : 0.02    ndcg@20 : 0.022    mrr@10 : 0.051    mrr@20 : 0.056    hit@10 : 0.137    hit@20 : 0.21    precision@10 : 0.016    precision@20 : 0.014
Tue 09 Jul 2024 12:31:11 INFO  Saving current: saved/ANS-Jul-09-2024_12-30-28.pth
Tue 09 Jul 2024 12:31:13 INFO  epoch 23 training [time: 1.42s, train loss: 74.1779]
Tue 09 Jul 2024 12:31:13 INFO  epoch 23 evaluating [time: 0.39s, valid_score: 0.025000]
Tue 09 Jul 2024 12:31:13 INFO  valid result: 
recall@10 : 0.015    recall@20 : 0.025    ndcg@10 : 0.021    ndcg@20 : 0.023    mrr@10 : 0.051    mrr@20 : 0.056    hit@10 : 0.145    hit@20 : 0.217    precision@10 : 0.017    precision@20 : 0.015
Tue 09 Jul 2024 12:31:13 INFO  Saving current: saved/ANS-Jul-09-2024_12-30-28.pth
Tue 09 Jul 2024 12:31:14 INFO  epoch 24 training [time: 1.40s, train loss: 74.1692]
Tue 09 Jul 2024 12:31:15 INFO  epoch 24 evaluating [time: 0.37s, valid_score: 0.026000]
Tue 09 Jul 2024 12:31:15 INFO  valid result: 
recall@10 : 0.015    recall@20 : 0.026    ndcg@10 : 0.021    ndcg@20 : 0.023    mrr@10 : 0.052    mrr@20 : 0.058    hit@10 : 0.148    hit@20 : 0.226    precision@10 : 0.018    precision@20 : 0.015
Tue 09 Jul 2024 12:31:15 INFO  Saving current: saved/ANS-Jul-09-2024_12-30-28.pth
Tue 09 Jul 2024 12:31:16 INFO  epoch 25 training [time: 1.41s, train loss: 74.1607]
Tue 09 Jul 2024 12:31:16 INFO  epoch 25 evaluating [time: 0.34s, valid_score: 0.028000]
Tue 09 Jul 2024 12:31:16 INFO  valid result: 
recall@10 : 0.017    recall@20 : 0.028    ndcg@10 : 0.022    ndcg@20 : 0.024    mrr@10 : 0.054    mrr@20 : 0.06    hit@10 : 0.156    hit@20 : 0.239    precision@10 : 0.019    precision@20 : 0.016
Tue 09 Jul 2024 12:31:16 INFO  Saving current: saved/ANS-Jul-09-2024_12-30-28.pth
Tue 09 Jul 2024 12:31:18 INFO  epoch 26 training [time: 1.51s, train loss: 74.1527]
Tue 09 Jul 2024 12:31:18 INFO  epoch 26 evaluating [time: 0.34s, valid_score: 0.031000]
Tue 09 Jul 2024 12:31:18 INFO  valid result: 
recall@10 : 0.017    recall@20 : 0.031    ndcg@10 : 0.023    ndcg@20 : 0.026    mrr@10 : 0.055    mrr@20 : 0.062    hit@10 : 0.157    hit@20 : 0.25    precision@10 : 0.019    precision@20 : 0.017
Tue 09 Jul 2024 12:31:18 INFO  Saving current: saved/ANS-Jul-09-2024_12-30-28.pth
Tue 09 Jul 2024 12:31:20 INFO  epoch 27 training [time: 1.45s, train loss: 74.1449]
Tue 09 Jul 2024 12:31:20 INFO  epoch 27 evaluating [time: 0.39s, valid_score: 0.033000]
Tue 09 Jul 2024 12:31:20 INFO  valid result: 
recall@10 : 0.018    recall@20 : 0.033    ndcg@10 : 0.025    ndcg@20 : 0.028    mrr@10 : 0.058    mrr@20 : 0.065    hit@10 : 0.168    hit@20 : 0.265    precision@10 : 0.02    precision@20 : 0.018
Tue 09 Jul 2024 12:31:20 INFO  Saving current: saved/ANS-Jul-09-2024_12-30-28.pth
Tue 09 Jul 2024 12:31:22 INFO  epoch 28 training [time: 1.47s, train loss: 74.1379]
Tue 09 Jul 2024 12:31:22 INFO  epoch 28 evaluating [time: 0.35s, valid_score: 0.035000]
Tue 09 Jul 2024 12:31:22 INFO  valid result: 
recall@10 : 0.019    recall@20 : 0.035    ndcg@10 : 0.024    ndcg@20 : 0.029    mrr@10 : 0.057    mrr@20 : 0.065    hit@10 : 0.165    hit@20 : 0.279    precision@10 : 0.02    precision@20 : 0.019
Tue 09 Jul 2024 12:31:22 INFO  Saving current: saved/ANS-Jul-09-2024_12-30-28.pth
Tue 09 Jul 2024 12:31:24 INFO  epoch 29 training [time: 1.50s, train loss: 74.1310]
Tue 09 Jul 2024 12:31:24 INFO  epoch 29 evaluating [time: 0.36s, valid_score: 0.039000]
Tue 09 Jul 2024 12:31:24 INFO  valid result: 
recall@10 : 0.02    recall@20 : 0.039    ndcg@10 : 0.027    ndcg@20 : 0.032    mrr@10 : 0.064    mrr@20 : 0.072    hit@10 : 0.174    hit@20 : 0.29    precision@10 : 0.022    precision@20 : 0.021
Tue 09 Jul 2024 12:31:24 INFO  Saving current: saved/ANS-Jul-09-2024_12-30-28.pth
Tue 09 Jul 2024 12:31:25 INFO  epoch 30 training [time: 1.42s, train loss: 74.1248]
Tue 09 Jul 2024 12:31:26 INFO  epoch 30 evaluating [time: 0.37s, valid_score: 0.042000]
Tue 09 Jul 2024 12:31:26 INFO  valid result: 
recall@10 : 0.024    recall@20 : 0.042    ndcg@10 : 0.03    ndcg@20 : 0.034    mrr@10 : 0.068    mrr@20 : 0.076    hit@10 : 0.194    hit@20 : 0.303    precision@10 : 0.025    precision@20 : 0.022
Tue 09 Jul 2024 12:31:26 INFO  Saving current: saved/ANS-Jul-09-2024_12-30-28.pth
Tue 09 Jul 2024 12:31:27 INFO  epoch 31 training [time: 1.38s, train loss: 74.1177]
Tue 09 Jul 2024 12:31:27 INFO  epoch 31 evaluating [time: 0.38s, valid_score: 0.044000]
Tue 09 Jul 2024 12:31:27 INFO  valid result: 
recall@10 : 0.027    recall@20 : 0.044    ndcg@10 : 0.033    ndcg@20 : 0.037    mrr@10 : 0.075    mrr@20 : 0.082    hit@10 : 0.213    hit@20 : 0.313    precision@10 : 0.027    precision@20 : 0.023
Tue 09 Jul 2024 12:31:27 INFO  Saving current: saved/ANS-Jul-09-2024_12-30-28.pth
Tue 09 Jul 2024 12:31:29 INFO  epoch 32 training [time: 1.41s, train loss: 74.1123]
Tue 09 Jul 2024 12:31:29 INFO  epoch 32 evaluating [time: 0.36s, valid_score: 0.048000]
Tue 09 Jul 2024 12:31:29 INFO  valid result: 
recall@10 : 0.028    recall@20 : 0.048    ndcg@10 : 0.036    ndcg@20 : 0.04    mrr@10 : 0.079    mrr@20 : 0.086    hit@10 : 0.226    hit@20 : 0.328    precision@10 : 0.029    precision@20 : 0.025
Tue 09 Jul 2024 12:31:29 INFO  Saving current: saved/ANS-Jul-09-2024_12-30-28.pth
Tue 09 Jul 2024 12:31:31 INFO  epoch 33 training [time: 1.43s, train loss: 74.1048]
Tue 09 Jul 2024 12:31:31 INFO  epoch 33 evaluating [time: 0.37s, valid_score: 0.051000]
Tue 09 Jul 2024 12:31:31 INFO  valid result: 
recall@10 : 0.031    recall@20 : 0.051    ndcg@10 : 0.038    ndcg@20 : 0.042    mrr@10 : 0.083    mrr@20 : 0.09    hit@10 : 0.242    hit@20 : 0.341    precision@10 : 0.031    precision@20 : 0.026
Tue 09 Jul 2024 12:31:31 INFO  Saving current: saved/ANS-Jul-09-2024_12-30-28.pth
Tue 09 Jul 2024 12:31:33 INFO  epoch 34 training [time: 1.48s, train loss: 74.0985]
Tue 09 Jul 2024 12:31:33 INFO  epoch 34 evaluating [time: 0.37s, valid_score: 0.056000]
Tue 09 Jul 2024 12:31:33 INFO  valid result: 
recall@10 : 0.035    recall@20 : 0.056    ndcg@10 : 0.042    ndcg@20 : 0.046    mrr@10 : 0.091    mrr@20 : 0.099    hit@10 : 0.257    hit@20 : 0.365    precision@10 : 0.034    precision@20 : 0.028
Tue 09 Jul 2024 12:31:33 INFO  Saving current: saved/ANS-Jul-09-2024_12-30-28.pth
Tue 09 Jul 2024 12:31:34 INFO  epoch 35 training [time: 1.58s, train loss: 74.0916]
Tue 09 Jul 2024 12:31:35 INFO  epoch 35 evaluating [time: 0.44s, valid_score: 0.062000]
Tue 09 Jul 2024 12:31:35 INFO  valid result: 
recall@10 : 0.038    recall@20 : 0.062    ndcg@10 : 0.045    ndcg@20 : 0.05    mrr@10 : 0.097    mrr@20 : 0.104    hit@10 : 0.281    hit@20 : 0.389    precision@10 : 0.038    precision@20 : 0.031
Tue 09 Jul 2024 12:31:35 INFO  Saving current: saved/ANS-Jul-09-2024_12-30-28.pth
Tue 09 Jul 2024 12:31:36 INFO  epoch 36 training [time: 1.52s, train loss: 74.0844]
Tue 09 Jul 2024 12:31:37 INFO  epoch 36 evaluating [time: 0.36s, valid_score: 0.070000]
Tue 09 Jul 2024 12:31:37 INFO  valid result: 
recall@10 : 0.042    recall@20 : 0.07    ndcg@10 : 0.051    ndcg@20 : 0.057    mrr@10 : 0.108    mrr@20 : 0.116    hit@10 : 0.302    hit@20 : 0.416    precision@10 : 0.041    precision@20 : 0.035
Tue 09 Jul 2024 12:31:37 INFO  Saving current: saved/ANS-Jul-09-2024_12-30-28.pth
Tue 09 Jul 2024 12:31:38 INFO  epoch 37 training [time: 1.43s, train loss: 74.0771]
Tue 09 Jul 2024 12:31:39 INFO  epoch 37 evaluating [time: 0.41s, valid_score: 0.077000]
Tue 09 Jul 2024 12:31:39 INFO  valid result: 
recall@10 : 0.048    recall@20 : 0.077    ndcg@10 : 0.056    ndcg@20 : 0.063    mrr@10 : 0.121    mrr@20 : 0.13    hit@10 : 0.317    hit@20 : 0.442    precision@10 : 0.044    precision@20 : 0.038
Tue 09 Jul 2024 12:31:39 INFO  Saving current: saved/ANS-Jul-09-2024_12-30-28.pth
Tue 09 Jul 2024 12:31:40 INFO  epoch 38 training [time: 1.50s, train loss: 74.0671]
Tue 09 Jul 2024 12:31:41 INFO  epoch 38 evaluating [time: 0.38s, valid_score: 0.088000]
Tue 09 Jul 2024 12:31:41 INFO  valid result: 
recall@10 : 0.054    recall@20 : 0.088    ndcg@10 : 0.063    ndcg@20 : 0.071    mrr@10 : 0.134    mrr@20 : 0.143    hit@10 : 0.35    hit@20 : 0.471    precision@10 : 0.05    precision@20 : 0.042
Tue 09 Jul 2024 12:31:41 INFO  Saving current: saved/ANS-Jul-09-2024_12-30-28.pth
Tue 09 Jul 2024 12:31:42 INFO  epoch 39 training [time: 1.51s, train loss: 74.0577]
Tue 09 Jul 2024 12:31:42 INFO  epoch 39 evaluating [time: 0.35s, valid_score: 0.098000]
Tue 09 Jul 2024 12:31:42 INFO  valid result: 
recall@10 : 0.059    recall@20 : 0.098    ndcg@10 : 0.071    ndcg@20 : 0.08    mrr@10 : 0.152    mrr@20 : 0.161    hit@10 : 0.373    hit@20 : 0.499    precision@10 : 0.054    precision@20 : 0.047
Tue 09 Jul 2024 12:31:42 INFO  Saving current: saved/ANS-Jul-09-2024_12-30-28.pth
Tue 09 Jul 2024 12:31:44 INFO  epoch 40 training [time: 1.60s, train loss: 74.0451]
Tue 09 Jul 2024 12:31:44 INFO  epoch 40 evaluating [time: 0.40s, valid_score: 0.112000]
Tue 09 Jul 2024 12:31:44 INFO  valid result: 
recall@10 : 0.066    recall@20 : 0.112    ndcg@10 : 0.079    ndcg@20 : 0.089    mrr@10 : 0.166    mrr@20 : 0.175    hit@10 : 0.394    hit@20 : 0.536    precision@10 : 0.059    precision@20 : 0.05
Tue 09 Jul 2024 12:31:44 INFO  Saving current: saved/ANS-Jul-09-2024_12-30-28.pth
Tue 09 Jul 2024 12:31:46 INFO  epoch 41 training [time: 1.53s, train loss: 74.0313]
Tue 09 Jul 2024 12:31:46 INFO  epoch 41 evaluating [time: 0.38s, valid_score: 0.126000]
Tue 09 Jul 2024 12:31:46 INFO  valid result: 
recall@10 : 0.077    recall@20 : 0.126    ndcg@10 : 0.09    ndcg@20 : 0.101    mrr@10 : 0.179    mrr@20 : 0.189    hit@10 : 0.426    hit@20 : 0.572    precision@10 : 0.068    precision@20 : 0.056
Tue 09 Jul 2024 12:31:46 INFO  Saving current: saved/ANS-Jul-09-2024_12-30-28.pth
Tue 09 Jul 2024 12:31:48 INFO  epoch 42 training [time: 1.46s, train loss: 74.0149]
Tue 09 Jul 2024 12:31:48 INFO  epoch 42 evaluating [time: 0.38s, valid_score: 0.136000]
Tue 09 Jul 2024 12:31:48 INFO  valid result: 
recall@10 : 0.088    recall@20 : 0.136    ndcg@10 : 0.1    ndcg@20 : 0.11    mrr@10 : 0.193    mrr@20 : 0.201    hit@10 : 0.467    hit@20 : 0.595    precision@10 : 0.075    precision@20 : 0.06
Tue 09 Jul 2024 12:31:48 INFO  Saving current: saved/ANS-Jul-09-2024_12-30-28.pth
Tue 09 Jul 2024 12:31:50 INFO  epoch 43 training [time: 1.38s, train loss: 73.9944]
Tue 09 Jul 2024 12:31:50 INFO  epoch 43 evaluating [time: 0.34s, valid_score: 0.154000]
Tue 09 Jul 2024 12:31:50 INFO  valid result: 
recall@10 : 0.096    recall@20 : 0.154    ndcg@10 : 0.109    ndcg@20 : 0.122    mrr@10 : 0.207    mrr@20 : 0.216    hit@10 : 0.49    hit@20 : 0.619    precision@10 : 0.081    precision@20 : 0.066
Tue 09 Jul 2024 12:31:50 INFO  Saving current: saved/ANS-Jul-09-2024_12-30-28.pth
Tue 09 Jul 2024 12:31:51 INFO  epoch 44 training [time: 1.42s, train loss: 73.9695]
Tue 09 Jul 2024 12:31:52 INFO  epoch 44 evaluating [time: 0.39s, valid_score: 0.168000]
Tue 09 Jul 2024 12:31:52 INFO  valid result: 
recall@10 : 0.108    recall@20 : 0.168    ndcg@10 : 0.123    ndcg@20 : 0.136    mrr@10 : 0.234    mrr@20 : 0.243    hit@10 : 0.512    hit@20 : 0.638    precision@10 : 0.088    precision@20 : 0.071
Tue 09 Jul 2024 12:31:52 INFO  Saving current: saved/ANS-Jul-09-2024_12-30-28.pth
Tue 09 Jul 2024 12:31:53 INFO  epoch 45 training [time: 1.37s, train loss: 73.9402]
Tue 09 Jul 2024 12:31:54 INFO  epoch 45 evaluating [time: 0.38s, valid_score: 0.187000]
Tue 09 Jul 2024 12:31:54 INFO  valid result: 
recall@10 : 0.118    recall@20 : 0.187    ndcg@10 : 0.134    ndcg@20 : 0.149    mrr@10 : 0.247    mrr@20 : 0.256    hit@10 : 0.541    hit@20 : 0.667    precision@10 : 0.096    precision@20 : 0.078
Tue 09 Jul 2024 12:31:54 INFO  Saving current: saved/ANS-Jul-09-2024_12-30-28.pth
Tue 09 Jul 2024 12:31:55 INFO  epoch 46 training [time: 1.41s, train loss: 73.8997]
Tue 09 Jul 2024 12:31:55 INFO  epoch 46 evaluating [time: 0.39s, valid_score: 0.208000]
Tue 09 Jul 2024 12:31:55 INFO  valid result: 
recall@10 : 0.128    recall@20 : 0.208    ndcg@10 : 0.145    ndcg@20 : 0.164    mrr@10 : 0.267    mrr@20 : 0.276    hit@10 : 0.565    hit@20 : 0.701    precision@10 : 0.103    precision@20 : 0.085
Tue 09 Jul 2024 12:31:55 INFO  Saving current: saved/ANS-Jul-09-2024_12-30-28.pth
Tue 09 Jul 2024 12:31:57 INFO  epoch 47 training [time: 1.33s, train loss: 73.8481]
Tue 09 Jul 2024 12:31:57 INFO  epoch 47 evaluating [time: 0.40s, valid_score: 0.221000]
Tue 09 Jul 2024 12:31:57 INFO  valid result: 
recall@10 : 0.139    recall@20 : 0.221    ndcg@10 : 0.157    ndcg@20 : 0.177    mrr@10 : 0.29    mrr@20 : 0.299    hit@10 : 0.589    hit@20 : 0.724    precision@10 : 0.11    precision@20 : 0.091
Tue 09 Jul 2024 12:31:57 INFO  Saving current: saved/ANS-Jul-09-2024_12-30-28.pth
Tue 09 Jul 2024 12:31:58 INFO  epoch 48 training [time: 1.32s, train loss: 73.7822]
Tue 09 Jul 2024 12:31:59 INFO  epoch 48 evaluating [time: 0.33s, valid_score: 0.235000]
Tue 09 Jul 2024 12:31:59 INFO  valid result: 
recall@10 : 0.152    recall@20 : 0.235    ndcg@10 : 0.171    ndcg@20 : 0.188    mrr@10 : 0.308    mrr@20 : 0.317    hit@10 : 0.617    hit@20 : 0.741    precision@10 : 0.121    precision@20 : 0.096
Tue 09 Jul 2024 12:31:59 INFO  Saving current: saved/ANS-Jul-09-2024_12-30-28.pth
Tue 09 Jul 2024 12:32:00 INFO  epoch 49 training [time: 1.37s, train loss: 73.6974]
Tue 09 Jul 2024 12:32:00 INFO  epoch 49 evaluating [time: 0.32s, valid_score: 0.249000]
Tue 09 Jul 2024 12:32:00 INFO  valid result: 
recall@10 : 0.159    recall@20 : 0.249    ndcg@10 : 0.179    ndcg@20 : 0.199    mrr@10 : 0.32    mrr@20 : 0.329    hit@10 : 0.634    hit@20 : 0.761    precision@10 : 0.127    precision@20 : 0.102
Tue 09 Jul 2024 12:32:00 INFO  Saving current: saved/ANS-Jul-09-2024_12-30-28.pth
Tue 09 Jul 2024 12:32:02 INFO  epoch 50 training [time: 1.33s, train loss: 73.5915]
Tue 09 Jul 2024 12:32:02 INFO  epoch 50 evaluating [time: 0.34s, valid_score: 0.257000]
Tue 09 Jul 2024 12:32:02 INFO  valid result: 
recall@10 : 0.171    recall@20 : 0.257    ndcg@10 : 0.191    ndcg@20 : 0.208    mrr@10 : 0.338    mrr@20 : 0.345    hit@10 : 0.663    hit@20 : 0.774    precision@10 : 0.135    precision@20 : 0.106
Tue 09 Jul 2024 12:32:02 INFO  Saving current: saved/ANS-Jul-09-2024_12-30-28.pth
Tue 09 Jul 2024 12:32:03 INFO  epoch 51 training [time: 1.36s, train loss: 73.4735]
Tue 09 Jul 2024 12:32:04 INFO  epoch 51 evaluating [time: 0.33s, valid_score: 0.267000]
Tue 09 Jul 2024 12:32:04 INFO  valid result: 
recall@10 : 0.18    recall@20 : 0.267    ndcg@10 : 0.198    ndcg@20 : 0.216    mrr@10 : 0.348    mrr@20 : 0.356    hit@10 : 0.684    hit@20 : 0.789    precision@10 : 0.14    precision@20 : 0.11
Tue 09 Jul 2024 12:32:04 INFO  Saving current: saved/ANS-Jul-09-2024_12-30-28.pth
Tue 09 Jul 2024 12:32:05 INFO  epoch 52 training [time: 1.31s, train loss: 73.3339]
Tue 09 Jul 2024 12:32:05 INFO  epoch 52 evaluating [time: 0.32s, valid_score: 0.275000]
Tue 09 Jul 2024 12:32:05 INFO  valid result: 
recall@10 : 0.183    recall@20 : 0.275    ndcg@10 : 0.202    ndcg@20 : 0.221    mrr@10 : 0.357    mrr@20 : 0.365    hit@10 : 0.683    hit@20 : 0.803    precision@10 : 0.143    precision@20 : 0.113
Tue 09 Jul 2024 12:32:05 INFO  Saving current: saved/ANS-Jul-09-2024_12-30-28.pth
Tue 09 Jul 2024 12:32:07 INFO  epoch 53 training [time: 1.30s, train loss: 73.1788]
Tue 09 Jul 2024 12:32:07 INFO  epoch 53 evaluating [time: 0.38s, valid_score: 0.283000]
Tue 09 Jul 2024 12:32:07 INFO  valid result: 
recall@10 : 0.187    recall@20 : 0.283    ndcg@10 : 0.207    ndcg@20 : 0.228    mrr@10 : 0.364    mrr@20 : 0.373    hit@10 : 0.69    hit@20 : 0.817    precision@10 : 0.146    precision@20 : 0.116
Tue 09 Jul 2024 12:32:07 INFO  Saving current: saved/ANS-Jul-09-2024_12-30-28.pth
Tue 09 Jul 2024 12:32:09 INFO  epoch 54 training [time: 1.44s, train loss: 73.0041]
Tue 09 Jul 2024 12:32:09 INFO  epoch 54 evaluating [time: 0.32s, valid_score: 0.291000]
Tue 09 Jul 2024 12:32:09 INFO  valid result: 
recall@10 : 0.19    recall@20 : 0.291    ndcg@10 : 0.212    ndcg@20 : 0.234    mrr@10 : 0.372    mrr@20 : 0.38    hit@10 : 0.703    hit@20 : 0.825    precision@10 : 0.147    precision@20 : 0.119
Tue 09 Jul 2024 12:32:09 INFO  Saving current: saved/ANS-Jul-09-2024_12-30-28.pth
Tue 09 Jul 2024 12:32:10 INFO  epoch 55 training [time: 1.31s, train loss: 72.8053]
Tue 09 Jul 2024 12:32:11 INFO  epoch 55 evaluating [time: 0.33s, valid_score: 0.295000]
Tue 09 Jul 2024 12:32:11 INFO  valid result: 
recall@10 : 0.192    recall@20 : 0.295    ndcg@10 : 0.214    ndcg@20 : 0.237    mrr@10 : 0.376    mrr@20 : 0.384    hit@10 : 0.708    hit@20 : 0.827    precision@10 : 0.149    precision@20 : 0.12
Tue 09 Jul 2024 12:32:11 INFO  Saving current: saved/ANS-Jul-09-2024_12-30-28.pth
Tue 09 Jul 2024 12:32:12 INFO  epoch 56 training [time: 1.61s, train loss: 72.5860]
Tue 09 Jul 2024 12:32:13 INFO  epoch 56 evaluating [time: 0.43s, valid_score: 0.296000]
Tue 09 Jul 2024 12:32:13 INFO  valid result: 
recall@10 : 0.195    recall@20 : 0.296    ndcg@10 : 0.218    ndcg@20 : 0.24    mrr@10 : 0.383    mrr@20 : 0.391    hit@10 : 0.717    hit@20 : 0.828    precision@10 : 0.151    precision@20 : 0.12
Tue 09 Jul 2024 12:32:13 INFO  Saving current: saved/ANS-Jul-09-2024_12-30-28.pth
Tue 09 Jul 2024 12:32:14 INFO  epoch 57 training [time: 1.71s, train loss: 72.3596]
Tue 09 Jul 2024 12:32:15 INFO  epoch 57 evaluating [time: 0.44s, valid_score: 0.301000]
Tue 09 Jul 2024 12:32:15 INFO  valid result: 
recall@10 : 0.199    recall@20 : 0.301    ndcg@10 : 0.22    ndcg@20 : 0.242    mrr@10 : 0.383    mrr@20 : 0.392    hit@10 : 0.718    hit@20 : 0.835    precision@10 : 0.153    precision@20 : 0.121
Tue 09 Jul 2024 12:32:15 INFO  Saving current: saved/ANS-Jul-09-2024_12-30-28.pth
Tue 09 Jul 2024 12:32:16 INFO  epoch 58 training [time: 1.56s, train loss: 72.1321]
Tue 09 Jul 2024 12:32:17 INFO  epoch 58 evaluating [time: 0.35s, valid_score: 0.303000]
Tue 09 Jul 2024 12:32:17 INFO  valid result: 
recall@10 : 0.203    recall@20 : 0.303    ndcg@10 : 0.223    ndcg@20 : 0.244    mrr@10 : 0.384    mrr@20 : 0.392    hit@10 : 0.727    hit@20 : 0.834    precision@10 : 0.155    precision@20 : 0.122
Tue 09 Jul 2024 12:32:17 INFO  Saving current: saved/ANS-Jul-09-2024_12-30-28.pth
Tue 09 Jul 2024 12:32:18 INFO  epoch 59 training [time: 1.51s, train loss: 71.8392]
Tue 09 Jul 2024 12:32:19 INFO  epoch 59 evaluating [time: 0.36s, valid_score: 0.305000]
Tue 09 Jul 2024 12:32:19 INFO  valid result: 
recall@10 : 0.205    recall@20 : 0.305    ndcg@10 : 0.225    ndcg@20 : 0.246    mrr@10 : 0.388    mrr@20 : 0.396    hit@10 : 0.729    hit@20 : 0.834    precision@10 : 0.157    precision@20 : 0.122
Tue 09 Jul 2024 12:32:19 INFO  Saving current: saved/ANS-Jul-09-2024_12-30-28.pth
Tue 09 Jul 2024 12:32:20 INFO  epoch 60 training [time: 1.52s, train loss: 71.5720]
Tue 09 Jul 2024 12:32:21 INFO  epoch 60 evaluating [time: 0.50s, valid_score: 0.308000]
Tue 09 Jul 2024 12:32:21 INFO  valid result: 
recall@10 : 0.205    recall@20 : 0.308    ndcg@10 : 0.226    ndcg@20 : 0.248    mrr@10 : 0.39    mrr@20 : 0.398    hit@10 : 0.73    hit@20 : 0.841    precision@10 : 0.156    precision@20 : 0.123
Tue 09 Jul 2024 12:32:21 INFO  Saving current: saved/ANS-Jul-09-2024_12-30-28.pth
Tue 09 Jul 2024 12:32:22 INFO  epoch 61 training [time: 1.59s, train loss: 71.2845]
Tue 09 Jul 2024 12:32:23 INFO  epoch 61 evaluating [time: 0.38s, valid_score: 0.308000]
Tue 09 Jul 2024 12:32:23 INFO  valid result: 
recall@10 : 0.209    recall@20 : 0.308    ndcg@10 : 0.229    ndcg@20 : 0.249    mrr@10 : 0.397    mrr@20 : 0.404    hit@10 : 0.734    hit@20 : 0.84    precision@10 : 0.158    precision@20 : 0.123
Tue 09 Jul 2024 12:32:23 INFO  Saving current: saved/ANS-Jul-09-2024_12-30-28.pth
Tue 09 Jul 2024 12:32:24 INFO  epoch 62 training [time: 1.55s, train loss: 70.9553]
Tue 09 Jul 2024 12:32:25 INFO  epoch 62 evaluating [time: 0.36s, valid_score: 0.308000]
Tue 09 Jul 2024 12:32:25 INFO  valid result: 
recall@10 : 0.21    recall@20 : 0.308    ndcg@10 : 0.23    ndcg@20 : 0.25    mrr@10 : 0.396    mrr@20 : 0.403    hit@10 : 0.735    hit@20 : 0.839    precision@10 : 0.158    precision@20 : 0.123
Tue 09 Jul 2024 12:32:25 INFO  Saving current: saved/ANS-Jul-09-2024_12-30-28.pth
Tue 09 Jul 2024 12:32:26 INFO  epoch 63 training [time: 1.43s, train loss: 70.6422]
Tue 09 Jul 2024 12:32:26 INFO  epoch 63 evaluating [time: 0.38s, valid_score: 0.306000]
Tue 09 Jul 2024 12:32:26 INFO  valid result: 
recall@10 : 0.209    recall@20 : 0.306    ndcg@10 : 0.23    ndcg@20 : 0.25    mrr@10 : 0.401    mrr@20 : 0.407    hit@10 : 0.735    hit@20 : 0.832    precision@10 : 0.157    precision@20 : 0.122
Tue 09 Jul 2024 12:32:28 INFO  epoch 64 training [time: 1.72s, train loss: 70.3182]
Tue 09 Jul 2024 12:32:28 INFO  epoch 64 evaluating [time: 0.34s, valid_score: 0.307000]
Tue 09 Jul 2024 12:32:28 INFO  valid result: 
recall@10 : 0.21    recall@20 : 0.307    ndcg@10 : 0.232    ndcg@20 : 0.251    mrr@10 : 0.402    mrr@20 : 0.409    hit@10 : 0.736    hit@20 : 0.837    precision@10 : 0.158    precision@20 : 0.123
Tue 09 Jul 2024 12:32:30 INFO  epoch 65 training [time: 1.45s, train loss: 69.9754]
Tue 09 Jul 2024 12:32:30 INFO  epoch 65 evaluating [time: 0.35s, valid_score: 0.307000]
Tue 09 Jul 2024 12:32:30 INFO  valid result: 
recall@10 : 0.211    recall@20 : 0.307    ndcg@10 : 0.233    ndcg@20 : 0.252    mrr@10 : 0.405    mrr@20 : 0.412    hit@10 : 0.737    hit@20 : 0.838    precision@10 : 0.159    precision@20 : 0.123
Tue 09 Jul 2024 12:32:32 INFO  epoch 66 training [time: 1.45s, train loss: 69.5911]
Tue 09 Jul 2024 12:32:32 INFO  epoch 66 evaluating [time: 0.36s, valid_score: 0.309000]
Tue 09 Jul 2024 12:32:32 INFO  valid result: 
recall@10 : 0.213    recall@20 : 0.309    ndcg@10 : 0.235    ndcg@20 : 0.254    mrr@10 : 0.408    mrr@20 : 0.414    hit@10 : 0.741    hit@20 : 0.839    precision@10 : 0.16    precision@20 : 0.123
Tue 09 Jul 2024 12:32:32 INFO  Saving current: saved/ANS-Jul-09-2024_12-30-28.pth
Tue 09 Jul 2024 12:32:34 INFO  epoch 67 training [time: 1.60s, train loss: 69.2701]
Tue 09 Jul 2024 12:32:34 INFO  epoch 67 evaluating [time: 0.39s, valid_score: 0.310000]
Tue 09 Jul 2024 12:32:34 INFO  valid result: 
recall@10 : 0.213    recall@20 : 0.31    ndcg@10 : 0.234    ndcg@20 : 0.253    mrr@10 : 0.404    mrr@20 : 0.411    hit@10 : 0.739    hit@20 : 0.84    precision@10 : 0.16    precision@20 : 0.124
Tue 09 Jul 2024 12:32:34 INFO  Saving current: saved/ANS-Jul-09-2024_12-30-28.pth
Tue 09 Jul 2024 12:32:36 INFO  epoch 68 training [time: 1.54s, train loss: 68.9223]
Tue 09 Jul 2024 12:32:36 INFO  epoch 68 evaluating [time: 0.33s, valid_score: 0.310000]
Tue 09 Jul 2024 12:32:36 INFO  valid result: 
recall@10 : 0.212    recall@20 : 0.31    ndcg@10 : 0.234    ndcg@20 : 0.253    mrr@10 : 0.402    mrr@20 : 0.409    hit@10 : 0.74    hit@20 : 0.841    precision@10 : 0.16    precision@20 : 0.124
Tue 09 Jul 2024 12:32:36 INFO  Saving current: saved/ANS-Jul-09-2024_12-30-28.pth
Tue 09 Jul 2024 12:32:37 INFO  epoch 69 training [time: 1.49s, train loss: 68.5397]
Tue 09 Jul 2024 12:32:38 INFO  epoch 69 evaluating [time: 0.36s, valid_score: 0.310000]
Tue 09 Jul 2024 12:32:38 INFO  valid result: 
recall@10 : 0.213    recall@20 : 0.31    ndcg@10 : 0.234    ndcg@20 : 0.254    mrr@10 : 0.405    mrr@20 : 0.412    hit@10 : 0.741    hit@20 : 0.84    precision@10 : 0.16    precision@20 : 0.124
Tue 09 Jul 2024 12:32:38 INFO  Saving current: saved/ANS-Jul-09-2024_12-30-28.pth
Tue 09 Jul 2024 12:32:39 INFO  epoch 70 training [time: 1.47s, train loss: 68.1598]
Tue 09 Jul 2024 12:32:40 INFO  epoch 70 evaluating [time: 0.36s, valid_score: 0.312000]
Tue 09 Jul 2024 12:32:40 INFO  valid result: 
recall@10 : 0.212    recall@20 : 0.312    ndcg@10 : 0.235    ndcg@20 : 0.255    mrr@10 : 0.406    mrr@20 : 0.413    hit@10 : 0.739    hit@20 : 0.842    precision@10 : 0.16    precision@20 : 0.124
Tue 09 Jul 2024 12:32:40 INFO  Saving current: saved/ANS-Jul-09-2024_12-30-28.pth
Tue 09 Jul 2024 12:32:41 INFO  epoch 71 training [time: 1.63s, train loss: 67.8289]
Tue 09 Jul 2024 12:32:42 INFO  epoch 71 evaluating [time: 0.39s, valid_score: 0.311000]
Tue 09 Jul 2024 12:32:42 INFO  valid result: 
recall@10 : 0.212    recall@20 : 0.311    ndcg@10 : 0.235    ndcg@20 : 0.254    mrr@10 : 0.405    mrr@20 : 0.412    hit@10 : 0.743    hit@20 : 0.84    precision@10 : 0.16    precision@20 : 0.124
Tue 09 Jul 2024 12:32:43 INFO  epoch 72 training [time: 1.50s, train loss: 67.4275]
Tue 09 Jul 2024 12:32:43 INFO  epoch 72 evaluating [time: 0.35s, valid_score: 0.314000]
Tue 09 Jul 2024 12:32:43 INFO  valid result: 
recall@10 : 0.211    recall@20 : 0.314    ndcg@10 : 0.235    ndcg@20 : 0.256    mrr@10 : 0.407    mrr@20 : 0.415    hit@10 : 0.737    hit@20 : 0.846    precision@10 : 0.16    precision@20 : 0.124
Tue 09 Jul 2024 12:32:43 INFO  Saving current: saved/ANS-Jul-09-2024_12-30-28.pth
Tue 09 Jul 2024 12:32:45 INFO  epoch 73 training [time: 1.57s, train loss: 67.0441]
Tue 09 Jul 2024 12:32:45 INFO  epoch 73 evaluating [time: 0.37s, valid_score: 0.312000]
Tue 09 Jul 2024 12:32:45 INFO  valid result: 
recall@10 : 0.211    recall@20 : 0.312    ndcg@10 : 0.236    ndcg@20 : 0.257    mrr@10 : 0.408    mrr@20 : 0.416    hit@10 : 0.739    hit@20 : 0.842    precision@10 : 0.16    precision@20 : 0.124
Tue 09 Jul 2024 12:32:47 INFO  epoch 74 training [time: 1.44s, train loss: 66.6924]
Tue 09 Jul 2024 12:32:47 INFO  epoch 74 evaluating [time: 0.35s, valid_score: 0.314000]
Tue 09 Jul 2024 12:32:47 INFO  valid result: 
recall@10 : 0.212    recall@20 : 0.314    ndcg@10 : 0.236    ndcg@20 : 0.257    mrr@10 : 0.409    mrr@20 : 0.416    hit@10 : 0.742    hit@20 : 0.845    precision@10 : 0.16    precision@20 : 0.125
Tue 09 Jul 2024 12:32:47 INFO  Saving current: saved/ANS-Jul-09-2024_12-30-28.pth
Tue 09 Jul 2024 12:32:49 INFO  epoch 75 training [time: 1.53s, train loss: 66.3732]
Tue 09 Jul 2024 12:32:49 INFO  epoch 75 evaluating [time: 0.38s, valid_score: 0.316000]
Tue 09 Jul 2024 12:32:49 INFO  valid result: 
recall@10 : 0.214    recall@20 : 0.316    ndcg@10 : 0.237    ndcg@20 : 0.259    mrr@10 : 0.41    mrr@20 : 0.417    hit@10 : 0.747    hit@20 : 0.85    precision@10 : 0.16    precision@20 : 0.125
Tue 09 Jul 2024 12:32:49 INFO  Saving current: saved/ANS-Jul-09-2024_12-30-28.pth
Tue 09 Jul 2024 12:32:51 INFO  epoch 76 training [time: 1.57s, train loss: 66.0069]
Tue 09 Jul 2024 12:32:51 INFO  epoch 76 evaluating [time: 0.34s, valid_score: 0.318000]
Tue 09 Jul 2024 12:32:51 INFO  valid result: 
recall@10 : 0.214    recall@20 : 0.318    ndcg@10 : 0.237    ndcg@20 : 0.259    mrr@10 : 0.409    mrr@20 : 0.416    hit@10 : 0.747    hit@20 : 0.854    precision@10 : 0.16    precision@20 : 0.126
Tue 09 Jul 2024 12:32:51 INFO  Saving current: saved/ANS-Jul-09-2024_12-30-28.pth
Tue 09 Jul 2024 12:32:52 INFO  epoch 77 training [time: 1.43s, train loss: 65.7053]
Tue 09 Jul 2024 12:32:53 INFO  epoch 77 evaluating [time: 0.41s, valid_score: 0.318000]
Tue 09 Jul 2024 12:32:53 INFO  valid result: 
recall@10 : 0.216    recall@20 : 0.318    ndcg@10 : 0.237    ndcg@20 : 0.259    mrr@10 : 0.41    mrr@20 : 0.417    hit@10 : 0.751    hit@20 : 0.855    precision@10 : 0.161    precision@20 : 0.126
Tue 09 Jul 2024 12:32:53 INFO  Saving current: saved/ANS-Jul-09-2024_12-30-28.pth
Tue 09 Jul 2024 12:32:54 INFO  epoch 78 training [time: 1.53s, train loss: 65.3879]
Tue 09 Jul 2024 12:32:55 INFO  epoch 78 evaluating [time: 0.44s, valid_score: 0.321000]
Tue 09 Jul 2024 12:32:55 INFO  valid result: 
recall@10 : 0.214    recall@20 : 0.321    ndcg@10 : 0.237    ndcg@20 : 0.259    mrr@10 : 0.407    mrr@20 : 0.415    hit@10 : 0.751    hit@20 : 0.859    precision@10 : 0.161    precision@20 : 0.126
Tue 09 Jul 2024 12:32:55 INFO  Saving current: saved/ANS-Jul-09-2024_12-30-28.pth
Tue 09 Jul 2024 12:32:56 INFO  epoch 79 training [time: 1.54s, train loss: 65.0538]
Tue 09 Jul 2024 12:32:57 INFO  epoch 79 evaluating [time: 0.37s, valid_score: 0.321000]
Tue 09 Jul 2024 12:32:57 INFO  valid result: 
recall@10 : 0.214    recall@20 : 0.321    ndcg@10 : 0.237    ndcg@20 : 0.26    mrr@10 : 0.408    mrr@20 : 0.415    hit@10 : 0.75    hit@20 : 0.86    precision@10 : 0.161    precision@20 : 0.127
Tue 09 Jul 2024 12:32:57 INFO  Saving current: saved/ANS-Jul-09-2024_12-30-28.pth
Tue 09 Jul 2024 12:32:58 INFO  epoch 80 training [time: 1.45s, train loss: 64.7020]
Tue 09 Jul 2024 12:32:59 INFO  epoch 80 evaluating [time: 0.43s, valid_score: 0.322000]
Tue 09 Jul 2024 12:32:59 INFO  valid result: 
recall@10 : 0.215    recall@20 : 0.322    ndcg@10 : 0.237    ndcg@20 : 0.26    mrr@10 : 0.405    mrr@20 : 0.412    hit@10 : 0.751    hit@20 : 0.86    precision@10 : 0.162    precision@20 : 0.127
Tue 09 Jul 2024 12:32:59 INFO  Saving current: saved/ANS-Jul-09-2024_12-30-28.pth
Tue 09 Jul 2024 12:33:00 INFO  epoch 81 training [time: 1.51s, train loss: 64.5004]
Tue 09 Jul 2024 12:33:01 INFO  epoch 81 evaluating [time: 0.35s, valid_score: 0.323000]
Tue 09 Jul 2024 12:33:01 INFO  valid result: 
recall@10 : 0.214    recall@20 : 0.323    ndcg@10 : 0.236    ndcg@20 : 0.26    mrr@10 : 0.404    mrr@20 : 0.412    hit@10 : 0.751    hit@20 : 0.86    precision@10 : 0.161    precision@20 : 0.127
Tue 09 Jul 2024 12:33:01 INFO  Saving current: saved/ANS-Jul-09-2024_12-30-28.pth
Tue 09 Jul 2024 12:33:02 INFO  epoch 82 training [time: 1.60s, train loss: 64.1208]
Tue 09 Jul 2024 12:33:03 INFO  epoch 82 evaluating [time: 0.37s, valid_score: 0.322000]
Tue 09 Jul 2024 12:33:03 INFO  valid result: 
recall@10 : 0.214    recall@20 : 0.322    ndcg@10 : 0.237    ndcg@20 : 0.26    mrr@10 : 0.405    mrr@20 : 0.413    hit@10 : 0.751    hit@20 : 0.86    precision@10 : 0.162    precision@20 : 0.127
Tue 09 Jul 2024 12:33:04 INFO  epoch 83 training [time: 1.59s, train loss: 63.8799]
Tue 09 Jul 2024 12:33:04 INFO  epoch 83 evaluating [time: 0.35s, valid_score: 0.323000]
Tue 09 Jul 2024 12:33:04 INFO  valid result: 
recall@10 : 0.214    recall@20 : 0.323    ndcg@10 : 0.237    ndcg@20 : 0.261    mrr@10 : 0.406    mrr@20 : 0.414    hit@10 : 0.749    hit@20 : 0.861    precision@10 : 0.162    precision@20 : 0.127
Tue 09 Jul 2024 12:33:04 INFO  Saving current: saved/ANS-Jul-09-2024_12-30-28.pth
Tue 09 Jul 2024 12:33:06 INFO  epoch 84 training [time: 1.60s, train loss: 63.4972]
Tue 09 Jul 2024 12:33:06 INFO  epoch 84 evaluating [time: 0.34s, valid_score: 0.324000]
Tue 09 Jul 2024 12:33:06 INFO  valid result: 
recall@10 : 0.215    recall@20 : 0.324    ndcg@10 : 0.238    ndcg@20 : 0.261    mrr@10 : 0.406    mrr@20 : 0.414    hit@10 : 0.749    hit@20 : 0.862    precision@10 : 0.163    precision@20 : 0.128
Tue 09 Jul 2024 12:33:06 INFO  Saving current: saved/ANS-Jul-09-2024_12-30-28.pth
Tue 09 Jul 2024 12:33:08 INFO  epoch 85 training [time: 2.07s, train loss: 63.2870]
Tue 09 Jul 2024 12:33:09 INFO  epoch 85 evaluating [time: 0.35s, valid_score: 0.325000]
Tue 09 Jul 2024 12:33:09 INFO  valid result: 
recall@10 : 0.215    recall@20 : 0.325    ndcg@10 : 0.239    ndcg@20 : 0.262    mrr@10 : 0.408    mrr@20 : 0.416    hit@10 : 0.751    hit@20 : 0.861    precision@10 : 0.163    precision@20 : 0.128
Tue 09 Jul 2024 12:33:09 INFO  Saving current: saved/ANS-Jul-09-2024_12-30-28.pth
Tue 09 Jul 2024 12:33:10 INFO  epoch 86 training [time: 1.59s, train loss: 63.1212]
Tue 09 Jul 2024 12:33:11 INFO  epoch 86 evaluating [time: 0.34s, valid_score: 0.326000]
Tue 09 Jul 2024 12:33:11 INFO  valid result: 
recall@10 : 0.215    recall@20 : 0.326    ndcg@10 : 0.239    ndcg@20 : 0.263    mrr@10 : 0.41    mrr@20 : 0.417    hit@10 : 0.75    hit@20 : 0.86    precision@10 : 0.164    precision@20 : 0.129
Tue 09 Jul 2024 12:33:11 INFO  Saving current: saved/ANS-Jul-09-2024_12-30-28.pth
Tue 09 Jul 2024 12:33:12 INFO  epoch 87 training [time: 1.43s, train loss: 62.9073]
Tue 09 Jul 2024 12:33:13 INFO  epoch 87 evaluating [time: 0.38s, valid_score: 0.326000]
Tue 09 Jul 2024 12:33:13 INFO  valid result: 
recall@10 : 0.214    recall@20 : 0.326    ndcg@10 : 0.239    ndcg@20 : 0.264    mrr@10 : 0.409    mrr@20 : 0.417    hit@10 : 0.747    hit@20 : 0.862    precision@10 : 0.163    precision@20 : 0.129
Tue 09 Jul 2024 12:33:13 INFO  Saving current: saved/ANS-Jul-09-2024_12-30-28.pth
Tue 09 Jul 2024 12:33:14 INFO  epoch 88 training [time: 1.74s, train loss: 62.5665]
Tue 09 Jul 2024 12:33:15 INFO  epoch 88 evaluating [time: 0.35s, valid_score: 0.326000]
Tue 09 Jul 2024 12:33:15 INFO  valid result: 
recall@10 : 0.214    recall@20 : 0.326    ndcg@10 : 0.239    ndcg@20 : 0.263    mrr@10 : 0.409    mrr@20 : 0.418    hit@10 : 0.747    hit@20 : 0.861    precision@10 : 0.163    precision@20 : 0.129
Tue 09 Jul 2024 12:33:15 INFO  Saving current: saved/ANS-Jul-09-2024_12-30-28.pth
Tue 09 Jul 2024 12:33:16 INFO  epoch 89 training [time: 1.57s, train loss: 62.3227]
Tue 09 Jul 2024 12:33:17 INFO  epoch 89 evaluating [time: 0.36s, valid_score: 0.326000]
Tue 09 Jul 2024 12:33:17 INFO  valid result: 
recall@10 : 0.215    recall@20 : 0.326    ndcg@10 : 0.239    ndcg@20 : 0.264    mrr@10 : 0.409    mrr@20 : 0.417    hit@10 : 0.748    hit@20 : 0.863    precision@10 : 0.163    precision@20 : 0.129
Tue 09 Jul 2024 12:33:17 INFO  Saving current: saved/ANS-Jul-09-2024_12-30-28.pth
Tue 09 Jul 2024 12:33:18 INFO  epoch 90 training [time: 1.51s, train loss: 61.9970]
Tue 09 Jul 2024 12:33:18 INFO  epoch 90 evaluating [time: 0.34s, valid_score: 0.328000]
Tue 09 Jul 2024 12:33:18 INFO  valid result: 
recall@10 : 0.215    recall@20 : 0.328    ndcg@10 : 0.239    ndcg@20 : 0.265    mrr@10 : 0.41    mrr@20 : 0.418    hit@10 : 0.748    hit@20 : 0.867    precision@10 : 0.163    precision@20 : 0.13
Tue 09 Jul 2024 12:33:18 INFO  Saving current: saved/ANS-Jul-09-2024_12-30-28.pth
Tue 09 Jul 2024 12:33:20 INFO  epoch 91 training [time: 1.47s, train loss: 61.7604]
Tue 09 Jul 2024 12:33:20 INFO  epoch 91 evaluating [time: 0.36s, valid_score: 0.329000]
Tue 09 Jul 2024 12:33:20 INFO  valid result: 
recall@10 : 0.215    recall@20 : 0.329    ndcg@10 : 0.24    ndcg@20 : 0.265    mrr@10 : 0.41    mrr@20 : 0.419    hit@10 : 0.745    hit@20 : 0.865    precision@10 : 0.164    precision@20 : 0.13
Tue 09 Jul 2024 12:33:20 INFO  Saving current: saved/ANS-Jul-09-2024_12-30-28.pth
Tue 09 Jul 2024 12:33:22 INFO  epoch 92 training [time: 1.85s, train loss: 61.7156]
Tue 09 Jul 2024 12:33:23 INFO  epoch 92 evaluating [time: 0.40s, valid_score: 0.329000]
Tue 09 Jul 2024 12:33:23 INFO  valid result: 
recall@10 : 0.215    recall@20 : 0.329    ndcg@10 : 0.24    ndcg@20 : 0.266    mrr@10 : 0.41    mrr@20 : 0.419    hit@10 : 0.745    hit@20 : 0.865    precision@10 : 0.164    precision@20 : 0.13
Tue 09 Jul 2024 12:33:23 INFO  Saving current: saved/ANS-Jul-09-2024_12-30-28.pth
Tue 09 Jul 2024 12:33:24 INFO  epoch 93 training [time: 1.73s, train loss: 61.3213]
Tue 09 Jul 2024 12:33:25 INFO  epoch 93 evaluating [time: 0.35s, valid_score: 0.331000]
Tue 09 Jul 2024 12:33:25 INFO  valid result: 
recall@10 : 0.217    recall@20 : 0.331    ndcg@10 : 0.241    ndcg@20 : 0.266    mrr@10 : 0.412    mrr@20 : 0.42    hit@10 : 0.748    hit@20 : 0.867    precision@10 : 0.164    precision@20 : 0.131
Tue 09 Jul 2024 12:33:25 INFO  Saving current: saved/ANS-Jul-09-2024_12-30-28.pth
Tue 09 Jul 2024 12:33:26 INFO  epoch 94 training [time: 1.48s, train loss: 61.1968]
Tue 09 Jul 2024 12:33:27 INFO  epoch 94 evaluating [time: 0.45s, valid_score: 0.331000]
Tue 09 Jul 2024 12:33:27 INFO  valid result: 
recall@10 : 0.217    recall@20 : 0.331    ndcg@10 : 0.241    ndcg@20 : 0.267    mrr@10 : 0.412    mrr@20 : 0.42    hit@10 : 0.75    hit@20 : 0.866    precision@10 : 0.165    precision@20 : 0.131
Tue 09 Jul 2024 12:33:27 INFO  Saving current: saved/ANS-Jul-09-2024_12-30-28.pth
Tue 09 Jul 2024 12:33:28 INFO  epoch 95 training [time: 1.55s, train loss: 61.0143]
Tue 09 Jul 2024 12:33:28 INFO  epoch 95 evaluating [time: 0.34s, valid_score: 0.332000]
Tue 09 Jul 2024 12:33:28 INFO  valid result: 
recall@10 : 0.217    recall@20 : 0.332    ndcg@10 : 0.241    ndcg@20 : 0.267    mrr@10 : 0.411    mrr@20 : 0.419    hit@10 : 0.752    hit@20 : 0.867    precision@10 : 0.165    precision@20 : 0.131
Tue 09 Jul 2024 12:33:28 INFO  Saving current: saved/ANS-Jul-09-2024_12-30-28.pth
Tue 09 Jul 2024 12:33:30 INFO  epoch 96 training [time: 1.40s, train loss: 60.8933]
Tue 09 Jul 2024 12:33:30 INFO  epoch 96 evaluating [time: 0.40s, valid_score: 0.332000]
Tue 09 Jul 2024 12:33:30 INFO  valid result: 
recall@10 : 0.218    recall@20 : 0.332    ndcg@10 : 0.242    ndcg@20 : 0.267    mrr@10 : 0.412    mrr@20 : 0.42    hit@10 : 0.752    hit@20 : 0.866    precision@10 : 0.165    precision@20 : 0.131
Tue 09 Jul 2024 12:33:30 INFO  Saving current: saved/ANS-Jul-09-2024_12-30-28.pth
Tue 09 Jul 2024 12:33:32 INFO  epoch 97 training [time: 1.54s, train loss: 60.5837]
Tue 09 Jul 2024 12:33:32 INFO  epoch 97 evaluating [time: 0.35s, valid_score: 0.331000]
Tue 09 Jul 2024 12:33:32 INFO  valid result: 
recall@10 : 0.217    recall@20 : 0.331    ndcg@10 : 0.242    ndcg@20 : 0.267    mrr@10 : 0.412    mrr@20 : 0.421    hit@10 : 0.749    hit@20 : 0.865    precision@10 : 0.165    precision@20 : 0.131
Tue 09 Jul 2024 12:33:34 INFO  epoch 98 training [time: 1.41s, train loss: 60.4947]
Tue 09 Jul 2024 12:33:34 INFO  epoch 98 evaluating [time: 0.38s, valid_score: 0.333000]
Tue 09 Jul 2024 12:33:34 INFO  valid result: 
recall@10 : 0.218    recall@20 : 0.333    ndcg@10 : 0.243    ndcg@20 : 0.268    mrr@10 : 0.415    mrr@20 : 0.423    hit@10 : 0.752    hit@20 : 0.866    precision@10 : 0.166    precision@20 : 0.132
Tue 09 Jul 2024 12:33:34 INFO  Saving current: saved/ANS-Jul-09-2024_12-30-28.pth
Tue 09 Jul 2024 12:33:36 INFO  epoch 99 training [time: 1.50s, train loss: 60.2702]
Tue 09 Jul 2024 12:33:36 INFO  epoch 99 evaluating [time: 0.35s, valid_score: 0.333000]
Tue 09 Jul 2024 12:33:36 INFO  valid result: 
recall@10 : 0.217    recall@20 : 0.333    ndcg@10 : 0.243    ndcg@20 : 0.269    mrr@10 : 0.417    mrr@20 : 0.425    hit@10 : 0.754    hit@20 : 0.864    precision@10 : 0.165    precision@20 : 0.132
Tue 09 Jul 2024 12:33:36 INFO  Saving current: saved/ANS-Jul-09-2024_12-30-28.pth
Tue 09 Jul 2024 12:33:37 INFO  epoch 100 training [time: 1.55s, train loss: 60.0945]
Tue 09 Jul 2024 12:33:38 INFO  epoch 100 evaluating [time: 0.43s, valid_score: 0.333000]
Tue 09 Jul 2024 12:33:38 INFO  valid result: 
recall@10 : 0.218    recall@20 : 0.333    ndcg@10 : 0.244    ndcg@20 : 0.269    mrr@10 : 0.418    mrr@20 : 0.426    hit@10 : 0.755    hit@20 : 0.862    precision@10 : 0.167    precision@20 : 0.132
Tue 09 Jul 2024 12:33:38 INFO  Saving current: saved/ANS-Jul-09-2024_12-30-28.pth
Tue 09 Jul 2024 12:33:39 INFO  epoch 101 training [time: 1.54s, train loss: 59.9695]
Tue 09 Jul 2024 12:33:40 INFO  epoch 101 evaluating [time: 0.35s, valid_score: 0.335000]
Tue 09 Jul 2024 12:33:40 INFO  valid result: 
recall@10 : 0.218    recall@20 : 0.335    ndcg@10 : 0.245    ndcg@20 : 0.271    mrr@10 : 0.42    mrr@20 : 0.428    hit@10 : 0.756    hit@20 : 0.863    precision@10 : 0.166    precision@20 : 0.132
Tue 09 Jul 2024 12:33:40 INFO  Saving current: saved/ANS-Jul-09-2024_12-30-28.pth
Tue 09 Jul 2024 12:33:41 INFO  epoch 102 training [time: 1.56s, train loss: 59.7294]
Tue 09 Jul 2024 12:33:42 INFO  epoch 102 evaluating [time: 0.34s, valid_score: 0.334000]
Tue 09 Jul 2024 12:33:42 INFO  valid result: 
recall@10 : 0.221    recall@20 : 0.334    ndcg@10 : 0.245    ndcg@20 : 0.27    mrr@10 : 0.416    mrr@20 : 0.423    hit@10 : 0.76    hit@20 : 0.861    precision@10 : 0.167    precision@20 : 0.132
Tue 09 Jul 2024 12:33:43 INFO  epoch 103 training [time: 1.53s, train loss: 59.5537]
Tue 09 Jul 2024 12:33:44 INFO  epoch 103 evaluating [time: 0.37s, valid_score: 0.334000]
Tue 09 Jul 2024 12:33:44 INFO  valid result: 
recall@10 : 0.221    recall@20 : 0.334    ndcg@10 : 0.245    ndcg@20 : 0.27    mrr@10 : 0.416    mrr@20 : 0.423    hit@10 : 0.758    hit@20 : 0.862    precision@10 : 0.167    precision@20 : 0.133
Tue 09 Jul 2024 12:33:45 INFO  epoch 104 training [time: 1.57s, train loss: 59.4158]
Tue 09 Jul 2024 12:33:45 INFO  epoch 104 evaluating [time: 0.37s, valid_score: 0.336000]
Tue 09 Jul 2024 12:33:45 INFO  valid result: 
recall@10 : 0.221    recall@20 : 0.336    ndcg@10 : 0.245    ndcg@20 : 0.27    mrr@10 : 0.413    mrr@20 : 0.421    hit@10 : 0.759    hit@20 : 0.866    precision@10 : 0.168    precision@20 : 0.133
Tue 09 Jul 2024 12:33:46 INFO  Saving current: saved/ANS-Jul-09-2024_12-30-28.pth
Tue 09 Jul 2024 12:33:47 INFO  epoch 105 training [time: 1.66s, train loss: 59.3682]
Tue 09 Jul 2024 12:33:47 INFO  epoch 105 evaluating [time: 0.33s, valid_score: 0.336000]
Tue 09 Jul 2024 12:33:47 INFO  valid result: 
recall@10 : 0.22    recall@20 : 0.336    ndcg@10 : 0.244    ndcg@20 : 0.27    mrr@10 : 0.414    mrr@20 : 0.422    hit@10 : 0.756    hit@20 : 0.864    precision@10 : 0.166    precision@20 : 0.133
Tue 09 Jul 2024 12:33:48 INFO  Saving current: saved/ANS-Jul-09-2024_12-30-28.pth
Tue 09 Jul 2024 12:33:49 INFO  epoch 106 training [time: 1.44s, train loss: 59.0835]
Tue 09 Jul 2024 12:33:49 INFO  epoch 106 evaluating [time: 0.38s, valid_score: 0.335000]
Tue 09 Jul 2024 12:33:49 INFO  valid result: 
recall@10 : 0.22    recall@20 : 0.335    ndcg@10 : 0.244    ndcg@20 : 0.27    mrr@10 : 0.413    mrr@20 : 0.421    hit@10 : 0.758    hit@20 : 0.864    precision@10 : 0.167    precision@20 : 0.133
Tue 09 Jul 2024 12:33:51 INFO  epoch 107 training [time: 1.46s, train loss: 59.1073]
Tue 09 Jul 2024 12:33:51 INFO  epoch 107 evaluating [time: 0.35s, valid_score: 0.336000]
Tue 09 Jul 2024 12:33:51 INFO  valid result: 
recall@10 : 0.222    recall@20 : 0.336    ndcg@10 : 0.245    ndcg@20 : 0.271    mrr@10 : 0.415    mrr@20 : 0.422    hit@10 : 0.759    hit@20 : 0.865    precision@10 : 0.168    precision@20 : 0.133
Tue 09 Jul 2024 12:33:51 INFO  Saving current: saved/ANS-Jul-09-2024_12-30-28.pth
