Wed 10 Jul 2024 16:21:27 INFO  ['run_recbole.py', '--model=ANS', '--dataset=lastfm']
Wed 10 Jul 2024 16:21:27 INFO  
General Hyper Parameters:
gpu_id = 0
use_gpu = True
seed = 2020
state = INFO
reproducibility = True
data_path = dataset/lastfm
checkpoint_dir = saved
show_progress = True
save_dataset = False
dataset_save_path = None
save_dataloaders = False
dataloaders_save_path = None
log_wandb = False

Training Hyper Parameters:
epochs = 500
train_batch_size = 4096
learner = adam
learning_rate = 0.0001
train_neg_sample_args = {'distribution': 'uniform', 'sample_num': 5, 'alpha': 1.0, 'dynamic': False, 'candidate_num': 0}
eval_step = 1
stopping_step = 10
clip_grad_norm = None
weight_decay = 0.0
loss_decimal_place = 4

Evaluation Hyper Parameters:
eval_args = {'split': {'RS': [0.8, 0.1, 0.1]}, 'group_by': 'user', 'order': 'RO', 'mode': 'full'}
repeatable = False
metrics = ['Recall', 'NDCG', 'MRR', 'Hit', 'Precision']
topk = [10, 20]
valid_metric = Recall@20
valid_metric_bigger = True
eval_batch_size = 4096
metric_decimal_place = 3

Dataset Hyper Parameters:
field_separator = 	
seq_separator =  
USER_ID_FIELD = user_id
ITEM_ID_FIELD = artist_id
RATING_FIELD = rating
TIME_FIELD = timestamp
seq_len = None
LABEL_FIELD = label
threshold = None
NEG_PREFIX = neg_
load_col = {'inter': ['user_id', 'artist_id']}
unload_col = None
unused_col = None
additional_feat_suffix = None
rm_dup_inter = None
val_interval = None
filter_inter_by_user_or_item = True
user_inter_num_interval = None
item_inter_num_interval = None
alias_of_user_id = None
alias_of_item_id = None
alias_of_entity_id = None
alias_of_relation_id = None
preload_weight = None
normalize_field = None
normalize_all = True
ITEM_LIST_LENGTH_FIELD = item_length
LIST_SUFFIX = _list
MAX_ITEM_LIST_LENGTH = 50
POSITION_FIELD = position_id
HEAD_ENTITY_ID_FIELD = head_id
TAIL_ENTITY_ID_FIELD = tail_id
RELATION_ID_FIELD = relation_id
ENTITY_ID_FIELD = entity_id
kg_reverse_r = False
entity_kg_num_interval = None
relation_kg_num_interval = None
benchmark_filename = None

Other Hyper Parameters: 
worker = 0
wandb_project = recbole
shuffle = True
plot_learning_curve = False
require_pow = False
enable_amp = False
enable_scaler = True
transform = None
train_after_converge = True
positive_sampling = True
model_name_custom = -
data_augmentation = False
Q = 8
K = 3
P = 20
embedding_size = 64
n_layers = 4
reg_weight = 0.001
eps = 0.4
gamma = 0.01
numerical_features = []
discretization = None
MODEL_TYPE = ModelType.GENERAL
MODEL_INPUT_TYPE = InputType.PAIRWISE
eval_type = EvaluatorType.RANKING
single_spec = True
local_rank = 0
device = cuda
eval_neg_sample_args = {'distribution': 'uniform', 'sample_num': 'none'}


Wed 10 Jul 2024 16:21:28 INFO  lastfm
The number of users: 1893
Average actions of users: 49.06659619450317
The number of items: 17633
Average actions of items: 5.265086206896552
The number of inters: 92834
The sparsity of the dataset: 99.72188126708227%
Remain Fields: ['user_id', 'artist_id']
Wed 10 Jul 2024 16:21:28 INFO  [Training]: train_batch_size = [4096] train_neg_sample_args: [{'distribution': 'uniform', 'sample_num': 5, 'alpha': 1.0, 'dynamic': False, 'candidate_num': 0}]
Wed 10 Jul 2024 16:21:28 INFO  [Evaluation]: eval_batch_size = [4096] eval_args: [{'split': {'RS': [0.8, 0.1, 0.1]}, 'group_by': 'user', 'order': 'RO', 'mode': 'full'}]
Wed 10 Jul 2024 16:21:29 INFO  ANS(
  (user_embedding): Embedding(1893, 64)
  (item_embedding): Embedding(17633, 64)
  (mf_loss): BPRLoss()
  (reg_loss): EmbLoss()
  (user_gate): Linear(in_features=64, out_features=64, bias=True)
  (item_gate): Linear(in_features=64, out_features=64, bias=True)
  (pos_gate): Linear(in_features=64, out_features=64, bias=True)
  (neg_gate): Linear(in_features=64, out_features=64, bias=True)
  (hard_gate): Linear(in_features=64, out_features=64, bias=True)
  (conf_gate): Linear(in_features=64, out_features=64, bias=True)
  (easy_gate): Linear(in_features=64, out_features=64, bias=True)
  (margin_model): Linear(in_features=64, out_features=1, bias=True)
)
Trainable parameters: 1278849
Wed 10 Jul 2024 16:21:29 INFO  FLOPs: 0.0
Wed 10 Jul 2024 16:21:32 INFO  epoch 0 training [time: 2.34s, train loss: 64.8488]
Wed 10 Jul 2024 16:21:34 INFO  epoch 0 evaluating [time: 1.38s, valid_score: 0.001000]
Wed 10 Jul 2024 16:21:34 INFO  valid result: 
recall@10 : 0.001    recall@20 : 0.001    ndcg@10 : 0.0    ndcg@20 : 0.001    mrr@10 : 0.001    mrr@20 : 0.001    hit@10 : 0.003    hit@20 : 0.004    precision@10 : 0.0    precision@20 : 0.0
Wed 10 Jul 2024 16:21:34 INFO  Saving current: saved/ANS-Jul-10-2024_16-21-29.pth
Wed 10 Jul 2024 16:21:35 INFO  epoch 1 training [time: 1.68s, train loss: 64.7574]
Wed 10 Jul 2024 16:21:37 INFO  epoch 1 evaluating [time: 1.32s, valid_score: 0.002000]
Wed 10 Jul 2024 16:21:37 INFO  valid result: 
recall@10 : 0.001    recall@20 : 0.002    ndcg@10 : 0.001    ndcg@20 : 0.001    mrr@10 : 0.002    mrr@20 : 0.002    hit@10 : 0.007    hit@20 : 0.01    precision@10 : 0.001    precision@20 : 0.001
Wed 10 Jul 2024 16:21:37 INFO  Saving current: saved/ANS-Jul-10-2024_16-21-29.pth
Wed 10 Jul 2024 16:21:38 INFO  epoch 2 training [time: 1.66s, train loss: 64.5276]
Wed 10 Jul 2024 16:21:40 INFO  epoch 2 evaluating [time: 1.39s, valid_score: 0.030000]
Wed 10 Jul 2024 16:21:40 INFO  valid result: 
recall@10 : 0.02    recall@20 : 0.03    ndcg@10 : 0.016    ndcg@20 : 0.02    mrr@10 : 0.028    mrr@20 : 0.031    hit@10 : 0.083    hit@20 : 0.121    precision@10 : 0.01    precision@20 : 0.007
Wed 10 Jul 2024 16:21:40 INFO  Saving current: saved/ANS-Jul-10-2024_16-21-29.pth
Wed 10 Jul 2024 16:21:42 INFO  epoch 3 training [time: 1.69s, train loss: 63.8195]
Wed 10 Jul 2024 16:21:43 INFO  epoch 3 evaluating [time: 1.36s, valid_score: 0.078000]
Wed 10 Jul 2024 16:21:43 INFO  valid result: 
recall@10 : 0.049    recall@20 : 0.078    ndcg@10 : 0.044    ndcg@20 : 0.056    mrr@10 : 0.08    mrr@20 : 0.085    hit@10 : 0.184    hit@20 : 0.259    precision@10 : 0.024    precision@20 : 0.019
Wed 10 Jul 2024 16:21:43 INFO  Saving current: saved/ANS-Jul-10-2024_16-21-29.pth
Wed 10 Jul 2024 16:21:45 INFO  epoch 4 training [time: 1.66s, train loss: 62.1605]
Wed 10 Jul 2024 16:21:46 INFO  epoch 4 evaluating [time: 1.43s, valid_score: 0.098000]
Wed 10 Jul 2024 16:21:46 INFO  valid result: 
recall@10 : 0.065    recall@20 : 0.098    ndcg@10 : 0.056    ndcg@20 : 0.07    mrr@10 : 0.099    mrr@20 : 0.103    hit@10 : 0.226    hit@20 : 0.295    precision@10 : 0.032    precision@20 : 0.024
Wed 10 Jul 2024 16:21:46 INFO  Saving current: saved/ANS-Jul-10-2024_16-21-29.pth
Wed 10 Jul 2024 16:21:48 INFO  epoch 5 training [time: 1.67s, train loss: 59.4454]
Wed 10 Jul 2024 16:21:49 INFO  epoch 5 evaluating [time: 1.32s, valid_score: 0.108000]
Wed 10 Jul 2024 16:21:49 INFO  valid result: 
recall@10 : 0.072    recall@20 : 0.108    ndcg@10 : 0.062    ndcg@20 : 0.077    mrr@10 : 0.106    mrr@20 : 0.112    hit@10 : 0.247    hit@20 : 0.328    precision@10 : 0.035    precision@20 : 0.027
Wed 10 Jul 2024 16:21:49 INFO  Saving current: saved/ANS-Jul-10-2024_16-21-29.pth
Wed 10 Jul 2024 16:21:51 INFO  epoch 6 training [time: 1.65s, train loss: 56.1788]
Wed 10 Jul 2024 16:21:52 INFO  epoch 6 evaluating [time: 1.32s, valid_score: 0.119000]
Wed 10 Jul 2024 16:21:52 INFO  valid result: 
recall@10 : 0.08    recall@20 : 0.119    ndcg@10 : 0.068    ndcg@20 : 0.085    mrr@10 : 0.118    mrr@20 : 0.124    hit@10 : 0.282    hit@20 : 0.365    precision@10 : 0.039    precision@20 : 0.029
Wed 10 Jul 2024 16:21:52 INFO  Saving current: saved/ANS-Jul-10-2024_16-21-29.pth
Wed 10 Jul 2024 16:21:54 INFO  epoch 7 training [time: 1.65s, train loss: 53.0268]
Wed 10 Jul 2024 16:21:55 INFO  epoch 7 evaluating [time: 1.36s, valid_score: 0.130000]
Wed 10 Jul 2024 16:21:55 INFO  valid result: 
recall@10 : 0.086    recall@20 : 0.13    ndcg@10 : 0.073    ndcg@20 : 0.092    mrr@10 : 0.126    mrr@20 : 0.133    hit@10 : 0.309    hit@20 : 0.404    precision@10 : 0.043    precision@20 : 0.032
Wed 10 Jul 2024 16:21:55 INFO  Saving current: saved/ANS-Jul-10-2024_16-21-29.pth
Wed 10 Jul 2024 16:21:57 INFO  epoch 8 training [time: 1.67s, train loss: 50.4315]
Wed 10 Jul 2024 16:21:58 INFO  epoch 8 evaluating [time: 1.45s, valid_score: 0.140000]
Wed 10 Jul 2024 16:21:58 INFO  valid result: 
recall@10 : 0.09    recall@20 : 0.14    ndcg@10 : 0.077    ndcg@20 : 0.098    mrr@10 : 0.134    mrr@20 : 0.142    hit@10 : 0.325    hit@20 : 0.435    precision@10 : 0.045    precision@20 : 0.035
Wed 10 Jul 2024 16:21:58 INFO  Saving current: saved/ANS-Jul-10-2024_16-21-29.pth
Wed 10 Jul 2024 16:22:00 INFO  epoch 9 training [time: 1.66s, train loss: 48.3182]
Wed 10 Jul 2024 16:22:01 INFO  epoch 9 evaluating [time: 1.32s, valid_score: 0.147000]
Wed 10 Jul 2024 16:22:01 INFO  valid result: 
recall@10 : 0.095    recall@20 : 0.147    ndcg@10 : 0.081    ndcg@20 : 0.102    mrr@10 : 0.141    mrr@20 : 0.149    hit@10 : 0.341    hit@20 : 0.458    precision@10 : 0.047    precision@20 : 0.036
Wed 10 Jul 2024 16:22:01 INFO  Saving current: saved/ANS-Jul-10-2024_16-21-29.pth
Wed 10 Jul 2024 16:22:03 INFO  epoch 10 training [time: 1.66s, train loss: 46.6178]
Wed 10 Jul 2024 16:22:04 INFO  epoch 10 evaluating [time: 1.32s, valid_score: 0.150000]
Wed 10 Jul 2024 16:22:04 INFO  valid result: 
recall@10 : 0.095    recall@20 : 0.15    ndcg@10 : 0.08    ndcg@20 : 0.103    mrr@10 : 0.14    mrr@20 : 0.149    hit@10 : 0.344    hit@20 : 0.468    precision@10 : 0.047    precision@20 : 0.037
Wed 10 Jul 2024 16:22:04 INFO  Saving current: saved/ANS-Jul-10-2024_16-21-29.pth
Wed 10 Jul 2024 16:22:06 INFO  epoch 11 training [time: 1.67s, train loss: 45.5535]
Wed 10 Jul 2024 16:22:08 INFO  epoch 11 evaluating [time: 1.45s, valid_score: 0.153000]
Wed 10 Jul 2024 16:22:08 INFO  valid result: 
recall@10 : 0.095    recall@20 : 0.153    ndcg@10 : 0.08    ndcg@20 : 0.104    mrr@10 : 0.139    mrr@20 : 0.148    hit@10 : 0.349    hit@20 : 0.475    precision@10 : 0.047    precision@20 : 0.038
Wed 10 Jul 2024 16:22:08 INFO  Saving current: saved/ANS-Jul-10-2024_16-21-29.pth
Wed 10 Jul 2024 16:22:09 INFO  epoch 12 training [time: 1.66s, train loss: 44.4675]
Wed 10 Jul 2024 16:22:11 INFO  epoch 12 evaluating [time: 1.45s, valid_score: 0.152000]
Wed 10 Jul 2024 16:22:11 INFO  valid result: 
recall@10 : 0.094    recall@20 : 0.152    ndcg@10 : 0.077    ndcg@20 : 0.102    mrr@10 : 0.134    mrr@20 : 0.143    hit@10 : 0.353    hit@20 : 0.478    precision@10 : 0.046    precision@20 : 0.038
Wed 10 Jul 2024 16:22:12 INFO  epoch 13 training [time: 1.69s, train loss: 43.5402]
Wed 10 Jul 2024 16:22:14 INFO  epoch 13 evaluating [time: 1.45s, valid_score: 0.151000]
Wed 10 Jul 2024 16:22:14 INFO  valid result: 
recall@10 : 0.091    recall@20 : 0.151    ndcg@10 : 0.075    ndcg@20 : 0.1    mrr@10 : 0.131    mrr@20 : 0.14    hit@10 : 0.341    hit@20 : 0.481    precision@10 : 0.045    precision@20 : 0.037
Wed 10 Jul 2024 16:22:15 INFO  epoch 14 training [time: 1.70s, train loss: 42.5949]
Wed 10 Jul 2024 16:22:17 INFO  epoch 14 evaluating [time: 1.46s, valid_score: 0.146000]
Wed 10 Jul 2024 16:22:17 INFO  valid result: 
recall@10 : 0.088    recall@20 : 0.146    ndcg@10 : 0.071    ndcg@20 : 0.095    mrr@10 : 0.123    mrr@20 : 0.133    hit@10 : 0.334    hit@20 : 0.474    precision@10 : 0.044    precision@20 : 0.036
Wed 10 Jul 2024 16:22:19 INFO  epoch 15 training [time: 1.67s, train loss: 41.9569]
Wed 10 Jul 2024 16:22:20 INFO  epoch 15 evaluating [time: 1.46s, valid_score: 0.145000]
Wed 10 Jul 2024 16:22:20 INFO  valid result: 
recall@10 : 0.086    recall@20 : 0.145    ndcg@10 : 0.069    ndcg@20 : 0.094    mrr@10 : 0.122    mrr@20 : 0.132    hit@10 : 0.325    hit@20 : 0.475    precision@10 : 0.042    precision@20 : 0.036
Wed 10 Jul 2024 16:22:22 INFO  epoch 16 training [time: 1.68s, train loss: 41.0587]
Wed 10 Jul 2024 16:22:23 INFO  epoch 16 evaluating [time: 1.38s, valid_score: 0.141000]
Wed 10 Jul 2024 16:22:23 INFO  valid result: 
recall@10 : 0.083    recall@20 : 0.141    ndcg@10 : 0.067    ndcg@20 : 0.092    mrr@10 : 0.119    mrr@20 : 0.129    hit@10 : 0.322    hit@20 : 0.473    precision@10 : 0.041    precision@20 : 0.035
Wed 10 Jul 2024 16:22:25 INFO  epoch 17 training [time: 1.70s, train loss: 40.7279]
Wed 10 Jul 2024 16:22:26 INFO  epoch 17 evaluating [time: 1.34s, valid_score: 0.138000]
Wed 10 Jul 2024 16:22:26 INFO  valid result: 
recall@10 : 0.082    recall@20 : 0.138    ndcg@10 : 0.067    ndcg@20 : 0.091    mrr@10 : 0.121    mrr@20 : 0.13    hit@10 : 0.323    hit@20 : 0.468    precision@10 : 0.04    precision@20 : 0.034
Wed 10 Jul 2024 16:22:28 INFO  epoch 18 training [time: 1.66s, train loss: 39.8847]
Wed 10 Jul 2024 16:22:29 INFO  epoch 18 evaluating [time: 1.34s, valid_score: 0.136000]
Wed 10 Jul 2024 16:22:29 INFO  valid result: 
recall@10 : 0.079    recall@20 : 0.136    ndcg@10 : 0.065    ndcg@20 : 0.089    mrr@10 : 0.117    mrr@20 : 0.128    hit@10 : 0.315    hit@20 : 0.472    precision@10 : 0.039    precision@20 : 0.034
Wed 10 Jul 2024 16:22:31 INFO  epoch 19 training [time: 1.78s, train loss: 39.2241]
Wed 10 Jul 2024 16:22:32 INFO  epoch 19 evaluating [time: 1.40s, valid_score: 0.135000]
Wed 10 Jul 2024 16:22:32 INFO  valid result: 
recall@10 : 0.078    recall@20 : 0.135    ndcg@10 : 0.064    ndcg@20 : 0.088    mrr@10 : 0.115    mrr@20 : 0.126    hit@10 : 0.313    hit@20 : 0.468    precision@10 : 0.038    precision@20 : 0.033
Wed 10 Jul 2024 16:22:34 INFO  epoch 20 training [time: 1.79s, train loss: 38.6147]
Wed 10 Jul 2024 16:22:35 INFO  epoch 20 evaluating [time: 1.33s, valid_score: 0.134000]
Wed 10 Jul 2024 16:22:35 INFO  valid result: 
recall@10 : 0.075    recall@20 : 0.134    ndcg@10 : 0.062    ndcg@20 : 0.087    mrr@10 : 0.114    mrr@20 : 0.125    hit@10 : 0.309    hit@20 : 0.464    precision@10 : 0.037    precision@20 : 0.033
Wed 10 Jul 2024 16:22:37 INFO  epoch 21 training [time: 1.69s, train loss: 37.9319]
Wed 10 Jul 2024 16:22:39 INFO  epoch 21 evaluating [time: 1.33s, valid_score: 0.135000]
Wed 10 Jul 2024 16:22:39 INFO  valid result: 
recall@10 : 0.074    recall@20 : 0.135    ndcg@10 : 0.061    ndcg@20 : 0.087    mrr@10 : 0.113    mrr@20 : 0.124    hit@10 : 0.303    hit@20 : 0.463    precision@10 : 0.037    precision@20 : 0.033
Wed 10 Jul 2024 16:22:40 INFO  epoch 22 training [time: 1.66s, train loss: 37.4594]
Wed 10 Jul 2024 16:22:41 INFO  epoch 22 evaluating [time: 1.32s, valid_score: 0.135000]
Wed 10 Jul 2024 16:22:41 INFO  valid result: 
recall@10 : 0.076    recall@20 : 0.135    ndcg@10 : 0.062    ndcg@20 : 0.087    mrr@10 : 0.114    mrr@20 : 0.125    hit@10 : 0.309    hit@20 : 0.466    precision@10 : 0.038    precision@20 : 0.033
Wed 10 Jul 2024 16:22:41 INFO  Finished training, best eval result in epoch 11
