Wed 10 Jul 2024 16:04:20 INFO  ['run_recbole.py', '--model=ANS', '--dataset=lastfm']
Wed 10 Jul 2024 16:04:20 INFO  
General Hyper Parameters:
gpu_id = 0
use_gpu = True
seed = 2020
state = INFO
reproducibility = True
data_path = dataset/lastfm
checkpoint_dir = saved
show_progress = True
save_dataset = False
dataset_save_path = None
save_dataloaders = False
dataloaders_save_path = None
log_wandb = False

Training Hyper Parameters:
epochs = 500
train_batch_size = 4096
learner = adam
learning_rate = 0.001
train_neg_sample_args = {'distribution': 'uniform', 'sample_num': 5, 'alpha': 1.0, 'dynamic': False, 'candidate_num': 0}
eval_step = 1
stopping_step = 10
clip_grad_norm = None
weight_decay = 0.0
loss_decimal_place = 4

Evaluation Hyper Parameters:
eval_args = {'split': {'RS': [0.8, 0.1, 0.1]}, 'group_by': 'user', 'order': 'RO', 'mode': 'full'}
repeatable = False
metrics = ['Recall', 'NDCG', 'MRR', 'Hit', 'Precision']
topk = [10, 20]
valid_metric = Recall@20
valid_metric_bigger = True
eval_batch_size = 4096
metric_decimal_place = 3

Dataset Hyper Parameters:
field_separator = 	
seq_separator =  
USER_ID_FIELD = user_id
ITEM_ID_FIELD = artist_id
RATING_FIELD = rating
TIME_FIELD = timestamp
seq_len = None
LABEL_FIELD = label
threshold = None
NEG_PREFIX = neg_
load_col = {'inter': ['user_id', 'artist_id']}
unload_col = None
unused_col = None
additional_feat_suffix = None
rm_dup_inter = None
val_interval = None
filter_inter_by_user_or_item = True
user_inter_num_interval = None
item_inter_num_interval = None
alias_of_user_id = None
alias_of_item_id = None
alias_of_entity_id = None
alias_of_relation_id = None
preload_weight = None
normalize_field = None
normalize_all = True
ITEM_LIST_LENGTH_FIELD = item_length
LIST_SUFFIX = _list
MAX_ITEM_LIST_LENGTH = 50
POSITION_FIELD = position_id
HEAD_ENTITY_ID_FIELD = head_id
TAIL_ENTITY_ID_FIELD = tail_id
RELATION_ID_FIELD = relation_id
ENTITY_ID_FIELD = entity_id
kg_reverse_r = False
entity_kg_num_interval = None
relation_kg_num_interval = None
benchmark_filename = None

Other Hyper Parameters: 
worker = 0
wandb_project = recbole
shuffle = True
plot_learning_curve = False
require_pow = False
enable_amp = False
enable_scaler = True
transform = None
train_after_converge = True
positive_sampling = True
model_name_custom = -
data_augmentation = False
Q = 8
K = 3
P = 20
embedding_size = 64
n_layers = 3
reg_weight = 1e-05
eps = 0.75
gamma = 0.2
numerical_features = []
discretization = None
MODEL_TYPE = ModelType.GENERAL
MODEL_INPUT_TYPE = InputType.PAIRWISE
eval_type = EvaluatorType.RANKING
single_spec = True
local_rank = 0
device = cuda
eval_neg_sample_args = {'distribution': 'uniform', 'sample_num': 'none'}


Wed 10 Jul 2024 16:04:20 INFO  lastfm
The number of users: 1893
Average actions of users: 49.06659619450317
The number of items: 17633
Average actions of items: 5.265086206896552
The number of inters: 92834
The sparsity of the dataset: 99.72188126708227%
Remain Fields: ['user_id', 'artist_id']
Wed 10 Jul 2024 16:04:20 INFO  [Training]: train_batch_size = [4096] train_neg_sample_args: [{'distribution': 'uniform', 'sample_num': 5, 'alpha': 1.0, 'dynamic': False, 'candidate_num': 0}]
Wed 10 Jul 2024 16:04:20 INFO  [Evaluation]: eval_batch_size = [4096] eval_args: [{'split': {'RS': [0.8, 0.1, 0.1]}, 'group_by': 'user', 'order': 'RO', 'mode': 'full'}]
Wed 10 Jul 2024 16:04:21 INFO  ANS(
  (user_embedding): Embedding(1893, 64)
  (item_embedding): Embedding(17633, 64)
  (mf_loss): BPRLoss()
  (reg_loss): EmbLoss()
  (user_gate): Linear(in_features=64, out_features=64, bias=True)
  (item_gate): Linear(in_features=64, out_features=64, bias=True)
  (pos_gate): Linear(in_features=64, out_features=64, bias=True)
  (neg_gate): Linear(in_features=64, out_features=64, bias=True)
  (hard_gate): Linear(in_features=64, out_features=64, bias=True)
  (conf_gate): Linear(in_features=64, out_features=64, bias=True)
  (easy_gate): Linear(in_features=64, out_features=64, bias=True)
  (margin_model): Linear(in_features=64, out_features=1, bias=True)
)
Trainable parameters: 1278849
Wed 10 Jul 2024 16:04:21 INFO  FLOPs: 0.0
Wed 10 Jul 2024 16:04:25 INFO  epoch 0 training [time: 2.50s, train loss: 96.1201]
Wed 10 Jul 2024 16:04:27 INFO  epoch 0 evaluating [time: 2.38s, valid_score: 0.000000]
Wed 10 Jul 2024 16:04:27 INFO  valid result: 
recall@10 : 0.0    recall@20 : 0.0    ndcg@10 : 0.0    ndcg@20 : 0.0    mrr@10 : 0.0    mrr@20 : 0.0    hit@10 : 0.002    hit@20 : 0.002    precision@10 : 0.0    precision@20 : 0.0
Wed 10 Jul 2024 16:04:27 INFO  Saving current: saved/ANS-Jul-10-2024_16-04-22.pth
Wed 10 Jul 2024 16:04:29 INFO  epoch 1 training [time: 1.84s, train loss: 95.9126]
Wed 10 Jul 2024 16:04:31 INFO  epoch 1 evaluating [time: 2.22s, valid_score: 0.002000]
Wed 10 Jul 2024 16:04:31 INFO  valid result: 
recall@10 : 0.001    recall@20 : 0.002    ndcg@10 : 0.001    ndcg@20 : 0.001    mrr@10 : 0.002    mrr@20 : 0.002    hit@10 : 0.005    hit@20 : 0.008    precision@10 : 0.001    precision@20 : 0.0
Wed 10 Jul 2024 16:04:31 INFO  Saving current: saved/ANS-Jul-10-2024_16-04-22.pth
Wed 10 Jul 2024 16:04:33 INFO  epoch 2 training [time: 1.89s, train loss: 95.6354]
Wed 10 Jul 2024 16:04:36 INFO  epoch 2 evaluating [time: 2.33s, valid_score: 0.004000]
Wed 10 Jul 2024 16:04:36 INFO  valid result: 
recall@10 : 0.003    recall@20 : 0.004    ndcg@10 : 0.002    ndcg@20 : 0.003    mrr@10 : 0.004    mrr@20 : 0.005    hit@10 : 0.013    hit@20 : 0.018    precision@10 : 0.001    precision@20 : 0.001
Wed 10 Jul 2024 16:04:36 INFO  Saving current: saved/ANS-Jul-10-2024_16-04-22.pth
Wed 10 Jul 2024 16:04:38 INFO  epoch 3 training [time: 1.89s, train loss: 95.1518]
Wed 10 Jul 2024 16:04:40 INFO  epoch 3 evaluating [time: 2.24s, valid_score: 0.008000]
Wed 10 Jul 2024 16:04:40 INFO  valid result: 
recall@10 : 0.005    recall@20 : 0.008    ndcg@10 : 0.004    ndcg@20 : 0.005    mrr@10 : 0.009    mrr@20 : 0.009    hit@10 : 0.022    hit@20 : 0.031    precision@10 : 0.002    precision@20 : 0.002
Wed 10 Jul 2024 16:04:40 INFO  Saving current: saved/ANS-Jul-10-2024_16-04-22.pth
Wed 10 Jul 2024 16:04:42 INFO  epoch 4 training [time: 1.95s, train loss: 94.3146]
Wed 10 Jul 2024 16:04:44 INFO  epoch 4 evaluating [time: 2.34s, valid_score: 0.013000]
Wed 10 Jul 2024 16:04:44 INFO  valid result: 
recall@10 : 0.008    recall@20 : 0.013    ndcg@10 : 0.006    ndcg@20 : 0.008    mrr@10 : 0.011    mrr@20 : 0.012    hit@10 : 0.032    hit@20 : 0.05    precision@10 : 0.004    precision@20 : 0.003
Wed 10 Jul 2024 16:04:44 INFO  Saving current: saved/ANS-Jul-10-2024_16-04-22.pth
Wed 10 Jul 2024 16:04:46 INFO  epoch 5 training [time: 1.71s, train loss: 88.2169]
Wed 10 Jul 2024 16:04:48 INFO  epoch 5 evaluating [time: 2.21s, valid_score: 0.167000]
Wed 10 Jul 2024 16:04:48 INFO  valid result: 
recall@10 : 0.116    recall@20 : 0.167    ndcg@10 : 0.101    ndcg@20 : 0.123    mrr@10 : 0.181    mrr@20 : 0.188    hit@10 : 0.405    hit@20 : 0.512    precision@10 : 0.057    precision@20 : 0.041
Wed 10 Jul 2024 16:04:48 INFO  Saving current: saved/ANS-Jul-10-2024_16-04-22.pth
Wed 10 Jul 2024 16:04:50 INFO  epoch 6 training [time: 1.69s, train loss: 70.1110]
Wed 10 Jul 2024 16:04:52 INFO  epoch 6 evaluating [time: 2.21s, valid_score: 0.128000]
Wed 10 Jul 2024 16:04:52 INFO  valid result: 
recall@10 : 0.073    recall@20 : 0.128    ndcg@10 : 0.061    ndcg@20 : 0.084    mrr@10 : 0.112    mrr@20 : 0.123    hit@10 : 0.292    hit@20 : 0.453    precision@10 : 0.036    precision@20 : 0.031
Wed 10 Jul 2024 16:04:54 INFO  epoch 7 training [time: 1.76s, train loss: 63.4705]
Wed 10 Jul 2024 16:04:56 INFO  epoch 7 evaluating [time: 2.22s, valid_score: 0.124000]
Wed 10 Jul 2024 16:04:56 INFO  valid result: 
recall@10 : 0.075    recall@20 : 0.124    ndcg@10 : 0.063    ndcg@20 : 0.084    mrr@10 : 0.114    mrr@20 : 0.124    hit@10 : 0.301    hit@20 : 0.443    precision@10 : 0.037    precision@20 : 0.031
Wed 10 Jul 2024 16:04:58 INFO  epoch 8 training [time: 1.73s, train loss: 60.0039]
Wed 10 Jul 2024 16:05:00 INFO  epoch 8 evaluating [time: 2.20s, valid_score: 0.122000]
Wed 10 Jul 2024 16:05:00 INFO  valid result: 
recall@10 : 0.076    recall@20 : 0.122    ndcg@10 : 0.064    ndcg@20 : 0.083    mrr@10 : 0.117    mrr@20 : 0.127    hit@10 : 0.306    hit@20 : 0.445    precision@10 : 0.037    precision@20 : 0.03
Wed 10 Jul 2024 16:05:02 INFO  epoch 9 training [time: 1.86s, train loss: 57.4294]
Wed 10 Jul 2024 16:05:04 INFO  epoch 9 evaluating [time: 2.20s, valid_score: 0.125000]
Wed 10 Jul 2024 16:05:04 INFO  valid result: 
recall@10 : 0.076    recall@20 : 0.125    ndcg@10 : 0.064    ndcg@20 : 0.084    mrr@10 : 0.118    mrr@20 : 0.128    hit@10 : 0.304    hit@20 : 0.453    precision@10 : 0.037    precision@20 : 0.031
Wed 10 Jul 2024 16:05:06 INFO  epoch 10 training [time: 1.78s, train loss: 55.6482]
Wed 10 Jul 2024 16:05:08 INFO  epoch 10 evaluating [time: 2.20s, valid_score: 0.124000]
Wed 10 Jul 2024 16:05:08 INFO  valid result: 
recall@10 : 0.074    recall@20 : 0.124    ndcg@10 : 0.062    ndcg@20 : 0.083    mrr@10 : 0.112    mrr@20 : 0.123    hit@10 : 0.297    hit@20 : 0.457    precision@10 : 0.036    precision@20 : 0.031
Wed 10 Jul 2024 16:05:10 INFO  epoch 11 training [time: 1.76s, train loss: 54.3891]
Wed 10 Jul 2024 16:05:12 INFO  epoch 11 evaluating [time: 2.22s, valid_score: 0.120000]
Wed 10 Jul 2024 16:05:12 INFO  valid result: 
recall@10 : 0.072    recall@20 : 0.12    ndcg@10 : 0.059    ndcg@20 : 0.08    mrr@10 : 0.108    mrr@20 : 0.118    hit@10 : 0.292    hit@20 : 0.444    precision@10 : 0.036    precision@20 : 0.03
Wed 10 Jul 2024 16:05:14 INFO  epoch 12 training [time: 1.79s, train loss: 53.1399]
Wed 10 Jul 2024 16:05:16 INFO  epoch 12 evaluating [time: 2.20s, valid_score: 0.116000]
Wed 10 Jul 2024 16:05:16 INFO  valid result: 
recall@10 : 0.068    recall@20 : 0.116    ndcg@10 : 0.056    ndcg@20 : 0.076    mrr@10 : 0.102    mrr@20 : 0.112    hit@10 : 0.278    hit@20 : 0.425    precision@10 : 0.034    precision@20 : 0.029
Wed 10 Jul 2024 16:05:18 INFO  epoch 13 training [time: 1.79s, train loss: 52.1216]
Wed 10 Jul 2024 16:05:20 INFO  epoch 13 evaluating [time: 2.21s, valid_score: 0.115000]
Wed 10 Jul 2024 16:05:20 INFO  valid result: 
recall@10 : 0.068    recall@20 : 0.115    ndcg@10 : 0.057    ndcg@20 : 0.077    mrr@10 : 0.105    mrr@20 : 0.115    hit@10 : 0.28    hit@20 : 0.432    precision@10 : 0.034    precision@20 : 0.028
Wed 10 Jul 2024 16:05:22 INFO  epoch 14 training [time: 1.79s, train loss: 51.2452]
Wed 10 Jul 2024 16:05:24 INFO  epoch 14 evaluating [time: 2.15s, valid_score: 0.112000]
Wed 10 Jul 2024 16:05:24 INFO  valid result: 
recall@10 : 0.067    recall@20 : 0.112    ndcg@10 : 0.056    ndcg@20 : 0.075    mrr@10 : 0.105    mrr@20 : 0.114    hit@10 : 0.278    hit@20 : 0.42    precision@10 : 0.033    precision@20 : 0.028
Wed 10 Jul 2024 16:05:26 INFO  epoch 15 training [time: 1.74s, train loss: 50.5575]
Wed 10 Jul 2024 16:05:28 INFO  epoch 15 evaluating [time: 2.14s, valid_score: 0.111000]
Wed 10 Jul 2024 16:05:28 INFO  valid result: 
recall@10 : 0.067    recall@20 : 0.111    ndcg@10 : 0.056    ndcg@20 : 0.075    mrr@10 : 0.106    mrr@20 : 0.115    hit@10 : 0.279    hit@20 : 0.415    precision@10 : 0.033    precision@20 : 0.027
Wed 10 Jul 2024 16:05:30 INFO  epoch 16 training [time: 2.15s, train loss: 49.8297]
Wed 10 Jul 2024 16:05:32 INFO  epoch 16 evaluating [time: 2.25s, valid_score: 0.108000]
Wed 10 Jul 2024 16:05:32 INFO  valid result: 
recall@10 : 0.066    recall@20 : 0.108    ndcg@10 : 0.055    ndcg@20 : 0.073    mrr@10 : 0.101    mrr@20 : 0.111    hit@10 : 0.268    hit@20 : 0.414    precision@10 : 0.032    precision@20 : 0.027
Wed 10 Jul 2024 16:05:32 INFO  Finished training, best eval result in epoch 5
Wed 10 Jul 2024 16:05:57 INFO  epoch 17 training [time: 2.11s, train loss: 57.4670]
Wed 10 Jul 2024 16:05:59 INFO  epoch 17 evaluating [time: 2.18s, valid_score: 0.109000]
Wed 10 Jul 2024 16:05:59 INFO  valid result: 
recall@10 : 0.067    recall@20 : 0.109    ndcg@10 : 0.057    ndcg@20 : 0.075    mrr@10 : 0.108    mrr@20 : 0.118    hit@10 : 0.276    hit@20 : 0.419    precision@10 : 0.033    precision@20 : 0.027
Wed 10 Jul 2024 16:06:01 INFO  epoch 18 training [time: 1.85s, train loss: 56.9629]
Wed 10 Jul 2024 16:06:03 INFO  epoch 18 evaluating [time: 2.28s, valid_score: 0.108000]
Wed 10 Jul 2024 16:06:03 INFO  valid result: 
recall@10 : 0.066    recall@20 : 0.108    ndcg@10 : 0.056    ndcg@20 : 0.074    mrr@10 : 0.108    mrr@20 : 0.118    hit@10 : 0.275    hit@20 : 0.415    precision@10 : 0.032    precision@20 : 0.027
Wed 10 Jul 2024 16:06:05 INFO  epoch 19 training [time: 1.97s, train loss: 56.5515]
Wed 10 Jul 2024 16:06:07 INFO  epoch 19 evaluating [time: 2.23s, valid_score: 0.110000]
Wed 10 Jul 2024 16:06:07 INFO  valid result: 
recall@10 : 0.067    recall@20 : 0.11    ndcg@10 : 0.057    ndcg@20 : 0.075    mrr@10 : 0.107    mrr@20 : 0.117    hit@10 : 0.28    hit@20 : 0.425    precision@10 : 0.033    precision@20 : 0.027
Wed 10 Jul 2024 16:06:09 INFO  epoch 20 training [time: 1.94s, train loss: 56.1088]
Wed 10 Jul 2024 16:06:11 INFO  epoch 20 evaluating [time: 2.22s, valid_score: 0.110000]
Wed 10 Jul 2024 16:06:11 INFO  valid result: 
recall@10 : 0.068    recall@20 : 0.11    ndcg@10 : 0.058    ndcg@20 : 0.076    mrr@10 : 0.111    mrr@20 : 0.12    hit@10 : 0.281    hit@20 : 0.418    precision@10 : 0.034    precision@20 : 0.027
Wed 10 Jul 2024 16:06:13 INFO  epoch 21 training [time: 1.95s, train loss: 55.7738]
Wed 10 Jul 2024 16:06:15 INFO  epoch 21 evaluating [time: 2.20s, valid_score: 0.112000]
Wed 10 Jul 2024 16:06:15 INFO  valid result: 
recall@10 : 0.071    recall@20 : 0.112    ndcg@10 : 0.06    ndcg@20 : 0.077    mrr@10 : 0.114    mrr@20 : 0.123    hit@10 : 0.289    hit@20 : 0.422    precision@10 : 0.035    precision@20 : 0.027
Wed 10 Jul 2024 16:06:17 INFO  epoch 22 training [time: 2.02s, train loss: 55.3699]
Wed 10 Jul 2024 16:06:20 INFO  epoch 22 evaluating [time: 2.21s, valid_score: 0.109000]
Wed 10 Jul 2024 16:06:20 INFO  valid result: 
recall@10 : 0.067    recall@20 : 0.109    ndcg@10 : 0.059    ndcg@20 : 0.077    mrr@10 : 0.115    mrr@20 : 0.124    hit@10 : 0.281    hit@20 : 0.411    precision@10 : 0.034    precision@20 : 0.027
Wed 10 Jul 2024 16:06:22 INFO  epoch 23 training [time: 2.06s, train loss: 55.1376]
Wed 10 Jul 2024 16:06:24 INFO  epoch 23 evaluating [time: 2.25s, valid_score: 0.109000]
Wed 10 Jul 2024 16:06:24 INFO  valid result: 
recall@10 : 0.066    recall@20 : 0.109    ndcg@10 : 0.057    ndcg@20 : 0.075    mrr@10 : 0.11    mrr@20 : 0.12    hit@10 : 0.276    hit@20 : 0.414    precision@10 : 0.033    precision@20 : 0.027
Wed 10 Jul 2024 16:06:26 INFO  epoch 24 training [time: 2.10s, train loss: 54.8202]
Wed 10 Jul 2024 16:06:28 INFO  epoch 24 evaluating [time: 2.20s, valid_score: 0.109000]
Wed 10 Jul 2024 16:06:28 INFO  valid result: 
recall@10 : 0.067    recall@20 : 0.109    ndcg@10 : 0.056    ndcg@20 : 0.074    mrr@10 : 0.106    mrr@20 : 0.115    hit@10 : 0.279    hit@20 : 0.416    precision@10 : 0.033    precision@20 : 0.027
Wed 10 Jul 2024 16:06:30 INFO  epoch 25 training [time: 2.09s, train loss: 54.6277]
Wed 10 Jul 2024 16:06:33 INFO  epoch 25 evaluating [time: 2.24s, valid_score: 0.108000]
Wed 10 Jul 2024 16:06:33 INFO  valid result: 
recall@10 : 0.066    recall@20 : 0.108    ndcg@10 : 0.057    ndcg@20 : 0.074    mrr@10 : 0.108    mrr@20 : 0.117    hit@10 : 0.279    hit@20 : 0.409    precision@10 : 0.033    precision@20 : 0.027
Wed 10 Jul 2024 16:06:35 INFO  epoch 26 training [time: 2.06s, train loss: 54.5220]
Wed 10 Jul 2024 16:06:37 INFO  epoch 26 evaluating [time: 2.23s, valid_score: 0.107000]
Wed 10 Jul 2024 16:06:37 INFO  valid result: 
recall@10 : 0.066    recall@20 : 0.107    ndcg@10 : 0.055    ndcg@20 : 0.073    mrr@10 : 0.105    mrr@20 : 0.114    hit@10 : 0.278    hit@20 : 0.41    precision@10 : 0.033    precision@20 : 0.027
Wed 10 Jul 2024 16:06:39 INFO  epoch 27 training [time: 2.08s, train loss: 54.1932]
Wed 10 Jul 2024 16:06:41 INFO  epoch 27 evaluating [time: 2.22s, valid_score: 0.108000]
Wed 10 Jul 2024 16:06:41 INFO  valid result: 
recall@10 : 0.066    recall@20 : 0.108    ndcg@10 : 0.055    ndcg@20 : 0.073    mrr@10 : 0.104    mrr@20 : 0.113    hit@10 : 0.277    hit@20 : 0.407    precision@10 : 0.033    precision@20 : 0.027
Wed 10 Jul 2024 16:06:43 INFO  epoch 28 training [time: 2.20s, train loss: 54.0091]
Wed 10 Jul 2024 16:06:46 INFO  epoch 28 evaluating [time: 2.19s, valid_score: 0.108000]
Wed 10 Jul 2024 16:06:46 INFO  valid result: 
recall@10 : 0.066    recall@20 : 0.108    ndcg@10 : 0.055    ndcg@20 : 0.073    mrr@10 : 0.104    mrr@20 : 0.113    hit@10 : 0.281    hit@20 : 0.407    precision@10 : 0.033    precision@20 : 0.027
Wed 10 Jul 2024 16:06:48 INFO  epoch 29 training [time: 2.03s, train loss: 53.7828]
Wed 10 Jul 2024 16:06:50 INFO  epoch 29 evaluating [time: 2.20s, valid_score: 0.108000]
Wed 10 Jul 2024 16:06:50 INFO  valid result: 
recall@10 : 0.067    recall@20 : 0.108    ndcg@10 : 0.056    ndcg@20 : 0.073    mrr@10 : 0.105    mrr@20 : 0.114    hit@10 : 0.281    hit@20 : 0.405    precision@10 : 0.033    precision@20 : 0.027
Wed 10 Jul 2024 16:06:52 INFO  epoch 30 training [time: 2.19s, train loss: 53.7410]
Wed 10 Jul 2024 16:06:54 INFO  epoch 30 evaluating [time: 2.33s, valid_score: 0.108000]
Wed 10 Jul 2024 16:06:54 INFO  valid result: 
recall@10 : 0.068    recall@20 : 0.108    ndcg@10 : 0.056    ndcg@20 : 0.073    mrr@10 : 0.104    mrr@20 : 0.113    hit@10 : 0.283    hit@20 : 0.405    precision@10 : 0.034    precision@20 : 0.027
Wed 10 Jul 2024 16:06:57 INFO  epoch 31 training [time: 2.15s, train loss: 53.4149]
Wed 10 Jul 2024 16:06:59 INFO  epoch 31 evaluating [time: 2.30s, valid_score: 0.107000]
Wed 10 Jul 2024 16:06:59 INFO  valid result: 
recall@10 : 0.069    recall@20 : 0.107    ndcg@10 : 0.056    ndcg@20 : 0.072    mrr@10 : 0.103    mrr@20 : 0.111    hit@10 : 0.286    hit@20 : 0.404    precision@10 : 0.034    precision@20 : 0.026
Wed 10 Jul 2024 16:07:01 INFO  epoch 32 training [time: 2.21s, train loss: 53.3544]
Wed 10 Jul 2024 16:07:03 INFO  epoch 32 evaluating [time: 2.25s, valid_score: 0.107000]
Wed 10 Jul 2024 16:07:03 INFO  valid result: 
recall@10 : 0.068    recall@20 : 0.107    ndcg@10 : 0.056    ndcg@20 : 0.073    mrr@10 : 0.105    mrr@20 : 0.114    hit@10 : 0.287    hit@20 : 0.407    precision@10 : 0.033    precision@20 : 0.026
Wed 10 Jul 2024 16:07:05 INFO  epoch 33 training [time: 2.21s, train loss: 53.1404]
Wed 10 Jul 2024 16:07:08 INFO  epoch 33 evaluating [time: 2.32s, valid_score: 0.106000]
Wed 10 Jul 2024 16:07:08 INFO  valid result: 
recall@10 : 0.066    recall@20 : 0.106    ndcg@10 : 0.056    ndcg@20 : 0.072    mrr@10 : 0.105    mrr@20 : 0.114    hit@10 : 0.279    hit@20 : 0.404    precision@10 : 0.033    precision@20 : 0.026
Wed 10 Jul 2024 16:07:10 INFO  epoch 34 training [time: 2.05s, train loss: 52.9718]
Wed 10 Jul 2024 16:07:12 INFO  epoch 34 evaluating [time: 2.25s, valid_score: 0.107000]
Wed 10 Jul 2024 16:07:12 INFO  valid result: 
recall@10 : 0.066    recall@20 : 0.107    ndcg@10 : 0.056    ndcg@20 : 0.073    mrr@10 : 0.106    mrr@20 : 0.116    hit@10 : 0.273    hit@20 : 0.406    precision@10 : 0.033    precision@20 : 0.026
Wed 10 Jul 2024 16:07:14 INFO  epoch 35 training [time: 2.13s, train loss: 53.1411]
Wed 10 Jul 2024 16:07:17 INFO  epoch 35 evaluating [time: 2.34s, valid_score: 0.106000]
Wed 10 Jul 2024 16:07:17 INFO  valid result: 
recall@10 : 0.065    recall@20 : 0.106    ndcg@10 : 0.056    ndcg@20 : 0.073    mrr@10 : 0.107    mrr@20 : 0.115    hit@10 : 0.27    hit@20 : 0.398    precision@10 : 0.032    precision@20 : 0.026
Wed 10 Jul 2024 16:07:19 INFO  epoch 36 training [time: 2.24s, train loss: 52.8692]
Wed 10 Jul 2024 16:07:21 INFO  epoch 36 evaluating [time: 2.23s, valid_score: 0.104000]
Wed 10 Jul 2024 16:07:21 INFO  valid result: 
recall@10 : 0.064    recall@20 : 0.104    ndcg@10 : 0.056    ndcg@20 : 0.072    mrr@10 : 0.107    mrr@20 : 0.116    hit@10 : 0.267    hit@20 : 0.394    precision@10 : 0.032    precision@20 : 0.026
Wed 10 Jul 2024 16:07:23 INFO  epoch 37 training [time: 2.33s, train loss: 53.1732]
Wed 10 Jul 2024 16:07:26 INFO  epoch 37 evaluating [time: 2.22s, valid_score: 0.107000]
Wed 10 Jul 2024 16:07:26 INFO  valid result: 
recall@10 : 0.068    recall@20 : 0.107    ndcg@10 : 0.058    ndcg@20 : 0.074    mrr@10 : 0.109    mrr@20 : 0.118    hit@10 : 0.278    hit@20 : 0.4    precision@10 : 0.033    precision@20 : 0.026
Wed 10 Jul 2024 16:07:28 INFO  epoch 38 training [time: 2.85s, train loss: 53.0450]
Wed 10 Jul 2024 16:07:31 INFO  epoch 38 evaluating [time: 2.24s, valid_score: 0.109000]
Wed 10 Jul 2024 16:07:31 INFO  valid result: 
recall@10 : 0.069    recall@20 : 0.109    ndcg@10 : 0.059    ndcg@20 : 0.076    mrr@10 : 0.11    mrr@20 : 0.119    hit@10 : 0.278    hit@20 : 0.41    precision@10 : 0.034    precision@20 : 0.027
Wed 10 Jul 2024 16:07:33 INFO  epoch 39 training [time: 2.55s, train loss: 52.8315]
Wed 10 Jul 2024 16:07:36 INFO  epoch 39 evaluating [time: 2.36s, valid_score: 0.110000]
Wed 10 Jul 2024 16:07:36 INFO  valid result: 
recall@10 : 0.068    recall@20 : 0.11    ndcg@10 : 0.059    ndcg@20 : 0.076    mrr@10 : 0.111    mrr@20 : 0.12    hit@10 : 0.28    hit@20 : 0.415    precision@10 : 0.034    precision@20 : 0.027
Wed 10 Jul 2024 16:07:39 INFO  epoch 40 training [time: 3.00s, train loss: 52.7446]
Wed 10 Jul 2024 16:07:41 INFO  epoch 40 evaluating [time: 2.32s, valid_score: 0.108000]
Wed 10 Jul 2024 16:07:41 INFO  valid result: 
recall@10 : 0.069    recall@20 : 0.108    ndcg@10 : 0.058    ndcg@20 : 0.075    mrr@10 : 0.11    mrr@20 : 0.119    hit@10 : 0.284    hit@20 : 0.412    precision@10 : 0.034    precision@20 : 0.027
Wed 10 Jul 2024 16:07:43 INFO  epoch 41 training [time: 1.98s, train loss: 52.6404]
Wed 10 Jul 2024 16:07:45 INFO  epoch 41 evaluating [time: 2.31s, valid_score: 0.109000]
Wed 10 Jul 2024 16:07:45 INFO  valid result: 
recall@10 : 0.068    recall@20 : 0.109    ndcg@10 : 0.058    ndcg@20 : 0.075    mrr@10 : 0.108    mrr@20 : 0.117    hit@10 : 0.284    hit@20 : 0.411    precision@10 : 0.034    precision@20 : 0.027
Wed 10 Jul 2024 16:07:47 INFO  epoch 42 training [time: 2.10s, train loss: 52.4730]
Wed 10 Jul 2024 16:07:50 INFO  epoch 42 evaluating [time: 2.21s, valid_score: 0.108000]
Wed 10 Jul 2024 16:07:50 INFO  valid result: 
recall@10 : 0.068    recall@20 : 0.108    ndcg@10 : 0.058    ndcg@20 : 0.075    mrr@10 : 0.11    mrr@20 : 0.119    hit@10 : 0.285    hit@20 : 0.411    precision@10 : 0.034    precision@20 : 0.027
Wed 10 Jul 2024 16:07:52 INFO  epoch 43 training [time: 2.27s, train loss: 52.3109]
