Wed 10 Jul 2024 16:11:34 INFO  ['run_recbole.py', '--model=ANS', '--dataset=lastfm']
Wed 10 Jul 2024 16:11:34 INFO  
General Hyper Parameters:
gpu_id = 0
use_gpu = True
seed = 2020
state = INFO
reproducibility = True
data_path = dataset/lastfm
checkpoint_dir = saved
show_progress = True
save_dataset = False
dataset_save_path = None
save_dataloaders = False
dataloaders_save_path = None
log_wandb = False

Training Hyper Parameters:
epochs = 500
train_batch_size = 4096
learner = adam
learning_rate = 0.0001
train_neg_sample_args = {'distribution': 'uniform', 'sample_num': 5, 'alpha': 1.0, 'dynamic': False, 'candidate_num': 0}
eval_step = 1
stopping_step = 10
clip_grad_norm = None
weight_decay = 0.0
loss_decimal_place = 4

Evaluation Hyper Parameters:
eval_args = {'split': {'RS': [0.8, 0.1, 0.1]}, 'group_by': 'user', 'order': 'RO', 'mode': 'full'}
repeatable = False
metrics = ['Recall', 'NDCG', 'MRR', 'Hit', 'Precision']
topk = [10, 20]
valid_metric = Recall@20
valid_metric_bigger = True
eval_batch_size = 4096
metric_decimal_place = 3

Dataset Hyper Parameters:
field_separator = 	
seq_separator =  
USER_ID_FIELD = user_id
ITEM_ID_FIELD = artist_id
RATING_FIELD = rating
TIME_FIELD = timestamp
seq_len = None
LABEL_FIELD = label
threshold = None
NEG_PREFIX = neg_
load_col = {'inter': ['user_id', 'artist_id']}
unload_col = None
unused_col = None
additional_feat_suffix = None
rm_dup_inter = None
val_interval = None
filter_inter_by_user_or_item = True
user_inter_num_interval = None
item_inter_num_interval = None
alias_of_user_id = None
alias_of_item_id = None
alias_of_entity_id = None
alias_of_relation_id = None
preload_weight = None
normalize_field = None
normalize_all = True
ITEM_LIST_LENGTH_FIELD = item_length
LIST_SUFFIX = _list
MAX_ITEM_LIST_LENGTH = 50
POSITION_FIELD = position_id
HEAD_ENTITY_ID_FIELD = head_id
TAIL_ENTITY_ID_FIELD = tail_id
RELATION_ID_FIELD = relation_id
ENTITY_ID_FIELD = entity_id
kg_reverse_r = False
entity_kg_num_interval = None
relation_kg_num_interval = None
benchmark_filename = None

Other Hyper Parameters: 
worker = 0
wandb_project = recbole
shuffle = True
plot_learning_curve = False
require_pow = False
enable_amp = False
enable_scaler = True
transform = None
train_after_converge = True
positive_sampling = True
model_name_custom = -
data_augmentation = False
Q = 8
K = 3
P = 20
embedding_size = 64
n_layers = 3
reg_weight = 1e-05
eps = 0.0
gamma = 0.0
numerical_features = []
discretization = None
MODEL_TYPE = ModelType.GENERAL
MODEL_INPUT_TYPE = InputType.PAIRWISE
eval_type = EvaluatorType.RANKING
single_spec = True
local_rank = 0
device = cuda
eval_neg_sample_args = {'distribution': 'uniform', 'sample_num': 'none'}


Wed 10 Jul 2024 16:11:35 INFO  lastfm
The number of users: 1893
Average actions of users: 49.06659619450317
The number of items: 17633
Average actions of items: 5.265086206896552
The number of inters: 92834
The sparsity of the dataset: 99.72188126708227%
Remain Fields: ['user_id', 'artist_id']
Wed 10 Jul 2024 16:11:35 INFO  [Training]: train_batch_size = [4096] train_neg_sample_args: [{'distribution': 'uniform', 'sample_num': 5, 'alpha': 1.0, 'dynamic': False, 'candidate_num': 0}]
Wed 10 Jul 2024 16:11:35 INFO  [Evaluation]: eval_batch_size = [4096] eval_args: [{'split': {'RS': [0.8, 0.1, 0.1]}, 'group_by': 'user', 'order': 'RO', 'mode': 'full'}]
Wed 10 Jul 2024 16:11:36 INFO  ANS(
  (user_embedding): Embedding(1893, 64)
  (item_embedding): Embedding(17633, 64)
  (mf_loss): BPRLoss()
  (reg_loss): EmbLoss()
  (user_gate): Linear(in_features=64, out_features=64, bias=True)
  (item_gate): Linear(in_features=64, out_features=64, bias=True)
  (pos_gate): Linear(in_features=64, out_features=64, bias=True)
  (neg_gate): Linear(in_features=64, out_features=64, bias=True)
  (hard_gate): Linear(in_features=64, out_features=64, bias=True)
  (conf_gate): Linear(in_features=64, out_features=64, bias=True)
  (easy_gate): Linear(in_features=64, out_features=64, bias=True)
  (margin_model): Linear(in_features=64, out_features=1, bias=True)
)
Trainable parameters: 1278849
Wed 10 Jul 2024 16:11:36 INFO  FLOPs: 0.0
Wed 10 Jul 2024 16:11:39 INFO  epoch 0 training [time: 2.10s, train loss: 63.2015]
Wed 10 Jul 2024 16:11:41 INFO  epoch 0 evaluating [time: 1.37s, valid_score: 0.001000]
Wed 10 Jul 2024 16:11:41 INFO  valid result: 
recall@10 : 0.001    recall@20 : 0.001    ndcg@10 : 0.0    ndcg@20 : 0.001    mrr@10 : 0.001    mrr@20 : 0.001    hit@10 : 0.003    hit@20 : 0.004    precision@10 : 0.0    precision@20 : 0.0
Wed 10 Jul 2024 16:11:41 INFO  Saving current: saved/ANS-Jul-10-2024_16-11-36.pth
Wed 10 Jul 2024 16:11:42 INFO  epoch 1 training [time: 1.42s, train loss: 63.1262]
Wed 10 Jul 2024 16:11:43 INFO  epoch 1 evaluating [time: 1.44s, valid_score: 0.002000]
Wed 10 Jul 2024 16:11:43 INFO  valid result: 
recall@10 : 0.001    recall@20 : 0.002    ndcg@10 : 0.001    ndcg@20 : 0.001    mrr@10 : 0.001    mrr@20 : 0.002    hit@10 : 0.005    hit@20 : 0.01    precision@10 : 0.0    precision@20 : 0.0
Wed 10 Jul 2024 16:11:44 INFO  Saving current: saved/ANS-Jul-10-2024_16-11-36.pth
Wed 10 Jul 2024 16:11:45 INFO  epoch 2 training [time: 1.38s, train loss: 62.9814]
Wed 10 Jul 2024 16:11:46 INFO  epoch 2 evaluating [time: 1.42s, valid_score: 0.021000]
Wed 10 Jul 2024 16:11:46 INFO  valid result: 
recall@10 : 0.013    recall@20 : 0.021    ndcg@10 : 0.01    ndcg@20 : 0.013    mrr@10 : 0.017    mrr@20 : 0.02    hit@10 : 0.052    hit@20 : 0.084    precision@10 : 0.006    precision@20 : 0.005
Wed 10 Jul 2024 16:11:46 INFO  Saving current: saved/ANS-Jul-10-2024_16-11-36.pth
Wed 10 Jul 2024 16:11:48 INFO  epoch 3 training [time: 1.42s, train loss: 62.6030]
Wed 10 Jul 2024 16:11:49 INFO  epoch 3 evaluating [time: 1.34s, valid_score: 0.070000]
Wed 10 Jul 2024 16:11:49 INFO  valid result: 
recall@10 : 0.045    recall@20 : 0.07    ndcg@10 : 0.039    ndcg@20 : 0.05    mrr@10 : 0.071    mrr@20 : 0.075    hit@10 : 0.17    hit@20 : 0.235    precision@10 : 0.022    precision@20 : 0.017
Wed 10 Jul 2024 16:11:49 INFO  Saving current: saved/ANS-Jul-10-2024_16-11-36.pth
Wed 10 Jul 2024 16:11:51 INFO  epoch 4 training [time: 1.39s, train loss: 61.7159]
Wed 10 Jul 2024 16:11:52 INFO  epoch 4 evaluating [time: 1.45s, valid_score: 0.100000]
Wed 10 Jul 2024 16:11:52 INFO  valid result: 
recall@10 : 0.066    recall@20 : 0.1    ndcg@10 : 0.057    ndcg@20 : 0.072    mrr@10 : 0.1    mrr@20 : 0.105    hit@10 : 0.233    hit@20 : 0.309    precision@10 : 0.032    precision@20 : 0.025
Wed 10 Jul 2024 16:11:52 INFO  Saving current: saved/ANS-Jul-10-2024_16-11-36.pth
Wed 10 Jul 2024 16:11:53 INFO  epoch 5 training [time: 1.38s, train loss: 60.1049]
Wed 10 Jul 2024 16:11:55 INFO  epoch 5 evaluating [time: 1.32s, valid_score: 0.114000]
Wed 10 Jul 2024 16:11:55 INFO  valid result: 
recall@10 : 0.075    recall@20 : 0.114    ndcg@10 : 0.065    ndcg@20 : 0.082    mrr@10 : 0.112    mrr@20 : 0.119    hit@10 : 0.262    hit@20 : 0.349    precision@10 : 0.037    precision@20 : 0.028
Wed 10 Jul 2024 16:11:55 INFO  Saving current: saved/ANS-Jul-10-2024_16-11-36.pth
Wed 10 Jul 2024 16:11:56 INFO  epoch 6 training [time: 1.37s, train loss: 57.7840]
Wed 10 Jul 2024 16:11:58 INFO  epoch 6 evaluating [time: 1.44s, valid_score: 0.123000]
Wed 10 Jul 2024 16:11:58 INFO  valid result: 
recall@10 : 0.085    recall@20 : 0.123    ndcg@10 : 0.073    ndcg@20 : 0.089    mrr@10 : 0.128    mrr@20 : 0.133    hit@10 : 0.298    hit@20 : 0.374    precision@10 : 0.042    precision@20 : 0.03
Wed 10 Jul 2024 16:11:58 INFO  Saving current: saved/ANS-Jul-10-2024_16-11-36.pth
Wed 10 Jul 2024 16:11:59 INFO  epoch 7 training [time: 1.40s, train loss: 55.0619]
Wed 10 Jul 2024 16:12:00 INFO  epoch 7 evaluating [time: 1.43s, valid_score: 0.131000]
Wed 10 Jul 2024 16:12:00 INFO  valid result: 
recall@10 : 0.091    recall@20 : 0.131    ndcg@10 : 0.079    ndcg@20 : 0.096    mrr@10 : 0.14    mrr@20 : 0.145    hit@10 : 0.322    hit@20 : 0.403    precision@10 : 0.045    precision@20 : 0.032
Wed 10 Jul 2024 16:12:00 INFO  Saving current: saved/ANS-Jul-10-2024_16-11-36.pth
Wed 10 Jul 2024 16:12:02 INFO  epoch 8 training [time: 1.40s, train loss: 52.3376]
Wed 10 Jul 2024 16:12:03 INFO  epoch 8 evaluating [time: 1.43s, valid_score: 0.142000]
Wed 10 Jul 2024 16:12:03 INFO  valid result: 
recall@10 : 0.097    recall@20 : 0.142    ndcg@10 : 0.085    ndcg@20 : 0.104    mrr@10 : 0.152    mrr@20 : 0.159    hit@10 : 0.337    hit@20 : 0.437    precision@10 : 0.048    precision@20 : 0.035
Wed 10 Jul 2024 16:12:03 INFO  Saving current: saved/ANS-Jul-10-2024_16-11-36.pth
Wed 10 Jul 2024 16:12:05 INFO  epoch 9 training [time: 1.43s, train loss: 49.7958]
Wed 10 Jul 2024 16:12:06 INFO  epoch 9 evaluating [time: 1.34s, valid_score: 0.149000]
Wed 10 Jul 2024 16:12:06 INFO  valid result: 
recall@10 : 0.1    recall@20 : 0.149    ndcg@10 : 0.089    ndcg@20 : 0.11    mrr@10 : 0.159    mrr@20 : 0.167    hit@10 : 0.351    hit@20 : 0.459    precision@10 : 0.05    precision@20 : 0.037
Wed 10 Jul 2024 16:12:06 INFO  Saving current: saved/ANS-Jul-10-2024_16-11-36.pth
Wed 10 Jul 2024 16:12:08 INFO  epoch 10 training [time: 1.41s, train loss: 47.5830]
Wed 10 Jul 2024 16:12:09 INFO  epoch 10 evaluating [time: 1.34s, valid_score: 0.155000]
Wed 10 Jul 2024 16:12:09 INFO  valid result: 
recall@10 : 0.104    recall@20 : 0.155    ndcg@10 : 0.092    ndcg@20 : 0.113    mrr@10 : 0.165    mrr@20 : 0.172    hit@10 : 0.366    hit@20 : 0.474    precision@10 : 0.052    precision@20 : 0.038
Wed 10 Jul 2024 16:12:09 INFO  Saving current: saved/ANS-Jul-10-2024_16-11-36.pth
Wed 10 Jul 2024 16:12:10 INFO  epoch 11 training [time: 1.42s, train loss: 45.9187]
Wed 10 Jul 2024 16:12:12 INFO  epoch 11 evaluating [time: 1.44s, valid_score: 0.158000]
Wed 10 Jul 2024 16:12:12 INFO  valid result: 
recall@10 : 0.106    recall@20 : 0.158    ndcg@10 : 0.094    ndcg@20 : 0.116    mrr@10 : 0.168    mrr@20 : 0.176    hit@10 : 0.375    hit@20 : 0.481    precision@10 : 0.053    precision@20 : 0.039
Wed 10 Jul 2024 16:12:12 INFO  Saving current: saved/ANS-Jul-10-2024_16-11-36.pth
Wed 10 Jul 2024 16:12:13 INFO  epoch 12 training [time: 1.41s, train loss: 44.3873]
Wed 10 Jul 2024 16:12:15 INFO  epoch 12 evaluating [time: 1.32s, valid_score: 0.161000]
Wed 10 Jul 2024 16:12:15 INFO  valid result: 
recall@10 : 0.107    recall@20 : 0.161    ndcg@10 : 0.094    ndcg@20 : 0.116    mrr@10 : 0.166    mrr@20 : 0.174    hit@10 : 0.381    hit@20 : 0.485    precision@10 : 0.053    precision@20 : 0.04
Wed 10 Jul 2024 16:12:15 INFO  Saving current: saved/ANS-Jul-10-2024_16-11-36.pth
Wed 10 Jul 2024 16:12:16 INFO  epoch 13 training [time: 1.42s, train loss: 43.1083]
Wed 10 Jul 2024 16:12:17 INFO  epoch 13 evaluating [time: 1.33s, valid_score: 0.163000]
Wed 10 Jul 2024 16:12:17 INFO  valid result: 
recall@10 : 0.107    recall@20 : 0.163    ndcg@10 : 0.094    ndcg@20 : 0.118    mrr@10 : 0.169    mrr@20 : 0.177    hit@10 : 0.382    hit@20 : 0.493    precision@10 : 0.053    precision@20 : 0.04
Wed 10 Jul 2024 16:12:17 INFO  Saving current: saved/ANS-Jul-10-2024_16-11-36.pth
Wed 10 Jul 2024 16:12:19 INFO  epoch 14 training [time: 1.39s, train loss: 41.9099]
Wed 10 Jul 2024 16:12:20 INFO  epoch 14 evaluating [time: 1.33s, valid_score: 0.166000]
Wed 10 Jul 2024 16:12:20 INFO  valid result: 
recall@10 : 0.105    recall@20 : 0.166    ndcg@10 : 0.092    ndcg@20 : 0.118    mrr@10 : 0.168    mrr@20 : 0.177    hit@10 : 0.383    hit@20 : 0.502    precision@10 : 0.052    precision@20 : 0.041
Wed 10 Jul 2024 16:12:20 INFO  Saving current: saved/ANS-Jul-10-2024_16-11-36.pth
Wed 10 Jul 2024 16:12:22 INFO  epoch 15 training [time: 1.41s, train loss: 41.0413]
Wed 10 Jul 2024 16:12:23 INFO  epoch 15 evaluating [time: 1.32s, valid_score: 0.166000]
Wed 10 Jul 2024 16:12:23 INFO  valid result: 
recall@10 : 0.105    recall@20 : 0.166    ndcg@10 : 0.09    ndcg@20 : 0.117    mrr@10 : 0.163    mrr@20 : 0.172    hit@10 : 0.383    hit@20 : 0.511    precision@10 : 0.052    precision@20 : 0.041
Wed 10 Jul 2024 16:12:23 INFO  Saving current: saved/ANS-Jul-10-2024_16-11-36.pth
Wed 10 Jul 2024 16:12:24 INFO  epoch 16 training [time: 1.42s, train loss: 40.0273]
Wed 10 Jul 2024 16:12:26 INFO  epoch 16 evaluating [time: 1.34s, valid_score: 0.167000]
Wed 10 Jul 2024 16:12:26 INFO  valid result: 
recall@10 : 0.104    recall@20 : 0.167    ndcg@10 : 0.09    ndcg@20 : 0.116    mrr@10 : 0.163    mrr@20 : 0.172    hit@10 : 0.384    hit@20 : 0.514    precision@10 : 0.052    precision@20 : 0.041
Wed 10 Jul 2024 16:12:26 INFO  Saving current: saved/ANS-Jul-10-2024_16-11-36.pth
Wed 10 Jul 2024 16:12:27 INFO  epoch 17 training [time: 1.44s, train loss: 39.5346]
Wed 10 Jul 2024 16:12:29 INFO  epoch 17 evaluating [time: 1.44s, valid_score: 0.167000]
Wed 10 Jul 2024 16:12:29 INFO  valid result: 
recall@10 : 0.103    recall@20 : 0.167    ndcg@10 : 0.09    ndcg@20 : 0.117    mrr@10 : 0.166    mrr@20 : 0.175    hit@10 : 0.382    hit@20 : 0.514    precision@10 : 0.051    precision@20 : 0.041
Wed 10 Jul 2024 16:12:29 INFO  Saving current: saved/ANS-Jul-10-2024_16-11-36.pth
Wed 10 Jul 2024 16:12:30 INFO  epoch 18 training [time: 1.43s, train loss: 38.6491]
Wed 10 Jul 2024 16:12:32 INFO  epoch 18 evaluating [time: 1.44s, valid_score: 0.165000]
Wed 10 Jul 2024 16:12:32 INFO  valid result: 
recall@10 : 0.102    recall@20 : 0.165    ndcg@10 : 0.088    ndcg@20 : 0.114    mrr@10 : 0.158    mrr@20 : 0.167    hit@10 : 0.378    hit@20 : 0.512    precision@10 : 0.051    precision@20 : 0.041
Wed 10 Jul 2024 16:12:33 INFO  epoch 19 training [time: 1.52s, train loss: 37.9182]
Wed 10 Jul 2024 16:12:34 INFO  epoch 19 evaluating [time: 1.40s, valid_score: 0.165000]
Wed 10 Jul 2024 16:12:34 INFO  valid result: 
recall@10 : 0.099    recall@20 : 0.165    ndcg@10 : 0.085    ndcg@20 : 0.112    mrr@10 : 0.153    mrr@20 : 0.163    hit@10 : 0.37    hit@20 : 0.519    precision@10 : 0.049    precision@20 : 0.041
Wed 10 Jul 2024 16:12:36 INFO  epoch 20 training [time: 1.41s, train loss: 37.2742]
Wed 10 Jul 2024 16:12:37 INFO  epoch 20 evaluating [time: 1.32s, valid_score: 0.164000]
Wed 10 Jul 2024 16:12:37 INFO  valid result: 
recall@10 : 0.099    recall@20 : 0.164    ndcg@10 : 0.084    ndcg@20 : 0.112    mrr@10 : 0.152    mrr@20 : 0.162    hit@10 : 0.377    hit@20 : 0.518    precision@10 : 0.049    precision@20 : 0.04
Wed 10 Jul 2024 16:12:39 INFO  epoch 21 training [time: 1.42s, train loss: 36.5772]
Wed 10 Jul 2024 16:12:40 INFO  epoch 21 evaluating [time: 1.34s, valid_score: 0.164000]
Wed 10 Jul 2024 16:12:40 INFO  valid result: 
recall@10 : 0.099    recall@20 : 0.164    ndcg@10 : 0.084    ndcg@20 : 0.111    mrr@10 : 0.152    mrr@20 : 0.162    hit@10 : 0.377    hit@20 : 0.519    precision@10 : 0.049    precision@20 : 0.04
Wed 10 Jul 2024 16:12:41 INFO  epoch 22 training [time: 1.40s, train loss: 36.0711]
Wed 10 Jul 2024 16:12:43 INFO  epoch 22 evaluating [time: 1.32s, valid_score: 0.164000]
Wed 10 Jul 2024 16:12:43 INFO  valid result: 
recall@10 : 0.101    recall@20 : 0.164    ndcg@10 : 0.086    ndcg@20 : 0.113    mrr@10 : 0.157    mrr@20 : 0.166    hit@10 : 0.382    hit@20 : 0.522    precision@10 : 0.05    precision@20 : 0.04
Wed 10 Jul 2024 16:12:44 INFO  epoch 23 training [time: 1.40s, train loss: 35.6313]
Wed 10 Jul 2024 16:12:45 INFO  epoch 23 evaluating [time: 1.33s, valid_score: 0.161000]
Wed 10 Jul 2024 16:12:45 INFO  valid result: 
recall@10 : 0.1    recall@20 : 0.161    ndcg@10 : 0.084    ndcg@20 : 0.11    mrr@10 : 0.151    mrr@20 : 0.161    hit@10 : 0.379    hit@20 : 0.517    precision@10 : 0.049    precision@20 : 0.04
Wed 10 Jul 2024 16:12:47 INFO  epoch 24 training [time: 1.39s, train loss: 35.0844]
Wed 10 Jul 2024 16:12:48 INFO  epoch 24 evaluating [time: 1.34s, valid_score: 0.161000]
Wed 10 Jul 2024 16:12:48 INFO  valid result: 
recall@10 : 0.1    recall@20 : 0.161    ndcg@10 : 0.083    ndcg@20 : 0.109    mrr@10 : 0.147    mrr@20 : 0.156    hit@10 : 0.381    hit@20 : 0.518    precision@10 : 0.049    precision@20 : 0.04
Wed 10 Jul 2024 16:12:50 INFO  epoch 25 training [time: 1.40s, train loss: 34.5826]
Wed 10 Jul 2024 16:12:51 INFO  epoch 25 evaluating [time: 1.30s, valid_score: 0.160000]
Wed 10 Jul 2024 16:12:51 INFO  valid result: 
recall@10 : 0.1    recall@20 : 0.16    ndcg@10 : 0.084    ndcg@20 : 0.11    mrr@10 : 0.151    mrr@20 : 0.16    hit@10 : 0.379    hit@20 : 0.518    precision@10 : 0.049    precision@20 : 0.039
Wed 10 Jul 2024 16:12:52 INFO  epoch 26 training [time: 1.41s, train loss: 34.1061]
Wed 10 Jul 2024 16:12:54 INFO  epoch 26 evaluating [time: 1.34s, valid_score: 0.161000]
Wed 10 Jul 2024 16:12:54 INFO  valid result: 
recall@10 : 0.097    recall@20 : 0.161    ndcg@10 : 0.082    ndcg@20 : 0.109    mrr@10 : 0.147    mrr@20 : 0.157    hit@10 : 0.372    hit@20 : 0.522    precision@10 : 0.048    precision@20 : 0.04
Wed 10 Jul 2024 16:12:55 INFO  epoch 27 training [time: 1.41s, train loss: 33.7013]
Wed 10 Jul 2024 16:12:56 INFO  epoch 27 evaluating [time: 1.44s, valid_score: 0.158000]
Wed 10 Jul 2024 16:12:56 INFO  valid result: 
recall@10 : 0.094    recall@20 : 0.158    ndcg@10 : 0.08    ndcg@20 : 0.107    mrr@10 : 0.146    mrr@20 : 0.157    hit@10 : 0.365    hit@20 : 0.523    precision@10 : 0.047    precision@20 : 0.039
Wed 10 Jul 2024 16:12:58 INFO  epoch 28 training [time: 1.40s, train loss: 33.4113]
Wed 10 Jul 2024 16:12:59 INFO  epoch 28 evaluating [time: 1.40s, valid_score: 0.156000]
Wed 10 Jul 2024 16:12:59 INFO  valid result: 
recall@10 : 0.094    recall@20 : 0.156    ndcg@10 : 0.079    ndcg@20 : 0.105    mrr@10 : 0.145    mrr@20 : 0.155    hit@10 : 0.369    hit@20 : 0.518    precision@10 : 0.047    precision@20 : 0.039
Wed 10 Jul 2024 16:12:59 INFO  Finished training, best eval result in epoch 17
