Mon 24 Jun 2024 13:05:00 INFO  ['run_recbole.py', '--model=LightGCN', '--dataset=ml-1m']
Mon 24 Jun 2024 13:05:00 INFO  
General Hyper Parameters:
gpu_id = 0
use_gpu = True
seed = 2020
state = DEBUG
reproducibility = True
data_path = dataset/ml-1m
checkpoint_dir = saved
show_progress = True
save_dataset = False
dataset_save_path = None
save_dataloaders = False
dataloaders_save_path = None
log_wandb = False

Training Hyper Parameters:
epochs = 500
train_batch_size = 2048
learner = adam
learning_rate = 0.001
train_neg_sample_args = {'distribution': 'uniform', 'sample_num': 1, 'alpha': 1.0, 'dynamic': False, 'candidate_num': 1}
eval_step = 1
stopping_step = 10
clip_grad_norm = None
weight_decay = 0.0
loss_decimal_place = 4

Evaluation Hyper Parameters:
eval_args = {'split': {'RS': [0.8, 0.1, 0.1]}, 'group_by': 'user', 'order': 'RO', 'mode': 'full'}
repeatable = False
metrics = ['Recall', 'MRR', 'NDCG', 'Hit', 'Precision']
topk = [20]
valid_metric = Recall@20
valid_metric_bigger = True
eval_batch_size = 4096
metric_decimal_place = 4

Dataset Hyper Parameters:
field_separator = 	
seq_separator =  
USER_ID_FIELD = user_id
ITEM_ID_FIELD = item_id
RATING_FIELD = rating
TIME_FIELD = timestamp
seq_len = None
LABEL_FIELD = label
threshold = {'rating': 4.0}
NEG_PREFIX = neg_
load_col = {'inter': ['user_id', 'item_id', 'rating']}
unload_col = None
unused_col = None
additional_feat_suffix = None
rm_dup_inter = None
val_interval = None
filter_inter_by_user_or_item = True
user_inter_num_interval = None
item_inter_num_interval = None
alias_of_user_id = None
alias_of_item_id = None
alias_of_entity_id = None
alias_of_relation_id = None
preload_weight = None
normalize_field = None
normalize_all = True
ITEM_LIST_LENGTH_FIELD = item_length
LIST_SUFFIX = _list
MAX_ITEM_LIST_LENGTH = 50
POSITION_FIELD = position_id
HEAD_ENTITY_ID_FIELD = head_id
TAIL_ENTITY_ID_FIELD = tail_id
RELATION_ID_FIELD = relation_id
ENTITY_ID_FIELD = entity_id
kg_reverse_r = False
entity_kg_num_interval = None
relation_kg_num_interval = None
benchmark_filename = None

Other Hyper Parameters: 
worker = 0
wandb_project = recbole
shuffle = True
require_pow = False
enable_amp = False
enable_scaler = True
transform = None
train_after_converge = True
positive_sampling = True
model_name_custom = GCN_AST
data_augmentation = False
embedding_size = 64
n_layers = 3
reg_weight = 1e-05
numerical_features = []
discretization = None
MODEL_TYPE = ModelType.GENERAL
MODEL_INPUT_TYPE = InputType.PAIRWISE
eval_type = EvaluatorType.RANKING
single_spec = True
local_rank = 0
device = cpu
eval_neg_sample_args = {'distribution': 'uniform', 'sample_num': 'none'}


Mon 24 Jun 2024 13:05:00 DEBUG  Loading <class 'recbole.data.dataset.dataset.Dataset'> from scratch.
Mon 24 Jun 2024 13:05:00 DEBUG  uid_field: user_id
Mon 24 Jun 2024 13:05:00 DEBUG  iid_field: item_id
Mon 24 Jun 2024 13:05:00 DEBUG  Loading feature from [dataset/ml-1m/ml-1m.inter] (source: [FeatureSource.INTERACTION]).
Mon 24 Jun 2024 13:05:00 DEBUG  [inter]: 
Mon 24 Jun 2024 13:05:00 DEBUG  	 load_col: [{'rating', 'item_id', 'user_id'}]
Mon 24 Jun 2024 13:05:00 DEBUG  	 unload_col: [None]
Mon 24 Jun 2024 13:05:01 DEBUG  Interaction feature loaded successfully from [dataset/ml-1m/ml-1m.inter].
Mon 24 Jun 2024 13:05:01 DEBUG  Loading feature from [dataset/ml-1m/ml-1m.user] (source: [FeatureSource.USER]).
Mon 24 Jun 2024 13:05:01 DEBUG  [user]: 
Mon 24 Jun 2024 13:05:01 DEBUG  	 load_col: [set()]
Mon 24 Jun 2024 13:05:01 DEBUG  	 unload_col: [None]
Mon 24 Jun 2024 13:05:01 DEBUG  [user] feature loaded successfully from [dataset/ml-1m/ml-1m.user].
Mon 24 Jun 2024 13:05:01 DEBUG  Loading feature from [dataset/ml-1m/ml-1m.item] (source: [FeatureSource.ITEM]).
Mon 24 Jun 2024 13:05:01 DEBUG  [item]: 
Mon 24 Jun 2024 13:05:01 DEBUG  	 load_col: [set()]
Mon 24 Jun 2024 13:05:01 DEBUG  	 unload_col: [None]
Mon 24 Jun 2024 13:05:01 DEBUG  [item] feature loaded successfully from [dataset/ml-1m/ml-1m.item].
Mon 24 Jun 2024 13:05:02 DEBUG  drop_by_value: val={}
Mon 24 Jun 2024 13:05:02 DEBUG  Filling nan
Mon 24 Jun 2024 13:05:02 DEBUG  Set label by {'rating': 4.0}.
Mon 24 Jun 2024 13:05:02 DEBUG  Delete column [rating].
Mon 24 Jun 2024 13:05:02 DEBUG  Normalized fields: ['label']
Mon 24 Jun 2024 13:05:02 INFO  ml-1m
The number of users: 6041
Average actions of users: 165.5975165562914
The number of items: 3707
Average actions of items: 269.88909875876953
The number of inters: 1000209
The sparsity of the dataset: 95.53358229599758%
Remain Fields: ['user_id', 'item_id', 'label']
Mon 24 Jun 2024 13:05:02 DEBUG  split by ratios [[0.8, 0.1, 0.1]], group_by=[user_id]
Mon 24 Jun 2024 13:05:03 INFO  [Training]: train_batch_size = [2048] train_neg_sample_args: [{'distribution': 'uniform', 'sample_num': 1, 'alpha': 1.0, 'dynamic': False, 'candidate_num': 1}]
Mon 24 Jun 2024 13:05:03 INFO  [Evaluation]: eval_batch_size = [4096] eval_args: [{'split': {'RS': [0.8, 0.1, 0.1]}, 'group_by': 'user', 'order': 'RO', 'mode': 'full'}]
Mon 24 Jun 2024 13:05:13 INFO  LightGCN(
  (user_embedding): Embedding(6041, 64)
  (item_embedding): Embedding(3707, 64)
  (mf_loss): BPRLoss()
  (reg_loss): EmbLoss()
)
Trainable parameters: 623872
Mon 24 Jun 2024 13:05:13 INFO  FLOPs: 0.0
Mon 24 Jun 2024 13:05:13 DEBUG  matplotlib data path: /home/simeon/miniconda3/envs/recbole/lib/python3.11/site-packages/matplotlib/mpl-data
Mon 24 Jun 2024 13:05:13 DEBUG  CONFIGDIR=/home/simeon/.config/matplotlib
Mon 24 Jun 2024 13:05:13 DEBUG  interactive is False
Mon 24 Jun 2024 13:05:13 DEBUG  platform is linux
Mon 24 Jun 2024 13:05:13 DEBUG  CACHEDIR=/home/simeon/.cache/matplotlib
Mon 24 Jun 2024 13:05:13 DEBUG  Using fontManager instance from /home/simeon/.cache/matplotlib/fontlist-v330.json
Mon 24 Jun 2024 13:05:14 DEBUG   length of inter_feat: 805443
Mon 24 Jun 2024 13:05:14 DEBUG   length of dataset: 805443
Mon 24 Jun 2024 13:06:29 INFO  epoch 0 training [time: 75.64s, train loss: 176.2608]
Mon 24 Jun 2024 13:06:31 INFO  epoch 0 evaluating [time: 1.32s, valid_score: 0.113000]
Mon 24 Jun 2024 13:06:31 INFO  valid result: 
recall@20 : 0.113    mrr@20 : 0.2301    ndcg@20 : 0.1129    hit@20 : 0.6253    precision@20 : 0.0732
Mon 24 Jun 2024 13:06:31 INFO  Saving current: saved/LightGCN-Jun-24-2024_13-05-13.pth
Mon 24 Jun 2024 13:07:46 INFO  epoch 1 training [time: 75.34s, train loss: 142.2757]
Mon 24 Jun 2024 13:07:47 INFO  epoch 1 evaluating [time: 1.32s, valid_score: 0.113200]
Mon 24 Jun 2024 13:07:47 INFO  valid result: 
recall@20 : 0.1132    mrr@20 : 0.231    ndcg@20 : 0.1134    hit@20 : 0.6257    precision@20 : 0.0735
Mon 24 Jun 2024 13:07:47 INFO  Saving current: saved/LightGCN-Jun-24-2024_13-05-13.pth
Mon 24 Jun 2024 13:09:02 INFO  epoch 2 training [time: 75.18s, train loss: 139.8273]
Mon 24 Jun 2024 13:09:04 INFO  epoch 2 evaluating [time: 1.31s, valid_score: 0.113600]
Mon 24 Jun 2024 13:09:04 INFO  valid result: 
recall@20 : 0.1136    mrr@20 : 0.2316    ndcg@20 : 0.1136    hit@20 : 0.6248    precision@20 : 0.0737
Mon 24 Jun 2024 13:09:04 INFO  Saving current: saved/LightGCN-Jun-24-2024_13-05-13.pth
Mon 24 Jun 2024 13:10:20 INFO  epoch 3 training [time: 75.91s, train loss: 137.9223]
Mon 24 Jun 2024 13:10:21 INFO  epoch 3 evaluating [time: 1.31s, valid_score: 0.113800]
Mon 24 Jun 2024 13:10:21 INFO  valid result: 
recall@20 : 0.1138    mrr@20 : 0.2318    ndcg@20 : 0.1137    hit@20 : 0.6263    precision@20 : 0.0738
Mon 24 Jun 2024 13:10:21 INFO  Saving current: saved/LightGCN-Jun-24-2024_13-05-13.pth
Mon 24 Jun 2024 13:11:37 INFO  epoch 4 training [time: 75.72s, train loss: 136.9906]
Mon 24 Jun 2024 13:11:38 INFO  epoch 4 evaluating [time: 1.33s, valid_score: 0.113300]
Mon 24 Jun 2024 13:11:38 INFO  valid result: 
recall@20 : 0.1133    mrr@20 : 0.2313    ndcg@20 : 0.1136    hit@20 : 0.6258    precision@20 : 0.0739
Mon 24 Jun 2024 13:12:53 INFO  epoch 5 training [time: 75.35s, train loss: 135.7974]
Mon 24 Jun 2024 13:12:55 INFO  epoch 5 evaluating [time: 1.37s, valid_score: 0.113400]
Mon 24 Jun 2024 13:12:55 INFO  valid result: 
recall@20 : 0.1134    mrr@20 : 0.2315    ndcg@20 : 0.1138    hit@20 : 0.6262    precision@20 : 0.0741
Mon 24 Jun 2024 13:14:10 INFO  epoch 6 training [time: 75.25s, train loss: 134.3836]
Mon 24 Jun 2024 13:14:11 INFO  epoch 6 evaluating [time: 1.31s, valid_score: 0.116200]
Mon 24 Jun 2024 13:14:11 INFO  valid result: 
recall@20 : 0.1162    mrr@20 : 0.2332    ndcg@20 : 0.1155    hit@20 : 0.6363    precision@20 : 0.0751
Mon 24 Jun 2024 13:14:11 INFO  Saving current: saved/LightGCN-Jun-24-2024_13-05-13.pth
Mon 24 Jun 2024 13:15:28 INFO  epoch 7 training [time: 76.36s, train loss: 132.2017]
Mon 24 Jun 2024 13:15:29 INFO  epoch 7 evaluating [time: 1.45s, valid_score: 0.117200]
Mon 24 Jun 2024 13:15:29 INFO  valid result: 
recall@20 : 0.1172    mrr@20 : 0.2384    ndcg@20 : 0.1178    hit@20 : 0.6369    precision@20 : 0.0764
Mon 24 Jun 2024 13:15:29 INFO  Saving current: saved/LightGCN-Jun-24-2024_13-05-13.pth
Mon 24 Jun 2024 13:16:47 INFO  epoch 8 training [time: 77.71s, train loss: 127.6734]
Mon 24 Jun 2024 13:16:49 INFO  epoch 8 evaluating [time: 1.50s, valid_score: 0.121300]
Mon 24 Jun 2024 13:16:49 INFO  valid result: 
recall@20 : 0.1213    mrr@20 : 0.2459    ndcg@20 : 0.1224    hit@20 : 0.646    precision@20 : 0.0793
Mon 24 Jun 2024 13:16:49 INFO  Saving current: saved/LightGCN-Jun-24-2024_13-05-13.pth
Mon 24 Jun 2024 13:18:10 INFO  epoch 9 training [time: 81.07s, train loss: 122.2111]
Mon 24 Jun 2024 13:18:11 INFO  epoch 9 evaluating [time: 1.35s, valid_score: 0.127500]
Mon 24 Jun 2024 13:18:11 INFO  valid result: 
recall@20 : 0.1275    mrr@20 : 0.2584    ndcg@20 : 0.1289    hit@20 : 0.6624    precision@20 : 0.0835
Mon 24 Jun 2024 13:18:11 INFO  Saving current: saved/LightGCN-Jun-24-2024_13-05-13.pth
Mon 24 Jun 2024 13:19:27 INFO  epoch 10 training [time: 76.16s, train loss: 118.0528]
Mon 24 Jun 2024 13:19:28 INFO  epoch 10 evaluating [time: 1.37s, valid_score: 0.133600]
Mon 24 Jun 2024 13:19:28 INFO  valid result: 
recall@20 : 0.1336    mrr@20 : 0.2667    ndcg@20 : 0.1338    hit@20 : 0.6738    precision@20 : 0.086
Mon 24 Jun 2024 13:19:29 INFO  Saving current: saved/LightGCN-Jun-24-2024_13-05-13.pth
Mon 24 Jun 2024 13:20:45 INFO  epoch 11 training [time: 76.27s, train loss: 114.5194]
Mon 24 Jun 2024 13:20:46 INFO  epoch 11 evaluating [time: 1.42s, valid_score: 0.137600]
Mon 24 Jun 2024 13:20:46 INFO  valid result: 
recall@20 : 0.1376    mrr@20 : 0.2794    ndcg@20 : 0.1392    hit@20 : 0.6815    precision@20 : 0.0887
Mon 24 Jun 2024 13:20:46 INFO  Saving current: saved/LightGCN-Jun-24-2024_13-05-13.pth
Mon 24 Jun 2024 13:22:04 INFO  epoch 12 training [time: 77.41s, train loss: 111.6403]
Mon 24 Jun 2024 13:22:05 INFO  epoch 12 evaluating [time: 1.38s, valid_score: 0.142500]
Mon 24 Jun 2024 13:22:05 INFO  valid result: 
recall@20 : 0.1425    mrr@20 : 0.2937    ndcg@20 : 0.1454    hit@20 : 0.6925    precision@20 : 0.0913
Mon 24 Jun 2024 13:22:05 INFO  Saving current: saved/LightGCN-Jun-24-2024_13-05-13.pth
Mon 24 Jun 2024 13:23:22 INFO  epoch 13 training [time: 77.18s, train loss: 108.7523]
Mon 24 Jun 2024 13:23:24 INFO  epoch 13 evaluating [time: 1.46s, valid_score: 0.146900]
Mon 24 Jun 2024 13:23:24 INFO  valid result: 
recall@20 : 0.1469    mrr@20 : 0.3018    ndcg@20 : 0.1507    hit@20 : 0.7002    precision@20 : 0.094
Mon 24 Jun 2024 13:23:24 INFO  Saving current: saved/LightGCN-Jun-24-2024_13-05-13.pth
Mon 24 Jun 2024 13:24:41 INFO  epoch 14 training [time: 77.47s, train loss: 106.3233]
Mon 24 Jun 2024 13:24:43 INFO  epoch 14 evaluating [time: 1.44s, valid_score: 0.151500]
Mon 24 Jun 2024 13:24:43 INFO  valid result: 
recall@20 : 0.1515    mrr@20 : 0.3048    ndcg@20 : 0.1541    hit@20 : 0.7073    precision@20 : 0.096
Mon 24 Jun 2024 13:24:43 INFO  Saving current: saved/LightGCN-Jun-24-2024_13-05-13.pth
Mon 24 Jun 2024 13:26:04 INFO  epoch 15 training [time: 81.19s, train loss: 104.2607]
Mon 24 Jun 2024 13:26:05 INFO  epoch 15 evaluating [time: 1.41s, valid_score: 0.153500]
Mon 24 Jun 2024 13:26:05 INFO  valid result: 
recall@20 : 0.1535    mrr@20 : 0.3073    ndcg@20 : 0.1561    hit@20 : 0.7118    precision@20 : 0.0975
Mon 24 Jun 2024 13:26:05 INFO  Saving current: saved/LightGCN-Jun-24-2024_13-05-13.pth
Mon 24 Jun 2024 13:27:24 INFO  epoch 16 training [time: 78.87s, train loss: 102.9441]
Mon 24 Jun 2024 13:27:26 INFO  epoch 16 evaluating [time: 1.44s, valid_score: 0.154300]
Mon 24 Jun 2024 13:27:26 INFO  valid result: 
recall@20 : 0.1543    mrr@20 : 0.3109    ndcg@20 : 0.1578    hit@20 : 0.7132    precision@20 : 0.0982
Mon 24 Jun 2024 13:27:26 INFO  Saving current: saved/LightGCN-Jun-24-2024_13-05-13.pth
Mon 24 Jun 2024 13:28:41 INFO  epoch 17 training [time: 75.50s, train loss: 101.7135]
Mon 24 Jun 2024 13:28:42 INFO  epoch 17 evaluating [time: 1.36s, valid_score: 0.156800]
Mon 24 Jun 2024 13:28:42 INFO  valid result: 
recall@20 : 0.1568    mrr@20 : 0.3136    ndcg@20 : 0.1599    hit@20 : 0.7179    precision@20 : 0.0995
Mon 24 Jun 2024 13:28:43 INFO  Saving current: saved/LightGCN-Jun-24-2024_13-05-13.pth
Mon 24 Jun 2024 13:29:58 INFO  epoch 18 training [time: 75.79s, train loss: 100.4307]
Mon 24 Jun 2024 13:30:00 INFO  epoch 18 evaluating [time: 1.30s, valid_score: 0.159600]
Mon 24 Jun 2024 13:30:00 INFO  valid result: 
recall@20 : 0.1596    mrr@20 : 0.3173    ndcg@20 : 0.1625    hit@20 : 0.7227    precision@20 : 0.1012
Mon 24 Jun 2024 13:30:00 INFO  Saving current: saved/LightGCN-Jun-24-2024_13-05-13.pth
Mon 24 Jun 2024 13:31:17 INFO  epoch 19 training [time: 77.71s, train loss: 98.9357]
Mon 24 Jun 2024 13:31:19 INFO  epoch 19 evaluating [time: 1.39s, valid_score: 0.162700]
Mon 24 Jun 2024 13:31:19 INFO  valid result: 
recall@20 : 0.1627    mrr@20 : 0.3208    ndcg@20 : 0.1652    hit@20 : 0.7288    precision@20 : 0.1032
Mon 24 Jun 2024 13:31:19 INFO  Saving current: saved/LightGCN-Jun-24-2024_13-05-13.pth
Mon 24 Jun 2024 13:32:36 INFO  epoch 20 training [time: 76.75s, train loss: 97.6387]
Mon 24 Jun 2024 13:32:37 INFO  epoch 20 evaluating [time: 1.34s, valid_score: 0.164200]
Mon 24 Jun 2024 13:32:37 INFO  valid result: 
recall@20 : 0.1642    mrr@20 : 0.3235    ndcg@20 : 0.167    hit@20 : 0.7329    precision@20 : 0.1041
Mon 24 Jun 2024 13:32:37 INFO  Saving current: saved/LightGCN-Jun-24-2024_13-05-13.pth
Mon 24 Jun 2024 13:33:52 INFO  epoch 21 training [time: 74.89s, train loss: 96.1448]
Mon 24 Jun 2024 13:33:53 INFO  epoch 21 evaluating [time: 1.40s, valid_score: 0.165700]
Mon 24 Jun 2024 13:33:53 INFO  valid result: 
recall@20 : 0.1657    mrr@20 : 0.3261    ndcg@20 : 0.1686    hit@20 : 0.7366    precision@20 : 0.105
Mon 24 Jun 2024 13:33:53 INFO  Saving current: saved/LightGCN-Jun-24-2024_13-05-13.pth
Mon 24 Jun 2024 13:35:08 INFO  epoch 22 training [time: 74.81s, train loss: 95.2288]
Mon 24 Jun 2024 13:35:09 INFO  epoch 22 evaluating [time: 1.37s, valid_score: 0.168500]
Mon 24 Jun 2024 13:35:09 INFO  valid result: 
recall@20 : 0.1685    mrr@20 : 0.3298    ndcg@20 : 0.1711    hit@20 : 0.7432    precision@20 : 0.1066
Mon 24 Jun 2024 13:35:09 INFO  Saving current: saved/LightGCN-Jun-24-2024_13-05-13.pth
Mon 24 Jun 2024 13:36:24 INFO  epoch 23 training [time: 74.92s, train loss: 93.7800]
Mon 24 Jun 2024 13:36:26 INFO  epoch 23 evaluating [time: 1.42s, valid_score: 0.169700]
Mon 24 Jun 2024 13:36:26 INFO  valid result: 
recall@20 : 0.1697    mrr@20 : 0.3327    ndcg@20 : 0.1727    hit@20 : 0.7447    precision@20 : 0.1074
Mon 24 Jun 2024 13:36:26 INFO  Saving current: saved/LightGCN-Jun-24-2024_13-05-13.pth
Mon 24 Jun 2024 13:37:41 INFO  epoch 24 training [time: 74.90s, train loss: 92.7035]
Mon 24 Jun 2024 13:37:42 INFO  epoch 24 evaluating [time: 1.31s, valid_score: 0.171300]
Mon 24 Jun 2024 13:37:42 INFO  valid result: 
recall@20 : 0.1713    mrr@20 : 0.3364    ndcg@20 : 0.1747    hit@20 : 0.7478    precision@20 : 0.1086
Mon 24 Jun 2024 13:37:42 INFO  Saving current: saved/LightGCN-Jun-24-2024_13-05-13.pth
Mon 24 Jun 2024 13:38:57 INFO  epoch 25 training [time: 74.97s, train loss: 91.7045]
Mon 24 Jun 2024 13:38:58 INFO  epoch 25 evaluating [time: 1.39s, valid_score: 0.173500]
Mon 24 Jun 2024 13:38:58 INFO  valid result: 
recall@20 : 0.1735    mrr@20 : 0.3373    ndcg@20 : 0.1763    hit@20 : 0.752    precision@20 : 0.1094
Mon 24 Jun 2024 13:38:58 INFO  Saving current: saved/LightGCN-Jun-24-2024_13-05-13.pth
Mon 24 Jun 2024 13:40:13 INFO  epoch 26 training [time: 75.00s, train loss: 90.8579]
Mon 24 Jun 2024 13:40:15 INFO  epoch 26 evaluating [time: 1.31s, valid_score: 0.176200]
Mon 24 Jun 2024 13:40:15 INFO  valid result: 
recall@20 : 0.1762    mrr@20 : 0.3398    ndcg@20 : 0.1785    hit@20 : 0.7558    precision@20 : 0.1109
Mon 24 Jun 2024 13:40:15 INFO  Saving current: saved/LightGCN-Jun-24-2024_13-05-13.pth
Mon 24 Jun 2024 13:41:30 INFO  epoch 27 training [time: 74.79s, train loss: 90.0139]
Mon 24 Jun 2024 13:41:31 INFO  epoch 27 evaluating [time: 1.38s, valid_score: 0.177300]
Mon 24 Jun 2024 13:41:31 INFO  valid result: 
recall@20 : 0.1773    mrr@20 : 0.3429    ndcg@20 : 0.1799    hit@20 : 0.7578    precision@20 : 0.1116
Mon 24 Jun 2024 13:41:31 INFO  Saving current: saved/LightGCN-Jun-24-2024_13-05-13.pth
Mon 24 Jun 2024 13:42:46 INFO  epoch 28 training [time: 74.78s, train loss: 89.3496]
Mon 24 Jun 2024 13:42:47 INFO  epoch 28 evaluating [time: 1.37s, valid_score: 0.178800]
Mon 24 Jun 2024 13:42:47 INFO  valid result: 
recall@20 : 0.1788    mrr@20 : 0.3447    ndcg@20 : 0.1812    hit@20 : 0.7604    precision@20 : 0.1126
Mon 24 Jun 2024 13:42:47 INFO  Saving current: saved/LightGCN-Jun-24-2024_13-05-13.pth
Mon 24 Jun 2024 13:44:02 INFO  epoch 29 training [time: 75.17s, train loss: 88.3210]
Mon 24 Jun 2024 13:44:04 INFO  epoch 29 evaluating [time: 1.42s, valid_score: 0.180200]
Mon 24 Jun 2024 13:44:04 INFO  valid result: 
recall@20 : 0.1802    mrr@20 : 0.3455    ndcg@20 : 0.1823    hit@20 : 0.7636    precision@20 : 0.1131
Mon 24 Jun 2024 13:44:04 INFO  Saving current: saved/LightGCN-Jun-24-2024_13-05-13.pth
Mon 24 Jun 2024 13:45:19 INFO  epoch 30 training [time: 75.14s, train loss: 88.2023]
Mon 24 Jun 2024 13:45:20 INFO  epoch 30 evaluating [time: 1.32s, valid_score: 0.182500]
Mon 24 Jun 2024 13:45:20 INFO  valid result: 
recall@20 : 0.1825    mrr@20 : 0.3481    ndcg@20 : 0.184    hit@20 : 0.7652    precision@20 : 0.1141
Mon 24 Jun 2024 13:45:20 INFO  Saving current: saved/LightGCN-Jun-24-2024_13-05-13.pth
Mon 24 Jun 2024 13:46:36 INFO  epoch 31 training [time: 75.17s, train loss: 87.1911]
Mon 24 Jun 2024 13:46:37 INFO  epoch 31 evaluating [time: 1.34s, valid_score: 0.183900]
Mon 24 Jun 2024 13:46:37 INFO  valid result: 
recall@20 : 0.1839    mrr@20 : 0.3504    ndcg@20 : 0.1853    hit@20 : 0.7661    precision@20 : 0.1147
Mon 24 Jun 2024 13:46:37 INFO  Saving current: saved/LightGCN-Jun-24-2024_13-05-13.pth
Mon 24 Jun 2024 13:47:52 INFO  epoch 32 training [time: 75.38s, train loss: 86.8322]
Mon 24 Jun 2024 13:47:54 INFO  epoch 32 evaluating [time: 1.40s, valid_score: 0.185300]
Mon 24 Jun 2024 13:47:54 INFO  valid result: 
recall@20 : 0.1853    mrr@20 : 0.3521    ndcg@20 : 0.1864    hit@20 : 0.7689    precision@20 : 0.1154
Mon 24 Jun 2024 13:47:54 INFO  Saving current: saved/LightGCN-Jun-24-2024_13-05-13.pth
Mon 24 Jun 2024 13:49:09 INFO  epoch 33 training [time: 75.39s, train loss: 86.0620]
Mon 24 Jun 2024 13:49:10 INFO  epoch 33 evaluating [time: 1.33s, valid_score: 0.187000]
Mon 24 Jun 2024 13:49:10 INFO  valid result: 
recall@20 : 0.187    mrr@20 : 0.3529    ndcg@20 : 0.1876    hit@20 : 0.7724    precision@20 : 0.1159
Mon 24 Jun 2024 13:49:10 INFO  Saving current: saved/LightGCN-Jun-24-2024_13-05-13.pth
Mon 24 Jun 2024 13:50:25 INFO  epoch 34 training [time: 74.75s, train loss: 85.5548]
Mon 24 Jun 2024 13:50:27 INFO  epoch 34 evaluating [time: 1.37s, valid_score: 0.188100]
Mon 24 Jun 2024 13:50:27 INFO  valid result: 
recall@20 : 0.1881    mrr@20 : 0.3538    ndcg@20 : 0.1887    hit@20 : 0.774    precision@20 : 0.1166
Mon 24 Jun 2024 13:50:27 INFO  Saving current: saved/LightGCN-Jun-24-2024_13-05-13.pth
Mon 24 Jun 2024 13:51:41 INFO  epoch 35 training [time: 74.64s, train loss: 84.7768]
Mon 24 Jun 2024 13:51:43 INFO  epoch 35 evaluating [time: 1.30s, valid_score: 0.189700]
Mon 24 Jun 2024 13:51:43 INFO  valid result: 
recall@20 : 0.1897    mrr@20 : 0.3547    ndcg@20 : 0.19    hit@20 : 0.776    precision@20 : 0.1176
Mon 24 Jun 2024 13:51:43 INFO  Saving current: saved/LightGCN-Jun-24-2024_13-05-13.pth
Mon 24 Jun 2024 13:52:57 INFO  epoch 36 training [time: 74.48s, train loss: 84.2491]
Mon 24 Jun 2024 13:52:58 INFO  epoch 36 evaluating [time: 1.33s, valid_score: 0.191200]
Mon 24 Jun 2024 13:52:58 INFO  valid result: 
recall@20 : 0.1912    mrr@20 : 0.3574    ndcg@20 : 0.1915    hit@20 : 0.7796    precision@20 : 0.118
Mon 24 Jun 2024 13:52:58 INFO  Saving current: saved/LightGCN-Jun-24-2024_13-05-13.pth
Mon 24 Jun 2024 13:54:13 INFO  epoch 37 training [time: 74.59s, train loss: 83.8196]
Mon 24 Jun 2024 13:54:14 INFO  epoch 37 evaluating [time: 1.32s, valid_score: 0.193000]
Mon 24 Jun 2024 13:54:14 INFO  valid result: 
recall@20 : 0.193    mrr@20 : 0.3593    ndcg@20 : 0.193    hit@20 : 0.781    precision@20 : 0.1187
Mon 24 Jun 2024 13:54:14 INFO  Saving current: saved/LightGCN-Jun-24-2024_13-05-13.pth
Mon 24 Jun 2024 13:55:29 INFO  epoch 38 training [time: 74.70s, train loss: 82.9406]
Mon 24 Jun 2024 13:55:30 INFO  epoch 38 evaluating [time: 1.35s, valid_score: 0.194000]
Mon 24 Jun 2024 13:55:30 INFO  valid result: 
recall@20 : 0.194    mrr@20 : 0.3593    ndcg@20 : 0.1937    hit@20 : 0.782    precision@20 : 0.1192
Mon 24 Jun 2024 13:55:30 INFO  Saving current: saved/LightGCN-Jun-24-2024_13-05-13.pth
Mon 24 Jun 2024 13:56:45 INFO  epoch 39 training [time: 74.09s, train loss: 82.9792]
Mon 24 Jun 2024 13:56:46 INFO  epoch 39 evaluating [time: 1.35s, valid_score: 0.194700]
Mon 24 Jun 2024 13:56:46 INFO  valid result: 
recall@20 : 0.1947    mrr@20 : 0.3605    ndcg@20 : 0.1944    hit@20 : 0.7831    precision@20 : 0.1199
Mon 24 Jun 2024 13:56:46 INFO  Saving current: saved/LightGCN-Jun-24-2024_13-05-13.pth
Mon 24 Jun 2024 13:58:00 INFO  epoch 40 training [time: 73.91s, train loss: 82.1985]
Mon 24 Jun 2024 13:58:01 INFO  epoch 40 evaluating [time: 1.31s, valid_score: 0.195800]
Mon 24 Jun 2024 13:58:01 INFO  valid result: 
recall@20 : 0.1958    mrr@20 : 0.3617    ndcg@20 : 0.1953    hit@20 : 0.7849    precision@20 : 0.1204
Mon 24 Jun 2024 13:58:01 INFO  Saving current: saved/LightGCN-Jun-24-2024_13-05-13.pth
Mon 24 Jun 2024 13:59:15 INFO  epoch 41 training [time: 74.08s, train loss: 81.7414]
Mon 24 Jun 2024 13:59:17 INFO  epoch 41 evaluating [time: 1.34s, valid_score: 0.197900]
Mon 24 Jun 2024 13:59:17 INFO  valid result: 
recall@20 : 0.1979    mrr@20 : 0.3612    ndcg@20 : 0.1964    hit@20 : 0.7874    precision@20 : 0.1212
Mon 24 Jun 2024 13:59:17 INFO  Saving current: saved/LightGCN-Jun-24-2024_13-05-13.pth
Mon 24 Jun 2024 14:00:32 INFO  epoch 42 training [time: 75.73s, train loss: 81.3406]
Mon 24 Jun 2024 14:00:34 INFO  epoch 42 evaluating [time: 1.40s, valid_score: 0.198400]
Mon 24 Jun 2024 14:00:34 INFO  valid result: 
recall@20 : 0.1984    mrr@20 : 0.3638    ndcg@20 : 0.1974    hit@20 : 0.7879    precision@20 : 0.1214
Mon 24 Jun 2024 14:00:34 INFO  Saving current: saved/LightGCN-Jun-24-2024_13-05-13.pth
Mon 24 Jun 2024 14:01:54 INFO  epoch 43 training [time: 80.02s, train loss: 80.7610]
Mon 24 Jun 2024 14:01:55 INFO  epoch 43 evaluating [time: 1.34s, valid_score: 0.200000]
Mon 24 Jun 2024 14:01:55 INFO  valid result: 
recall@20 : 0.2    mrr@20 : 0.3645    ndcg@20 : 0.1986    hit@20 : 0.7887    precision@20 : 0.1222
Mon 24 Jun 2024 14:01:55 INFO  Saving current: saved/LightGCN-Jun-24-2024_13-05-13.pth
Mon 24 Jun 2024 14:03:12 INFO  epoch 44 training [time: 76.77s, train loss: 80.3881]
Mon 24 Jun 2024 14:03:13 INFO  epoch 44 evaluating [time: 1.37s, valid_score: 0.201200]
Mon 24 Jun 2024 14:03:13 INFO  valid result: 
recall@20 : 0.2012    mrr@20 : 0.3633    ndcg@20 : 0.1993    hit@20 : 0.7894    precision@20 : 0.1227
Mon 24 Jun 2024 14:03:13 INFO  Saving current: saved/LightGCN-Jun-24-2024_13-05-13.pth
Mon 24 Jun 2024 14:04:31 INFO  epoch 45 training [time: 77.80s, train loss: 79.4757]
Mon 24 Jun 2024 14:04:33 INFO  epoch 45 evaluating [time: 1.52s, valid_score: 0.202000]
Mon 24 Jun 2024 14:04:33 INFO  valid result: 
recall@20 : 0.202    mrr@20 : 0.365    ndcg@20 : 0.2001    hit@20 : 0.7909    precision@20 : 0.1233
Mon 24 Jun 2024 14:04:33 INFO  Saving current: saved/LightGCN-Jun-24-2024_13-05-13.pth
Mon 24 Jun 2024 14:05:49 INFO  epoch 46 training [time: 76.71s, train loss: 79.3173]
Mon 24 Jun 2024 14:05:51 INFO  epoch 46 evaluating [time: 1.41s, valid_score: 0.203200]
Mon 24 Jun 2024 14:05:51 INFO  valid result: 
recall@20 : 0.2032    mrr@20 : 0.3652    ndcg@20 : 0.2007    hit@20 : 0.7942    precision@20 : 0.1237
Mon 24 Jun 2024 14:05:51 INFO  Saving current: saved/LightGCN-Jun-24-2024_13-05-13.pth
Mon 24 Jun 2024 14:07:08 INFO  epoch 47 training [time: 76.80s, train loss: 78.7971]
Mon 24 Jun 2024 14:07:09 INFO  epoch 47 evaluating [time: 1.40s, valid_score: 0.204000]
Mon 24 Jun 2024 14:07:09 INFO  valid result: 
recall@20 : 0.204    mrr@20 : 0.3641    ndcg@20 : 0.201    hit@20 : 0.7954    precision@20 : 0.1241
Mon 24 Jun 2024 14:07:09 INFO  Saving current: saved/LightGCN-Jun-24-2024_13-05-13.pth
Mon 24 Jun 2024 14:08:24 INFO  epoch 48 training [time: 74.76s, train loss: 78.7847]
Mon 24 Jun 2024 14:08:25 INFO  epoch 48 evaluating [time: 1.33s, valid_score: 0.205600]
Mon 24 Jun 2024 14:08:25 INFO  valid result: 
recall@20 : 0.2056    mrr@20 : 0.3654    ndcg@20 : 0.2018    hit@20 : 0.797    precision@20 : 0.1244
Mon 24 Jun 2024 14:08:25 INFO  Saving current: saved/LightGCN-Jun-24-2024_13-05-13.pth
Mon 24 Jun 2024 14:09:40 INFO  epoch 49 training [time: 75.22s, train loss: 78.2014]
Mon 24 Jun 2024 14:09:42 INFO  epoch 49 evaluating [time: 1.38s, valid_score: 0.207200]
Mon 24 Jun 2024 14:09:42 INFO  valid result: 
recall@20 : 0.2072    mrr@20 : 0.3654    ndcg@20 : 0.2029    hit@20 : 0.8005    precision@20 : 0.1251
Mon 24 Jun 2024 14:09:42 INFO  Saving current: saved/LightGCN-Jun-24-2024_13-05-13.pth
Mon 24 Jun 2024 14:10:57 INFO  epoch 50 training [time: 75.12s, train loss: 77.7526]
Mon 24 Jun 2024 14:10:58 INFO  epoch 50 evaluating [time: 1.36s, valid_score: 0.208200]
Mon 24 Jun 2024 14:10:58 INFO  valid result: 
recall@20 : 0.2082    mrr@20 : 0.3683    ndcg@20 : 0.2041    hit@20 : 0.8023    precision@20 : 0.1254
Mon 24 Jun 2024 14:10:58 INFO  Saving current: saved/LightGCN-Jun-24-2024_13-05-13.pth
Mon 24 Jun 2024 14:12:14 INFO  epoch 51 training [time: 75.40s, train loss: 77.6735]
Mon 24 Jun 2024 14:12:15 INFO  epoch 51 evaluating [time: 1.33s, valid_score: 0.208400]
Mon 24 Jun 2024 14:12:15 INFO  valid result: 
recall@20 : 0.2084    mrr@20 : 0.3695    ndcg@20 : 0.2043    hit@20 : 0.8013    precision@20 : 0.1253
Mon 24 Jun 2024 14:12:15 INFO  Saving current: saved/LightGCN-Jun-24-2024_13-05-13.pth
Mon 24 Jun 2024 14:13:30 INFO  epoch 52 training [time: 74.79s, train loss: 77.2118]
Mon 24 Jun 2024 14:13:31 INFO  epoch 52 evaluating [time: 1.35s, valid_score: 0.209300]
Mon 24 Jun 2024 14:13:31 INFO  valid result: 
recall@20 : 0.2093    mrr@20 : 0.3688    ndcg@20 : 0.2048    hit@20 : 0.803    precision@20 : 0.1259
Mon 24 Jun 2024 14:13:31 INFO  Saving current: saved/LightGCN-Jun-24-2024_13-05-13.pth
Mon 24 Jun 2024 14:14:47 INFO  epoch 53 training [time: 75.14s, train loss: 76.9474]
Mon 24 Jun 2024 14:14:48 INFO  epoch 53 evaluating [time: 1.34s, valid_score: 0.210400]
Mon 24 Jun 2024 14:14:48 INFO  valid result: 
recall@20 : 0.2104    mrr@20 : 0.3689    ndcg@20 : 0.2054    hit@20 : 0.8055    precision@20 : 0.1263
Mon 24 Jun 2024 14:14:48 INFO  Saving current: saved/LightGCN-Jun-24-2024_13-05-13.pth
Mon 24 Jun 2024 14:16:03 INFO  epoch 54 training [time: 75.38s, train loss: 76.2600]
Mon 24 Jun 2024 14:16:05 INFO  epoch 54 evaluating [time: 1.32s, valid_score: 0.211200]
Mon 24 Jun 2024 14:16:05 INFO  valid result: 
recall@20 : 0.2112    mrr@20 : 0.3686    ndcg@20 : 0.206    hit@20 : 0.8076    precision@20 : 0.1267
Mon 24 Jun 2024 14:16:05 INFO  Saving current: saved/LightGCN-Jun-24-2024_13-05-13.pth
Mon 24 Jun 2024 14:17:20 INFO  epoch 55 training [time: 75.36s, train loss: 75.8596]
Mon 24 Jun 2024 14:17:21 INFO  epoch 55 evaluating [time: 1.32s, valid_score: 0.211800]
Mon 24 Jun 2024 14:17:21 INFO  valid result: 
recall@20 : 0.2118    mrr@20 : 0.3702    ndcg@20 : 0.2065    hit@20 : 0.8073    precision@20 : 0.1266
Mon 24 Jun 2024 14:17:21 INFO  Saving current: saved/LightGCN-Jun-24-2024_13-05-13.pth
Mon 24 Jun 2024 14:18:37 INFO  epoch 56 training [time: 75.22s, train loss: 75.9317]
Mon 24 Jun 2024 14:18:38 INFO  epoch 56 evaluating [time: 1.37s, valid_score: 0.211800]
Mon 24 Jun 2024 14:18:38 INFO  valid result: 
recall@20 : 0.2118    mrr@20 : 0.3695    ndcg@20 : 0.2066    hit@20 : 0.8068    precision@20 : 0.1269
Mon 24 Jun 2024 14:18:38 INFO  Saving current: saved/LightGCN-Jun-24-2024_13-05-13.pth
Mon 24 Jun 2024 14:19:53 INFO  epoch 57 training [time: 75.22s, train loss: 75.4090]
Mon 24 Jun 2024 14:19:55 INFO  epoch 57 evaluating [time: 1.43s, valid_score: 0.212200]
Mon 24 Jun 2024 14:19:55 INFO  valid result: 
recall@20 : 0.2122    mrr@20 : 0.3701    ndcg@20 : 0.2069    hit@20 : 0.8075    precision@20 : 0.1271
Mon 24 Jun 2024 14:19:55 INFO  Saving current: saved/LightGCN-Jun-24-2024_13-05-13.pth
Mon 24 Jun 2024 14:21:13 INFO  epoch 58 training [time: 78.48s, train loss: 75.2198]
Mon 24 Jun 2024 14:21:15 INFO  epoch 58 evaluating [time: 1.43s, valid_score: 0.213200]
Mon 24 Jun 2024 14:21:15 INFO  valid result: 
recall@20 : 0.2132    mrr@20 : 0.3715    ndcg@20 : 0.2077    hit@20 : 0.8093    precision@20 : 0.1276
Mon 24 Jun 2024 14:21:15 INFO  Saving current: saved/LightGCN-Jun-24-2024_13-05-13.pth
Mon 24 Jun 2024 14:22:30 INFO  epoch 59 training [time: 75.02s, train loss: 74.9326]
Mon 24 Jun 2024 14:22:31 INFO  epoch 59 evaluating [time: 1.41s, valid_score: 0.215000]
Mon 24 Jun 2024 14:22:31 INFO  valid result: 
recall@20 : 0.215    mrr@20 : 0.3721    ndcg@20 : 0.2087    hit@20 : 0.8124    precision@20 : 0.128
Mon 24 Jun 2024 14:22:31 INFO  Saving current: saved/LightGCN-Jun-24-2024_13-05-13.pth
Mon 24 Jun 2024 14:23:46 INFO  epoch 60 training [time: 74.97s, train loss: 74.4163]
Mon 24 Jun 2024 14:23:47 INFO  epoch 60 evaluating [time: 1.39s, valid_score: 0.214400]
Mon 24 Jun 2024 14:23:47 INFO  valid result: 
recall@20 : 0.2144    mrr@20 : 0.3721    ndcg@20 : 0.2086    hit@20 : 0.8123    precision@20 : 0.1281
Mon 24 Jun 2024 14:25:02 INFO  epoch 61 training [time: 75.02s, train loss: 73.9748]
Mon 24 Jun 2024 14:25:04 INFO  epoch 61 evaluating [time: 1.32s, valid_score: 0.215600]
Mon 24 Jun 2024 14:25:04 INFO  valid result: 
recall@20 : 0.2156    mrr@20 : 0.3734    ndcg@20 : 0.2096    hit@20 : 0.8146    precision@20 : 0.1284
Mon 24 Jun 2024 14:25:04 INFO  Saving current: saved/LightGCN-Jun-24-2024_13-05-13.pth
Mon 24 Jun 2024 14:26:19 INFO  epoch 62 training [time: 75.17s, train loss: 73.9470]
Mon 24 Jun 2024 14:26:20 INFO  epoch 62 evaluating [time: 1.40s, valid_score: 0.215300]
Mon 24 Jun 2024 14:26:20 INFO  valid result: 
recall@20 : 0.2153    mrr@20 : 0.3726    ndcg@20 : 0.2093    hit@20 : 0.8147    precision@20 : 0.1284
Mon 24 Jun 2024 14:27:35 INFO  epoch 63 training [time: 74.92s, train loss: 73.5269]
Mon 24 Jun 2024 14:27:37 INFO  epoch 63 evaluating [time: 1.36s, valid_score: 0.216500]
Mon 24 Jun 2024 14:27:37 INFO  valid result: 
recall@20 : 0.2165    mrr@20 : 0.3712    ndcg@20 : 0.2098    hit@20 : 0.8147    precision@20 : 0.1288
Mon 24 Jun 2024 14:27:37 INFO  Saving current: saved/LightGCN-Jun-24-2024_13-05-13.pth
Mon 24 Jun 2024 14:28:51 INFO  epoch 64 training [time: 74.84s, train loss: 73.2542]
Mon 24 Jun 2024 14:28:53 INFO  epoch 64 evaluating [time: 1.35s, valid_score: 0.217500]
Mon 24 Jun 2024 14:28:53 INFO  valid result: 
recall@20 : 0.2175    mrr@20 : 0.3717    ndcg@20 : 0.2104    hit@20 : 0.8167    precision@20 : 0.1294
Mon 24 Jun 2024 14:28:53 INFO  Saving current: saved/LightGCN-Jun-24-2024_13-05-13.pth
Mon 24 Jun 2024 14:30:08 INFO  epoch 65 training [time: 74.95s, train loss: 73.3070]
Mon 24 Jun 2024 14:30:09 INFO  epoch 65 evaluating [time: 1.35s, valid_score: 0.217400]
Mon 24 Jun 2024 14:30:09 INFO  valid result: 
recall@20 : 0.2174    mrr@20 : 0.3717    ndcg@20 : 0.2104    hit@20 : 0.8159    precision@20 : 0.1293
Mon 24 Jun 2024 14:31:24 INFO  epoch 66 training [time: 75.27s, train loss: 73.0058]
Mon 24 Jun 2024 14:31:26 INFO  epoch 66 evaluating [time: 1.37s, valid_score: 0.218100]
Mon 24 Jun 2024 14:31:26 INFO  valid result: 
recall@20 : 0.2181    mrr@20 : 0.3724    ndcg@20 : 0.211    hit@20 : 0.8166    precision@20 : 0.1296
Mon 24 Jun 2024 14:31:26 INFO  Saving current: saved/LightGCN-Jun-24-2024_13-05-13.pth
Mon 24 Jun 2024 14:32:41 INFO  epoch 67 training [time: 74.97s, train loss: 72.4657]
Mon 24 Jun 2024 14:32:42 INFO  epoch 67 evaluating [time: 1.34s, valid_score: 0.218300]
Mon 24 Jun 2024 14:32:42 INFO  valid result: 
recall@20 : 0.2183    mrr@20 : 0.3735    ndcg@20 : 0.2114    hit@20 : 0.8172    precision@20 : 0.1297
Mon 24 Jun 2024 14:32:42 INFO  Saving current: saved/LightGCN-Jun-24-2024_13-05-13.pth
Mon 24 Jun 2024 14:33:57 INFO  epoch 68 training [time: 75.32s, train loss: 72.1886]
Mon 24 Jun 2024 14:33:59 INFO  epoch 68 evaluating [time: 1.33s, valid_score: 0.218200]
Mon 24 Jun 2024 14:33:59 INFO  valid result: 
recall@20 : 0.2182    mrr@20 : 0.3722    ndcg@20 : 0.2111    hit@20 : 0.8167    precision@20 : 0.1295
Mon 24 Jun 2024 14:35:14 INFO  epoch 69 training [time: 75.15s, train loss: 72.3495]
Mon 24 Jun 2024 14:35:15 INFO  epoch 69 evaluating [time: 1.31s, valid_score: 0.218000]
Mon 24 Jun 2024 14:35:15 INFO  valid result: 
recall@20 : 0.218    mrr@20 : 0.3735    ndcg@20 : 0.2114    hit@20 : 0.8169    precision@20 : 0.1297
Mon 24 Jun 2024 14:36:30 INFO  epoch 70 training [time: 74.75s, train loss: 72.4403]
Mon 24 Jun 2024 14:36:31 INFO  epoch 70 evaluating [time: 1.40s, valid_score: 0.219400]
Mon 24 Jun 2024 14:36:31 INFO  valid result: 
recall@20 : 0.2194    mrr@20 : 0.3737    ndcg@20 : 0.212    hit@20 : 0.8174    precision@20 : 0.1301
Mon 24 Jun 2024 14:36:31 INFO  Saving current: saved/LightGCN-Jun-24-2024_13-05-13.pth
Mon 24 Jun 2024 14:37:46 INFO  epoch 71 training [time: 74.57s, train loss: 71.2224]
Mon 24 Jun 2024 14:37:47 INFO  epoch 71 evaluating [time: 1.39s, valid_score: 0.219400]
Mon 24 Jun 2024 14:37:47 INFO  valid result: 
recall@20 : 0.2194    mrr@20 : 0.3732    ndcg@20 : 0.2121    hit@20 : 0.8175    precision@20 : 0.1301
Mon 24 Jun 2024 14:37:47 INFO  Saving current: saved/LightGCN-Jun-24-2024_13-05-13.pth
Mon 24 Jun 2024 14:39:02 INFO  epoch 72 training [time: 74.45s, train loss: 71.3670]
Mon 24 Jun 2024 14:39:03 INFO  epoch 72 evaluating [time: 1.30s, valid_score: 0.219900]
Mon 24 Jun 2024 14:39:03 INFO  valid result: 
recall@20 : 0.2199    mrr@20 : 0.3763    ndcg@20 : 0.2128    hit@20 : 0.8175    precision@20 : 0.1304
Mon 24 Jun 2024 14:39:03 INFO  Saving current: saved/LightGCN-Jun-24-2024_13-05-13.pth
Mon 24 Jun 2024 14:40:18 INFO  epoch 73 training [time: 74.75s, train loss: 71.0207]
Mon 24 Jun 2024 14:40:19 INFO  epoch 73 evaluating [time: 1.37s, valid_score: 0.220900]
Mon 24 Jun 2024 14:40:19 INFO  valid result: 
recall@20 : 0.2209    mrr@20 : 0.3772    ndcg@20 : 0.2135    hit@20 : 0.82    precision@20 : 0.1307
Mon 24 Jun 2024 14:40:19 INFO  Saving current: saved/LightGCN-Jun-24-2024_13-05-13.pth
Mon 24 Jun 2024 14:41:35 INFO  epoch 74 training [time: 75.55s, train loss: 71.0910]
Mon 24 Jun 2024 14:41:36 INFO  epoch 74 evaluating [time: 1.32s, valid_score: 0.221700]
Mon 24 Jun 2024 14:41:36 INFO  valid result: 
recall@20 : 0.2217    mrr@20 : 0.376    ndcg@20 : 0.2135    hit@20 : 0.822    precision@20 : 0.1307
Mon 24 Jun 2024 14:41:36 INFO  Saving current: saved/LightGCN-Jun-24-2024_13-05-13.pth
Mon 24 Jun 2024 14:42:52 INFO  epoch 75 training [time: 75.55s, train loss: 70.6449]
Mon 24 Jun 2024 14:42:53 INFO  epoch 75 evaluating [time: 1.36s, valid_score: 0.222000]
Mon 24 Jun 2024 14:42:53 INFO  valid result: 
recall@20 : 0.222    mrr@20 : 0.3746    ndcg@20 : 0.2133    hit@20 : 0.8228    precision@20 : 0.1309
Mon 24 Jun 2024 14:42:53 INFO  Saving current: saved/LightGCN-Jun-24-2024_13-05-13.pth
Mon 24 Jun 2024 14:44:09 INFO  epoch 76 training [time: 75.66s, train loss: 70.4586]
Mon 24 Jun 2024 14:44:10 INFO  epoch 76 evaluating [time: 1.33s, valid_score: 0.222200]
Mon 24 Jun 2024 14:44:10 INFO  valid result: 
recall@20 : 0.2222    mrr@20 : 0.375    ndcg@20 : 0.2135    hit@20 : 0.8233    precision@20 : 0.131
Mon 24 Jun 2024 14:44:10 INFO  Saving current: saved/LightGCN-Jun-24-2024_13-05-13.pth
Mon 24 Jun 2024 14:45:26 INFO  epoch 77 training [time: 75.60s, train loss: 70.1366]
Mon 24 Jun 2024 14:45:27 INFO  epoch 77 evaluating [time: 1.37s, valid_score: 0.222300]
Mon 24 Jun 2024 14:45:27 INFO  valid result: 
recall@20 : 0.2223    mrr@20 : 0.3756    ndcg@20 : 0.214    hit@20 : 0.823    precision@20 : 0.1312
Mon 24 Jun 2024 14:45:27 INFO  Saving current: saved/LightGCN-Jun-24-2024_13-05-13.pth
Mon 24 Jun 2024 14:46:43 INFO  epoch 78 training [time: 75.67s, train loss: 69.9638]
Mon 24 Jun 2024 14:46:44 INFO  epoch 78 evaluating [time: 1.38s, valid_score: 0.223300]
Mon 24 Jun 2024 14:46:44 INFO  valid result: 
recall@20 : 0.2233    mrr@20 : 0.3769    ndcg@20 : 0.2147    hit@20 : 0.8243    precision@20 : 0.1315
Mon 24 Jun 2024 14:46:44 INFO  Saving current: saved/LightGCN-Jun-24-2024_13-05-13.pth
Mon 24 Jun 2024 14:48:00 INFO  epoch 79 training [time: 75.82s, train loss: 69.8167]
Mon 24 Jun 2024 14:48:01 INFO  epoch 79 evaluating [time: 1.40s, valid_score: 0.223500]
Mon 24 Jun 2024 14:48:01 INFO  valid result: 
recall@20 : 0.2235    mrr@20 : 0.3758    ndcg@20 : 0.2144    hit@20 : 0.8243    precision@20 : 0.1314
Mon 24 Jun 2024 14:48:01 INFO  Saving current: saved/LightGCN-Jun-24-2024_13-05-13.pth
Mon 24 Jun 2024 14:49:17 INFO  epoch 80 training [time: 75.31s, train loss: 69.5687]
Mon 24 Jun 2024 14:49:18 INFO  epoch 80 evaluating [time: 1.32s, valid_score: 0.224000]
Mon 24 Jun 2024 14:49:18 INFO  valid result: 
recall@20 : 0.224    mrr@20 : 0.377    ndcg@20 : 0.2149    hit@20 : 0.8258    precision@20 : 0.1317
Mon 24 Jun 2024 14:49:18 INFO  Saving current: saved/LightGCN-Jun-24-2024_13-05-13.pth
Mon 24 Jun 2024 14:50:34 INFO  epoch 81 training [time: 75.76s, train loss: 69.2213]
Mon 24 Jun 2024 14:50:35 INFO  epoch 81 evaluating [time: 1.34s, valid_score: 0.224200]
Mon 24 Jun 2024 14:50:35 INFO  valid result: 
recall@20 : 0.2242    mrr@20 : 0.3774    ndcg@20 : 0.2151    hit@20 : 0.8265    precision@20 : 0.1315
Mon 24 Jun 2024 14:50:35 INFO  Saving current: saved/LightGCN-Jun-24-2024_13-05-13.pth
Mon 24 Jun 2024 14:51:51 INFO  epoch 82 training [time: 75.65s, train loss: 69.3909]
Mon 24 Jun 2024 14:51:52 INFO  epoch 82 evaluating [time: 1.31s, valid_score: 0.224400]
Mon 24 Jun 2024 14:51:52 INFO  valid result: 
recall@20 : 0.2244    mrr@20 : 0.3764    ndcg@20 : 0.2153    hit@20 : 0.8262    precision@20 : 0.1318
Mon 24 Jun 2024 14:51:52 INFO  Saving current: saved/LightGCN-Jun-24-2024_13-05-13.pth
Mon 24 Jun 2024 14:53:07 INFO  epoch 83 training [time: 75.14s, train loss: 68.9579]
Mon 24 Jun 2024 14:53:09 INFO  epoch 83 evaluating [time: 1.31s, valid_score: 0.225100]
Mon 24 Jun 2024 14:53:09 INFO  valid result: 
recall@20 : 0.2251    mrr@20 : 0.3786    ndcg@20 : 0.2159    hit@20 : 0.8281    precision@20 : 0.1318
Mon 24 Jun 2024 14:53:09 INFO  Saving current: saved/LightGCN-Jun-24-2024_13-05-13.pth
Mon 24 Jun 2024 14:54:24 INFO  epoch 84 training [time: 75.15s, train loss: 68.7445]
Mon 24 Jun 2024 14:54:25 INFO  epoch 84 evaluating [time: 1.35s, valid_score: 0.224900]
Mon 24 Jun 2024 14:54:25 INFO  valid result: 
recall@20 : 0.2249    mrr@20 : 0.3775    ndcg@20 : 0.2159    hit@20 : 0.8273    precision@20 : 0.1322
Mon 24 Jun 2024 14:55:41 INFO  epoch 85 training [time: 75.42s, train loss: 68.6560]
Mon 24 Jun 2024 14:55:42 INFO  epoch 85 evaluating [time: 1.35s, valid_score: 0.224900]
Mon 24 Jun 2024 14:55:42 INFO  valid result: 
recall@20 : 0.2249    mrr@20 : 0.3775    ndcg@20 : 0.216    hit@20 : 0.8268    precision@20 : 0.1324
Mon 24 Jun 2024 14:56:57 INFO  epoch 86 training [time: 75.48s, train loss: 68.5294]
Mon 24 Jun 2024 14:56:59 INFO  epoch 86 evaluating [time: 1.40s, valid_score: 0.224500]
Mon 24 Jun 2024 14:56:59 INFO  valid result: 
recall@20 : 0.2245    mrr@20 : 0.3767    ndcg@20 : 0.2157    hit@20 : 0.8242    precision@20 : 0.1323
Mon 24 Jun 2024 14:58:14 INFO  epoch 87 training [time: 75.64s, train loss: 68.0175]
Mon 24 Jun 2024 14:58:16 INFO  epoch 87 evaluating [time: 1.31s, valid_score: 0.224800]
Mon 24 Jun 2024 14:58:16 INFO  valid result: 
recall@20 : 0.2248    mrr@20 : 0.378    ndcg@20 : 0.2162    hit@20 : 0.8255    precision@20 : 0.1323
Mon 24 Jun 2024 14:59:31 INFO  epoch 88 training [time: 75.49s, train loss: 68.0984]
Mon 24 Jun 2024 14:59:33 INFO  epoch 88 evaluating [time: 1.29s, valid_score: 0.225700]
Mon 24 Jun 2024 14:59:33 INFO  valid result: 
recall@20 : 0.2257    mrr@20 : 0.3784    ndcg@20 : 0.2166    hit@20 : 0.8273    precision@20 : 0.1326
Mon 24 Jun 2024 14:59:33 INFO  Saving current: saved/LightGCN-Jun-24-2024_13-05-13.pth
Mon 24 Jun 2024 15:00:48 INFO  epoch 89 training [time: 75.56s, train loss: 67.3889]
Mon 24 Jun 2024 15:00:49 INFO  epoch 89 evaluating [time: 1.31s, valid_score: 0.226400]
Mon 24 Jun 2024 15:00:49 INFO  valid result: 
recall@20 : 0.2264    mrr@20 : 0.3775    ndcg@20 : 0.2169    hit@20 : 0.8288    precision@20 : 0.1327
Mon 24 Jun 2024 15:00:49 INFO  Saving current: saved/LightGCN-Jun-24-2024_13-05-13.pth
Mon 24 Jun 2024 15:02:05 INFO  epoch 90 training [time: 75.37s, train loss: 67.6214]
Mon 24 Jun 2024 15:02:06 INFO  epoch 90 evaluating [time: 1.39s, valid_score: 0.226800]
Mon 24 Jun 2024 15:02:06 INFO  valid result: 
recall@20 : 0.2268    mrr@20 : 0.3791    ndcg@20 : 0.217    hit@20 : 0.8308    precision@20 : 0.1327
Mon 24 Jun 2024 15:02:06 INFO  Saving current: saved/LightGCN-Jun-24-2024_13-05-13.pth
Mon 24 Jun 2024 15:03:22 INFO  epoch 91 training [time: 75.43s, train loss: 67.2970]
Mon 24 Jun 2024 15:03:23 INFO  epoch 91 evaluating [time: 1.39s, valid_score: 0.227500]
Mon 24 Jun 2024 15:03:23 INFO  valid result: 
recall@20 : 0.2275    mrr@20 : 0.3796    ndcg@20 : 0.2175    hit@20 : 0.8308    precision@20 : 0.1328
Mon 24 Jun 2024 15:03:23 INFO  Saving current: saved/LightGCN-Jun-24-2024_13-05-13.pth
Mon 24 Jun 2024 15:04:39 INFO  epoch 92 training [time: 75.53s, train loss: 67.2861]
Mon 24 Jun 2024 15:04:40 INFO  epoch 92 evaluating [time: 1.33s, valid_score: 0.227500]
Mon 24 Jun 2024 15:04:40 INFO  valid result: 
recall@20 : 0.2275    mrr@20 : 0.3794    ndcg@20 : 0.2179    hit@20 : 0.8306    precision@20 : 0.1331
Mon 24 Jun 2024 15:04:40 INFO  Saving current: saved/LightGCN-Jun-24-2024_13-05-13.pth
Mon 24 Jun 2024 15:05:56 INFO  epoch 93 training [time: 75.72s, train loss: 66.9390]
Mon 24 Jun 2024 15:05:57 INFO  epoch 93 evaluating [time: 1.32s, valid_score: 0.227700]
Mon 24 Jun 2024 15:05:57 INFO  valid result: 
recall@20 : 0.2277    mrr@20 : 0.3801    ndcg@20 : 0.218    hit@20 : 0.8281    precision@20 : 0.1332
Mon 24 Jun 2024 15:05:57 INFO  Saving current: saved/LightGCN-Jun-24-2024_13-05-13.pth
Mon 24 Jun 2024 15:07:12 INFO  epoch 94 training [time: 75.19s, train loss: 66.5620]
Mon 24 Jun 2024 15:07:14 INFO  epoch 94 evaluating [time: 1.38s, valid_score: 0.228300]
Mon 24 Jun 2024 15:07:14 INFO  valid result: 
recall@20 : 0.2283    mrr@20 : 0.3796    ndcg@20 : 0.2182    hit@20 : 0.8281    precision@20 : 0.1336
Mon 24 Jun 2024 15:07:14 INFO  Saving current: saved/LightGCN-Jun-24-2024_13-05-13.pth
Mon 24 Jun 2024 15:08:29 INFO  epoch 95 training [time: 75.35s, train loss: 66.1364]
Mon 24 Jun 2024 15:08:30 INFO  epoch 95 evaluating [time: 1.35s, valid_score: 0.228100]
Mon 24 Jun 2024 15:08:30 INFO  valid result: 
recall@20 : 0.2281    mrr@20 : 0.3807    ndcg@20 : 0.2185    hit@20 : 0.8288    precision@20 : 0.1337
Mon 24 Jun 2024 15:09:46 INFO  epoch 96 training [time: 75.65s, train loss: 65.8809]
Mon 24 Jun 2024 15:09:47 INFO  epoch 96 evaluating [time: 1.35s, valid_score: 0.229100]
Mon 24 Jun 2024 15:09:47 INFO  valid result: 
recall@20 : 0.2291    mrr@20 : 0.3815    ndcg@20 : 0.219    hit@20 : 0.8298    precision@20 : 0.1339
Mon 24 Jun 2024 15:09:47 INFO  Saving current: saved/LightGCN-Jun-24-2024_13-05-13.pth
Mon 24 Jun 2024 15:11:03 INFO  epoch 97 training [time: 75.42s, train loss: 65.8381]
Mon 24 Jun 2024 15:11:04 INFO  epoch 97 evaluating [time: 1.41s, valid_score: 0.229400]
Mon 24 Jun 2024 15:11:04 INFO  valid result: 
recall@20 : 0.2294    mrr@20 : 0.3806    ndcg@20 : 0.219    hit@20 : 0.8301    precision@20 : 0.1341
Mon 24 Jun 2024 15:11:04 INFO  Saving current: saved/LightGCN-Jun-24-2024_13-05-13.pth
Mon 24 Jun 2024 15:12:20 INFO  epoch 98 training [time: 75.52s, train loss: 65.5132]
Mon 24 Jun 2024 15:12:21 INFO  epoch 98 evaluating [time: 1.35s, valid_score: 0.229600]
Mon 24 Jun 2024 15:12:21 INFO  valid result: 
recall@20 : 0.2296    mrr@20 : 0.3799    ndcg@20 : 0.2192    hit@20 : 0.8286    precision@20 : 0.1343
Mon 24 Jun 2024 15:12:21 INFO  Saving current: saved/LightGCN-Jun-24-2024_13-05-13.pth
Mon 24 Jun 2024 15:13:37 INFO  epoch 99 training [time: 75.75s, train loss: 65.6049]
Mon 24 Jun 2024 15:13:38 INFO  epoch 99 evaluating [time: 1.34s, valid_score: 0.230100]
Mon 24 Jun 2024 15:13:38 INFO  valid result: 
recall@20 : 0.2301    mrr@20 : 0.3833    ndcg@20 : 0.2202    hit@20 : 0.8301    precision@20 : 0.1344
Mon 24 Jun 2024 15:13:38 INFO  Saving current: saved/LightGCN-Jun-24-2024_13-05-13.pth
Mon 24 Jun 2024 15:14:54 INFO  epoch 100 training [time: 75.51s, train loss: 65.0617]
Mon 24 Jun 2024 15:14:55 INFO  epoch 100 evaluating [time: 1.30s, valid_score: 0.230400]
Mon 24 Jun 2024 15:14:55 INFO  valid result: 
recall@20 : 0.2304    mrr@20 : 0.3839    ndcg@20 : 0.2203    hit@20 : 0.8311    precision@20 : 0.1345
Mon 24 Jun 2024 15:14:55 INFO  Saving current: saved/LightGCN-Jun-24-2024_13-05-13.pth
Mon 24 Jun 2024 15:16:11 INFO  epoch 101 training [time: 75.99s, train loss: 65.2540]
Mon 24 Jun 2024 15:16:12 INFO  epoch 101 evaluating [time: 1.37s, valid_score: 0.230600]
Mon 24 Jun 2024 15:16:12 INFO  valid result: 
recall@20 : 0.2306    mrr@20 : 0.383    ndcg@20 : 0.2202    hit@20 : 0.832    precision@20 : 0.1342
Mon 24 Jun 2024 15:16:12 INFO  Saving current: saved/LightGCN-Jun-24-2024_13-05-13.pth
Mon 24 Jun 2024 15:17:28 INFO  epoch 102 training [time: 75.88s, train loss: 64.8068]
Mon 24 Jun 2024 15:17:30 INFO  epoch 102 evaluating [time: 1.38s, valid_score: 0.231800]
Mon 24 Jun 2024 15:17:30 INFO  valid result: 
recall@20 : 0.2318    mrr@20 : 0.3838    ndcg@20 : 0.2208    hit@20 : 0.8339    precision@20 : 0.1344
Mon 24 Jun 2024 15:17:30 INFO  Saving current: saved/LightGCN-Jun-24-2024_13-05-13.pth
Mon 24 Jun 2024 15:18:45 INFO  epoch 103 training [time: 75.60s, train loss: 64.5803]
Mon 24 Jun 2024 15:18:47 INFO  epoch 103 evaluating [time: 1.40s, valid_score: 0.231200]
Mon 24 Jun 2024 15:18:47 INFO  valid result: 
recall@20 : 0.2312    mrr@20 : 0.3851    ndcg@20 : 0.2209    hit@20 : 0.832    precision@20 : 0.1346
Mon 24 Jun 2024 15:20:02 INFO  epoch 104 training [time: 75.66s, train loss: 64.5664]
Mon 24 Jun 2024 15:20:04 INFO  epoch 104 evaluating [time: 1.35s, valid_score: 0.231200]
Mon 24 Jun 2024 15:20:04 INFO  valid result: 
recall@20 : 0.2312    mrr@20 : 0.3849    ndcg@20 : 0.2205    hit@20 : 0.8331    precision@20 : 0.1343
Mon 24 Jun 2024 15:21:20 INFO  epoch 105 training [time: 75.93s, train loss: 64.2057]
Mon 24 Jun 2024 15:21:21 INFO  epoch 105 evaluating [time: 1.30s, valid_score: 0.231200]
Mon 24 Jun 2024 15:21:21 INFO  valid result: 
recall@20 : 0.2312    mrr@20 : 0.3849    ndcg@20 : 0.2208    hit@20 : 0.8318    precision@20 : 0.1346
Mon 24 Jun 2024 15:22:37 INFO  epoch 106 training [time: 75.89s, train loss: 64.0468]
Mon 24 Jun 2024 15:22:38 INFO  epoch 106 evaluating [time: 1.39s, valid_score: 0.231800]
Mon 24 Jun 2024 15:22:38 INFO  valid result: 
recall@20 : 0.2318    mrr@20 : 0.3852    ndcg@20 : 0.2213    hit@20 : 0.8325    precision@20 : 0.1349
Mon 24 Jun 2024 15:22:38 INFO  Saving current: saved/LightGCN-Jun-24-2024_13-05-13.pth
Mon 24 Jun 2024 15:23:54 INFO  epoch 107 training [time: 75.85s, train loss: 64.2000]
Mon 24 Jun 2024 15:23:56 INFO  epoch 107 evaluating [time: 1.37s, valid_score: 0.231200]
Mon 24 Jun 2024 15:23:56 INFO  valid result: 
recall@20 : 0.2312    mrr@20 : 0.3854    ndcg@20 : 0.2211    hit@20 : 0.8316    precision@20 : 0.1347
Mon 24 Jun 2024 15:25:11 INFO  epoch 108 training [time: 75.34s, train loss: 63.8753]
Mon 24 Jun 2024 15:25:12 INFO  epoch 108 evaluating [time: 1.33s, valid_score: 0.231800]
Mon 24 Jun 2024 15:25:12 INFO  valid result: 
recall@20 : 0.2318    mrr@20 : 0.3856    ndcg@20 : 0.2216    hit@20 : 0.8326    precision@20 : 0.1349
Mon 24 Jun 2024 15:25:12 INFO  Saving current: saved/LightGCN-Jun-24-2024_13-05-13.pth
Mon 24 Jun 2024 15:26:28 INFO  epoch 109 training [time: 75.49s, train loss: 63.6362]
Mon 24 Jun 2024 15:26:29 INFO  epoch 109 evaluating [time: 1.29s, valid_score: 0.232100]
Mon 24 Jun 2024 15:26:29 INFO  valid result: 
recall@20 : 0.2321    mrr@20 : 0.3876    ndcg@20 : 0.222    hit@20 : 0.8328    precision@20 : 0.1349
Mon 24 Jun 2024 15:26:29 INFO  Saving current: saved/LightGCN-Jun-24-2024_13-05-13.pth
Mon 24 Jun 2024 15:27:44 INFO  epoch 110 training [time: 75.36s, train loss: 63.3053]
Mon 24 Jun 2024 15:27:46 INFO  epoch 110 evaluating [time: 1.31s, valid_score: 0.232200]
Mon 24 Jun 2024 15:27:46 INFO  valid result: 
recall@20 : 0.2322    mrr@20 : 0.3866    ndcg@20 : 0.2222    hit@20 : 0.8349    precision@20 : 0.135
Mon 24 Jun 2024 15:27:46 INFO  Saving current: saved/LightGCN-Jun-24-2024_13-05-13.pth
Mon 24 Jun 2024 15:29:01 INFO  epoch 111 training [time: 75.30s, train loss: 63.3345]
Mon 24 Jun 2024 15:29:02 INFO  epoch 111 evaluating [time: 1.36s, valid_score: 0.233600]
Mon 24 Jun 2024 15:29:02 INFO  valid result: 
recall@20 : 0.2336    mrr@20 : 0.3876    ndcg@20 : 0.223    hit@20 : 0.8364    precision@20 : 0.1353
Mon 24 Jun 2024 15:29:02 INFO  Saving current: saved/LightGCN-Jun-24-2024_13-05-13.pth
Mon 24 Jun 2024 15:30:18 INFO  epoch 112 training [time: 75.54s, train loss: 63.1279]
Mon 24 Jun 2024 15:30:19 INFO  epoch 112 evaluating [time: 1.39s, valid_score: 0.233300]
Mon 24 Jun 2024 15:30:19 INFO  valid result: 
recall@20 : 0.2333    mrr@20 : 0.3862    ndcg@20 : 0.2227    hit@20 : 0.8356    precision@20 : 0.1354
Mon 24 Jun 2024 15:31:35 INFO  epoch 113 training [time: 75.57s, train loss: 62.6811]
Mon 24 Jun 2024 15:31:36 INFO  epoch 113 evaluating [time: 1.31s, valid_score: 0.234300]
Mon 24 Jun 2024 15:31:36 INFO  valid result: 
recall@20 : 0.2343    mrr@20 : 0.3878    ndcg@20 : 0.2234    hit@20 : 0.8373    precision@20 : 0.1357
Mon 24 Jun 2024 15:31:36 INFO  Saving current: saved/LightGCN-Jun-24-2024_13-05-13.pth
Mon 24 Jun 2024 15:32:52 INFO  epoch 114 training [time: 75.65s, train loss: 62.5884]
Mon 24 Jun 2024 15:32:53 INFO  epoch 114 evaluating [time: 1.37s, valid_score: 0.233900]
Mon 24 Jun 2024 15:32:53 INFO  valid result: 
recall@20 : 0.2339    mrr@20 : 0.3868    ndcg@20 : 0.2229    hit@20 : 0.8366    precision@20 : 0.1355
Mon 24 Jun 2024 15:34:09 INFO  epoch 115 training [time: 75.58s, train loss: 62.5531]
Mon 24 Jun 2024 15:34:10 INFO  epoch 115 evaluating [time: 1.38s, valid_score: 0.233900]
Mon 24 Jun 2024 15:34:10 INFO  valid result: 
recall@20 : 0.2339    mrr@20 : 0.3873    ndcg@20 : 0.2232    hit@20 : 0.8368    precision@20 : 0.1355
Mon 24 Jun 2024 15:35:26 INFO  epoch 116 training [time: 75.68s, train loss: 61.9117]
Mon 24 Jun 2024 15:35:27 INFO  epoch 116 evaluating [time: 1.39s, valid_score: 0.234300]
Mon 24 Jun 2024 15:35:27 INFO  valid result: 
recall@20 : 0.2343    mrr@20 : 0.3887    ndcg@20 : 0.2237    hit@20 : 0.8369    precision@20 : 0.1358
Mon 24 Jun 2024 15:35:27 INFO  Saving current: saved/LightGCN-Jun-24-2024_13-05-13.pth
Mon 24 Jun 2024 15:36:43 INFO  epoch 117 training [time: 75.67s, train loss: 61.9241]
Mon 24 Jun 2024 15:36:44 INFO  epoch 117 evaluating [time: 1.43s, valid_score: 0.233900]
Mon 24 Jun 2024 15:36:44 INFO  valid result: 
recall@20 : 0.2339    mrr@20 : 0.3891    ndcg@20 : 0.2239    hit@20 : 0.8368    precision@20 : 0.1358
Mon 24 Jun 2024 15:38:00 INFO  epoch 118 training [time: 75.39s, train loss: 61.5247]
Mon 24 Jun 2024 15:38:01 INFO  epoch 118 evaluating [time: 1.31s, valid_score: 0.234000]
Mon 24 Jun 2024 15:38:01 INFO  valid result: 
recall@20 : 0.234    mrr@20 : 0.3888    ndcg@20 : 0.2238    hit@20 : 0.8376    precision@20 : 0.1357
Mon 24 Jun 2024 15:39:18 INFO  epoch 119 training [time: 77.06s, train loss: 61.2177]
Mon 24 Jun 2024 15:39:20 INFO  epoch 119 evaluating [time: 1.40s, valid_score: 0.235300]
Mon 24 Jun 2024 15:39:20 INFO  valid result: 
recall@20 : 0.2353    mrr@20 : 0.3896    ndcg@20 : 0.2244    hit@20 : 0.8371    precision@20 : 0.1359
Mon 24 Jun 2024 15:39:20 INFO  Saving current: saved/LightGCN-Jun-24-2024_13-05-13.pth
Mon 24 Jun 2024 15:40:35 INFO  epoch 120 training [time: 75.90s, train loss: 61.1195]
Mon 24 Jun 2024 15:40:37 INFO  epoch 120 evaluating [time: 1.33s, valid_score: 0.235700]
Mon 24 Jun 2024 15:40:37 INFO  valid result: 
recall@20 : 0.2357    mrr@20 : 0.3886    ndcg@20 : 0.2246    hit@20 : 0.8389    precision@20 : 0.1361
Mon 24 Jun 2024 15:40:37 INFO  Saving current: saved/LightGCN-Jun-24-2024_13-05-13.pth
Mon 24 Jun 2024 15:41:53 INFO  epoch 121 training [time: 75.89s, train loss: 61.1149]
Mon 24 Jun 2024 15:41:54 INFO  epoch 121 evaluating [time: 1.34s, valid_score: 0.235200]
Mon 24 Jun 2024 15:41:54 INFO  valid result: 
recall@20 : 0.2352    mrr@20 : 0.3892    ndcg@20 : 0.2245    hit@20 : 0.8382    precision@20 : 0.136
Mon 24 Jun 2024 15:43:10 INFO  epoch 122 training [time: 75.71s, train loss: 60.8750]
Mon 24 Jun 2024 15:43:11 INFO  epoch 122 evaluating [time: 1.38s, valid_score: 0.236000]
Mon 24 Jun 2024 15:43:11 INFO  valid result: 
recall@20 : 0.236    mrr@20 : 0.3895    ndcg@20 : 0.2248    hit@20 : 0.8382    precision@20 : 0.1361
Mon 24 Jun 2024 15:43:11 INFO  Saving current: saved/LightGCN-Jun-24-2024_13-05-13.pth
Mon 24 Jun 2024 15:44:27 INFO  epoch 123 training [time: 75.68s, train loss: 60.6731]
Mon 24 Jun 2024 15:44:28 INFO  epoch 123 evaluating [time: 1.42s, valid_score: 0.235800]
Mon 24 Jun 2024 15:44:28 INFO  valid result: 
recall@20 : 0.2358    mrr@20 : 0.3886    ndcg@20 : 0.2246    hit@20 : 0.8391    precision@20 : 0.1362
Mon 24 Jun 2024 15:45:44 INFO  epoch 124 training [time: 75.44s, train loss: 60.7050]
Mon 24 Jun 2024 15:45:45 INFO  epoch 124 evaluating [time: 1.37s, valid_score: 0.236100]
Mon 24 Jun 2024 15:45:45 INFO  valid result: 
recall@20 : 0.2361    mrr@20 : 0.3887    ndcg@20 : 0.2247    hit@20 : 0.8392    precision@20 : 0.1365
Mon 24 Jun 2024 15:45:45 INFO  Saving current: saved/LightGCN-Jun-24-2024_13-05-13.pth
Mon 24 Jun 2024 15:47:00 INFO  epoch 125 training [time: 75.31s, train loss: 60.4218]
Mon 24 Jun 2024 15:47:02 INFO  epoch 125 evaluating [time: 1.39s, valid_score: 0.236700]
Mon 24 Jun 2024 15:47:02 INFO  valid result: 
recall@20 : 0.2367    mrr@20 : 0.39    ndcg@20 : 0.2252    hit@20 : 0.8391    precision@20 : 0.1365
Mon 24 Jun 2024 15:47:02 INFO  Saving current: saved/LightGCN-Jun-24-2024_13-05-13.pth
Mon 24 Jun 2024 15:48:17 INFO  epoch 126 training [time: 75.49s, train loss: 60.3205]
Mon 24 Jun 2024 15:48:19 INFO  epoch 126 evaluating [time: 1.37s, valid_score: 0.236600]
Mon 24 Jun 2024 15:48:19 INFO  valid result: 
recall@20 : 0.2366    mrr@20 : 0.3888    ndcg@20 : 0.2249    hit@20 : 0.8386    precision@20 : 0.1366
Mon 24 Jun 2024 15:49:34 INFO  epoch 127 training [time: 75.41s, train loss: 59.8799]
Mon 24 Jun 2024 15:49:36 INFO  epoch 127 evaluating [time: 1.38s, valid_score: 0.237300]
Mon 24 Jun 2024 15:49:36 INFO  valid result: 
recall@20 : 0.2373    mrr@20 : 0.391    ndcg@20 : 0.2256    hit@20 : 0.8406    precision@20 : 0.1367
Mon 24 Jun 2024 15:49:36 INFO  Saving current: saved/LightGCN-Jun-24-2024_13-05-13.pth
Mon 24 Jun 2024 15:50:51 INFO  epoch 128 training [time: 75.30s, train loss: 59.6670]
Mon 24 Jun 2024 15:50:52 INFO  epoch 128 evaluating [time: 1.35s, valid_score: 0.237200]
Mon 24 Jun 2024 15:50:52 INFO  valid result: 
recall@20 : 0.2372    mrr@20 : 0.3901    ndcg@20 : 0.2258    hit@20 : 0.8409    precision@20 : 0.1367
Mon 24 Jun 2024 15:52:07 INFO  epoch 129 training [time: 75.06s, train loss: 59.2911]
Mon 24 Jun 2024 15:52:09 INFO  epoch 129 evaluating [time: 1.38s, valid_score: 0.237400]
Mon 24 Jun 2024 15:52:09 INFO  valid result: 
recall@20 : 0.2374    mrr@20 : 0.3925    ndcg@20 : 0.2262    hit@20 : 0.8401    precision@20 : 0.1367
Mon 24 Jun 2024 15:52:09 INFO  Saving current: saved/LightGCN-Jun-24-2024_13-05-13.pth
Mon 24 Jun 2024 15:53:24 INFO  epoch 130 training [time: 75.55s, train loss: 59.2893]
Mon 24 Jun 2024 15:53:26 INFO  epoch 130 evaluating [time: 1.41s, valid_score: 0.237200]
Mon 24 Jun 2024 15:53:26 INFO  valid result: 
recall@20 : 0.2372    mrr@20 : 0.3913    ndcg@20 : 0.226    hit@20 : 0.8421    precision@20 : 0.1368
Mon 24 Jun 2024 15:54:41 INFO  epoch 131 training [time: 75.10s, train loss: 59.1688]
Mon 24 Jun 2024 15:54:42 INFO  epoch 131 evaluating [time: 1.39s, valid_score: 0.238000]
Mon 24 Jun 2024 15:54:42 INFO  valid result: 
recall@20 : 0.238    mrr@20 : 0.3909    ndcg@20 : 0.2266    hit@20 : 0.8421    precision@20 : 0.1371
Mon 24 Jun 2024 15:54:42 INFO  Saving current: saved/LightGCN-Jun-24-2024_13-05-13.pth
Mon 24 Jun 2024 15:55:57 INFO  epoch 132 training [time: 75.31s, train loss: 58.7882]
Mon 24 Jun 2024 15:55:59 INFO  epoch 132 evaluating [time: 1.32s, valid_score: 0.238100]
Mon 24 Jun 2024 15:55:59 INFO  valid result: 
recall@20 : 0.2381    mrr@20 : 0.3896    ndcg@20 : 0.2263    hit@20 : 0.8425    precision@20 : 0.1374
Mon 24 Jun 2024 15:55:59 INFO  Saving current: saved/LightGCN-Jun-24-2024_13-05-13.pth
Mon 24 Jun 2024 15:57:14 INFO  epoch 133 training [time: 75.17s, train loss: 58.6700]
Mon 24 Jun 2024 15:57:15 INFO  epoch 133 evaluating [time: 1.42s, valid_score: 0.238400]
Mon 24 Jun 2024 15:57:15 INFO  valid result: 
recall@20 : 0.2384    mrr@20 : 0.3903    ndcg@20 : 0.2268    hit@20 : 0.8419    precision@20 : 0.1373
Mon 24 Jun 2024 15:57:15 INFO  Saving current: saved/LightGCN-Jun-24-2024_13-05-13.pth
Mon 24 Jun 2024 15:58:31 INFO  epoch 134 training [time: 75.12s, train loss: 58.5465]
Mon 24 Jun 2024 15:58:32 INFO  epoch 134 evaluating [time: 1.39s, valid_score: 0.237600]
Mon 24 Jun 2024 15:58:32 INFO  valid result: 
recall@20 : 0.2376    mrr@20 : 0.3887    ndcg@20 : 0.2263    hit@20 : 0.8399    precision@20 : 0.1373
Mon 24 Jun 2024 15:59:48 INFO  epoch 135 training [time: 75.84s, train loss: 58.3492]
Mon 24 Jun 2024 15:59:49 INFO  epoch 135 evaluating [time: 1.38s, valid_score: 0.238100]
Mon 24 Jun 2024 15:59:49 INFO  valid result: 
recall@20 : 0.2381    mrr@20 : 0.3891    ndcg@20 : 0.2266    hit@20 : 0.8406    precision@20 : 0.1374
Mon 24 Jun 2024 16:01:05 INFO  epoch 136 training [time: 75.94s, train loss: 57.8612]
Mon 24 Jun 2024 16:01:06 INFO  epoch 136 evaluating [time: 1.35s, valid_score: 0.239100]
Mon 24 Jun 2024 16:01:06 INFO  valid result: 
recall@20 : 0.2391    mrr@20 : 0.39    ndcg@20 : 0.2272    hit@20 : 0.8417    precision@20 : 0.1377
Mon 24 Jun 2024 16:01:06 INFO  Saving current: saved/LightGCN-Jun-24-2024_13-05-13.pth
Mon 24 Jun 2024 16:02:22 INFO  epoch 137 training [time: 75.97s, train loss: 57.8795]
Mon 24 Jun 2024 16:02:24 INFO  epoch 137 evaluating [time: 1.36s, valid_score: 0.239600]
Mon 24 Jun 2024 16:02:24 INFO  valid result: 
recall@20 : 0.2396    mrr@20 : 0.3909    ndcg@20 : 0.2274    hit@20 : 0.8434    precision@20 : 0.1376
Mon 24 Jun 2024 16:02:24 INFO  Saving current: saved/LightGCN-Jun-24-2024_13-05-13.pth
Mon 24 Jun 2024 16:03:39 INFO  epoch 138 training [time: 75.51s, train loss: 57.6366]
Mon 24 Jun 2024 16:03:41 INFO  epoch 138 evaluating [time: 1.36s, valid_score: 0.239700]
Mon 24 Jun 2024 16:03:41 INFO  valid result: 
recall@20 : 0.2397    mrr@20 : 0.3908    ndcg@20 : 0.2274    hit@20 : 0.8432    precision@20 : 0.1378
Mon 24 Jun 2024 16:03:41 INFO  Saving current: saved/LightGCN-Jun-24-2024_13-05-13.pth
Mon 24 Jun 2024 16:04:56 INFO  epoch 139 training [time: 75.44s, train loss: 57.3045]
Mon 24 Jun 2024 16:04:58 INFO  epoch 139 evaluating [time: 1.37s, valid_score: 0.238900]
Mon 24 Jun 2024 16:04:58 INFO  valid result: 
recall@20 : 0.2389    mrr@20 : 0.3905    ndcg@20 : 0.227    hit@20 : 0.8417    precision@20 : 0.1375
Mon 24 Jun 2024 16:06:13 INFO  epoch 140 training [time: 75.08s, train loss: 56.9308]
Mon 24 Jun 2024 16:06:14 INFO  epoch 140 evaluating [time: 1.41s, valid_score: 0.239500]
Mon 24 Jun 2024 16:06:14 INFO  valid result: 
recall@20 : 0.2395    mrr@20 : 0.3908    ndcg@20 : 0.2273    hit@20 : 0.8432    precision@20 : 0.1376
Mon 24 Jun 2024 16:07:29 INFO  epoch 141 training [time: 75.03s, train loss: 57.1322]
Mon 24 Jun 2024 16:07:30 INFO  epoch 141 evaluating [time: 1.36s, valid_score: 0.240100]
Mon 24 Jun 2024 16:07:30 INFO  valid result: 
recall@20 : 0.2401    mrr@20 : 0.3907    ndcg@20 : 0.2275    hit@20 : 0.844    precision@20 : 0.1378
Mon 24 Jun 2024 16:07:30 INFO  Saving current: saved/LightGCN-Jun-24-2024_13-05-13.pth
Mon 24 Jun 2024 16:08:46 INFO  epoch 142 training [time: 75.25s, train loss: 56.9004]
Mon 24 Jun 2024 16:08:47 INFO  epoch 142 evaluating [time: 1.36s, valid_score: 0.240100]
Mon 24 Jun 2024 16:08:47 INFO  valid result: 
recall@20 : 0.2401    mrr@20 : 0.3908    ndcg@20 : 0.2278    hit@20 : 0.8434    precision@20 : 0.1379
Mon 24 Jun 2024 16:08:47 INFO  Saving current: saved/LightGCN-Jun-24-2024_13-05-13.pth
Mon 24 Jun 2024 16:10:02 INFO  epoch 143 training [time: 75.21s, train loss: 56.8179]
Mon 24 Jun 2024 16:10:04 INFO  epoch 143 evaluating [time: 1.37s, valid_score: 0.240900]
Mon 24 Jun 2024 16:10:04 INFO  valid result: 
recall@20 : 0.2409    mrr@20 : 0.391    ndcg@20 : 0.2282    hit@20 : 0.8449    precision@20 : 0.1382
Mon 24 Jun 2024 16:10:04 INFO  Saving current: saved/LightGCN-Jun-24-2024_13-05-13.pth
Mon 24 Jun 2024 16:11:19 INFO  epoch 144 training [time: 75.01s, train loss: 56.3449]
Mon 24 Jun 2024 16:11:20 INFO  epoch 144 evaluating [time: 1.40s, valid_score: 0.241000]
Mon 24 Jun 2024 16:11:20 INFO  valid result: 
recall@20 : 0.241    mrr@20 : 0.3933    ndcg@20 : 0.2289    hit@20 : 0.8429    precision@20 : 0.1384
Mon 24 Jun 2024 16:11:20 INFO  Saving current: saved/LightGCN-Jun-24-2024_13-05-13.pth
Mon 24 Jun 2024 16:12:35 INFO  epoch 145 training [time: 75.17s, train loss: 56.4338]
Mon 24 Jun 2024 16:12:37 INFO  epoch 145 evaluating [time: 1.36s, valid_score: 0.241600]
Mon 24 Jun 2024 16:12:37 INFO  valid result: 
recall@20 : 0.2416    mrr@20 : 0.3928    ndcg@20 : 0.2289    hit@20 : 0.8449    precision@20 : 0.1384
Mon 24 Jun 2024 16:12:37 INFO  Saving current: saved/LightGCN-Jun-24-2024_13-05-13.pth
Mon 24 Jun 2024 16:13:53 INFO  epoch 146 training [time: 76.33s, train loss: 56.1243]
Mon 24 Jun 2024 16:13:54 INFO  epoch 146 evaluating [time: 1.39s, valid_score: 0.241300]
Mon 24 Jun 2024 16:13:54 INFO  valid result: 
recall@20 : 0.2413    mrr@20 : 0.3933    ndcg@20 : 0.2288    hit@20 : 0.8442    precision@20 : 0.1382
Mon 24 Jun 2024 16:15:12 INFO  epoch 147 training [time: 77.30s, train loss: 55.8407]
Mon 24 Jun 2024 16:15:13 INFO  epoch 147 evaluating [time: 1.40s, valid_score: 0.240500]
Mon 24 Jun 2024 16:15:13 INFO  valid result: 
recall@20 : 0.2405    mrr@20 : 0.3914    ndcg@20 : 0.2282    hit@20 : 0.8419    precision@20 : 0.1379
Mon 24 Jun 2024 16:16:31 INFO  epoch 148 training [time: 78.35s, train loss: 55.5615]
Mon 24 Jun 2024 16:16:33 INFO  epoch 148 evaluating [time: 1.35s, valid_score: 0.241200]
Mon 24 Jun 2024 16:16:33 INFO  valid result: 
recall@20 : 0.2412    mrr@20 : 0.3909    ndcg@20 : 0.2283    hit@20 : 0.8427    precision@20 : 0.138
Mon 24 Jun 2024 16:17:49 INFO  epoch 149 training [time: 75.99s, train loss: 55.5763]
Mon 24 Jun 2024 16:17:50 INFO  epoch 149 evaluating [time: 1.41s, valid_score: 0.241300]
Mon 24 Jun 2024 16:17:50 INFO  valid result: 
recall@20 : 0.2413    mrr@20 : 0.3902    ndcg@20 : 0.2284    hit@20 : 0.8435    precision@20 : 0.1382
Mon 24 Jun 2024 16:19:06 INFO  epoch 150 training [time: 76.17s, train loss: 55.4102]
Mon 24 Jun 2024 16:19:08 INFO  epoch 150 evaluating [time: 1.41s, valid_score: 0.242000]
Mon 24 Jun 2024 16:19:08 INFO  valid result: 
recall@20 : 0.242    mrr@20 : 0.3898    ndcg@20 : 0.2285    hit@20 : 0.8449    precision@20 : 0.1384
Mon 24 Jun 2024 16:19:08 INFO  Saving current: saved/LightGCN-Jun-24-2024_13-05-13.pth
Mon 24 Jun 2024 16:20:24 INFO  epoch 151 training [time: 75.89s, train loss: 55.2393]
Mon 24 Jun 2024 16:20:25 INFO  epoch 151 evaluating [time: 1.41s, valid_score: 0.241500]
Mon 24 Jun 2024 16:20:25 INFO  valid result: 
recall@20 : 0.2415    mrr@20 : 0.3917    ndcg@20 : 0.2288    hit@20 : 0.8435    precision@20 : 0.1386
Mon 24 Jun 2024 16:21:41 INFO  epoch 152 training [time: 75.91s, train loss: 54.8698]
Mon 24 Jun 2024 16:21:42 INFO  epoch 152 evaluating [time: 1.36s, valid_score: 0.241600]
Mon 24 Jun 2024 16:21:42 INFO  valid result: 
recall@20 : 0.2416    mrr@20 : 0.3931    ndcg@20 : 0.2292    hit@20 : 0.8454    precision@20 : 0.1385
Mon 24 Jun 2024 16:22:58 INFO  epoch 153 training [time: 75.53s, train loss: 54.5797]
Mon 24 Jun 2024 16:22:59 INFO  epoch 153 evaluating [time: 1.37s, valid_score: 0.241500]
Mon 24 Jun 2024 16:22:59 INFO  valid result: 
recall@20 : 0.2415    mrr@20 : 0.3926    ndcg@20 : 0.2289    hit@20 : 0.845    precision@20 : 0.1382
Mon 24 Jun 2024 16:24:15 INFO  epoch 154 training [time: 75.39s, train loss: 54.4175]
Mon 24 Jun 2024 16:24:16 INFO  epoch 154 evaluating [time: 1.36s, valid_score: 0.242300]
Mon 24 Jun 2024 16:24:16 INFO  valid result: 
recall@20 : 0.2423    mrr@20 : 0.3919    ndcg@20 : 0.2294    hit@20 : 0.8472    precision@20 : 0.1386
Mon 24 Jun 2024 16:24:16 INFO  Saving current: saved/LightGCN-Jun-24-2024_13-05-13.pth
Mon 24 Jun 2024 16:25:32 INFO  epoch 155 training [time: 75.55s, train loss: 54.3647]
Mon 24 Jun 2024 16:25:33 INFO  epoch 155 evaluating [time: 1.41s, valid_score: 0.242100]
Mon 24 Jun 2024 16:25:33 INFO  valid result: 
recall@20 : 0.2421    mrr@20 : 0.3926    ndcg@20 : 0.2295    hit@20 : 0.8457    precision@20 : 0.1385
Mon 24 Jun 2024 16:26:49 INFO  epoch 156 training [time: 75.61s, train loss: 54.2992]
Mon 24 Jun 2024 16:26:50 INFO  epoch 156 evaluating [time: 1.34s, valid_score: 0.242400]
Mon 24 Jun 2024 16:26:50 INFO  valid result: 
recall@20 : 0.2424    mrr@20 : 0.3913    ndcg@20 : 0.2292    hit@20 : 0.8444    precision@20 : 0.1386
Mon 24 Jun 2024 16:26:50 INFO  Saving current: saved/LightGCN-Jun-24-2024_13-05-13.pth
Mon 24 Jun 2024 16:28:06 INFO  epoch 157 training [time: 75.76s, train loss: 54.1509]
Mon 24 Jun 2024 16:28:07 INFO  epoch 157 evaluating [time: 1.39s, valid_score: 0.242400]
Mon 24 Jun 2024 16:28:07 INFO  valid result: 
recall@20 : 0.2424    mrr@20 : 0.3915    ndcg@20 : 0.2292    hit@20 : 0.8454    precision@20 : 0.1386
Mon 24 Jun 2024 16:28:07 INFO  Saving current: saved/LightGCN-Jun-24-2024_13-05-13.pth
Mon 24 Jun 2024 16:29:23 INFO  epoch 158 training [time: 75.82s, train loss: 53.9390]
Mon 24 Jun 2024 16:29:24 INFO  epoch 158 evaluating [time: 1.37s, valid_score: 0.242300]
Mon 24 Jun 2024 16:29:24 INFO  valid result: 
recall@20 : 0.2423    mrr@20 : 0.3919    ndcg@20 : 0.2293    hit@20 : 0.8452    precision@20 : 0.1385
Mon 24 Jun 2024 16:30:40 INFO  epoch 159 training [time: 75.42s, train loss: 53.9775]
Mon 24 Jun 2024 16:30:41 INFO  epoch 159 evaluating [time: 1.43s, valid_score: 0.243000]
Mon 24 Jun 2024 16:30:41 INFO  valid result: 
recall@20 : 0.243    mrr@20 : 0.3928    ndcg@20 : 0.2298    hit@20 : 0.8457    precision@20 : 0.1388
Mon 24 Jun 2024 16:30:41 INFO  Saving current: saved/LightGCN-Jun-24-2024_13-05-13.pth
Mon 24 Jun 2024 16:31:57 INFO  epoch 160 training [time: 75.36s, train loss: 53.3748]
Mon 24 Jun 2024 16:31:58 INFO  epoch 160 evaluating [time: 1.37s, valid_score: 0.242900]
Mon 24 Jun 2024 16:31:58 INFO  valid result: 
recall@20 : 0.2429    mrr@20 : 0.3925    ndcg@20 : 0.2297    hit@20 : 0.8459    precision@20 : 0.1387
Mon 24 Jun 2024 16:33:14 INFO  epoch 161 training [time: 75.74s, train loss: 53.2490]
Mon 24 Jun 2024 16:33:15 INFO  epoch 161 evaluating [time: 1.38s, valid_score: 0.243500]
Mon 24 Jun 2024 16:33:15 INFO  valid result: 
recall@20 : 0.2435    mrr@20 : 0.3932    ndcg@20 : 0.23    hit@20 : 0.848    precision@20 : 0.1386
Mon 24 Jun 2024 16:33:15 INFO  Saving current: saved/LightGCN-Jun-24-2024_13-05-13.pth
Mon 24 Jun 2024 16:34:31 INFO  epoch 162 training [time: 75.56s, train loss: 53.2780]
Mon 24 Jun 2024 16:34:32 INFO  epoch 162 evaluating [time: 1.38s, valid_score: 0.244100]
Mon 24 Jun 2024 16:34:32 INFO  valid result: 
recall@20 : 0.2441    mrr@20 : 0.3935    ndcg@20 : 0.2305    hit@20 : 0.8477    precision@20 : 0.1391
Mon 24 Jun 2024 16:34:32 INFO  Saving current: saved/LightGCN-Jun-24-2024_13-05-13.pth
Mon 24 Jun 2024 16:35:48 INFO  epoch 163 training [time: 75.86s, train loss: 52.7094]
Mon 24 Jun 2024 16:35:49 INFO  epoch 163 evaluating [time: 1.39s, valid_score: 0.243800]
Mon 24 Jun 2024 16:35:49 INFO  valid result: 
recall@20 : 0.2438    mrr@20 : 0.3938    ndcg@20 : 0.2305    hit@20 : 0.849    precision@20 : 0.1392
Mon 24 Jun 2024 16:37:05 INFO  epoch 164 training [time: 75.92s, train loss: 53.0303]
Mon 24 Jun 2024 16:37:07 INFO  epoch 164 evaluating [time: 1.33s, valid_score: 0.244100]
Mon 24 Jun 2024 16:37:07 INFO  valid result: 
recall@20 : 0.2441    mrr@20 : 0.394    ndcg@20 : 0.2307    hit@20 : 0.848    precision@20 : 0.1392
Mon 24 Jun 2024 16:37:07 INFO  Saving current: saved/LightGCN-Jun-24-2024_13-05-13.pth
Mon 24 Jun 2024 16:38:22 INFO  epoch 165 training [time: 75.81s, train loss: 52.4332]
Mon 24 Jun 2024 16:38:24 INFO  epoch 165 evaluating [time: 1.46s, valid_score: 0.244600]
Mon 24 Jun 2024 16:38:24 INFO  valid result: 
recall@20 : 0.2446    mrr@20 : 0.3935    ndcg@20 : 0.231    hit@20 : 0.8492    precision@20 : 0.1394
Mon 24 Jun 2024 16:38:24 INFO  Saving current: saved/LightGCN-Jun-24-2024_13-05-13.pth
Mon 24 Jun 2024 16:39:40 INFO  epoch 166 training [time: 75.56s, train loss: 52.5990]
Mon 24 Jun 2024 16:39:41 INFO  epoch 166 evaluating [time: 1.37s, valid_score: 0.245200]
Mon 24 Jun 2024 16:39:41 INFO  valid result: 
recall@20 : 0.2452    mrr@20 : 0.3918    ndcg@20 : 0.2307    hit@20 : 0.851    precision@20 : 0.1393
Mon 24 Jun 2024 16:39:41 INFO  Saving current: saved/LightGCN-Jun-24-2024_13-05-13.pth
Mon 24 Jun 2024 16:40:57 INFO  epoch 167 training [time: 75.66s, train loss: 52.1016]
Mon 24 Jun 2024 16:40:58 INFO  epoch 167 evaluating [time: 1.35s, valid_score: 0.245600]
Mon 24 Jun 2024 16:40:58 INFO  valid result: 
recall@20 : 0.2456    mrr@20 : 0.3927    ndcg@20 : 0.2311    hit@20 : 0.8517    precision@20 : 0.1396
Mon 24 Jun 2024 16:40:58 INFO  Saving current: saved/LightGCN-Jun-24-2024_13-05-13.pth
Mon 24 Jun 2024 16:42:14 INFO  epoch 168 training [time: 75.61s, train loss: 52.2569]
Mon 24 Jun 2024 16:42:15 INFO  epoch 168 evaluating [time: 1.37s, valid_score: 0.245300]
Mon 24 Jun 2024 16:42:15 INFO  valid result: 
recall@20 : 0.2453    mrr@20 : 0.3921    ndcg@20 : 0.2308    hit@20 : 0.85    precision@20 : 0.1391
Mon 24 Jun 2024 16:43:30 INFO  epoch 169 training [time: 75.15s, train loss: 51.7270]
Mon 24 Jun 2024 16:43:31 INFO  epoch 169 evaluating [time: 1.35s, valid_score: 0.245600]
Mon 24 Jun 2024 16:43:31 INFO  valid result: 
recall@20 : 0.2456    mrr@20 : 0.3932    ndcg@20 : 0.2312    hit@20 : 0.8513    precision@20 : 0.1393
Mon 24 Jun 2024 16:43:31 INFO  Saving current: saved/LightGCN-Jun-24-2024_13-05-13.pth
Mon 24 Jun 2024 16:44:47 INFO  epoch 170 training [time: 75.17s, train loss: 51.5574]
Mon 24 Jun 2024 16:44:48 INFO  epoch 170 evaluating [time: 1.36s, valid_score: 0.245500]
Mon 24 Jun 2024 16:44:48 INFO  valid result: 
recall@20 : 0.2455    mrr@20 : 0.3927    ndcg@20 : 0.2312    hit@20 : 0.8508    precision@20 : 0.1394
Mon 24 Jun 2024 16:46:03 INFO  epoch 171 training [time: 75.05s, train loss: 51.2060]
Mon 24 Jun 2024 16:46:04 INFO  epoch 171 evaluating [time: 1.32s, valid_score: 0.244900]
Mon 24 Jun 2024 16:46:04 INFO  valid result: 
recall@20 : 0.2449    mrr@20 : 0.3935    ndcg@20 : 0.2309    hit@20 : 0.849    precision@20 : 0.1391
Mon 24 Jun 2024 16:47:20 INFO  epoch 172 training [time: 75.21s, train loss: 51.3536]
Mon 24 Jun 2024 16:47:21 INFO  epoch 172 evaluating [time: 1.39s, valid_score: 0.245000]
Mon 24 Jun 2024 16:47:21 INFO  valid result: 
recall@20 : 0.245    mrr@20 : 0.3929    ndcg@20 : 0.2309    hit@20 : 0.8495    precision@20 : 0.1393
Mon 24 Jun 2024 16:48:36 INFO  epoch 173 training [time: 75.16s, train loss: 51.2392]
Mon 24 Jun 2024 16:48:38 INFO  epoch 173 evaluating [time: 1.38s, valid_score: 0.244800]
Mon 24 Jun 2024 16:48:38 INFO  valid result: 
recall@20 : 0.2448    mrr@20 : 0.3927    ndcg@20 : 0.2308    hit@20 : 0.8508    precision@20 : 0.1393
Mon 24 Jun 2024 16:49:53 INFO  epoch 174 training [time: 75.59s, train loss: 51.0076]
Mon 24 Jun 2024 16:49:54 INFO  epoch 174 evaluating [time: 1.37s, valid_score: 0.245300]
Mon 24 Jun 2024 16:49:54 INFO  valid result: 
recall@20 : 0.2453    mrr@20 : 0.3949    ndcg@20 : 0.2314    hit@20 : 0.8518    precision@20 : 0.1393
Mon 24 Jun 2024 16:51:10 INFO  epoch 175 training [time: 75.57s, train loss: 51.0508]
Mon 24 Jun 2024 16:51:11 INFO  epoch 175 evaluating [time: 1.36s, valid_score: 0.245700]
Mon 24 Jun 2024 16:51:11 INFO  valid result: 
recall@20 : 0.2457    mrr@20 : 0.3946    ndcg@20 : 0.2314    hit@20 : 0.8512    precision@20 : 0.1396
Mon 24 Jun 2024 16:51:11 INFO  Saving current: saved/LightGCN-Jun-24-2024_13-05-13.pth
Mon 24 Jun 2024 16:52:27 INFO  epoch 176 training [time: 75.61s, train loss: 50.5652]
Mon 24 Jun 2024 16:52:28 INFO  epoch 176 evaluating [time: 1.39s, valid_score: 0.245300]
Mon 24 Jun 2024 16:52:28 INFO  valid result: 
recall@20 : 0.2453    mrr@20 : 0.3949    ndcg@20 : 0.2317    hit@20 : 0.8503    precision@20 : 0.1396
Mon 24 Jun 2024 16:53:44 INFO  epoch 177 training [time: 75.64s, train loss: 50.7517]
Mon 24 Jun 2024 16:53:45 INFO  epoch 177 evaluating [time: 1.34s, valid_score: 0.245800]
Mon 24 Jun 2024 16:53:45 INFO  valid result: 
recall@20 : 0.2458    mrr@20 : 0.393    ndcg@20 : 0.2315    hit@20 : 0.8503    precision@20 : 0.1395
Mon 24 Jun 2024 16:53:45 INFO  Saving current: saved/LightGCN-Jun-24-2024_13-05-13.pth
Mon 24 Jun 2024 16:55:01 INFO  epoch 178 training [time: 75.69s, train loss: 50.4683]
Mon 24 Jun 2024 16:55:02 INFO  epoch 178 evaluating [time: 1.35s, valid_score: 0.246800]
Mon 24 Jun 2024 16:55:02 INFO  valid result: 
recall@20 : 0.2468    mrr@20 : 0.3945    ndcg@20 : 0.232    hit@20 : 0.8526    precision@20 : 0.1397
Mon 24 Jun 2024 16:55:02 INFO  Saving current: saved/LightGCN-Jun-24-2024_13-05-13.pth
Mon 24 Jun 2024 16:56:18 INFO  epoch 179 training [time: 75.31s, train loss: 50.0593]
Mon 24 Jun 2024 16:56:19 INFO  epoch 179 evaluating [time: 1.32s, valid_score: 0.246900]
Mon 24 Jun 2024 16:56:19 INFO  valid result: 
recall@20 : 0.2469    mrr@20 : 0.3939    ndcg@20 : 0.2322    hit@20 : 0.8523    precision@20 : 0.1401
Mon 24 Jun 2024 16:56:19 INFO  Saving current: saved/LightGCN-Jun-24-2024_13-05-13.pth
Mon 24 Jun 2024 16:57:35 INFO  epoch 180 training [time: 75.65s, train loss: 50.2688]
Mon 24 Jun 2024 16:57:36 INFO  epoch 180 evaluating [time: 1.34s, valid_score: 0.247200]
Mon 24 Jun 2024 16:57:36 INFO  valid result: 
recall@20 : 0.2472    mrr@20 : 0.3942    ndcg@20 : 0.2323    hit@20 : 0.8523    precision@20 : 0.1401
Mon 24 Jun 2024 16:57:36 INFO  Saving current: saved/LightGCN-Jun-24-2024_13-05-13.pth
Mon 24 Jun 2024 16:58:52 INFO  epoch 181 training [time: 75.49s, train loss: 49.7826]
Mon 24 Jun 2024 16:58:53 INFO  epoch 181 evaluating [time: 1.37s, valid_score: 0.246400]
Mon 24 Jun 2024 16:58:53 INFO  valid result: 
recall@20 : 0.2464    mrr@20 : 0.3945    ndcg@20 : 0.232    hit@20 : 0.8526    precision@20 : 0.1397
Mon 24 Jun 2024 17:00:08 INFO  epoch 182 training [time: 75.43s, train loss: 50.0307]
Mon 24 Jun 2024 17:00:10 INFO  epoch 182 evaluating [time: 1.33s, valid_score: 0.246500]
Mon 24 Jun 2024 17:00:10 INFO  valid result: 
recall@20 : 0.2465    mrr@20 : 0.3953    ndcg@20 : 0.2321    hit@20 : 0.8526    precision@20 : 0.1394
Mon 24 Jun 2024 17:01:25 INFO  epoch 183 training [time: 75.41s, train loss: 49.5507]
Mon 24 Jun 2024 17:01:27 INFO  epoch 183 evaluating [time: 1.36s, valid_score: 0.246500]
Mon 24 Jun 2024 17:01:27 INFO  valid result: 
recall@20 : 0.2465    mrr@20 : 0.3949    ndcg@20 : 0.2321    hit@20 : 0.8543    precision@20 : 0.1395
Mon 24 Jun 2024 17:02:42 INFO  epoch 184 training [time: 75.04s, train loss: 49.3772]
Mon 24 Jun 2024 17:02:43 INFO  epoch 184 evaluating [time: 1.37s, valid_score: 0.246800]
Mon 24 Jun 2024 17:02:43 INFO  valid result: 
recall@20 : 0.2468    mrr@20 : 0.3959    ndcg@20 : 0.2322    hit@20 : 0.8555    precision@20 : 0.1395
Mon 24 Jun 2024 17:03:58 INFO  epoch 185 training [time: 75.13s, train loss: 48.9713]
Mon 24 Jun 2024 17:03:59 INFO  epoch 185 evaluating [time: 1.37s, valid_score: 0.247200]
Mon 24 Jun 2024 17:03:59 INFO  valid result: 
recall@20 : 0.2472    mrr@20 : 0.397    ndcg@20 : 0.2325    hit@20 : 0.8546    precision@20 : 0.1395
Mon 24 Jun 2024 17:03:59 INFO  Saving current: saved/LightGCN-Jun-24-2024_13-05-13.pth
Mon 24 Jun 2024 17:05:14 INFO  epoch 186 training [time: 74.92s, train loss: 49.1563]
Mon 24 Jun 2024 17:05:16 INFO  epoch 186 evaluating [time: 1.38s, valid_score: 0.247000]
Mon 24 Jun 2024 17:05:16 INFO  valid result: 
recall@20 : 0.247    mrr@20 : 0.3963    ndcg@20 : 0.2322    hit@20 : 0.8545    precision@20 : 0.1396
Mon 24 Jun 2024 17:06:31 INFO  epoch 187 training [time: 75.03s, train loss: 48.7684]
Mon 24 Jun 2024 17:06:32 INFO  epoch 187 evaluating [time: 1.33s, valid_score: 0.247600]
Mon 24 Jun 2024 17:06:32 INFO  valid result: 
recall@20 : 0.2476    mrr@20 : 0.3976    ndcg@20 : 0.2328    hit@20 : 0.8548    precision@20 : 0.1399
Mon 24 Jun 2024 17:06:32 INFO  Saving current: saved/LightGCN-Jun-24-2024_13-05-13.pth
Mon 24 Jun 2024 17:07:47 INFO  epoch 188 training [time: 75.04s, train loss: 48.7491]
Mon 24 Jun 2024 17:07:49 INFO  epoch 188 evaluating [time: 1.35s, valid_score: 0.247400]
Mon 24 Jun 2024 17:07:49 INFO  valid result: 
recall@20 : 0.2474    mrr@20 : 0.395    ndcg@20 : 0.2322    hit@20 : 0.8541    precision@20 : 0.1398
Mon 24 Jun 2024 17:09:04 INFO  epoch 189 training [time: 74.95s, train loss: 48.9104]
Mon 24 Jun 2024 17:09:05 INFO  epoch 189 evaluating [time: 1.40s, valid_score: 0.247000]
Mon 24 Jun 2024 17:09:05 INFO  valid result: 
recall@20 : 0.247    mrr@20 : 0.3955    ndcg@20 : 0.2322    hit@20 : 0.8533    precision@20 : 0.1396
Mon 24 Jun 2024 17:10:20 INFO  epoch 190 training [time: 75.16s, train loss: 48.6706]
Mon 24 Jun 2024 17:10:21 INFO  epoch 190 evaluating [time: 1.40s, valid_score: 0.246700]
Mon 24 Jun 2024 17:10:21 INFO  valid result: 
recall@20 : 0.2467    mrr@20 : 0.3965    ndcg@20 : 0.232    hit@20 : 0.8523    precision@20 : 0.1393
Mon 24 Jun 2024 17:11:37 INFO  epoch 191 training [time: 75.15s, train loss: 48.3289]
Mon 24 Jun 2024 17:11:38 INFO  epoch 191 evaluating [time: 1.40s, valid_score: 0.246800]
Mon 24 Jun 2024 17:11:38 INFO  valid result: 
recall@20 : 0.2468    mrr@20 : 0.3975    ndcg@20 : 0.2323    hit@20 : 0.8522    precision@20 : 0.1392
Mon 24 Jun 2024 17:12:53 INFO  epoch 192 training [time: 75.21s, train loss: 48.1857]
Mon 24 Jun 2024 17:12:55 INFO  epoch 192 evaluating [time: 1.38s, valid_score: 0.246800]
Mon 24 Jun 2024 17:12:55 INFO  valid result: 
recall@20 : 0.2468    mrr@20 : 0.3973    ndcg@20 : 0.2323    hit@20 : 0.8533    precision@20 : 0.139
Mon 24 Jun 2024 17:14:10 INFO  epoch 193 training [time: 75.23s, train loss: 48.1527]
Mon 24 Jun 2024 17:14:11 INFO  epoch 193 evaluating [time: 1.43s, valid_score: 0.246500]
Mon 24 Jun 2024 17:14:11 INFO  valid result: 
recall@20 : 0.2465    mrr@20 : 0.3964    ndcg@20 : 0.2321    hit@20 : 0.8531    precision@20 : 0.1389
Mon 24 Jun 2024 17:15:26 INFO  epoch 194 training [time: 75.14s, train loss: 48.1988]
Mon 24 Jun 2024 17:15:28 INFO  epoch 194 evaluating [time: 1.39s, valid_score: 0.246900]
Mon 24 Jun 2024 17:15:28 INFO  valid result: 
recall@20 : 0.2469    mrr@20 : 0.3977    ndcg@20 : 0.2325    hit@20 : 0.8541    precision@20 : 0.1391
Mon 24 Jun 2024 17:16:43 INFO  epoch 195 training [time: 75.66s, train loss: 47.5191]
Mon 24 Jun 2024 17:16:45 INFO  epoch 195 evaluating [time: 1.41s, valid_score: 0.247300]
Mon 24 Jun 2024 17:16:45 INFO  valid result: 
recall@20 : 0.2473    mrr@20 : 0.3963    ndcg@20 : 0.2325    hit@20 : 0.855    precision@20 : 0.1392
Mon 24 Jun 2024 17:18:00 INFO  epoch 196 training [time: 75.43s, train loss: 47.6452]
Mon 24 Jun 2024 17:18:02 INFO  epoch 196 evaluating [time: 1.41s, valid_score: 0.247000]
Mon 24 Jun 2024 17:18:02 INFO  valid result: 
recall@20 : 0.247    mrr@20 : 0.3977    ndcg@20 : 0.2327    hit@20 : 0.854    precision@20 : 0.1393
Mon 24 Jun 2024 17:19:17 INFO  epoch 197 training [time: 75.68s, train loss: 47.6267]
Mon 24 Jun 2024 17:19:19 INFO  epoch 197 evaluating [time: 1.35s, valid_score: 0.247700]
Mon 24 Jun 2024 17:19:19 INFO  valid result: 
recall@20 : 0.2477    mrr@20 : 0.398    ndcg@20 : 0.2331    hit@20 : 0.8543    precision@20 : 0.1395
Mon 24 Jun 2024 17:19:19 INFO  Saving current: saved/LightGCN-Jun-24-2024_13-05-13.pth
Mon 24 Jun 2024 17:20:34 INFO  epoch 198 training [time: 75.21s, train loss: 47.2278]
Mon 24 Jun 2024 17:20:35 INFO  epoch 198 evaluating [time: 1.39s, valid_score: 0.248000]
Mon 24 Jun 2024 17:20:35 INFO  valid result: 
recall@20 : 0.248    mrr@20 : 0.3952    ndcg@20 : 0.2326    hit@20 : 0.8551    precision@20 : 0.1395
Mon 24 Jun 2024 17:20:35 INFO  Saving current: saved/LightGCN-Jun-24-2024_13-05-13.pth
Mon 24 Jun 2024 17:21:51 INFO  epoch 199 training [time: 75.16s, train loss: 47.1489]
Mon 24 Jun 2024 17:21:52 INFO  epoch 199 evaluating [time: 1.37s, valid_score: 0.248000]
Mon 24 Jun 2024 17:21:52 INFO  valid result: 
recall@20 : 0.248    mrr@20 : 0.3954    ndcg@20 : 0.2329    hit@20 : 0.8541    precision@20 : 0.1396
Mon 24 Jun 2024 17:21:52 INFO  Saving current: saved/LightGCN-Jun-24-2024_13-05-13.pth
Mon 24 Jun 2024 17:23:07 INFO  epoch 200 training [time: 75.01s, train loss: 46.9421]
Mon 24 Jun 2024 17:23:08 INFO  epoch 200 evaluating [time: 1.40s, valid_score: 0.247300]
Mon 24 Jun 2024 17:23:08 INFO  valid result: 
recall@20 : 0.2473    mrr@20 : 0.3964    ndcg@20 : 0.2327    hit@20 : 0.8535    precision@20 : 0.1393
Mon 24 Jun 2024 17:24:24 INFO  epoch 201 training [time: 75.57s, train loss: 46.7179]
Mon 24 Jun 2024 17:24:25 INFO  epoch 201 evaluating [time: 1.39s, valid_score: 0.247400]
Mon 24 Jun 2024 17:24:25 INFO  valid result: 
recall@20 : 0.2474    mrr@20 : 0.3956    ndcg@20 : 0.2328    hit@20 : 0.8518    precision@20 : 0.1395
Mon 24 Jun 2024 17:25:41 INFO  epoch 202 training [time: 75.88s, train loss: 46.5323]
Mon 24 Jun 2024 17:25:43 INFO  epoch 202 evaluating [time: 1.40s, valid_score: 0.247600]
Mon 24 Jun 2024 17:25:43 INFO  valid result: 
recall@20 : 0.2476    mrr@20 : 0.3935    ndcg@20 : 0.2321    hit@20 : 0.8523    precision@20 : 0.1393
Mon 24 Jun 2024 17:26:59 INFO  epoch 203 training [time: 76.38s, train loss: 46.4425]
Mon 24 Jun 2024 17:27:00 INFO  epoch 203 evaluating [time: 1.38s, valid_score: 0.247300]
Mon 24 Jun 2024 17:27:00 INFO  valid result: 
recall@20 : 0.2473    mrr@20 : 0.3964    ndcg@20 : 0.2327    hit@20 : 0.8533    precision@20 : 0.1394
Mon 24 Jun 2024 17:28:17 INFO  epoch 204 training [time: 76.43s, train loss: 46.5299]
Mon 24 Jun 2024 17:28:18 INFO  epoch 204 evaluating [time: 1.30s, valid_score: 0.247800]
Mon 24 Jun 2024 17:28:18 INFO  valid result: 
recall@20 : 0.2478    mrr@20 : 0.397    ndcg@20 : 0.2329    hit@20 : 0.8541    precision@20 : 0.1395
Mon 24 Jun 2024 17:29:34 INFO  epoch 205 training [time: 76.23s, train loss: 46.2849]
Mon 24 Jun 2024 17:29:36 INFO  epoch 205 evaluating [time: 1.36s, valid_score: 0.247300]
Mon 24 Jun 2024 17:29:36 INFO  valid result: 
recall@20 : 0.2473    mrr@20 : 0.3964    ndcg@20 : 0.2325    hit@20 : 0.8545    precision@20 : 0.1391
Mon 24 Jun 2024 17:30:52 INFO  epoch 206 training [time: 75.93s, train loss: 46.2787]
Mon 24 Jun 2024 17:30:53 INFO  epoch 206 evaluating [time: 1.42s, valid_score: 0.247300]
Mon 24 Jun 2024 17:30:53 INFO  valid result: 
recall@20 : 0.2473    mrr@20 : 0.3959    ndcg@20 : 0.2325    hit@20 : 0.854    precision@20 : 0.1393
Mon 24 Jun 2024 17:32:09 INFO  epoch 207 training [time: 76.01s, train loss: 45.6322]
Mon 24 Jun 2024 17:32:10 INFO  epoch 207 evaluating [time: 1.39s, valid_score: 0.247500]
Mon 24 Jun 2024 17:32:10 INFO  valid result: 
recall@20 : 0.2475    mrr@20 : 0.3955    ndcg@20 : 0.2328    hit@20 : 0.8535    precision@20 : 0.1395
Mon 24 Jun 2024 17:33:26 INFO  epoch 208 training [time: 75.98s, train loss: 46.2399]
Mon 24 Jun 2024 17:33:28 INFO  epoch 208 evaluating [time: 1.37s, valid_score: 0.247100]
Mon 24 Jun 2024 17:33:28 INFO  valid result: 
recall@20 : 0.2471    mrr@20 : 0.3969    ndcg@20 : 0.2329    hit@20 : 0.8526    precision@20 : 0.1392
Mon 24 Jun 2024 17:34:43 INFO  epoch 209 training [time: 75.45s, train loss: 45.7831]
Mon 24 Jun 2024 17:34:45 INFO  epoch 209 evaluating [time: 1.33s, valid_score: 0.248100]
Mon 24 Jun 2024 17:34:45 INFO  valid result: 
recall@20 : 0.2481    mrr@20 : 0.396    ndcg@20 : 0.2328    hit@20 : 0.853    precision@20 : 0.1395
Mon 24 Jun 2024 17:34:45 INFO  Saving current: saved/LightGCN-Jun-24-2024_13-05-13.pth
Mon 24 Jun 2024 17:36:00 INFO  epoch 210 training [time: 75.85s, train loss: 45.6292]
Mon 24 Jun 2024 17:36:02 INFO  epoch 210 evaluating [time: 1.40s, valid_score: 0.246800]
Mon 24 Jun 2024 17:36:02 INFO  valid result: 
recall@20 : 0.2468    mrr@20 : 0.3964    ndcg@20 : 0.2322    hit@20 : 0.8513    precision@20 : 0.1389
Mon 24 Jun 2024 17:37:17 INFO  epoch 211 training [time: 75.68s, train loss: 45.5117]
Mon 24 Jun 2024 17:37:19 INFO  epoch 211 evaluating [time: 1.38s, valid_score: 0.247200]
Mon 24 Jun 2024 17:37:19 INFO  valid result: 
recall@20 : 0.2472    mrr@20 : 0.3965    ndcg@20 : 0.2326    hit@20 : 0.8517    precision@20 : 0.1389
Mon 24 Jun 2024 17:38:35 INFO  epoch 212 training [time: 76.10s, train loss: 45.1835]
Mon 24 Jun 2024 17:38:36 INFO  epoch 212 evaluating [time: 1.40s, valid_score: 0.247400]
Mon 24 Jun 2024 17:38:36 INFO  valid result: 
recall@20 : 0.2474    mrr@20 : 0.3963    ndcg@20 : 0.2327    hit@20 : 0.8512    precision@20 : 0.1392
Mon 24 Jun 2024 17:39:53 INFO  epoch 213 training [time: 76.99s, train loss: 45.0271]
Mon 24 Jun 2024 17:39:55 INFO  epoch 213 evaluating [time: 1.32s, valid_score: 0.247500]
Mon 24 Jun 2024 17:39:55 INFO  valid result: 
recall@20 : 0.2475    mrr@20 : 0.3952    ndcg@20 : 0.2322    hit@20 : 0.8517    precision@20 : 0.1389
Mon 24 Jun 2024 17:41:13 INFO  epoch 214 training [time: 78.43s, train loss: 44.8245]
Mon 24 Jun 2024 17:41:15 INFO  epoch 214 evaluating [time: 1.42s, valid_score: 0.248000]
Mon 24 Jun 2024 17:41:15 INFO  valid result: 
recall@20 : 0.248    mrr@20 : 0.393    ndcg@20 : 0.2323    hit@20 : 0.853    precision@20 : 0.1392
Mon 24 Jun 2024 17:42:34 INFO  epoch 215 training [time: 79.43s, train loss: 45.0092]
Mon 24 Jun 2024 17:42:35 INFO  epoch 215 evaluating [time: 1.35s, valid_score: 0.247700]
Mon 24 Jun 2024 17:42:35 INFO  valid result: 
recall@20 : 0.2477    mrr@20 : 0.3933    ndcg@20 : 0.2321    hit@20 : 0.8533    precision@20 : 0.1392
Mon 24 Jun 2024 17:43:50 INFO  epoch 216 training [time: 75.20s, train loss: 45.0343]
Mon 24 Jun 2024 17:43:52 INFO  epoch 216 evaluating [time: 1.34s, valid_score: 0.248100]
Mon 24 Jun 2024 17:43:52 INFO  valid result: 
recall@20 : 0.2481    mrr@20 : 0.3954    ndcg@20 : 0.2327    hit@20 : 0.854    precision@20 : 0.1394
Mon 24 Jun 2024 17:43:52 INFO  Saving current: saved/LightGCN-Jun-24-2024_13-05-13.pth
Mon 24 Jun 2024 17:45:08 INFO  epoch 217 training [time: 75.88s, train loss: 44.5670]
Mon 24 Jun 2024 17:45:09 INFO  epoch 217 evaluating [time: 1.33s, valid_score: 0.247700]
Mon 24 Jun 2024 17:45:09 INFO  valid result: 
recall@20 : 0.2477    mrr@20 : 0.3937    ndcg@20 : 0.2324    hit@20 : 0.8528    precision@20 : 0.1393
Mon 24 Jun 2024 17:46:26 INFO  epoch 218 training [time: 76.94s, train loss: 44.3854]
Mon 24 Jun 2024 17:46:27 INFO  epoch 218 evaluating [time: 1.36s, valid_score: 0.247700]
Mon 24 Jun 2024 17:46:27 INFO  valid result: 
recall@20 : 0.2477    mrr@20 : 0.3937    ndcg@20 : 0.2324    hit@20 : 0.8533    precision@20 : 0.1394
Mon 24 Jun 2024 17:47:49 INFO  epoch 219 training [time: 81.67s, train loss: 44.6077]
Mon 24 Jun 2024 17:47:50 INFO  epoch 219 evaluating [time: 1.38s, valid_score: 0.249200]
Mon 24 Jun 2024 17:47:50 INFO  valid result: 
recall@20 : 0.2492    mrr@20 : 0.3926    ndcg@20 : 0.2326    hit@20 : 0.8551    precision@20 : 0.1396
Mon 24 Jun 2024 17:47:50 INFO  Saving current: saved/LightGCN-Jun-24-2024_13-05-13.pth
Mon 24 Jun 2024 17:49:08 INFO  epoch 220 training [time: 77.08s, train loss: 44.3934]
Mon 24 Jun 2024 17:49:09 INFO  epoch 220 evaluating [time: 1.55s, valid_score: 0.248800]
Mon 24 Jun 2024 17:49:09 INFO  valid result: 
recall@20 : 0.2488    mrr@20 : 0.3926    ndcg@20 : 0.2324    hit@20 : 0.854    precision@20 : 0.1395
Mon 24 Jun 2024 17:50:31 INFO  epoch 221 training [time: 81.72s, train loss: 44.0421]
Mon 24 Jun 2024 17:50:32 INFO  epoch 221 evaluating [time: 1.42s, valid_score: 0.248200]
Mon 24 Jun 2024 17:50:32 INFO  valid result: 
recall@20 : 0.2482    mrr@20 : 0.3925    ndcg@20 : 0.232    hit@20 : 0.8535    precision@20 : 0.1394
Mon 24 Jun 2024 17:51:50 INFO  epoch 222 training [time: 78.22s, train loss: 44.4056]
Mon 24 Jun 2024 17:51:52 INFO  epoch 222 evaluating [time: 1.38s, valid_score: 0.247600]
Mon 24 Jun 2024 17:51:52 INFO  valid result: 
recall@20 : 0.2476    mrr@20 : 0.3938    ndcg@20 : 0.2318    hit@20 : 0.8525    precision@20 : 0.139
Mon 24 Jun 2024 17:53:09 INFO  epoch 223 training [time: 76.92s, train loss: 44.2382]
Mon 24 Jun 2024 17:53:10 INFO  epoch 223 evaluating [time: 1.33s, valid_score: 0.248100]
Mon 24 Jun 2024 17:53:10 INFO  valid result: 
recall@20 : 0.2481    mrr@20 : 0.3933    ndcg@20 : 0.232    hit@20 : 0.8541    precision@20 : 0.1391
Mon 24 Jun 2024 17:54:27 INFO  epoch 224 training [time: 77.19s, train loss: 43.8021]
Mon 24 Jun 2024 17:54:29 INFO  epoch 224 evaluating [time: 1.39s, valid_score: 0.247600]
Mon 24 Jun 2024 17:54:29 INFO  valid result: 
recall@20 : 0.2476    mrr@20 : 0.3937    ndcg@20 : 0.2318    hit@20 : 0.8528    precision@20 : 0.1389
Mon 24 Jun 2024 17:55:45 INFO  epoch 225 training [time: 76.82s, train loss: 43.6473]
Mon 24 Jun 2024 17:55:47 INFO  epoch 225 evaluating [time: 1.33s, valid_score: 0.247200]
Mon 24 Jun 2024 17:55:47 INFO  valid result: 
recall@20 : 0.2472    mrr@20 : 0.3942    ndcg@20 : 0.2317    hit@20 : 0.8525    precision@20 : 0.1388
Mon 24 Jun 2024 17:57:03 INFO  epoch 226 training [time: 76.41s, train loss: 43.8169]
Mon 24 Jun 2024 17:57:05 INFO  epoch 226 evaluating [time: 1.32s, valid_score: 0.248200]
Mon 24 Jun 2024 17:57:05 INFO  valid result: 
recall@20 : 0.2482    mrr@20 : 0.3943    ndcg@20 : 0.232    hit@20 : 0.8536    precision@20 : 0.1389
Mon 24 Jun 2024 17:58:19 INFO  epoch 227 training [time: 74.90s, train loss: 43.5565]
Mon 24 Jun 2024 17:58:21 INFO  epoch 227 evaluating [time: 1.31s, valid_score: 0.248300]
Mon 24 Jun 2024 17:58:21 INFO  valid result: 
recall@20 : 0.2483    mrr@20 : 0.3939    ndcg@20 : 0.2319    hit@20 : 0.8545    precision@20 : 0.139
Mon 24 Jun 2024 17:59:35 INFO  epoch 228 training [time: 74.61s, train loss: 43.5118]
Mon 24 Jun 2024 17:59:37 INFO  epoch 228 evaluating [time: 1.32s, valid_score: 0.248400]
Mon 24 Jun 2024 17:59:37 INFO  valid result: 
recall@20 : 0.2484    mrr@20 : 0.3929    ndcg@20 : 0.2318    hit@20 : 0.8546    precision@20 : 0.1389
Mon 24 Jun 2024 18:00:51 INFO  epoch 229 training [time: 74.73s, train loss: 43.4985]
Mon 24 Jun 2024 18:00:53 INFO  epoch 229 evaluating [time: 1.29s, valid_score: 0.248700]
Mon 24 Jun 2024 18:00:53 INFO  valid result: 
recall@20 : 0.2487    mrr@20 : 0.3946    ndcg@20 : 0.2322    hit@20 : 0.8551    precision@20 : 0.1386
Mon 24 Jun 2024 18:02:07 INFO  epoch 230 training [time: 74.59s, train loss: 42.9002]
Mon 24 Jun 2024 18:02:09 INFO  epoch 230 evaluating [time: 1.33s, valid_score: 0.246900]
Mon 24 Jun 2024 18:02:09 INFO  valid result: 
recall@20 : 0.2469    mrr@20 : 0.395    ndcg@20 : 0.2313    hit@20 : 0.8533    precision@20 : 0.1381
Mon 24 Jun 2024 18:02:09 INFO  Finished training, best eval result in epoch 219
Mon 24 Jun 2024 18:02:10 DEBUG  Predicting for 6041 users
Mon 24 Jun 2024 18:02:10 DEBUG  Predicting for user 1 with 3663 unused items
