Wed 24 Apr 2024 22:42:17 INFO  ['run_recbole.py', '--model=LightGCN', '--dataset=ml-100k']
Wed 24 Apr 2024 22:42:17 INFO  
General Hyper Parameters:
gpu_id = 0
use_gpu = True
seed = 2020
state = INFO
reproducibility = True
data_path = /home/simeon/Git_Repositories/ANS-Recbole/recbole/config/../dataset_example/ml-100k
checkpoint_dir = saved
show_progress = True
save_dataset = False
dataset_save_path = None
save_dataloaders = False
dataloaders_save_path = None
log_wandb = False

Training Hyper Parameters:
epochs = 500
train_batch_size = 2048
learner = adam
learning_rate = 0.0001
train_neg_sample_args = {'distribution': 'uniform', 'sample_num': 1, 'alpha': 1.0, 'dynamic': False, 'candidate_num': 0}
eval_step = 1
stopping_step = 100
clip_grad_norm = None
weight_decay = 0.0
loss_decimal_place = 4

Evaluation Hyper Parameters:
eval_args = {'split': {'RS': [0.8, 0.1, 0.1]}, 'group_by': 'user', 'order': 'RO', 'mode': 'full'}
repeatable = False
metrics = ['Recall', 'MRR', 'NDCG', 'Hit', 'Precision']
topk = [20]
valid_metric = MRR@20
valid_metric_bigger = True
eval_batch_size = 4096
metric_decimal_place = 4

Dataset Hyper Parameters:
field_separator = 	
seq_separator =  
USER_ID_FIELD = user_id
ITEM_ID_FIELD = item_id
RATING_FIELD = rating
TIME_FIELD = timestamp
seq_len = None
LABEL_FIELD = label
threshold = {'rating': 4.0}
NEG_PREFIX = neg_
load_col = {'inter': ['user_id', 'item_id', 'rating', 'timestamp']}
unload_col = None
unused_col = None
additional_feat_suffix = None
rm_dup_inter = None
val_interval = None
filter_inter_by_user_or_item = True
user_inter_num_interval = None
item_inter_num_interval = None
alias_of_user_id = None
alias_of_item_id = None
alias_of_entity_id = None
alias_of_relation_id = None
preload_weight = None
normalize_field = None
normalize_all = True
ITEM_LIST_LENGTH_FIELD = item_length
LIST_SUFFIX = _list
MAX_ITEM_LIST_LENGTH = 50
POSITION_FIELD = position_id
HEAD_ENTITY_ID_FIELD = head_id
TAIL_ENTITY_ID_FIELD = tail_id
RELATION_ID_FIELD = relation_id
ENTITY_ID_FIELD = entity_id
kg_reverse_r = False
entity_kg_num_interval = None
relation_kg_num_interval = None
benchmark_filename = None

Other Hyper Parameters: 
worker = 0
wandb_project = recbole
shuffle = True
require_pow = False
enable_amp = False
enable_scaler = False
transform = None
embedding_size = 64
n_layers = 2
reg_weight = 1e-05
numerical_features = []
discretization = None
MODEL_TYPE = ModelType.GENERAL
MODEL_INPUT_TYPE = InputType.PAIRWISE
eval_type = EvaluatorType.RANKING
single_spec = True
local_rank = 0
device = cuda
eval_neg_sample_args = {'distribution': 'uniform', 'sample_num': 'none'}


Wed 24 Apr 2024 22:42:18 INFO  ml-100k
The number of users: 944
Average actions of users: 106.04453870625663
The number of items: 1683
Average actions of items: 59.45303210463734
The number of inters: 100000
The sparsity of the dataset: 93.70575143257098%
Remain Fields: ['user_id', 'item_id', 'timestamp', 'label']
Wed 24 Apr 2024 22:42:18 INFO  [Training]: train_batch_size = [2048] train_neg_sample_args: [{'distribution': 'uniform', 'sample_num': 1, 'alpha': 1.0, 'dynamic': False, 'candidate_num': 0}]
Wed 24 Apr 2024 22:42:18 INFO  [Evaluation]: eval_batch_size = [4096] eval_args: [{'split': {'RS': [0.8, 0.1, 0.1]}, 'group_by': 'user', 'order': 'RO', 'mode': 'full'}]
Wed 24 Apr 2024 22:42:19 INFO  LightGCN(
  (user_embedding): Embedding(944, 64)
  (item_embedding): Embedding(1683, 64)
  (mf_loss): BPRLoss()
  (reg_loss): EmbLoss()
)
Trainable parameters: 168128
Wed 24 Apr 2024 22:42:19 INFO  FLOPs: 0.0
Wed 24 Apr 2024 22:42:20 INFO  epoch 0 training [time: 0.56s, train loss: 27.7198]
Wed 24 Apr 2024 22:42:21 INFO  epoch 0 evaluating [time: 0.64s, valid_score: 0.036000]
Wed 24 Apr 2024 22:42:21 INFO  valid result: 
recall@20 : 0.017    mrr@20 : 0.036    ndcg@20 : 0.014    hit@20 : 0.1506    precision@20 : 0.0089
Wed 24 Apr 2024 22:42:21 INFO  Saving current: saved/LightGCN-Apr-24-2024_22-42-19.pth
Wed 24 Apr 2024 22:42:21 INFO  epoch 1 training [time: 0.33s, train loss: 27.7151]
Wed 24 Apr 2024 22:42:22 INFO  epoch 1 evaluating [time: 0.41s, valid_score: 0.050500]
Wed 24 Apr 2024 22:42:22 INFO  valid result: 
recall@20 : 0.0272    mrr@20 : 0.0505    ndcg@20 : 0.022    hit@20 : 0.2131    precision@20 : 0.0143
Wed 24 Apr 2024 22:42:22 INFO  Saving current: saved/LightGCN-Apr-24-2024_22-42-19.pth
Wed 24 Apr 2024 22:42:22 INFO  epoch 2 training [time: 0.36s, train loss: 27.7048]
Wed 24 Apr 2024 22:42:23 INFO  epoch 2 evaluating [time: 0.41s, valid_score: 0.098300]
Wed 24 Apr 2024 22:42:23 INFO  valid result: 
recall@20 : 0.0571    mrr@20 : 0.0983    ndcg@20 : 0.047    hit@20 : 0.3701    precision@20 : 0.0308
Wed 24 Apr 2024 22:42:23 INFO  Saving current: saved/LightGCN-Apr-24-2024_22-42-19.pth
Wed 24 Apr 2024 22:42:23 INFO  epoch 3 training [time: 0.31s, train loss: 27.6798]
Wed 24 Apr 2024 22:42:23 INFO  epoch 3 evaluating [time: 0.40s, valid_score: 0.165400]
Wed 24 Apr 2024 22:42:23 INFO  valid result: 
recall@20 : 0.1068    mrr@20 : 0.1654    ndcg@20 : 0.0871    hit@20 : 0.5366    precision@20 : 0.0522
Wed 24 Apr 2024 22:42:23 INFO  Saving current: saved/LightGCN-Apr-24-2024_22-42-19.pth
Wed 24 Apr 2024 22:42:24 INFO  epoch 4 training [time: 0.25s, train loss: 27.6280]
Wed 24 Apr 2024 22:42:24 INFO  epoch 4 evaluating [time: 0.40s, valid_score: 0.225900]
Wed 24 Apr 2024 22:42:24 INFO  valid result: 
recall@20 : 0.1571    mrr@20 : 0.2259    ndcg@20 : 0.1256    hit@20 : 0.6532    precision@20 : 0.0681
Wed 24 Apr 2024 22:42:24 INFO  Saving current: saved/LightGCN-Apr-24-2024_22-42-19.pth
Wed 24 Apr 2024 22:42:24 INFO  epoch 5 training [time: 0.26s, train loss: 27.5323]
Wed 24 Apr 2024 22:42:25 INFO  epoch 5 evaluating [time: 0.39s, valid_score: 0.249800]
Wed 24 Apr 2024 22:42:25 INFO  valid result: 
recall@20 : 0.1734    mrr@20 : 0.2498    ndcg@20 : 0.1401    hit@20 : 0.6797    precision@20 : 0.0739
Wed 24 Apr 2024 22:42:25 INFO  Saving current: saved/LightGCN-Apr-24-2024_22-42-19.pth
Wed 24 Apr 2024 22:42:25 INFO  epoch 6 training [time: 0.32s, train loss: 27.3760]
Wed 24 Apr 2024 22:42:25 INFO  epoch 6 evaluating [time: 0.39s, valid_score: 0.253400]
Wed 24 Apr 2024 22:42:25 INFO  valid result: 
recall@20 : 0.1809    mrr@20 : 0.2534    ndcg@20 : 0.1441    hit@20 : 0.6978    precision@20 : 0.076
Wed 24 Apr 2024 22:42:25 INFO  Saving current: saved/LightGCN-Apr-24-2024_22-42-19.pth
Wed 24 Apr 2024 22:42:26 INFO  epoch 7 training [time: 0.27s, train loss: 27.1540]
Wed 24 Apr 2024 22:42:26 INFO  epoch 7 evaluating [time: 0.40s, valid_score: 0.250900]
Wed 24 Apr 2024 22:42:26 INFO  valid result: 
recall@20 : 0.1803    mrr@20 : 0.2509    ndcg@20 : 0.1425    hit@20 : 0.6914    precision@20 : 0.0752
Wed 24 Apr 2024 22:42:26 INFO  epoch 8 training [time: 0.23s, train loss: 26.8579]
Wed 24 Apr 2024 22:42:27 INFO  epoch 8 evaluating [time: 0.43s, valid_score: 0.246200]
Wed 24 Apr 2024 22:42:27 INFO  valid result: 
recall@20 : 0.1787    mrr@20 : 0.2462    ndcg@20 : 0.1401    hit@20 : 0.6861    precision@20 : 0.0742
Wed 24 Apr 2024 22:42:27 INFO  epoch 9 training [time: 0.42s, train loss: 26.4927]
Wed 24 Apr 2024 22:42:28 INFO  epoch 9 evaluating [time: 0.40s, valid_score: 0.245400]
Wed 24 Apr 2024 22:42:28 INFO  valid result: 
recall@20 : 0.1767    mrr@20 : 0.2454    ndcg@20 : 0.1387    hit@20 : 0.6829    precision@20 : 0.073
Wed 24 Apr 2024 22:42:28 INFO  epoch 10 training [time: 0.24s, train loss: 26.0684]
Wed 24 Apr 2024 22:42:28 INFO  epoch 10 evaluating [time: 0.41s, valid_score: 0.242700]
Wed 24 Apr 2024 22:42:28 INFO  valid result: 
recall@20 : 0.1764    mrr@20 : 0.2427    ndcg@20 : 0.1378    hit@20 : 0.6787    precision@20 : 0.0726
Wed 24 Apr 2024 22:42:28 INFO  epoch 11 training [time: 0.27s, train loss: 25.5951]
Wed 24 Apr 2024 22:42:29 INFO  epoch 11 evaluating [time: 0.40s, valid_score: 0.241700]
Wed 24 Apr 2024 22:42:29 INFO  valid result: 
recall@20 : 0.1794    mrr@20 : 0.2417    ndcg@20 : 0.1379    hit@20 : 0.6819    precision@20 : 0.0724
Wed 24 Apr 2024 22:42:29 INFO  epoch 12 training [time: 0.35s, train loss: 25.0829]
Wed 24 Apr 2024 22:42:30 INFO  epoch 12 evaluating [time: 0.40s, valid_score: 0.242200]
Wed 24 Apr 2024 22:42:30 INFO  valid result: 
recall@20 : 0.1786    mrr@20 : 0.2422    ndcg@20 : 0.1376    hit@20 : 0.6819    precision@20 : 0.072
Wed 24 Apr 2024 22:42:30 INFO  epoch 13 training [time: 0.31s, train loss: 24.5486]
Wed 24 Apr 2024 22:42:30 INFO  epoch 13 evaluating [time: 0.41s, valid_score: 0.240600]
Wed 24 Apr 2024 22:42:30 INFO  valid result: 
recall@20 : 0.1776    mrr@20 : 0.2406    ndcg@20 : 0.1372    hit@20 : 0.6808    precision@20 : 0.0715
Wed 24 Apr 2024 22:42:31 INFO  epoch 14 training [time: 0.30s, train loss: 23.9977]
Wed 24 Apr 2024 22:42:31 INFO  epoch 14 evaluating [time: 0.39s, valid_score: 0.238400]
Wed 24 Apr 2024 22:42:31 INFO  valid result: 
recall@20 : 0.1757    mrr@20 : 0.2384    ndcg@20 : 0.136    hit@20 : 0.6766    precision@20 : 0.0708
Wed 24 Apr 2024 22:42:31 INFO  epoch 15 training [time: 0.31s, train loss: 23.4120]
Wed 24 Apr 2024 22:42:32 INFO  epoch 15 evaluating [time: 0.40s, valid_score: 0.237600]
Wed 24 Apr 2024 22:42:32 INFO  valid result: 
recall@20 : 0.1732    mrr@20 : 0.2376    ndcg@20 : 0.1351    hit@20 : 0.6702    precision@20 : 0.0704
Wed 24 Apr 2024 22:42:32 INFO  epoch 16 training [time: 0.33s, train loss: 22.8603]
Wed 24 Apr 2024 22:42:32 INFO  epoch 16 evaluating [time: 0.41s, valid_score: 0.238500]
Wed 24 Apr 2024 22:42:32 INFO  valid result: 
recall@20 : 0.1736    mrr@20 : 0.2385    ndcg@20 : 0.1354    hit@20 : 0.6702    precision@20 : 0.0703
Wed 24 Apr 2024 22:42:33 INFO  epoch 17 training [time: 0.28s, train loss: 22.2928]
Wed 24 Apr 2024 22:42:33 INFO  epoch 17 evaluating [time: 0.43s, valid_score: 0.238100]
Wed 24 Apr 2024 22:42:33 INFO  valid result: 
recall@20 : 0.1739    mrr@20 : 0.2381    ndcg@20 : 0.1353    hit@20 : 0.6702    precision@20 : 0.0701
Wed 24 Apr 2024 22:42:33 INFO  epoch 18 training [time: 0.28s, train loss: 21.7567]
Wed 24 Apr 2024 22:42:34 INFO  epoch 18 evaluating [time: 0.45s, valid_score: 0.237400]
Wed 24 Apr 2024 22:42:34 INFO  valid result: 
recall@20 : 0.1738    mrr@20 : 0.2374    ndcg@20 : 0.1349    hit@20 : 0.6691    precision@20 : 0.07
Wed 24 Apr 2024 22:42:34 INFO  epoch 19 training [time: 0.44s, train loss: 21.2736]
Wed 24 Apr 2024 22:42:35 INFO  epoch 19 evaluating [time: 0.46s, valid_score: 0.235100]
Wed 24 Apr 2024 22:42:35 INFO  valid result: 
recall@20 : 0.1738    mrr@20 : 0.2351    ndcg@20 : 0.1345    hit@20 : 0.6681    precision@20 : 0.0698
