Thu 18 Apr 2024 18:14:33 INFO  ['run_recbole.py', '--model=LightGCN', '--dataset=ml-1m']
Thu 18 Apr 2024 18:14:33 INFO  
General Hyper Parameters:
gpu_id = 0
use_gpu = True
seed = 2020
state = INFO
reproducibility = True
data_path = dataset/ml-1m
checkpoint_dir = saved
show_progress = True
save_dataset = False
dataset_save_path = None
save_dataloaders = False
dataloaders_save_path = None
log_wandb = False

Training Hyper Parameters:
epochs = 500
train_batch_size = 1024
learner = adam
learning_rate = 0.001
train_neg_sample_args = {'distribution': 'uniform', 'sample_num': 1, 'alpha': 1.0, 'dynamic': False, 'candidate_num': 0}
eval_step = 1
stopping_step = 100
clip_grad_norm = None
weight_decay = 0.0
loss_decimal_place = 4

Evaluation Hyper Parameters:
eval_args = {'split': {'RS': [0.8, 0.1, 0.1]}, 'group_by': 'user', 'order': 'RO', 'mode': 'full'}
repeatable = False
metrics = ['Recall', 'MRR', 'NDCG', 'Hit', 'Precision']
topk = [20]
valid_metric = MRR@20
valid_metric_bigger = True
eval_batch_size = 4096
metric_decimal_place = 4

Dataset Hyper Parameters:
field_separator = 	
seq_separator =  
USER_ID_FIELD = user_id
ITEM_ID_FIELD = item_id
RATING_FIELD = rating
TIME_FIELD = timestamp
seq_len = None
LABEL_FIELD = label
threshold = None
NEG_PREFIX = neg_
load_col = {'inter': ['user_id', 'item_id']}
unload_col = None
unused_col = None
additional_feat_suffix = None
rm_dup_inter = None
val_interval = None
filter_inter_by_user_or_item = True
user_inter_num_interval = [0,inf)
item_inter_num_interval = [0,inf)
alias_of_user_id = None
alias_of_item_id = None
alias_of_entity_id = None
alias_of_relation_id = None
preload_weight = None
normalize_field = None
normalize_all = None
ITEM_LIST_LENGTH_FIELD = item_length
LIST_SUFFIX = _list
MAX_ITEM_LIST_LENGTH = 50
POSITION_FIELD = position_id
HEAD_ENTITY_ID_FIELD = head_id
TAIL_ENTITY_ID_FIELD = tail_id
RELATION_ID_FIELD = relation_id
ENTITY_ID_FIELD = entity_id
benchmark_filename = None

Other Hyper Parameters: 
worker = 0
wandb_project = recbole
shuffle = True
require_pow = False
enable_amp = False
enable_scaler = False
transform = None
embedding_size = 64
n_layers = 2
reg_weight = 1e-05
numerical_features = []
discretization = None
kg_reverse_r = False
entity_kg_num_interval = [0,inf)
relation_kg_num_interval = [0,inf)
MODEL_TYPE = ModelType.GENERAL
MODEL_INPUT_TYPE = InputType.PAIRWISE
eval_type = EvaluatorType.RANKING
single_spec = True
local_rank = 0
device = cuda
eval_neg_sample_args = {'distribution': 'uniform', 'sample_num': 'none'}


Thu 18 Apr 2024 18:14:35 INFO  ml-1m
The number of users: 6041
Average actions of users: 165.5975165562914
The number of items: 3707
Average actions of items: 269.88909875876953
The number of inters: 1000209
The sparsity of the dataset: 95.53358229599758%
Remain Fields: ['user_id', 'item_id']
Thu 18 Apr 2024 18:14:36 INFO  [Training]: train_batch_size = [1024] train_neg_sample_args: [{'distribution': 'uniform', 'sample_num': 1, 'alpha': 1.0, 'dynamic': False, 'candidate_num': 0}]
Thu 18 Apr 2024 18:14:36 INFO  [Evaluation]: eval_batch_size = [4096] eval_args: [{'split': {'RS': [0.8, 0.1, 0.1]}, 'group_by': 'user', 'order': 'RO', 'mode': 'full'}]
Thu 18 Apr 2024 18:14:47 INFO  LightGCN(
  (user_embedding): Embedding(6041, 64)
  (item_embedding): Embedding(3707, 64)
  (mf_loss): BPRLoss()
  (reg_loss): EmbLoss()
)
Trainable parameters: 623872
Thu 18 Apr 2024 18:14:48 INFO  FLOPs: 0.0
Thu 18 Apr 2024 18:14:58 INFO  epoch 0 training [time: 9.84s, train loss: 323.6914]
Thu 18 Apr 2024 18:15:04 INFO  epoch 0 evaluating [time: 5.69s, valid_score: 0.229200]
Thu 18 Apr 2024 18:15:04 INFO  valid result: 
recall@20 : 0.1133    mrr@20 : 0.2292    ndcg@20 : 0.1129    hit@20 : 0.6265    precision@20 : 0.0734
Thu 18 Apr 2024 18:15:04 INFO  Saving current: saved/LightGCN-Apr-18-2024_18-14-48.pth
Thu 18 Apr 2024 18:15:14 INFO  epoch 1 training [time: 9.63s, train loss: 276.3900]
Thu 18 Apr 2024 18:15:19 INFO  epoch 1 evaluating [time: 5.59s, valid_score: 0.229300]
Thu 18 Apr 2024 18:15:19 INFO  valid result: 
recall@20 : 0.113    mrr@20 : 0.2293    ndcg@20 : 0.1131    hit@20 : 0.6255    precision@20 : 0.0736
Thu 18 Apr 2024 18:15:19 INFO  Saving current: saved/LightGCN-Apr-18-2024_18-14-48.pth
Thu 18 Apr 2024 18:15:29 INFO  epoch 2 training [time: 9.79s, train loss: 271.8450]
Thu 18 Apr 2024 18:15:35 INFO  epoch 2 evaluating [time: 5.93s, valid_score: 0.233400]
Thu 18 Apr 2024 18:15:35 INFO  valid result: 
recall@20 : 0.114    mrr@20 : 0.2334    ndcg@20 : 0.1145    hit@20 : 0.6296    precision@20 : 0.0744
Thu 18 Apr 2024 18:15:35 INFO  Saving current: saved/LightGCN-Apr-18-2024_18-14-48.pth
Thu 18 Apr 2024 18:15:45 INFO  epoch 3 training [time: 9.79s, train loss: 263.8144]
Thu 18 Apr 2024 18:15:51 INFO  epoch 3 evaluating [time: 6.11s, valid_score: 0.241000]
Thu 18 Apr 2024 18:15:51 INFO  valid result: 
recall@20 : 0.1181    mrr@20 : 0.241    ndcg@20 : 0.119    hit@20 : 0.6407    precision@20 : 0.0773
Thu 18 Apr 2024 18:15:51 INFO  Saving current: saved/LightGCN-Apr-18-2024_18-14-48.pth
Thu 18 Apr 2024 18:16:01 INFO  epoch 4 training [time: 9.84s, train loss: 247.8063]
Thu 18 Apr 2024 18:16:07 INFO  epoch 4 evaluating [time: 5.84s, valid_score: 0.260400]
Thu 18 Apr 2024 18:16:07 INFO  valid result: 
recall@20 : 0.1292    mrr@20 : 0.2604    ndcg@20 : 0.1299    hit@20 : 0.6637    precision@20 : 0.0841
Thu 18 Apr 2024 18:16:07 INFO  Saving current: saved/LightGCN-Apr-18-2024_18-14-48.pth
Thu 18 Apr 2024 18:16:16 INFO  epoch 5 training [time: 9.71s, train loss: 231.7706]
Thu 18 Apr 2024 18:16:22 INFO  epoch 5 evaluating [time: 5.71s, valid_score: 0.283700]
Thu 18 Apr 2024 18:16:22 INFO  valid result: 
recall@20 : 0.1378    mrr@20 : 0.2837    ndcg@20 : 0.1403    hit@20 : 0.6836    precision@20 : 0.0889
Thu 18 Apr 2024 18:16:22 INFO  Saving current: saved/LightGCN-Apr-18-2024_18-14-48.pth
Thu 18 Apr 2024 18:16:32 INFO  epoch 6 training [time: 9.79s, train loss: 220.1003]
Thu 18 Apr 2024 18:16:38 INFO  epoch 6 evaluating [time: 5.76s, valid_score: 0.303300]
Thu 18 Apr 2024 18:16:38 INFO  valid result: 
recall@20 : 0.1488    mrr@20 : 0.3033    ndcg@20 : 0.1513    hit@20 : 0.7012    precision@20 : 0.0942
Thu 18 Apr 2024 18:16:38 INFO  Saving current: saved/LightGCN-Apr-18-2024_18-14-48.pth
Thu 18 Apr 2024 18:16:48 INFO  epoch 7 training [time: 9.82s, train loss: 211.2970]
Thu 18 Apr 2024 18:16:54 INFO  epoch 7 evaluating [time: 6.10s, valid_score: 0.312100]
Thu 18 Apr 2024 18:16:54 INFO  valid result: 
recall@20 : 0.1556    mrr@20 : 0.3121    ndcg@20 : 0.158    hit@20 : 0.7175    precision@20 : 0.098
Thu 18 Apr 2024 18:16:54 INFO  Saving current: saved/LightGCN-Apr-18-2024_18-14-48.pth
Thu 18 Apr 2024 18:17:04 INFO  epoch 8 training [time: 9.85s, train loss: 204.4359]
Thu 18 Apr 2024 18:17:10 INFO  epoch 8 evaluating [time: 5.97s, valid_score: 0.317500]
Thu 18 Apr 2024 18:17:10 INFO  valid result: 
recall@20 : 0.1597    mrr@20 : 0.3175    ndcg@20 : 0.1619    hit@20 : 0.7227    precision@20 : 0.1005
Thu 18 Apr 2024 18:17:10 INFO  Saving current: saved/LightGCN-Apr-18-2024_18-14-48.pth
Thu 18 Apr 2024 18:17:20 INFO  epoch 9 training [time: 10.02s, train loss: 199.1481]
Thu 18 Apr 2024 18:17:25 INFO  epoch 9 evaluating [time: 5.94s, valid_score: 0.318900]
Thu 18 Apr 2024 18:17:25 INFO  valid result: 
recall@20 : 0.1625    mrr@20 : 0.3189    ndcg@20 : 0.1645    hit@20 : 0.7295    precision@20 : 0.1029
Thu 18 Apr 2024 18:17:26 INFO  Saving current: saved/LightGCN-Apr-18-2024_18-14-48.pth
Thu 18 Apr 2024 18:17:35 INFO  epoch 10 training [time: 9.73s, train loss: 194.3361]
Thu 18 Apr 2024 18:17:41 INFO  epoch 10 evaluating [time: 5.97s, valid_score: 0.321900]
Thu 18 Apr 2024 18:17:41 INFO  valid result: 
recall@20 : 0.1666    mrr@20 : 0.3219    ndcg@20 : 0.1681    hit@20 : 0.7379    precision@20 : 0.1051
Thu 18 Apr 2024 18:17:41 INFO  Saving current: saved/LightGCN-Apr-18-2024_18-14-48.pth
Thu 18 Apr 2024 18:17:51 INFO  epoch 11 training [time: 9.74s, train loss: 190.0974]
Thu 18 Apr 2024 18:17:57 INFO  epoch 11 evaluating [time: 5.73s, valid_score: 0.330500]
Thu 18 Apr 2024 18:17:57 INFO  valid result: 
recall@20 : 0.1699    mrr@20 : 0.3305    ndcg@20 : 0.1721    hit@20 : 0.7454    precision@20 : 0.1069
Thu 18 Apr 2024 18:17:57 INFO  Saving current: saved/LightGCN-Apr-18-2024_18-14-48.pth
Thu 18 Apr 2024 18:18:06 INFO  epoch 12 training [time: 9.74s, train loss: 185.5731]
Thu 18 Apr 2024 18:18:12 INFO  epoch 12 evaluating [time: 5.92s, valid_score: 0.337200]
Thu 18 Apr 2024 18:18:12 INFO  valid result: 
recall@20 : 0.1738    mrr@20 : 0.3372    ndcg@20 : 0.1764    hit@20 : 0.7515    precision@20 : 0.1097
Thu 18 Apr 2024 18:18:12 INFO  Saving current: saved/LightGCN-Apr-18-2024_18-14-48.pth
Thu 18 Apr 2024 18:18:22 INFO  epoch 13 training [time: 9.86s, train loss: 181.9693]
Thu 18 Apr 2024 18:18:28 INFO  epoch 13 evaluating [time: 6.09s, valid_score: 0.342000]
Thu 18 Apr 2024 18:18:28 INFO  valid result: 
recall@20 : 0.178    mrr@20 : 0.342    ndcg@20 : 0.1797    hit@20 : 0.7588    precision@20 : 0.1114
Thu 18 Apr 2024 18:18:28 INFO  Saving current: saved/LightGCN-Apr-18-2024_18-14-48.pth
Thu 18 Apr 2024 18:18:38 INFO  epoch 14 training [time: 9.72s, train loss: 178.7640]
Thu 18 Apr 2024 18:18:44 INFO  epoch 14 evaluating [time: 5.84s, valid_score: 0.343400]
Thu 18 Apr 2024 18:18:44 INFO  valid result: 
recall@20 : 0.1812    mrr@20 : 0.3434    ndcg@20 : 0.182    hit@20 : 0.7641    precision@20 : 0.113
Thu 18 Apr 2024 18:18:44 INFO  Saving current: saved/LightGCN-Apr-18-2024_18-14-48.pth
Thu 18 Apr 2024 18:18:53 INFO  epoch 15 training [time: 9.34s, train loss: 175.4849]
Thu 18 Apr 2024 18:18:59 INFO  epoch 15 evaluating [time: 5.47s, valid_score: 0.344100]
Thu 18 Apr 2024 18:18:59 INFO  valid result: 
recall@20 : 0.1851    mrr@20 : 0.3441    ndcg@20 : 0.1848    hit@20 : 0.7689    precision@20 : 0.115
Thu 18 Apr 2024 18:18:59 INFO  Saving current: saved/LightGCN-Apr-18-2024_18-14-48.pth
Thu 18 Apr 2024 18:19:08 INFO  epoch 16 training [time: 9.37s, train loss: 172.6903]
Thu 18 Apr 2024 18:19:14 INFO  epoch 16 evaluating [time: 5.42s, valid_score: 0.349600]
Thu 18 Apr 2024 18:19:14 INFO  valid result: 
recall@20 : 0.1872    mrr@20 : 0.3496    ndcg@20 : 0.1874    hit@20 : 0.7715    precision@20 : 0.1159
Thu 18 Apr 2024 18:19:14 INFO  Saving current: saved/LightGCN-Apr-18-2024_18-14-48.pth
Thu 18 Apr 2024 18:19:23 INFO  epoch 17 training [time: 9.78s, train loss: 170.7279]
Thu 18 Apr 2024 18:19:29 INFO  epoch 17 evaluating [time: 5.97s, valid_score: 0.351300]
Thu 18 Apr 2024 18:19:29 INFO  valid result: 
recall@20 : 0.1898    mrr@20 : 0.3513    ndcg@20 : 0.1896    hit@20 : 0.7745    precision@20 : 0.1175
Thu 18 Apr 2024 18:19:29 INFO  Saving current: saved/LightGCN-Apr-18-2024_18-14-48.pth
Thu 18 Apr 2024 18:19:39 INFO  epoch 18 training [time: 9.70s, train loss: 169.0350]
Thu 18 Apr 2024 18:19:45 INFO  epoch 18 evaluating [time: 5.80s, valid_score: 0.352800]
Thu 18 Apr 2024 18:19:45 INFO  valid result: 
recall@20 : 0.193    mrr@20 : 0.3528    ndcg@20 : 0.1915    hit@20 : 0.7803    precision@20 : 0.1187
Thu 18 Apr 2024 18:19:45 INFO  Saving current: saved/LightGCN-Apr-18-2024_18-14-48.pth
Thu 18 Apr 2024 18:19:54 INFO  epoch 19 training [time: 9.27s, train loss: 167.1583]
Thu 18 Apr 2024 18:20:00 INFO  epoch 19 evaluating [time: 5.52s, valid_score: 0.356700]
Thu 18 Apr 2024 18:20:00 INFO  valid result: 
recall@20 : 0.1948    mrr@20 : 0.3567    ndcg@20 : 0.1937    hit@20 : 0.7798    precision@20 : 0.1198
Thu 18 Apr 2024 18:20:00 INFO  Saving current: saved/LightGCN-Apr-18-2024_18-14-48.pth
Thu 18 Apr 2024 18:20:09 INFO  epoch 20 training [time: 9.23s, train loss: 164.6605]
Thu 18 Apr 2024 18:20:14 INFO  epoch 20 evaluating [time: 5.44s, valid_score: 0.360100]
Thu 18 Apr 2024 18:20:14 INFO  valid result: 
recall@20 : 0.1981    mrr@20 : 0.3601    ndcg@20 : 0.1964    hit@20 : 0.7846    precision@20 : 0.1213
Thu 18 Apr 2024 18:20:14 INFO  Saving current: saved/LightGCN-Apr-18-2024_18-14-48.pth
Thu 18 Apr 2024 18:20:24 INFO  epoch 21 training [time: 9.44s, train loss: 162.5392]
Thu 18 Apr 2024 18:20:30 INFO  epoch 21 evaluating [time: 5.77s, valid_score: 0.363200]
Thu 18 Apr 2024 18:20:30 INFO  valid result: 
recall@20 : 0.2004    mrr@20 : 0.3632    ndcg@20 : 0.1982    hit@20 : 0.7904    precision@20 : 0.1223
Thu 18 Apr 2024 18:20:30 INFO  Saving current: saved/LightGCN-Apr-18-2024_18-14-48.pth
Thu 18 Apr 2024 18:20:39 INFO  epoch 22 training [time: 9.80s, train loss: 160.8646]
Thu 18 Apr 2024 18:20:45 INFO  epoch 22 evaluating [time: 5.94s, valid_score: 0.363100]
Thu 18 Apr 2024 18:20:45 INFO  valid result: 
recall@20 : 0.202    mrr@20 : 0.3631    ndcg@20 : 0.1992    hit@20 : 0.7922    precision@20 : 0.123
Thu 18 Apr 2024 18:20:55 INFO  epoch 23 training [time: 9.87s, train loss: 158.7325]
Thu 18 Apr 2024 18:21:01 INFO  epoch 23 evaluating [time: 5.64s, valid_score: 0.362900]
Thu 18 Apr 2024 18:21:01 INFO  valid result: 
recall@20 : 0.2047    mrr@20 : 0.3629    ndcg@20 : 0.2004    hit@20 : 0.7969    precision@20 : 0.1239
Thu 18 Apr 2024 18:21:11 INFO  epoch 24 training [time: 9.70s, train loss: 157.8678]
Thu 18 Apr 2024 18:21:16 INFO  epoch 24 evaluating [time: 5.79s, valid_score: 0.365600]
Thu 18 Apr 2024 18:21:16 INFO  valid result: 
recall@20 : 0.2066    mrr@20 : 0.3656    ndcg@20 : 0.2023    hit@20 : 0.7985    precision@20 : 0.1248
Thu 18 Apr 2024 18:21:16 INFO  Saving current: saved/LightGCN-Apr-18-2024_18-14-48.pth
Thu 18 Apr 2024 18:21:26 INFO  epoch 25 training [time: 9.68s, train loss: 155.3410]
Thu 18 Apr 2024 18:21:32 INFO  epoch 25 evaluating [time: 5.84s, valid_score: 0.365700]
Thu 18 Apr 2024 18:21:32 INFO  valid result: 
recall@20 : 0.2079    mrr@20 : 0.3657    ndcg@20 : 0.2034    hit@20 : 0.8005    precision@20 : 0.1255
Thu 18 Apr 2024 18:21:32 INFO  Saving current: saved/LightGCN-Apr-18-2024_18-14-48.pth
Thu 18 Apr 2024 18:21:42 INFO  epoch 26 training [time: 9.68s, train loss: 154.1443]
Thu 18 Apr 2024 18:21:47 INFO  epoch 26 evaluating [time: 5.67s, valid_score: 0.367000]
Thu 18 Apr 2024 18:21:47 INFO  valid result: 
recall@20 : 0.2097    mrr@20 : 0.367    ndcg@20 : 0.205    hit@20 : 0.8023    precision@20 : 0.1262
Thu 18 Apr 2024 18:21:47 INFO  Saving current: saved/LightGCN-Apr-18-2024_18-14-48.pth
Thu 18 Apr 2024 18:21:57 INFO  epoch 27 training [time: 9.71s, train loss: 152.7631]
Thu 18 Apr 2024 18:22:03 INFO  epoch 27 evaluating [time: 5.68s, valid_score: 0.367400]
Thu 18 Apr 2024 18:22:03 INFO  valid result: 
recall@20 : 0.2112    mrr@20 : 0.3674    ndcg@20 : 0.2057    hit@20 : 0.805    precision@20 : 0.1266
Thu 18 Apr 2024 18:22:03 INFO  Saving current: saved/LightGCN-Apr-18-2024_18-14-48.pth
Thu 18 Apr 2024 18:22:12 INFO  epoch 28 training [time: 9.67s, train loss: 151.6898]
Thu 18 Apr 2024 18:22:18 INFO  epoch 28 evaluating [time: 5.66s, valid_score: 0.366000]
Thu 18 Apr 2024 18:22:18 INFO  valid result: 
recall@20 : 0.2128    mrr@20 : 0.366    ndcg@20 : 0.2064    hit@20 : 0.8103    precision@20 : 0.127
Thu 18 Apr 2024 18:22:28 INFO  epoch 29 training [time: 9.70s, train loss: 150.6314]
Thu 18 Apr 2024 18:22:33 INFO  epoch 29 evaluating [time: 5.72s, valid_score: 0.367300]
Thu 18 Apr 2024 18:22:33 INFO  valid result: 
recall@20 : 0.2135    mrr@20 : 0.3673    ndcg@20 : 0.2073    hit@20 : 0.8093    precision@20 : 0.1274
Thu 18 Apr 2024 18:22:43 INFO  epoch 30 training [time: 9.71s, train loss: 149.1524]
Thu 18 Apr 2024 18:22:49 INFO  epoch 30 evaluating [time: 5.72s, valid_score: 0.368400]
Thu 18 Apr 2024 18:22:49 INFO  valid result: 
recall@20 : 0.2151    mrr@20 : 0.3684    ndcg@20 : 0.2088    hit@20 : 0.8119    precision@20 : 0.1285
Thu 18 Apr 2024 18:22:49 INFO  Saving current: saved/LightGCN-Apr-18-2024_18-14-48.pth
Thu 18 Apr 2024 18:22:59 INFO  epoch 31 training [time: 9.75s, train loss: 148.4204]
Thu 18 Apr 2024 18:23:04 INFO  epoch 31 evaluating [time: 5.71s, valid_score: 0.371800]
Thu 18 Apr 2024 18:23:04 INFO  valid result: 
recall@20 : 0.2166    mrr@20 : 0.3718    ndcg@20 : 0.2096    hit@20 : 0.8157    precision@20 : 0.1286
Thu 18 Apr 2024 18:23:04 INFO  Saving current: saved/LightGCN-Apr-18-2024_18-14-48.pth
Thu 18 Apr 2024 18:23:14 INFO  epoch 32 training [time: 9.73s, train loss: 147.1524]
Thu 18 Apr 2024 18:23:20 INFO  epoch 32 evaluating [time: 5.77s, valid_score: 0.371200]
Thu 18 Apr 2024 18:23:20 INFO  valid result: 
recall@20 : 0.2162    mrr@20 : 0.3712    ndcg@20 : 0.2101    hit@20 : 0.8132    precision@20 : 0.1291
Thu 18 Apr 2024 18:23:30 INFO  epoch 33 training [time: 9.70s, train loss: 146.1187]
Thu 18 Apr 2024 18:23:35 INFO  epoch 33 evaluating [time: 5.69s, valid_score: 0.373500]
Thu 18 Apr 2024 18:23:35 INFO  valid result: 
recall@20 : 0.2178    mrr@20 : 0.3735    ndcg@20 : 0.2112    hit@20 : 0.8166    precision@20 : 0.1292
Thu 18 Apr 2024 18:23:35 INFO  Saving current: saved/LightGCN-Apr-18-2024_18-14-48.pth
Thu 18 Apr 2024 18:23:45 INFO  epoch 34 training [time: 9.74s, train loss: 145.0080]
Thu 18 Apr 2024 18:23:51 INFO  epoch 34 evaluating [time: 5.74s, valid_score: 0.374100]
Thu 18 Apr 2024 18:23:51 INFO  valid result: 
recall@20 : 0.2191    mrr@20 : 0.3741    ndcg@20 : 0.2118    hit@20 : 0.8207    precision@20 : 0.1298
Thu 18 Apr 2024 18:23:51 INFO  Saving current: saved/LightGCN-Apr-18-2024_18-14-48.pth
Thu 18 Apr 2024 18:24:01 INFO  epoch 35 training [time: 9.73s, train loss: 143.6865]
Thu 18 Apr 2024 18:24:06 INFO  epoch 35 evaluating [time: 5.68s, valid_score: 0.376400]
Thu 18 Apr 2024 18:24:06 INFO  valid result: 
recall@20 : 0.2195    mrr@20 : 0.3764    ndcg@20 : 0.2123    hit@20 : 0.8197    precision@20 : 0.1299
Thu 18 Apr 2024 18:24:06 INFO  Saving current: saved/LightGCN-Apr-18-2024_18-14-48.pth
Thu 18 Apr 2024 18:24:16 INFO  epoch 36 training [time: 9.64s, train loss: 142.9121]
Thu 18 Apr 2024 18:24:22 INFO  epoch 36 evaluating [time: 5.67s, valid_score: 0.377000]
Thu 18 Apr 2024 18:24:22 INFO  valid result: 
recall@20 : 0.2207    mrr@20 : 0.377    ndcg@20 : 0.2132    hit@20 : 0.8197    precision@20 : 0.1305
Thu 18 Apr 2024 18:24:22 INFO  Saving current: saved/LightGCN-Apr-18-2024_18-14-48.pth
Thu 18 Apr 2024 18:24:31 INFO  epoch 37 training [time: 9.64s, train loss: 142.1678]
Thu 18 Apr 2024 18:24:37 INFO  epoch 37 evaluating [time: 5.78s, valid_score: 0.374300]
Thu 18 Apr 2024 18:24:37 INFO  valid result: 
recall@20 : 0.2205    mrr@20 : 0.3743    ndcg@20 : 0.2124    hit@20 : 0.823    precision@20 : 0.1304
Thu 18 Apr 2024 18:24:47 INFO  epoch 38 training [time: 9.64s, train loss: 140.8562]
Thu 18 Apr 2024 18:24:52 INFO  epoch 38 evaluating [time: 5.76s, valid_score: 0.374900]
Thu 18 Apr 2024 18:24:52 INFO  valid result: 
recall@20 : 0.2214    mrr@20 : 0.3749    ndcg@20 : 0.213    hit@20 : 0.8225    precision@20 : 0.1307
Thu 18 Apr 2024 18:25:02 INFO  epoch 39 training [time: 9.69s, train loss: 140.2894]
Thu 18 Apr 2024 18:25:08 INFO  epoch 39 evaluating [time: 5.82s, valid_score: 0.376900]
Thu 18 Apr 2024 18:25:08 INFO  valid result: 
recall@20 : 0.2229    mrr@20 : 0.3769    ndcg@20 : 0.2144    hit@20 : 0.8215    precision@20 : 0.1314
Thu 18 Apr 2024 18:25:18 INFO  epoch 40 training [time: 9.70s, train loss: 139.8321]
Thu 18 Apr 2024 18:25:23 INFO  epoch 40 evaluating [time: 5.82s, valid_score: 0.377800]
Thu 18 Apr 2024 18:25:23 INFO  valid result: 
recall@20 : 0.2227    mrr@20 : 0.3778    ndcg@20 : 0.2148    hit@20 : 0.8228    precision@20 : 0.1312
Thu 18 Apr 2024 18:25:23 INFO  Saving current: saved/LightGCN-Apr-18-2024_18-14-48.pth
Thu 18 Apr 2024 18:25:33 INFO  epoch 41 training [time: 9.70s, train loss: 138.7573]
Thu 18 Apr 2024 18:25:39 INFO  epoch 41 evaluating [time: 5.86s, valid_score: 0.376700]
Thu 18 Apr 2024 18:25:39 INFO  valid result: 
recall@20 : 0.2236    mrr@20 : 0.3767    ndcg@20 : 0.2148    hit@20 : 0.826    precision@20 : 0.1312
Thu 18 Apr 2024 18:25:49 INFO  epoch 42 training [time: 9.68s, train loss: 138.1636]
Thu 18 Apr 2024 18:25:54 INFO  epoch 42 evaluating [time: 5.66s, valid_score: 0.377100]
Thu 18 Apr 2024 18:25:54 INFO  valid result: 
recall@20 : 0.2249    mrr@20 : 0.3771    ndcg@20 : 0.2158    hit@20 : 0.828    precision@20 : 0.132
Thu 18 Apr 2024 18:26:04 INFO  epoch 43 training [time: 9.71s, train loss: 137.4604]
Thu 18 Apr 2024 18:26:10 INFO  epoch 43 evaluating [time: 5.71s, valid_score: 0.378300]
Thu 18 Apr 2024 18:26:10 INFO  valid result: 
recall@20 : 0.2253    mrr@20 : 0.3783    ndcg@20 : 0.2163    hit@20 : 0.8283    precision@20 : 0.1321
Thu 18 Apr 2024 18:26:10 INFO  Saving current: saved/LightGCN-Apr-18-2024_18-14-48.pth
Thu 18 Apr 2024 18:26:19 INFO  epoch 44 training [time: 9.65s, train loss: 136.0693]
Thu 18 Apr 2024 18:26:25 INFO  epoch 44 evaluating [time: 5.67s, valid_score: 0.379100]
Thu 18 Apr 2024 18:26:25 INFO  valid result: 
recall@20 : 0.2263    mrr@20 : 0.3791    ndcg@20 : 0.2168    hit@20 : 0.8293    precision@20 : 0.1325
Thu 18 Apr 2024 18:26:25 INFO  Saving current: saved/LightGCN-Apr-18-2024_18-14-48.pth
Thu 18 Apr 2024 18:26:35 INFO  epoch 45 training [time: 9.73s, train loss: 135.0373]
Thu 18 Apr 2024 18:26:41 INFO  epoch 45 evaluating [time: 5.69s, valid_score: 0.377200]
Thu 18 Apr 2024 18:26:41 INFO  valid result: 
recall@20 : 0.2264    mrr@20 : 0.3772    ndcg@20 : 0.2167    hit@20 : 0.8298    precision@20 : 0.1325
Thu 18 Apr 2024 18:26:50 INFO  epoch 46 training [time: 9.69s, train loss: 134.3025]
Thu 18 Apr 2024 18:26:56 INFO  epoch 46 evaluating [time: 5.70s, valid_score: 0.378900]
Thu 18 Apr 2024 18:26:56 INFO  valid result: 
recall@20 : 0.2273    mrr@20 : 0.3789    ndcg@20 : 0.2174    hit@20 : 0.8291    precision@20 : 0.1329
Thu 18 Apr 2024 18:27:06 INFO  epoch 47 training [time: 9.69s, train loss: 133.8197]
Thu 18 Apr 2024 18:27:11 INFO  epoch 47 evaluating [time: 5.69s, valid_score: 0.381400]
Thu 18 Apr 2024 18:27:11 INFO  valid result: 
recall@20 : 0.2278    mrr@20 : 0.3814    ndcg@20 : 0.2181    hit@20 : 0.8298    precision@20 : 0.133
Thu 18 Apr 2024 18:27:11 INFO  Saving current: saved/LightGCN-Apr-18-2024_18-14-48.pth
Thu 18 Apr 2024 18:27:21 INFO  epoch 48 training [time: 9.65s, train loss: 132.4255]
Thu 18 Apr 2024 18:27:27 INFO  epoch 48 evaluating [time: 5.72s, valid_score: 0.380300]
Thu 18 Apr 2024 18:27:27 INFO  valid result: 
recall@20 : 0.2283    mrr@20 : 0.3803    ndcg@20 : 0.2185    hit@20 : 0.8296    precision@20 : 0.1333
Thu 18 Apr 2024 18:27:36 INFO  epoch 49 training [time: 9.66s, train loss: 132.4349]
Thu 18 Apr 2024 18:27:42 INFO  epoch 49 evaluating [time: 5.73s, valid_score: 0.381100]
Thu 18 Apr 2024 18:27:42 INFO  valid result: 
recall@20 : 0.2292    mrr@20 : 0.3811    ndcg@20 : 0.2186    hit@20 : 0.8311    precision@20 : 0.1335
Thu 18 Apr 2024 18:27:52 INFO  epoch 50 training [time: 9.69s, train loss: 131.6079]
Thu 18 Apr 2024 18:27:58 INFO  epoch 50 evaluating [time: 5.73s, valid_score: 0.383300]
Thu 18 Apr 2024 18:27:58 INFO  valid result: 
recall@20 : 0.2298    mrr@20 : 0.3833    ndcg@20 : 0.2195    hit@20 : 0.8311    precision@20 : 0.1337
Thu 18 Apr 2024 18:27:58 INFO  Saving current: saved/LightGCN-Apr-18-2024_18-14-48.pth
Thu 18 Apr 2024 18:28:07 INFO  epoch 51 training [time: 9.70s, train loss: 130.6456]
Thu 18 Apr 2024 18:28:13 INFO  epoch 51 evaluating [time: 5.68s, valid_score: 0.382100]
Thu 18 Apr 2024 18:28:13 INFO  valid result: 
recall@20 : 0.2295    mrr@20 : 0.3821    ndcg@20 : 0.2196    hit@20 : 0.832    precision@20 : 0.1339
Thu 18 Apr 2024 18:28:23 INFO  epoch 52 training [time: 9.70s, train loss: 129.8358]
Thu 18 Apr 2024 18:28:28 INFO  epoch 52 evaluating [time: 5.74s, valid_score: 0.381700]
Thu 18 Apr 2024 18:28:28 INFO  valid result: 
recall@20 : 0.2307    mrr@20 : 0.3817    ndcg@20 : 0.2201    hit@20 : 0.8318    precision@20 : 0.1341
Thu 18 Apr 2024 18:28:38 INFO  epoch 53 training [time: 9.70s, train loss: 128.5294]
Thu 18 Apr 2024 18:28:44 INFO  epoch 53 evaluating [time: 5.70s, valid_score: 0.384100]
Thu 18 Apr 2024 18:28:44 INFO  valid result: 
recall@20 : 0.2308    mrr@20 : 0.3841    ndcg@20 : 0.2209    hit@20 : 0.8318    precision@20 : 0.1343
Thu 18 Apr 2024 18:28:44 INFO  Saving current: saved/LightGCN-Apr-18-2024_18-14-48.pth
Thu 18 Apr 2024 18:28:54 INFO  epoch 54 training [time: 9.70s, train loss: 127.6537]
Thu 18 Apr 2024 18:28:59 INFO  epoch 54 evaluating [time: 5.70s, valid_score: 0.383800]
Thu 18 Apr 2024 18:28:59 INFO  valid result: 
recall@20 : 0.2318    mrr@20 : 0.3838    ndcg@20 : 0.2216    hit@20 : 0.8334    precision@20 : 0.1348
Thu 18 Apr 2024 18:29:09 INFO  epoch 55 training [time: 9.70s, train loss: 127.1277]
Thu 18 Apr 2024 18:29:15 INFO  epoch 55 evaluating [time: 5.98s, valid_score: 0.385200]
Thu 18 Apr 2024 18:29:15 INFO  valid result: 
recall@20 : 0.2321    mrr@20 : 0.3852    ndcg@20 : 0.2219    hit@20 : 0.8349    precision@20 : 0.1345
Thu 18 Apr 2024 18:29:15 INFO  Saving current: saved/LightGCN-Apr-18-2024_18-14-48.pth
Thu 18 Apr 2024 18:29:25 INFO  epoch 56 training [time: 9.68s, train loss: 126.0470]
Thu 18 Apr 2024 18:29:30 INFO  epoch 56 evaluating [time: 5.77s, valid_score: 0.385400]
Thu 18 Apr 2024 18:29:30 INFO  valid result: 
recall@20 : 0.2331    mrr@20 : 0.3854    ndcg@20 : 0.2222    hit@20 : 0.8361    precision@20 : 0.135
Thu 18 Apr 2024 18:29:30 INFO  Saving current: saved/LightGCN-Apr-18-2024_18-14-48.pth
Thu 18 Apr 2024 18:29:40 INFO  epoch 57 training [time: 9.66s, train loss: 125.3153]
Thu 18 Apr 2024 18:29:46 INFO  epoch 57 evaluating [time: 5.67s, valid_score: 0.385900]
Thu 18 Apr 2024 18:29:46 INFO  valid result: 
recall@20 : 0.2327    mrr@20 : 0.3859    ndcg@20 : 0.2224    hit@20 : 0.8361    precision@20 : 0.1349
Thu 18 Apr 2024 18:29:46 INFO  Saving current: saved/LightGCN-Apr-18-2024_18-14-48.pth
Thu 18 Apr 2024 18:29:55 INFO  epoch 58 training [time: 9.66s, train loss: 124.7131]
Thu 18 Apr 2024 18:30:01 INFO  epoch 58 evaluating [time: 5.64s, valid_score: 0.387400]
Thu 18 Apr 2024 18:30:01 INFO  valid result: 
recall@20 : 0.2332    mrr@20 : 0.3874    ndcg@20 : 0.2229    hit@20 : 0.8364    precision@20 : 0.1352
Thu 18 Apr 2024 18:30:01 INFO  Saving current: saved/LightGCN-Apr-18-2024_18-14-48.pth
Thu 18 Apr 2024 18:30:11 INFO  epoch 59 training [time: 9.70s, train loss: 123.8763]
Thu 18 Apr 2024 18:30:16 INFO  epoch 59 evaluating [time: 5.69s, valid_score: 0.388000]
Thu 18 Apr 2024 18:30:16 INFO  valid result: 
recall@20 : 0.2347    mrr@20 : 0.388    ndcg@20 : 0.2239    hit@20 : 0.8377    precision@20 : 0.136
Thu 18 Apr 2024 18:30:16 INFO  Saving current: saved/LightGCN-Apr-18-2024_18-14-48.pth
Thu 18 Apr 2024 18:30:26 INFO  epoch 60 training [time: 9.67s, train loss: 123.1293]
Thu 18 Apr 2024 18:30:32 INFO  epoch 60 evaluating [time: 5.98s, valid_score: 0.387300]
Thu 18 Apr 2024 18:30:32 INFO  valid result: 
recall@20 : 0.2344    mrr@20 : 0.3873    ndcg@20 : 0.2244    hit@20 : 0.8379    precision@20 : 0.1362
Thu 18 Apr 2024 18:30:42 INFO  epoch 61 training [time: 9.67s, train loss: 121.9235]
Thu 18 Apr 2024 18:30:48 INFO  epoch 61 evaluating [time: 5.82s, valid_score: 0.387000]
Thu 18 Apr 2024 18:30:48 INFO  valid result: 
recall@20 : 0.2349    mrr@20 : 0.387    ndcg@20 : 0.2241    hit@20 : 0.8391    precision@20 : 0.1364
Thu 18 Apr 2024 18:30:57 INFO  epoch 62 training [time: 9.65s, train loss: 121.3064]
Thu 18 Apr 2024 18:31:03 INFO  epoch 62 evaluating [time: 5.73s, valid_score: 0.388300]
Thu 18 Apr 2024 18:31:03 INFO  valid result: 
recall@20 : 0.2357    mrr@20 : 0.3883    ndcg@20 : 0.2253    hit@20 : 0.8387    precision@20 : 0.1366
Thu 18 Apr 2024 18:31:03 INFO  Saving current: saved/LightGCN-Apr-18-2024_18-14-48.pth
Thu 18 Apr 2024 18:31:13 INFO  epoch 63 training [time: 9.62s, train loss: 120.9841]
Thu 18 Apr 2024 18:31:18 INFO  epoch 63 evaluating [time: 5.72s, valid_score: 0.389400]
Thu 18 Apr 2024 18:31:18 INFO  valid result: 
recall@20 : 0.2355    mrr@20 : 0.3894    ndcg@20 : 0.2256    hit@20 : 0.8392    precision@20 : 0.1362
Thu 18 Apr 2024 18:31:18 INFO  Saving current: saved/LightGCN-Apr-18-2024_18-14-48.pth
Thu 18 Apr 2024 18:31:28 INFO  epoch 64 training [time: 9.69s, train loss: 120.2177]
Thu 18 Apr 2024 18:31:34 INFO  epoch 64 evaluating [time: 5.62s, valid_score: 0.389700]
Thu 18 Apr 2024 18:31:34 INFO  valid result: 
recall@20 : 0.2367    mrr@20 : 0.3897    ndcg@20 : 0.2258    hit@20 : 0.8396    precision@20 : 0.1362
Thu 18 Apr 2024 18:31:34 INFO  Saving current: saved/LightGCN-Apr-18-2024_18-14-48.pth
Thu 18 Apr 2024 18:31:43 INFO  epoch 65 training [time: 9.64s, train loss: 119.2505]
Thu 18 Apr 2024 18:31:49 INFO  epoch 65 evaluating [time: 5.88s, valid_score: 0.390500]
Thu 18 Apr 2024 18:31:49 INFO  valid result: 
recall@20 : 0.2372    mrr@20 : 0.3905    ndcg@20 : 0.2263    hit@20 : 0.8387    precision@20 : 0.1364
Thu 18 Apr 2024 18:31:49 INFO  Saving current: saved/LightGCN-Apr-18-2024_18-14-48.pth
Thu 18 Apr 2024 18:31:59 INFO  epoch 66 training [time: 9.70s, train loss: 118.4096]
Thu 18 Apr 2024 18:32:05 INFO  epoch 66 evaluating [time: 5.73s, valid_score: 0.391800]
Thu 18 Apr 2024 18:32:05 INFO  valid result: 
recall@20 : 0.2386    mrr@20 : 0.3918    ndcg@20 : 0.2272    hit@20 : 0.8434    precision@20 : 0.137
Thu 18 Apr 2024 18:32:05 INFO  Saving current: saved/LightGCN-Apr-18-2024_18-14-48.pth
Thu 18 Apr 2024 18:32:14 INFO  epoch 67 training [time: 9.70s, train loss: 117.6431]
Thu 18 Apr 2024 18:32:20 INFO  epoch 67 evaluating [time: 5.73s, valid_score: 0.393000]
Thu 18 Apr 2024 18:32:20 INFO  valid result: 
recall@20 : 0.2382    mrr@20 : 0.393    ndcg@20 : 0.2274    hit@20 : 0.8411    precision@20 : 0.1372
Thu 18 Apr 2024 18:32:20 INFO  Saving current: saved/LightGCN-Apr-18-2024_18-14-48.pth
Thu 18 Apr 2024 18:32:30 INFO  epoch 68 training [time: 9.72s, train loss: 117.0030]
Thu 18 Apr 2024 18:32:36 INFO  epoch 68 evaluating [time: 5.73s, valid_score: 0.393300]
Thu 18 Apr 2024 18:32:36 INFO  valid result: 
recall@20 : 0.2392    mrr@20 : 0.3933    ndcg@20 : 0.2278    hit@20 : 0.8419    precision@20 : 0.1374
Thu 18 Apr 2024 18:32:36 INFO  Saving current: saved/LightGCN-Apr-18-2024_18-14-48.pth
Thu 18 Apr 2024 18:32:45 INFO  epoch 69 training [time: 9.63s, train loss: 116.1047]
Thu 18 Apr 2024 18:32:51 INFO  epoch 69 evaluating [time: 5.77s, valid_score: 0.394100]
Thu 18 Apr 2024 18:32:51 INFO  valid result: 
recall@20 : 0.24    mrr@20 : 0.3941    ndcg@20 : 0.2283    hit@20 : 0.843    precision@20 : 0.1373
Thu 18 Apr 2024 18:32:51 INFO  Saving current: saved/LightGCN-Apr-18-2024_18-14-48.pth
Thu 18 Apr 2024 18:33:01 INFO  epoch 70 training [time: 9.83s, train loss: 115.6804]
Thu 18 Apr 2024 18:33:07 INFO  epoch 70 evaluating [time: 5.83s, valid_score: 0.393600]
Thu 18 Apr 2024 18:33:07 INFO  valid result: 
recall@20 : 0.2394    mrr@20 : 0.3936    ndcg@20 : 0.2282    hit@20 : 0.844    precision@20 : 0.1373
Thu 18 Apr 2024 18:33:16 INFO  epoch 71 training [time: 9.69s, train loss: 114.1548]
Thu 18 Apr 2024 18:33:22 INFO  epoch 71 evaluating [time: 5.78s, valid_score: 0.394400]
Thu 18 Apr 2024 18:33:22 INFO  valid result: 
recall@20 : 0.2391    mrr@20 : 0.3944    ndcg@20 : 0.2281    hit@20 : 0.8452    precision@20 : 0.1372
Thu 18 Apr 2024 18:33:22 INFO  Saving current: saved/LightGCN-Apr-18-2024_18-14-48.pth
Thu 18 Apr 2024 18:33:32 INFO  epoch 72 training [time: 9.72s, train loss: 114.0614]
Thu 18 Apr 2024 18:33:38 INFO  epoch 72 evaluating [time: 5.65s, valid_score: 0.392800]
Thu 18 Apr 2024 18:33:38 INFO  valid result: 
recall@20 : 0.2397    mrr@20 : 0.3928    ndcg@20 : 0.228    hit@20 : 0.8452    precision@20 : 0.1373
Thu 18 Apr 2024 18:33:47 INFO  epoch 73 training [time: 9.71s, train loss: 113.3331]
Thu 18 Apr 2024 18:33:53 INFO  epoch 73 evaluating [time: 5.84s, valid_score: 0.392400]
Thu 18 Apr 2024 18:33:53 INFO  valid result: 
recall@20 : 0.2405    mrr@20 : 0.3924    ndcg@20 : 0.228    hit@20 : 0.8452    precision@20 : 0.1377
Thu 18 Apr 2024 18:34:03 INFO  epoch 74 training [time: 9.69s, train loss: 111.8507]
Thu 18 Apr 2024 18:34:08 INFO  epoch 74 evaluating [time: 5.65s, valid_score: 0.395300]
Thu 18 Apr 2024 18:34:08 INFO  valid result: 
recall@20 : 0.2415    mrr@20 : 0.3953    ndcg@20 : 0.2293    hit@20 : 0.8447    precision@20 : 0.1377
Thu 18 Apr 2024 18:34:08 INFO  Saving current: saved/LightGCN-Apr-18-2024_18-14-48.pth
Thu 18 Apr 2024 18:34:18 INFO  epoch 75 training [time: 9.67s, train loss: 111.3770]
Thu 18 Apr 2024 18:34:24 INFO  epoch 75 evaluating [time: 5.68s, valid_score: 0.392600]
Thu 18 Apr 2024 18:34:24 INFO  valid result: 
recall@20 : 0.2416    mrr@20 : 0.3926    ndcg@20 : 0.2292    hit@20 : 0.8477    precision@20 : 0.1381
Thu 18 Apr 2024 18:34:33 INFO  epoch 76 training [time: 9.64s, train loss: 110.9273]
Thu 18 Apr 2024 18:34:39 INFO  epoch 76 evaluating [time: 5.68s, valid_score: 0.391300]
Thu 18 Apr 2024 18:34:39 INFO  valid result: 
recall@20 : 0.243    mrr@20 : 0.3913    ndcg@20 : 0.2291    hit@20 : 0.848    precision@20 : 0.1382
Thu 18 Apr 2024 18:34:49 INFO  epoch 77 training [time: 9.73s, train loss: 110.4120]
Thu 18 Apr 2024 18:34:55 INFO  epoch 77 evaluating [time: 5.73s, valid_score: 0.392500]
Thu 18 Apr 2024 18:34:55 INFO  valid result: 
recall@20 : 0.2431    mrr@20 : 0.3925    ndcg@20 : 0.2297    hit@20 : 0.8487    precision@20 : 0.1382
Thu 18 Apr 2024 18:35:04 INFO  epoch 78 training [time: 9.67s, train loss: 109.5838]
Thu 18 Apr 2024 18:35:10 INFO  epoch 78 evaluating [time: 5.69s, valid_score: 0.394700]
Thu 18 Apr 2024 18:35:10 INFO  valid result: 
recall@20 : 0.2442    mrr@20 : 0.3947    ndcg@20 : 0.2305    hit@20 : 0.8502    precision@20 : 0.1381
Thu 18 Apr 2024 18:35:20 INFO  epoch 79 training [time: 9.70s, train loss: 108.5070]
Thu 18 Apr 2024 18:35:26 INFO  epoch 79 evaluating [time: 5.94s, valid_score: 0.393200]
Thu 18 Apr 2024 18:35:26 INFO  valid result: 
recall@20 : 0.2437    mrr@20 : 0.3932    ndcg@20 : 0.2302    hit@20 : 0.8492    precision@20 : 0.1381
Thu 18 Apr 2024 18:35:35 INFO  epoch 80 training [time: 9.75s, train loss: 108.2428]
Thu 18 Apr 2024 18:35:41 INFO  epoch 80 evaluating [time: 5.69s, valid_score: 0.394100]
Thu 18 Apr 2024 18:35:41 INFO  valid result: 
recall@20 : 0.2439    mrr@20 : 0.3941    ndcg@20 : 0.2303    hit@20 : 0.8492    precision@20 : 0.1382
Thu 18 Apr 2024 18:35:51 INFO  epoch 81 training [time: 9.71s, train loss: 107.4063]
Thu 18 Apr 2024 18:35:57 INFO  epoch 81 evaluating [time: 5.74s, valid_score: 0.393900]
Thu 18 Apr 2024 18:35:57 INFO  valid result: 
recall@20 : 0.244    mrr@20 : 0.3939    ndcg@20 : 0.2301    hit@20 : 0.8492    precision@20 : 0.1382
Thu 18 Apr 2024 18:36:06 INFO  epoch 82 training [time: 9.72s, train loss: 106.8316]
Thu 18 Apr 2024 18:36:12 INFO  epoch 82 evaluating [time: 5.94s, valid_score: 0.392300]
Thu 18 Apr 2024 18:36:12 INFO  valid result: 
recall@20 : 0.244    mrr@20 : 0.3923    ndcg@20 : 0.2301    hit@20 : 0.849    precision@20 : 0.1381
Thu 18 Apr 2024 18:36:22 INFO  epoch 83 training [time: 9.69s, train loss: 105.6919]
Thu 18 Apr 2024 18:36:28 INFO  epoch 83 evaluating [time: 5.81s, valid_score: 0.393700]
Thu 18 Apr 2024 18:36:28 INFO  valid result: 
recall@20 : 0.2434    mrr@20 : 0.3937    ndcg@20 : 0.2299    hit@20 : 0.849    precision@20 : 0.1379
Thu 18 Apr 2024 18:36:37 INFO  epoch 84 training [time: 9.70s, train loss: 105.6351]
Thu 18 Apr 2024 18:36:43 INFO  epoch 84 evaluating [time: 5.99s, valid_score: 0.395200]
Thu 18 Apr 2024 18:36:43 INFO  valid result: 
recall@20 : 0.244    mrr@20 : 0.3952    ndcg@20 : 0.2306    hit@20 : 0.8502    precision@20 : 0.1384
Thu 18 Apr 2024 18:36:53 INFO  epoch 85 training [time: 9.71s, train loss: 104.7757]
Thu 18 Apr 2024 18:36:59 INFO  epoch 85 evaluating [time: 5.73s, valid_score: 0.392700]
Thu 18 Apr 2024 18:36:59 INFO  valid result: 
recall@20 : 0.245    mrr@20 : 0.3927    ndcg@20 : 0.2305    hit@20 : 0.8505    precision@20 : 0.1385
Thu 18 Apr 2024 18:37:08 INFO  epoch 86 training [time: 9.67s, train loss: 103.7404]
Thu 18 Apr 2024 18:37:14 INFO  epoch 86 evaluating [time: 5.80s, valid_score: 0.393600]
Thu 18 Apr 2024 18:37:14 INFO  valid result: 
recall@20 : 0.2448    mrr@20 : 0.3936    ndcg@20 : 0.2306    hit@20 : 0.8485    precision@20 : 0.1385
Thu 18 Apr 2024 18:37:24 INFO  epoch 87 training [time: 9.66s, train loss: 102.9735]
Thu 18 Apr 2024 18:37:30 INFO  epoch 87 evaluating [time: 5.65s, valid_score: 0.397300]
Thu 18 Apr 2024 18:37:30 INFO  valid result: 
recall@20 : 0.2461    mrr@20 : 0.3973    ndcg@20 : 0.232    hit@20 : 0.851    precision@20 : 0.1389
Thu 18 Apr 2024 18:37:30 INFO  Saving current: saved/LightGCN-Apr-18-2024_18-14-48.pth
Thu 18 Apr 2024 18:37:39 INFO  epoch 88 training [time: 9.71s, train loss: 102.8795]
Thu 18 Apr 2024 18:37:45 INFO  epoch 88 evaluating [time: 5.72s, valid_score: 0.393300]
Thu 18 Apr 2024 18:37:45 INFO  valid result: 
recall@20 : 0.2451    mrr@20 : 0.3933    ndcg@20 : 0.2305    hit@20 : 0.8487    precision@20 : 0.1384
Thu 18 Apr 2024 18:37:55 INFO  epoch 89 training [time: 9.72s, train loss: 101.1171]
Thu 18 Apr 2024 18:38:01 INFO  epoch 89 evaluating [time: 5.77s, valid_score: 0.395600]
Thu 18 Apr 2024 18:38:01 INFO  valid result: 
recall@20 : 0.247    mrr@20 : 0.3956    ndcg@20 : 0.2318    hit@20 : 0.8541    precision@20 : 0.139
Thu 18 Apr 2024 18:38:10 INFO  epoch 90 training [time: 9.75s, train loss: 101.2878]
Thu 18 Apr 2024 18:38:16 INFO  epoch 90 evaluating [time: 5.81s, valid_score: 0.395800]
Thu 18 Apr 2024 18:38:16 INFO  valid result: 
recall@20 : 0.2463    mrr@20 : 0.3958    ndcg@20 : 0.2314    hit@20 : 0.8513    precision@20 : 0.1388
Thu 18 Apr 2024 18:38:26 INFO  epoch 91 training [time: 9.62s, train loss: 100.5949]
Thu 18 Apr 2024 18:38:31 INFO  epoch 91 evaluating [time: 5.64s, valid_score: 0.392200]
Thu 18 Apr 2024 18:38:31 INFO  valid result: 
recall@20 : 0.2461    mrr@20 : 0.3922    ndcg@20 : 0.2309    hit@20 : 0.8513    precision@20 : 0.1389
Thu 18 Apr 2024 18:38:41 INFO  epoch 92 training [time: 9.58s, train loss: 100.0131]
Thu 18 Apr 2024 18:38:47 INFO  epoch 92 evaluating [time: 5.70s, valid_score: 0.392000]
Thu 18 Apr 2024 18:38:47 INFO  valid result: 
recall@20 : 0.246    mrr@20 : 0.392    ndcg@20 : 0.2306    hit@20 : 0.8508    precision@20 : 0.1386
Thu 18 Apr 2024 18:38:57 INFO  epoch 93 training [time: 10.21s, train loss: 99.8073]
Thu 18 Apr 2024 18:39:03 INFO  epoch 93 evaluating [time: 6.38s, valid_score: 0.393100]
Thu 18 Apr 2024 18:39:03 INFO  valid result: 
recall@20 : 0.2462    mrr@20 : 0.3931    ndcg@20 : 0.2309    hit@20 : 0.8498    precision@20 : 0.1387
Thu 18 Apr 2024 18:39:13 INFO  epoch 94 training [time: 10.12s, train loss: 98.9508]
Thu 18 Apr 2024 18:39:20 INFO  epoch 94 evaluating [time: 6.21s, valid_score: 0.393200]
Thu 18 Apr 2024 18:39:20 INFO  valid result: 
recall@20 : 0.2448    mrr@20 : 0.3932    ndcg@20 : 0.2301    hit@20 : 0.849    precision@20 : 0.138
Thu 18 Apr 2024 18:39:30 INFO  epoch 95 training [time: 10.43s, train loss: 98.3084]
Thu 18 Apr 2024 18:39:36 INFO  epoch 95 evaluating [time: 6.37s, valid_score: 0.391500]
Thu 18 Apr 2024 18:39:36 INFO  valid result: 
recall@20 : 0.2456    mrr@20 : 0.3915    ndcg@20 : 0.2304    hit@20 : 0.8497    precision@20 : 0.1384
Thu 18 Apr 2024 18:39:47 INFO  epoch 96 training [time: 10.37s, train loss: 97.9419]
Thu 18 Apr 2024 18:39:53 INFO  epoch 96 evaluating [time: 6.49s, valid_score: 0.392500]
Thu 18 Apr 2024 18:39:53 INFO  valid result: 
recall@20 : 0.2451    mrr@20 : 0.3925    ndcg@20 : 0.2304    hit@20 : 0.8505    precision@20 : 0.1379
Thu 18 Apr 2024 18:40:04 INFO  epoch 97 training [time: 10.50s, train loss: 96.9168]
Thu 18 Apr 2024 18:40:10 INFO  epoch 97 evaluating [time: 6.28s, valid_score: 0.392900]
Thu 18 Apr 2024 18:40:10 INFO  valid result: 
recall@20 : 0.2452    mrr@20 : 0.3929    ndcg@20 : 0.2304    hit@20 : 0.8535    precision@20 : 0.138
Thu 18 Apr 2024 18:40:20 INFO  epoch 98 training [time: 10.41s, train loss: 95.9676]
Thu 18 Apr 2024 18:40:27 INFO  epoch 98 evaluating [time: 6.62s, valid_score: 0.391500]
Thu 18 Apr 2024 18:40:27 INFO  valid result: 
recall@20 : 0.2453    mrr@20 : 0.3915    ndcg@20 : 0.2302    hit@20 : 0.8536    precision@20 : 0.1382
Thu 18 Apr 2024 18:40:37 INFO  epoch 99 training [time: 10.42s, train loss: 96.3131]
Thu 18 Apr 2024 18:40:44 INFO  epoch 99 evaluating [time: 6.43s, valid_score: 0.393000]
Thu 18 Apr 2024 18:40:44 INFO  valid result: 
recall@20 : 0.2459    mrr@20 : 0.393    ndcg@20 : 0.2303    hit@20 : 0.853    precision@20 : 0.1379
Thu 18 Apr 2024 18:40:54 INFO  epoch 100 training [time: 10.37s, train loss: 95.0110]
Thu 18 Apr 2024 18:41:01 INFO  epoch 100 evaluating [time: 6.29s, valid_score: 0.391100]
Thu 18 Apr 2024 18:41:01 INFO  valid result: 
recall@20 : 0.2458    mrr@20 : 0.3911    ndcg@20 : 0.2304    hit@20 : 0.8523    precision@20 : 0.138
Thu 18 Apr 2024 18:41:11 INFO  epoch 101 training [time: 10.34s, train loss: 94.8801]
Thu 18 Apr 2024 18:41:17 INFO  epoch 101 evaluating [time: 6.25s, valid_score: 0.392800]
Thu 18 Apr 2024 18:41:17 INFO  valid result: 
recall@20 : 0.2464    mrr@20 : 0.3928    ndcg@20 : 0.2309    hit@20 : 0.8538    precision@20 : 0.1384
Thu 18 Apr 2024 18:41:28 INFO  epoch 102 training [time: 10.38s, train loss: 93.8493]
Thu 18 Apr 2024 18:41:34 INFO  epoch 102 evaluating [time: 6.30s, valid_score: 0.394500]
Thu 18 Apr 2024 18:41:34 INFO  valid result: 
recall@20 : 0.2469    mrr@20 : 0.3945    ndcg@20 : 0.2316    hit@20 : 0.8523    precision@20 : 0.1387
Thu 18 Apr 2024 18:41:44 INFO  epoch 103 training [time: 10.27s, train loss: 93.7494]
Thu 18 Apr 2024 18:41:50 INFO  epoch 103 evaluating [time: 6.22s, valid_score: 0.393900]
Thu 18 Apr 2024 18:41:50 INFO  valid result: 
recall@20 : 0.2461    mrr@20 : 0.3939    ndcg@20 : 0.2313    hit@20 : 0.853    precision@20 : 0.1384
Thu 18 Apr 2024 18:42:01 INFO  epoch 104 training [time: 10.40s, train loss: 92.9766]
Thu 18 Apr 2024 18:42:07 INFO  epoch 104 evaluating [time: 6.27s, valid_score: 0.392200]
Thu 18 Apr 2024 18:42:07 INFO  valid result: 
recall@20 : 0.2463    mrr@20 : 0.3922    ndcg@20 : 0.2309    hit@20 : 0.8535    precision@20 : 0.1384
Thu 18 Apr 2024 18:42:17 INFO  epoch 105 training [time: 10.28s, train loss: 92.4544]
Thu 18 Apr 2024 18:42:24 INFO  epoch 105 evaluating [time: 6.28s, valid_score: 0.392100]
Thu 18 Apr 2024 18:42:24 INFO  valid result: 
recall@20 : 0.2466    mrr@20 : 0.3921    ndcg@20 : 0.2309    hit@20 : 0.8545    precision@20 : 0.1383
Thu 18 Apr 2024 18:42:34 INFO  epoch 106 training [time: 10.36s, train loss: 92.2395]
Thu 18 Apr 2024 18:42:40 INFO  epoch 106 evaluating [time: 6.23s, valid_score: 0.390700]
Thu 18 Apr 2024 18:42:40 INFO  valid result: 
recall@20 : 0.2471    mrr@20 : 0.3907    ndcg@20 : 0.2305    hit@20 : 0.8568    precision@20 : 0.1384
Thu 18 Apr 2024 18:42:50 INFO  epoch 107 training [time: 10.31s, train loss: 92.2212]
Thu 18 Apr 2024 18:42:57 INFO  epoch 107 evaluating [time: 6.44s, valid_score: 0.391600]
Thu 18 Apr 2024 18:42:57 INFO  valid result: 
recall@20 : 0.2468    mrr@20 : 0.3916    ndcg@20 : 0.2306    hit@20 : 0.8543    precision@20 : 0.1381
Thu 18 Apr 2024 18:43:07 INFO  epoch 108 training [time: 10.38s, train loss: 91.1771]
Thu 18 Apr 2024 18:43:14 INFO  epoch 108 evaluating [time: 6.26s, valid_score: 0.391800]
Thu 18 Apr 2024 18:43:14 INFO  valid result: 
recall@20 : 0.2478    mrr@20 : 0.3918    ndcg@20 : 0.2313    hit@20 : 0.8545    precision@20 : 0.1384
Thu 18 Apr 2024 18:43:24 INFO  epoch 109 training [time: 10.41s, train loss: 91.0157]
Thu 18 Apr 2024 18:43:30 INFO  epoch 109 evaluating [time: 6.47s, valid_score: 0.391100]
Thu 18 Apr 2024 18:43:30 INFO  valid result: 
recall@20 : 0.2472    mrr@20 : 0.3911    ndcg@20 : 0.2303    hit@20 : 0.8543    precision@20 : 0.138
Thu 18 Apr 2024 18:43:41 INFO  epoch 110 training [time: 10.35s, train loss: 90.2883]
Thu 18 Apr 2024 18:43:47 INFO  epoch 110 evaluating [time: 6.33s, valid_score: 0.392200]
Thu 18 Apr 2024 18:43:47 INFO  valid result: 
recall@20 : 0.2485    mrr@20 : 0.3922    ndcg@20 : 0.2311    hit@20 : 0.8565    precision@20 : 0.1382
Thu 18 Apr 2024 18:43:58 INFO  epoch 111 training [time: 10.56s, train loss: 90.5620]
Thu 18 Apr 2024 18:44:04 INFO  epoch 111 evaluating [time: 6.38s, valid_score: 0.390400]
Thu 18 Apr 2024 18:44:04 INFO  valid result: 
recall@20 : 0.2482    mrr@20 : 0.3904    ndcg@20 : 0.2303    hit@20 : 0.8548    precision@20 : 0.1382
Thu 18 Apr 2024 18:44:14 INFO  epoch 112 training [time: 10.43s, train loss: 89.6881]
Thu 18 Apr 2024 18:44:21 INFO  epoch 112 evaluating [time: 6.51s, valid_score: 0.391000]
Thu 18 Apr 2024 18:44:21 INFO  valid result: 
recall@20 : 0.2474    mrr@20 : 0.391    ndcg@20 : 0.2304    hit@20 : 0.8541    precision@20 : 0.1382
Thu 18 Apr 2024 18:44:31 INFO  epoch 113 training [time: 10.41s, train loss: 89.0252]
Thu 18 Apr 2024 18:44:38 INFO  epoch 113 evaluating [time: 6.30s, valid_score: 0.391900]
Thu 18 Apr 2024 18:44:38 INFO  valid result: 
recall@20 : 0.2478    mrr@20 : 0.3919    ndcg@20 : 0.2309    hit@20 : 0.8558    precision@20 : 0.1383
Thu 18 Apr 2024 18:44:48 INFO  epoch 114 training [time: 10.37s, train loss: 88.5987]
Thu 18 Apr 2024 18:44:55 INFO  epoch 114 evaluating [time: 6.58s, valid_score: 0.390500]
Thu 18 Apr 2024 18:44:55 INFO  valid result: 
recall@20 : 0.2473    mrr@20 : 0.3905    ndcg@20 : 0.2306    hit@20 : 0.8526    precision@20 : 0.1383
Thu 18 Apr 2024 18:45:05 INFO  epoch 115 training [time: 10.27s, train loss: 88.6655]
Thu 18 Apr 2024 18:45:11 INFO  epoch 115 evaluating [time: 6.23s, valid_score: 0.390400]
Thu 18 Apr 2024 18:45:11 INFO  valid result: 
recall@20 : 0.2469    mrr@20 : 0.3904    ndcg@20 : 0.2301    hit@20 : 0.854    precision@20 : 0.1378
Thu 18 Apr 2024 18:45:22 INFO  epoch 116 training [time: 10.43s, train loss: 87.7218]
Thu 18 Apr 2024 18:45:28 INFO  epoch 116 evaluating [time: 6.34s, valid_score: 0.391500]
Thu 18 Apr 2024 18:45:28 INFO  valid result: 
recall@20 : 0.2481    mrr@20 : 0.3915    ndcg@20 : 0.231    hit@20 : 0.8543    precision@20 : 0.1382
Thu 18 Apr 2024 18:45:38 INFO  epoch 117 training [time: 10.36s, train loss: 87.3493]
Thu 18 Apr 2024 18:45:44 INFO  epoch 117 evaluating [time: 6.24s, valid_score: 0.390900]
Thu 18 Apr 2024 18:45:44 INFO  valid result: 
recall@20 : 0.2482    mrr@20 : 0.3909    ndcg@20 : 0.2309    hit@20 : 0.8551    precision@20 : 0.1382
Thu 18 Apr 2024 18:45:55 INFO  epoch 118 training [time: 10.45s, train loss: 86.4826]
Thu 18 Apr 2024 18:46:01 INFO  epoch 118 evaluating [time: 6.50s, valid_score: 0.391600]
Thu 18 Apr 2024 18:46:01 INFO  valid result: 
recall@20 : 0.2472    mrr@20 : 0.3916    ndcg@20 : 0.2304    hit@20 : 0.855    precision@20 : 0.1377
Thu 18 Apr 2024 18:46:12 INFO  epoch 119 training [time: 10.33s, train loss: 86.3016]
Thu 18 Apr 2024 18:46:18 INFO  epoch 119 evaluating [time: 6.20s, valid_score: 0.391400]
Thu 18 Apr 2024 18:46:18 INFO  valid result: 
recall@20 : 0.2472    mrr@20 : 0.3914    ndcg@20 : 0.2303    hit@20 : 0.854    precision@20 : 0.1376
Thu 18 Apr 2024 18:46:28 INFO  epoch 120 training [time: 10.39s, train loss: 85.9483]
Thu 18 Apr 2024 18:46:35 INFO  epoch 120 evaluating [time: 6.40s, valid_score: 0.391300]
Thu 18 Apr 2024 18:46:35 INFO  valid result: 
recall@20 : 0.2473    mrr@20 : 0.3913    ndcg@20 : 0.2301    hit@20 : 0.8548    precision@20 : 0.1375
Thu 18 Apr 2024 18:46:45 INFO  epoch 121 training [time: 10.32s, train loss: 85.5812]
Thu 18 Apr 2024 18:46:51 INFO  epoch 121 evaluating [time: 6.19s, valid_score: 0.391900]
Thu 18 Apr 2024 18:46:51 INFO  valid result: 
recall@20 : 0.2476    mrr@20 : 0.3919    ndcg@20 : 0.2303    hit@20 : 0.8528    precision@20 : 0.1374
Thu 18 Apr 2024 18:47:02 INFO  epoch 122 training [time: 10.39s, train loss: 85.6992]
Thu 18 Apr 2024 18:47:08 INFO  epoch 122 evaluating [time: 6.23s, valid_score: 0.391300]
Thu 18 Apr 2024 18:47:08 INFO  valid result: 
recall@20 : 0.2481    mrr@20 : 0.3913    ndcg@20 : 0.2303    hit@20 : 0.856    precision@20 : 0.1377
Thu 18 Apr 2024 18:47:18 INFO  epoch 123 training [time: 10.34s, train loss: 84.9446]
Thu 18 Apr 2024 18:47:24 INFO  epoch 123 evaluating [time: 6.24s, valid_score: 0.390800]
Thu 18 Apr 2024 18:47:24 INFO  valid result: 
recall@20 : 0.2477    mrr@20 : 0.3908    ndcg@20 : 0.2302    hit@20 : 0.8555    precision@20 : 0.1376
Thu 18 Apr 2024 18:47:35 INFO  epoch 124 training [time: 10.34s, train loss: 84.9650]
Thu 18 Apr 2024 18:47:41 INFO  epoch 124 evaluating [time: 6.30s, valid_score: 0.389400]
Thu 18 Apr 2024 18:47:41 INFO  valid result: 
recall@20 : 0.2467    mrr@20 : 0.3894    ndcg@20 : 0.2292    hit@20 : 0.8555    precision@20 : 0.1375
Thu 18 Apr 2024 18:47:52 INFO  epoch 125 training [time: 10.45s, train loss: 84.1440]
Thu 18 Apr 2024 18:47:58 INFO  epoch 125 evaluating [time: 6.57s, valid_score: 0.389800]
Thu 18 Apr 2024 18:47:58 INFO  valid result: 
recall@20 : 0.2455    mrr@20 : 0.3898    ndcg@20 : 0.2288    hit@20 : 0.8523    precision@20 : 0.1368
Thu 18 Apr 2024 18:48:09 INFO  epoch 126 training [time: 10.47s, train loss: 84.4276]
Thu 18 Apr 2024 18:48:15 INFO  epoch 126 evaluating [time: 6.39s, valid_score: 0.390700]
Thu 18 Apr 2024 18:48:15 INFO  valid result: 
recall@20 : 0.2462    mrr@20 : 0.3907    ndcg@20 : 0.2291    hit@20 : 0.8528    precision@20 : 0.1371
Thu 18 Apr 2024 18:48:25 INFO  epoch 127 training [time: 10.48s, train loss: 83.6300]
Thu 18 Apr 2024 18:48:32 INFO  epoch 127 evaluating [time: 6.38s, valid_score: 0.390700]
Thu 18 Apr 2024 18:48:32 INFO  valid result: 
recall@20 : 0.2464    mrr@20 : 0.3907    ndcg@20 : 0.2292    hit@20 : 0.8535    precision@20 : 0.1371
Thu 18 Apr 2024 18:48:42 INFO  epoch 128 training [time: 10.36s, train loss: 83.9143]
Thu 18 Apr 2024 18:48:48 INFO  epoch 128 evaluating [time: 6.24s, valid_score: 0.390600]
Thu 18 Apr 2024 18:48:48 INFO  valid result: 
recall@20 : 0.2476    mrr@20 : 0.3906    ndcg@20 : 0.2294    hit@20 : 0.8541    precision@20 : 0.1372
Thu 18 Apr 2024 18:48:59 INFO  epoch 129 training [time: 10.44s, train loss: 82.1816]
Thu 18 Apr 2024 18:49:05 INFO  epoch 129 evaluating [time: 6.30s, valid_score: 0.391900]
Thu 18 Apr 2024 18:49:05 INFO  valid result: 
recall@20 : 0.2477    mrr@20 : 0.3919    ndcg@20 : 0.23    hit@20 : 0.8533    precision@20 : 0.1374
Thu 18 Apr 2024 18:49:16 INFO  epoch 130 training [time: 10.33s, train loss: 83.1465]
Thu 18 Apr 2024 18:49:22 INFO  epoch 130 evaluating [time: 6.20s, valid_score: 0.389300]
Thu 18 Apr 2024 18:49:22 INFO  valid result: 
recall@20 : 0.247    mrr@20 : 0.3893    ndcg@20 : 0.2286    hit@20 : 0.8536    precision@20 : 0.1369
Thu 18 Apr 2024 18:49:32 INFO  epoch 131 training [time: 10.35s, train loss: 82.5625]
Thu 18 Apr 2024 18:49:38 INFO  epoch 131 evaluating [time: 6.31s, valid_score: 0.389900]
Thu 18 Apr 2024 18:49:38 INFO  valid result: 
recall@20 : 0.2461    mrr@20 : 0.3899    ndcg@20 : 0.2284    hit@20 : 0.8535    precision@20 : 0.1367
Thu 18 Apr 2024 18:49:49 INFO  epoch 132 training [time: 10.49s, train loss: 81.2405]
Thu 18 Apr 2024 18:49:55 INFO  epoch 132 evaluating [time: 6.46s, valid_score: 0.389000]
Thu 18 Apr 2024 18:49:55 INFO  valid result: 
recall@20 : 0.2454    mrr@20 : 0.389    ndcg@20 : 0.2281    hit@20 : 0.8523    precision@20 : 0.1363
Thu 18 Apr 2024 18:50:06 INFO  epoch 133 training [time: 10.45s, train loss: 81.1811]
Thu 18 Apr 2024 18:50:12 INFO  epoch 133 evaluating [time: 6.31s, valid_score: 0.388300]
Thu 18 Apr 2024 18:50:12 INFO  valid result: 
recall@20 : 0.2458    mrr@20 : 0.3883    ndcg@20 : 0.2281    hit@20 : 0.8515    precision@20 : 0.1364
Thu 18 Apr 2024 18:50:22 INFO  epoch 134 training [time: 10.42s, train loss: 81.4098]
Thu 18 Apr 2024 18:50:29 INFO  epoch 134 evaluating [time: 6.32s, valid_score: 0.386400]
Thu 18 Apr 2024 18:50:29 INFO  valid result: 
recall@20 : 0.2452    mrr@20 : 0.3864    ndcg@20 : 0.2273    hit@20 : 0.8497    precision@20 : 0.1361
Thu 18 Apr 2024 18:50:39 INFO  epoch 135 training [time: 10.47s, train loss: 81.1866]
Thu 18 Apr 2024 18:50:46 INFO  epoch 135 evaluating [time: 6.36s, valid_score: 0.387700]
Thu 18 Apr 2024 18:50:46 INFO  valid result: 
recall@20 : 0.246    mrr@20 : 0.3877    ndcg@20 : 0.2275    hit@20 : 0.8503    precision@20 : 0.1358
Thu 18 Apr 2024 18:50:56 INFO  epoch 136 training [time: 10.40s, train loss: 80.7384]
Thu 18 Apr 2024 18:51:02 INFO  epoch 136 evaluating [time: 6.13s, valid_score: 0.391400]
Thu 18 Apr 2024 18:51:02 INFO  valid result: 
recall@20 : 0.246    mrr@20 : 0.3914    ndcg@20 : 0.2285    hit@20 : 0.851    precision@20 : 0.1361
Thu 18 Apr 2024 18:51:12 INFO  epoch 137 training [time: 10.19s, train loss: 80.7501]
Thu 18 Apr 2024 18:51:18 INFO  epoch 137 evaluating [time: 6.14s, valid_score: 0.388700]
Thu 18 Apr 2024 18:51:18 INFO  valid result: 
recall@20 : 0.2449    mrr@20 : 0.3887    ndcg@20 : 0.2272    hit@20 : 0.8498    precision@20 : 0.1355
Thu 18 Apr 2024 18:51:29 INFO  epoch 138 training [time: 10.21s, train loss: 80.5023]
Thu 18 Apr 2024 18:51:35 INFO  epoch 138 evaluating [time: 6.28s, valid_score: 0.386700]
Thu 18 Apr 2024 18:51:35 INFO  valid result: 
recall@20 : 0.2456    mrr@20 : 0.3867    ndcg@20 : 0.227    hit@20 : 0.8507    precision@20 : 0.1358
Thu 18 Apr 2024 18:51:45 INFO  epoch 139 training [time: 10.36s, train loss: 79.3521]
Thu 18 Apr 2024 18:51:52 INFO  epoch 139 evaluating [time: 6.24s, valid_score: 0.387300]
Thu 18 Apr 2024 18:51:52 INFO  valid result: 
recall@20 : 0.2453    mrr@20 : 0.3873    ndcg@20 : 0.2271    hit@20 : 0.8497    precision@20 : 0.1357
Thu 18 Apr 2024 18:52:02 INFO  epoch 140 training [time: 10.40s, train loss: 79.3592]
Thu 18 Apr 2024 18:52:08 INFO  epoch 140 evaluating [time: 6.39s, valid_score: 0.387800]
Thu 18 Apr 2024 18:52:08 INFO  valid result: 
recall@20 : 0.2451    mrr@20 : 0.3878    ndcg@20 : 0.2265    hit@20 : 0.851    precision@20 : 0.1352
Thu 18 Apr 2024 18:52:19 INFO  epoch 141 training [time: 10.32s, train loss: 79.3287]
Thu 18 Apr 2024 18:52:25 INFO  epoch 141 evaluating [time: 6.50s, valid_score: 0.387000]
Thu 18 Apr 2024 18:52:25 INFO  valid result: 
recall@20 : 0.245    mrr@20 : 0.387    ndcg@20 : 0.2264    hit@20 : 0.8497    precision@20 : 0.1351
Thu 18 Apr 2024 18:52:36 INFO  epoch 142 training [time: 10.43s, train loss: 79.5404]
Thu 18 Apr 2024 18:52:42 INFO  epoch 142 evaluating [time: 6.22s, valid_score: 0.385800]
Thu 18 Apr 2024 18:52:42 INFO  valid result: 
recall@20 : 0.2452    mrr@20 : 0.3858    ndcg@20 : 0.2264    hit@20 : 0.8505    precision@20 : 0.1352
Thu 18 Apr 2024 18:52:52 INFO  epoch 143 training [time: 10.37s, train loss: 79.1241]
Thu 18 Apr 2024 18:52:58 INFO  epoch 143 evaluating [time: 6.26s, valid_score: 0.385400]
Thu 18 Apr 2024 18:52:58 INFO  valid result: 
recall@20 : 0.2443    mrr@20 : 0.3854    ndcg@20 : 0.2258    hit@20 : 0.8482    precision@20 : 0.135
Thu 18 Apr 2024 18:53:09 INFO  epoch 144 training [time: 10.33s, train loss: 78.7105]
Thu 18 Apr 2024 18:53:15 INFO  epoch 144 evaluating [time: 6.35s, valid_score: 0.383600]
Thu 18 Apr 2024 18:53:15 INFO  valid result: 
recall@20 : 0.2446    mrr@20 : 0.3836    ndcg@20 : 0.2257    hit@20 : 0.8492    precision@20 : 0.1352
Thu 18 Apr 2024 18:53:26 INFO  epoch 145 training [time: 10.41s, train loss: 78.2747]
Thu 18 Apr 2024 18:53:32 INFO  epoch 145 evaluating [time: 6.23s, valid_score: 0.385200]
Thu 18 Apr 2024 18:53:32 INFO  valid result: 
recall@20 : 0.2453    mrr@20 : 0.3852    ndcg@20 : 0.2263    hit@20 : 0.8495    precision@20 : 0.1353
Thu 18 Apr 2024 18:53:42 INFO  epoch 146 training [time: 10.32s, train loss: 78.3802]
Thu 18 Apr 2024 18:53:48 INFO  epoch 146 evaluating [time: 6.16s, valid_score: 0.384700]
Thu 18 Apr 2024 18:53:48 INFO  valid result: 
recall@20 : 0.2449    mrr@20 : 0.3847    ndcg@20 : 0.2261    hit@20 : 0.8502    precision@20 : 0.1354
Thu 18 Apr 2024 18:53:59 INFO  epoch 147 training [time: 10.48s, train loss: 77.9255]
Thu 18 Apr 2024 18:54:05 INFO  epoch 147 evaluating [time: 6.38s, valid_score: 0.385400]
Thu 18 Apr 2024 18:54:05 INFO  valid result: 
recall@20 : 0.2445    mrr@20 : 0.3854    ndcg@20 : 0.2258    hit@20 : 0.8515    precision@20 : 0.1351
Thu 18 Apr 2024 18:54:15 INFO  epoch 148 training [time: 10.27s, train loss: 77.5964]
Thu 18 Apr 2024 18:54:22 INFO  epoch 148 evaluating [time: 6.32s, valid_score: 0.386600]
Thu 18 Apr 2024 18:54:22 INFO  valid result: 
recall@20 : 0.2455    mrr@20 : 0.3866    ndcg@20 : 0.2266    hit@20 : 0.8512    precision@20 : 0.1353
Thu 18 Apr 2024 18:54:32 INFO  epoch 149 training [time: 10.39s, train loss: 77.9939]
Thu 18 Apr 2024 18:54:38 INFO  epoch 149 evaluating [time: 6.25s, valid_score: 0.385100]
Thu 18 Apr 2024 18:54:38 INFO  valid result: 
recall@20 : 0.2452    mrr@20 : 0.3851    ndcg@20 : 0.226    hit@20 : 0.85    precision@20 : 0.135
Thu 18 Apr 2024 18:54:49 INFO  epoch 150 training [time: 10.27s, train loss: 77.2544]
Thu 18 Apr 2024 18:54:55 INFO  epoch 150 evaluating [time: 6.44s, valid_score: 0.383500]
Thu 18 Apr 2024 18:54:55 INFO  valid result: 
recall@20 : 0.2441    mrr@20 : 0.3835    ndcg@20 : 0.2252    hit@20 : 0.8488    precision@20 : 0.1349
Thu 18 Apr 2024 18:55:05 INFO  epoch 151 training [time: 10.38s, train loss: 76.9213]
Thu 18 Apr 2024 18:55:12 INFO  epoch 151 evaluating [time: 6.30s, valid_score: 0.384900]
Thu 18 Apr 2024 18:55:12 INFO  valid result: 
recall@20 : 0.2446    mrr@20 : 0.3849    ndcg@20 : 0.2253    hit@20 : 0.8493    precision@20 : 0.1346
Thu 18 Apr 2024 18:55:22 INFO  epoch 152 training [time: 10.33s, train loss: 76.7518]
Thu 18 Apr 2024 18:55:28 INFO  epoch 152 evaluating [time: 6.33s, valid_score: 0.383800]
Thu 18 Apr 2024 18:55:28 INFO  valid result: 
recall@20 : 0.2443    mrr@20 : 0.3838    ndcg@20 : 0.2249    hit@20 : 0.8487    precision@20 : 0.1346
Thu 18 Apr 2024 18:55:39 INFO  epoch 153 training [time: 10.39s, train loss: 77.1184]
Thu 18 Apr 2024 18:55:45 INFO  epoch 153 evaluating [time: 6.27s, valid_score: 0.384700]
Thu 18 Apr 2024 18:55:45 INFO  valid result: 
recall@20 : 0.2438    mrr@20 : 0.3847    ndcg@20 : 0.2245    hit@20 : 0.849    precision@20 : 0.1342
Thu 18 Apr 2024 18:55:55 INFO  epoch 154 training [time: 10.38s, train loss: 76.4093]
Thu 18 Apr 2024 18:56:02 INFO  epoch 154 evaluating [time: 6.35s, valid_score: 0.384800]
Thu 18 Apr 2024 18:56:02 INFO  valid result: 
recall@20 : 0.2426    mrr@20 : 0.3848    ndcg@20 : 0.2243    hit@20 : 0.8474    precision@20 : 0.134
Thu 18 Apr 2024 18:56:12 INFO  epoch 155 training [time: 10.32s, train loss: 76.3718]
Thu 18 Apr 2024 18:56:19 INFO  epoch 155 evaluating [time: 6.44s, valid_score: 0.381200]
Thu 18 Apr 2024 18:56:19 INFO  valid result: 
recall@20 : 0.2429    mrr@20 : 0.3812    ndcg@20 : 0.2237    hit@20 : 0.8497    precision@20 : 0.1339
Thu 18 Apr 2024 18:56:29 INFO  epoch 156 training [time: 10.49s, train loss: 76.3053]
Thu 18 Apr 2024 18:56:35 INFO  epoch 156 evaluating [time: 6.29s, valid_score: 0.382000]
Thu 18 Apr 2024 18:56:35 INFO  valid result: 
recall@20 : 0.2438    mrr@20 : 0.382    ndcg@20 : 0.224    hit@20 : 0.8507    precision@20 : 0.1341
Thu 18 Apr 2024 18:56:46 INFO  epoch 157 training [time: 10.40s, train loss: 75.5686]
Thu 18 Apr 2024 18:56:52 INFO  epoch 157 evaluating [time: 6.17s, valid_score: 0.382300]
Thu 18 Apr 2024 18:56:52 INFO  valid result: 
recall@20 : 0.2436    mrr@20 : 0.3823    ndcg@20 : 0.2244    hit@20 : 0.8505    precision@20 : 0.1344
Thu 18 Apr 2024 18:57:02 INFO  epoch 158 training [time: 10.41s, train loss: 75.4233]
Thu 18 Apr 2024 18:57:08 INFO  epoch 158 evaluating [time: 6.07s, valid_score: 0.382700]
Thu 18 Apr 2024 18:57:08 INFO  valid result: 
recall@20 : 0.2437    mrr@20 : 0.3827    ndcg@20 : 0.2241    hit@20 : 0.8507    precision@20 : 0.1339
Thu 18 Apr 2024 18:57:19 INFO  epoch 159 training [time: 10.27s, train loss: 75.6843]
Thu 18 Apr 2024 18:57:25 INFO  epoch 159 evaluating [time: 6.40s, valid_score: 0.382900]
Thu 18 Apr 2024 18:57:25 INFO  valid result: 
recall@20 : 0.2431    mrr@20 : 0.3829    ndcg@20 : 0.2235    hit@20 : 0.8503    precision@20 : 0.1333
Thu 18 Apr 2024 18:57:35 INFO  epoch 160 training [time: 10.36s, train loss: 75.3119]
Thu 18 Apr 2024 18:57:42 INFO  epoch 160 evaluating [time: 6.20s, valid_score: 0.383300]
Thu 18 Apr 2024 18:57:42 INFO  valid result: 
recall@20 : 0.2423    mrr@20 : 0.3833    ndcg@20 : 0.2236    hit@20 : 0.8487    precision@20 : 0.1335
Thu 18 Apr 2024 18:57:52 INFO  epoch 161 training [time: 10.31s, train loss: 75.3234]
Thu 18 Apr 2024 18:57:58 INFO  epoch 161 evaluating [time: 6.28s, valid_score: 0.382800]
Thu 18 Apr 2024 18:57:58 INFO  valid result: 
recall@20 : 0.2424    mrr@20 : 0.3828    ndcg@20 : 0.2234    hit@20 : 0.8495    precision@20 : 0.1333
Thu 18 Apr 2024 18:58:09 INFO  epoch 162 training [time: 10.29s, train loss: 75.1656]
Thu 18 Apr 2024 18:58:15 INFO  epoch 162 evaluating [time: 6.08s, valid_score: 0.383100]
Thu 18 Apr 2024 18:58:15 INFO  valid result: 
recall@20 : 0.2418    mrr@20 : 0.3831    ndcg@20 : 0.2232    hit@20 : 0.847    precision@20 : 0.1333
Thu 18 Apr 2024 18:58:25 INFO  epoch 163 training [time: 10.40s, train loss: 74.8918]
