Wed 10 Jul 2024 20:11:13 INFO  ['run_recbole.py', '--model=LightGCN', '--dataset=ml-100k']
Wed 10 Jul 2024 20:11:13 INFO  
General Hyper Parameters:
gpu_id = 0
use_gpu = True
seed = 2020
state = INFO
reproducibility = True
data_path = /home/simeon/Git_Repositories/ANS-Recbole/recbole/config/../dataset_example/ml-100k
checkpoint_dir = saved
show_progress = True
save_dataset = False
dataset_save_path = None
save_dataloaders = False
dataloaders_save_path = None
log_wandb = False

Training Hyper Parameters:
epochs = 500
train_batch_size = 4096
learner = adam
learning_rate = 0.001
train_neg_sample_args = {'distribution': 'uniform', 'sample_num': 5, 'alpha': 1.0, 'dynamic': False, 'candidate_num': 0}
eval_step = 4
stopping_step = 10
clip_grad_norm = None
weight_decay = 0.0
loss_decimal_place = 4

Evaluation Hyper Parameters:
eval_args = {'split': {'RS': [0.8, 0.1, 0.1]}, 'group_by': 'user', 'order': 'RO', 'mode': 'full'}
repeatable = False
metrics = ['Recall', 'NDCG', 'MRR', 'Hit', 'Precision']
topk = [10, 20]
valid_metric = Recall@20
valid_metric_bigger = True
eval_batch_size = 4096
metric_decimal_place = 3

Dataset Hyper Parameters:
field_separator = 	
seq_separator =  
USER_ID_FIELD = user_id
ITEM_ID_FIELD = item_id
RATING_FIELD = rating
TIME_FIELD = timestamp
seq_len = None
LABEL_FIELD = label
threshold = None
NEG_PREFIX = neg_
load_col = {'inter': ['user_id', 'item_id']}
unload_col = None
unused_col = None
additional_feat_suffix = None
rm_dup_inter = None
val_interval = None
filter_inter_by_user_or_item = True
user_inter_num_interval = None
item_inter_num_interval = None
alias_of_user_id = None
alias_of_item_id = None
alias_of_entity_id = None
alias_of_relation_id = None
preload_weight = None
normalize_field = None
normalize_all = True
ITEM_LIST_LENGTH_FIELD = item_length
LIST_SUFFIX = _list
MAX_ITEM_LIST_LENGTH = 50
POSITION_FIELD = position_id
HEAD_ENTITY_ID_FIELD = head_id
TAIL_ENTITY_ID_FIELD = tail_id
RELATION_ID_FIELD = relation_id
ENTITY_ID_FIELD = entity_id
kg_reverse_r = False
entity_kg_num_interval = None
relation_kg_num_interval = None
benchmark_filename = None

Other Hyper Parameters: 
worker = 0
wandb_project = recbole
shuffle = True
plot_learning_curve = False
require_pow = False
enable_amp = False
enable_scaler = True
transform = None
train_after_converge = True
positive_sampling = True
model_name_custom = -
data_augmentation = True
Q = 5
K = 3
P = 20
embedding_size = 64
n_layers = 3
reg_weight = 1e-05
numerical_features = []
discretization = None
MODEL_TYPE = ModelType.GENERAL
MODEL_INPUT_TYPE = InputType.PAIRWISE
eval_type = EvaluatorType.RANKING
single_spec = True
local_rank = 0
device = cuda
eval_neg_sample_args = {'distribution': 'uniform', 'sample_num': 'none'}


Wed 10 Jul 2024 20:11:13 INFO  ml-100k
The number of users: 944
Average actions of users: 106.04453870625663
The number of items: 1683
Average actions of items: 59.45303210463734
The number of inters: 100000
The sparsity of the dataset: 93.70575143257098%
Remain Fields: ['user_id', 'item_id']
Wed 10 Jul 2024 20:11:13 INFO  Building augmented dataset with K=3 and P=20
Wed 10 Jul 2024 20:12:36 INFO  [Training]: train_batch_size = [4096] train_neg_sample_args: [{'distribution': 'uniform', 'sample_num': 5, 'alpha': 1.0, 'dynamic': False, 'candidate_num': 0}]
Wed 10 Jul 2024 20:12:36 INFO  [Evaluation]: eval_batch_size = [4096] eval_args: [{'split': {'RS': [0.8, 0.1, 0.1]}, 'group_by': 'user', 'order': 'RO', 'mode': 'full'}]
Wed 10 Jul 2024 20:12:37 INFO  LightGCN(
  (user_embedding): Embedding(944, 64)
  (item_embedding): Embedding(1683, 64)
  (mf_loss): BPRLoss()
  (reg_loss): EmbLoss()
)
Trainable parameters: 168128
Wed 10 Jul 2024 20:12:37 INFO  FLOPs: 0.0
Wed 10 Jul 2024 20:12:39 INFO  epoch 0 training [time: 1.02s, train loss: 64.6300]
Wed 10 Jul 2024 20:12:40 INFO  epoch 1 training [time: 0.75s, train loss: 41.2749]
Wed 10 Jul 2024 20:12:41 INFO  epoch 2 training [time: 0.83s, train loss: 36.2085]
Wed 10 Jul 2024 20:12:42 INFO  epoch 3 training [time: 0.85s, train loss: 35.3819]
Wed 10 Jul 2024 20:12:42 INFO  epoch 3 evaluating [time: 0.55s, valid_score: 0.173000]
Wed 10 Jul 2024 20:12:42 INFO  valid result: 
recall@10 : 0.118    recall@20 : 0.173    ndcg@10 : 0.122    ndcg@20 : 0.135    mrr@10 : 0.229    mrr@20 : 0.237    hit@10 : 0.552    hit@20 : 0.67    precision@10 : 0.088    precision@20 : 0.071
Wed 10 Jul 2024 20:12:42 INFO  Saving current: saved/LightGCN-Jul-10-2024_20-12-37.pth
Wed 10 Jul 2024 20:12:43 INFO  epoch 4 training [time: 0.82s, train loss: 35.2976]
Wed 10 Jul 2024 20:12:44 INFO  epoch 5 training [time: 0.81s, train loss: 34.7639]
Wed 10 Jul 2024 20:12:45 INFO  epoch 6 training [time: 0.82s, train loss: 34.1524]
Wed 10 Jul 2024 20:12:45 INFO  epoch 7 training [time: 0.85s, train loss: 33.5002]
Wed 10 Jul 2024 20:12:46 INFO  epoch 7 evaluating [time: 0.42s, valid_score: 0.209000]
Wed 10 Jul 2024 20:12:46 INFO  valid result: 
recall@10 : 0.142    recall@20 : 0.209    ndcg@10 : 0.15    ndcg@20 : 0.167    mrr@10 : 0.275    mrr@20 : 0.283    hit@10 : 0.602    hit@20 : 0.72    precision@10 : 0.102    precision@20 : 0.083
Wed 10 Jul 2024 20:12:46 INFO  Saving current: saved/LightGCN-Jul-10-2024_20-12-37.pth
