Wed 10 Jul 2024 19:10:54 INFO  ['run_recbole.py', '--model=LightGCN', '--dataset=lastfm']
Wed 10 Jul 2024 19:10:54 INFO  
General Hyper Parameters:
gpu_id = 0
use_gpu = True
seed = 2020
state = INFO
reproducibility = True
data_path = dataset/lastfm
checkpoint_dir = saved
show_progress = True
save_dataset = False
dataset_save_path = None
save_dataloaders = False
dataloaders_save_path = None
log_wandb = False

Training Hyper Parameters:
epochs = 500
train_batch_size = 4096
learner = adam
learning_rate = 0.001
train_neg_sample_args = {'distribution': 'uniform', 'sample_num': 5, 'alpha': 1.0, 'dynamic': False, 'candidate_num': 0}
eval_step = 1
stopping_step = 10
clip_grad_norm = None
weight_decay = 0.0
loss_decimal_place = 4

Evaluation Hyper Parameters:
eval_args = {'split': {'RS': [0.8, 0.1, 0.1]}, 'group_by': 'user', 'order': 'RO', 'mode': 'full'}
repeatable = False
metrics = ['Recall', 'NDCG', 'MRR', 'Hit', 'Precision']
topk = [10, 20]
valid_metric = Recall@20
valid_metric_bigger = True
eval_batch_size = 4096
metric_decimal_place = 3

Dataset Hyper Parameters:
field_separator = 	
seq_separator =  
USER_ID_FIELD = user_id
ITEM_ID_FIELD = artist_id
RATING_FIELD = rating
TIME_FIELD = timestamp
seq_len = None
LABEL_FIELD = label
threshold = None
NEG_PREFIX = neg_
load_col = {'inter': ['user_id', 'artist_id']}
unload_col = None
unused_col = None
additional_feat_suffix = None
rm_dup_inter = None
val_interval = None
filter_inter_by_user_or_item = True
user_inter_num_interval = None
item_inter_num_interval = None
alias_of_user_id = None
alias_of_item_id = None
alias_of_entity_id = None
alias_of_relation_id = None
preload_weight = None
normalize_field = None
normalize_all = True
ITEM_LIST_LENGTH_FIELD = item_length
LIST_SUFFIX = _list
MAX_ITEM_LIST_LENGTH = 50
POSITION_FIELD = position_id
HEAD_ENTITY_ID_FIELD = head_id
TAIL_ENTITY_ID_FIELD = tail_id
RELATION_ID_FIELD = relation_id
ENTITY_ID_FIELD = entity_id
kg_reverse_r = False
entity_kg_num_interval = None
relation_kg_num_interval = None
benchmark_filename = None

Other Hyper Parameters: 
worker = 0
wandb_project = recbole
shuffle = True
plot_learning_curve = False
require_pow = False
enable_amp = False
enable_scaler = True
transform = None
train_after_converge = True
positive_sampling = True
model_name_custom = -
data_augmentation = False
Q = 8
K = 3
P = 20
embedding_size = 64
n_layers = 3
reg_weight = 1e-05
numerical_features = []
discretization = None
MODEL_TYPE = ModelType.GENERAL
MODEL_INPUT_TYPE = InputType.PAIRWISE
eval_type = EvaluatorType.RANKING
single_spec = True
local_rank = 0
device = cuda
eval_neg_sample_args = {'distribution': 'uniform', 'sample_num': 'none'}


Wed 10 Jul 2024 19:10:54 INFO  lastfm
The number of users: 1893
Average actions of users: 49.06659619450317
The number of items: 17633
Average actions of items: 5.265086206896552
The number of inters: 92834
The sparsity of the dataset: 99.72188126708227%
Remain Fields: ['user_id', 'artist_id']
Wed 10 Jul 2024 19:10:54 INFO  [Training]: train_batch_size = [4096] train_neg_sample_args: [{'distribution': 'uniform', 'sample_num': 5, 'alpha': 1.0, 'dynamic': False, 'candidate_num': 0}]
Wed 10 Jul 2024 19:10:54 INFO  [Evaluation]: eval_batch_size = [4096] eval_args: [{'split': {'RS': [0.8, 0.1, 0.1]}, 'group_by': 'user', 'order': 'RO', 'mode': 'full'}]
Wed 10 Jul 2024 19:10:55 INFO  LightGCN(
  (user_embedding): Embedding(1893, 64)
  (item_embedding): Embedding(17633, 64)
  (mf_loss): BPRLoss()
  (reg_loss): EmbLoss()
)
Trainable parameters: 1249664
Wed 10 Jul 2024 19:10:55 INFO  FLOPs: 0.0
Wed 10 Jul 2024 19:10:57 INFO  epoch 0 training [time: 1.10s, train loss: 57.2780]
Wed 10 Jul 2024 19:11:00 INFO  epoch 0 evaluating [time: 2.36s, valid_score: 0.125000]
Wed 10 Jul 2024 19:11:00 INFO  valid result: 
recall@10 : 0.086    recall@20 : 0.125    ndcg@10 : 0.083    ndcg@20 : 0.1    mrr@10 : 0.164    mrr@20 : 0.171    hit@10 : 0.313    hit@20 : 0.416    precision@10 : 0.042    precision@20 : 0.031
Wed 10 Jul 2024 19:11:00 INFO  Saving current: saved/LightGCN-Jul-10-2024_19-10-55.pth
Wed 10 Jul 2024 19:11:00 INFO  epoch 1 training [time: 0.78s, train loss: 33.5382]
Wed 10 Jul 2024 19:11:03 INFO  epoch 1 evaluating [time: 2.23s, valid_score: 0.129000]
Wed 10 Jul 2024 19:11:03 INFO  valid result: 
recall@10 : 0.089    recall@20 : 0.129    ndcg@10 : 0.086    ndcg@20 : 0.103    mrr@10 : 0.171    mrr@20 : 0.178    hit@10 : 0.328    hit@20 : 0.431    precision@10 : 0.044    precision@20 : 0.032
Wed 10 Jul 2024 19:11:03 INFO  Saving current: saved/LightGCN-Jul-10-2024_19-10-55.pth
Wed 10 Jul 2024 19:11:03 INFO  epoch 2 training [time: 0.73s, train loss: 23.6159]
Wed 10 Jul 2024 19:11:06 INFO  epoch 2 evaluating [time: 2.26s, valid_score: 0.133000]
Wed 10 Jul 2024 19:11:06 INFO  valid result: 
recall@10 : 0.095    recall@20 : 0.133    ndcg@10 : 0.091    ndcg@20 : 0.107    mrr@10 : 0.178    mrr@20 : 0.185    hit@10 : 0.343    hit@20 : 0.44    precision@10 : 0.046    precision@20 : 0.033
Wed 10 Jul 2024 19:11:06 INFO  Saving current: saved/LightGCN-Jul-10-2024_19-10-55.pth
Wed 10 Jul 2024 19:11:07 INFO  epoch 3 training [time: 0.78s, train loss: 20.0576]
Wed 10 Jul 2024 19:11:09 INFO  epoch 3 evaluating [time: 2.20s, valid_score: 0.139000]
Wed 10 Jul 2024 19:11:09 INFO  valid result: 
recall@10 : 0.101    recall@20 : 0.139    ndcg@10 : 0.095    ndcg@20 : 0.111    mrr@10 : 0.181    mrr@20 : 0.187    hit@10 : 0.359    hit@20 : 0.455    precision@10 : 0.049    precision@20 : 0.034
Wed 10 Jul 2024 19:11:09 INFO  Saving current: saved/LightGCN-Jul-10-2024_19-10-55.pth
Wed 10 Jul 2024 19:11:10 INFO  epoch 4 training [time: 0.72s, train loss: 17.9864]
Wed 10 Jul 2024 19:11:11 INFO  epoch 4 evaluating [time: 1.69s, valid_score: 0.145000]
Wed 10 Jul 2024 19:11:11 INFO  valid result: 
recall@10 : 0.105    recall@20 : 0.145    ndcg@10 : 0.097    ndcg@20 : 0.114    mrr@10 : 0.184    mrr@20 : 0.19    hit@10 : 0.372    hit@20 : 0.466    precision@10 : 0.052    precision@20 : 0.036
Wed 10 Jul 2024 19:11:11 INFO  Saving current: saved/LightGCN-Jul-10-2024_19-10-55.pth
Wed 10 Jul 2024 19:11:12 INFO  epoch 5 training [time: 0.67s, train loss: 16.3079]
Wed 10 Jul 2024 19:11:13 INFO  epoch 5 evaluating [time: 1.50s, valid_score: 0.152000]
Wed 10 Jul 2024 19:11:13 INFO  valid result: 
recall@10 : 0.107    recall@20 : 0.152    ndcg@10 : 0.099    ndcg@20 : 0.118    mrr@10 : 0.186    mrr@20 : 0.193    hit@10 : 0.376    hit@20 : 0.48    precision@10 : 0.052    precision@20 : 0.037
Wed 10 Jul 2024 19:11:13 INFO  Saving current: saved/LightGCN-Jul-10-2024_19-10-55.pth
Wed 10 Jul 2024 19:11:14 INFO  epoch 6 training [time: 0.68s, train loss: 15.0917]
Wed 10 Jul 2024 19:11:16 INFO  epoch 6 evaluating [time: 1.58s, valid_score: 0.156000]
Wed 10 Jul 2024 19:11:16 INFO  valid result: 
recall@10 : 0.109    recall@20 : 0.156    ndcg@10 : 0.101    ndcg@20 : 0.121    mrr@10 : 0.19    mrr@20 : 0.197    hit@10 : 0.379    hit@20 : 0.489    precision@10 : 0.053    precision@20 : 0.038
Wed 10 Jul 2024 19:11:16 INFO  Saving current: saved/LightGCN-Jul-10-2024_19-10-55.pth
Wed 10 Jul 2024 19:11:16 INFO  epoch 7 training [time: 0.72s, train loss: 13.9753]
Wed 10 Jul 2024 19:11:18 INFO  epoch 7 evaluating [time: 1.71s, valid_score: 0.160000]
Wed 10 Jul 2024 19:11:18 INFO  valid result: 
recall@10 : 0.111    recall@20 : 0.16    ndcg@10 : 0.103    ndcg@20 : 0.123    mrr@10 : 0.192    mrr@20 : 0.2    hit@10 : 0.388    hit@20 : 0.499    precision@10 : 0.055    precision@20 : 0.039
Wed 10 Jul 2024 19:11:18 INFO  Saving current: saved/LightGCN-Jul-10-2024_19-10-55.pth
Wed 10 Jul 2024 19:11:19 INFO  epoch 8 training [time: 0.72s, train loss: 13.0328]
Wed 10 Jul 2024 19:11:20 INFO  epoch 8 evaluating [time: 1.52s, valid_score: 0.163000]
Wed 10 Jul 2024 19:11:20 INFO  valid result: 
recall@10 : 0.114    recall@20 : 0.163    ndcg@10 : 0.105    ndcg@20 : 0.125    mrr@10 : 0.195    mrr@20 : 0.202    hit@10 : 0.395    hit@20 : 0.503    precision@10 : 0.056    precision@20 : 0.04
Wed 10 Jul 2024 19:11:21 INFO  Saving current: saved/LightGCN-Jul-10-2024_19-10-55.pth
Wed 10 Jul 2024 19:11:21 INFO  epoch 9 training [time: 0.71s, train loss: 12.1243]
Wed 10 Jul 2024 19:11:23 INFO  epoch 9 evaluating [time: 1.52s, valid_score: 0.165000]
Wed 10 Jul 2024 19:11:23 INFO  valid result: 
recall@10 : 0.114    recall@20 : 0.165    ndcg@10 : 0.106    ndcg@20 : 0.127    mrr@10 : 0.199    mrr@20 : 0.206    hit@10 : 0.397    hit@20 : 0.511    precision@10 : 0.056    precision@20 : 0.041
Wed 10 Jul 2024 19:11:23 INFO  Saving current: saved/LightGCN-Jul-10-2024_19-10-55.pth
Wed 10 Jul 2024 19:11:24 INFO  epoch 10 training [time: 0.71s, train loss: 11.4179]
Wed 10 Jul 2024 19:11:25 INFO  epoch 10 evaluating [time: 1.66s, valid_score: 0.166000]
Wed 10 Jul 2024 19:11:25 INFO  valid result: 
recall@10 : 0.116    recall@20 : 0.166    ndcg@10 : 0.108    ndcg@20 : 0.129    mrr@10 : 0.201    mrr@20 : 0.208    hit@10 : 0.404    hit@20 : 0.514    precision@10 : 0.057    precision@20 : 0.041
Wed 10 Jul 2024 19:11:25 INFO  Saving current: saved/LightGCN-Jul-10-2024_19-10-55.pth
Wed 10 Jul 2024 19:11:26 INFO  epoch 11 training [time: 0.73s, train loss: 10.9381]
Wed 10 Jul 2024 19:11:28 INFO  epoch 11 evaluating [time: 1.61s, valid_score: 0.168000]
Wed 10 Jul 2024 19:11:28 INFO  valid result: 
recall@10 : 0.118    recall@20 : 0.168    ndcg@10 : 0.11    ndcg@20 : 0.131    mrr@10 : 0.205    mrr@20 : 0.213    hit@10 : 0.409    hit@20 : 0.521    precision@10 : 0.058    precision@20 : 0.041
Wed 10 Jul 2024 19:11:28 INFO  Saving current: saved/LightGCN-Jul-10-2024_19-10-55.pth
Wed 10 Jul 2024 19:11:28 INFO  epoch 12 training [time: 0.72s, train loss: 10.3346]
Wed 10 Jul 2024 19:11:30 INFO  epoch 12 evaluating [time: 1.62s, valid_score: 0.171000]
Wed 10 Jul 2024 19:11:30 INFO  valid result: 
recall@10 : 0.121    recall@20 : 0.171    ndcg@10 : 0.111    ndcg@20 : 0.133    mrr@10 : 0.208    mrr@20 : 0.215    hit@10 : 0.421    hit@20 : 0.524    precision@10 : 0.059    precision@20 : 0.042
Wed 10 Jul 2024 19:11:30 INFO  Saving current: saved/LightGCN-Jul-10-2024_19-10-55.pth
Wed 10 Jul 2024 19:11:31 INFO  epoch 13 training [time: 0.69s, train loss: 9.7828]
Wed 10 Jul 2024 19:11:32 INFO  epoch 13 evaluating [time: 1.49s, valid_score: 0.173000]
Wed 10 Jul 2024 19:11:32 INFO  valid result: 
recall@10 : 0.122    recall@20 : 0.173    ndcg@10 : 0.113    ndcg@20 : 0.134    mrr@10 : 0.21    mrr@20 : 0.217    hit@10 : 0.425    hit@20 : 0.531    precision@10 : 0.06    precision@20 : 0.043
Wed 10 Jul 2024 19:11:32 INFO  Saving current: saved/LightGCN-Jul-10-2024_19-10-55.pth
Wed 10 Jul 2024 19:11:33 INFO  epoch 14 training [time: 0.77s, train loss: 9.3078]
Wed 10 Jul 2024 19:11:35 INFO  epoch 14 evaluating [time: 1.88s, valid_score: 0.174000]
Wed 10 Jul 2024 19:11:35 INFO  valid result: 
recall@10 : 0.124    recall@20 : 0.174    ndcg@10 : 0.115    ndcg@20 : 0.136    mrr@10 : 0.214    mrr@20 : 0.221    hit@10 : 0.43    hit@20 : 0.534    precision@10 : 0.061    precision@20 : 0.043
Wed 10 Jul 2024 19:11:35 INFO  Saving current: saved/LightGCN-Jul-10-2024_19-10-55.pth
Wed 10 Jul 2024 19:11:36 INFO  epoch 15 training [time: 0.75s, train loss: 8.9021]
Wed 10 Jul 2024 19:11:37 INFO  epoch 15 evaluating [time: 1.61s, valid_score: 0.177000]
Wed 10 Jul 2024 19:11:37 INFO  valid result: 
recall@10 : 0.125    recall@20 : 0.177    ndcg@10 : 0.115    ndcg@20 : 0.138    mrr@10 : 0.215    mrr@20 : 0.223    hit@10 : 0.433    hit@20 : 0.543    precision@10 : 0.061    precision@20 : 0.044
Wed 10 Jul 2024 19:11:37 INFO  Saving current: saved/LightGCN-Jul-10-2024_19-10-55.pth
Wed 10 Jul 2024 19:11:38 INFO  epoch 16 training [time: 0.72s, train loss: 8.3910]
Wed 10 Jul 2024 19:11:40 INFO  epoch 16 evaluating [time: 1.49s, valid_score: 0.182000]
Wed 10 Jul 2024 19:11:40 INFO  valid result: 
recall@10 : 0.126    recall@20 : 0.182    ndcg@10 : 0.117    ndcg@20 : 0.14    mrr@10 : 0.218    mrr@20 : 0.226    hit@10 : 0.434    hit@20 : 0.558    precision@10 : 0.062    precision@20 : 0.045
Wed 10 Jul 2024 19:11:40 INFO  Saving current: saved/LightGCN-Jul-10-2024_19-10-55.pth
Wed 10 Jul 2024 19:11:40 INFO  epoch 17 training [time: 0.68s, train loss: 8.1753]
Wed 10 Jul 2024 19:11:42 INFO  epoch 17 evaluating [time: 1.56s, valid_score: 0.184000]
Wed 10 Jul 2024 19:11:42 INFO  valid result: 
recall@10 : 0.128    recall@20 : 0.184    ndcg@10 : 0.119    ndcg@20 : 0.142    mrr@10 : 0.221    mrr@20 : 0.23    hit@10 : 0.44    hit@20 : 0.565    precision@10 : 0.063    precision@20 : 0.045
Wed 10 Jul 2024 19:11:42 INFO  Saving current: saved/LightGCN-Jul-10-2024_19-10-55.pth
Wed 10 Jul 2024 19:11:43 INFO  epoch 18 training [time: 0.71s, train loss: 7.7484]
Wed 10 Jul 2024 19:11:44 INFO  epoch 18 evaluating [time: 1.67s, valid_score: 0.186000]
Wed 10 Jul 2024 19:11:44 INFO  valid result: 
recall@10 : 0.13    recall@20 : 0.186    ndcg@10 : 0.12    ndcg@20 : 0.144    mrr@10 : 0.223    mrr@20 : 0.231    hit@10 : 0.447    hit@20 : 0.57    precision@10 : 0.064    precision@20 : 0.046
Wed 10 Jul 2024 19:11:44 INFO  Saving current: saved/LightGCN-Jul-10-2024_19-10-55.pth
Wed 10 Jul 2024 19:11:45 INFO  epoch 19 training [time: 0.72s, train loss: 7.3213]
Wed 10 Jul 2024 19:11:47 INFO  epoch 19 evaluating [time: 1.73s, valid_score: 0.189000]
Wed 10 Jul 2024 19:11:47 INFO  valid result: 
recall@10 : 0.131    recall@20 : 0.189    ndcg@10 : 0.121    ndcg@20 : 0.146    mrr@10 : 0.225    mrr@20 : 0.234    hit@10 : 0.45    hit@20 : 0.577    precision@10 : 0.064    precision@20 : 0.047
Wed 10 Jul 2024 19:11:47 INFO  Saving current: saved/LightGCN-Jul-10-2024_19-10-55.pth
Wed 10 Jul 2024 19:11:47 INFO  epoch 20 training [time: 0.67s, train loss: 7.0589]
Wed 10 Jul 2024 19:11:49 INFO  epoch 20 evaluating [time: 1.47s, valid_score: 0.191000]
Wed 10 Jul 2024 19:11:49 INFO  valid result: 
recall@10 : 0.133    recall@20 : 0.191    ndcg@10 : 0.123    ndcg@20 : 0.147    mrr@10 : 0.227    mrr@20 : 0.236    hit@10 : 0.458    hit@20 : 0.583    precision@10 : 0.065    precision@20 : 0.047
Wed 10 Jul 2024 19:11:49 INFO  Saving current: saved/LightGCN-Jul-10-2024_19-10-55.pth
Wed 10 Jul 2024 19:11:50 INFO  epoch 21 training [time: 0.66s, train loss: 6.6839]
Wed 10 Jul 2024 19:11:52 INFO  epoch 21 evaluating [time: 1.91s, valid_score: 0.192000]
Wed 10 Jul 2024 19:11:52 INFO  valid result: 
recall@10 : 0.134    recall@20 : 0.192    ndcg@10 : 0.124    ndcg@20 : 0.149    mrr@10 : 0.23    mrr@20 : 0.238    hit@10 : 0.46    hit@20 : 0.587    precision@10 : 0.066    precision@20 : 0.047
Wed 10 Jul 2024 19:11:52 INFO  Saving current: saved/LightGCN-Jul-10-2024_19-10-55.pth
Wed 10 Jul 2024 19:11:52 INFO  epoch 22 training [time: 0.73s, train loss: 6.4807]
Wed 10 Jul 2024 19:11:55 INFO  epoch 22 evaluating [time: 2.24s, valid_score: 0.194000]
Wed 10 Jul 2024 19:11:55 INFO  valid result: 
recall@10 : 0.135    recall@20 : 0.194    ndcg@10 : 0.125    ndcg@20 : 0.15    mrr@10 : 0.232    mrr@20 : 0.241    hit@10 : 0.465    hit@20 : 0.594    precision@10 : 0.066    precision@20 : 0.048
Wed 10 Jul 2024 19:11:55 INFO  Saving current: saved/LightGCN-Jul-10-2024_19-10-55.pth
Wed 10 Jul 2024 19:11:55 INFO  epoch 23 training [time: 0.67s, train loss: 6.2461]
Wed 10 Jul 2024 19:11:57 INFO  epoch 23 evaluating [time: 1.64s, valid_score: 0.195000]
Wed 10 Jul 2024 19:11:57 INFO  valid result: 
recall@10 : 0.136    recall@20 : 0.195    ndcg@10 : 0.126    ndcg@20 : 0.151    mrr@10 : 0.234    mrr@20 : 0.243    hit@10 : 0.468    hit@20 : 0.595    precision@10 : 0.067    precision@20 : 0.048
Wed 10 Jul 2024 19:11:57 INFO  Saving current: saved/LightGCN-Jul-10-2024_19-10-55.pth
Wed 10 Jul 2024 19:11:58 INFO  epoch 24 training [time: 0.66s, train loss: 5.9980]
Wed 10 Jul 2024 19:11:59 INFO  epoch 24 evaluating [time: 1.59s, valid_score: 0.198000]
Wed 10 Jul 2024 19:11:59 INFO  valid result: 
recall@10 : 0.136    recall@20 : 0.198    ndcg@10 : 0.127    ndcg@20 : 0.153    mrr@10 : 0.236    mrr@20 : 0.246    hit@10 : 0.471    hit@20 : 0.605    precision@10 : 0.067    precision@20 : 0.049
Wed 10 Jul 2024 19:11:59 INFO  Saving current: saved/LightGCN-Jul-10-2024_19-10-55.pth
Wed 10 Jul 2024 19:12:00 INFO  epoch 25 training [time: 0.67s, train loss: 5.7623]
Wed 10 Jul 2024 19:12:01 INFO  epoch 25 evaluating [time: 1.59s, valid_score: 0.200000]
Wed 10 Jul 2024 19:12:01 INFO  valid result: 
recall@10 : 0.138    recall@20 : 0.2    ndcg@10 : 0.128    ndcg@20 : 0.155    mrr@10 : 0.239    mrr@20 : 0.248    hit@10 : 0.477    hit@20 : 0.609    precision@10 : 0.068    precision@20 : 0.049
Wed 10 Jul 2024 19:12:02 INFO  Saving current: saved/LightGCN-Jul-10-2024_19-10-55.pth
Wed 10 Jul 2024 19:12:02 INFO  epoch 26 training [time: 0.69s, train loss: 5.5645]
Wed 10 Jul 2024 19:12:04 INFO  epoch 26 evaluating [time: 1.58s, valid_score: 0.201000]
Wed 10 Jul 2024 19:12:04 INFO  valid result: 
recall@10 : 0.14    recall@20 : 0.201    ndcg@10 : 0.13    ndcg@20 : 0.156    mrr@10 : 0.241    mrr@20 : 0.251    hit@10 : 0.482    hit@20 : 0.613    precision@10 : 0.069    precision@20 : 0.05
Wed 10 Jul 2024 19:12:04 INFO  Saving current: saved/LightGCN-Jul-10-2024_19-10-55.pth
Wed 10 Jul 2024 19:12:04 INFO  epoch 27 training [time: 0.66s, train loss: 5.3449]
Wed 10 Jul 2024 19:12:06 INFO  epoch 27 evaluating [time: 1.85s, valid_score: 0.203000]
Wed 10 Jul 2024 19:12:06 INFO  valid result: 
recall@10 : 0.141    recall@20 : 0.203    ndcg@10 : 0.131    ndcg@20 : 0.157    mrr@10 : 0.243    mrr@20 : 0.252    hit@10 : 0.484    hit@20 : 0.617    precision@10 : 0.069    precision@20 : 0.05
Wed 10 Jul 2024 19:12:06 INFO  Saving current: saved/LightGCN-Jul-10-2024_19-10-55.pth
Wed 10 Jul 2024 19:12:07 INFO  epoch 28 training [time: 0.71s, train loss: 5.2592]
Wed 10 Jul 2024 19:12:09 INFO  epoch 28 evaluating [time: 1.52s, valid_score: 0.205000]
Wed 10 Jul 2024 19:12:09 INFO  valid result: 
recall@10 : 0.142    recall@20 : 0.205    ndcg@10 : 0.132    ndcg@20 : 0.159    mrr@10 : 0.245    mrr@20 : 0.255    hit@10 : 0.486    hit@20 : 0.62    precision@10 : 0.069    precision@20 : 0.051
Wed 10 Jul 2024 19:12:09 INFO  Saving current: saved/LightGCN-Jul-10-2024_19-10-55.pth
Wed 10 Jul 2024 19:12:09 INFO  epoch 29 training [time: 0.69s, train loss: 4.9652]
Wed 10 Jul 2024 19:12:11 INFO  epoch 29 evaluating [time: 1.58s, valid_score: 0.206000]
Wed 10 Jul 2024 19:12:11 INFO  valid result: 
recall@10 : 0.142    recall@20 : 0.206    ndcg@10 : 0.133    ndcg@20 : 0.16    mrr@10 : 0.248    mrr@20 : 0.257    hit@10 : 0.489    hit@20 : 0.625    precision@10 : 0.07    precision@20 : 0.051
Wed 10 Jul 2024 19:12:11 INFO  Saving current: saved/LightGCN-Jul-10-2024_19-10-55.pth
Wed 10 Jul 2024 19:12:12 INFO  epoch 30 training [time: 0.72s, train loss: 4.7711]
Wed 10 Jul 2024 19:12:13 INFO  epoch 30 evaluating [time: 1.65s, valid_score: 0.209000]
Wed 10 Jul 2024 19:12:13 INFO  valid result: 
recall@10 : 0.144    recall@20 : 0.209    ndcg@10 : 0.134    ndcg@20 : 0.161    mrr@10 : 0.247    mrr@20 : 0.257    hit@10 : 0.489    hit@20 : 0.631    precision@10 : 0.07    precision@20 : 0.052
Wed 10 Jul 2024 19:12:13 INFO  Saving current: saved/LightGCN-Jul-10-2024_19-10-55.pth
Wed 10 Jul 2024 19:12:14 INFO  epoch 31 training [time: 0.73s, train loss: 4.6926]
Wed 10 Jul 2024 19:12:16 INFO  epoch 31 evaluating [time: 1.64s, valid_score: 0.211000]
Wed 10 Jul 2024 19:12:16 INFO  valid result: 
recall@10 : 0.144    recall@20 : 0.211    ndcg@10 : 0.135    ndcg@20 : 0.163    mrr@10 : 0.251    mrr@20 : 0.26    hit@10 : 0.492    hit@20 : 0.631    precision@10 : 0.071    precision@20 : 0.052
Wed 10 Jul 2024 19:12:16 INFO  Saving current: saved/LightGCN-Jul-10-2024_19-10-55.pth
Wed 10 Jul 2024 19:12:16 INFO  epoch 32 training [time: 0.70s, train loss: 4.5543]
Wed 10 Jul 2024 19:12:18 INFO  epoch 32 evaluating [time: 1.51s, valid_score: 0.213000]
Wed 10 Jul 2024 19:12:18 INFO  valid result: 
recall@10 : 0.146    recall@20 : 0.213    ndcg@10 : 0.136    ndcg@20 : 0.165    mrr@10 : 0.252    mrr@20 : 0.262    hit@10 : 0.495    hit@20 : 0.635    precision@10 : 0.072    precision@20 : 0.052
Wed 10 Jul 2024 19:12:18 INFO  Saving current: saved/LightGCN-Jul-10-2024_19-10-55.pth
Wed 10 Jul 2024 19:12:19 INFO  epoch 33 training [time: 0.72s, train loss: 4.4373]
Wed 10 Jul 2024 19:12:20 INFO  epoch 33 evaluating [time: 1.65s, valid_score: 0.213000]
Wed 10 Jul 2024 19:12:20 INFO  valid result: 
recall@10 : 0.146    recall@20 : 0.213    ndcg@10 : 0.137    ndcg@20 : 0.165    mrr@10 : 0.252    mrr@20 : 0.262    hit@10 : 0.496    hit@20 : 0.636    precision@10 : 0.072    precision@20 : 0.052
Wed 10 Jul 2024 19:12:20 INFO  Saving current: saved/LightGCN-Jul-10-2024_19-10-55.pth
Wed 10 Jul 2024 19:12:21 INFO  epoch 34 training [time: 0.74s, train loss: 4.3190]
Wed 10 Jul 2024 19:12:23 INFO  epoch 34 evaluating [time: 1.49s, valid_score: 0.215000]
Wed 10 Jul 2024 19:12:23 INFO  valid result: 
recall@10 : 0.147    recall@20 : 0.215    ndcg@10 : 0.137    ndcg@20 : 0.166    mrr@10 : 0.254    mrr@20 : 0.264    hit@10 : 0.498    hit@20 : 0.638    precision@10 : 0.072    precision@20 : 0.053
Wed 10 Jul 2024 19:12:23 INFO  Saving current: saved/LightGCN-Jul-10-2024_19-10-55.pth
Wed 10 Jul 2024 19:12:23 INFO  epoch 35 training [time: 0.68s, train loss: 4.1853]
Wed 10 Jul 2024 19:12:25 INFO  epoch 35 evaluating [time: 1.56s, valid_score: 0.216000]
Wed 10 Jul 2024 19:12:25 INFO  valid result: 
recall@10 : 0.149    recall@20 : 0.216    ndcg@10 : 0.139    ndcg@20 : 0.167    mrr@10 : 0.255    mrr@20 : 0.265    hit@10 : 0.503    hit@20 : 0.643    precision@10 : 0.073    precision@20 : 0.053
Wed 10 Jul 2024 19:12:25 INFO  Saving current: saved/LightGCN-Jul-10-2024_19-10-55.pth
Wed 10 Jul 2024 19:12:26 INFO  epoch 36 training [time: 0.72s, train loss: 3.9884]
Wed 10 Jul 2024 19:12:27 INFO  epoch 36 evaluating [time: 1.71s, valid_score: 0.216000]
Wed 10 Jul 2024 19:12:27 INFO  valid result: 
recall@10 : 0.15    recall@20 : 0.216    ndcg@10 : 0.139    ndcg@20 : 0.168    mrr@10 : 0.257    mrr@20 : 0.266    hit@10 : 0.508    hit@20 : 0.643    precision@10 : 0.073    precision@20 : 0.053
Wed 10 Jul 2024 19:12:28 INFO  Saving current: saved/LightGCN-Jul-10-2024_19-10-55.pth
Wed 10 Jul 2024 19:12:28 INFO  epoch 37 training [time: 0.70s, train loss: 3.8832]
Wed 10 Jul 2024 19:12:30 INFO  epoch 37 evaluating [time: 1.48s, valid_score: 0.218000]
Wed 10 Jul 2024 19:12:30 INFO  valid result: 
recall@10 : 0.151    recall@20 : 0.218    ndcg@10 : 0.14    ndcg@20 : 0.169    mrr@10 : 0.258    mrr@20 : 0.268    hit@10 : 0.509    hit@20 : 0.646    precision@10 : 0.074    precision@20 : 0.054
Wed 10 Jul 2024 19:12:30 INFO  Saving current: saved/LightGCN-Jul-10-2024_19-10-55.pth
Wed 10 Jul 2024 19:12:30 INFO  epoch 38 training [time: 0.69s, train loss: 3.8288]
Wed 10 Jul 2024 19:12:32 INFO  epoch 38 evaluating [time: 1.51s, valid_score: 0.220000]
Wed 10 Jul 2024 19:12:32 INFO  valid result: 
recall@10 : 0.152    recall@20 : 0.22    ndcg@10 : 0.141    ndcg@20 : 0.17    mrr@10 : 0.259    mrr@20 : 0.269    hit@10 : 0.516    hit@20 : 0.648    precision@10 : 0.075    precision@20 : 0.054
Wed 10 Jul 2024 19:12:32 INFO  Saving current: saved/LightGCN-Jul-10-2024_19-10-55.pth
Wed 10 Jul 2024 19:12:33 INFO  epoch 39 training [time: 0.79s, train loss: 3.6464]
Wed 10 Jul 2024 19:12:35 INFO  epoch 39 evaluating [time: 1.84s, valid_score: 0.221000]
Wed 10 Jul 2024 19:12:35 INFO  valid result: 
recall@10 : 0.153    recall@20 : 0.221    ndcg@10 : 0.142    ndcg@20 : 0.171    mrr@10 : 0.261    mrr@20 : 0.27    hit@10 : 0.519    hit@20 : 0.65    precision@10 : 0.075    precision@20 : 0.055
Wed 10 Jul 2024 19:12:35 INFO  Saving current: saved/LightGCN-Jul-10-2024_19-10-55.pth
Wed 10 Jul 2024 19:12:35 INFO  epoch 40 training [time: 0.74s, train loss: 3.5742]
Wed 10 Jul 2024 19:12:37 INFO  epoch 40 evaluating [time: 1.51s, valid_score: 0.221000]
Wed 10 Jul 2024 19:12:37 INFO  valid result: 
recall@10 : 0.153    recall@20 : 0.221    ndcg@10 : 0.142    ndcg@20 : 0.171    mrr@10 : 0.262    mrr@20 : 0.271    hit@10 : 0.518    hit@20 : 0.652    precision@10 : 0.075    precision@20 : 0.055
Wed 10 Jul 2024 19:12:37 INFO  Saving current: saved/LightGCN-Jul-10-2024_19-10-55.pth
Wed 10 Jul 2024 19:12:38 INFO  epoch 41 training [time: 0.68s, train loss: 3.4169]
Wed 10 Jul 2024 19:12:39 INFO  epoch 41 evaluating [time: 1.56s, valid_score: 0.222000]
Wed 10 Jul 2024 19:12:39 INFO  valid result: 
recall@10 : 0.155    recall@20 : 0.222    ndcg@10 : 0.144    ndcg@20 : 0.172    mrr@10 : 0.263    mrr@20 : 0.272    hit@10 : 0.525    hit@20 : 0.653    precision@10 : 0.076    precision@20 : 0.055
Wed 10 Jul 2024 19:12:39 INFO  Saving current: saved/LightGCN-Jul-10-2024_19-10-55.pth
Wed 10 Jul 2024 19:12:40 INFO  epoch 42 training [time: 0.72s, train loss: 3.3831]
Wed 10 Jul 2024 19:12:42 INFO  epoch 42 evaluating [time: 1.66s, valid_score: 0.223000]
Wed 10 Jul 2024 19:12:42 INFO  valid result: 
recall@10 : 0.155    recall@20 : 0.223    ndcg@10 : 0.144    ndcg@20 : 0.173    mrr@10 : 0.266    mrr@20 : 0.275    hit@10 : 0.527    hit@20 : 0.654    precision@10 : 0.076    precision@20 : 0.055
Wed 10 Jul 2024 19:12:42 INFO  Saving current: saved/LightGCN-Jul-10-2024_19-10-55.pth
Wed 10 Jul 2024 19:12:42 INFO  epoch 43 training [time: 0.68s, train loss: 3.2973]
Wed 10 Jul 2024 19:12:44 INFO  epoch 43 evaluating [time: 1.45s, valid_score: 0.225000]
Wed 10 Jul 2024 19:12:44 INFO  valid result: 
recall@10 : 0.156    recall@20 : 0.225    ndcg@10 : 0.145    ndcg@20 : 0.174    mrr@10 : 0.266    mrr@20 : 0.275    hit@10 : 0.529    hit@20 : 0.656    precision@10 : 0.077    precision@20 : 0.055
Wed 10 Jul 2024 19:12:44 INFO  Saving current: saved/LightGCN-Jul-10-2024_19-10-55.pth
Wed 10 Jul 2024 19:12:45 INFO  epoch 44 training [time: 0.68s, train loss: 3.2365]
Wed 10 Jul 2024 19:12:46 INFO  epoch 44 evaluating [time: 1.64s, valid_score: 0.226000]
Wed 10 Jul 2024 19:12:46 INFO  valid result: 
recall@10 : 0.156    recall@20 : 0.226    ndcg@10 : 0.145    ndcg@20 : 0.175    mrr@10 : 0.267    mrr@20 : 0.276    hit@10 : 0.527    hit@20 : 0.658    precision@10 : 0.077    precision@20 : 0.056
Wed 10 Jul 2024 19:12:46 INFO  Saving current: saved/LightGCN-Jul-10-2024_19-10-55.pth
Wed 10 Jul 2024 19:12:47 INFO  epoch 45 training [time: 0.71s, train loss: 3.0920]
Wed 10 Jul 2024 19:12:49 INFO  epoch 45 evaluating [time: 1.63s, valid_score: 0.227000]
Wed 10 Jul 2024 19:12:49 INFO  valid result: 
recall@10 : 0.156    recall@20 : 0.227    ndcg@10 : 0.146    ndcg@20 : 0.176    mrr@10 : 0.268    mrr@20 : 0.277    hit@10 : 0.529    hit@20 : 0.658    precision@10 : 0.077    precision@20 : 0.056
Wed 10 Jul 2024 19:12:49 INFO  Saving current: saved/LightGCN-Jul-10-2024_19-10-55.pth
Wed 10 Jul 2024 19:12:49 INFO  epoch 46 training [time: 0.75s, train loss: 3.0540]
Wed 10 Jul 2024 19:12:51 INFO  epoch 46 evaluating [time: 1.57s, valid_score: 0.227000]
Wed 10 Jul 2024 19:12:51 INFO  valid result: 
recall@10 : 0.159    recall@20 : 0.227    ndcg@10 : 0.147    ndcg@20 : 0.176    mrr@10 : 0.269    mrr@20 : 0.278    hit@10 : 0.535    hit@20 : 0.66    precision@10 : 0.078    precision@20 : 0.056
Wed 10 Jul 2024 19:12:51 INFO  Saving current: saved/LightGCN-Jul-10-2024_19-10-55.pth
Wed 10 Jul 2024 19:12:52 INFO  epoch 47 training [time: 0.71s, train loss: 2.9554]
Wed 10 Jul 2024 19:12:53 INFO  epoch 47 evaluating [time: 1.59s, valid_score: 0.228000]
Wed 10 Jul 2024 19:12:53 INFO  valid result: 
recall@10 : 0.159    recall@20 : 0.228    ndcg@10 : 0.148    ndcg@20 : 0.177    mrr@10 : 0.269    mrr@20 : 0.278    hit@10 : 0.536    hit@20 : 0.66    precision@10 : 0.079    precision@20 : 0.056
Wed 10 Jul 2024 19:12:53 INFO  Saving current: saved/LightGCN-Jul-10-2024_19-10-55.pth
Wed 10 Jul 2024 19:12:54 INFO  epoch 48 training [time: 0.73s, train loss: 2.9064]
Wed 10 Jul 2024 19:12:56 INFO  epoch 48 evaluating [time: 1.78s, valid_score: 0.229000]
Wed 10 Jul 2024 19:12:56 INFO  valid result: 
recall@10 : 0.16    recall@20 : 0.229    ndcg@10 : 0.148    ndcg@20 : 0.177    mrr@10 : 0.271    mrr@20 : 0.279    hit@10 : 0.538    hit@20 : 0.66    precision@10 : 0.079    precision@20 : 0.056
Wed 10 Jul 2024 19:12:56 INFO  Saving current: saved/LightGCN-Jul-10-2024_19-10-55.pth
Wed 10 Jul 2024 19:12:57 INFO  epoch 49 training [time: 0.72s, train loss: 2.8431]
Wed 10 Jul 2024 19:12:58 INFO  epoch 49 evaluating [time: 1.42s, valid_score: 0.232000]
Wed 10 Jul 2024 19:12:58 INFO  valid result: 
recall@10 : 0.159    recall@20 : 0.232    ndcg@10 : 0.148    ndcg@20 : 0.179    mrr@10 : 0.272    mrr@20 : 0.281    hit@10 : 0.535    hit@20 : 0.667    precision@10 : 0.079    precision@20 : 0.057
Wed 10 Jul 2024 19:12:58 INFO  Saving current: saved/LightGCN-Jul-10-2024_19-10-55.pth
Wed 10 Jul 2024 19:12:59 INFO  epoch 50 training [time: 0.66s, train loss: 2.7391]
Wed 10 Jul 2024 19:13:00 INFO  epoch 50 evaluating [time: 1.60s, valid_score: 0.232000]
Wed 10 Jul 2024 19:13:00 INFO  valid result: 
recall@10 : 0.16    recall@20 : 0.232    ndcg@10 : 0.149    ndcg@20 : 0.179    mrr@10 : 0.273    mrr@20 : 0.283    hit@10 : 0.539    hit@20 : 0.669    precision@10 : 0.079    precision@20 : 0.057
Wed 10 Jul 2024 19:13:00 INFO  Saving current: saved/LightGCN-Jul-10-2024_19-10-55.pth
Wed 10 Jul 2024 19:13:01 INFO  epoch 51 training [time: 0.72s, train loss: 2.6434]
Wed 10 Jul 2024 19:13:03 INFO  epoch 51 evaluating [time: 1.56s, valid_score: 0.232000]
Wed 10 Jul 2024 19:13:03 INFO  valid result: 
recall@10 : 0.16    recall@20 : 0.232    ndcg@10 : 0.15    ndcg@20 : 0.18    mrr@10 : 0.274    mrr@20 : 0.284    hit@10 : 0.54    hit@20 : 0.669    precision@10 : 0.079    precision@20 : 0.057
Wed 10 Jul 2024 19:13:03 INFO  Saving current: saved/LightGCN-Jul-10-2024_19-10-55.pth
Wed 10 Jul 2024 19:13:03 INFO  epoch 52 training [time: 0.71s, train loss: 2.6374]
Wed 10 Jul 2024 19:13:05 INFO  epoch 52 evaluating [time: 1.55s, valid_score: 0.233000]
Wed 10 Jul 2024 19:13:05 INFO  valid result: 
recall@10 : 0.161    recall@20 : 0.233    ndcg@10 : 0.15    ndcg@20 : 0.181    mrr@10 : 0.275    mrr@20 : 0.284    hit@10 : 0.54    hit@20 : 0.668    precision@10 : 0.079    precision@20 : 0.058
Wed 10 Jul 2024 19:13:05 INFO  Saving current: saved/LightGCN-Jul-10-2024_19-10-55.pth
Wed 10 Jul 2024 19:13:06 INFO  epoch 53 training [time: 0.67s, train loss: 2.5963]
Wed 10 Jul 2024 19:13:07 INFO  epoch 53 evaluating [time: 1.65s, valid_score: 0.235000]
Wed 10 Jul 2024 19:13:07 INFO  valid result: 
recall@10 : 0.162    recall@20 : 0.235    ndcg@10 : 0.151    ndcg@20 : 0.182    mrr@10 : 0.278    mrr@20 : 0.287    hit@10 : 0.542    hit@20 : 0.669    precision@10 : 0.08    precision@20 : 0.058
Wed 10 Jul 2024 19:13:07 INFO  Saving current: saved/LightGCN-Jul-10-2024_19-10-55.pth
Wed 10 Jul 2024 19:13:08 INFO  epoch 54 training [time: 0.71s, train loss: 2.4903]
Wed 10 Jul 2024 19:13:10 INFO  epoch 54 evaluating [time: 1.59s, valid_score: 0.235000]
Wed 10 Jul 2024 19:13:10 INFO  valid result: 
recall@10 : 0.162    recall@20 : 0.235    ndcg@10 : 0.152    ndcg@20 : 0.182    mrr@10 : 0.279    mrr@20 : 0.288    hit@10 : 0.542    hit@20 : 0.671    precision@10 : 0.08    precision@20 : 0.058
Wed 10 Jul 2024 19:13:10 INFO  Saving current: saved/LightGCN-Jul-10-2024_19-10-55.pth
Wed 10 Jul 2024 19:13:11 INFO  epoch 55 training [time: 0.73s, train loss: 2.4378]
Wed 10 Jul 2024 19:13:12 INFO  epoch 55 evaluating [time: 1.53s, valid_score: 0.235000]
Wed 10 Jul 2024 19:13:12 INFO  valid result: 
recall@10 : 0.163    recall@20 : 0.235    ndcg@10 : 0.152    ndcg@20 : 0.182    mrr@10 : 0.279    mrr@20 : 0.287    hit@10 : 0.544    hit@20 : 0.671    precision@10 : 0.08    precision@20 : 0.058
Wed 10 Jul 2024 19:13:12 INFO  Saving current: saved/LightGCN-Jul-10-2024_19-10-55.pth
Wed 10 Jul 2024 19:13:13 INFO  epoch 56 training [time: 0.67s, train loss: 2.4377]
Wed 10 Jul 2024 19:13:14 INFO  epoch 56 evaluating [time: 1.56s, valid_score: 0.235000]
Wed 10 Jul 2024 19:13:14 INFO  valid result: 
recall@10 : 0.163    recall@20 : 0.235    ndcg@10 : 0.152    ndcg@20 : 0.183    mrr@10 : 0.279    mrr@20 : 0.288    hit@10 : 0.545    hit@20 : 0.671    precision@10 : 0.08    precision@20 : 0.058
Wed 10 Jul 2024 19:13:14 INFO  Saving current: saved/LightGCN-Jul-10-2024_19-10-55.pth
Wed 10 Jul 2024 19:13:15 INFO  epoch 57 training [time: 0.71s, train loss: 2.3351]
Wed 10 Jul 2024 19:13:17 INFO  epoch 57 evaluating [time: 1.55s, valid_score: 0.236000]
Wed 10 Jul 2024 19:13:17 INFO  valid result: 
recall@10 : 0.164    recall@20 : 0.236    ndcg@10 : 0.153    ndcg@20 : 0.183    mrr@10 : 0.279    mrr@20 : 0.288    hit@10 : 0.546    hit@20 : 0.672    precision@10 : 0.081    precision@20 : 0.058
Wed 10 Jul 2024 19:13:17 INFO  Saving current: saved/LightGCN-Jul-10-2024_19-10-55.pth
Wed 10 Jul 2024 19:13:17 INFO  epoch 58 training [time: 0.71s, train loss: 2.3129]
Wed 10 Jul 2024 19:13:19 INFO  epoch 58 evaluating [time: 1.46s, valid_score: 0.236000]
Wed 10 Jul 2024 19:13:19 INFO  valid result: 
recall@10 : 0.164    recall@20 : 0.236    ndcg@10 : 0.153    ndcg@20 : 0.184    mrr@10 : 0.28    mrr@20 : 0.289    hit@10 : 0.55    hit@20 : 0.673    precision@10 : 0.081    precision@20 : 0.058
Wed 10 Jul 2024 19:13:19 INFO  Saving current: saved/LightGCN-Jul-10-2024_19-10-55.pth
Wed 10 Jul 2024 19:13:20 INFO  epoch 59 training [time: 0.68s, train loss: 2.2529]
Wed 10 Jul 2024 19:13:21 INFO  epoch 59 evaluating [time: 1.60s, valid_score: 0.237000]
Wed 10 Jul 2024 19:13:21 INFO  valid result: 
recall@10 : 0.165    recall@20 : 0.237    ndcg@10 : 0.154    ndcg@20 : 0.184    mrr@10 : 0.281    mrr@20 : 0.29    hit@10 : 0.551    hit@20 : 0.674    precision@10 : 0.081    precision@20 : 0.058
Wed 10 Jul 2024 19:13:21 INFO  Saving current: saved/LightGCN-Jul-10-2024_19-10-55.pth
Wed 10 Jul 2024 19:13:22 INFO  epoch 60 training [time: 0.74s, train loss: 2.2369]
Wed 10 Jul 2024 19:13:24 INFO  epoch 60 evaluating [time: 1.54s, valid_score: 0.237000]
Wed 10 Jul 2024 19:13:24 INFO  valid result: 
recall@10 : 0.164    recall@20 : 0.237    ndcg@10 : 0.153    ndcg@20 : 0.185    mrr@10 : 0.281    mrr@20 : 0.29    hit@10 : 0.549    hit@20 : 0.676    precision@10 : 0.081    precision@20 : 0.059
Wed 10 Jul 2024 19:13:24 INFO  Saving current: saved/LightGCN-Jul-10-2024_19-10-55.pth
Wed 10 Jul 2024 19:13:24 INFO  epoch 61 training [time: 0.68s, train loss: 2.1728]
Wed 10 Jul 2024 19:13:26 INFO  epoch 61 evaluating [time: 1.53s, valid_score: 0.238000]
Wed 10 Jul 2024 19:13:26 INFO  valid result: 
recall@10 : 0.165    recall@20 : 0.238    ndcg@10 : 0.154    ndcg@20 : 0.185    mrr@10 : 0.282    mrr@20 : 0.291    hit@10 : 0.551    hit@20 : 0.677    precision@10 : 0.081    precision@20 : 0.059
Wed 10 Jul 2024 19:13:26 INFO  Saving current: saved/LightGCN-Jul-10-2024_19-10-55.pth
Wed 10 Jul 2024 19:13:26 INFO  epoch 62 training [time: 0.67s, train loss: 2.1494]
Wed 10 Jul 2024 19:13:28 INFO  epoch 62 evaluating [time: 1.72s, valid_score: 0.239000]
Wed 10 Jul 2024 19:13:28 INFO  valid result: 
recall@10 : 0.166    recall@20 : 0.239    ndcg@10 : 0.155    ndcg@20 : 0.186    mrr@10 : 0.283    mrr@20 : 0.292    hit@10 : 0.551    hit@20 : 0.68    precision@10 : 0.082    precision@20 : 0.059
Wed 10 Jul 2024 19:13:28 INFO  Saving current: saved/LightGCN-Jul-10-2024_19-10-55.pth
Wed 10 Jul 2024 19:13:29 INFO  epoch 63 training [time: 0.72s, train loss: 2.0914]
Wed 10 Jul 2024 19:13:31 INFO  epoch 63 evaluating [time: 1.74s, valid_score: 0.240000]
Wed 10 Jul 2024 19:13:31 INFO  valid result: 
recall@10 : 0.166    recall@20 : 0.24    ndcg@10 : 0.155    ndcg@20 : 0.186    mrr@10 : 0.284    mrr@20 : 0.293    hit@10 : 0.552    hit@20 : 0.68    precision@10 : 0.082    precision@20 : 0.059
Wed 10 Jul 2024 19:13:31 INFO  Saving current: saved/LightGCN-Jul-10-2024_19-10-55.pth
Wed 10 Jul 2024 19:13:31 INFO  epoch 64 training [time: 0.70s, train loss: 2.0484]
Wed 10 Jul 2024 19:13:33 INFO  epoch 64 evaluating [time: 1.45s, valid_score: 0.240000]
Wed 10 Jul 2024 19:13:33 INFO  valid result: 
recall@10 : 0.167    recall@20 : 0.24    ndcg@10 : 0.156    ndcg@20 : 0.187    mrr@10 : 0.286    mrr@20 : 0.294    hit@10 : 0.554    hit@20 : 0.68    precision@10 : 0.083    precision@20 : 0.059
Wed 10 Jul 2024 19:13:33 INFO  Saving current: saved/LightGCN-Jul-10-2024_19-10-55.pth
Wed 10 Jul 2024 19:13:34 INFO  epoch 65 training [time: 0.67s, train loss: 2.0089]
Wed 10 Jul 2024 19:13:35 INFO  epoch 65 evaluating [time: 1.58s, valid_score: 0.240000]
Wed 10 Jul 2024 19:13:35 INFO  valid result: 
recall@10 : 0.168    recall@20 : 0.24    ndcg@10 : 0.156    ndcg@20 : 0.187    mrr@10 : 0.286    mrr@20 : 0.294    hit@10 : 0.557    hit@20 : 0.682    precision@10 : 0.083    precision@20 : 0.059
Wed 10 Jul 2024 19:13:35 INFO  Saving current: saved/LightGCN-Jul-10-2024_19-10-55.pth
Wed 10 Jul 2024 19:13:36 INFO  epoch 66 training [time: 0.75s, train loss: 1.9356]
Wed 10 Jul 2024 19:13:38 INFO  epoch 66 evaluating [time: 1.85s, valid_score: 0.240000]
Wed 10 Jul 2024 19:13:38 INFO  valid result: 
recall@10 : 0.168    recall@20 : 0.24    ndcg@10 : 0.157    ndcg@20 : 0.188    mrr@10 : 0.287    mrr@20 : 0.296    hit@10 : 0.558    hit@20 : 0.681    precision@10 : 0.083    precision@20 : 0.059
Wed 10 Jul 2024 19:13:38 INFO  Saving current: saved/LightGCN-Jul-10-2024_19-10-55.pth
Wed 10 Jul 2024 19:13:39 INFO  epoch 67 training [time: 0.74s, train loss: 1.9189]
Wed 10 Jul 2024 19:13:40 INFO  epoch 67 evaluating [time: 1.62s, valid_score: 0.242000]
Wed 10 Jul 2024 19:13:40 INFO  valid result: 
recall@10 : 0.168    recall@20 : 0.242    ndcg@10 : 0.157    ndcg@20 : 0.188    mrr@10 : 0.287    mrr@20 : 0.296    hit@10 : 0.557    hit@20 : 0.686    precision@10 : 0.083    precision@20 : 0.06
Wed 10 Jul 2024 19:13:40 INFO  Saving current: saved/LightGCN-Jul-10-2024_19-10-55.pth
Wed 10 Jul 2024 19:13:41 INFO  epoch 68 training [time: 0.69s, train loss: 1.8965]
Wed 10 Jul 2024 19:13:43 INFO  epoch 68 evaluating [time: 1.53s, valid_score: 0.242000]
Wed 10 Jul 2024 19:13:43 INFO  valid result: 
recall@10 : 0.167    recall@20 : 0.242    ndcg@10 : 0.157    ndcg@20 : 0.188    mrr@10 : 0.287    mrr@20 : 0.297    hit@10 : 0.557    hit@20 : 0.686    precision@10 : 0.083    precision@20 : 0.06
Wed 10 Jul 2024 19:13:43 INFO  Saving current: saved/LightGCN-Jul-10-2024_19-10-55.pth
Wed 10 Jul 2024 19:13:43 INFO  epoch 69 training [time: 0.72s, train loss: 1.8230]
Wed 10 Jul 2024 19:13:45 INFO  epoch 69 evaluating [time: 1.93s, valid_score: 0.243000]
Wed 10 Jul 2024 19:13:45 INFO  valid result: 
recall@10 : 0.169    recall@20 : 0.243    ndcg@10 : 0.158    ndcg@20 : 0.189    mrr@10 : 0.29    mrr@20 : 0.299    hit@10 : 0.559    hit@20 : 0.686    precision@10 : 0.083    precision@20 : 0.06
Wed 10 Jul 2024 19:13:45 INFO  Saving current: saved/LightGCN-Jul-10-2024_19-10-55.pth
Wed 10 Jul 2024 19:13:46 INFO  epoch 70 training [time: 0.75s, train loss: 1.7716]
Wed 10 Jul 2024 19:13:48 INFO  epoch 70 evaluating [time: 1.51s, valid_score: 0.244000]
Wed 10 Jul 2024 19:13:48 INFO  valid result: 
recall@10 : 0.169    recall@20 : 0.244    ndcg@10 : 0.158    ndcg@20 : 0.19    mrr@10 : 0.29    mrr@20 : 0.3    hit@10 : 0.558    hit@20 : 0.687    precision@10 : 0.083    precision@20 : 0.06
Wed 10 Jul 2024 19:13:48 INFO  Saving current: saved/LightGCN-Jul-10-2024_19-10-55.pth
Wed 10 Jul 2024 19:13:48 INFO  epoch 71 training [time: 0.67s, train loss: 1.7890]
Wed 10 Jul 2024 19:13:50 INFO  epoch 71 evaluating [time: 1.55s, valid_score: 0.243000]
Wed 10 Jul 2024 19:13:50 INFO  valid result: 
recall@10 : 0.17    recall@20 : 0.243    ndcg@10 : 0.159    ndcg@20 : 0.19    mrr@10 : 0.29    mrr@20 : 0.299    hit@10 : 0.56    hit@20 : 0.687    precision@10 : 0.084    precision@20 : 0.06
Wed 10 Jul 2024 19:13:51 INFO  epoch 72 training [time: 0.71s, train loss: 1.7337]
Wed 10 Jul 2024 19:13:53 INFO  epoch 72 evaluating [time: 2.06s, valid_score: 0.244000]
Wed 10 Jul 2024 19:13:53 INFO  valid result: 
recall@10 : 0.171    recall@20 : 0.244    ndcg@10 : 0.159    ndcg@20 : 0.19    mrr@10 : 0.291    mrr@20 : 0.3    hit@10 : 0.56    hit@20 : 0.69    precision@10 : 0.084    precision@20 : 0.06
Wed 10 Jul 2024 19:13:53 INFO  Saving current: saved/LightGCN-Jul-10-2024_19-10-55.pth
Wed 10 Jul 2024 19:13:53 INFO  epoch 73 training [time: 0.71s, train loss: 1.6987]
Wed 10 Jul 2024 19:13:55 INFO  epoch 73 evaluating [time: 1.49s, valid_score: 0.244000]
Wed 10 Jul 2024 19:13:55 INFO  valid result: 
recall@10 : 0.17    recall@20 : 0.244    ndcg@10 : 0.159    ndcg@20 : 0.19    mrr@10 : 0.29    mrr@20 : 0.299    hit@10 : 0.56    hit@20 : 0.691    precision@10 : 0.084    precision@20 : 0.06
Wed 10 Jul 2024 19:13:55 INFO  Saving current: saved/LightGCN-Jul-10-2024_19-10-55.pth
Wed 10 Jul 2024 19:13:56 INFO  epoch 74 training [time: 0.70s, train loss: 1.6908]
Wed 10 Jul 2024 19:13:57 INFO  epoch 74 evaluating [time: 1.49s, valid_score: 0.245000]
Wed 10 Jul 2024 19:13:57 INFO  valid result: 
recall@10 : 0.171    recall@20 : 0.245    ndcg@10 : 0.159    ndcg@20 : 0.191    mrr@10 : 0.291    mrr@20 : 0.3    hit@10 : 0.561    hit@20 : 0.692    precision@10 : 0.084    precision@20 : 0.06
Wed 10 Jul 2024 19:13:57 INFO  Saving current: saved/LightGCN-Jul-10-2024_19-10-55.pth
Wed 10 Jul 2024 19:13:58 INFO  epoch 75 training [time: 0.71s, train loss: 1.6098]
Wed 10 Jul 2024 19:14:00 INFO  epoch 75 evaluating [time: 1.79s, valid_score: 0.247000]
Wed 10 Jul 2024 19:14:00 INFO  valid result: 
recall@10 : 0.17    recall@20 : 0.247    ndcg@10 : 0.159    ndcg@20 : 0.191    mrr@10 : 0.29    mrr@20 : 0.299    hit@10 : 0.56    hit@20 : 0.693    precision@10 : 0.084    precision@20 : 0.061
Wed 10 Jul 2024 19:14:00 INFO  Saving current: saved/LightGCN-Jul-10-2024_19-10-55.pth
Wed 10 Jul 2024 19:14:01 INFO  epoch 76 training [time: 0.73s, train loss: 1.6287]
Wed 10 Jul 2024 19:14:02 INFO  epoch 76 evaluating [time: 1.53s, valid_score: 0.247000]
Wed 10 Jul 2024 19:14:02 INFO  valid result: 
recall@10 : 0.172    recall@20 : 0.247    ndcg@10 : 0.16    ndcg@20 : 0.192    mrr@10 : 0.292    mrr@20 : 0.301    hit@10 : 0.562    hit@20 : 0.693    precision@10 : 0.085    precision@20 : 0.061
Wed 10 Jul 2024 19:14:02 INFO  Saving current: saved/LightGCN-Jul-10-2024_19-10-55.pth
Wed 10 Jul 2024 19:14:03 INFO  epoch 77 training [time: 0.67s, train loss: 1.5843]
Wed 10 Jul 2024 19:14:04 INFO  epoch 77 evaluating [time: 1.62s, valid_score: 0.248000]
Wed 10 Jul 2024 19:14:04 INFO  valid result: 
recall@10 : 0.173    recall@20 : 0.248    ndcg@10 : 0.16    ndcg@20 : 0.192    mrr@10 : 0.292    mrr@20 : 0.301    hit@10 : 0.564    hit@20 : 0.695    precision@10 : 0.085    precision@20 : 0.061
Wed 10 Jul 2024 19:14:04 INFO  Saving current: saved/LightGCN-Jul-10-2024_19-10-55.pth
Wed 10 Jul 2024 19:14:05 INFO  epoch 78 training [time: 0.72s, train loss: 1.5499]
Wed 10 Jul 2024 19:14:07 INFO  epoch 78 evaluating [time: 1.83s, valid_score: 0.248000]
Wed 10 Jul 2024 19:14:07 INFO  valid result: 
recall@10 : 0.173    recall@20 : 0.248    ndcg@10 : 0.161    ndcg@20 : 0.193    mrr@10 : 0.292    mrr@20 : 0.301    hit@10 : 0.563    hit@20 : 0.696    precision@10 : 0.086    precision@20 : 0.061
Wed 10 Jul 2024 19:14:07 INFO  Saving current: saved/LightGCN-Jul-10-2024_19-10-55.pth
Wed 10 Jul 2024 19:14:08 INFO  epoch 79 training [time: 0.73s, train loss: 1.5137]
Wed 10 Jul 2024 19:14:09 INFO  epoch 79 evaluating [time: 1.60s, valid_score: 0.249000]
Wed 10 Jul 2024 19:14:09 INFO  valid result: 
recall@10 : 0.173    recall@20 : 0.249    ndcg@10 : 0.161    ndcg@20 : 0.193    mrr@10 : 0.292    mrr@20 : 0.301    hit@10 : 0.563    hit@20 : 0.695    precision@10 : 0.086    precision@20 : 0.061
Wed 10 Jul 2024 19:14:09 INFO  Saving current: saved/LightGCN-Jul-10-2024_19-10-55.pth
Wed 10 Jul 2024 19:14:10 INFO  epoch 80 training [time: 0.73s, train loss: 1.4876]
Wed 10 Jul 2024 19:14:12 INFO  epoch 80 evaluating [time: 1.46s, valid_score: 0.249000]
Wed 10 Jul 2024 19:14:12 INFO  valid result: 
recall@10 : 0.174    recall@20 : 0.249    ndcg@10 : 0.162    ndcg@20 : 0.194    mrr@10 : 0.294    mrr@20 : 0.303    hit@10 : 0.564    hit@20 : 0.695    precision@10 : 0.086    precision@20 : 0.061
Wed 10 Jul 2024 19:14:12 INFO  Saving current: saved/LightGCN-Jul-10-2024_19-10-55.pth
Wed 10 Jul 2024 19:14:12 INFO  epoch 81 training [time: 0.68s, train loss: 1.4510]
Wed 10 Jul 2024 19:14:14 INFO  epoch 81 evaluating [time: 1.72s, valid_score: 0.249000]
Wed 10 Jul 2024 19:14:14 INFO  valid result: 
recall@10 : 0.174    recall@20 : 0.249    ndcg@10 : 0.162    ndcg@20 : 0.194    mrr@10 : 0.294    mrr@20 : 0.303    hit@10 : 0.567    hit@20 : 0.694    precision@10 : 0.086    precision@20 : 0.061
Wed 10 Jul 2024 19:14:14 INFO  Saving current: saved/LightGCN-Jul-10-2024_19-10-55.pth
Wed 10 Jul 2024 19:14:15 INFO  epoch 82 training [time: 0.73s, train loss: 1.4281]
Wed 10 Jul 2024 19:14:16 INFO  epoch 82 evaluating [time: 1.62s, valid_score: 0.250000]
Wed 10 Jul 2024 19:14:16 INFO  valid result: 
recall@10 : 0.174    recall@20 : 0.25    ndcg@10 : 0.162    ndcg@20 : 0.194    mrr@10 : 0.294    mrr@20 : 0.303    hit@10 : 0.568    hit@20 : 0.696    precision@10 : 0.086    precision@20 : 0.062
Wed 10 Jul 2024 19:14:16 INFO  Saving current: saved/LightGCN-Jul-10-2024_19-10-55.pth
Wed 10 Jul 2024 19:14:17 INFO  epoch 83 training [time: 0.69s, train loss: 1.3758]
Wed 10 Jul 2024 19:14:19 INFO  epoch 83 evaluating [time: 1.52s, valid_score: 0.251000]
Wed 10 Jul 2024 19:14:19 INFO  valid result: 
recall@10 : 0.174    recall@20 : 0.251    ndcg@10 : 0.162    ndcg@20 : 0.195    mrr@10 : 0.295    mrr@20 : 0.304    hit@10 : 0.565    hit@20 : 0.697    precision@10 : 0.086    precision@20 : 0.062
Wed 10 Jul 2024 19:14:19 INFO  Saving current: saved/LightGCN-Jul-10-2024_19-10-55.pth
Wed 10 Jul 2024 19:14:19 INFO  epoch 84 training [time: 0.68s, train loss: 1.3804]
Wed 10 Jul 2024 19:14:21 INFO  epoch 84 evaluating [time: 1.70s, valid_score: 0.250000]
Wed 10 Jul 2024 19:14:21 INFO  valid result: 
recall@10 : 0.175    recall@20 : 0.25    ndcg@10 : 0.162    ndcg@20 : 0.194    mrr@10 : 0.294    mrr@20 : 0.303    hit@10 : 0.568    hit@20 : 0.696    precision@10 : 0.086    precision@20 : 0.062
Wed 10 Jul 2024 19:14:22 INFO  epoch 85 training [time: 0.71s, train loss: 1.3551]
Wed 10 Jul 2024 19:14:23 INFO  epoch 85 evaluating [time: 1.54s, valid_score: 0.251000]
Wed 10 Jul 2024 19:14:23 INFO  valid result: 
recall@10 : 0.175    recall@20 : 0.251    ndcg@10 : 0.163    ndcg@20 : 0.195    mrr@10 : 0.295    mrr@20 : 0.304    hit@10 : 0.571    hit@20 : 0.697    precision@10 : 0.086    precision@20 : 0.062
Wed 10 Jul 2024 19:14:23 INFO  Saving current: saved/LightGCN-Jul-10-2024_19-10-55.pth
Wed 10 Jul 2024 19:14:24 INFO  epoch 86 training [time: 0.66s, train loss: 1.3428]
Wed 10 Jul 2024 19:14:25 INFO  epoch 86 evaluating [time: 1.44s, valid_score: 0.252000]
Wed 10 Jul 2024 19:14:25 INFO  valid result: 
recall@10 : 0.175    recall@20 : 0.252    ndcg@10 : 0.163    ndcg@20 : 0.195    mrr@10 : 0.295    mrr@20 : 0.304    hit@10 : 0.571    hit@20 : 0.697    precision@10 : 0.087    precision@20 : 0.062
Wed 10 Jul 2024 19:14:26 INFO  Saving current: saved/LightGCN-Jul-10-2024_19-10-55.pth
Wed 10 Jul 2024 19:14:26 INFO  epoch 87 training [time: 0.72s, train loss: 1.3495]
Wed 10 Jul 2024 19:14:28 INFO  epoch 87 evaluating [time: 1.71s, valid_score: 0.253000]
Wed 10 Jul 2024 19:14:28 INFO  valid result: 
recall@10 : 0.177    recall@20 : 0.253    ndcg@10 : 0.163    ndcg@20 : 0.195    mrr@10 : 0.295    mrr@20 : 0.304    hit@10 : 0.577    hit@20 : 0.698    precision@10 : 0.087    precision@20 : 0.062
Wed 10 Jul 2024 19:14:28 INFO  Saving current: saved/LightGCN-Jul-10-2024_19-10-55.pth
Wed 10 Jul 2024 19:14:29 INFO  epoch 88 training [time: 0.75s, train loss: 1.2925]
Wed 10 Jul 2024 19:14:31 INFO  epoch 88 evaluating [time: 1.74s, valid_score: 0.253000]
Wed 10 Jul 2024 19:14:31 INFO  valid result: 
recall@10 : 0.177    recall@20 : 0.253    ndcg@10 : 0.164    ndcg@20 : 0.196    mrr@10 : 0.296    mrr@20 : 0.304    hit@10 : 0.578    hit@20 : 0.7    precision@10 : 0.088    precision@20 : 0.062
Wed 10 Jul 2024 19:14:31 INFO  Saving current: saved/LightGCN-Jul-10-2024_19-10-55.pth
Wed 10 Jul 2024 19:14:31 INFO  epoch 89 training [time: 0.73s, train loss: 1.3049]
Wed 10 Jul 2024 19:14:33 INFO  epoch 89 evaluating [time: 1.54s, valid_score: 0.253000]
Wed 10 Jul 2024 19:14:33 INFO  valid result: 
recall@10 : 0.177    recall@20 : 0.253    ndcg@10 : 0.164    ndcg@20 : 0.196    mrr@10 : 0.297    mrr@20 : 0.305    hit@10 : 0.575    hit@20 : 0.7    precision@10 : 0.087    precision@20 : 0.062
Wed 10 Jul 2024 19:14:33 INFO  Saving current: saved/LightGCN-Jul-10-2024_19-10-55.pth
Wed 10 Jul 2024 19:14:34 INFO  epoch 90 training [time: 0.73s, train loss: 1.2541]
Wed 10 Jul 2024 19:14:35 INFO  epoch 90 evaluating [time: 1.69s, valid_score: 0.254000]
Wed 10 Jul 2024 19:14:35 INFO  valid result: 
recall@10 : 0.177    recall@20 : 0.254    ndcg@10 : 0.164    ndcg@20 : 0.196    mrr@10 : 0.295    mrr@20 : 0.304    hit@10 : 0.574    hit@20 : 0.701    precision@10 : 0.087    precision@20 : 0.063
Wed 10 Jul 2024 19:14:35 INFO  Saving current: saved/LightGCN-Jul-10-2024_19-10-55.pth
Wed 10 Jul 2024 19:14:36 INFO  epoch 91 training [time: 0.75s, train loss: 1.2615]
Wed 10 Jul 2024 19:14:38 INFO  epoch 91 evaluating [time: 1.55s, valid_score: 0.256000]
Wed 10 Jul 2024 19:14:38 INFO  valid result: 
recall@10 : 0.178    recall@20 : 0.256    ndcg@10 : 0.164    ndcg@20 : 0.197    mrr@10 : 0.295    mrr@20 : 0.304    hit@10 : 0.578    hit@20 : 0.703    precision@10 : 0.088    precision@20 : 0.063
Wed 10 Jul 2024 19:14:38 INFO  Saving current: saved/LightGCN-Jul-10-2024_19-10-55.pth
Wed 10 Jul 2024 19:14:38 INFO  epoch 92 training [time: 0.68s, train loss: 1.1884]
Wed 10 Jul 2024 19:14:40 INFO  epoch 92 evaluating [time: 1.45s, valid_score: 0.255000]
Wed 10 Jul 2024 19:14:40 INFO  valid result: 
recall@10 : 0.177    recall@20 : 0.255    ndcg@10 : 0.164    ndcg@20 : 0.197    mrr@10 : 0.295    mrr@20 : 0.304    hit@10 : 0.575    hit@20 : 0.702    precision@10 : 0.088    precision@20 : 0.063
Wed 10 Jul 2024 19:14:41 INFO  epoch 93 training [time: 0.70s, train loss: 1.2526]
Wed 10 Jul 2024 19:14:42 INFO  epoch 93 evaluating [time: 1.88s, valid_score: 0.254000]
Wed 10 Jul 2024 19:14:42 INFO  valid result: 
recall@10 : 0.177    recall@20 : 0.254    ndcg@10 : 0.164    ndcg@20 : 0.197    mrr@10 : 0.295    mrr@20 : 0.304    hit@10 : 0.574    hit@20 : 0.699    precision@10 : 0.087    precision@20 : 0.063
Wed 10 Jul 2024 19:14:43 INFO  epoch 94 training [time: 0.73s, train loss: 1.1861]
Wed 10 Jul 2024 19:14:45 INFO  epoch 94 evaluating [time: 1.58s, valid_score: 0.255000]
Wed 10 Jul 2024 19:14:45 INFO  valid result: 
recall@10 : 0.177    recall@20 : 0.255    ndcg@10 : 0.164    ndcg@20 : 0.197    mrr@10 : 0.296    mrr@20 : 0.305    hit@10 : 0.572    hit@20 : 0.698    precision@10 : 0.087    precision@20 : 0.063
Wed 10 Jul 2024 19:14:45 INFO  epoch 95 training [time: 0.69s, train loss: 1.1765]
Wed 10 Jul 2024 19:14:47 INFO  epoch 95 evaluating [time: 1.56s, valid_score: 0.254000]
Wed 10 Jul 2024 19:14:47 INFO  valid result: 
recall@10 : 0.177    recall@20 : 0.254    ndcg@10 : 0.165    ndcg@20 : 0.197    mrr@10 : 0.297    mrr@20 : 0.306    hit@10 : 0.572    hit@20 : 0.697    precision@10 : 0.088    precision@20 : 0.063
Wed 10 Jul 2024 19:14:48 INFO  epoch 96 training [time: 0.70s, train loss: 1.1770]
Wed 10 Jul 2024 19:14:49 INFO  epoch 96 evaluating [time: 1.73s, valid_score: 0.255000]
Wed 10 Jul 2024 19:14:49 INFO  valid result: 
recall@10 : 0.178    recall@20 : 0.255    ndcg@10 : 0.165    ndcg@20 : 0.198    mrr@10 : 0.299    mrr@20 : 0.308    hit@10 : 0.573    hit@20 : 0.697    precision@10 : 0.088    precision@20 : 0.063
Wed 10 Jul 2024 19:14:50 INFO  epoch 97 training [time: 0.70s, train loss: 1.1387]
Wed 10 Jul 2024 19:14:52 INFO  epoch 97 evaluating [time: 1.58s, valid_score: 0.256000]
Wed 10 Jul 2024 19:14:52 INFO  valid result: 
recall@10 : 0.177    recall@20 : 0.256    ndcg@10 : 0.165    ndcg@20 : 0.198    mrr@10 : 0.297    mrr@20 : 0.306    hit@10 : 0.572    hit@20 : 0.7    precision@10 : 0.088    precision@20 : 0.063
Wed 10 Jul 2024 19:14:52 INFO  Saving current: saved/LightGCN-Jul-10-2024_19-10-55.pth
Wed 10 Jul 2024 19:14:52 INFO  epoch 98 training [time: 0.67s, train loss: 1.1427]
Wed 10 Jul 2024 19:14:54 INFO  epoch 98 evaluating [time: 1.55s, valid_score: 0.256000]
Wed 10 Jul 2024 19:14:54 INFO  valid result: 
recall@10 : 0.178    recall@20 : 0.256    ndcg@10 : 0.165    ndcg@20 : 0.198    mrr@10 : 0.298    mrr@20 : 0.307    hit@10 : 0.577    hit@20 : 0.701    precision@10 : 0.088    precision@20 : 0.063
Wed 10 Jul 2024 19:14:54 INFO  Saving current: saved/LightGCN-Jul-10-2024_19-10-55.pth
Wed 10 Jul 2024 19:14:55 INFO  epoch 99 training [time: 0.72s, train loss: 1.0969]
Wed 10 Jul 2024 19:14:57 INFO  epoch 99 evaluating [time: 1.99s, valid_score: 0.256000]
Wed 10 Jul 2024 19:14:57 INFO  valid result: 
recall@10 : 0.179    recall@20 : 0.256    ndcg@10 : 0.165    ndcg@20 : 0.198    mrr@10 : 0.298    mrr@20 : 0.306    hit@10 : 0.576    hit@20 : 0.7    precision@10 : 0.088    precision@20 : 0.063
Wed 10 Jul 2024 19:14:57 INFO  Saving current: saved/LightGCN-Jul-10-2024_19-10-55.pth
Wed 10 Jul 2024 19:14:57 INFO  epoch 100 training [time: 0.72s, train loss: 1.0531]
Wed 10 Jul 2024 19:14:59 INFO  epoch 100 evaluating [time: 1.48s, valid_score: 0.256000]
Wed 10 Jul 2024 19:14:59 INFO  valid result: 
recall@10 : 0.179    recall@20 : 0.256    ndcg@10 : 0.165    ndcg@20 : 0.198    mrr@10 : 0.297    mrr@20 : 0.306    hit@10 : 0.574    hit@20 : 0.702    precision@10 : 0.088    precision@20 : 0.063
Wed 10 Jul 2024 19:14:59 INFO  Saving current: saved/LightGCN-Jul-10-2024_19-10-55.pth
Wed 10 Jul 2024 19:15:00 INFO  epoch 101 training [time: 0.68s, train loss: 1.0439]
Wed 10 Jul 2024 19:15:01 INFO  epoch 101 evaluating [time: 1.56s, valid_score: 0.255000]
Wed 10 Jul 2024 19:15:01 INFO  valid result: 
recall@10 : 0.179    recall@20 : 0.255    ndcg@10 : 0.166    ndcg@20 : 0.198    mrr@10 : 0.299    mrr@20 : 0.307    hit@10 : 0.576    hit@20 : 0.699    precision@10 : 0.088    precision@20 : 0.063
Wed 10 Jul 2024 19:15:02 INFO  epoch 102 training [time: 0.74s, train loss: 1.0322]
Wed 10 Jul 2024 19:15:04 INFO  epoch 102 evaluating [time: 1.97s, valid_score: 0.255000]
Wed 10 Jul 2024 19:15:04 INFO  valid result: 
recall@10 : 0.178    recall@20 : 0.255    ndcg@10 : 0.166    ndcg@20 : 0.198    mrr@10 : 0.298    mrr@20 : 0.307    hit@10 : 0.574    hit@20 : 0.698    precision@10 : 0.088    precision@20 : 0.063
Wed 10 Jul 2024 19:15:05 INFO  epoch 103 training [time: 0.76s, train loss: 1.0468]
Wed 10 Jul 2024 19:15:06 INFO  epoch 103 evaluating [time: 1.61s, valid_score: 0.255000]
Wed 10 Jul 2024 19:15:06 INFO  valid result: 
recall@10 : 0.179    recall@20 : 0.255    ndcg@10 : 0.166    ndcg@20 : 0.199    mrr@10 : 0.299    mrr@20 : 0.308    hit@10 : 0.575    hit@20 : 0.698    precision@10 : 0.089    precision@20 : 0.063
Wed 10 Jul 2024 19:15:07 INFO  epoch 104 training [time: 0.70s, train loss: 1.0547]
Wed 10 Jul 2024 19:15:09 INFO  epoch 104 evaluating [time: 1.69s, valid_score: 0.256000]
Wed 10 Jul 2024 19:15:09 INFO  valid result: 
recall@10 : 0.18    recall@20 : 0.256    ndcg@10 : 0.167    ndcg@20 : 0.199    mrr@10 : 0.3    mrr@20 : 0.308    hit@10 : 0.579    hit@20 : 0.702    precision@10 : 0.089    precision@20 : 0.063
Wed 10 Jul 2024 19:15:09 INFO  Saving current: saved/LightGCN-Jul-10-2024_19-10-55.pth
Wed 10 Jul 2024 19:15:09 INFO  epoch 105 training [time: 0.71s, train loss: 1.0070]
Wed 10 Jul 2024 19:15:11 INFO  epoch 105 evaluating [time: 1.82s, valid_score: 0.257000]
Wed 10 Jul 2024 19:15:11 INFO  valid result: 
recall@10 : 0.18    recall@20 : 0.257    ndcg@10 : 0.167    ndcg@20 : 0.2    mrr@10 : 0.301    mrr@20 : 0.31    hit@10 : 0.577    hit@20 : 0.7    precision@10 : 0.089    precision@20 : 0.063
Wed 10 Jul 2024 19:15:11 INFO  Saving current: saved/LightGCN-Jul-10-2024_19-10-55.pth
Wed 10 Jul 2024 19:15:12 INFO  epoch 106 training [time: 0.73s, train loss: 1.0150]
Wed 10 Jul 2024 19:15:13 INFO  epoch 106 evaluating [time: 1.47s, valid_score: 0.257000]
Wed 10 Jul 2024 19:15:13 INFO  valid result: 
recall@10 : 0.18    recall@20 : 0.257    ndcg@10 : 0.168    ndcg@20 : 0.2    mrr@10 : 0.302    mrr@20 : 0.31    hit@10 : 0.579    hit@20 : 0.7    precision@10 : 0.089    precision@20 : 0.063
Wed 10 Jul 2024 19:15:14 INFO  Saving current: saved/LightGCN-Jul-10-2024_19-10-55.pth
Wed 10 Jul 2024 19:15:14 INFO  epoch 107 training [time: 0.68s, train loss: 0.9955]
Wed 10 Jul 2024 19:15:16 INFO  epoch 107 evaluating [time: 1.69s, valid_score: 0.256000]
Wed 10 Jul 2024 19:15:16 INFO  valid result: 
recall@10 : 0.181    recall@20 : 0.256    ndcg@10 : 0.168    ndcg@20 : 0.2    mrr@10 : 0.301    mrr@20 : 0.31    hit@10 : 0.579    hit@20 : 0.699    precision@10 : 0.089    precision@20 : 0.063
Wed 10 Jul 2024 19:15:17 INFO  epoch 108 training [time: 0.72s, train loss: 0.9755]
Wed 10 Jul 2024 19:15:18 INFO  epoch 108 evaluating [time: 1.78s, valid_score: 0.257000]
Wed 10 Jul 2024 19:15:18 INFO  valid result: 
recall@10 : 0.182    recall@20 : 0.257    ndcg@10 : 0.168    ndcg@20 : 0.2    mrr@10 : 0.302    mrr@20 : 0.311    hit@10 : 0.58    hit@20 : 0.7    precision@10 : 0.09    precision@20 : 0.063
Wed 10 Jul 2024 19:15:19 INFO  Saving current: saved/LightGCN-Jul-10-2024_19-10-55.pth
Wed 10 Jul 2024 19:15:19 INFO  epoch 109 training [time: 0.73s, train loss: 0.9557]
Wed 10 Jul 2024 19:15:21 INFO  epoch 109 evaluating [time: 1.48s, valid_score: 0.256000]
Wed 10 Jul 2024 19:15:21 INFO  valid result: 
recall@10 : 0.181    recall@20 : 0.256    ndcg@10 : 0.169    ndcg@20 : 0.2    mrr@10 : 0.304    mrr@20 : 0.312    hit@10 : 0.581    hit@20 : 0.7    precision@10 : 0.09    precision@20 : 0.063
Wed 10 Jul 2024 19:15:21 INFO  epoch 110 training [time: 0.68s, train loss: 0.9702]
Wed 10 Jul 2024 19:15:23 INFO  epoch 110 evaluating [time: 1.56s, valid_score: 0.257000]
Wed 10 Jul 2024 19:15:23 INFO  valid result: 
recall@10 : 0.18    recall@20 : 0.257    ndcg@10 : 0.168    ndcg@20 : 0.201    mrr@10 : 0.303    mrr@20 : 0.312    hit@10 : 0.577    hit@20 : 0.701    precision@10 : 0.089    precision@20 : 0.063
Wed 10 Jul 2024 19:15:23 INFO  Saving current: saved/LightGCN-Jul-10-2024_19-10-55.pth
Wed 10 Jul 2024 19:15:24 INFO  epoch 111 training [time: 0.71s, train loss: 0.9568]
Wed 10 Jul 2024 19:15:25 INFO  epoch 111 evaluating [time: 1.70s, valid_score: 0.257000]
Wed 10 Jul 2024 19:15:25 INFO  valid result: 
recall@10 : 0.182    recall@20 : 0.257    ndcg@10 : 0.169    ndcg@20 : 0.201    mrr@10 : 0.303    mrr@20 : 0.312    hit@10 : 0.581    hit@20 : 0.7    precision@10 : 0.09    precision@20 : 0.064
Wed 10 Jul 2024 19:15:25 INFO  Saving current: saved/LightGCN-Jul-10-2024_19-10-55.pth
Wed 10 Jul 2024 19:15:26 INFO  epoch 112 training [time: 0.73s, train loss: 0.9408]
Wed 10 Jul 2024 19:15:28 INFO  epoch 112 evaluating [time: 1.50s, valid_score: 0.257000]
Wed 10 Jul 2024 19:15:28 INFO  valid result: 
recall@10 : 0.182    recall@20 : 0.257    ndcg@10 : 0.169    ndcg@20 : 0.201    mrr@10 : 0.304    mrr@20 : 0.312    hit@10 : 0.583    hit@20 : 0.7    precision@10 : 0.09    precision@20 : 0.063
Wed 10 Jul 2024 19:15:28 INFO  Saving current: saved/LightGCN-Jul-10-2024_19-10-55.pth
Wed 10 Jul 2024 19:15:28 INFO  epoch 113 training [time: 0.71s, train loss: 0.9093]
Wed 10 Jul 2024 19:15:30 INFO  epoch 113 evaluating [time: 1.57s, valid_score: 0.258000]
Wed 10 Jul 2024 19:15:30 INFO  valid result: 
recall@10 : 0.182    recall@20 : 0.258    ndcg@10 : 0.169    ndcg@20 : 0.201    mrr@10 : 0.305    mrr@20 : 0.313    hit@10 : 0.582    hit@20 : 0.702    precision@10 : 0.09    precision@20 : 0.064
Wed 10 Jul 2024 19:15:30 INFO  Saving current: saved/LightGCN-Jul-10-2024_19-10-55.pth
Wed 10 Jul 2024 19:15:31 INFO  epoch 114 training [time: 0.73s, train loss: 0.9144]
Wed 10 Jul 2024 19:15:33 INFO  epoch 114 evaluating [time: 1.85s, valid_score: 0.258000]
Wed 10 Jul 2024 19:15:33 INFO  valid result: 
recall@10 : 0.181    recall@20 : 0.258    ndcg@10 : 0.169    ndcg@20 : 0.201    mrr@10 : 0.305    mrr@20 : 0.314    hit@10 : 0.582    hit@20 : 0.7    precision@10 : 0.09    precision@20 : 0.064
Wed 10 Jul 2024 19:15:33 INFO  Saving current: saved/LightGCN-Jul-10-2024_19-10-55.pth
Wed 10 Jul 2024 19:15:33 INFO  epoch 115 training [time: 0.77s, train loss: 0.9171]
Wed 10 Jul 2024 19:15:35 INFO  epoch 115 evaluating [time: 1.47s, valid_score: 0.258000]
Wed 10 Jul 2024 19:15:35 INFO  valid result: 
recall@10 : 0.182    recall@20 : 0.258    ndcg@10 : 0.169    ndcg@20 : 0.201    mrr@10 : 0.303    mrr@20 : 0.311    hit@10 : 0.578    hit@20 : 0.702    precision@10 : 0.09    precision@20 : 0.064
Wed 10 Jul 2024 19:15:35 INFO  Saving current: saved/LightGCN-Jul-10-2024_19-10-55.pth
Wed 10 Jul 2024 19:15:36 INFO  epoch 116 training [time: 0.69s, train loss: 0.8923]
Wed 10 Jul 2024 19:15:37 INFO  epoch 116 evaluating [time: 1.55s, valid_score: 0.258000]
Wed 10 Jul 2024 19:15:37 INFO  valid result: 
recall@10 : 0.182    recall@20 : 0.258    ndcg@10 : 0.169    ndcg@20 : 0.201    mrr@10 : 0.304    mrr@20 : 0.312    hit@10 : 0.584    hit@20 : 0.7    precision@10 : 0.09    precision@20 : 0.064
Wed 10 Jul 2024 19:15:37 INFO  Saving current: saved/LightGCN-Jul-10-2024_19-10-55.pth
Wed 10 Jul 2024 19:15:38 INFO  epoch 117 training [time: 0.72s, train loss: 0.8741]
Wed 10 Jul 2024 19:15:40 INFO  epoch 117 evaluating [time: 1.73s, valid_score: 0.258000]
Wed 10 Jul 2024 19:15:40 INFO  valid result: 
recall@10 : 0.181    recall@20 : 0.258    ndcg@10 : 0.168    ndcg@20 : 0.201    mrr@10 : 0.304    mrr@20 : 0.312    hit@10 : 0.582    hit@20 : 0.7    precision@10 : 0.089    precision@20 : 0.064
Wed 10 Jul 2024 19:15:40 INFO  Saving current: saved/LightGCN-Jul-10-2024_19-10-55.pth
Wed 10 Jul 2024 19:15:40 INFO  epoch 118 training [time: 0.75s, train loss: 0.8669]
Wed 10 Jul 2024 19:15:42 INFO  epoch 118 evaluating [time: 1.47s, valid_score: 0.258000]
Wed 10 Jul 2024 19:15:42 INFO  valid result: 
recall@10 : 0.181    recall@20 : 0.258    ndcg@10 : 0.168    ndcg@20 : 0.201    mrr@10 : 0.304    mrr@20 : 0.312    hit@10 : 0.584    hit@20 : 0.7    precision@10 : 0.089    precision@20 : 0.064
Wed 10 Jul 2024 19:15:42 INFO  Saving current: saved/LightGCN-Jul-10-2024_19-10-55.pth
Wed 10 Jul 2024 19:15:43 INFO  epoch 119 training [time: 0.67s, train loss: 0.8548]
Wed 10 Jul 2024 19:15:44 INFO  epoch 119 evaluating [time: 1.54s, valid_score: 0.258000]
Wed 10 Jul 2024 19:15:44 INFO  valid result: 
recall@10 : 0.181    recall@20 : 0.258    ndcg@10 : 0.169    ndcg@20 : 0.202    mrr@10 : 0.306    mrr@20 : 0.314    hit@10 : 0.585    hit@20 : 0.699    precision@10 : 0.089    precision@20 : 0.064
Wed 10 Jul 2024 19:15:44 INFO  Saving current: saved/LightGCN-Jul-10-2024_19-10-55.pth
Wed 10 Jul 2024 19:15:45 INFO  epoch 120 training [time: 0.71s, train loss: 0.8147]
Wed 10 Jul 2024 19:15:47 INFO  epoch 120 evaluating [time: 1.63s, valid_score: 0.259000]
Wed 10 Jul 2024 19:15:47 INFO  valid result: 
recall@10 : 0.181    recall@20 : 0.259    ndcg@10 : 0.169    ndcg@20 : 0.202    mrr@10 : 0.305    mrr@20 : 0.313    hit@10 : 0.585    hit@20 : 0.702    precision@10 : 0.09    precision@20 : 0.064
Wed 10 Jul 2024 19:15:47 INFO  Saving current: saved/LightGCN-Jul-10-2024_19-10-55.pth
Wed 10 Jul 2024 19:15:47 INFO  epoch 121 training [time: 0.80s, train loss: 0.8155]
Wed 10 Jul 2024 19:15:49 INFO  epoch 121 evaluating [time: 1.58s, valid_score: 0.259000]
Wed 10 Jul 2024 19:15:49 INFO  valid result: 
recall@10 : 0.181    recall@20 : 0.259    ndcg@10 : 0.169    ndcg@20 : 0.202    mrr@10 : 0.305    mrr@20 : 0.313    hit@10 : 0.584    hit@20 : 0.703    precision@10 : 0.09    precision@20 : 0.064
Wed 10 Jul 2024 19:15:49 INFO  Saving current: saved/LightGCN-Jul-10-2024_19-10-55.pth
Wed 10 Jul 2024 19:15:50 INFO  epoch 122 training [time: 0.68s, train loss: 0.8330]
Wed 10 Jul 2024 19:15:51 INFO  epoch 122 evaluating [time: 1.59s, valid_score: 0.259000]
Wed 10 Jul 2024 19:15:51 INFO  valid result: 
recall@10 : 0.18    recall@20 : 0.259    ndcg@10 : 0.168    ndcg@20 : 0.202    mrr@10 : 0.304    mrr@20 : 0.313    hit@10 : 0.58    hit@20 : 0.703    precision@10 : 0.089    precision@20 : 0.064
Wed 10 Jul 2024 19:15:51 INFO  Saving current: saved/LightGCN-Jul-10-2024_19-10-55.pth
Wed 10 Jul 2024 19:15:52 INFO  epoch 123 training [time: 0.73s, train loss: 0.7992]
Wed 10 Jul 2024 19:15:54 INFO  epoch 123 evaluating [time: 1.98s, valid_score: 0.259000]
Wed 10 Jul 2024 19:15:54 INFO  valid result: 
recall@10 : 0.181    recall@20 : 0.259    ndcg@10 : 0.169    ndcg@20 : 0.202    mrr@10 : 0.305    mrr@20 : 0.314    hit@10 : 0.582    hit@20 : 0.703    precision@10 : 0.089    precision@20 : 0.064
Wed 10 Jul 2024 19:15:54 INFO  Saving current: saved/LightGCN-Jul-10-2024_19-10-55.pth
Wed 10 Jul 2024 19:15:55 INFO  epoch 124 training [time: 0.72s, train loss: 0.8002]
Wed 10 Jul 2024 19:15:56 INFO  epoch 124 evaluating [time: 1.48s, valid_score: 0.259000]
Wed 10 Jul 2024 19:15:56 INFO  valid result: 
recall@10 : 0.18    recall@20 : 0.259    ndcg@10 : 0.168    ndcg@20 : 0.202    mrr@10 : 0.304    mrr@20 : 0.313    hit@10 : 0.579    hit@20 : 0.704    precision@10 : 0.089    precision@20 : 0.064
Wed 10 Jul 2024 19:15:56 INFO  Saving current: saved/LightGCN-Jul-10-2024_19-10-55.pth
Wed 10 Jul 2024 19:15:57 INFO  epoch 125 training [time: 0.67s, train loss: 0.7855]
Wed 10 Jul 2024 19:15:59 INFO  epoch 125 evaluating [time: 1.59s, valid_score: 0.258000]
Wed 10 Jul 2024 19:15:59 INFO  valid result: 
recall@10 : 0.182    recall@20 : 0.258    ndcg@10 : 0.169    ndcg@20 : 0.202    mrr@10 : 0.306    mrr@20 : 0.314    hit@10 : 0.585    hit@20 : 0.698    precision@10 : 0.09    precision@20 : 0.064
Wed 10 Jul 2024 19:15:59 INFO  epoch 126 training [time: 0.73s, train loss: 0.7444]
Wed 10 Jul 2024 19:16:01 INFO  epoch 126 evaluating [time: 1.63s, valid_score: 0.259000]
Wed 10 Jul 2024 19:16:01 INFO  valid result: 
recall@10 : 0.181    recall@20 : 0.259    ndcg@10 : 0.169    ndcg@20 : 0.203    mrr@10 : 0.306    mrr@20 : 0.314    hit@10 : 0.584    hit@20 : 0.702    precision@10 : 0.09    precision@20 : 0.064
Wed 10 Jul 2024 19:16:01 INFO  Saving current: saved/LightGCN-Jul-10-2024_19-10-55.pth
Wed 10 Jul 2024 19:16:02 INFO  epoch 127 training [time: 0.73s, train loss: 0.7679]
Wed 10 Jul 2024 19:16:03 INFO  epoch 127 evaluating [time: 1.49s, valid_score: 0.259000]
Wed 10 Jul 2024 19:16:03 INFO  valid result: 
recall@10 : 0.181    recall@20 : 0.259    ndcg@10 : 0.17    ndcg@20 : 0.203    mrr@10 : 0.308    mrr@20 : 0.316    hit@10 : 0.585    hit@20 : 0.7    precision@10 : 0.09    precision@20 : 0.064
Wed 10 Jul 2024 19:16:03 INFO  Saving current: saved/LightGCN-Jul-10-2024_19-10-55.pth
Wed 10 Jul 2024 19:16:04 INFO  epoch 128 training [time: 0.66s, train loss: 0.7799]
Wed 10 Jul 2024 19:16:06 INFO  epoch 128 evaluating [time: 1.56s, valid_score: 0.259000]
Wed 10 Jul 2024 19:16:06 INFO  valid result: 
recall@10 : 0.182    recall@20 : 0.259    ndcg@10 : 0.17    ndcg@20 : 0.203    mrr@10 : 0.307    mrr@20 : 0.315    hit@10 : 0.588    hit@20 : 0.702    precision@10 : 0.09    precision@20 : 0.064
Wed 10 Jul 2024 19:16:06 INFO  Saving current: saved/LightGCN-Jul-10-2024_19-10-55.pth
Wed 10 Jul 2024 19:16:06 INFO  epoch 129 training [time: 0.73s, train loss: 0.7771]
Wed 10 Jul 2024 19:16:08 INFO  epoch 129 evaluating [time: 1.63s, valid_score: 0.259000]
Wed 10 Jul 2024 19:16:08 INFO  valid result: 
recall@10 : 0.182    recall@20 : 0.259    ndcg@10 : 0.17    ndcg@20 : 0.203    mrr@10 : 0.308    mrr@20 : 0.316    hit@10 : 0.586    hit@20 : 0.701    precision@10 : 0.09    precision@20 : 0.064
Wed 10 Jul 2024 19:16:08 INFO  Saving current: saved/LightGCN-Jul-10-2024_19-10-55.pth
Wed 10 Jul 2024 19:16:09 INFO  epoch 130 training [time: 0.74s, train loss: 0.7599]
Wed 10 Jul 2024 19:16:10 INFO  epoch 130 evaluating [time: 1.41s, valid_score: 0.258000]
Wed 10 Jul 2024 19:16:10 INFO  valid result: 
recall@10 : 0.183    recall@20 : 0.258    ndcg@10 : 0.17    ndcg@20 : 0.202    mrr@10 : 0.307    mrr@20 : 0.315    hit@10 : 0.588    hit@20 : 0.701    precision@10 : 0.09    precision@20 : 0.064
Wed 10 Jul 2024 19:16:11 INFO  epoch 131 training [time: 0.68s, train loss: 0.7580]
Wed 10 Jul 2024 19:16:12 INFO  epoch 131 evaluating [time: 1.60s, valid_score: 0.257000]
Wed 10 Jul 2024 19:16:12 INFO  valid result: 
recall@10 : 0.183    recall@20 : 0.257    ndcg@10 : 0.17    ndcg@20 : 0.202    mrr@10 : 0.307    mrr@20 : 0.314    hit@10 : 0.588    hit@20 : 0.699    precision@10 : 0.09    precision@20 : 0.063
Wed 10 Jul 2024 19:16:13 INFO  epoch 132 training [time: 0.74s, train loss: 0.7465]
Wed 10 Jul 2024 19:16:15 INFO  epoch 132 evaluating [time: 1.61s, valid_score: 0.257000]
Wed 10 Jul 2024 19:16:15 INFO  valid result: 
recall@10 : 0.183    recall@20 : 0.257    ndcg@10 : 0.17    ndcg@20 : 0.202    mrr@10 : 0.307    mrr@20 : 0.315    hit@10 : 0.587    hit@20 : 0.703    precision@10 : 0.09    precision@20 : 0.063
Wed 10 Jul 2024 19:16:15 INFO  epoch 133 training [time: 0.74s, train loss: 0.7200]
Wed 10 Jul 2024 19:16:17 INFO  epoch 133 evaluating [time: 1.44s, valid_score: 0.256000]
Wed 10 Jul 2024 19:16:17 INFO  valid result: 
recall@10 : 0.183    recall@20 : 0.256    ndcg@10 : 0.17    ndcg@20 : 0.202    mrr@10 : 0.308    mrr@20 : 0.315    hit@10 : 0.591    hit@20 : 0.702    precision@10 : 0.09    precision@20 : 0.063
Wed 10 Jul 2024 19:16:18 INFO  epoch 134 training [time: 0.69s, train loss: 0.6955]
Wed 10 Jul 2024 19:16:19 INFO  epoch 134 evaluating [time: 1.63s, valid_score: 0.257000]
Wed 10 Jul 2024 19:16:19 INFO  valid result: 
recall@10 : 0.183    recall@20 : 0.257    ndcg@10 : 0.171    ndcg@20 : 0.202    mrr@10 : 0.308    mrr@20 : 0.316    hit@10 : 0.588    hit@20 : 0.7    precision@10 : 0.091    precision@20 : 0.063
Wed 10 Jul 2024 19:16:20 INFO  epoch 135 training [time: 0.71s, train loss: 0.6830]
Wed 10 Jul 2024 19:16:22 INFO  epoch 135 evaluating [time: 1.59s, valid_score: 0.257000]
Wed 10 Jul 2024 19:16:22 INFO  valid result: 
recall@10 : 0.183    recall@20 : 0.257    ndcg@10 : 0.17    ndcg@20 : 0.202    mrr@10 : 0.308    mrr@20 : 0.315    hit@10 : 0.589    hit@20 : 0.698    precision@10 : 0.09    precision@20 : 0.063
Wed 10 Jul 2024 19:16:22 INFO  epoch 136 training [time: 0.74s, train loss: 0.6795]
Wed 10 Jul 2024 19:16:24 INFO  epoch 136 evaluating [time: 1.46s, valid_score: 0.257000]
Wed 10 Jul 2024 19:16:24 INFO  valid result: 
recall@10 : 0.183    recall@20 : 0.257    ndcg@10 : 0.171    ndcg@20 : 0.202    mrr@10 : 0.308    mrr@20 : 0.315    hit@10 : 0.592    hit@20 : 0.699    precision@10 : 0.091    precision@20 : 0.063
Wed 10 Jul 2024 19:16:24 INFO  epoch 137 training [time: 0.69s, train loss: 0.6813]
Wed 10 Jul 2024 19:16:26 INFO  epoch 137 evaluating [time: 1.64s, valid_score: 0.257000]
Wed 10 Jul 2024 19:16:26 INFO  valid result: 
recall@10 : 0.184    recall@20 : 0.257    ndcg@10 : 0.171    ndcg@20 : 0.202    mrr@10 : 0.308    mrr@20 : 0.315    hit@10 : 0.592    hit@20 : 0.698    precision@10 : 0.091    precision@20 : 0.063
Wed 10 Jul 2024 19:16:27 INFO  epoch 138 training [time: 0.71s, train loss: 0.7001]
Wed 10 Jul 2024 19:16:28 INFO  epoch 138 evaluating [time: 1.61s, valid_score: 0.258000]
Wed 10 Jul 2024 19:16:28 INFO  valid result: 
recall@10 : 0.184    recall@20 : 0.258    ndcg@10 : 0.171    ndcg@20 : 0.202    mrr@10 : 0.308    mrr@20 : 0.315    hit@10 : 0.591    hit@20 : 0.699    precision@10 : 0.091    precision@20 : 0.064
Wed 10 Jul 2024 19:16:29 INFO  epoch 139 training [time: 0.69s, train loss: 0.6710]
Wed 10 Jul 2024 19:16:31 INFO  epoch 139 evaluating [time: 1.49s, valid_score: 0.258000]
Wed 10 Jul 2024 19:16:31 INFO  valid result: 
recall@10 : 0.185    recall@20 : 0.258    ndcg@10 : 0.171    ndcg@20 : 0.202    mrr@10 : 0.307    mrr@20 : 0.315    hit@10 : 0.591    hit@20 : 0.703    precision@10 : 0.091    precision@20 : 0.064
Wed 10 Jul 2024 19:16:31 INFO  epoch 140 training [time: 0.72s, train loss: 0.6721]
Wed 10 Jul 2024 19:16:33 INFO  epoch 140 evaluating [time: 1.84s, valid_score: 0.259000]
Wed 10 Jul 2024 19:16:33 INFO  valid result: 
recall@10 : 0.185    recall@20 : 0.259    ndcg@10 : 0.171    ndcg@20 : 0.203    mrr@10 : 0.307    mrr@20 : 0.315    hit@10 : 0.589    hit@20 : 0.703    precision@10 : 0.091    precision@20 : 0.064
Wed 10 Jul 2024 19:16:33 INFO  Saving current: saved/LightGCN-Jul-10-2024_19-10-55.pth
Wed 10 Jul 2024 19:16:34 INFO  epoch 141 training [time: 0.73s, train loss: 0.6617]
Wed 10 Jul 2024 19:16:36 INFO  epoch 141 evaluating [time: 1.60s, valid_score: 0.259000]
Wed 10 Jul 2024 19:16:36 INFO  valid result: 
recall@10 : 0.184    recall@20 : 0.259    ndcg@10 : 0.171    ndcg@20 : 0.203    mrr@10 : 0.308    mrr@20 : 0.315    hit@10 : 0.589    hit@20 : 0.699    precision@10 : 0.091    precision@20 : 0.064
Wed 10 Jul 2024 19:16:36 INFO  Saving current: saved/LightGCN-Jul-10-2024_19-10-55.pth
Wed 10 Jul 2024 19:16:36 INFO  epoch 142 training [time: 0.70s, train loss: 0.6534]
Wed 10 Jul 2024 19:16:38 INFO  epoch 142 evaluating [time: 1.43s, valid_score: 0.259000]
Wed 10 Jul 2024 19:16:38 INFO  valid result: 
recall@10 : 0.183    recall@20 : 0.259    ndcg@10 : 0.171    ndcg@20 : 0.203    mrr@10 : 0.307    mrr@20 : 0.315    hit@10 : 0.588    hit@20 : 0.701    precision@10 : 0.091    precision@20 : 0.064
Wed 10 Jul 2024 19:16:38 INFO  Saving current: saved/LightGCN-Jul-10-2024_19-10-55.pth
Wed 10 Jul 2024 19:16:38 INFO  epoch 143 training [time: 0.67s, train loss: 0.6714]
Wed 10 Jul 2024 19:16:40 INFO  epoch 143 evaluating [time: 1.74s, valid_score: 0.260000]
Wed 10 Jul 2024 19:16:40 INFO  valid result: 
recall@10 : 0.184    recall@20 : 0.26    ndcg@10 : 0.171    ndcg@20 : 0.203    mrr@10 : 0.306    mrr@20 : 0.314    hit@10 : 0.591    hit@20 : 0.702    precision@10 : 0.091    precision@20 : 0.064
Wed 10 Jul 2024 19:16:40 INFO  Saving current: saved/LightGCN-Jul-10-2024_19-10-55.pth
Wed 10 Jul 2024 19:16:41 INFO  epoch 144 training [time: 0.71s, train loss: 0.6430]
Wed 10 Jul 2024 19:16:43 INFO  epoch 144 evaluating [time: 1.58s, valid_score: 0.261000]
Wed 10 Jul 2024 19:16:43 INFO  valid result: 
recall@10 : 0.184    recall@20 : 0.261    ndcg@10 : 0.171    ndcg@20 : 0.203    mrr@10 : 0.306    mrr@20 : 0.314    hit@10 : 0.592    hit@20 : 0.702    precision@10 : 0.091    precision@20 : 0.064
Wed 10 Jul 2024 19:16:43 INFO  Saving current: saved/LightGCN-Jul-10-2024_19-10-55.pth
Wed 10 Jul 2024 19:16:43 INFO  epoch 145 training [time: 0.70s, train loss: 0.6361]
Wed 10 Jul 2024 19:16:45 INFO  epoch 145 evaluating [time: 1.46s, valid_score: 0.260000]
Wed 10 Jul 2024 19:16:45 INFO  valid result: 
recall@10 : 0.186    recall@20 : 0.26    ndcg@10 : 0.172    ndcg@20 : 0.203    mrr@10 : 0.307    mrr@20 : 0.314    hit@10 : 0.593    hit@20 : 0.701    precision@10 : 0.092    precision@20 : 0.064
Wed 10 Jul 2024 19:16:45 INFO  epoch 146 training [time: 0.70s, train loss: 0.6285]
Wed 10 Jul 2024 19:16:47 INFO  epoch 146 evaluating [time: 1.66s, valid_score: 0.259000]
Wed 10 Jul 2024 19:16:47 INFO  valid result: 
recall@10 : 0.185    recall@20 : 0.259    ndcg@10 : 0.171    ndcg@20 : 0.203    mrr@10 : 0.306    mrr@20 : 0.314    hit@10 : 0.589    hit@20 : 0.698    precision@10 : 0.091    precision@20 : 0.064
Wed 10 Jul 2024 19:16:48 INFO  epoch 147 training [time: 0.75s, train loss: 0.6033]
Wed 10 Jul 2024 19:16:49 INFO  epoch 147 evaluating [time: 1.54s, valid_score: 0.261000]
Wed 10 Jul 2024 19:16:49 INFO  valid result: 
recall@10 : 0.184    recall@20 : 0.261    ndcg@10 : 0.171    ndcg@20 : 0.203    mrr@10 : 0.306    mrr@20 : 0.314    hit@10 : 0.587    hit@20 : 0.699    precision@10 : 0.091    precision@20 : 0.064
Wed 10 Jul 2024 19:16:49 INFO  Saving current: saved/LightGCN-Jul-10-2024_19-10-55.pth
Wed 10 Jul 2024 19:16:50 INFO  epoch 148 training [time: 0.69s, train loss: 0.6159]
Wed 10 Jul 2024 19:16:52 INFO  epoch 148 evaluating [time: 1.50s, valid_score: 0.259000]
Wed 10 Jul 2024 19:16:52 INFO  valid result: 
recall@10 : 0.186    recall@20 : 0.259    ndcg@10 : 0.172    ndcg@20 : 0.203    mrr@10 : 0.307    mrr@20 : 0.314    hit@10 : 0.592    hit@20 : 0.698    precision@10 : 0.092    precision@20 : 0.064
Wed 10 Jul 2024 19:16:52 INFO  epoch 149 training [time: 0.69s, train loss: 0.6238]
Wed 10 Jul 2024 19:16:54 INFO  epoch 149 evaluating [time: 1.68s, valid_score: 0.260000]
Wed 10 Jul 2024 19:16:54 INFO  valid result: 
recall@10 : 0.186    recall@20 : 0.26    ndcg@10 : 0.171    ndcg@20 : 0.203    mrr@10 : 0.306    mrr@20 : 0.313    hit@10 : 0.595    hit@20 : 0.697    precision@10 : 0.092    precision@20 : 0.064
Wed 10 Jul 2024 19:16:55 INFO  epoch 150 training [time: 0.72s, train loss: 0.6187]
Wed 10 Jul 2024 19:16:56 INFO  epoch 150 evaluating [time: 1.59s, valid_score: 0.260000]
Wed 10 Jul 2024 19:16:56 INFO  valid result: 
recall@10 : 0.185    recall@20 : 0.26    ndcg@10 : 0.171    ndcg@20 : 0.203    mrr@10 : 0.306    mrr@20 : 0.314    hit@10 : 0.592    hit@20 : 0.702    precision@10 : 0.092    precision@20 : 0.064
Wed 10 Jul 2024 19:16:57 INFO  epoch 151 training [time: 0.69s, train loss: 0.5966]
Wed 10 Jul 2024 19:16:58 INFO  epoch 151 evaluating [time: 1.47s, valid_score: 0.260000]
Wed 10 Jul 2024 19:16:58 INFO  valid result: 
recall@10 : 0.186    recall@20 : 0.26    ndcg@10 : 0.171    ndcg@20 : 0.203    mrr@10 : 0.306    mrr@20 : 0.314    hit@10 : 0.594    hit@20 : 0.702    precision@10 : 0.092    precision@20 : 0.064
Wed 10 Jul 2024 19:16:59 INFO  epoch 152 training [time: 0.69s, train loss: 0.6054]
Wed 10 Jul 2024 19:17:01 INFO  epoch 152 evaluating [time: 1.65s, valid_score: 0.260000]
Wed 10 Jul 2024 19:17:01 INFO  valid result: 
recall@10 : 0.186    recall@20 : 0.26    ndcg@10 : 0.172    ndcg@20 : 0.203    mrr@10 : 0.307    mrr@20 : 0.315    hit@10 : 0.595    hit@20 : 0.7    precision@10 : 0.092    precision@20 : 0.064
Wed 10 Jul 2024 19:17:02 INFO  epoch 153 training [time: 0.74s, train loss: 0.6040]
Wed 10 Jul 2024 19:17:03 INFO  epoch 153 evaluating [time: 1.59s, valid_score: 0.261000]
Wed 10 Jul 2024 19:17:03 INFO  valid result: 
recall@10 : 0.186    recall@20 : 0.261    ndcg@10 : 0.172    ndcg@20 : 0.204    mrr@10 : 0.308    mrr@20 : 0.315    hit@10 : 0.593    hit@20 : 0.702    precision@10 : 0.092    precision@20 : 0.064
Wed 10 Jul 2024 19:17:03 INFO  Saving current: saved/LightGCN-Jul-10-2024_19-10-55.pth
Wed 10 Jul 2024 19:17:04 INFO  epoch 154 training [time: 0.70s, train loss: 0.5687]
Wed 10 Jul 2024 19:17:05 INFO  epoch 154 evaluating [time: 1.52s, valid_score: 0.262000]
Wed 10 Jul 2024 19:17:05 INFO  valid result: 
recall@10 : 0.186    recall@20 : 0.262    ndcg@10 : 0.172    ndcg@20 : 0.203    mrr@10 : 0.306    mrr@20 : 0.314    hit@10 : 0.594    hit@20 : 0.703    precision@10 : 0.092    precision@20 : 0.064
Wed 10 Jul 2024 19:17:05 INFO  Saving current: saved/LightGCN-Jul-10-2024_19-10-55.pth
Wed 10 Jul 2024 19:17:06 INFO  epoch 155 training [time: 0.71s, train loss: 0.5794]
Wed 10 Jul 2024 19:17:08 INFO  epoch 155 evaluating [time: 1.80s, valid_score: 0.261000]
Wed 10 Jul 2024 19:17:08 INFO  valid result: 
recall@10 : 0.186    recall@20 : 0.261    ndcg@10 : 0.172    ndcg@20 : 0.203    mrr@10 : 0.306    mrr@20 : 0.313    hit@10 : 0.595    hit@20 : 0.701    precision@10 : 0.092    precision@20 : 0.064
Wed 10 Jul 2024 19:17:09 INFO  epoch 156 training [time: 0.74s, train loss: 0.5545]
Wed 10 Jul 2024 19:17:10 INFO  epoch 156 evaluating [time: 1.54s, valid_score: 0.262000]
Wed 10 Jul 2024 19:17:10 INFO  valid result: 
recall@10 : 0.187    recall@20 : 0.262    ndcg@10 : 0.172    ndcg@20 : 0.204    mrr@10 : 0.305    mrr@20 : 0.313    hit@10 : 0.596    hit@20 : 0.703    precision@10 : 0.092    precision@20 : 0.065
Wed 10 Jul 2024 19:17:10 INFO  Saving current: saved/LightGCN-Jul-10-2024_19-10-55.pth
Wed 10 Jul 2024 19:17:11 INFO  epoch 157 training [time: 0.66s, train loss: 0.5402]
Wed 10 Jul 2024 19:17:13 INFO  epoch 157 evaluating [time: 1.57s, valid_score: 0.262000]
Wed 10 Jul 2024 19:17:13 INFO  valid result: 
recall@10 : 0.186    recall@20 : 0.262    ndcg@10 : 0.171    ndcg@20 : 0.203    mrr@10 : 0.304    mrr@20 : 0.312    hit@10 : 0.595    hit@20 : 0.704    precision@10 : 0.092    precision@20 : 0.065
Wed 10 Jul 2024 19:17:13 INFO  Saving current: saved/LightGCN-Jul-10-2024_19-10-55.pth
Wed 10 Jul 2024 19:17:13 INFO  epoch 158 training [time: 0.71s, train loss: 0.5831]
Wed 10 Jul 2024 19:17:15 INFO  epoch 158 evaluating [time: 1.79s, valid_score: 0.261000]
Wed 10 Jul 2024 19:17:15 INFO  valid result: 
recall@10 : 0.186    recall@20 : 0.261    ndcg@10 : 0.171    ndcg@20 : 0.203    mrr@10 : 0.305    mrr@20 : 0.312    hit@10 : 0.593    hit@20 : 0.702    precision@10 : 0.092    precision@20 : 0.064
Wed 10 Jul 2024 19:17:16 INFO  epoch 159 training [time: 0.74s, train loss: 0.5587]
Wed 10 Jul 2024 19:17:17 INFO  epoch 159 evaluating [time: 1.52s, valid_score: 0.262000]
Wed 10 Jul 2024 19:17:17 INFO  valid result: 
recall@10 : 0.186    recall@20 : 0.262    ndcg@10 : 0.171    ndcg@20 : 0.203    mrr@10 : 0.305    mrr@20 : 0.313    hit@10 : 0.592    hit@20 : 0.702    precision@10 : 0.092    precision@20 : 0.064
Wed 10 Jul 2024 19:17:17 INFO  Saving current: saved/LightGCN-Jul-10-2024_19-10-55.pth
Wed 10 Jul 2024 19:17:18 INFO  epoch 160 training [time: 0.70s, train loss: 0.5463]
Wed 10 Jul 2024 19:17:20 INFO  epoch 160 evaluating [time: 1.58s, valid_score: 0.262000]
Wed 10 Jul 2024 19:17:20 INFO  valid result: 
recall@10 : 0.186    recall@20 : 0.262    ndcg@10 : 0.171    ndcg@20 : 0.203    mrr@10 : 0.303    mrr@20 : 0.311    hit@10 : 0.593    hit@20 : 0.702    precision@10 : 0.092    precision@20 : 0.065
Wed 10 Jul 2024 19:17:20 INFO  Saving current: saved/LightGCN-Jul-10-2024_19-10-55.pth
Wed 10 Jul 2024 19:17:20 INFO  epoch 161 training [time: 0.71s, train loss: 0.5423]
Wed 10 Jul 2024 19:17:22 INFO  epoch 161 evaluating [time: 1.83s, valid_score: 0.264000]
Wed 10 Jul 2024 19:17:22 INFO  valid result: 
recall@10 : 0.186    recall@20 : 0.264    ndcg@10 : 0.171    ndcg@20 : 0.204    mrr@10 : 0.304    mrr@20 : 0.312    hit@10 : 0.592    hit@20 : 0.705    precision@10 : 0.092    precision@20 : 0.065
Wed 10 Jul 2024 19:17:22 INFO  Saving current: saved/LightGCN-Jul-10-2024_19-10-55.pth
Wed 10 Jul 2024 19:17:23 INFO  epoch 162 training [time: 0.73s, train loss: 0.5392]
Wed 10 Jul 2024 19:17:25 INFO  epoch 162 evaluating [time: 1.55s, valid_score: 0.264000]
Wed 10 Jul 2024 19:17:25 INFO  valid result: 
recall@10 : 0.186    recall@20 : 0.264    ndcg@10 : 0.172    ndcg@20 : 0.204    mrr@10 : 0.305    mrr@20 : 0.313    hit@10 : 0.593    hit@20 : 0.705    precision@10 : 0.092    precision@20 : 0.065
Wed 10 Jul 2024 19:17:25 INFO  Saving current: saved/LightGCN-Jul-10-2024_19-10-55.pth
Wed 10 Jul 2024 19:17:25 INFO  epoch 163 training [time: 0.71s, train loss: 0.5321]
Wed 10 Jul 2024 19:17:27 INFO  epoch 163 evaluating [time: 1.57s, valid_score: 0.263000]
Wed 10 Jul 2024 19:17:27 INFO  valid result: 
recall@10 : 0.186    recall@20 : 0.263    ndcg@10 : 0.172    ndcg@20 : 0.204    mrr@10 : 0.306    mrr@20 : 0.314    hit@10 : 0.592    hit@20 : 0.704    precision@10 : 0.092    precision@20 : 0.065
Wed 10 Jul 2024 19:17:28 INFO  epoch 164 training [time: 0.70s, train loss: 0.5314]
Wed 10 Jul 2024 19:17:29 INFO  epoch 164 evaluating [time: 1.78s, valid_score: 0.264000]
Wed 10 Jul 2024 19:17:29 INFO  valid result: 
recall@10 : 0.187    recall@20 : 0.264    ndcg@10 : 0.172    ndcg@20 : 0.205    mrr@10 : 0.306    mrr@20 : 0.314    hit@10 : 0.592    hit@20 : 0.705    precision@10 : 0.092    precision@20 : 0.065
Wed 10 Jul 2024 19:17:29 INFO  Saving current: saved/LightGCN-Jul-10-2024_19-10-55.pth
Wed 10 Jul 2024 19:17:30 INFO  epoch 165 training [time: 0.73s, train loss: 0.5390]
Wed 10 Jul 2024 19:17:32 INFO  epoch 165 evaluating [time: 1.77s, valid_score: 0.264000]
Wed 10 Jul 2024 19:17:32 INFO  valid result: 
recall@10 : 0.186    recall@20 : 0.264    ndcg@10 : 0.171    ndcg@20 : 0.204    mrr@10 : 0.306    mrr@20 : 0.314    hit@10 : 0.589    hit@20 : 0.705    precision@10 : 0.092    precision@20 : 0.065
Wed 10 Jul 2024 19:17:32 INFO  Saving current: saved/LightGCN-Jul-10-2024_19-10-55.pth
Wed 10 Jul 2024 19:17:33 INFO  epoch 166 training [time: 0.75s, train loss: 0.5067]
Wed 10 Jul 2024 19:17:34 INFO  epoch 166 evaluating [time: 1.65s, valid_score: 0.265000]
Wed 10 Jul 2024 19:17:34 INFO  valid result: 
recall@10 : 0.186    recall@20 : 0.265    ndcg@10 : 0.171    ndcg@20 : 0.205    mrr@10 : 0.306    mrr@20 : 0.314    hit@10 : 0.589    hit@20 : 0.706    precision@10 : 0.092    precision@20 : 0.065
Wed 10 Jul 2024 19:17:34 INFO  Saving current: saved/LightGCN-Jul-10-2024_19-10-55.pth
Wed 10 Jul 2024 19:17:35 INFO  epoch 167 training [time: 0.69s, train loss: 0.5120]
Wed 10 Jul 2024 19:17:37 INFO  epoch 167 evaluating [time: 1.58s, valid_score: 0.265000]
Wed 10 Jul 2024 19:17:37 INFO  valid result: 
recall@10 : 0.186    recall@20 : 0.265    ndcg@10 : 0.171    ndcg@20 : 0.205    mrr@10 : 0.306    mrr@20 : 0.314    hit@10 : 0.589    hit@20 : 0.707    precision@10 : 0.092    precision@20 : 0.065
Wed 10 Jul 2024 19:17:37 INFO  Saving current: saved/LightGCN-Jul-10-2024_19-10-55.pth
Wed 10 Jul 2024 19:17:37 INFO  epoch 168 training [time: 0.73s, train loss: 0.5058]
Wed 10 Jul 2024 19:17:39 INFO  epoch 168 evaluating [time: 1.87s, valid_score: 0.266000]
Wed 10 Jul 2024 19:17:39 INFO  valid result: 
recall@10 : 0.185    recall@20 : 0.266    ndcg@10 : 0.171    ndcg@20 : 0.205    mrr@10 : 0.307    mrr@20 : 0.315    hit@10 : 0.588    hit@20 : 0.707    precision@10 : 0.091    precision@20 : 0.065
Wed 10 Jul 2024 19:17:39 INFO  Saving current: saved/LightGCN-Jul-10-2024_19-10-55.pth
Wed 10 Jul 2024 19:17:40 INFO  epoch 169 training [time: 0.74s, train loss: 0.5433]
Wed 10 Jul 2024 19:17:42 INFO  epoch 169 evaluating [time: 1.61s, valid_score: 0.265000]
Wed 10 Jul 2024 19:17:42 INFO  valid result: 
recall@10 : 0.185    recall@20 : 0.265    ndcg@10 : 0.171    ndcg@20 : 0.205    mrr@10 : 0.305    mrr@20 : 0.313    hit@10 : 0.587    hit@20 : 0.707    precision@10 : 0.091    precision@20 : 0.065
Wed 10 Jul 2024 19:17:42 INFO  epoch 170 training [time: 0.66s, train loss: 0.4939]
Wed 10 Jul 2024 19:17:44 INFO  epoch 170 evaluating [time: 1.54s, valid_score: 0.266000]
Wed 10 Jul 2024 19:17:44 INFO  valid result: 
recall@10 : 0.186    recall@20 : 0.266    ndcg@10 : 0.172    ndcg@20 : 0.205    mrr@10 : 0.307    mrr@20 : 0.315    hit@10 : 0.592    hit@20 : 0.708    precision@10 : 0.092    precision@20 : 0.065
Wed 10 Jul 2024 19:17:44 INFO  Saving current: saved/LightGCN-Jul-10-2024_19-10-55.pth
Wed 10 Jul 2024 19:17:45 INFO  epoch 171 training [time: 0.72s, train loss: 0.5008]
Wed 10 Jul 2024 19:17:46 INFO  epoch 171 evaluating [time: 1.63s, valid_score: 0.266000]
Wed 10 Jul 2024 19:17:46 INFO  valid result: 
recall@10 : 0.185    recall@20 : 0.266    ndcg@10 : 0.172    ndcg@20 : 0.205    mrr@10 : 0.307    mrr@20 : 0.315    hit@10 : 0.593    hit@20 : 0.708    precision@10 : 0.092    precision@20 : 0.065
Wed 10 Jul 2024 19:17:46 INFO  Saving current: saved/LightGCN-Jul-10-2024_19-10-55.pth
Wed 10 Jul 2024 19:17:47 INFO  epoch 172 training [time: 0.76s, train loss: 0.4982]
Wed 10 Jul 2024 19:17:49 INFO  epoch 172 evaluating [time: 1.51s, valid_score: 0.266000]
Wed 10 Jul 2024 19:17:49 INFO  valid result: 
recall@10 : 0.186    recall@20 : 0.266    ndcg@10 : 0.172    ndcg@20 : 0.205    mrr@10 : 0.307    mrr@20 : 0.315    hit@10 : 0.591    hit@20 : 0.706    precision@10 : 0.092    precision@20 : 0.065
Wed 10 Jul 2024 19:17:49 INFO  Saving current: saved/LightGCN-Jul-10-2024_19-10-55.pth
Wed 10 Jul 2024 19:17:49 INFO  epoch 173 training [time: 0.68s, train loss: 0.5050]
Wed 10 Jul 2024 19:17:51 INFO  epoch 173 evaluating [time: 1.54s, valid_score: 0.264000]
Wed 10 Jul 2024 19:17:51 INFO  valid result: 
recall@10 : 0.186    recall@20 : 0.264    ndcg@10 : 0.172    ndcg@20 : 0.205    mrr@10 : 0.307    mrr@20 : 0.314    hit@10 : 0.592    hit@20 : 0.704    precision@10 : 0.092    precision@20 : 0.065
Wed 10 Jul 2024 19:17:52 INFO  epoch 174 training [time: 0.74s, train loss: 0.4979]
Wed 10 Jul 2024 19:17:53 INFO  epoch 174 evaluating [time: 1.75s, valid_score: 0.265000]
Wed 10 Jul 2024 19:17:53 INFO  valid result: 
recall@10 : 0.186    recall@20 : 0.265    ndcg@10 : 0.172    ndcg@20 : 0.205    mrr@10 : 0.307    mrr@20 : 0.315    hit@10 : 0.59    hit@20 : 0.704    precision@10 : 0.092    precision@20 : 0.065
Wed 10 Jul 2024 19:17:54 INFO  epoch 175 training [time: 0.71s, train loss: 0.4847]
Wed 10 Jul 2024 19:17:56 INFO  epoch 175 evaluating [time: 1.54s, valid_score: 0.264000]
Wed 10 Jul 2024 19:17:56 INFO  valid result: 
recall@10 : 0.187    recall@20 : 0.264    ndcg@10 : 0.172    ndcg@20 : 0.205    mrr@10 : 0.307    mrr@20 : 0.315    hit@10 : 0.592    hit@20 : 0.704    precision@10 : 0.092    precision@20 : 0.065
Wed 10 Jul 2024 19:17:56 INFO  epoch 176 training [time: 0.69s, train loss: 0.4942]
Wed 10 Jul 2024 19:17:58 INFO  epoch 176 evaluating [time: 1.56s, valid_score: 0.264000]
Wed 10 Jul 2024 19:17:58 INFO  valid result: 
recall@10 : 0.187    recall@20 : 0.264    ndcg@10 : 0.171    ndcg@20 : 0.204    mrr@10 : 0.305    mrr@20 : 0.312    hit@10 : 0.59    hit@20 : 0.702    precision@10 : 0.092    precision@20 : 0.065
Wed 10 Jul 2024 19:17:59 INFO  epoch 177 training [time: 0.74s, train loss: 0.4893]
Wed 10 Jul 2024 19:18:01 INFO  epoch 177 evaluating [time: 1.89s, valid_score: 0.264000]
Wed 10 Jul 2024 19:18:01 INFO  valid result: 
recall@10 : 0.187    recall@20 : 0.264    ndcg@10 : 0.172    ndcg@20 : 0.204    mrr@10 : 0.306    mrr@20 : 0.314    hit@10 : 0.593    hit@20 : 0.701    precision@10 : 0.092    precision@20 : 0.065
Wed 10 Jul 2024 19:18:01 INFO  epoch 178 training [time: 0.72s, train loss: 0.4680]
Wed 10 Jul 2024 19:18:03 INFO  epoch 178 evaluating [time: 1.46s, valid_score: 0.264000]
Wed 10 Jul 2024 19:18:03 INFO  valid result: 
recall@10 : 0.187    recall@20 : 0.264    ndcg@10 : 0.172    ndcg@20 : 0.205    mrr@10 : 0.306    mrr@20 : 0.314    hit@10 : 0.592    hit@20 : 0.702    precision@10 : 0.092    precision@20 : 0.065
Wed 10 Jul 2024 19:18:03 INFO  epoch 179 training [time: 0.68s, train loss: 0.4660]
Wed 10 Jul 2024 19:18:05 INFO  epoch 179 evaluating [time: 1.79s, valid_score: 0.264000]
Wed 10 Jul 2024 19:18:05 INFO  valid result: 
recall@10 : 0.188    recall@20 : 0.264    ndcg@10 : 0.172    ndcg@20 : 0.205    mrr@10 : 0.306    mrr@20 : 0.314    hit@10 : 0.594    hit@20 : 0.702    precision@10 : 0.093    precision@20 : 0.065
Wed 10 Jul 2024 19:18:06 INFO  epoch 180 training [time: 0.74s, train loss: 0.4407]
Wed 10 Jul 2024 19:18:08 INFO  epoch 180 evaluating [time: 1.64s, valid_score: 0.265000]
Wed 10 Jul 2024 19:18:08 INFO  valid result: 
recall@10 : 0.188    recall@20 : 0.265    ndcg@10 : 0.172    ndcg@20 : 0.205    mrr@10 : 0.305    mrr@20 : 0.313    hit@10 : 0.593    hit@20 : 0.703    precision@10 : 0.093    precision@20 : 0.065
Wed 10 Jul 2024 19:18:08 INFO  epoch 181 training [time: 0.70s, train loss: 0.4602]
Wed 10 Jul 2024 19:18:10 INFO  epoch 181 evaluating [time: 1.47s, valid_score: 0.264000]
Wed 10 Jul 2024 19:18:10 INFO  valid result: 
recall@10 : 0.188    recall@20 : 0.264    ndcg@10 : 0.172    ndcg@20 : 0.204    mrr@10 : 0.305    mrr@20 : 0.313    hit@10 : 0.594    hit@20 : 0.702    precision@10 : 0.093    precision@20 : 0.065
Wed 10 Jul 2024 19:18:10 INFO  epoch 182 training [time: 0.68s, train loss: 0.4464]
Wed 10 Jul 2024 19:18:12 INFO  epoch 182 evaluating [time: 1.59s, valid_score: 0.265000]
Wed 10 Jul 2024 19:18:12 INFO  valid result: 
recall@10 : 0.188    recall@20 : 0.265    ndcg@10 : 0.172    ndcg@20 : 0.204    mrr@10 : 0.304    mrr@20 : 0.312    hit@10 : 0.594    hit@20 : 0.705    precision@10 : 0.093    precision@20 : 0.065
Wed 10 Jul 2024 19:18:13 INFO  epoch 183 training [time: 0.73s, train loss: 0.4511]
Wed 10 Jul 2024 19:18:14 INFO  epoch 183 evaluating [time: 1.61s, valid_score: 0.265000]
Wed 10 Jul 2024 19:18:14 INFO  valid result: 
recall@10 : 0.188    recall@20 : 0.265    ndcg@10 : 0.172    ndcg@20 : 0.204    mrr@10 : 0.304    mrr@20 : 0.312    hit@10 : 0.595    hit@20 : 0.703    precision@10 : 0.093    precision@20 : 0.065
Wed 10 Jul 2024 19:18:14 INFO  Finished training, best eval result in epoch 172
