Thu 20 Jun 2024 11:33:37 INFO  ['run_recbole.py', '--model=LightGCN', '--dataset=ml-100k']
Thu 20 Jun 2024 11:33:37 INFO  
General Hyper Parameters:
gpu_id = 0
use_gpu = True
seed = 2020
state = DEBUG
reproducibility = True
data_path = /home/simeon/Git_Repositories/ANS-Recbole/recbole/config/../dataset_example/ml-100k
checkpoint_dir = saved
show_progress = True
save_dataset = False
dataset_save_path = None
save_dataloaders = False
dataloaders_save_path = None
log_wandb = False

Training Hyper Parameters:
epochs = 1
train_batch_size = 2048
learner = adam
learning_rate = 0.0001
train_neg_sample_args = {'distribution': 'uniform', 'sample_num': 1, 'alpha': 1.0, 'dynamic': False, 'candidate_num': 1}
eval_step = 1
stopping_step = 100
clip_grad_norm = None
weight_decay = 0.0
loss_decimal_place = 4

Evaluation Hyper Parameters:
eval_args = {'split': {'RS': [0.8, 0.1, 0.1]}, 'group_by': 'user', 'order': 'RO', 'mode': 'full'}
repeatable = False
metrics = ['Recall', 'MRR', 'NDCG', 'Hit', 'Precision']
topk = [20]
valid_metric = Recall@20
valid_metric_bigger = True
eval_batch_size = 4096
metric_decimal_place = 4

Dataset Hyper Parameters:
field_separator = 	
seq_separator =  
USER_ID_FIELD = user_id
ITEM_ID_FIELD = item_id
RATING_FIELD = rating
TIME_FIELD = timestamp
seq_len = None
LABEL_FIELD = label
threshold = {'rating': 4.0}
NEG_PREFIX = neg_
load_col = {'inter': ['user_id', 'item_id', 'rating']}
unload_col = None
unused_col = None
additional_feat_suffix = None
rm_dup_inter = None
val_interval = None
filter_inter_by_user_or_item = True
user_inter_num_interval = None
item_inter_num_interval = None
alias_of_user_id = None
alias_of_item_id = None
alias_of_entity_id = None
alias_of_relation_id = None
preload_weight = None
normalize_field = None
normalize_all = True
ITEM_LIST_LENGTH_FIELD = item_length
LIST_SUFFIX = _list
MAX_ITEM_LIST_LENGTH = 50
POSITION_FIELD = position_id
HEAD_ENTITY_ID_FIELD = head_id
TAIL_ENTITY_ID_FIELD = tail_id
RELATION_ID_FIELD = relation_id
ENTITY_ID_FIELD = entity_id
kg_reverse_r = False
entity_kg_num_interval = None
relation_kg_num_interval = None
benchmark_filename = None

Other Hyper Parameters: 
worker = 0
wandb_project = recbole
shuffle = True
require_pow = False
enable_amp = False
enable_scaler = True
transform = None
train_after_converge = False
positive_sampling = True
model_name_custom = ANS_wo_self_train
embedding_size = 64
n_layers = 3
reg_weight = 1e-05
numerical_features = []
discretization = None
MODEL_TYPE = ModelType.GENERAL
MODEL_INPUT_TYPE = InputType.PAIRWISE
eval_type = EvaluatorType.RANKING
single_spec = True
local_rank = 0
device = cpu
eval_neg_sample_args = {'distribution': 'uniform', 'sample_num': 'none'}


Thu 20 Jun 2024 11:33:37 DEBUG  Loading <class 'recbole.data.dataset.dataset.Dataset'> from scratch.
Thu 20 Jun 2024 11:33:37 DEBUG  uid_field: user_id
Thu 20 Jun 2024 11:33:37 DEBUG  iid_field: item_id
Thu 20 Jun 2024 11:33:37 DEBUG  Loading feature from [/home/simeon/Git_Repositories/ANS-Recbole/recbole/config/../dataset_example/ml-100k/ml-100k.inter] (source: [FeatureSource.INTERACTION]).
Thu 20 Jun 2024 11:33:37 DEBUG  [inter]: 
Thu 20 Jun 2024 11:33:37 DEBUG  	 load_col: [{'item_id', 'rating', 'user_id'}]
Thu 20 Jun 2024 11:33:37 DEBUG  	 unload_col: [None]
Thu 20 Jun 2024 11:33:37 DEBUG  Interaction feature loaded successfully from [/home/simeon/Git_Repositories/ANS-Recbole/recbole/config/../dataset_example/ml-100k/ml-100k.inter].
Thu 20 Jun 2024 11:33:37 DEBUG  Loading feature from [/home/simeon/Git_Repositories/ANS-Recbole/recbole/config/../dataset_example/ml-100k/ml-100k.user] (source: [FeatureSource.USER]).
Thu 20 Jun 2024 11:33:37 DEBUG  [user]: 
Thu 20 Jun 2024 11:33:37 DEBUG  	 load_col: [set()]
Thu 20 Jun 2024 11:33:37 DEBUG  	 unload_col: [None]
Thu 20 Jun 2024 11:33:37 DEBUG  [user] feature loaded successfully from [/home/simeon/Git_Repositories/ANS-Recbole/recbole/config/../dataset_example/ml-100k/ml-100k.user].
Thu 20 Jun 2024 11:33:37 DEBUG  Loading feature from [/home/simeon/Git_Repositories/ANS-Recbole/recbole/config/../dataset_example/ml-100k/ml-100k.item] (source: [FeatureSource.ITEM]).
Thu 20 Jun 2024 11:33:37 DEBUG  [item]: 
Thu 20 Jun 2024 11:33:37 DEBUG  	 load_col: [set()]
Thu 20 Jun 2024 11:33:37 DEBUG  	 unload_col: [None]
Thu 20 Jun 2024 11:33:37 DEBUG  [item] feature loaded successfully from [/home/simeon/Git_Repositories/ANS-Recbole/recbole/config/../dataset_example/ml-100k/ml-100k.item].
Thu 20 Jun 2024 11:33:37 DEBUG  drop_by_value: val={}
Thu 20 Jun 2024 11:33:37 DEBUG  Filling nan
Thu 20 Jun 2024 11:33:37 DEBUG  Set label by {'rating': 4.0}.
Thu 20 Jun 2024 11:33:37 DEBUG  Delete column [rating].
Thu 20 Jun 2024 11:33:37 DEBUG  Normalized fields: ['label']
Thu 20 Jun 2024 11:33:37 INFO  ml-100k
The number of users: 944
Average actions of users: 106.04453870625663
The number of items: 1683
Average actions of items: 59.45303210463734
The number of inters: 100000
The sparsity of the dataset: 93.70575143257098%
Remain Fields: ['user_id', 'item_id', 'label']
Thu 20 Jun 2024 11:33:37 DEBUG  split by ratios [[0.8, 0.1, 0.1]], group_by=[user_id]
Thu 20 Jun 2024 11:33:37 INFO  [Training]: train_batch_size = [2048] train_neg_sample_args: [{'distribution': 'uniform', 'sample_num': 1, 'alpha': 1.0, 'dynamic': False, 'candidate_num': 1}]
Thu 20 Jun 2024 11:33:37 INFO  [Evaluation]: eval_batch_size = [4096] eval_args: [{'split': {'RS': [0.8, 0.1, 0.1]}, 'group_by': 'user', 'order': 'RO', 'mode': 'full'}]
Thu 20 Jun 2024 11:33:38 INFO  LightGCN(
  (user_embedding): Embedding(944, 64)
  (item_embedding): Embedding(1683, 64)
  (mf_loss): BPRLoss()
  (reg_loss): EmbLoss()
)
Trainable parameters: 168128
Thu 20 Jun 2024 11:33:39 INFO  FLOPs: 0.0
Thu 20 Jun 2024 11:33:39 DEBUG  matplotlib data path: /home/simeon/miniconda3/envs/recbole/lib/python3.11/site-packages/matplotlib/mpl-data
Thu 20 Jun 2024 11:33:39 DEBUG  CONFIGDIR=/home/simeon/.config/matplotlib
Thu 20 Jun 2024 11:33:39 DEBUG  interactive is False
Thu 20 Jun 2024 11:33:39 DEBUG  platform is linux
Thu 20 Jun 2024 11:33:39 DEBUG  CACHEDIR=/home/simeon/.cache/matplotlib
Thu 20 Jun 2024 11:33:39 DEBUG  Using fontManager instance from /home/simeon/.cache/matplotlib/fontlist-v330.json
Thu 20 Jun 2024 11:33:39 DEBUG   length of inter_feat: 80808
Thu 20 Jun 2024 11:33:39 DEBUG   length of dataset: 80808
Thu 20 Jun 2024 11:33:40 DEBUG  Total length interaction: 80808
Thu 20 Jun 2024 11:33:40 INFO  epoch 0 training [time: 1.16s, train loss: 27.7209]
Thu 20 Jun 2024 11:33:40 INFO  epoch 0 evaluating [time: 0.12s, valid_score: 0.025600]
Thu 20 Jun 2024 11:33:40 INFO  valid result: 
recall@20 : 0.0256    mrr@20 : 0.0513    ndcg@20 : 0.0216    hit@20 : 0.2004    precision@20 : 0.0137
Thu 20 Jun 2024 11:33:40 INFO  Saving current: saved/LightGCN-Jun-20-2024_11-33-39.pth
