Wed 24 Apr 2024 15:51:11 INFO  ['run_recbole.py', '--model=LightGCN', '--dataset=ml-100k']
Wed 24 Apr 2024 15:51:11 INFO  
General Hyper Parameters:
gpu_id = 0
use_gpu = True
seed = 2020
state = INFO
reproducibility = True
data_path = /home/simeon/Git_Repositories/ANS-Recbole/recbole/config/../dataset_example/ml-100k
checkpoint_dir = saved
show_progress = True
save_dataset = False
dataset_save_path = None
save_dataloaders = False
dataloaders_save_path = None
log_wandb = False

Training Hyper Parameters:
epochs = 500
train_batch_size = 2048
learner = adam
learning_rate = 0.0001
train_neg_sample_args = {'distribution': 'uniform', 'sample_num': 1, 'alpha': 1.0, 'dynamic': False, 'candidate_num': 0}
eval_step = 1
stopping_step = 100
clip_grad_norm = None
weight_decay = 0.0
loss_decimal_place = 4

Evaluation Hyper Parameters:
eval_args = {'split': {'RS': [0.8, 0.1, 0.1]}, 'group_by': 'user', 'order': 'RO', 'mode': 'full'}
repeatable = False
metrics = ['Recall', 'MRR', 'NDCG', 'Hit', 'Precision']
topk = [20]
valid_metric = MRR@20
valid_metric_bigger = True
eval_batch_size = 4096
metric_decimal_place = 4

Dataset Hyper Parameters:
field_separator = 	
seq_separator =  
USER_ID_FIELD = user_id
ITEM_ID_FIELD = item_id
RATING_FIELD = rating
TIME_FIELD = timestamp
seq_len = None
LABEL_FIELD = label
threshold = None
NEG_PREFIX = neg_
load_col = {'inter': ['user_id', 'item_id', 'rating', 'timestamp']}
unload_col = None
unused_col = None
additional_feat_suffix = None
rm_dup_inter = None
val_interval = {'rating': [4, 5]}
filter_inter_by_user_or_item = True
user_inter_num_interval = None
item_inter_num_interval = None
alias_of_user_id = None
alias_of_item_id = None
alias_of_entity_id = None
alias_of_relation_id = None
preload_weight = None
normalize_field = None
normalize_all = True
ITEM_LIST_LENGTH_FIELD = item_length
LIST_SUFFIX = _list
MAX_ITEM_LIST_LENGTH = 50
POSITION_FIELD = position_id
HEAD_ENTITY_ID_FIELD = head_id
TAIL_ENTITY_ID_FIELD = tail_id
RELATION_ID_FIELD = relation_id
ENTITY_ID_FIELD = entity_id
kg_reverse_r = False
entity_kg_num_interval = None
relation_kg_num_interval = None
benchmark_filename = None

Other Hyper Parameters: 
worker = 0
wandb_project = recbole
shuffle = True
require_pow = False
enable_amp = False
enable_scaler = False
transform = None
embedding_size = 64
n_layers = 2
reg_weight = 1e-05
numerical_features = []
discretization = None
MODEL_TYPE = ModelType.GENERAL
MODEL_INPUT_TYPE = InputType.PAIRWISE
eval_type = EvaluatorType.RANKING
single_spec = True
local_rank = 0
device = cuda
eval_neg_sample_args = {'distribution': 'uniform', 'sample_num': 'none'}


Wed 24 Apr 2024 15:51:11 INFO  ml-100k
The number of users: 943
Average actions of users: 58.78450106157113
The number of items: 1448
Average actions of items: 38.26883206634416
The number of inters: 55375
The sparsity of the dataset: 95.944601981451%
Remain Fields: ['user_id', 'item_id', 'rating', 'timestamp']
Wed 24 Apr 2024 15:51:11 INFO  [Training]: train_batch_size = [2048] train_neg_sample_args: [{'distribution': 'uniform', 'sample_num': 1, 'alpha': 1.0, 'dynamic': False, 'candidate_num': 0}]
Wed 24 Apr 2024 15:51:11 INFO  [Evaluation]: eval_batch_size = [4096] eval_args: [{'split': {'RS': [0.8, 0.1, 0.1]}, 'group_by': 'user', 'order': 'RO', 'mode': 'full'}]
Wed 24 Apr 2024 15:51:12 INFO  LightGCN(
  (user_embedding): Embedding(943, 64)
  (item_embedding): Embedding(1448, 64)
  (mf_loss): BPRLoss()
  (reg_loss): EmbLoss()
)
Trainable parameters: 153024
Wed 24 Apr 2024 15:51:12 INFO  FLOPs: 0.0
Wed 24 Apr 2024 15:51:13 INFO  epoch 0 training [time: 0.44s, train loss: 15.9361]
Wed 24 Apr 2024 15:51:14 INFO  epoch 0 evaluating [time: 0.62s, valid_score: 0.015800]
Wed 24 Apr 2024 15:51:14 INFO  valid result: 
recall@20 : 0.0228    mrr@20 : 0.0158    ndcg@20 : 0.0115    hit@20 : 0.103    precision@20 : 0.0055
Wed 24 Apr 2024 15:51:14 INFO  Saving current: saved/LightGCN-Apr-24-2024_15-51-12.pth
Wed 24 Apr 2024 15:51:14 INFO  epoch 1 training [time: 0.18s, train loss: 15.9351]
Wed 24 Apr 2024 15:51:15 INFO  epoch 1 evaluating [time: 0.44s, valid_score: 0.020500]
Wed 24 Apr 2024 15:51:15 INFO  valid result: 
recall@20 : 0.0267    mrr@20 : 0.0205    ndcg@20 : 0.0143    hit@20 : 0.1221    precision@20 : 0.0067
Wed 24 Apr 2024 15:51:15 INFO  Saving current: saved/LightGCN-Apr-24-2024_15-51-12.pth
Wed 24 Apr 2024 15:51:15 INFO  epoch 2 training [time: 0.19s, train loss: 15.9329]
Wed 24 Apr 2024 15:51:15 INFO  epoch 2 evaluating [time: 0.43s, valid_score: 0.030100]
Wed 24 Apr 2024 15:51:15 INFO  valid result: 
recall@20 : 0.033    mrr@20 : 0.0301    ndcg@20 : 0.0195    hit@20 : 0.1614    precision@20 : 0.0093
Wed 24 Apr 2024 15:51:15 INFO  Saving current: saved/LightGCN-Apr-24-2024_15-51-12.pth
Wed 24 Apr 2024 15:51:16 INFO  epoch 3 training [time: 0.17s, train loss: 15.9289]
Wed 24 Apr 2024 15:51:16 INFO  epoch 3 evaluating [time: 0.44s, valid_score: 0.049900]
Wed 24 Apr 2024 15:51:16 INFO  valid result: 
recall@20 : 0.0494    mrr@20 : 0.0499    ndcg@20 : 0.0306    hit@20 : 0.2219    precision@20 : 0.0143
Wed 24 Apr 2024 15:51:16 INFO  Saving current: saved/LightGCN-Apr-24-2024_15-51-12.pth
Wed 24 Apr 2024 15:51:16 INFO  epoch 4 training [time: 0.17s, train loss: 15.9238]
Wed 24 Apr 2024 15:51:17 INFO  epoch 4 evaluating [time: 0.43s, valid_score: 0.074400]
Wed 24 Apr 2024 15:51:17 INFO  valid result: 
recall@20 : 0.0704    mrr@20 : 0.0744    ndcg@20 : 0.0458    hit@20 : 0.2962    precision@20 : 0.0213
Wed 24 Apr 2024 15:51:17 INFO  Saving current: saved/LightGCN-Apr-24-2024_15-51-12.pth
Wed 24 Apr 2024 15:51:17 INFO  epoch 5 training [time: 0.18s, train loss: 15.9160]
Wed 24 Apr 2024 15:51:17 INFO  epoch 5 evaluating [time: 0.43s, valid_score: 0.099000]
Wed 24 Apr 2024 15:51:17 INFO  valid result: 
recall@20 : 0.092    mrr@20 : 0.099    ndcg@20 : 0.0612    hit@20 : 0.3535    precision@20 : 0.0282
Wed 24 Apr 2024 15:51:17 INFO  Saving current: saved/LightGCN-Apr-24-2024_15-51-12.pth
Wed 24 Apr 2024 15:51:17 INFO  epoch 6 training [time: 0.18s, train loss: 15.9022]
Wed 24 Apr 2024 15:51:18 INFO  epoch 6 evaluating [time: 0.40s, valid_score: 0.121300]
Wed 24 Apr 2024 15:51:18 INFO  valid result: 
recall@20 : 0.1179    mrr@20 : 0.1213    ndcg@20 : 0.0784    hit@20 : 0.4023    precision@20 : 0.0355
Wed 24 Apr 2024 15:51:18 INFO  Saving current: saved/LightGCN-Apr-24-2024_15-51-12.pth
Wed 24 Apr 2024 15:51:18 INFO  epoch 7 training [time: 0.19s, train loss: 15.8838]
Wed 24 Apr 2024 15:51:18 INFO  epoch 7 evaluating [time: 0.41s, valid_score: 0.141400]
Wed 24 Apr 2024 15:51:18 INFO  valid result: 
recall@20 : 0.1421    mrr@20 : 0.1414    ndcg@20 : 0.0937    hit@20 : 0.4533    precision@20 : 0.0412
Wed 24 Apr 2024 15:51:18 INFO  Saving current: saved/LightGCN-Apr-24-2024_15-51-12.pth
Wed 24 Apr 2024 15:51:19 INFO  epoch 8 training [time: 0.18s, train loss: 15.8593]
Wed 24 Apr 2024 15:51:19 INFO  epoch 8 evaluating [time: 0.47s, valid_score: 0.157500]
Wed 24 Apr 2024 15:51:19 INFO  valid result: 
recall@20 : 0.1589    mrr@20 : 0.1575    ndcg@20 : 0.1046    hit@20 : 0.4777    precision@20 : 0.0442
Wed 24 Apr 2024 15:51:19 INFO  Saving current: saved/LightGCN-Apr-24-2024_15-51-12.pth
Wed 24 Apr 2024 15:51:19 INFO  epoch 9 training [time: 0.20s, train loss: 15.8307]
Wed 24 Apr 2024 15:51:20 INFO  epoch 9 evaluating [time: 0.45s, valid_score: 0.169400]
Wed 24 Apr 2024 15:51:20 INFO  valid result: 
recall@20 : 0.1659    mrr@20 : 0.1694    ndcg@20 : 0.1113    hit@20 : 0.4904    precision@20 : 0.0462
Wed 24 Apr 2024 15:51:20 INFO  Saving current: saved/LightGCN-Apr-24-2024_15-51-12.pth
Wed 24 Apr 2024 15:51:20 INFO  epoch 10 training [time: 0.18s, train loss: 15.7898]
Wed 24 Apr 2024 15:51:20 INFO  epoch 10 evaluating [time: 0.44s, valid_score: 0.174100]
Wed 24 Apr 2024 15:51:20 INFO  valid result: 
recall@20 : 0.1698    mrr@20 : 0.1741    ndcg@20 : 0.1137    hit@20 : 0.4926    precision@20 : 0.047
Wed 24 Apr 2024 15:51:20 INFO  Saving current: saved/LightGCN-Apr-24-2024_15-51-12.pth
Wed 24 Apr 2024 15:51:21 INFO  epoch 11 training [time: 0.19s, train loss: 15.7472]
Wed 24 Apr 2024 15:51:21 INFO  epoch 11 evaluating [time: 0.43s, valid_score: 0.176800]
Wed 24 Apr 2024 15:51:21 INFO  valid result: 
recall@20 : 0.1685    mrr@20 : 0.1768    ndcg@20 : 0.115    hit@20 : 0.4883    precision@20 : 0.0469
Wed 24 Apr 2024 15:51:21 INFO  Saving current: saved/LightGCN-Apr-24-2024_15-51-12.pth
Wed 24 Apr 2024 15:51:21 INFO  epoch 12 training [time: 0.18s, train loss: 15.6756]
Wed 24 Apr 2024 15:51:22 INFO  epoch 12 evaluating [time: 0.43s, valid_score: 0.176200]
Wed 24 Apr 2024 15:51:22 INFO  valid result: 
recall@20 : 0.1694    mrr@20 : 0.1762    ndcg@20 : 0.1146    hit@20 : 0.4926    precision@20 : 0.0473
Wed 24 Apr 2024 15:51:22 INFO  epoch 13 training [time: 0.17s, train loss: 15.6133]
Wed 24 Apr 2024 15:51:22 INFO  epoch 13 evaluating [time: 0.42s, valid_score: 0.177300]
Wed 24 Apr 2024 15:51:22 INFO  valid result: 
recall@20 : 0.1703    mrr@20 : 0.1773    ndcg@20 : 0.115    hit@20 : 0.4958    precision@20 : 0.0473
Wed 24 Apr 2024 15:51:22 INFO  Saving current: saved/LightGCN-Apr-24-2024_15-51-12.pth
Wed 24 Apr 2024 15:51:22 INFO  epoch 14 training [time: 0.19s, train loss: 15.5464]
Wed 24 Apr 2024 15:51:23 INFO  epoch 14 evaluating [time: 0.41s, valid_score: 0.176800]
Wed 24 Apr 2024 15:51:23 INFO  valid result: 
recall@20 : 0.1712    mrr@20 : 0.1768    ndcg@20 : 0.1147    hit@20 : 0.4968    precision@20 : 0.0469
Wed 24 Apr 2024 15:51:23 INFO  epoch 15 training [time: 0.18s, train loss: 15.4406]
Wed 24 Apr 2024 15:51:23 INFO  epoch 15 evaluating [time: 0.42s, valid_score: 0.176500]
Wed 24 Apr 2024 15:51:23 INFO  valid result: 
recall@20 : 0.1691    mrr@20 : 0.1765    ndcg@20 : 0.114    hit@20 : 0.4958    precision@20 : 0.0461
Wed 24 Apr 2024 15:51:24 INFO  epoch 16 training [time: 0.19s, train loss: 15.3383]
Wed 24 Apr 2024 15:51:24 INFO  epoch 16 evaluating [time: 0.42s, valid_score: 0.175600]
Wed 24 Apr 2024 15:51:24 INFO  valid result: 
recall@20 : 0.1721    mrr@20 : 0.1756    ndcg@20 : 0.1141    hit@20 : 0.5021    precision@20 : 0.0462
Wed 24 Apr 2024 15:51:24 INFO  epoch 17 training [time: 0.20s, train loss: 15.2333]
Wed 24 Apr 2024 15:51:25 INFO  epoch 17 evaluating [time: 0.43s, valid_score: 0.176400]
Wed 24 Apr 2024 15:51:25 INFO  valid result: 
recall@20 : 0.1723    mrr@20 : 0.1764    ndcg@20 : 0.1143    hit@20 : 0.5011    precision@20 : 0.0462
Wed 24 Apr 2024 15:51:25 INFO  epoch 18 training [time: 0.18s, train loss: 15.1150]
Wed 24 Apr 2024 15:51:25 INFO  epoch 18 evaluating [time: 0.43s, valid_score: 0.176500]
Wed 24 Apr 2024 15:51:25 INFO  valid result: 
recall@20 : 0.1723    mrr@20 : 0.1765    ndcg@20 : 0.1142    hit@20 : 0.4968    precision@20 : 0.046
Wed 24 Apr 2024 15:51:25 INFO  epoch 19 training [time: 0.18s, train loss: 15.0165]
Wed 24 Apr 2024 15:51:26 INFO  epoch 19 evaluating [time: 0.42s, valid_score: 0.176300]
Wed 24 Apr 2024 15:51:26 INFO  valid result: 
recall@20 : 0.1712    mrr@20 : 0.1763    ndcg@20 : 0.1134    hit@20 : 0.4958    precision@20 : 0.0454
Wed 24 Apr 2024 15:51:26 INFO  epoch 20 training [time: 0.17s, train loss: 14.8421]
Wed 24 Apr 2024 15:51:26 INFO  epoch 20 evaluating [time: 0.42s, valid_score: 0.176000]
Wed 24 Apr 2024 15:51:26 INFO  valid result: 
recall@20 : 0.1708    mrr@20 : 0.176    ndcg@20 : 0.1132    hit@20 : 0.4936    precision@20 : 0.0454
Wed 24 Apr 2024 15:51:27 INFO  epoch 21 training [time: 0.18s, train loss: 14.7412]
Wed 24 Apr 2024 15:51:27 INFO  epoch 21 evaluating [time: 0.44s, valid_score: 0.176000]
Wed 24 Apr 2024 15:51:27 INFO  valid result: 
recall@20 : 0.1718    mrr@20 : 0.176    ndcg@20 : 0.1134    hit@20 : 0.4947    precision@20 : 0.0455
Wed 24 Apr 2024 15:51:27 INFO  epoch 22 training [time: 0.18s, train loss: 14.5602]
Wed 24 Apr 2024 15:51:28 INFO  epoch 22 evaluating [time: 0.44s, valid_score: 0.175400]
Wed 24 Apr 2024 15:51:28 INFO  valid result: 
recall@20 : 0.1713    mrr@20 : 0.1754    ndcg@20 : 0.1128    hit@20 : 0.4968    precision@20 : 0.0454
Wed 24 Apr 2024 15:51:28 INFO  epoch 23 training [time: 0.17s, train loss: 14.4109]
Wed 24 Apr 2024 15:51:28 INFO  epoch 23 evaluating [time: 0.43s, valid_score: 0.174600]
Wed 24 Apr 2024 15:51:28 INFO  valid result: 
recall@20 : 0.1708    mrr@20 : 0.1746    ndcg@20 : 0.1125    hit@20 : 0.4958    precision@20 : 0.0453
Wed 24 Apr 2024 15:51:28 INFO  epoch 24 training [time: 0.19s, train loss: 14.2740]
Wed 24 Apr 2024 15:51:29 INFO  epoch 24 evaluating [time: 0.41s, valid_score: 0.175000]
Wed 24 Apr 2024 15:51:29 INFO  valid result: 
recall@20 : 0.1704    mrr@20 : 0.175    ndcg@20 : 0.1124    hit@20 : 0.4968    precision@20 : 0.0454
Wed 24 Apr 2024 15:51:29 INFO  epoch 25 training [time: 0.20s, train loss: 14.1130]
Wed 24 Apr 2024 15:51:29 INFO  epoch 25 evaluating [time: 0.44s, valid_score: 0.174600]
Wed 24 Apr 2024 15:51:29 INFO  valid result: 
recall@20 : 0.171    mrr@20 : 0.1746    ndcg@20 : 0.1125    hit@20 : 0.4968    precision@20 : 0.0454
Wed 24 Apr 2024 15:51:30 INFO  epoch 26 training [time: 0.17s, train loss: 13.8593]
Wed 24 Apr 2024 15:51:30 INFO  epoch 26 evaluating [time: 0.44s, valid_score: 0.175600]
Wed 24 Apr 2024 15:51:30 INFO  valid result: 
recall@20 : 0.171    mrr@20 : 0.1756    ndcg@20 : 0.1128    hit@20 : 0.4979    precision@20 : 0.0454
Wed 24 Apr 2024 15:51:30 INFO  epoch 27 training [time: 0.18s, train loss: 13.7863]
Wed 24 Apr 2024 15:51:31 INFO  epoch 27 evaluating [time: 0.45s, valid_score: 0.175700]
Wed 24 Apr 2024 15:51:31 INFO  valid result: 
recall@20 : 0.1723    mrr@20 : 0.1757    ndcg@20 : 0.1131    hit@20 : 0.4989    precision@20 : 0.0456
Wed 24 Apr 2024 15:51:31 INFO  epoch 28 training [time: 0.20s, train loss: 13.6724]
Wed 24 Apr 2024 15:51:31 INFO  epoch 28 evaluating [time: 0.45s, valid_score: 0.175200]
Wed 24 Apr 2024 15:51:31 INFO  valid result: 
recall@20 : 0.1709    mrr@20 : 0.1752    ndcg@20 : 0.1128    hit@20 : 0.4968    precision@20 : 0.0454
Wed 24 Apr 2024 15:51:32 INFO  epoch 29 training [time: 0.20s, train loss: 13.5210]
Wed 24 Apr 2024 15:51:32 INFO  epoch 29 evaluating [time: 0.45s, valid_score: 0.175000]
Wed 24 Apr 2024 15:51:32 INFO  valid result: 
recall@20 : 0.1729    mrr@20 : 0.175    ndcg@20 : 0.1133    hit@20 : 0.5011    precision@20 : 0.0457
Wed 24 Apr 2024 15:51:32 INFO  epoch 30 training [time: 0.21s, train loss: 13.2125]
Wed 24 Apr 2024 15:51:33 INFO  epoch 30 evaluating [time: 0.47s, valid_score: 0.175500]
Wed 24 Apr 2024 15:51:33 INFO  valid result: 
recall@20 : 0.1731    mrr@20 : 0.1755    ndcg@20 : 0.1135    hit@20 : 0.4979    precision@20 : 0.0456
Wed 24 Apr 2024 15:51:33 INFO  epoch 31 training [time: 0.18s, train loss: 13.1343]
Wed 24 Apr 2024 15:51:33 INFO  epoch 31 evaluating [time: 0.45s, valid_score: 0.176300]
Wed 24 Apr 2024 15:51:33 INFO  valid result: 
recall@20 : 0.1763    mrr@20 : 0.1763    ndcg@20 : 0.1146    hit@20 : 0.5021    precision@20 : 0.046
Wed 24 Apr 2024 15:51:34 INFO  epoch 32 training [time: 0.20s, train loss: 13.0249]
Wed 24 Apr 2024 15:51:34 INFO  epoch 32 evaluating [time: 0.45s, valid_score: 0.176000]
Wed 24 Apr 2024 15:51:34 INFO  valid result: 
recall@20 : 0.1785    mrr@20 : 0.176    ndcg@20 : 0.1149    hit@20 : 0.5021    precision@20 : 0.0458
Wed 24 Apr 2024 15:51:34 INFO  epoch 33 training [time: 0.18s, train loss: 12.7804]
Wed 24 Apr 2024 15:51:35 INFO  epoch 33 evaluating [time: 0.43s, valid_score: 0.175400]
Wed 24 Apr 2024 15:51:35 INFO  valid result: 
recall@20 : 0.1801    mrr@20 : 0.1754    ndcg@20 : 0.115    hit@20 : 0.5032    precision@20 : 0.0458
Wed 24 Apr 2024 15:51:35 INFO  epoch 34 training [time: 0.20s, train loss: 12.6237]
Wed 24 Apr 2024 15:51:35 INFO  epoch 34 evaluating [time: 0.46s, valid_score: 0.175200]
Wed 24 Apr 2024 15:51:35 INFO  valid result: 
recall@20 : 0.1787    mrr@20 : 0.1752    ndcg@20 : 0.1146    hit@20 : 0.5011    precision@20 : 0.0455
Wed 24 Apr 2024 15:51:35 INFO  epoch 35 training [time: 0.18s, train loss: 12.5614]
Wed 24 Apr 2024 15:51:36 INFO  epoch 35 evaluating [time: 0.43s, valid_score: 0.175300]
Wed 24 Apr 2024 15:51:36 INFO  valid result: 
recall@20 : 0.1786    mrr@20 : 0.1753    ndcg@20 : 0.1144    hit@20 : 0.5032    precision@20 : 0.0453
Wed 24 Apr 2024 15:51:36 INFO  epoch 36 training [time: 0.18s, train loss: 12.3032]
Wed 24 Apr 2024 15:51:36 INFO  epoch 36 evaluating [time: 0.42s, valid_score: 0.175700]
Wed 24 Apr 2024 15:51:36 INFO  valid result: 
recall@20 : 0.1855    mrr@20 : 0.1757    ndcg@20 : 0.1162    hit@20 : 0.5117    precision@20 : 0.0459
Wed 24 Apr 2024 15:51:37 INFO  epoch 37 training [time: 0.17s, train loss: 12.1294]
Wed 24 Apr 2024 15:51:37 INFO  epoch 37 evaluating [time: 0.42s, valid_score: 0.175600]
Wed 24 Apr 2024 15:51:37 INFO  valid result: 
recall@20 : 0.1866    mrr@20 : 0.1756    ndcg@20 : 0.1165    hit@20 : 0.5117    precision@20 : 0.046
Wed 24 Apr 2024 15:51:37 INFO  epoch 38 training [time: 0.19s, train loss: 11.9467]
Wed 24 Apr 2024 15:51:38 INFO  epoch 38 evaluating [time: 0.43s, valid_score: 0.174900]
Wed 24 Apr 2024 15:51:38 INFO  valid result: 
recall@20 : 0.1857    mrr@20 : 0.1749    ndcg@20 : 0.1161    hit@20 : 0.5117    precision@20 : 0.0459
Wed 24 Apr 2024 15:51:38 INFO  epoch 39 training [time: 0.19s, train loss: 11.8048]
Wed 24 Apr 2024 15:51:38 INFO  epoch 39 evaluating [time: 0.42s, valid_score: 0.174800]
Wed 24 Apr 2024 15:51:38 INFO  valid result: 
recall@20 : 0.1858    mrr@20 : 0.1748    ndcg@20 : 0.116    hit@20 : 0.5074    precision@20 : 0.0457
Wed 24 Apr 2024 15:51:38 INFO  epoch 40 training [time: 0.17s, train loss: 11.7720]
Wed 24 Apr 2024 15:51:39 INFO  epoch 40 evaluating [time: 0.43s, valid_score: 0.174600]
Wed 24 Apr 2024 15:51:39 INFO  valid result: 
recall@20 : 0.1859    mrr@20 : 0.1746    ndcg@20 : 0.116    hit@20 : 0.5085    precision@20 : 0.0457
Wed 24 Apr 2024 15:51:39 INFO  epoch 41 training [time: 0.20s, train loss: 11.6594]
Wed 24 Apr 2024 15:51:39 INFO  epoch 41 evaluating [time: 0.42s, valid_score: 0.173800]
Wed 24 Apr 2024 15:51:39 INFO  valid result: 
recall@20 : 0.1859    mrr@20 : 0.1738    ndcg@20 : 0.1158    hit@20 : 0.5085    precision@20 : 0.0458
Wed 24 Apr 2024 15:51:40 INFO  epoch 42 training [time: 0.20s, train loss: 11.4911]
Wed 24 Apr 2024 15:51:40 INFO  epoch 42 evaluating [time: 0.42s, valid_score: 0.174000]
Wed 24 Apr 2024 15:51:40 INFO  valid result: 
recall@20 : 0.1865    mrr@20 : 0.174    ndcg@20 : 0.116    hit@20 : 0.5106    precision@20 : 0.0459
Wed 24 Apr 2024 15:51:40 INFO  epoch 43 training [time: 0.18s, train loss: 11.3262]
Wed 24 Apr 2024 15:51:41 INFO  epoch 43 evaluating [time: 0.42s, valid_score: 0.173500]
Wed 24 Apr 2024 15:51:41 INFO  valid result: 
recall@20 : 0.1863    mrr@20 : 0.1735    ndcg@20 : 0.1159    hit@20 : 0.5096    precision@20 : 0.0459
Wed 24 Apr 2024 15:51:41 INFO  epoch 44 training [time: 0.18s, train loss: 11.2657]
Wed 24 Apr 2024 15:51:41 INFO  epoch 44 evaluating [time: 0.46s, valid_score: 0.173400]
Wed 24 Apr 2024 15:51:41 INFO  valid result: 
recall@20 : 0.1862    mrr@20 : 0.1734    ndcg@20 : 0.1158    hit@20 : 0.5106    precision@20 : 0.0459
Wed 24 Apr 2024 15:51:42 INFO  epoch 45 training [time: 0.18s, train loss: 11.1557]
Wed 24 Apr 2024 15:51:42 INFO  epoch 45 evaluating [time: 0.46s, valid_score: 0.173400]
Wed 24 Apr 2024 15:51:42 INFO  valid result: 
recall@20 : 0.1865    mrr@20 : 0.1734    ndcg@20 : 0.1159    hit@20 : 0.5117    precision@20 : 0.0461
Wed 24 Apr 2024 15:51:42 INFO  epoch 46 training [time: 0.18s, train loss: 11.0493]
Wed 24 Apr 2024 15:51:43 INFO  epoch 46 evaluating [time: 0.43s, valid_score: 0.173100]
Wed 24 Apr 2024 15:51:43 INFO  valid result: 
recall@20 : 0.1864    mrr@20 : 0.1731    ndcg@20 : 0.1159    hit@20 : 0.5096    precision@20 : 0.0462
Wed 24 Apr 2024 15:51:43 INFO  epoch 47 training [time: 0.18s, train loss: 10.9161]
Wed 24 Apr 2024 15:51:43 INFO  epoch 47 evaluating [time: 0.46s, valid_score: 0.173000]
Wed 24 Apr 2024 15:51:43 INFO  valid result: 
recall@20 : 0.1861    mrr@20 : 0.173    ndcg@20 : 0.1156    hit@20 : 0.5085    precision@20 : 0.0459
Wed 24 Apr 2024 15:51:43 INFO  epoch 48 training [time: 0.19s, train loss: 10.8091]
Wed 24 Apr 2024 15:51:44 INFO  epoch 48 evaluating [time: 0.43s, valid_score: 0.172900]
Wed 24 Apr 2024 15:51:44 INFO  valid result: 
recall@20 : 0.1861    mrr@20 : 0.1729    ndcg@20 : 0.1156    hit@20 : 0.5085    precision@20 : 0.0459
Wed 24 Apr 2024 15:51:44 INFO  epoch 49 training [time: 0.18s, train loss: 10.5683]
Wed 24 Apr 2024 15:51:44 INFO  epoch 49 evaluating [time: 0.42s, valid_score: 0.173100]
Wed 24 Apr 2024 15:51:44 INFO  valid result: 
recall@20 : 0.1862    mrr@20 : 0.1731    ndcg@20 : 0.1157    hit@20 : 0.5085    precision@20 : 0.046
Wed 24 Apr 2024 15:51:45 INFO  epoch 50 training [time: 0.18s, train loss: 10.4045]
Wed 24 Apr 2024 15:51:45 INFO  epoch 50 evaluating [time: 0.41s, valid_score: 0.173200]
Wed 24 Apr 2024 15:51:45 INFO  valid result: 
recall@20 : 0.1863    mrr@20 : 0.1732    ndcg@20 : 0.1158    hit@20 : 0.5085    precision@20 : 0.0461
Wed 24 Apr 2024 15:51:45 INFO  epoch 51 training [time: 0.19s, train loss: 10.4759]
Wed 24 Apr 2024 15:51:46 INFO  epoch 51 evaluating [time: 0.42s, valid_score: 0.173000]
Wed 24 Apr 2024 15:51:46 INFO  valid result: 
recall@20 : 0.1864    mrr@20 : 0.173    ndcg@20 : 0.1158    hit@20 : 0.5096    precision@20 : 0.0461
Wed 24 Apr 2024 15:51:46 INFO  epoch 52 training [time: 0.18s, train loss: 10.3640]
Wed 24 Apr 2024 15:51:46 INFO  epoch 52 evaluating [time: 0.43s, valid_score: 0.173100]
Wed 24 Apr 2024 15:51:46 INFO  valid result: 
recall@20 : 0.1887    mrr@20 : 0.1731    ndcg@20 : 0.1163    hit@20 : 0.5117    precision@20 : 0.0463
Wed 24 Apr 2024 15:51:46 INFO  epoch 53 training [time: 0.18s, train loss: 10.1732]
Wed 24 Apr 2024 15:51:47 INFO  epoch 53 evaluating [time: 0.45s, valid_score: 0.173100]
Wed 24 Apr 2024 15:51:47 INFO  valid result: 
recall@20 : 0.1892    mrr@20 : 0.1731    ndcg@20 : 0.1164    hit@20 : 0.5117    precision@20 : 0.0463
Wed 24 Apr 2024 15:51:47 INFO  epoch 54 training [time: 0.22s, train loss: 10.2589]
Wed 24 Apr 2024 15:51:48 INFO  epoch 54 evaluating [time: 0.43s, valid_score: 0.173200]
Wed 24 Apr 2024 15:51:48 INFO  valid result: 
recall@20 : 0.1908    mrr@20 : 0.1732    ndcg@20 : 0.1168    hit@20 : 0.5138    precision@20 : 0.0464
Wed 24 Apr 2024 15:51:48 INFO  epoch 55 training [time: 0.19s, train loss: 9.9794]
Wed 24 Apr 2024 15:51:48 INFO  epoch 55 evaluating [time: 0.44s, valid_score: 0.173100]
Wed 24 Apr 2024 15:51:48 INFO  valid result: 
recall@20 : 0.1897    mrr@20 : 0.1731    ndcg@20 : 0.1165    hit@20 : 0.5127    precision@20 : 0.0463
Wed 24 Apr 2024 15:51:48 INFO  epoch 56 training [time: 0.18s, train loss: 10.0601]
Wed 24 Apr 2024 15:51:49 INFO  epoch 56 evaluating [time: 0.43s, valid_score: 0.173000]
Wed 24 Apr 2024 15:51:49 INFO  valid result: 
recall@20 : 0.1906    mrr@20 : 0.173    ndcg@20 : 0.1166    hit@20 : 0.5117    precision@20 : 0.0462
Wed 24 Apr 2024 15:51:49 INFO  epoch 57 training [time: 0.19s, train loss: 9.8092]
Wed 24 Apr 2024 15:51:49 INFO  epoch 57 evaluating [time: 0.41s, valid_score: 0.173000]
Wed 24 Apr 2024 15:51:49 INFO  valid result: 
recall@20 : 0.1894    mrr@20 : 0.173    ndcg@20 : 0.1164    hit@20 : 0.5106    precision@20 : 0.0461
Wed 24 Apr 2024 15:51:50 INFO  epoch 58 training [time: 0.19s, train loss: 9.8422]
Wed 24 Apr 2024 15:51:50 INFO  epoch 58 evaluating [time: 0.41s, valid_score: 0.173000]
Wed 24 Apr 2024 15:51:50 INFO  valid result: 
recall@20 : 0.1894    mrr@20 : 0.173    ndcg@20 : 0.1164    hit@20 : 0.5106    precision@20 : 0.0461
Wed 24 Apr 2024 15:51:50 INFO  epoch 59 training [time: 0.21s, train loss: 9.6055]
Wed 24 Apr 2024 15:51:51 INFO  epoch 59 evaluating [time: 0.45s, valid_score: 0.173100]
Wed 24 Apr 2024 15:51:51 INFO  valid result: 
recall@20 : 0.1899    mrr@20 : 0.1731    ndcg@20 : 0.1166    hit@20 : 0.5106    precision@20 : 0.0462
Wed 24 Apr 2024 15:51:51 INFO  epoch 60 training [time: 0.19s, train loss: 9.6993]
Wed 24 Apr 2024 15:51:51 INFO  epoch 60 evaluating [time: 0.42s, valid_score: 0.173000]
Wed 24 Apr 2024 15:51:51 INFO  valid result: 
recall@20 : 0.1899    mrr@20 : 0.173    ndcg@20 : 0.1166    hit@20 : 0.5096    precision@20 : 0.0461
Wed 24 Apr 2024 15:51:51 INFO  epoch 61 training [time: 0.18s, train loss: 9.4379]
Wed 24 Apr 2024 15:51:52 INFO  epoch 61 evaluating [time: 0.45s, valid_score: 0.172900]
Wed 24 Apr 2024 15:51:52 INFO  valid result: 
recall@20 : 0.1895    mrr@20 : 0.1729    ndcg@20 : 0.1164    hit@20 : 0.5074    precision@20 : 0.046
Wed 24 Apr 2024 15:51:52 INFO  epoch 62 training [time: 0.19s, train loss: 9.5523]
Wed 24 Apr 2024 15:51:53 INFO  epoch 62 evaluating [time: 0.45s, valid_score: 0.173000]
Wed 24 Apr 2024 15:51:53 INFO  valid result: 
recall@20 : 0.1898    mrr@20 : 0.173    ndcg@20 : 0.1165    hit@20 : 0.5085    precision@20 : 0.046
Wed 24 Apr 2024 15:51:53 INFO  epoch 63 training [time: 0.19s, train loss: 9.4204]
Wed 24 Apr 2024 15:51:53 INFO  epoch 63 evaluating [time: 0.45s, valid_score: 0.173500]
Wed 24 Apr 2024 15:51:53 INFO  valid result: 
recall@20 : 0.1895    mrr@20 : 0.1735    ndcg@20 : 0.1165    hit@20 : 0.5096    precision@20 : 0.046
Wed 24 Apr 2024 15:51:53 INFO  epoch 64 training [time: 0.19s, train loss: 9.2780]
Wed 24 Apr 2024 15:51:54 INFO  epoch 64 evaluating [time: 0.45s, valid_score: 0.173400]
Wed 24 Apr 2024 15:51:54 INFO  valid result: 
recall@20 : 0.1898    mrr@20 : 0.1734    ndcg@20 : 0.1166    hit@20 : 0.5096    precision@20 : 0.0459
Wed 24 Apr 2024 15:51:54 INFO  epoch 65 training [time: 0.19s, train loss: 9.2904]
Wed 24 Apr 2024 15:51:54 INFO  epoch 65 evaluating [time: 0.45s, valid_score: 0.173400]
Wed 24 Apr 2024 15:51:54 INFO  valid result: 
recall@20 : 0.1896    mrr@20 : 0.1734    ndcg@20 : 0.1166    hit@20 : 0.5085    precision@20 : 0.0458
Wed 24 Apr 2024 15:51:55 INFO  epoch 66 training [time: 0.18s, train loss: 9.3069]
Wed 24 Apr 2024 15:51:55 INFO  epoch 66 evaluating [time: 0.42s, valid_score: 0.173300]
Wed 24 Apr 2024 15:51:55 INFO  valid result: 
recall@20 : 0.1895    mrr@20 : 0.1733    ndcg@20 : 0.1165    hit@20 : 0.5053    precision@20 : 0.0457
Wed 24 Apr 2024 15:51:55 INFO  epoch 67 training [time: 0.20s, train loss: 9.1071]
Wed 24 Apr 2024 15:51:56 INFO  epoch 67 evaluating [time: 0.44s, valid_score: 0.172400]
Wed 24 Apr 2024 15:51:56 INFO  valid result: 
recall@20 : 0.1895    mrr@20 : 0.1724    ndcg@20 : 0.1164    hit@20 : 0.5053    precision@20 : 0.0457
Wed 24 Apr 2024 15:51:56 INFO  epoch 68 training [time: 0.20s, train loss: 9.0497]
Wed 24 Apr 2024 15:51:56 INFO  epoch 68 evaluating [time: 0.42s, valid_score: 0.172600]
Wed 24 Apr 2024 15:51:56 INFO  valid result: 
recall@20 : 0.1894    mrr@20 : 0.1726    ndcg@20 : 0.1164    hit@20 : 0.5053    precision@20 : 0.0456
Wed 24 Apr 2024 15:51:57 INFO  epoch 69 training [time: 0.21s, train loss: 8.9752]
Wed 24 Apr 2024 15:51:57 INFO  epoch 69 evaluating [time: 0.46s, valid_score: 0.172700]
Wed 24 Apr 2024 15:51:57 INFO  valid result: 
recall@20 : 0.1887    mrr@20 : 0.1727    ndcg@20 : 0.1163    hit@20 : 0.5032    precision@20 : 0.0455
Wed 24 Apr 2024 15:51:57 INFO  epoch 70 training [time: 0.19s, train loss: 8.9541]
Wed 24 Apr 2024 15:51:58 INFO  epoch 70 evaluating [time: 0.43s, valid_score: 0.171700]
Wed 24 Apr 2024 15:51:58 INFO  valid result: 
recall@20 : 0.189    mrr@20 : 0.1717    ndcg@20 : 0.1163    hit@20 : 0.5053    precision@20 : 0.0456
Wed 24 Apr 2024 15:51:58 INFO  epoch 71 training [time: 0.20s, train loss: 8.9245]
Wed 24 Apr 2024 15:51:58 INFO  epoch 71 evaluating [time: 0.45s, valid_score: 0.171700]
Wed 24 Apr 2024 15:51:58 INFO  valid result: 
recall@20 : 0.1883    mrr@20 : 0.1717    ndcg@20 : 0.1161    hit@20 : 0.5042    precision@20 : 0.0454
Wed 24 Apr 2024 15:51:58 INFO  epoch 72 training [time: 0.19s, train loss: 8.9852]
Wed 24 Apr 2024 15:51:59 INFO  epoch 72 evaluating [time: 0.43s, valid_score: 0.171600]
Wed 24 Apr 2024 15:51:59 INFO  valid result: 
recall@20 : 0.188    mrr@20 : 0.1716    ndcg@20 : 0.116    hit@20 : 0.5042    precision@20 : 0.0453
Wed 24 Apr 2024 15:51:59 INFO  epoch 73 training [time: 0.19s, train loss: 8.9020]
Wed 24 Apr 2024 15:52:00 INFO  epoch 73 evaluating [time: 0.43s, valid_score: 0.171700]
Wed 24 Apr 2024 15:52:00 INFO  valid result: 
recall@20 : 0.1885    mrr@20 : 0.1717    ndcg@20 : 0.1161    hit@20 : 0.5053    precision@20 : 0.0453
Wed 24 Apr 2024 15:52:00 INFO  epoch 74 training [time: 0.18s, train loss: 8.9540]
Wed 24 Apr 2024 15:52:00 INFO  epoch 74 evaluating [time: 0.43s, valid_score: 0.171400]
Wed 24 Apr 2024 15:52:00 INFO  valid result: 
recall@20 : 0.1884    mrr@20 : 0.1714    ndcg@20 : 0.116    hit@20 : 0.5053    precision@20 : 0.0453
Wed 24 Apr 2024 15:52:00 INFO  epoch 75 training [time: 0.19s, train loss: 9.0472]
Wed 24 Apr 2024 15:52:01 INFO  epoch 75 evaluating [time: 0.43s, valid_score: 0.171300]
Wed 24 Apr 2024 15:52:01 INFO  valid result: 
recall@20 : 0.1874    mrr@20 : 0.1713    ndcg@20 : 0.1157    hit@20 : 0.5032    precision@20 : 0.0453
Wed 24 Apr 2024 15:52:01 INFO  epoch 76 training [time: 0.20s, train loss: 8.9454]
Wed 24 Apr 2024 15:52:01 INFO  epoch 76 evaluating [time: 0.42s, valid_score: 0.171200]
Wed 24 Apr 2024 15:52:01 INFO  valid result: 
recall@20 : 0.1873    mrr@20 : 0.1712    ndcg@20 : 0.1157    hit@20 : 0.5021    precision@20 : 0.0452
Wed 24 Apr 2024 15:52:02 INFO  epoch 77 training [time: 0.22s, train loss: 8.7887]
Wed 24 Apr 2024 15:52:02 INFO  epoch 77 evaluating [time: 0.47s, valid_score: 0.171300]
Wed 24 Apr 2024 15:52:02 INFO  valid result: 
recall@20 : 0.1885    mrr@20 : 0.1713    ndcg@20 : 0.116    hit@20 : 0.5032    precision@20 : 0.0453
Wed 24 Apr 2024 15:52:02 INFO  epoch 78 training [time: 0.21s, train loss: 8.6341]
Wed 24 Apr 2024 15:52:03 INFO  epoch 78 evaluating [time: 0.43s, valid_score: 0.171300]
Wed 24 Apr 2024 15:52:03 INFO  valid result: 
recall@20 : 0.1881    mrr@20 : 0.1713    ndcg@20 : 0.1159    hit@20 : 0.5021    precision@20 : 0.0452
Wed 24 Apr 2024 15:52:03 INFO  epoch 79 training [time: 0.26s, train loss: 8.4804]
Wed 24 Apr 2024 15:52:03 INFO  epoch 79 evaluating [time: 0.50s, valid_score: 0.171200]
Wed 24 Apr 2024 15:52:03 INFO  valid result: 
recall@20 : 0.1879    mrr@20 : 0.1712    ndcg@20 : 0.1158    hit@20 : 0.5032    precision@20 : 0.0451
Wed 24 Apr 2024 15:52:04 INFO  epoch 80 training [time: 0.23s, train loss: 8.5542]
Wed 24 Apr 2024 15:52:04 INFO  epoch 80 evaluating [time: 0.44s, valid_score: 0.171200]
Wed 24 Apr 2024 15:52:04 INFO  valid result: 
recall@20 : 0.1879    mrr@20 : 0.1712    ndcg@20 : 0.1158    hit@20 : 0.5032    precision@20 : 0.0451
Wed 24 Apr 2024 15:52:04 INFO  epoch 81 training [time: 0.24s, train loss: 8.4907]
Wed 24 Apr 2024 15:52:05 INFO  epoch 81 evaluating [time: 0.45s, valid_score: 0.171400]
Wed 24 Apr 2024 15:52:05 INFO  valid result: 
recall@20 : 0.1886    mrr@20 : 0.1714    ndcg@20 : 0.116    hit@20 : 0.5064    precision@20 : 0.0452
Wed 24 Apr 2024 15:52:05 INFO  epoch 82 training [time: 0.23s, train loss: 8.4169]
Wed 24 Apr 2024 15:52:06 INFO  epoch 82 evaluating [time: 0.45s, valid_score: 0.171400]
Wed 24 Apr 2024 15:52:06 INFO  valid result: 
recall@20 : 0.1885    mrr@20 : 0.1714    ndcg@20 : 0.116    hit@20 : 0.5064    precision@20 : 0.0451
Wed 24 Apr 2024 15:52:06 INFO  epoch 83 training [time: 0.25s, train loss: 8.4831]
Wed 24 Apr 2024 15:52:06 INFO  epoch 83 evaluating [time: 0.48s, valid_score: 0.170800]
Wed 24 Apr 2024 15:52:06 INFO  valid result: 
recall@20 : 0.1886    mrr@20 : 0.1708    ndcg@20 : 0.116    hit@20 : 0.5064    precision@20 : 0.0452
Wed 24 Apr 2024 15:52:07 INFO  epoch 84 training [time: 0.25s, train loss: 8.5074]
Wed 24 Apr 2024 15:52:07 INFO  epoch 84 evaluating [time: 0.44s, valid_score: 0.171400]
Wed 24 Apr 2024 15:52:07 INFO  valid result: 
recall@20 : 0.1885    mrr@20 : 0.1714    ndcg@20 : 0.116    hit@20 : 0.5064    precision@20 : 0.0451
Wed 24 Apr 2024 15:52:07 INFO  epoch 85 training [time: 0.24s, train loss: 8.4618]
Wed 24 Apr 2024 15:52:08 INFO  epoch 85 evaluating [time: 0.43s, valid_score: 0.170700]
Wed 24 Apr 2024 15:52:08 INFO  valid result: 
recall@20 : 0.1885    mrr@20 : 0.1707    ndcg@20 : 0.1159    hit@20 : 0.5064    precision@20 : 0.0451
Wed 24 Apr 2024 15:52:08 INFO  epoch 86 training [time: 0.23s, train loss: 8.5527]
Wed 24 Apr 2024 15:52:08 INFO  epoch 86 evaluating [time: 0.47s, valid_score: 0.171400]
Wed 24 Apr 2024 15:52:08 INFO  valid result: 
recall@20 : 0.1884    mrr@20 : 0.1714    ndcg@20 : 0.116    hit@20 : 0.5064    precision@20 : 0.0451
Wed 24 Apr 2024 15:52:09 INFO  epoch 87 training [time: 0.23s, train loss: 8.4917]
Wed 24 Apr 2024 15:52:09 INFO  epoch 87 evaluating [time: 0.46s, valid_score: 0.171200]
Wed 24 Apr 2024 15:52:09 INFO  valid result: 
recall@20 : 0.1884    mrr@20 : 0.1712    ndcg@20 : 0.1159    hit@20 : 0.5064    precision@20 : 0.0451
Wed 24 Apr 2024 15:52:09 INFO  epoch 88 training [time: 0.23s, train loss: 8.3645]
Wed 24 Apr 2024 15:52:10 INFO  epoch 88 evaluating [time: 0.45s, valid_score: 0.170700]
Wed 24 Apr 2024 15:52:10 INFO  valid result: 
recall@20 : 0.1884    mrr@20 : 0.1707    ndcg@20 : 0.1158    hit@20 : 0.5074    precision@20 : 0.0451
Wed 24 Apr 2024 15:52:10 INFO  epoch 89 training [time: 0.22s, train loss: 8.2499]
Wed 24 Apr 2024 15:52:10 INFO  epoch 89 evaluating [time: 0.45s, valid_score: 0.171300]
Wed 24 Apr 2024 15:52:10 INFO  valid result: 
recall@20 : 0.1879    mrr@20 : 0.1713    ndcg@20 : 0.1158    hit@20 : 0.5064    precision@20 : 0.0451
Wed 24 Apr 2024 15:52:11 INFO  epoch 90 training [time: 0.21s, train loss: 8.4847]
Wed 24 Apr 2024 15:52:11 INFO  epoch 90 evaluating [time: 0.45s, valid_score: 0.171400]
Wed 24 Apr 2024 15:52:11 INFO  valid result: 
recall@20 : 0.1878    mrr@20 : 0.1714    ndcg@20 : 0.1158    hit@20 : 0.5074    precision@20 : 0.0451
Wed 24 Apr 2024 15:52:11 INFO  epoch 91 training [time: 0.22s, train loss: 8.5822]
Wed 24 Apr 2024 15:52:12 INFO  epoch 91 evaluating [time: 0.42s, valid_score: 0.171100]
Wed 24 Apr 2024 15:52:12 INFO  valid result: 
recall@20 : 0.1873    mrr@20 : 0.1711    ndcg@20 : 0.1156    hit@20 : 0.5053    precision@20 : 0.045
Wed 24 Apr 2024 15:52:12 INFO  epoch 92 training [time: 0.24s, train loss: 8.9984]
Wed 24 Apr 2024 15:52:12 INFO  epoch 92 evaluating [time: 0.44s, valid_score: 0.171400]
Wed 24 Apr 2024 15:52:12 INFO  valid result: 
recall@20 : 0.1875    mrr@20 : 0.1714    ndcg@20 : 0.1159    hit@20 : 0.5053    precision@20 : 0.0452
Wed 24 Apr 2024 15:52:13 INFO  epoch 93 training [time: 0.22s, train loss: 8.3434]
Wed 24 Apr 2024 15:52:13 INFO  epoch 93 evaluating [time: 0.43s, valid_score: 0.171400]
Wed 24 Apr 2024 15:52:13 INFO  valid result: 
recall@20 : 0.1862    mrr@20 : 0.1714    ndcg@20 : 0.1155    hit@20 : 0.5053    precision@20 : 0.0451
Wed 24 Apr 2024 15:52:13 INFO  epoch 94 training [time: 0.21s, train loss: 8.3786]
Wed 24 Apr 2024 15:52:14 INFO  epoch 94 evaluating [time: 0.45s, valid_score: 0.171100]
Wed 24 Apr 2024 15:52:14 INFO  valid result: 
recall@20 : 0.1863    mrr@20 : 0.1711    ndcg@20 : 0.1156    hit@20 : 0.5064    precision@20 : 0.0452
Wed 24 Apr 2024 15:52:14 INFO  epoch 95 training [time: 0.22s, train loss: 8.0733]
Wed 24 Apr 2024 15:52:14 INFO  epoch 95 evaluating [time: 0.45s, valid_score: 0.171000]
Wed 24 Apr 2024 15:52:14 INFO  valid result: 
recall@20 : 0.1852    mrr@20 : 0.171    ndcg@20 : 0.1154    hit@20 : 0.5042    precision@20 : 0.0452
Wed 24 Apr 2024 15:52:15 INFO  epoch 96 training [time: 0.22s, train loss: 8.2573]
Wed 24 Apr 2024 15:52:15 INFO  epoch 96 evaluating [time: 0.42s, valid_score: 0.171100]
Wed 24 Apr 2024 15:52:15 INFO  valid result: 
recall@20 : 0.1856    mrr@20 : 0.1711    ndcg@20 : 0.1155    hit@20 : 0.5064    precision@20 : 0.0453
Wed 24 Apr 2024 15:52:15 INFO  epoch 97 training [time: 0.23s, train loss: 8.2654]
Wed 24 Apr 2024 15:52:16 INFO  epoch 97 evaluating [time: 0.43s, valid_score: 0.171200]
Wed 24 Apr 2024 15:52:16 INFO  valid result: 
recall@20 : 0.1854    mrr@20 : 0.1712    ndcg@20 : 0.1155    hit@20 : 0.5064    precision@20 : 0.0452
Wed 24 Apr 2024 15:52:16 INFO  epoch 98 training [time: 0.22s, train loss: 8.3008]
Wed 24 Apr 2024 15:52:16 INFO  epoch 98 evaluating [time: 0.47s, valid_score: 0.170600]
Wed 24 Apr 2024 15:52:16 INFO  valid result: 
recall@20 : 0.1846    mrr@20 : 0.1706    ndcg@20 : 0.1152    hit@20 : 0.5064    precision@20 : 0.0452
Wed 24 Apr 2024 15:52:17 INFO  epoch 99 training [time: 0.21s, train loss: 7.9829]
Wed 24 Apr 2024 15:52:17 INFO  epoch 99 evaluating [time: 0.43s, valid_score: 0.171000]
Wed 24 Apr 2024 15:52:17 INFO  valid result: 
recall@20 : 0.1824    mrr@20 : 0.171    ndcg@20 : 0.1147    hit@20 : 0.5042    precision@20 : 0.0451
Wed 24 Apr 2024 15:52:17 INFO  epoch 100 training [time: 0.21s, train loss: 8.4116]
Wed 24 Apr 2024 15:52:18 INFO  epoch 100 evaluating [time: 0.43s, valid_score: 0.171000]
Wed 24 Apr 2024 15:52:18 INFO  valid result: 
recall@20 : 0.1826    mrr@20 : 0.171    ndcg@20 : 0.1148    hit@20 : 0.5042    precision@20 : 0.0451
Wed 24 Apr 2024 15:52:18 INFO  epoch 101 training [time: 0.21s, train loss: 7.9769]
Wed 24 Apr 2024 15:52:18 INFO  epoch 101 evaluating [time: 0.43s, valid_score: 0.171100]
Wed 24 Apr 2024 15:52:18 INFO  valid result: 
recall@20 : 0.1823    mrr@20 : 0.1711    ndcg@20 : 0.1147    hit@20 : 0.5032    precision@20 : 0.045
Wed 24 Apr 2024 15:52:18 INFO  epoch 102 training [time: 0.21s, train loss: 8.0671]
Wed 24 Apr 2024 15:52:19 INFO  epoch 102 evaluating [time: 0.43s, valid_score: 0.170500]
Wed 24 Apr 2024 15:52:19 INFO  valid result: 
recall@20 : 0.1819    mrr@20 : 0.1705    ndcg@20 : 0.1145    hit@20 : 0.5021    precision@20 : 0.0449
Wed 24 Apr 2024 15:52:19 INFO  epoch 103 training [time: 0.22s, train loss: 7.8387]
Wed 24 Apr 2024 15:52:20 INFO  epoch 103 evaluating [time: 0.43s, valid_score: 0.170600]
Wed 24 Apr 2024 15:52:20 INFO  valid result: 
recall@20 : 0.1808    mrr@20 : 0.1706    ndcg@20 : 0.1143    hit@20 : 0.5011    precision@20 : 0.0449
Wed 24 Apr 2024 15:52:20 INFO  epoch 104 training [time: 0.22s, train loss: 8.0695]
Wed 24 Apr 2024 15:52:20 INFO  epoch 104 evaluating [time: 0.43s, valid_score: 0.170400]
Wed 24 Apr 2024 15:52:20 INFO  valid result: 
recall@20 : 0.1808    mrr@20 : 0.1704    ndcg@20 : 0.1143    hit@20 : 0.5011    precision@20 : 0.0449
Wed 24 Apr 2024 15:52:20 INFO  epoch 105 training [time: 0.22s, train loss: 8.3105]
Wed 24 Apr 2024 15:52:21 INFO  epoch 105 evaluating [time: 0.43s, valid_score: 0.170500]
Wed 24 Apr 2024 15:52:21 INFO  valid result: 
recall@20 : 0.1808    mrr@20 : 0.1705    ndcg@20 : 0.1143    hit@20 : 0.5011    precision@20 : 0.0449
Wed 24 Apr 2024 15:52:21 INFO  epoch 106 training [time: 0.23s, train loss: 8.0886]
Wed 24 Apr 2024 15:52:22 INFO  epoch 106 evaluating [time: 0.47s, valid_score: 0.170600]
Wed 24 Apr 2024 15:52:22 INFO  valid result: 
recall@20 : 0.1808    mrr@20 : 0.1706    ndcg@20 : 0.1143    hit@20 : 0.5011    precision@20 : 0.0449
Wed 24 Apr 2024 15:52:22 INFO  epoch 107 training [time: 0.23s, train loss: 7.8052]
Wed 24 Apr 2024 15:52:22 INFO  epoch 107 evaluating [time: 0.45s, valid_score: 0.170400]
Wed 24 Apr 2024 15:52:22 INFO  valid result: 
recall@20 : 0.1806    mrr@20 : 0.1704    ndcg@20 : 0.1142    hit@20 : 0.5    precision@20 : 0.0447
Wed 24 Apr 2024 15:52:22 INFO  epoch 108 training [time: 0.24s, train loss: 7.9514]
Wed 24 Apr 2024 15:52:23 INFO  epoch 108 evaluating [time: 0.47s, valid_score: 0.170700]
Wed 24 Apr 2024 15:52:23 INFO  valid result: 
recall@20 : 0.1805    mrr@20 : 0.1707    ndcg@20 : 0.1142    hit@20 : 0.5    precision@20 : 0.0447
Wed 24 Apr 2024 15:52:23 INFO  epoch 109 training [time: 0.24s, train loss: 8.0926]
Wed 24 Apr 2024 15:52:24 INFO  epoch 109 evaluating [time: 0.44s, valid_score: 0.170700]
Wed 24 Apr 2024 15:52:24 INFO  valid result: 
recall@20 : 0.1805    mrr@20 : 0.1707    ndcg@20 : 0.1142    hit@20 : 0.5011    precision@20 : 0.0447
Wed 24 Apr 2024 15:52:24 INFO  epoch 110 training [time: 0.21s, train loss: 7.9745]
Wed 24 Apr 2024 15:52:24 INFO  epoch 110 evaluating [time: 0.44s, valid_score: 0.170900]
Wed 24 Apr 2024 15:52:24 INFO  valid result: 
recall@20 : 0.1803    mrr@20 : 0.1709    ndcg@20 : 0.1142    hit@20 : 0.5    precision@20 : 0.0446
Wed 24 Apr 2024 15:52:24 INFO  epoch 111 training [time: 0.22s, train loss: 7.9554]
Wed 24 Apr 2024 15:52:25 INFO  epoch 111 evaluating [time: 0.46s, valid_score: 0.171500]
Wed 24 Apr 2024 15:52:25 INFO  valid result: 
recall@20 : 0.1805    mrr@20 : 0.1715    ndcg@20 : 0.1143    hit@20 : 0.5    precision@20 : 0.0446
Wed 24 Apr 2024 15:52:25 INFO  epoch 112 training [time: 0.22s, train loss: 7.8810]
Wed 24 Apr 2024 15:52:26 INFO  epoch 112 evaluating [time: 0.43s, valid_score: 0.171400]
Wed 24 Apr 2024 15:52:26 INFO  valid result: 
recall@20 : 0.1811    mrr@20 : 0.1714    ndcg@20 : 0.1145    hit@20 : 0.5021    precision@20 : 0.0447
Wed 24 Apr 2024 15:52:26 INFO  epoch 113 training [time: 0.23s, train loss: 8.1469]
Wed 24 Apr 2024 15:52:26 INFO  epoch 113 evaluating [time: 0.44s, valid_score: 0.172000]
Wed 24 Apr 2024 15:52:26 INFO  valid result: 
recall@20 : 0.1805    mrr@20 : 0.172    ndcg@20 : 0.1145    hit@20 : 0.5011    precision@20 : 0.0447
Wed 24 Apr 2024 15:52:26 INFO  epoch 114 training [time: 0.19s, train loss: 7.8327]
Wed 24 Apr 2024 15:52:27 INFO  epoch 114 evaluating [time: 0.43s, valid_score: 0.172000]
Wed 24 Apr 2024 15:52:27 INFO  valid result: 
recall@20 : 0.181    mrr@20 : 0.172    ndcg@20 : 0.1146    hit@20 : 0.5021    precision@20 : 0.0448
Wed 24 Apr 2024 15:52:27 INFO  Finished training, best eval result in epoch 13
Wed 24 Apr 2024 15:52:27 INFO  Loading model structure and parameters from saved/LightGCN-Apr-24-2024_15-51-12.pth
Wed 24 Apr 2024 15:52:28 INFO  The running environment of this training is as follows:
+-------------+----------------+
| Environment |     Usage      |
+=============+================+
| CPU         |     2.80 %     |
+-------------+----------------+
| GPU         | 0.03 G/15.98 G |
+-------------+----------------+
| Memory      | 1.14 G/15.47 G |
+-------------+----------------+
Wed 24 Apr 2024 15:52:28 INFO  best valid : OrderedDict([('recall@20', 0.1703), ('mrr@20', 0.1773), ('ndcg@20', 0.115), ('hit@20', 0.4958), ('precision@20', 0.0473)])
Wed 24 Apr 2024 15:52:28 INFO  test result: OrderedDict([('recall@20', 0.1864), ('mrr@20', 0.1863), ('ndcg@20', 0.1264), ('hit@20', 0.5085), ('precision@20', 0.0488)])
