Mon 24 Jun 2024 20:32:23 INFO  ['run_recbole.py', '--model=LightGCN', '--dataset=ml-1m']
Mon 24 Jun 2024 20:32:23 INFO  
General Hyper Parameters:
gpu_id = 0
use_gpu = True
seed = 2020
state = DEBUG
reproducibility = True
data_path = dataset/ml-1m
checkpoint_dir = saved
show_progress = True
save_dataset = False
dataset_save_path = None
save_dataloaders = False
dataloaders_save_path = None
log_wandb = False

Training Hyper Parameters:
epochs = 500
train_batch_size = 2048
learner = adam
learning_rate = 0.0001
train_neg_sample_args = {'distribution': 'uniform', 'sample_num': 1, 'alpha': 1.0, 'dynamic': False, 'candidate_num': 1}
eval_step = 1
stopping_step = 1
clip_grad_norm = None
weight_decay = 0.0
loss_decimal_place = 4

Evaluation Hyper Parameters:
eval_args = {'split': {'RS': [0.8, 0.1, 0.1]}, 'group_by': 'user', 'order': 'RO', 'mode': 'full'}
repeatable = False
metrics = ['Recall', 'MRR', 'NDCG', 'Hit', 'Precision']
topk = [20]
valid_metric = Recall@20
valid_metric_bigger = True
eval_batch_size = 4096
metric_decimal_place = 4

Dataset Hyper Parameters:
field_separator = 	
seq_separator =  
USER_ID_FIELD = user_id
ITEM_ID_FIELD = item_id
RATING_FIELD = rating
TIME_FIELD = timestamp
seq_len = None
LABEL_FIELD = label
threshold = {'rating': 4.0}
NEG_PREFIX = neg_
load_col = {'inter': ['user_id', 'item_id', 'rating']}
unload_col = None
unused_col = None
additional_feat_suffix = None
rm_dup_inter = None
val_interval = None
filter_inter_by_user_or_item = True
user_inter_num_interval = None
item_inter_num_interval = None
alias_of_user_id = None
alias_of_item_id = None
alias_of_entity_id = None
alias_of_relation_id = None
preload_weight = None
normalize_field = None
normalize_all = True
ITEM_LIST_LENGTH_FIELD = item_length
LIST_SUFFIX = _list
MAX_ITEM_LIST_LENGTH = 50
POSITION_FIELD = position_id
HEAD_ENTITY_ID_FIELD = head_id
TAIL_ENTITY_ID_FIELD = tail_id
RELATION_ID_FIELD = relation_id
ENTITY_ID_FIELD = entity_id
kg_reverse_r = False
entity_kg_num_interval = None
relation_kg_num_interval = None
benchmark_filename = None

Other Hyper Parameters: 
worker = 0
wandb_project = recbole
shuffle = True
require_pow = False
enable_amp = False
enable_scaler = True
transform = None
train_after_converge = True
positive_sampling = True
model_name_custom = GCN_AST
data_augmentation = False
embedding_size = 64
n_layers = 3
reg_weight = 1e-05
numerical_features = []
discretization = None
MODEL_TYPE = ModelType.GENERAL
MODEL_INPUT_TYPE = InputType.PAIRWISE
eval_type = EvaluatorType.RANKING
single_spec = True
local_rank = 0
device = cpu
eval_neg_sample_args = {'distribution': 'uniform', 'sample_num': 'none'}


Mon 24 Jun 2024 20:32:23 DEBUG  Loading <class 'recbole.data.dataset.dataset.Dataset'> from scratch.
Mon 24 Jun 2024 20:32:23 DEBUG  uid_field: user_id
Mon 24 Jun 2024 20:32:23 DEBUG  iid_field: item_id
Mon 24 Jun 2024 20:32:23 DEBUG  Loading feature from [dataset/ml-1m/ml-1m.inter] (source: [FeatureSource.INTERACTION]).
Mon 24 Jun 2024 20:32:23 DEBUG  [inter]: 
Mon 24 Jun 2024 20:32:23 DEBUG  	 load_col: [{'item_id', 'rating', 'user_id'}]
Mon 24 Jun 2024 20:32:23 DEBUG  	 unload_col: [None]
Mon 24 Jun 2024 20:32:25 DEBUG  Interaction feature loaded successfully from [dataset/ml-1m/ml-1m.inter].
Mon 24 Jun 2024 20:32:25 DEBUG  Loading feature from [dataset/ml-1m/ml-1m.user] (source: [FeatureSource.USER]).
Mon 24 Jun 2024 20:32:25 DEBUG  [user]: 
Mon 24 Jun 2024 20:32:25 DEBUG  	 load_col: [set()]
Mon 24 Jun 2024 20:32:25 DEBUG  	 unload_col: [None]
Mon 24 Jun 2024 20:32:25 DEBUG  [user] feature loaded successfully from [dataset/ml-1m/ml-1m.user].
Mon 24 Jun 2024 20:32:25 DEBUG  Loading feature from [dataset/ml-1m/ml-1m.item] (source: [FeatureSource.ITEM]).
Mon 24 Jun 2024 20:32:25 DEBUG  [item]: 
Mon 24 Jun 2024 20:32:25 DEBUG  	 load_col: [set()]
Mon 24 Jun 2024 20:32:25 DEBUG  	 unload_col: [None]
Mon 24 Jun 2024 20:32:25 DEBUG  [item] feature loaded successfully from [dataset/ml-1m/ml-1m.item].
Mon 24 Jun 2024 20:32:25 DEBUG  drop_by_value: val={}
Mon 24 Jun 2024 20:32:25 DEBUG  Filling nan
Mon 24 Jun 2024 20:32:25 DEBUG  Set label by {'rating': 4.0}.
Mon 24 Jun 2024 20:32:25 DEBUG  Delete column [rating].
Mon 24 Jun 2024 20:32:25 DEBUG  Normalized fields: ['label']
Mon 24 Jun 2024 20:32:25 INFO  ml-1m
The number of users: 6041
Average actions of users: 165.5975165562914
The number of items: 3707
Average actions of items: 269.88909875876953
The number of inters: 1000209
The sparsity of the dataset: 95.53358229599758%
Remain Fields: ['user_id', 'item_id', 'label']
Mon 24 Jun 2024 20:32:25 DEBUG  split by ratios [[0.8, 0.1, 0.1]], group_by=[user_id]
Mon 24 Jun 2024 20:32:27 INFO  [Training]: train_batch_size = [2048] train_neg_sample_args: [{'distribution': 'uniform', 'sample_num': 1, 'alpha': 1.0, 'dynamic': False, 'candidate_num': 1}]
Mon 24 Jun 2024 20:32:27 INFO  [Evaluation]: eval_batch_size = [4096] eval_args: [{'split': {'RS': [0.8, 0.1, 0.1]}, 'group_by': 'user', 'order': 'RO', 'mode': 'full'}]
Mon 24 Jun 2024 20:32:37 INFO  LightGCN(
  (user_embedding): Embedding(6041, 64)
  (item_embedding): Embedding(3707, 64)
  (mf_loss): BPRLoss()
  (reg_loss): EmbLoss()
)
Trainable parameters: 623872
Mon 24 Jun 2024 20:32:37 INFO  FLOPs: 0.0
Mon 24 Jun 2024 20:32:37 DEBUG  matplotlib data path: /home/simeon/miniconda3/envs/recbole/lib/python3.11/site-packages/matplotlib/mpl-data
Mon 24 Jun 2024 20:32:37 DEBUG  CONFIGDIR=/home/simeon/.config/matplotlib
Mon 24 Jun 2024 20:32:37 DEBUG  interactive is False
Mon 24 Jun 2024 20:32:37 DEBUG  platform is linux
Mon 24 Jun 2024 20:32:37 DEBUG  CACHEDIR=/home/simeon/.cache/matplotlib
Mon 24 Jun 2024 20:32:37 DEBUG  Using fontManager instance from /home/simeon/.cache/matplotlib/fontlist-v330.json
Mon 24 Jun 2024 20:32:38 DEBUG   length of inter_feat: 805443
Mon 24 Jun 2024 20:32:38 DEBUG   length of dataset: 805443
Mon 24 Jun 2024 20:33:55 INFO  epoch 0 training [time: 77.41s, train loss: 268.2143]
Mon 24 Jun 2024 20:33:57 INFO  epoch 0 evaluating [time: 1.37s, valid_score: 0.112500]
Mon 24 Jun 2024 20:33:57 INFO  valid result: 
recall@20 : 0.1125    mrr@20 : 0.2309    ndcg@20 : 0.1125    hit@20 : 0.6232    precision@20 : 0.0725
Mon 24 Jun 2024 20:33:57 INFO  Saving current: saved/LightGCN-Jun-24-2024_20-32-37.pth
Mon 24 Jun 2024 20:35:10 INFO  epoch 1 training [time: 73.81s, train loss: 229.9505]
Mon 24 Jun 2024 20:35:12 INFO  epoch 1 evaluating [time: 1.30s, valid_score: 0.112400]
Mon 24 Jun 2024 20:35:12 INFO  valid result: 
recall@20 : 0.1124    mrr@20 : 0.2301    ndcg@20 : 0.1122    hit@20 : 0.6222    precision@20 : 0.0724
Mon 24 Jun 2024 20:36:29 INFO  epoch 2 training [time: 77.30s, train loss: 188.0837]
Mon 24 Jun 2024 20:36:30 INFO  epoch 2 evaluating [time: 1.37s, valid_score: 0.112500]
Mon 24 Jun 2024 20:36:30 INFO  valid result: 
recall@20 : 0.1125    mrr@20 : 0.2303    ndcg@20 : 0.1123    hit@20 : 0.6227    precision@20 : 0.0724
Mon 24 Jun 2024 20:36:30 INFO  Saving current: saved/LightGCN-Jun-24-2024_20-32-37.pth
Mon 24 Jun 2024 20:37:52 INFO  epoch 3 training [time: 81.43s, train loss: 164.4796]
Mon 24 Jun 2024 20:37:53 INFO  epoch 3 evaluating [time: 1.33s, valid_score: 0.112600]
Mon 24 Jun 2024 20:37:53 INFO  valid result: 
recall@20 : 0.1126    mrr@20 : 0.2304    ndcg@20 : 0.1124    hit@20 : 0.623    precision@20 : 0.0726
Mon 24 Jun 2024 20:37:53 INFO  Saving current: saved/LightGCN-Jun-24-2024_20-32-37.pth
Mon 24 Jun 2024 20:39:08 INFO  epoch 4 training [time: 75.00s, train loss: 153.7432]
Mon 24 Jun 2024 20:39:09 INFO  epoch 4 evaluating [time: 1.29s, valid_score: 0.112700]
Mon 24 Jun 2024 20:39:09 INFO  valid result: 
recall@20 : 0.1127    mrr@20 : 0.2305    ndcg@20 : 0.1126    hit@20 : 0.623    precision@20 : 0.0727
Mon 24 Jun 2024 20:39:09 INFO  Saving current: saved/LightGCN-Jun-24-2024_20-32-37.pth
Mon 24 Jun 2024 20:40:24 INFO  epoch 5 training [time: 74.95s, train loss: 148.7528]
Mon 24 Jun 2024 20:40:26 INFO  epoch 5 evaluating [time: 1.30s, valid_score: 0.112700]
Mon 24 Jun 2024 20:40:26 INFO  valid result: 
recall@20 : 0.1127    mrr@20 : 0.2305    ndcg@20 : 0.1126    hit@20 : 0.6232    precision@20 : 0.0729
Mon 24 Jun 2024 20:40:26 INFO  Saving current: saved/LightGCN-Jun-24-2024_20-32-37.pth
Mon 24 Jun 2024 20:41:41 INFO  epoch 6 training [time: 74.78s, train loss: 146.2506]
Mon 24 Jun 2024 20:41:42 INFO  epoch 6 evaluating [time: 1.27s, valid_score: 0.112700]
Mon 24 Jun 2024 20:41:42 INFO  valid result: 
recall@20 : 0.1127    mrr@20 : 0.2309    ndcg@20 : 0.1128    hit@20 : 0.623    precision@20 : 0.073
Mon 24 Jun 2024 20:41:42 INFO  Saving current: saved/LightGCN-Jun-24-2024_20-32-37.pth
Mon 24 Jun 2024 20:42:58 INFO  epoch 7 training [time: 76.31s, train loss: 145.0458]
Mon 24 Jun 2024 20:42:59 INFO  epoch 7 evaluating [time: 1.32s, valid_score: 0.112900]
Mon 24 Jun 2024 20:42:59 INFO  valid result: 
recall@20 : 0.1129    mrr@20 : 0.2312    ndcg@20 : 0.113    hit@20 : 0.6233    precision@20 : 0.0731
Mon 24 Jun 2024 20:42:59 INFO  Saving current: saved/LightGCN-Jun-24-2024_20-32-37.pth
Mon 24 Jun 2024 20:44:15 INFO  epoch 8 training [time: 75.61s, train loss: 144.2355]
Mon 24 Jun 2024 20:44:16 INFO  epoch 8 evaluating [time: 1.26s, valid_score: 0.113000]
Mon 24 Jun 2024 20:44:16 INFO  valid result: 
recall@20 : 0.113    mrr@20 : 0.2313    ndcg@20 : 0.1132    hit@20 : 0.6238    precision@20 : 0.0733
Mon 24 Jun 2024 20:44:16 INFO  Saving current: saved/LightGCN-Jun-24-2024_20-32-37.pth
Mon 24 Jun 2024 20:45:34 INFO  epoch 9 training [time: 77.11s, train loss: 143.9671]
Mon 24 Jun 2024 20:45:35 INFO  epoch 9 evaluating [time: 1.57s, valid_score: 0.113000]
Mon 24 Jun 2024 20:45:35 INFO  valid result: 
recall@20 : 0.113    mrr@20 : 0.2315    ndcg@20 : 0.1133    hit@20 : 0.6237    precision@20 : 0.0734
Mon 24 Jun 2024 20:45:35 INFO  Saving current: saved/LightGCN-Jun-24-2024_20-32-37.pth
Mon 24 Jun 2024 20:46:52 INFO  epoch 10 training [time: 77.18s, train loss: 143.7363]
Mon 24 Jun 2024 20:46:54 INFO  epoch 10 evaluating [time: 1.34s, valid_score: 0.113000]
Mon 24 Jun 2024 20:46:54 INFO  valid result: 
recall@20 : 0.113    mrr@20 : 0.2316    ndcg@20 : 0.1133    hit@20 : 0.6238    precision@20 : 0.0735
Mon 24 Jun 2024 20:46:54 INFO  Saving current: saved/LightGCN-Jun-24-2024_20-32-37.pth
Mon 24 Jun 2024 20:48:10 INFO  epoch 11 training [time: 76.09s, train loss: 143.0720]
Mon 24 Jun 2024 20:48:11 INFO  epoch 11 evaluating [time: 1.35s, valid_score: 0.113000]
Mon 24 Jun 2024 20:48:11 INFO  valid result: 
recall@20 : 0.113    mrr@20 : 0.2318    ndcg@20 : 0.1134    hit@20 : 0.6238    precision@20 : 0.0735
Mon 24 Jun 2024 20:48:11 INFO  Saving current: saved/LightGCN-Jun-24-2024_20-32-37.pth
Mon 24 Jun 2024 20:49:27 INFO  epoch 12 training [time: 75.61s, train loss: 142.7292]
Mon 24 Jun 2024 20:49:28 INFO  epoch 12 evaluating [time: 1.36s, valid_score: 0.113000]
Mon 24 Jun 2024 20:49:28 INFO  valid result: 
recall@20 : 0.113    mrr@20 : 0.2315    ndcg@20 : 0.1134    hit@20 : 0.6237    precision@20 : 0.0735
Mon 24 Jun 2024 20:49:28 INFO  Saving current: saved/LightGCN-Jun-24-2024_20-32-37.pth
Mon 24 Jun 2024 20:50:46 INFO  epoch 13 training [time: 77.58s, train loss: 142.5108]
Mon 24 Jun 2024 20:50:47 INFO  epoch 13 evaluating [time: 1.37s, valid_score: 0.112800]
Mon 24 Jun 2024 20:50:47 INFO  valid result: 
recall@20 : 0.1128    mrr@20 : 0.2319    ndcg@20 : 0.1134    hit@20 : 0.6235    precision@20 : 0.0735
Mon 24 Jun 2024 20:52:02 INFO  epoch 14 training [time: 74.72s, train loss: 142.1537]
Mon 24 Jun 2024 20:52:03 INFO  epoch 14 evaluating [time: 1.30s, valid_score: 0.112900]
Mon 24 Jun 2024 20:52:03 INFO  valid result: 
recall@20 : 0.1129    mrr@20 : 0.2321    ndcg@20 : 0.1134    hit@20 : 0.6245    precision@20 : 0.0735
Mon 24 Jun 2024 20:52:03 INFO  Finished training, best eval result in epoch 12
Mon 24 Jun 2024 20:52:05 DEBUG  Predicting for 6041 users
Mon 24 Jun 2024 20:52:05 DEBUG  Predicting for user 1 with 3663 unused items
Mon 24 Jun 2024 20:52:05 DEBUG  shape of scores: torch.Size([3663])
