Mon 24 Jun 2024 19:12:41 INFO  ['run_recbole.py', '--model=LightGCN', '--dataset=ml-1m']
Mon 24 Jun 2024 19:12:41 INFO  
General Hyper Parameters:
gpu_id = 0
use_gpu = True
seed = 2020
state = DEBUG
reproducibility = True
data_path = dataset/ml-1m
checkpoint_dir = saved
show_progress = True
save_dataset = False
dataset_save_path = None
save_dataloaders = False
dataloaders_save_path = None
log_wandb = False

Training Hyper Parameters:
epochs = 1
train_batch_size = 2048
learner = adam
learning_rate = 0.0001
train_neg_sample_args = {'distribution': 'uniform', 'sample_num': 1, 'alpha': 1.0, 'dynamic': False, 'candidate_num': 1}
eval_step = 1
stopping_step = 10
clip_grad_norm = None
weight_decay = 0.0
loss_decimal_place = 4

Evaluation Hyper Parameters:
eval_args = {'split': {'RS': [0.8, 0.1, 0.1]}, 'group_by': 'user', 'order': 'RO', 'mode': 'full'}
repeatable = False
metrics = ['Recall', 'MRR', 'NDCG', 'Hit', 'Precision']
topk = [20]
valid_metric = Recall@20
valid_metric_bigger = True
eval_batch_size = 4096
metric_decimal_place = 4

Dataset Hyper Parameters:
field_separator = 	
seq_separator =  
USER_ID_FIELD = user_id
ITEM_ID_FIELD = item_id
RATING_FIELD = rating
TIME_FIELD = timestamp
seq_len = None
LABEL_FIELD = label
threshold = {'rating': 4.0}
NEG_PREFIX = neg_
load_col = {'inter': ['user_id', 'item_id', 'rating']}
unload_col = None
unused_col = None
additional_feat_suffix = None
rm_dup_inter = None
val_interval = None
filter_inter_by_user_or_item = True
user_inter_num_interval = None
item_inter_num_interval = None
alias_of_user_id = None
alias_of_item_id = None
alias_of_entity_id = None
alias_of_relation_id = None
preload_weight = None
normalize_field = None
normalize_all = True
ITEM_LIST_LENGTH_FIELD = item_length
LIST_SUFFIX = _list
MAX_ITEM_LIST_LENGTH = 50
POSITION_FIELD = position_id
HEAD_ENTITY_ID_FIELD = head_id
TAIL_ENTITY_ID_FIELD = tail_id
RELATION_ID_FIELD = relation_id
ENTITY_ID_FIELD = entity_id
kg_reverse_r = False
entity_kg_num_interval = None
relation_kg_num_interval = None
benchmark_filename = None

Other Hyper Parameters: 
worker = 0
wandb_project = recbole
shuffle = True
require_pow = False
enable_amp = False
enable_scaler = True
transform = None
train_after_converge = True
positive_sampling = True
model_name_custom = GCN_AST
data_augmentation = False
embedding_size = 64
n_layers = 3
reg_weight = 1e-05
numerical_features = []
discretization = None
MODEL_TYPE = ModelType.GENERAL
MODEL_INPUT_TYPE = InputType.PAIRWISE
eval_type = EvaluatorType.RANKING
single_spec = True
local_rank = 0
device = cpu
eval_neg_sample_args = {'distribution': 'uniform', 'sample_num': 'none'}


Mon 24 Jun 2024 19:12:41 DEBUG  Loading <class 'recbole.data.dataset.dataset.Dataset'> from scratch.
Mon 24 Jun 2024 19:12:41 DEBUG  uid_field: user_id
Mon 24 Jun 2024 19:12:41 DEBUG  iid_field: item_id
Mon 24 Jun 2024 19:12:41 DEBUG  Loading feature from [dataset/ml-1m/ml-1m.inter] (source: [FeatureSource.INTERACTION]).
Mon 24 Jun 2024 19:12:41 DEBUG  [inter]: 
Mon 24 Jun 2024 19:12:41 DEBUG  	 load_col: [{'rating', 'item_id', 'user_id'}]
Mon 24 Jun 2024 19:12:41 DEBUG  	 unload_col: [None]
Mon 24 Jun 2024 19:12:42 DEBUG  Interaction feature loaded successfully from [dataset/ml-1m/ml-1m.inter].
Mon 24 Jun 2024 19:12:42 DEBUG  Loading feature from [dataset/ml-1m/ml-1m.user] (source: [FeatureSource.USER]).
Mon 24 Jun 2024 19:12:42 DEBUG  [user]: 
Mon 24 Jun 2024 19:12:42 DEBUG  	 load_col: [set()]
Mon 24 Jun 2024 19:12:42 DEBUG  	 unload_col: [None]
Mon 24 Jun 2024 19:12:42 DEBUG  [user] feature loaded successfully from [dataset/ml-1m/ml-1m.user].
Mon 24 Jun 2024 19:12:42 DEBUG  Loading feature from [dataset/ml-1m/ml-1m.item] (source: [FeatureSource.ITEM]).
Mon 24 Jun 2024 19:12:42 DEBUG  [item]: 
Mon 24 Jun 2024 19:12:42 DEBUG  	 load_col: [set()]
Mon 24 Jun 2024 19:12:42 DEBUG  	 unload_col: [None]
Mon 24 Jun 2024 19:12:42 DEBUG  [item] feature loaded successfully from [dataset/ml-1m/ml-1m.item].
Mon 24 Jun 2024 19:12:42 DEBUG  drop_by_value: val={}
Mon 24 Jun 2024 19:12:43 DEBUG  Filling nan
Mon 24 Jun 2024 19:12:43 DEBUG  Set label by {'rating': 4.0}.
Mon 24 Jun 2024 19:12:43 DEBUG  Delete column [rating].
Mon 24 Jun 2024 19:12:43 DEBUG  Normalized fields: ['label']
Mon 24 Jun 2024 19:12:43 INFO  ml-1m
The number of users: 6041
Average actions of users: 165.5975165562914
The number of items: 3707
Average actions of items: 269.88909875876953
The number of inters: 1000209
The sparsity of the dataset: 95.53358229599758%
Remain Fields: ['user_id', 'item_id', 'label']
Mon 24 Jun 2024 19:12:43 DEBUG  split by ratios [[0.8, 0.1, 0.1]], group_by=[user_id]
Mon 24 Jun 2024 19:12:44 INFO  [Training]: train_batch_size = [2048] train_neg_sample_args: [{'distribution': 'uniform', 'sample_num': 1, 'alpha': 1.0, 'dynamic': False, 'candidate_num': 1}]
Mon 24 Jun 2024 19:12:44 INFO  [Evaluation]: eval_batch_size = [4096] eval_args: [{'split': {'RS': [0.8, 0.1, 0.1]}, 'group_by': 'user', 'order': 'RO', 'mode': 'full'}]
Mon 24 Jun 2024 19:12:54 INFO  LightGCN(
  (user_embedding): Embedding(6041, 64)
  (item_embedding): Embedding(3707, 64)
  (mf_loss): BPRLoss()
  (reg_loss): EmbLoss()
)
Trainable parameters: 623872
Mon 24 Jun 2024 19:12:54 INFO  FLOPs: 0.0
Mon 24 Jun 2024 19:12:54 DEBUG  matplotlib data path: /home/simeon/miniconda3/envs/recbole/lib/python3.11/site-packages/matplotlib/mpl-data
Mon 24 Jun 2024 19:12:54 DEBUG  CONFIGDIR=/home/simeon/.config/matplotlib
Mon 24 Jun 2024 19:12:54 DEBUG  interactive is False
Mon 24 Jun 2024 19:12:54 DEBUG  platform is linux
Mon 24 Jun 2024 19:12:54 DEBUG  CACHEDIR=/home/simeon/.cache/matplotlib
Mon 24 Jun 2024 19:12:54 DEBUG  Using fontManager instance from /home/simeon/.cache/matplotlib/fontlist-v330.json
Mon 24 Jun 2024 19:12:54 DEBUG   length of inter_feat: 805443
Mon 24 Jun 2024 19:12:54 DEBUG   length of dataset: 805443
