Sun 07 Jul 2024 19:04:11 INFO  ['run_recbole.py', '--model=LightGCN', '--dataset=ml-100k']
Sun 07 Jul 2024 19:04:11 INFO  
General Hyper Parameters:
gpu_id = 0
use_gpu = True
seed = 2020
state = INFO
reproducibility = True
data_path = /home/simeon/Git_Repositories/ANS-Recbole/recbole/config/../dataset_example/ml-100k
checkpoint_dir = saved
show_progress = True
save_dataset = False
dataset_save_path = None
save_dataloaders = False
dataloaders_save_path = None
log_wandb = False

Training Hyper Parameters:
epochs = 500
train_batch_size = 2048
learner = adam
learning_rate = 0.001
train_neg_sample_args = {'distribution': 'uniform', 'sample_num': 5, 'alpha': 1.0, 'dynamic': False, 'candidate_num': 0}
eval_step = 1
stopping_step = 10
clip_grad_norm = None
weight_decay = 0.0
loss_decimal_place = 4

Evaluation Hyper Parameters:
eval_args = {'split': {'RS': [0.8, 0.1, 0.1]}, 'group_by': 'user', 'order': 'RO', 'mode': 'full'}
repeatable = False
metrics = ['Recall', 'MRR', 'NDCG', 'Hit', 'Precision']
topk = [10, 20]
valid_metric = Recall@20
valid_metric_bigger = True
eval_batch_size = 4096
metric_decimal_place = 4

Dataset Hyper Parameters:
field_separator = 	
seq_separator =  
USER_ID_FIELD = user_id
ITEM_ID_FIELD = item_id
RATING_FIELD = rating
TIME_FIELD = timestamp
seq_len = None
LABEL_FIELD = label
threshold = None
NEG_PREFIX = neg_
load_col = {'inter': ['user_id', 'item_id']}
unload_col = None
unused_col = None
additional_feat_suffix = None
rm_dup_inter = None
val_interval = None
filter_inter_by_user_or_item = True
user_inter_num_interval = None
item_inter_num_interval = None
alias_of_user_id = None
alias_of_item_id = None
alias_of_entity_id = None
alias_of_relation_id = None
preload_weight = None
normalize_field = None
normalize_all = True
ITEM_LIST_LENGTH_FIELD = item_length
LIST_SUFFIX = _list
MAX_ITEM_LIST_LENGTH = 50
POSITION_FIELD = position_id
HEAD_ENTITY_ID_FIELD = head_id
TAIL_ENTITY_ID_FIELD = tail_id
RELATION_ID_FIELD = relation_id
ENTITY_ID_FIELD = entity_id
kg_reverse_r = False
entity_kg_num_interval = None
relation_kg_num_interval = None
benchmark_filename = None

Other Hyper Parameters: 
worker = 0
wandb_project = recbole
shuffle = True
require_pow = False
enable_amp = False
enable_scaler = True
transform = None
train_after_converge = False
positive_sampling = True
model_name_custom = -
data_augmentation = False
Q = 8
K = 1
P = 15
embedding_size = 64
n_layers = 3
reg_weight = 0.001
numerical_features = []
discretization = None
MODEL_TYPE = ModelType.GENERAL
MODEL_INPUT_TYPE = InputType.PAIRWISE
eval_type = EvaluatorType.RANKING
single_spec = True
local_rank = 0
device = cpu
eval_neg_sample_args = {'distribution': 'uniform', 'sample_num': 'none'}


Sun 07 Jul 2024 19:04:11 INFO  ml-100k
The number of users: 944
Average actions of users: 106.04453870625663
The number of items: 1683
Average actions of items: 59.45303210463734
The number of inters: 100000
The sparsity of the dataset: 93.70575143257098%
Remain Fields: ['user_id', 'item_id']
Sun 07 Jul 2024 19:04:11 INFO  [Training]: train_batch_size = [2048] train_neg_sample_args: [{'distribution': 'uniform', 'sample_num': 5, 'alpha': 1.0, 'dynamic': False, 'candidate_num': 0}]
Sun 07 Jul 2024 19:04:11 INFO  [Evaluation]: eval_batch_size = [4096] eval_args: [{'split': {'RS': [0.8, 0.1, 0.1]}, 'group_by': 'user', 'order': 'RO', 'mode': 'full'}]
Sun 07 Jul 2024 19:04:12 INFO  LightGCN(
  (user_embedding): Embedding(944, 64)
  (item_embedding): Embedding(1683, 64)
  (mf_loss): BPRLoss()
  (reg_loss): EmbLoss()
)
Trainable parameters: 168128
Sun 07 Jul 2024 19:04:12 INFO  FLOPs: 0.0
Sun 07 Jul 2024 19:04:17 INFO  epoch 0 training [time: 3.58s, train loss: 106.2042]
Sun 07 Jul 2024 19:04:17 INFO  epoch 0 evaluating [time: 0.10s, valid_score: 0.177300]
Sun 07 Jul 2024 19:04:17 INFO  valid result: 
recall@10 : 0.1194    recall@20 : 0.1773    mrr@10 : 0.2268    mrr@20 : 0.235    ndcg@10 : 0.1217    ndcg@20 : 0.136    hit@10 : 0.5557    hit@20 : 0.6776    precision@10 : 0.0864    precision@20 : 0.0702
Sun 07 Jul 2024 19:04:17 INFO  Saving current: saved/LightGCN-Jul-07-2024_19-04-13.pth
Sun 07 Jul 2024 19:04:20 INFO  epoch 1 training [time: 3.60s, train loss: 70.4566]
Sun 07 Jul 2024 19:04:20 INFO  epoch 1 evaluating [time: 0.11s, valid_score: 0.176200]
Sun 07 Jul 2024 19:04:20 INFO  valid result: 
recall@10 : 0.1207    recall@20 : 0.1762    mrr@10 : 0.2393    mrr@20 : 0.2475    ndcg@10 : 0.1269    ndcg@20 : 0.1402    hit@10 : 0.5589    hit@20 : 0.6776    precision@10 : 0.0912    precision@20 : 0.0748
Sun 07 Jul 2024 19:04:24 INFO  epoch 2 training [time: 3.70s, train loss: 67.8009]
Sun 07 Jul 2024 19:04:24 INFO  epoch 2 evaluating [time: 0.11s, valid_score: 0.188700]
Sun 07 Jul 2024 19:04:24 INFO  valid result: 
recall@10 : 0.1245    recall@20 : 0.1887    mrr@10 : 0.2483    mrr@20 : 0.2569    ndcg@10 : 0.1333    ndcg@20 : 0.1493    hit@10 : 0.5695    hit@20 : 0.6957    precision@10 : 0.0952    precision@20 : 0.0792
Sun 07 Jul 2024 19:04:24 INFO  Saving current: saved/LightGCN-Jul-07-2024_19-04-13.pth
Sun 07 Jul 2024 19:04:28 INFO  epoch 3 training [time: 3.73s, train loss: 65.5229]
Sun 07 Jul 2024 19:04:28 INFO  epoch 3 evaluating [time: 0.10s, valid_score: 0.211000]
Sun 07 Jul 2024 19:04:28 INFO  valid result: 
recall@10 : 0.1404    recall@20 : 0.211    mrr@10 : 0.2883    mrr@20 : 0.2973    ndcg@10 : 0.1535    ndcg@20 : 0.1704    hit@10 : 0.5981    hit@20 : 0.7275    precision@10 : 0.1037    precision@20 : 0.0853
Sun 07 Jul 2024 19:04:28 INFO  Saving current: saved/LightGCN-Jul-07-2024_19-04-13.pth
Sun 07 Jul 2024 19:04:32 INFO  epoch 4 training [time: 3.66s, train loss: 63.0467]
Sun 07 Jul 2024 19:04:32 INFO  epoch 4 evaluating [time: 0.10s, valid_score: 0.227900]
Sun 07 Jul 2024 19:04:32 INFO  valid result: 
recall@10 : 0.157    recall@20 : 0.2279    mrr@10 : 0.2988    mrr@20 : 0.307    ndcg@10 : 0.1672    ndcg@20 : 0.1832    hit@10 : 0.632    hit@20 : 0.7519    precision@10 : 0.1138    precision@20 : 0.091
Sun 07 Jul 2024 19:04:32 INFO  Saving current: saved/LightGCN-Jul-07-2024_19-04-13.pth
Sun 07 Jul 2024 19:04:36 INFO  epoch 5 training [time: 4.05s, train loss: 60.8266]
Sun 07 Jul 2024 19:04:36 INFO  epoch 5 evaluating [time: 0.11s, valid_score: 0.239000]
Sun 07 Jul 2024 19:04:36 INFO  valid result: 
recall@10 : 0.1623    recall@20 : 0.239    mrr@10 : 0.3102    mrr@20 : 0.3191    ndcg@10 : 0.1753    ndcg@20 : 0.1919    hit@10 : 0.6384    hit@20 : 0.7656    precision@10 : 0.1206    precision@20 : 0.0957
Sun 07 Jul 2024 19:04:36 INFO  Saving current: saved/LightGCN-Jul-07-2024_19-04-13.pth
Sun 07 Jul 2024 19:04:40 INFO  epoch 6 training [time: 4.13s, train loss: 58.2606]
Sun 07 Jul 2024 19:04:40 INFO  epoch 6 evaluating [time: 0.12s, valid_score: 0.243400]
Sun 07 Jul 2024 19:04:40 INFO  valid result: 
recall@10 : 0.1641    recall@20 : 0.2434    mrr@10 : 0.3077    mrr@20 : 0.3168    ndcg@10 : 0.1763    ndcg@20 : 0.1938    hit@10 : 0.6416    hit@20 : 0.7699    precision@10 : 0.1221    precision@20 : 0.0971
Sun 07 Jul 2024 19:04:40 INFO  Saving current: saved/LightGCN-Jul-07-2024_19-04-13.pth
Sun 07 Jul 2024 19:04:44 INFO  epoch 7 training [time: 3.81s, train loss: 56.9129]
Sun 07 Jul 2024 19:04:44 INFO  epoch 7 evaluating [time: 0.10s, valid_score: 0.246000]
Sun 07 Jul 2024 19:04:44 INFO  valid result: 
recall@10 : 0.1626    recall@20 : 0.246    mrr@10 : 0.3109    mrr@20 : 0.3201    ndcg@10 : 0.1769    ndcg@20 : 0.1952    hit@10 : 0.6394    hit@20 : 0.7688    precision@10 : 0.1225    precision@20 : 0.0979
Sun 07 Jul 2024 19:04:44 INFO  Saving current: saved/LightGCN-Jul-07-2024_19-04-13.pth
Sun 07 Jul 2024 19:04:48 INFO  epoch 8 training [time: 3.65s, train loss: 56.1359]
Sun 07 Jul 2024 19:04:48 INFO  epoch 8 evaluating [time: 0.11s, valid_score: 0.245200]
Sun 07 Jul 2024 19:04:48 INFO  valid result: 
recall@10 : 0.16    recall@20 : 0.2452    mrr@10 : 0.3116    mrr@20 : 0.3206    ndcg@10 : 0.1766    ndcg@20 : 0.1954    hit@10 : 0.6394    hit@20 : 0.7667    precision@10 : 0.1221    precision@20 : 0.0977
Sun 07 Jul 2024 19:04:52 INFO  epoch 9 training [time: 3.60s, train loss: 55.1019]
Sun 07 Jul 2024 19:04:52 INFO  epoch 9 evaluating [time: 0.10s, valid_score: 0.247100]
Sun 07 Jul 2024 19:04:52 INFO  valid result: 
recall@10 : 0.1592    recall@20 : 0.2471    mrr@10 : 0.3081    mrr@20 : 0.3175    ndcg@10 : 0.1759    ndcg@20 : 0.1966    hit@10 : 0.6373    hit@20 : 0.7709    precision@10 : 0.1215    precision@20 : 0.0994
Sun 07 Jul 2024 19:04:52 INFO  Saving current: saved/LightGCN-Jul-07-2024_19-04-13.pth
Sun 07 Jul 2024 19:04:55 INFO  epoch 10 training [time: 3.60s, train loss: 54.1576]
Sun 07 Jul 2024 19:04:56 INFO  epoch 10 evaluating [time: 0.10s, valid_score: 0.247600]
Sun 07 Jul 2024 19:04:56 INFO  valid result: 
recall@10 : 0.1604    recall@20 : 0.2476    mrr@10 : 0.3062    mrr@20 : 0.3155    ndcg@10 : 0.1763    ndcg@20 : 0.1965    hit@10 : 0.6373    hit@20 : 0.7688    precision@10 : 0.1225    precision@20 : 0.0998
Sun 07 Jul 2024 19:04:56 INFO  Saving current: saved/LightGCN-Jul-07-2024_19-04-13.pth
Sun 07 Jul 2024 19:04:59 INFO  epoch 11 training [time: 3.62s, train loss: 52.8243]
Sun 07 Jul 2024 19:04:59 INFO  epoch 11 evaluating [time: 0.10s, valid_score: 0.251100]
Sun 07 Jul 2024 19:04:59 INFO  valid result: 
recall@10 : 0.1655    recall@20 : 0.2511    mrr@10 : 0.3132    mrr@20 : 0.3221    ndcg@10 : 0.1816    ndcg@20 : 0.2002    hit@10 : 0.6469    hit@20 : 0.7741    precision@10 : 0.1268    precision@20 : 0.1016
Sun 07 Jul 2024 19:04:59 INFO  Saving current: saved/LightGCN-Jul-07-2024_19-04-13.pth
Sun 07 Jul 2024 19:05:03 INFO  epoch 12 training [time: 3.67s, train loss: 51.5524]
Sun 07 Jul 2024 19:05:03 INFO  epoch 12 evaluating [time: 0.11s, valid_score: 0.256600]
Sun 07 Jul 2024 19:05:03 INFO  valid result: 
recall@10 : 0.1697    recall@20 : 0.2566    mrr@10 : 0.3213    mrr@20 : 0.3303    ndcg@10 : 0.1864    ndcg@20 : 0.205    hit@10 : 0.6543    hit@20 : 0.7847    precision@10 : 0.1303    precision@20 : 0.1041
Sun 07 Jul 2024 19:05:03 INFO  Saving current: saved/LightGCN-Jul-07-2024_19-04-13.pth
Sun 07 Jul 2024 19:05:07 INFO  epoch 13 training [time: 3.64s, train loss: 50.3301]
Sun 07 Jul 2024 19:05:07 INFO  epoch 13 evaluating [time: 0.12s, valid_score: 0.261200]
Sun 07 Jul 2024 19:05:07 INFO  valid result: 
recall@10 : 0.1749    recall@20 : 0.2612    mrr@10 : 0.3211    mrr@20 : 0.3294    ndcg@10 : 0.1892    ndcg@20 : 0.208    hit@10 : 0.666    hit@20 : 0.7879    precision@10 : 0.1329    precision@20 : 0.1067
Sun 07 Jul 2024 19:05:07 INFO  Saving current: saved/LightGCN-Jul-07-2024_19-04-13.pth
Sun 07 Jul 2024 19:05:11 INFO  epoch 14 training [time: 3.70s, train loss: 48.5524]
Sun 07 Jul 2024 19:05:11 INFO  epoch 14 evaluating [time: 0.10s, valid_score: 0.266400]
Sun 07 Jul 2024 19:05:11 INFO  valid result: 
recall@10 : 0.179    recall@20 : 0.2664    mrr@10 : 0.3264    mrr@20 : 0.3346    ndcg@10 : 0.1944    ndcg@20 : 0.2132    hit@10 : 0.6734    hit@20 : 0.7932    precision@10 : 0.137    precision@20 : 0.1091
Sun 07 Jul 2024 19:05:11 INFO  Saving current: saved/LightGCN-Jul-07-2024_19-04-13.pth
Sun 07 Jul 2024 19:05:14 INFO  epoch 15 training [time: 3.69s, train loss: 47.7609]
Sun 07 Jul 2024 19:05:14 INFO  epoch 15 evaluating [time: 0.10s, valid_score: 0.268400]
Sun 07 Jul 2024 19:05:14 INFO  valid result: 
recall@10 : 0.1801    recall@20 : 0.2684    mrr@10 : 0.331    mrr@20 : 0.339    ndcg@10 : 0.1958    ndcg@20 : 0.2151    hit@10 : 0.6829    hit@20 : 0.7985    precision@10 : 0.1379    precision@20 : 0.1095
Sun 07 Jul 2024 19:05:14 INFO  Saving current: saved/LightGCN-Jul-07-2024_19-04-13.pth
Sun 07 Jul 2024 19:05:18 INFO  epoch 16 training [time: 3.63s, train loss: 46.5120]
Sun 07 Jul 2024 19:05:18 INFO  epoch 16 evaluating [time: 0.12s, valid_score: 0.271600]
Sun 07 Jul 2024 19:05:18 INFO  valid result: 
recall@10 : 0.179    recall@20 : 0.2716    mrr@10 : 0.3372    mrr@20 : 0.3459    ndcg@10 : 0.1975    ndcg@20 : 0.2186    hit@10 : 0.6797    hit@20 : 0.8017    precision@10 : 0.1382    precision@20 : 0.111
Sun 07 Jul 2024 19:05:18 INFO  Saving current: saved/LightGCN-Jul-07-2024_19-04-13.pth
Sun 07 Jul 2024 19:05:22 INFO  epoch 17 training [time: 3.60s, train loss: 45.8897]
Sun 07 Jul 2024 19:05:22 INFO  epoch 17 evaluating [time: 0.10s, valid_score: 0.278400]
Sun 07 Jul 2024 19:05:22 INFO  valid result: 
recall@10 : 0.18    recall@20 : 0.2784    mrr@10 : 0.337    mrr@20 : 0.3463    ndcg@10 : 0.1978    ndcg@20 : 0.2219    hit@10 : 0.6776    hit@20 : 0.8102    precision@10 : 0.137    precision@20 : 0.1124
Sun 07 Jul 2024 19:05:22 INFO  Saving current: saved/LightGCN-Jul-07-2024_19-04-13.pth
Sun 07 Jul 2024 19:05:26 INFO  epoch 18 training [time: 3.60s, train loss: 45.1915]
Sun 07 Jul 2024 19:05:26 INFO  epoch 18 evaluating [time: 0.10s, valid_score: 0.281500]
Sun 07 Jul 2024 19:05:26 INFO  valid result: 
recall@10 : 0.1837    recall@20 : 0.2815    mrr@10 : 0.3368    mrr@20 : 0.3459    ndcg@10 : 0.1996    ndcg@20 : 0.2231    hit@10 : 0.684    hit@20 : 0.8134    precision@10 : 0.1393    precision@20 : 0.1134
Sun 07 Jul 2024 19:05:26 INFO  Saving current: saved/LightGCN-Jul-07-2024_19-04-13.pth
Sun 07 Jul 2024 19:05:29 INFO  epoch 19 training [time: 3.64s, train loss: 45.0148]
Sun 07 Jul 2024 19:05:29 INFO  epoch 19 evaluating [time: 0.10s, valid_score: 0.287500]
Sun 07 Jul 2024 19:05:29 INFO  valid result: 
recall@10 : 0.1857    recall@20 : 0.2875    mrr@10 : 0.3419    mrr@20 : 0.3516    ndcg@10 : 0.2019    ndcg@20 : 0.2272    hit@10 : 0.685    hit@20 : 0.824    precision@10 : 0.1402    precision@20 : 0.1155
Sun 07 Jul 2024 19:05:29 INFO  Saving current: saved/LightGCN-Jul-07-2024_19-04-13.pth
Sun 07 Jul 2024 19:05:33 INFO  epoch 20 training [time: 3.62s, train loss: 44.6058]
Sun 07 Jul 2024 19:05:33 INFO  epoch 20 evaluating [time: 0.11s, valid_score: 0.287400]
Sun 07 Jul 2024 19:05:33 INFO  valid result: 
recall@10 : 0.1888    recall@20 : 0.2874    mrr@10 : 0.3472    mrr@20 : 0.3563    ndcg@10 : 0.2048    ndcg@20 : 0.2288    hit@10 : 0.6925    hit@20 : 0.8208    precision@10 : 0.1414    precision@20 : 0.1153
Sun 07 Jul 2024 19:05:37 INFO  epoch 21 training [time: 3.63s, train loss: 43.7082]
Sun 07 Jul 2024 19:05:37 INFO  epoch 21 evaluating [time: 0.11s, valid_score: 0.290100]
Sun 07 Jul 2024 19:05:37 INFO  valid result: 
recall@10 : 0.1917    recall@20 : 0.2901    mrr@10 : 0.3525    mrr@20 : 0.3614    ndcg@10 : 0.2079    ndcg@20 : 0.2316    hit@10 : 0.6999    hit@20 : 0.8261    precision@10 : 0.1429    precision@20 : 0.1161
Sun 07 Jul 2024 19:05:37 INFO  Saving current: saved/LightGCN-Jul-07-2024_19-04-13.pth
Sun 07 Jul 2024 19:05:41 INFO  epoch 22 training [time: 3.84s, train loss: 43.1808]
Sun 07 Jul 2024 19:05:41 INFO  epoch 22 evaluating [time: 0.10s, valid_score: 0.292500]
Sun 07 Jul 2024 19:05:41 INFO  valid result: 
recall@10 : 0.1923    recall@20 : 0.2925    mrr@10 : 0.3521    mrr@20 : 0.3613    ndcg@10 : 0.2084    ndcg@20 : 0.2328    hit@10 : 0.6988    hit@20 : 0.8293    precision@10 : 0.1437    precision@20 : 0.117
Sun 07 Jul 2024 19:05:41 INFO  Saving current: saved/LightGCN-Jul-07-2024_19-04-13.pth
Sun 07 Jul 2024 19:05:45 INFO  epoch 23 training [time: 3.73s, train loss: 42.8029]
Sun 07 Jul 2024 19:05:45 INFO  epoch 23 evaluating [time: 0.10s, valid_score: 0.296300]
Sun 07 Jul 2024 19:05:45 INFO  valid result: 
recall@10 : 0.1931    recall@20 : 0.2963    mrr@10 : 0.3554    mrr@20 : 0.3648    ndcg@10 : 0.2097    ndcg@20 : 0.2352    hit@10 : 0.6999    hit@20 : 0.8346    precision@10 : 0.144    precision@20 : 0.1179
Sun 07 Jul 2024 19:05:45 INFO  Saving current: saved/LightGCN-Jul-07-2024_19-04-13.pth
Sun 07 Jul 2024 19:05:48 INFO  epoch 24 training [time: 3.59s, train loss: 42.4230]
Sun 07 Jul 2024 19:05:48 INFO  epoch 24 evaluating [time: 0.10s, valid_score: 0.293700]
Sun 07 Jul 2024 19:05:48 INFO  valid result: 
recall@10 : 0.1921    recall@20 : 0.2937    mrr@10 : 0.3544    mrr@20 : 0.364    ndcg@10 : 0.2089    ndcg@20 : 0.2339    hit@10 : 0.6978    hit@20 : 0.8346    precision@10 : 0.1439    precision@20 : 0.1174
Sun 07 Jul 2024 19:05:52 INFO  epoch 25 training [time: 3.59s, train loss: 42.0570]
Sun 07 Jul 2024 19:05:52 INFO  epoch 25 evaluating [time: 0.11s, valid_score: 0.295000]
Sun 07 Jul 2024 19:05:52 INFO  valid result: 
recall@10 : 0.1923    recall@20 : 0.295    mrr@10 : 0.3533    mrr@20 : 0.3631    ndcg@10 : 0.2097    ndcg@20 : 0.2346    hit@10 : 0.6935    hit@20 : 0.8335    precision@10 : 0.1454    precision@20 : 0.1178
Sun 07 Jul 2024 19:05:56 INFO  epoch 26 training [time: 3.63s, train loss: 41.6206]
Sun 07 Jul 2024 19:05:56 INFO  epoch 26 evaluating [time: 0.11s, valid_score: 0.295600]
Sun 07 Jul 2024 19:05:56 INFO  valid result: 
recall@10 : 0.1938    recall@20 : 0.2956    mrr@10 : 0.3559    mrr@20 : 0.3655    ndcg@10 : 0.2102    ndcg@20 : 0.2348    hit@10 : 0.6925    hit@20 : 0.8303    precision@10 : 0.1453    precision@20 : 0.1181
Sun 07 Jul 2024 19:06:00 INFO  epoch 27 training [time: 3.62s, train loss: 41.1175]
Sun 07 Jul 2024 19:06:00 INFO  epoch 27 evaluating [time: 0.10s, valid_score: 0.294800]
Sun 07 Jul 2024 19:06:00 INFO  valid result: 
recall@10 : 0.1942    recall@20 : 0.2948    mrr@10 : 0.3566    mrr@20 : 0.3659    ndcg@10 : 0.211    ndcg@20 : 0.2351    hit@10 : 0.6967    hit@20 : 0.8293    precision@10 : 0.1463    precision@20 : 0.1182
Sun 07 Jul 2024 19:06:03 INFO  epoch 28 training [time: 3.76s, train loss: 40.8646]
Sun 07 Jul 2024 19:06:03 INFO  epoch 28 evaluating [time: 0.11s, valid_score: 0.296600]
Sun 07 Jul 2024 19:06:03 INFO  valid result: 
recall@10 : 0.1929    recall@20 : 0.2966    mrr@10 : 0.3546    mrr@20 : 0.3644    ndcg@10 : 0.2103    ndcg@20 : 0.2356    hit@10 : 0.6935    hit@20 : 0.8324    precision@10 : 0.1458    precision@20 : 0.1184
Sun 07 Jul 2024 19:06:04 INFO  Saving current: saved/LightGCN-Jul-07-2024_19-04-13.pth
Sun 07 Jul 2024 19:06:07 INFO  epoch 29 training [time: 3.80s, train loss: 40.4929]
Sun 07 Jul 2024 19:06:07 INFO  epoch 29 evaluating [time: 0.12s, valid_score: 0.300900]
Sun 07 Jul 2024 19:06:07 INFO  valid result: 
recall@10 : 0.1935    recall@20 : 0.3009    mrr@10 : 0.3548    mrr@20 : 0.3648    ndcg@10 : 0.2112    ndcg@20 : 0.2376    hit@10 : 0.6957    hit@20 : 0.8388    precision@10 : 0.1469    precision@20 : 0.1195
Sun 07 Jul 2024 19:06:07 INFO  Saving current: saved/LightGCN-Jul-07-2024_19-04-13.pth
Sun 07 Jul 2024 19:06:11 INFO  epoch 30 training [time: 3.57s, train loss: 40.3705]
Sun 07 Jul 2024 19:06:11 INFO  epoch 30 evaluating [time: 0.10s, valid_score: 0.302400]
Sun 07 Jul 2024 19:06:11 INFO  valid result: 
recall@10 : 0.1941    recall@20 : 0.3024    mrr@10 : 0.3566    mrr@20 : 0.3664    ndcg@10 : 0.2117    ndcg@20 : 0.2385    hit@10 : 0.6988    hit@20 : 0.8388    precision@10 : 0.1468    precision@20 : 0.12
Sun 07 Jul 2024 19:06:11 INFO  Saving current: saved/LightGCN-Jul-07-2024_19-04-13.pth
Sun 07 Jul 2024 19:06:15 INFO  epoch 31 training [time: 3.64s, train loss: 39.6831]
Sun 07 Jul 2024 19:06:15 INFO  epoch 31 evaluating [time: 0.11s, valid_score: 0.305200]
Sun 07 Jul 2024 19:06:15 INFO  valid result: 
recall@10 : 0.196    recall@20 : 0.3052    mrr@10 : 0.3589    mrr@20 : 0.3682    ndcg@10 : 0.2136    ndcg@20 : 0.2406    hit@10 : 0.7073    hit@20 : 0.8409    precision@10 : 0.1486    precision@20 : 0.121
Sun 07 Jul 2024 19:06:15 INFO  Saving current: saved/LightGCN-Jul-07-2024_19-04-13.pth
Sun 07 Jul 2024 19:06:18 INFO  epoch 32 training [time: 3.55s, train loss: 39.2363]
Sun 07 Jul 2024 19:06:19 INFO  epoch 32 evaluating [time: 0.10s, valid_score: 0.306000]
Sun 07 Jul 2024 19:06:19 INFO  valid result: 
recall@10 : 0.1972    recall@20 : 0.306    mrr@10 : 0.3598    mrr@20 : 0.3688    ndcg@10 : 0.2149    ndcg@20 : 0.2417    hit@10 : 0.7094    hit@20 : 0.8388    precision@10 : 0.1495    precision@20 : 0.1216
Sun 07 Jul 2024 19:06:19 INFO  Saving current: saved/LightGCN-Jul-07-2024_19-04-13.pth
Sun 07 Jul 2024 19:06:22 INFO  epoch 33 training [time: 3.55s, train loss: 38.8690]
Sun 07 Jul 2024 19:06:22 INFO  epoch 33 evaluating [time: 0.11s, valid_score: 0.306600]
Sun 07 Jul 2024 19:06:22 INFO  valid result: 
recall@10 : 0.1992    recall@20 : 0.3066    mrr@10 : 0.3619    mrr@20 : 0.3713    ndcg@10 : 0.2163    ndcg@20 : 0.2423    hit@10 : 0.7094    hit@20 : 0.8431    precision@10 : 0.1507    precision@20 : 0.122
Sun 07 Jul 2024 19:06:22 INFO  Saving current: saved/LightGCN-Jul-07-2024_19-04-13.pth
Sun 07 Jul 2024 19:06:26 INFO  epoch 34 training [time: 3.72s, train loss: 38.3876]
Sun 07 Jul 2024 19:06:26 INFO  epoch 34 evaluating [time: 0.11s, valid_score: 0.307900]
Sun 07 Jul 2024 19:06:26 INFO  valid result: 
recall@10 : 0.201    recall@20 : 0.3079    mrr@10 : 0.361    mrr@20 : 0.3706    ndcg@10 : 0.2166    ndcg@20 : 0.2427    hit@10 : 0.7084    hit@20 : 0.8452    precision@10 : 0.1509    precision@20 : 0.1221
Sun 07 Jul 2024 19:06:26 INFO  Saving current: saved/LightGCN-Jul-07-2024_19-04-13.pth
Sun 07 Jul 2024 19:06:30 INFO  epoch 35 training [time: 3.61s, train loss: 37.7561]
Sun 07 Jul 2024 19:06:30 INFO  epoch 35 evaluating [time: 0.10s, valid_score: 0.308500]
Sun 07 Jul 2024 19:06:30 INFO  valid result: 
recall@10 : 0.2001    recall@20 : 0.3085    mrr@10 : 0.3631    mrr@20 : 0.373    ndcg@10 : 0.2174    ndcg@20 : 0.2445    hit@10 : 0.7063    hit@20 : 0.8441    precision@10 : 0.1506    precision@20 : 0.1229
Sun 07 Jul 2024 19:06:30 INFO  Saving current: saved/LightGCN-Jul-07-2024_19-04-13.pth
Sun 07 Jul 2024 19:06:33 INFO  epoch 36 training [time: 3.65s, train loss: 37.5407]
Sun 07 Jul 2024 19:06:34 INFO  epoch 36 evaluating [time: 0.11s, valid_score: 0.311500]
Sun 07 Jul 2024 19:06:34 INFO  valid result: 
recall@10 : 0.2025    recall@20 : 0.3115    mrr@10 : 0.3691    mrr@20 : 0.3786    ndcg@10 : 0.22    ndcg@20 : 0.247    hit@10 : 0.7137    hit@20 : 0.8505    precision@10 : 0.1517    precision@20 : 0.1238
Sun 07 Jul 2024 19:06:34 INFO  Saving current: saved/LightGCN-Jul-07-2024_19-04-13.pth
Sun 07 Jul 2024 19:06:37 INFO  epoch 37 training [time: 3.59s, train loss: 37.4073]
Sun 07 Jul 2024 19:06:37 INFO  epoch 37 evaluating [time: 0.10s, valid_score: 0.316200]
Sun 07 Jul 2024 19:06:37 INFO  valid result: 
recall@10 : 0.2035    recall@20 : 0.3162    mrr@10 : 0.3681    mrr@20 : 0.3778    ndcg@10 : 0.2209    ndcg@20 : 0.2491    hit@10 : 0.7169    hit@20 : 0.8579    precision@10 : 0.1529    precision@20 : 0.1253
Sun 07 Jul 2024 19:06:37 INFO  Saving current: saved/LightGCN-Jul-07-2024_19-04-13.pth
Sun 07 Jul 2024 19:06:41 INFO  epoch 38 training [time: 3.61s, train loss: 36.9074]
Sun 07 Jul 2024 19:06:41 INFO  epoch 38 evaluating [time: 0.11s, valid_score: 0.317500]
Sun 07 Jul 2024 19:06:41 INFO  valid result: 
recall@10 : 0.2067    recall@20 : 0.3175    mrr@10 : 0.3692    mrr@20 : 0.3787    ndcg@10 : 0.2236    ndcg@20 : 0.2506    hit@10 : 0.72    hit@20 : 0.8579    precision@10 : 0.1558    precision@20 : 0.1258
Sun 07 Jul 2024 19:06:41 INFO  Saving current: saved/LightGCN-Jul-07-2024_19-04-13.pth
Sun 07 Jul 2024 19:06:45 INFO  epoch 39 training [time: 3.56s, train loss: 36.3122]
Sun 07 Jul 2024 19:06:45 INFO  epoch 39 evaluating [time: 0.11s, valid_score: 0.319600]
Sun 07 Jul 2024 19:06:45 INFO  valid result: 
recall@10 : 0.2071    recall@20 : 0.3196    mrr@10 : 0.3693    mrr@20 : 0.3789    ndcg@10 : 0.2243    ndcg@20 : 0.2523    hit@10 : 0.7211    hit@20 : 0.86    precision@10 : 0.156    precision@20 : 0.1267
Sun 07 Jul 2024 19:06:45 INFO  Saving current: saved/LightGCN-Jul-07-2024_19-04-13.pth
Sun 07 Jul 2024 19:06:48 INFO  epoch 40 training [time: 3.59s, train loss: 36.2509]
Sun 07 Jul 2024 19:06:48 INFO  epoch 40 evaluating [time: 0.10s, valid_score: 0.320700]
Sun 07 Jul 2024 19:06:48 INFO  valid result: 
recall@10 : 0.2074    recall@20 : 0.3207    mrr@10 : 0.3705    mrr@20 : 0.38    ndcg@10 : 0.2245    ndcg@20 : 0.2523    hit@10 : 0.7222    hit@20 : 0.8579    precision@10 : 0.1569    precision@20 : 0.127
Sun 07 Jul 2024 19:06:48 INFO  Saving current: saved/LightGCN-Jul-07-2024_19-04-13.pth
Sun 07 Jul 2024 19:06:52 INFO  epoch 41 training [time: 3.55s, train loss: 35.6651]
Sun 07 Jul 2024 19:06:52 INFO  epoch 41 evaluating [time: 0.11s, valid_score: 0.322100]
Sun 07 Jul 2024 19:06:52 INFO  valid result: 
recall@10 : 0.2087    recall@20 : 0.3221    mrr@10 : 0.3682    mrr@20 : 0.3773    ndcg@10 : 0.2246    ndcg@20 : 0.2526    hit@10 : 0.7275    hit@20 : 0.8579    precision@10 : 0.1574    precision@20 : 0.1273
Sun 07 Jul 2024 19:06:52 INFO  Saving current: saved/LightGCN-Jul-07-2024_19-04-13.pth
Sun 07 Jul 2024 19:06:56 INFO  epoch 42 training [time: 3.61s, train loss: 35.4635]
Sun 07 Jul 2024 19:06:56 INFO  epoch 42 evaluating [time: 0.11s, valid_score: 0.323300]
Sun 07 Jul 2024 19:06:56 INFO  valid result: 
recall@10 : 0.2079    recall@20 : 0.3233    mrr@10 : 0.368    mrr@20 : 0.3773    ndcg@10 : 0.2242    ndcg@20 : 0.253    hit@10 : 0.7264    hit@20 : 0.86    precision@10 : 0.1572    precision@20 : 0.1274
Sun 07 Jul 2024 19:06:56 INFO  Saving current: saved/LightGCN-Jul-07-2024_19-04-13.pth
Sun 07 Jul 2024 19:07:00 INFO  epoch 43 training [time: 4.05s, train loss: 35.1516]
Sun 07 Jul 2024 19:07:00 INFO  epoch 43 evaluating [time: 0.15s, valid_score: 0.324900]
Sun 07 Jul 2024 19:07:00 INFO  valid result: 
recall@10 : 0.2082    recall@20 : 0.3249    mrr@10 : 0.3702    mrr@20 : 0.3796    ndcg@10 : 0.2253    ndcg@20 : 0.2546    hit@10 : 0.7264    hit@20 : 0.8611    precision@10 : 0.1572    precision@20 : 0.1282
Sun 07 Jul 2024 19:07:00 INFO  Saving current: saved/LightGCN-Jul-07-2024_19-04-13.pth
Sun 07 Jul 2024 19:07:04 INFO  epoch 44 training [time: 3.66s, train loss: 34.9023]
Sun 07 Jul 2024 19:07:04 INFO  epoch 44 evaluating [time: 0.11s, valid_score: 0.325700]
Sun 07 Jul 2024 19:07:04 INFO  valid result: 
recall@10 : 0.2106    recall@20 : 0.3257    mrr@10 : 0.3747    mrr@20 : 0.3834    ndcg@10 : 0.228    ndcg@20 : 0.2565    hit@10 : 0.7338    hit@20 : 0.86    precision@10 : 0.1585    precision@20 : 0.1286
Sun 07 Jul 2024 19:07:04 INFO  Saving current: saved/LightGCN-Jul-07-2024_19-04-13.pth
Sun 07 Jul 2024 19:07:08 INFO  epoch 45 training [time: 3.68s, train loss: 34.5498]
Sun 07 Jul 2024 19:07:08 INFO  epoch 45 evaluating [time: 0.11s, valid_score: 0.328600]
Sun 07 Jul 2024 19:07:08 INFO  valid result: 
recall@10 : 0.2117    recall@20 : 0.3286    mrr@10 : 0.3716    mrr@20 : 0.3806    ndcg@10 : 0.2279    ndcg@20 : 0.2573    hit@10 : 0.7359    hit@20 : 0.8664    precision@10 : 0.1591    precision@20 : 0.1295
Sun 07 Jul 2024 19:07:08 INFO  Saving current: saved/LightGCN-Jul-07-2024_19-04-13.pth
Sun 07 Jul 2024 19:07:11 INFO  epoch 46 training [time: 3.56s, train loss: 34.4386]
Sun 07 Jul 2024 19:07:11 INFO  epoch 46 evaluating [time: 0.11s, valid_score: 0.330200]
Sun 07 Jul 2024 19:07:11 INFO  valid result: 
recall@10 : 0.2112    recall@20 : 0.3302    mrr@10 : 0.3735    mrr@20 : 0.3823    ndcg@10 : 0.2276    ndcg@20 : 0.2579    hit@10 : 0.7391    hit@20 : 0.8674    precision@10 : 0.1589    precision@20 : 0.1301
Sun 07 Jul 2024 19:07:11 INFO  Saving current: saved/LightGCN-Jul-07-2024_19-04-13.pth
Sun 07 Jul 2024 19:07:15 INFO  epoch 47 training [time: 3.66s, train loss: 34.1672]
Sun 07 Jul 2024 19:07:15 INFO  epoch 47 evaluating [time: 0.10s, valid_score: 0.333000]
Sun 07 Jul 2024 19:07:15 INFO  valid result: 
recall@10 : 0.213    recall@20 : 0.333    mrr@10 : 0.3763    mrr@20 : 0.385    ndcg@10 : 0.229    ndcg@20 : 0.2595    hit@10 : 0.7413    hit@20 : 0.8706    precision@10 : 0.1593    precision@20 : 0.1303
Sun 07 Jul 2024 19:07:15 INFO  Saving current: saved/LightGCN-Jul-07-2024_19-04-13.pth
Sun 07 Jul 2024 19:07:19 INFO  epoch 48 training [time: 3.66s, train loss: 33.8775]
Sun 07 Jul 2024 19:07:19 INFO  epoch 48 evaluating [time: 0.12s, valid_score: 0.332800]
Sun 07 Jul 2024 19:07:19 INFO  valid result: 
recall@10 : 0.2136    recall@20 : 0.3328    mrr@10 : 0.3765    mrr@20 : 0.3847    ndcg@10 : 0.2297    ndcg@20 : 0.2596    hit@10 : 0.7466    hit@20 : 0.8685    precision@10 : 0.16    precision@20 : 0.13
Sun 07 Jul 2024 19:07:22 INFO  epoch 49 training [time: 3.60s, train loss: 33.6496]
Sun 07 Jul 2024 19:07:23 INFO  epoch 49 evaluating [time: 0.11s, valid_score: 0.332200]
Sun 07 Jul 2024 19:07:23 INFO  valid result: 
recall@10 : 0.2151    recall@20 : 0.3322    mrr@10 : 0.3793    mrr@20 : 0.3876    ndcg@10 : 0.2308    ndcg@20 : 0.2599    hit@10 : 0.7466    hit@20 : 0.8706    precision@10 : 0.1604    precision@20 : 0.13
Sun 07 Jul 2024 19:07:26 INFO  epoch 50 training [time: 3.59s, train loss: 33.4619]
Sun 07 Jul 2024 19:07:26 INFO  epoch 50 evaluating [time: 0.11s, valid_score: 0.333100]
Sun 07 Jul 2024 19:07:26 INFO  valid result: 
recall@10 : 0.2175    recall@20 : 0.3331    mrr@10 : 0.378    mrr@20 : 0.3862    ndcg@10 : 0.2323    ndcg@20 : 0.2605    hit@10 : 0.7466    hit@20 : 0.8717    precision@10 : 0.1621    precision@20 : 0.1304
Sun 07 Jul 2024 19:07:26 INFO  Saving current: saved/LightGCN-Jul-07-2024_19-04-13.pth
Sun 07 Jul 2024 19:07:30 INFO  epoch 51 training [time: 3.63s, train loss: 33.1172]
Sun 07 Jul 2024 19:07:30 INFO  epoch 51 evaluating [time: 0.11s, valid_score: 0.333600]
Sun 07 Jul 2024 19:07:30 INFO  valid result: 
recall@10 : 0.2137    recall@20 : 0.3336    mrr@10 : 0.3778    mrr@20 : 0.3869    ndcg@10 : 0.2308    ndcg@20 : 0.2608    hit@10 : 0.7402    hit@20 : 0.8738    precision@10 : 0.1603    precision@20 : 0.1302
Sun 07 Jul 2024 19:07:30 INFO  Saving current: saved/LightGCN-Jul-07-2024_19-04-13.pth
Sun 07 Jul 2024 19:07:34 INFO  epoch 52 training [time: 3.63s, train loss: 33.1788]
Sun 07 Jul 2024 19:07:34 INFO  epoch 52 evaluating [time: 0.11s, valid_score: 0.335000]
Sun 07 Jul 2024 19:07:34 INFO  valid result: 
recall@10 : 0.2159    recall@20 : 0.335    mrr@10 : 0.3821    mrr@20 : 0.3906    ndcg@10 : 0.2327    ndcg@20 : 0.2622    hit@10 : 0.7497    hit@20 : 0.878    precision@10 : 0.1614    precision@20 : 0.1306
Sun 07 Jul 2024 19:07:34 INFO  Saving current: saved/LightGCN-Jul-07-2024_19-04-13.pth
Sun 07 Jul 2024 19:07:38 INFO  epoch 53 training [time: 3.70s, train loss: 32.8564]
Sun 07 Jul 2024 19:07:38 INFO  epoch 53 evaluating [time: 0.15s, valid_score: 0.334800]
Sun 07 Jul 2024 19:07:38 INFO  valid result: 
recall@10 : 0.2152    recall@20 : 0.3348    mrr@10 : 0.3836    mrr@20 : 0.392    ndcg@10 : 0.2325    ndcg@20 : 0.2623    hit@10 : 0.7487    hit@20 : 0.8738    precision@10 : 0.161    precision@20 : 0.1306
Sun 07 Jul 2024 19:07:42 INFO  epoch 54 training [time: 3.93s, train loss: 32.5941]
Sun 07 Jul 2024 19:07:42 INFO  epoch 54 evaluating [time: 0.12s, valid_score: 0.334800]
Sun 07 Jul 2024 19:07:42 INFO  valid result: 
recall@10 : 0.2159    recall@20 : 0.3348    mrr@10 : 0.3856    mrr@20 : 0.3941    ndcg@10 : 0.2332    ndcg@20 : 0.263    hit@10 : 0.7497    hit@20 : 0.8759    precision@10 : 0.1608    precision@20 : 0.1305
Sun 07 Jul 2024 19:07:46 INFO  epoch 55 training [time: 3.81s, train loss: 32.2655]
Sun 07 Jul 2024 19:07:46 INFO  epoch 55 evaluating [time: 0.11s, valid_score: 0.337400]
Sun 07 Jul 2024 19:07:46 INFO  valid result: 
recall@10 : 0.2154    recall@20 : 0.3374    mrr@10 : 0.3835    mrr@20 : 0.3926    ndcg@10 : 0.2327    ndcg@20 : 0.2638    hit@10 : 0.7455    hit@20 : 0.8802    precision@10 : 0.1608    precision@20 : 0.1315
Sun 07 Jul 2024 19:07:46 INFO  Saving current: saved/LightGCN-Jul-07-2024_19-04-13.pth
Sun 07 Jul 2024 19:07:50 INFO  epoch 56 training [time: 3.85s, train loss: 31.9492]
Sun 07 Jul 2024 19:07:50 INFO  epoch 56 evaluating [time: 0.11s, valid_score: 0.336300]
Sun 07 Jul 2024 19:07:50 INFO  valid result: 
recall@10 : 0.2173    recall@20 : 0.3363    mrr@10 : 0.3843    mrr@20 : 0.3929    ndcg@10 : 0.2337    ndcg@20 : 0.2639    hit@10 : 0.7508    hit@20 : 0.877    precision@10 : 0.1612    precision@20 : 0.1317
Sun 07 Jul 2024 19:07:53 INFO  epoch 57 training [time: 3.80s, train loss: 31.9715]
Sun 07 Jul 2024 19:07:54 INFO  epoch 57 evaluating [time: 0.11s, valid_score: 0.335300]
Sun 07 Jul 2024 19:07:54 INFO  valid result: 
recall@10 : 0.2158    recall@20 : 0.3353    mrr@10 : 0.3828    mrr@20 : 0.3914    ndcg@10 : 0.2329    ndcg@20 : 0.2632    hit@10 : 0.7497    hit@20 : 0.8749    precision@10 : 0.1616    precision@20 : 0.1315
Sun 07 Jul 2024 19:07:58 INFO  epoch 58 training [time: 4.14s, train loss: 31.6163]
Sun 07 Jul 2024 19:07:58 INFO  epoch 58 evaluating [time: 0.11s, valid_score: 0.335800]
Sun 07 Jul 2024 19:07:58 INFO  valid result: 
recall@10 : 0.2162    recall@20 : 0.3358    mrr@10 : 0.3812    mrr@20 : 0.3895    ndcg@10 : 0.2331    ndcg@20 : 0.2632    hit@10 : 0.7529    hit@20 : 0.8749    precision@10 : 0.1627    precision@20 : 0.1321
Sun 07 Jul 2024 19:08:02 INFO  epoch 59 training [time: 3.88s, train loss: 31.4577]
Sun 07 Jul 2024 19:08:02 INFO  epoch 59 evaluating [time: 0.11s, valid_score: 0.336700]
Sun 07 Jul 2024 19:08:02 INFO  valid result: 
recall@10 : 0.2159    recall@20 : 0.3367    mrr@10 : 0.3865    mrr@20 : 0.3954    ndcg@10 : 0.234    ndcg@20 : 0.2645    hit@10 : 0.7487    hit@20 : 0.877    precision@10 : 0.1622    precision@20 : 0.1321
Sun 07 Jul 2024 19:08:06 INFO  epoch 60 training [time: 3.89s, train loss: 30.9858]
Sun 07 Jul 2024 19:08:06 INFO  epoch 60 evaluating [time: 0.11s, valid_score: 0.338400]
Sun 07 Jul 2024 19:08:06 INFO  valid result: 
recall@10 : 0.2159    recall@20 : 0.3384    mrr@10 : 0.3858    mrr@20 : 0.3949    ndcg@10 : 0.2341    ndcg@20 : 0.2652    hit@10 : 0.7476    hit@20 : 0.878    precision@10 : 0.1621    precision@20 : 0.1326
Sun 07 Jul 2024 19:08:06 INFO  Saving current: saved/LightGCN-Jul-07-2024_19-04-13.pth
Sun 07 Jul 2024 19:08:10 INFO  epoch 61 training [time: 4.09s, train loss: 31.0182]
Sun 07 Jul 2024 19:08:10 INFO  epoch 61 evaluating [time: 0.12s, valid_score: 0.337300]
Sun 07 Jul 2024 19:08:10 INFO  valid result: 
recall@10 : 0.2154    recall@20 : 0.3373    mrr@10 : 0.3813    mrr@20 : 0.39    ndcg@10 : 0.2333    ndcg@20 : 0.2645    hit@10 : 0.7497    hit@20 : 0.8727    precision@10 : 0.1618    precision@20 : 0.1323
Sun 07 Jul 2024 19:08:14 INFO  epoch 62 training [time: 3.78s, train loss: 30.7304]
Sun 07 Jul 2024 19:08:14 INFO  epoch 62 evaluating [time: 0.11s, valid_score: 0.336800]
Sun 07 Jul 2024 19:08:14 INFO  valid result: 
recall@10 : 0.2171    recall@20 : 0.3368    mrr@10 : 0.3859    mrr@20 : 0.3944    ndcg@10 : 0.2351    ndcg@20 : 0.2653    hit@10 : 0.7529    hit@20 : 0.8749    precision@10 : 0.1626    precision@20 : 0.1321
Sun 07 Jul 2024 19:08:17 INFO  epoch 63 training [time: 3.59s, train loss: 30.5409]
Sun 07 Jul 2024 19:08:18 INFO  epoch 63 evaluating [time: 0.11s, valid_score: 0.340400]
Sun 07 Jul 2024 19:08:18 INFO  valid result: 
recall@10 : 0.217    recall@20 : 0.3404    mrr@10 : 0.3841    mrr@20 : 0.3931    ndcg@10 : 0.2347    ndcg@20 : 0.2666    hit@10 : 0.7508    hit@20 : 0.8812    precision@10 : 0.1626    precision@20 : 0.1335
Sun 07 Jul 2024 19:08:18 INFO  Saving current: saved/LightGCN-Jul-07-2024_19-04-13.pth
Sun 07 Jul 2024 19:08:21 INFO  epoch 64 training [time: 3.67s, train loss: 30.2948]
Sun 07 Jul 2024 19:08:21 INFO  epoch 64 evaluating [time: 0.11s, valid_score: 0.337200]
Sun 07 Jul 2024 19:08:21 INFO  valid result: 
recall@10 : 0.2194    recall@20 : 0.3372    mrr@10 : 0.3856    mrr@20 : 0.3937    ndcg@10 : 0.2361    ndcg@20 : 0.2657    hit@10 : 0.7572    hit@20 : 0.8738    precision@10 : 0.1639    precision@20 : 0.1326
Sun 07 Jul 2024 19:08:25 INFO  epoch 65 training [time: 3.77s, train loss: 30.0584]
Sun 07 Jul 2024 19:08:25 INFO  epoch 65 evaluating [time: 0.11s, valid_score: 0.337900]
Sun 07 Jul 2024 19:08:25 INFO  valid result: 
recall@10 : 0.2188    recall@20 : 0.3379    mrr@10 : 0.3874    mrr@20 : 0.396    ndcg@10 : 0.236    ndcg@20 : 0.2663    hit@10 : 0.754    hit@20 : 0.877    precision@10 : 0.1629    precision@20 : 0.1322
Sun 07 Jul 2024 19:08:29 INFO  epoch 66 training [time: 3.70s, train loss: 29.8523]
Sun 07 Jul 2024 19:08:29 INFO  epoch 66 evaluating [time: 0.11s, valid_score: 0.340200]
Sun 07 Jul 2024 19:08:29 INFO  valid result: 
recall@10 : 0.2194    recall@20 : 0.3402    mrr@10 : 0.388    mrr@20 : 0.3963    ndcg@10 : 0.2367    ndcg@20 : 0.2675    hit@10 : 0.7572    hit@20 : 0.8759    precision@10 : 0.1634    precision@20 : 0.133
Sun 07 Jul 2024 19:08:33 INFO  epoch 67 training [time: 3.71s, train loss: 29.5536]
Sun 07 Jul 2024 19:08:33 INFO  epoch 67 evaluating [time: 0.11s, valid_score: 0.340300]
Sun 07 Jul 2024 19:08:33 INFO  valid result: 
recall@10 : 0.2211    recall@20 : 0.3403    mrr@10 : 0.3857    mrr@20 : 0.3943    ndcg@10 : 0.2368    ndcg@20 : 0.2675    hit@10 : 0.755    hit@20 : 0.877    precision@10 : 0.1634    precision@20 : 0.1333
Sun 07 Jul 2024 19:08:37 INFO  epoch 68 training [time: 3.65s, train loss: 29.3282]
Sun 07 Jul 2024 19:08:37 INFO  epoch 68 evaluating [time: 0.14s, valid_score: 0.340300]
Sun 07 Jul 2024 19:08:37 INFO  valid result: 
recall@10 : 0.2218    recall@20 : 0.3403    mrr@10 : 0.3879    mrr@20 : 0.3965    ndcg@10 : 0.237    ndcg@20 : 0.2679    hit@10 : 0.7561    hit@20 : 0.877    precision@10 : 0.1633    precision@20 : 0.1339
Sun 07 Jul 2024 19:08:40 INFO  epoch 69 training [time: 3.75s, train loss: 28.8699]
Sun 07 Jul 2024 19:08:41 INFO  epoch 69 evaluating [time: 0.10s, valid_score: 0.341500]
Sun 07 Jul 2024 19:08:41 INFO  valid result: 
recall@10 : 0.224    recall@20 : 0.3415    mrr@10 : 0.3881    mrr@20 : 0.3963    ndcg@10 : 0.2383    ndcg@20 : 0.2684    hit@10 : 0.7635    hit@20 : 0.8823    precision@10 : 0.1645    precision@20 : 0.1339
Sun 07 Jul 2024 19:08:41 INFO  Saving current: saved/LightGCN-Jul-07-2024_19-04-13.pth
Sun 07 Jul 2024 19:08:44 INFO  epoch 70 training [time: 3.66s, train loss: 28.8528]
Sun 07 Jul 2024 19:08:44 INFO  epoch 70 evaluating [time: 0.11s, valid_score: 0.342300]
Sun 07 Jul 2024 19:08:44 INFO  valid result: 
recall@10 : 0.2238    recall@20 : 0.3423    mrr@10 : 0.3923    mrr@20 : 0.4004    ndcg@10 : 0.2397    ndcg@20 : 0.27    hit@10 : 0.7614    hit@20 : 0.878    precision@10 : 0.1649    precision@20 : 0.1344
Sun 07 Jul 2024 19:08:44 INFO  Saving current: saved/LightGCN-Jul-07-2024_19-04-13.pth
Sun 07 Jul 2024 19:08:48 INFO  epoch 71 training [time: 3.88s, train loss: 28.7946]
Sun 07 Jul 2024 19:08:48 INFO  epoch 71 evaluating [time: 0.11s, valid_score: 0.341600]
Sun 07 Jul 2024 19:08:48 INFO  valid result: 
recall@10 : 0.224    recall@20 : 0.3416    mrr@10 : 0.3921    mrr@20 : 0.4002    ndcg@10 : 0.2395    ndcg@20 : 0.2695    hit@10 : 0.7625    hit@20 : 0.8791    precision@10 : 0.165    precision@20 : 0.1342
Sun 07 Jul 2024 19:08:52 INFO  epoch 72 training [time: 3.79s, train loss: 28.4171]
Sun 07 Jul 2024 19:08:52 INFO  epoch 72 evaluating [time: 0.10s, valid_score: 0.340600]
Sun 07 Jul 2024 19:08:52 INFO  valid result: 
recall@10 : 0.2273    recall@20 : 0.3406    mrr@10 : 0.3959    mrr@20 : 0.4035    ndcg@10 : 0.2419    ndcg@20 : 0.27    hit@10 : 0.7667    hit@20 : 0.878    precision@10 : 0.1662    precision@20 : 0.1338
Sun 07 Jul 2024 19:08:56 INFO  epoch 73 training [time: 3.66s, train loss: 28.2537]
Sun 07 Jul 2024 19:08:56 INFO  epoch 73 evaluating [time: 0.10s, valid_score: 0.339500]
Sun 07 Jul 2024 19:08:56 INFO  valid result: 
recall@10 : 0.2275    recall@20 : 0.3395    mrr@10 : 0.3974    mrr@20 : 0.405    ndcg@10 : 0.2428    ndcg@20 : 0.2702    hit@10 : 0.7656    hit@20 : 0.8749    precision@10 : 0.1668    precision@20 : 0.1338
Sun 07 Jul 2024 19:09:00 INFO  epoch 74 training [time: 3.61s, train loss: 28.0136]
Sun 07 Jul 2024 19:09:00 INFO  epoch 74 evaluating [time: 0.11s, valid_score: 0.340800]
Sun 07 Jul 2024 19:09:00 INFO  valid result: 
recall@10 : 0.2265    recall@20 : 0.3408    mrr@10 : 0.3931    mrr@20 : 0.4005    ndcg@10 : 0.2415    ndcg@20 : 0.27    hit@10 : 0.7688    hit@20 : 0.878    precision@10 : 0.1661    precision@20 : 0.1341
Sun 07 Jul 2024 19:09:03 INFO  epoch 75 training [time: 3.58s, train loss: 27.6324]
Sun 07 Jul 2024 19:09:03 INFO  epoch 75 evaluating [time: 0.10s, valid_score: 0.341400]
Sun 07 Jul 2024 19:09:03 INFO  valid result: 
recall@10 : 0.2262    recall@20 : 0.3414    mrr@10 : 0.3938    mrr@20 : 0.4012    ndcg@10 : 0.2422    ndcg@20 : 0.271    hit@10 : 0.7688    hit@20 : 0.877    precision@10 : 0.1667    precision@20 : 0.1345
Sun 07 Jul 2024 19:09:07 INFO  epoch 76 training [time: 3.69s, train loss: 27.3653]
Sun 07 Jul 2024 19:09:07 INFO  epoch 76 evaluating [time: 0.11s, valid_score: 0.341700]
Sun 07 Jul 2024 19:09:07 INFO  valid result: 
recall@10 : 0.2268    recall@20 : 0.3417    mrr@10 : 0.3954    mrr@20 : 0.4029    ndcg@10 : 0.2426    ndcg@20 : 0.2716    hit@10 : 0.7667    hit@20 : 0.8738    precision@10 : 0.1665    precision@20 : 0.1346
Sun 07 Jul 2024 19:09:11 INFO  epoch 77 training [time: 3.60s, train loss: 27.3277]
Sun 07 Jul 2024 19:09:11 INFO  epoch 77 evaluating [time: 0.10s, valid_score: 0.342500]
Sun 07 Jul 2024 19:09:11 INFO  valid result: 
recall@10 : 0.2262    recall@20 : 0.3425    mrr@10 : 0.3969    mrr@20 : 0.4047    ndcg@10 : 0.2422    ndcg@20 : 0.272    hit@10 : 0.7646    hit@20 : 0.8749    precision@10 : 0.1652    precision@20 : 0.1345
Sun 07 Jul 2024 19:09:11 INFO  Saving current: saved/LightGCN-Jul-07-2024_19-04-13.pth
Sun 07 Jul 2024 19:09:14 INFO  epoch 78 training [time: 3.56s, train loss: 27.2316]
Sun 07 Jul 2024 19:09:15 INFO  epoch 78 evaluating [time: 0.11s, valid_score: 0.343500]
Sun 07 Jul 2024 19:09:15 INFO  valid result: 
recall@10 : 0.228    recall@20 : 0.3435    mrr@10 : 0.3965    mrr@20 : 0.404    ndcg@10 : 0.2431    ndcg@20 : 0.2723    hit@10 : 0.7699    hit@20 : 0.878    precision@10 : 0.1664    precision@20 : 0.1345
Sun 07 Jul 2024 19:09:15 INFO  Saving current: saved/LightGCN-Jul-07-2024_19-04-13.pth
Sun 07 Jul 2024 19:09:18 INFO  epoch 79 training [time: 3.55s, train loss: 26.8025]
Sun 07 Jul 2024 19:09:18 INFO  epoch 79 evaluating [time: 0.11s, valid_score: 0.341700]
Sun 07 Jul 2024 19:09:18 INFO  valid result: 
recall@10 : 0.2271    recall@20 : 0.3417    mrr@10 : 0.3945    mrr@20 : 0.402    ndcg@10 : 0.2428    ndcg@20 : 0.2714    hit@10 : 0.7678    hit@20 : 0.8759    precision@10 : 0.1673    precision@20 : 0.1346
Sun 07 Jul 2024 19:09:22 INFO  epoch 80 training [time: 3.80s, train loss: 26.5979]
Sun 07 Jul 2024 19:09:22 INFO  epoch 80 evaluating [time: 0.13s, valid_score: 0.343900]
Sun 07 Jul 2024 19:09:22 INFO  valid result: 
recall@10 : 0.2268    recall@20 : 0.3439    mrr@10 : 0.3904    mrr@20 : 0.3983    ndcg@10 : 0.2416    ndcg@20 : 0.271    hit@10 : 0.7667    hit@20 : 0.8802    precision@10 : 0.167    precision@20 : 0.1347
Sun 07 Jul 2024 19:09:22 INFO  Saving current: saved/LightGCN-Jul-07-2024_19-04-13.pth
Sun 07 Jul 2024 19:09:26 INFO  epoch 81 training [time: 3.89s, train loss: 26.3566]
Sun 07 Jul 2024 19:09:26 INFO  epoch 81 evaluating [time: 0.11s, valid_score: 0.344900]
Sun 07 Jul 2024 19:09:26 INFO  valid result: 
recall@10 : 0.2259    recall@20 : 0.3449    mrr@10 : 0.3965    mrr@20 : 0.4048    ndcg@10 : 0.2424    ndcg@20 : 0.273    hit@10 : 0.7635    hit@20 : 0.8823    precision@10 : 0.166    precision@20 : 0.1353
Sun 07 Jul 2024 19:09:26 INFO  Saving current: saved/LightGCN-Jul-07-2024_19-04-13.pth
Sun 07 Jul 2024 19:09:30 INFO  epoch 82 training [time: 3.85s, train loss: 26.1247]
Sun 07 Jul 2024 19:09:30 INFO  epoch 82 evaluating [time: 0.11s, valid_score: 0.345400]
Sun 07 Jul 2024 19:09:30 INFO  valid result: 
recall@10 : 0.2255    recall@20 : 0.3454    mrr@10 : 0.3992    mrr@20 : 0.4071    ndcg@10 : 0.2431    ndcg@20 : 0.2737    hit@10 : 0.7678    hit@20 : 0.8812    precision@10 : 0.1664    precision@20 : 0.1352
Sun 07 Jul 2024 19:09:30 INFO  Saving current: saved/LightGCN-Jul-07-2024_19-04-13.pth
Sun 07 Jul 2024 19:09:34 INFO  epoch 83 training [time: 4.10s, train loss: 25.8363]
Sun 07 Jul 2024 19:09:34 INFO  epoch 83 evaluating [time: 0.12s, valid_score: 0.346300]
Sun 07 Jul 2024 19:09:34 INFO  valid result: 
recall@10 : 0.2271    recall@20 : 0.3463    mrr@10 : 0.404    mrr@20 : 0.4118    ndcg@10 : 0.2444    ndcg@20 : 0.2747    hit@10 : 0.7688    hit@20 : 0.8823    precision@10 : 0.1666    precision@20 : 0.1356
Sun 07 Jul 2024 19:09:34 INFO  Saving current: saved/LightGCN-Jul-07-2024_19-04-13.pth
Sun 07 Jul 2024 19:09:39 INFO  epoch 84 training [time: 4.20s, train loss: 25.5822]
Sun 07 Jul 2024 19:09:39 INFO  epoch 84 evaluating [time: 0.12s, valid_score: 0.350100]
Sun 07 Jul 2024 19:09:39 INFO  valid result: 
recall@10 : 0.2267    recall@20 : 0.3501    mrr@10 : 0.4047    mrr@20 : 0.4127    ndcg@10 : 0.2449    ndcg@20 : 0.2768    hit@10 : 0.7699    hit@20 : 0.8865    precision@10 : 0.1665    precision@20 : 0.1364
Sun 07 Jul 2024 19:09:39 INFO  Saving current: saved/LightGCN-Jul-07-2024_19-04-13.pth
Sun 07 Jul 2024 19:09:43 INFO  epoch 85 training [time: 3.96s, train loss: 25.2659]
Sun 07 Jul 2024 19:09:43 INFO  epoch 85 evaluating [time: 0.10s, valid_score: 0.349700]
Sun 07 Jul 2024 19:09:43 INFO  valid result: 
recall@10 : 0.228    recall@20 : 0.3497    mrr@10 : 0.4055    mrr@20 : 0.4136    ndcg@10 : 0.2455    ndcg@20 : 0.2767    hit@10 : 0.7678    hit@20 : 0.8844    precision@10 : 0.167    precision@20 : 0.1367
Sun 07 Jul 2024 19:09:47 INFO  epoch 86 training [time: 3.78s, train loss: 25.2174]
Sun 07 Jul 2024 19:09:47 INFO  epoch 86 evaluating [time: 0.11s, valid_score: 0.349600]
Sun 07 Jul 2024 19:09:47 INFO  valid result: 
recall@10 : 0.2267    recall@20 : 0.3496    mrr@10 : 0.4054    mrr@20 : 0.4135    ndcg@10 : 0.2451    ndcg@20 : 0.277    hit@10 : 0.7688    hit@20 : 0.8865    precision@10 : 0.1665    precision@20 : 0.1369
Sun 07 Jul 2024 19:09:50 INFO  epoch 87 training [time: 3.74s, train loss: 25.1153]
Sun 07 Jul 2024 19:09:51 INFO  epoch 87 evaluating [time: 0.12s, valid_score: 0.349900]
Sun 07 Jul 2024 19:09:51 INFO  valid result: 
recall@10 : 0.2269    recall@20 : 0.3499    mrr@10 : 0.4045    mrr@20 : 0.4129    ndcg@10 : 0.2449    ndcg@20 : 0.2768    hit@10 : 0.7656    hit@20 : 0.8865    precision@10 : 0.1667    precision@20 : 0.1371
Sun 07 Jul 2024 19:09:54 INFO  epoch 88 training [time: 3.74s, train loss: 24.7845]
Sun 07 Jul 2024 19:09:54 INFO  epoch 88 evaluating [time: 0.11s, valid_score: 0.349500]
Sun 07 Jul 2024 19:09:54 INFO  valid result: 
recall@10 : 0.2259    recall@20 : 0.3495    mrr@10 : 0.4045    mrr@20 : 0.4131    ndcg@10 : 0.2445    ndcg@20 : 0.2765    hit@10 : 0.7614    hit@20 : 0.8865    precision@10 : 0.1664    precision@20 : 0.1369
Sun 07 Jul 2024 19:09:58 INFO  epoch 89 training [time: 3.80s, train loss: 24.7005]
Sun 07 Jul 2024 19:09:58 INFO  epoch 89 evaluating [time: 0.11s, valid_score: 0.347100]
Sun 07 Jul 2024 19:09:58 INFO  valid result: 
recall@10 : 0.2283    recall@20 : 0.3471    mrr@10 : 0.4027    mrr@20 : 0.4107    ndcg@10 : 0.2456    ndcg@20 : 0.2758    hit@10 : 0.7635    hit@20 : 0.8791    precision@10 : 0.1674    precision@20 : 0.1366
Sun 07 Jul 2024 19:10:02 INFO  epoch 90 training [time: 3.78s, train loss: 24.6078]
Sun 07 Jul 2024 19:10:02 INFO  epoch 90 evaluating [time: 0.13s, valid_score: 0.347900]
Sun 07 Jul 2024 19:10:02 INFO  valid result: 
recall@10 : 0.2284    recall@20 : 0.3479    mrr@10 : 0.4052    mrr@20 : 0.4131    ndcg@10 : 0.2463    ndcg@20 : 0.2769    hit@10 : 0.7656    hit@20 : 0.8802    precision@10 : 0.1676    precision@20 : 0.1367
Sun 07 Jul 2024 19:10:06 INFO  epoch 91 training [time: 3.76s, train loss: 24.2877]
Sun 07 Jul 2024 19:10:06 INFO  epoch 91 evaluating [time: 0.11s, valid_score: 0.348400]
Sun 07 Jul 2024 19:10:06 INFO  valid result: 
recall@10 : 0.2272    recall@20 : 0.3484    mrr@10 : 0.4078    mrr@20 : 0.4158    ndcg@10 : 0.246    ndcg@20 : 0.2772    hit@10 : 0.7635    hit@20 : 0.878    precision@10 : 0.1669    precision@20 : 0.1365
Sun 07 Jul 2024 19:10:10 INFO  epoch 92 training [time: 3.88s, train loss: 24.0458]
Sun 07 Jul 2024 19:10:10 INFO  epoch 92 evaluating [time: 0.13s, valid_score: 0.347300]
Sun 07 Jul 2024 19:10:10 INFO  valid result: 
recall@10 : 0.2274    recall@20 : 0.3473    mrr@10 : 0.4068    mrr@20 : 0.4151    ndcg@10 : 0.2463    ndcg@20 : 0.2771    hit@10 : 0.7614    hit@20 : 0.8791    precision@10 : 0.1669    precision@20 : 0.1364
Sun 07 Jul 2024 19:10:14 INFO  epoch 93 training [time: 4.22s, train loss: 23.8318]
Sun 07 Jul 2024 19:10:14 INFO  epoch 93 evaluating [time: 0.11s, valid_score: 0.347900]
Sun 07 Jul 2024 19:10:14 INFO  valid result: 
recall@10 : 0.2272    recall@20 : 0.3479    mrr@10 : 0.4054    mrr@20 : 0.414    ndcg@10 : 0.2455    ndcg@20 : 0.277    hit@10 : 0.7572    hit@20 : 0.8812    precision@10 : 0.1664    precision@20 : 0.1366
Sun 07 Jul 2024 19:10:19 INFO  epoch 94 training [time: 4.27s, train loss: 23.3884]
Sun 07 Jul 2024 19:10:19 INFO  epoch 94 evaluating [time: 0.17s, valid_score: 0.346900]
Sun 07 Jul 2024 19:10:19 INFO  valid result: 
recall@10 : 0.2256    recall@20 : 0.3469    mrr@10 : 0.4033    mrr@20 : 0.4121    ndcg@10 : 0.2443    ndcg@20 : 0.2766    hit@10 : 0.755    hit@20 : 0.8791    precision@10 : 0.1654    precision@20 : 0.1369
Sun 07 Jul 2024 19:10:24 INFO  epoch 95 training [time: 5.37s, train loss: 23.3697]
Sun 07 Jul 2024 19:10:24 INFO  epoch 95 evaluating [time: 0.14s, valid_score: 0.347000]
Sun 07 Jul 2024 19:10:24 INFO  valid result: 
recall@10 : 0.2258    recall@20 : 0.347    mrr@10 : 0.4055    mrr@20 : 0.4144    ndcg@10 : 0.2445    ndcg@20 : 0.2762    hit@10 : 0.754    hit@20 : 0.8791    precision@10 : 0.1655    precision@20 : 0.1362
Sun 07 Jul 2024 19:10:24 INFO  Finished training, best eval result in epoch 84
Sun 07 Jul 2024 19:10:24 INFO  Loading model structure and parameters from saved/LightGCN-Jul-07-2024_19-04-13.pth
Sun 07 Jul 2024 19:10:26 INFO  The running environment of this training is as follows:
+-------------+----------------+
| Environment |     Usage      |
+=============+================+
| CPU         |    20.10 %     |
+-------------+----------------+
| GPU         |   0.0 / 0.0    |
+-------------+----------------+
| Memory      | 0.67 G/15.47 G |
+-------------+----------------+
Sun 07 Jul 2024 19:10:26 INFO  best valid : OrderedDict([('recall@10', 0.2267), ('recall@20', 0.3501), ('mrr@10', 0.4047), ('mrr@20', 0.4127), ('ndcg@10', 0.2449), ('ndcg@20', 0.2768), ('hit@10', 0.7699), ('hit@20', 0.8865), ('precision@10', 0.1665), ('precision@20', 0.1364)])
Sun 07 Jul 2024 19:10:26 INFO  test result: OrderedDict([('recall@10', 0.2594), ('recall@20', 0.3848), ('mrr@10', 0.5031), ('mrr@20', 0.5098), ('ndcg@10', 0.3048), ('ndcg@20', 0.3258), ('hit@10', 0.8059), ('hit@20', 0.9003), ('precision@10', 0.2066), ('precision@20', 0.1576)])
