Wed 10 Jul 2024 19:06:29 INFO  ['run_recbole.py', '--model=LightGCN', '--dataset=lastfm']
Wed 10 Jul 2024 19:06:29 INFO  
General Hyper Parameters:
gpu_id = 0
use_gpu = True
seed = 2020
state = INFO
reproducibility = True
data_path = dataset/lastfm
checkpoint_dir = saved
show_progress = True
save_dataset = False
dataset_save_path = None
save_dataloaders = False
dataloaders_save_path = None
log_wandb = False

Training Hyper Parameters:
epochs = 500
train_batch_size = 4096
learner = adam
learning_rate = 0.0001
train_neg_sample_args = {'distribution': 'uniform', 'sample_num': 5, 'alpha': 1.0, 'dynamic': False, 'candidate_num': 0}
eval_step = 1
stopping_step = 10
clip_grad_norm = None
weight_decay = 0.0
loss_decimal_place = 4

Evaluation Hyper Parameters:
eval_args = {'split': {'RS': [0.8, 0.1, 0.1]}, 'group_by': 'user', 'order': 'RO', 'mode': 'full'}
repeatable = False
metrics = ['Recall', 'NDCG', 'MRR', 'Hit', 'Precision']
topk = [10, 20]
valid_metric = Recall@20
valid_metric_bigger = True
eval_batch_size = 4096
metric_decimal_place = 3

Dataset Hyper Parameters:
field_separator = 	
seq_separator =  
USER_ID_FIELD = user_id
ITEM_ID_FIELD = artist_id
RATING_FIELD = rating
TIME_FIELD = timestamp
seq_len = None
LABEL_FIELD = label
threshold = None
NEG_PREFIX = neg_
load_col = {'inter': ['user_id', 'artist_id']}
unload_col = None
unused_col = None
additional_feat_suffix = None
rm_dup_inter = None
val_interval = None
filter_inter_by_user_or_item = True
user_inter_num_interval = None
item_inter_num_interval = None
alias_of_user_id = None
alias_of_item_id = None
alias_of_entity_id = None
alias_of_relation_id = None
preload_weight = None
normalize_field = None
normalize_all = True
ITEM_LIST_LENGTH_FIELD = item_length
LIST_SUFFIX = _list
MAX_ITEM_LIST_LENGTH = 50
POSITION_FIELD = position_id
HEAD_ENTITY_ID_FIELD = head_id
TAIL_ENTITY_ID_FIELD = tail_id
RELATION_ID_FIELD = relation_id
ENTITY_ID_FIELD = entity_id
kg_reverse_r = False
entity_kg_num_interval = None
relation_kg_num_interval = None
benchmark_filename = None

Other Hyper Parameters: 
worker = 0
wandb_project = recbole
shuffle = True
plot_learning_curve = False
require_pow = False
enable_amp = False
enable_scaler = True
transform = None
train_after_converge = True
positive_sampling = True
model_name_custom = -
data_augmentation = False
Q = 8
K = 3
P = 20
embedding_size = 64
n_layers = 3
reg_weight = 0.001
numerical_features = []
discretization = None
MODEL_TYPE = ModelType.GENERAL
MODEL_INPUT_TYPE = InputType.PAIRWISE
eval_type = EvaluatorType.RANKING
single_spec = True
local_rank = 0
device = cuda
eval_neg_sample_args = {'distribution': 'uniform', 'sample_num': 'none'}


Wed 10 Jul 2024 19:06:30 INFO  lastfm
The number of users: 1893
Average actions of users: 49.06659619450317
The number of items: 17633
Average actions of items: 5.265086206896552
The number of inters: 92834
The sparsity of the dataset: 99.72188126708227%
Remain Fields: ['user_id', 'artist_id']
Wed 10 Jul 2024 19:06:30 INFO  [Training]: train_batch_size = [4096] train_neg_sample_args: [{'distribution': 'uniform', 'sample_num': 5, 'alpha': 1.0, 'dynamic': False, 'candidate_num': 0}]
Wed 10 Jul 2024 19:06:30 INFO  [Evaluation]: eval_batch_size = [4096] eval_args: [{'split': {'RS': [0.8, 0.1, 0.1]}, 'group_by': 'user', 'order': 'RO', 'mode': 'full'}]
Wed 10 Jul 2024 19:06:31 INFO  LightGCN(
  (user_embedding): Embedding(1893, 64)
  (item_embedding): Embedding(17633, 64)
  (mf_loss): BPRLoss()
  (reg_loss): EmbLoss()
)
Trainable parameters: 1249664
Wed 10 Jul 2024 19:06:31 INFO  FLOPs: 0.0
Wed 10 Jul 2024 19:06:33 INFO  epoch 0 training [time: 1.07s, train loss: 63.0364]
Wed 10 Jul 2024 19:06:36 INFO  epoch 0 evaluating [time: 2.42s, valid_score: 0.126000]
Wed 10 Jul 2024 19:06:36 INFO  valid result: 
recall@10 : 0.089    recall@20 : 0.126    ndcg@10 : 0.081    ndcg@20 : 0.097    mrr@10 : 0.148    mrr@20 : 0.154    hit@10 : 0.301    hit@20 : 0.396    precision@10 : 0.043    precision@20 : 0.031
Wed 10 Jul 2024 19:06:36 INFO  Saving current: saved/LightGCN-Jul-10-2024_19-06-31.pth
Wed 10 Jul 2024 19:06:36 INFO  epoch 1 training [time: 0.81s, train loss: 62.7760]
Wed 10 Jul 2024 19:06:39 INFO  epoch 1 evaluating [time: 2.14s, valid_score: 0.115000]
Wed 10 Jul 2024 19:06:39 INFO  valid result: 
recall@10 : 0.083    recall@20 : 0.115    ndcg@10 : 0.077    ndcg@20 : 0.091    mrr@10 : 0.145    mrr@20 : 0.151    hit@10 : 0.293    hit@20 : 0.373    precision@10 : 0.041    precision@20 : 0.028
Wed 10 Jul 2024 19:06:39 INFO  epoch 2 training [time: 0.80s, train loss: 61.7536]
Wed 10 Jul 2024 19:06:41 INFO  epoch 2 evaluating [time: 2.15s, valid_score: 0.113000]
Wed 10 Jul 2024 19:06:41 INFO  valid result: 
recall@10 : 0.08    recall@20 : 0.113    ndcg@10 : 0.076    ndcg@20 : 0.089    mrr@10 : 0.144    mrr@20 : 0.15    hit@10 : 0.288    hit@20 : 0.374    precision@10 : 0.039    precision@20 : 0.028
Wed 10 Jul 2024 19:06:42 INFO  epoch 3 training [time: 0.80s, train loss: 59.7680]
Wed 10 Jul 2024 19:06:44 INFO  epoch 3 evaluating [time: 2.16s, valid_score: 0.113000]
Wed 10 Jul 2024 19:06:44 INFO  valid result: 
recall@10 : 0.08    recall@20 : 0.113    ndcg@10 : 0.076    ndcg@20 : 0.09    mrr@10 : 0.146    mrr@20 : 0.152    hit@10 : 0.293    hit@20 : 0.377    precision@10 : 0.039    precision@20 : 0.028
Wed 10 Jul 2024 19:06:45 INFO  epoch 4 training [time: 0.81s, train loss: 57.0422]
Wed 10 Jul 2024 19:06:47 INFO  epoch 4 evaluating [time: 2.15s, valid_score: 0.114000]
Wed 10 Jul 2024 19:06:47 INFO  valid result: 
recall@10 : 0.08    recall@20 : 0.114    ndcg@10 : 0.075    ndcg@20 : 0.089    mrr@10 : 0.147    mrr@20 : 0.153    hit@10 : 0.294    hit@20 : 0.382    precision@10 : 0.039    precision@20 : 0.028
Wed 10 Jul 2024 19:06:48 INFO  epoch 5 training [time: 0.84s, train loss: 53.8932]
Wed 10 Jul 2024 19:06:50 INFO  epoch 5 evaluating [time: 2.16s, valid_score: 0.114000]
Wed 10 Jul 2024 19:06:50 INFO  valid result: 
recall@10 : 0.081    recall@20 : 0.114    ndcg@10 : 0.076    ndcg@20 : 0.09    mrr@10 : 0.148    mrr@20 : 0.154    hit@10 : 0.296    hit@20 : 0.386    precision@10 : 0.039    precision@20 : 0.028
Wed 10 Jul 2024 19:06:51 INFO  epoch 6 training [time: 0.84s, train loss: 50.6131]
Wed 10 Jul 2024 19:06:53 INFO  epoch 6 evaluating [time: 2.16s, valid_score: 0.114000]
Wed 10 Jul 2024 19:06:53 INFO  valid result: 
recall@10 : 0.08    recall@20 : 0.114    ndcg@10 : 0.075    ndcg@20 : 0.09    mrr@10 : 0.148    mrr@20 : 0.154    hit@10 : 0.295    hit@20 : 0.387    precision@10 : 0.039    precision@20 : 0.028
Wed 10 Jul 2024 19:06:54 INFO  epoch 7 training [time: 0.63s, train loss: 47.4005]
Wed 10 Jul 2024 19:06:56 INFO  epoch 7 evaluating [time: 2.16s, valid_score: 0.114000]
Wed 10 Jul 2024 19:06:56 INFO  valid result: 
recall@10 : 0.08    recall@20 : 0.114    ndcg@10 : 0.076    ndcg@20 : 0.09    mrr@10 : 0.149    mrr@20 : 0.155    hit@10 : 0.296    hit@20 : 0.389    precision@10 : 0.039    precision@20 : 0.028
Wed 10 Jul 2024 19:06:57 INFO  epoch 8 training [time: 0.62s, train loss: 44.4031]
Wed 10 Jul 2024 19:06:59 INFO  epoch 8 evaluating [time: 2.16s, valid_score: 0.115000]
Wed 10 Jul 2024 19:06:59 INFO  valid result: 
recall@10 : 0.08    recall@20 : 0.115    ndcg@10 : 0.076    ndcg@20 : 0.091    mrr@10 : 0.149    mrr@20 : 0.155    hit@10 : 0.296    hit@20 : 0.391    precision@10 : 0.039    precision@20 : 0.028
Wed 10 Jul 2024 19:07:00 INFO  epoch 9 training [time: 0.64s, train loss: 41.6741]
Wed 10 Jul 2024 19:07:02 INFO  epoch 9 evaluating [time: 2.14s, valid_score: 0.116000]
Wed 10 Jul 2024 19:07:02 INFO  valid result: 
recall@10 : 0.08    recall@20 : 0.116    ndcg@10 : 0.076    ndcg@20 : 0.091    mrr@10 : 0.149    mrr@20 : 0.156    hit@10 : 0.296    hit@20 : 0.394    precision@10 : 0.039    precision@20 : 0.028
Wed 10 Jul 2024 19:07:02 INFO  epoch 10 training [time: 0.63s, train loss: 39.2199]
Wed 10 Jul 2024 19:07:05 INFO  epoch 10 evaluating [time: 2.19s, valid_score: 0.117000]
Wed 10 Jul 2024 19:07:05 INFO  valid result: 
recall@10 : 0.08    recall@20 : 0.117    ndcg@10 : 0.076    ndcg@20 : 0.091    mrr@10 : 0.15    mrr@20 : 0.156    hit@10 : 0.296    hit@20 : 0.397    precision@10 : 0.039    precision@20 : 0.029
Wed 10 Jul 2024 19:07:05 INFO  epoch 11 training [time: 0.64s, train loss: 37.1672]
Wed 10 Jul 2024 19:07:07 INFO  epoch 11 evaluating [time: 2.16s, valid_score: 0.117000]
Wed 10 Jul 2024 19:07:07 INFO  valid result: 
recall@10 : 0.08    recall@20 : 0.117    ndcg@10 : 0.076    ndcg@20 : 0.092    mrr@10 : 0.151    mrr@20 : 0.158    hit@10 : 0.297    hit@20 : 0.398    precision@10 : 0.039    precision@20 : 0.029
Wed 10 Jul 2024 19:07:07 INFO  Finished training, best eval result in epoch 0
Wed 10 Jul 2024 19:07:29 INFO  epoch 12 training [time: 0.81s, train loss: 37.0512]
Wed 10 Jul 2024 19:07:31 INFO  epoch 12 evaluating [time: 2.24s, valid_score: 0.117000]
Wed 10 Jul 2024 19:07:31 INFO  valid result: 
recall@10 : 0.08    recall@20 : 0.117    ndcg@10 : 0.076    ndcg@20 : 0.092    mrr@10 : 0.151    mrr@20 : 0.158    hit@10 : 0.297    hit@20 : 0.397    precision@10 : 0.039    precision@20 : 0.029
Wed 10 Jul 2024 19:07:32 INFO  epoch 13 training [time: 0.79s, train loss: 34.7735]
Wed 10 Jul 2024 19:07:34 INFO  epoch 13 evaluating [time: 2.28s, valid_score: 0.116000]
Wed 10 Jul 2024 19:07:34 INFO  valid result: 
recall@10 : 0.08    recall@20 : 0.116    ndcg@10 : 0.076    ndcg@20 : 0.091    mrr@10 : 0.151    mrr@20 : 0.157    hit@10 : 0.297    hit@20 : 0.396    precision@10 : 0.039    precision@20 : 0.029
Wed 10 Jul 2024 19:07:35 INFO  epoch 14 training [time: 0.81s, train loss: 32.9405]
Wed 10 Jul 2024 19:07:37 INFO  epoch 14 evaluating [time: 2.18s, valid_score: 0.116000]
Wed 10 Jul 2024 19:07:37 INFO  valid result: 
recall@10 : 0.08    recall@20 : 0.116    ndcg@10 : 0.076    ndcg@20 : 0.091    mrr@10 : 0.151    mrr@20 : 0.158    hit@10 : 0.298    hit@20 : 0.396    precision@10 : 0.039    precision@20 : 0.029
Wed 10 Jul 2024 19:07:38 INFO  epoch 15 training [time: 0.75s, train loss: 31.4434]
Wed 10 Jul 2024 19:07:40 INFO  epoch 15 evaluating [time: 2.16s, valid_score: 0.117000]
Wed 10 Jul 2024 19:07:40 INFO  valid result: 
recall@10 : 0.08    recall@20 : 0.117    ndcg@10 : 0.076    ndcg@20 : 0.092    mrr@10 : 0.151    mrr@20 : 0.157    hit@10 : 0.298    hit@20 : 0.398    precision@10 : 0.039    precision@20 : 0.029
Wed 10 Jul 2024 19:07:41 INFO  epoch 16 training [time: 0.75s, train loss: 30.2101]
Wed 10 Jul 2024 19:07:43 INFO  epoch 16 evaluating [time: 2.27s, valid_score: 0.117000]
Wed 10 Jul 2024 19:07:43 INFO  valid result: 
recall@10 : 0.08    recall@20 : 0.117    ndcg@10 : 0.076    ndcg@20 : 0.092    mrr@10 : 0.151    mrr@20 : 0.158    hit@10 : 0.298    hit@20 : 0.399    precision@10 : 0.039    precision@20 : 0.029
Wed 10 Jul 2024 19:07:44 INFO  epoch 17 training [time: 0.87s, train loss: 29.1300]
Wed 10 Jul 2024 19:07:46 INFO  epoch 17 evaluating [time: 2.19s, valid_score: 0.118000]
Wed 10 Jul 2024 19:07:46 INFO  valid result: 
recall@10 : 0.08    recall@20 : 0.118    ndcg@10 : 0.076    ndcg@20 : 0.092    mrr@10 : 0.151    mrr@20 : 0.158    hit@10 : 0.299    hit@20 : 0.403    precision@10 : 0.039    precision@20 : 0.029
Wed 10 Jul 2024 19:07:47 INFO  epoch 18 training [time: 0.88s, train loss: 28.1456]
Wed 10 Jul 2024 19:07:49 INFO  epoch 18 evaluating [time: 2.16s, valid_score: 0.119000]
Wed 10 Jul 2024 19:07:49 INFO  valid result: 
recall@10 : 0.08    recall@20 : 0.119    ndcg@10 : 0.076    ndcg@20 : 0.093    mrr@10 : 0.152    mrr@20 : 0.159    hit@10 : 0.298    hit@20 : 0.407    precision@10 : 0.039    precision@20 : 0.029
Wed 10 Jul 2024 19:07:50 INFO  epoch 19 training [time: 0.90s, train loss: 27.2893]
Wed 10 Jul 2024 19:07:52 INFO  epoch 19 evaluating [time: 2.18s, valid_score: 0.120000]
Wed 10 Jul 2024 19:07:52 INFO  valid result: 
recall@10 : 0.08    recall@20 : 0.12    ndcg@10 : 0.077    ndcg@20 : 0.093    mrr@10 : 0.153    mrr@20 : 0.16    hit@10 : 0.299    hit@20 : 0.408    precision@10 : 0.039    precision@20 : 0.029
Wed 10 Jul 2024 19:07:53 INFO  epoch 20 training [time: 0.95s, train loss: 26.6302]
Wed 10 Jul 2024 19:07:55 INFO  epoch 20 evaluating [time: 2.16s, valid_score: 0.120000]
Wed 10 Jul 2024 19:07:55 INFO  valid result: 
recall@10 : 0.081    recall@20 : 0.12    ndcg@10 : 0.077    ndcg@20 : 0.094    mrr@10 : 0.154    mrr@20 : 0.161    hit@10 : 0.301    hit@20 : 0.409    precision@10 : 0.04    precision@20 : 0.03
Wed 10 Jul 2024 19:07:56 INFO  epoch 21 training [time: 1.02s, train loss: 26.0462]
Wed 10 Jul 2024 19:07:59 INFO  epoch 21 evaluating [time: 2.21s, valid_score: 0.121000]
Wed 10 Jul 2024 19:07:59 INFO  valid result: 
recall@10 : 0.081    recall@20 : 0.121    ndcg@10 : 0.078    ndcg@20 : 0.094    mrr@10 : 0.155    mrr@20 : 0.162    hit@10 : 0.302    hit@20 : 0.409    precision@10 : 0.04    precision@20 : 0.03
Wed 10 Jul 2024 19:08:00 INFO  epoch 22 training [time: 1.04s, train loss: 25.4488]
Wed 10 Jul 2024 19:08:02 INFO  epoch 22 evaluating [time: 2.19s, valid_score: 0.121000]
Wed 10 Jul 2024 19:08:02 INFO  valid result: 
recall@10 : 0.082    recall@20 : 0.121    ndcg@10 : 0.078    ndcg@20 : 0.095    mrr@10 : 0.156    mrr@20 : 0.163    hit@10 : 0.304    hit@20 : 0.411    precision@10 : 0.04    precision@20 : 0.03
Wed 10 Jul 2024 19:08:03 INFO  epoch 23 training [time: 1.04s, train loss: 24.9352]
Wed 10 Jul 2024 19:08:05 INFO  epoch 23 evaluating [time: 2.15s, valid_score: 0.121000]
Wed 10 Jul 2024 19:08:05 INFO  valid result: 
recall@10 : 0.082    recall@20 : 0.121    ndcg@10 : 0.079    ndcg@20 : 0.095    mrr@10 : 0.157    mrr@20 : 0.164    hit@10 : 0.306    hit@20 : 0.411    precision@10 : 0.04    precision@20 : 0.03
Wed 10 Jul 2024 19:08:06 INFO  epoch 24 training [time: 1.01s, train loss: 24.4944]
Wed 10 Jul 2024 19:08:08 INFO  epoch 24 evaluating [time: 2.16s, valid_score: 0.122000]
Wed 10 Jul 2024 19:08:08 INFO  valid result: 
recall@10 : 0.083    recall@20 : 0.122    ndcg@10 : 0.079    ndcg@20 : 0.096    mrr@10 : 0.158    mrr@20 : 0.165    hit@10 : 0.307    hit@20 : 0.412    precision@10 : 0.04    precision@20 : 0.03
Wed 10 Jul 2024 19:08:09 INFO  epoch 25 training [time: 1.03s, train loss: 24.0638]
Wed 10 Jul 2024 19:08:11 INFO  epoch 25 evaluating [time: 2.20s, valid_score: 0.123000]
Wed 10 Jul 2024 19:08:11 INFO  valid result: 
recall@10 : 0.083    recall@20 : 0.123    ndcg@10 : 0.079    ndcg@20 : 0.096    mrr@10 : 0.158    mrr@20 : 0.165    hit@10 : 0.308    hit@20 : 0.415    precision@10 : 0.041    precision@20 : 0.03
Wed 10 Jul 2024 19:08:12 INFO  epoch 26 training [time: 0.93s, train loss: 23.7139]
Wed 10 Jul 2024 19:08:15 INFO  epoch 26 evaluating [time: 2.16s, valid_score: 0.123000]
Wed 10 Jul 2024 19:08:15 INFO  valid result: 
recall@10 : 0.083    recall@20 : 0.123    ndcg@10 : 0.079    ndcg@20 : 0.096    mrr@10 : 0.158    mrr@20 : 0.165    hit@10 : 0.31    hit@20 : 0.415    precision@10 : 0.041    precision@20 : 0.03
Wed 10 Jul 2024 19:08:15 INFO  epoch 27 training [time: 0.78s, train loss: 23.3465]
Wed 10 Jul 2024 19:08:18 INFO  epoch 27 evaluating [time: 2.18s, valid_score: 0.123000]
Wed 10 Jul 2024 19:08:18 INFO  valid result: 
recall@10 : 0.084    recall@20 : 0.123    ndcg@10 : 0.08    ndcg@20 : 0.096    mrr@10 : 0.159    mrr@20 : 0.166    hit@10 : 0.311    hit@20 : 0.416    precision@10 : 0.041    precision@20 : 0.03
Wed 10 Jul 2024 19:08:18 INFO  epoch 28 training [time: 0.77s, train loss: 23.0519]
Wed 10 Jul 2024 19:08:20 INFO  epoch 28 evaluating [time: 2.16s, valid_score: 0.124000]
Wed 10 Jul 2024 19:08:20 INFO  valid result: 
recall@10 : 0.084    recall@20 : 0.124    ndcg@10 : 0.08    ndcg@20 : 0.097    mrr@10 : 0.16    mrr@20 : 0.167    hit@10 : 0.312    hit@20 : 0.421    precision@10 : 0.041    precision@20 : 0.03
Wed 10 Jul 2024 19:08:21 INFO  epoch 29 training [time: 0.82s, train loss: 22.8305]
Wed 10 Jul 2024 19:08:23 INFO  epoch 29 evaluating [time: 2.17s, valid_score: 0.124000]
Wed 10 Jul 2024 19:08:23 INFO  valid result: 
recall@10 : 0.084    recall@20 : 0.124    ndcg@10 : 0.08    ndcg@20 : 0.097    mrr@10 : 0.16    mrr@20 : 0.167    hit@10 : 0.312    hit@20 : 0.42    precision@10 : 0.041    precision@20 : 0.031
Wed 10 Jul 2024 19:08:24 INFO  epoch 30 training [time: 0.78s, train loss: 22.5158]
Wed 10 Jul 2024 19:08:26 INFO  epoch 30 evaluating [time: 2.25s, valid_score: 0.125000]
Wed 10 Jul 2024 19:08:26 INFO  valid result: 
recall@10 : 0.084    recall@20 : 0.125    ndcg@10 : 0.081    ndcg@20 : 0.098    mrr@10 : 0.161    mrr@20 : 0.168    hit@10 : 0.313    hit@20 : 0.421    precision@10 : 0.041    precision@20 : 0.031
Wed 10 Jul 2024 19:08:27 INFO  epoch 31 training [time: 0.79s, train loss: 22.2278]
Wed 10 Jul 2024 19:08:30 INFO  epoch 31 evaluating [time: 2.27s, valid_score: 0.125000]
Wed 10 Jul 2024 19:08:30 INFO  valid result: 
recall@10 : 0.084    recall@20 : 0.125    ndcg@10 : 0.081    ndcg@20 : 0.098    mrr@10 : 0.162    mrr@20 : 0.169    hit@10 : 0.314    hit@20 : 0.422    precision@10 : 0.041    precision@20 : 0.031
Wed 10 Jul 2024 19:08:30 INFO  epoch 32 training [time: 0.81s, train loss: 21.8531]
Wed 10 Jul 2024 19:08:33 INFO  epoch 32 evaluating [time: 2.25s, valid_score: 0.125000]
Wed 10 Jul 2024 19:08:33 INFO  valid result: 
recall@10 : 0.085    recall@20 : 0.125    ndcg@10 : 0.081    ndcg@20 : 0.098    mrr@10 : 0.162    mrr@20 : 0.17    hit@10 : 0.316    hit@20 : 0.423    precision@10 : 0.042    precision@20 : 0.031
Wed 10 Jul 2024 19:08:33 INFO  epoch 33 training [time: 0.83s, train loss: 21.7764]
Wed 10 Jul 2024 19:08:36 INFO  epoch 33 evaluating [time: 2.16s, valid_score: 0.126000]
Wed 10 Jul 2024 19:08:36 INFO  valid result: 
recall@10 : 0.085    recall@20 : 0.126    ndcg@10 : 0.082    ndcg@20 : 0.099    mrr@10 : 0.163    mrr@20 : 0.17    hit@10 : 0.316    hit@20 : 0.422    precision@10 : 0.042    precision@20 : 0.031
Wed 10 Jul 2024 19:08:36 INFO  Saving current: saved/LightGCN-Jul-10-2024_19-06-31.pth
Wed 10 Jul 2024 19:08:36 INFO  epoch 34 training [time: 0.81s, train loss: 21.5410]
Wed 10 Jul 2024 19:08:39 INFO  epoch 34 evaluating [time: 2.15s, valid_score: 0.126000]
Wed 10 Jul 2024 19:08:39 INFO  valid result: 
recall@10 : 0.086    recall@20 : 0.126    ndcg@10 : 0.082    ndcg@20 : 0.099    mrr@10 : 0.163    mrr@20 : 0.17    hit@10 : 0.318    hit@20 : 0.422    precision@10 : 0.042    precision@20 : 0.031
Wed 10 Jul 2024 19:08:39 INFO  Saving current: saved/LightGCN-Jul-10-2024_19-06-31.pth
Wed 10 Jul 2024 19:08:39 INFO  epoch 35 training [time: 0.78s, train loss: 21.2907]
Wed 10 Jul 2024 19:08:42 INFO  epoch 35 evaluating [time: 2.16s, valid_score: 0.127000]
Wed 10 Jul 2024 19:08:42 INFO  valid result: 
recall@10 : 0.086    recall@20 : 0.127    ndcg@10 : 0.082    ndcg@20 : 0.099    mrr@10 : 0.163    mrr@20 : 0.17    hit@10 : 0.318    hit@20 : 0.423    precision@10 : 0.042    precision@20 : 0.031
Wed 10 Jul 2024 19:08:42 INFO  Saving current: saved/LightGCN-Jul-10-2024_19-06-31.pth
Wed 10 Jul 2024 19:08:42 INFO  epoch 36 training [time: 0.81s, train loss: 21.0508]
Wed 10 Jul 2024 19:08:45 INFO  epoch 36 evaluating [time: 2.16s, valid_score: 0.127000]
Wed 10 Jul 2024 19:08:45 INFO  valid result: 
recall@10 : 0.086    recall@20 : 0.127    ndcg@10 : 0.082    ndcg@20 : 0.1    mrr@10 : 0.164    mrr@20 : 0.171    hit@10 : 0.319    hit@20 : 0.423    precision@10 : 0.042    precision@20 : 0.031
Wed 10 Jul 2024 19:08:45 INFO  Saving current: saved/LightGCN-Jul-10-2024_19-06-31.pth
Wed 10 Jul 2024 19:08:45 INFO  epoch 37 training [time: 0.80s, train loss: 20.8827]
Wed 10 Jul 2024 19:08:48 INFO  epoch 37 evaluating [time: 2.16s, valid_score: 0.127000]
Wed 10 Jul 2024 19:08:48 INFO  valid result: 
recall@10 : 0.086    recall@20 : 0.127    ndcg@10 : 0.083    ndcg@20 : 0.1    mrr@10 : 0.164    mrr@20 : 0.171    hit@10 : 0.319    hit@20 : 0.425    precision@10 : 0.042    precision@20 : 0.031
Wed 10 Jul 2024 19:08:48 INFO  Saving current: saved/LightGCN-Jul-10-2024_19-06-31.pth
Wed 10 Jul 2024 19:08:48 INFO  epoch 38 training [time: 0.79s, train loss: 20.6594]
Wed 10 Jul 2024 19:08:51 INFO  epoch 38 evaluating [time: 2.19s, valid_score: 0.128000]
Wed 10 Jul 2024 19:08:51 INFO  valid result: 
recall@10 : 0.086    recall@20 : 0.128    ndcg@10 : 0.083    ndcg@20 : 0.101    mrr@10 : 0.166    mrr@20 : 0.173    hit@10 : 0.32    hit@20 : 0.428    precision@10 : 0.042    precision@20 : 0.031
Wed 10 Jul 2024 19:08:51 INFO  Saving current: saved/LightGCN-Jul-10-2024_19-06-31.pth
Wed 10 Jul 2024 19:08:52 INFO  epoch 39 training [time: 0.80s, train loss: 20.4691]
Wed 10 Jul 2024 19:08:54 INFO  epoch 39 evaluating [time: 2.18s, valid_score: 0.129000]
Wed 10 Jul 2024 19:08:54 INFO  valid result: 
recall@10 : 0.087    recall@20 : 0.129    ndcg@10 : 0.084    ndcg@20 : 0.101    mrr@10 : 0.166    mrr@20 : 0.174    hit@10 : 0.321    hit@20 : 0.429    precision@10 : 0.043    precision@20 : 0.032
Wed 10 Jul 2024 19:08:54 INFO  Saving current: saved/LightGCN-Jul-10-2024_19-06-31.pth
Wed 10 Jul 2024 19:08:55 INFO  epoch 40 training [time: 0.78s, train loss: 20.3084]
Wed 10 Jul 2024 19:08:57 INFO  epoch 40 evaluating [time: 2.17s, valid_score: 0.129000]
Wed 10 Jul 2024 19:08:57 INFO  valid result: 
recall@10 : 0.087    recall@20 : 0.129    ndcg@10 : 0.084    ndcg@20 : 0.102    mrr@10 : 0.167    mrr@20 : 0.175    hit@10 : 0.322    hit@20 : 0.43    precision@10 : 0.043    precision@20 : 0.032
Wed 10 Jul 2024 19:08:57 INFO  Saving current: saved/LightGCN-Jul-10-2024_19-06-31.pth
Wed 10 Jul 2024 19:08:58 INFO  epoch 41 training [time: 0.84s, train loss: 20.0954]
Wed 10 Jul 2024 19:09:00 INFO  epoch 41 evaluating [time: 2.18s, valid_score: 0.130000]
Wed 10 Jul 2024 19:09:00 INFO  valid result: 
recall@10 : 0.088    recall@20 : 0.13    ndcg@10 : 0.084    ndcg@20 : 0.102    mrr@10 : 0.168    mrr@20 : 0.175    hit@10 : 0.322    hit@20 : 0.431    precision@10 : 0.043    precision@20 : 0.032
Wed 10 Jul 2024 19:09:00 INFO  Saving current: saved/LightGCN-Jul-10-2024_19-06-31.pth
Wed 10 Jul 2024 19:09:01 INFO  epoch 42 training [time: 0.88s, train loss: 19.9922]
Wed 10 Jul 2024 19:09:03 INFO  epoch 42 evaluating [time: 2.20s, valid_score: 0.130000]
Wed 10 Jul 2024 19:09:03 INFO  valid result: 
recall@10 : 0.088    recall@20 : 0.13    ndcg@10 : 0.085    ndcg@20 : 0.103    mrr@10 : 0.17    mrr@20 : 0.177    hit@10 : 0.325    hit@20 : 0.432    precision@10 : 0.043    precision@20 : 0.032
Wed 10 Jul 2024 19:09:03 INFO  Saving current: saved/LightGCN-Jul-10-2024_19-06-31.pth
Wed 10 Jul 2024 19:09:04 INFO  epoch 43 training [time: 0.87s, train loss: 19.7944]
Wed 10 Jul 2024 19:09:06 INFO  epoch 43 evaluating [time: 2.18s, valid_score: 0.130000]
Wed 10 Jul 2024 19:09:06 INFO  valid result: 
recall@10 : 0.089    recall@20 : 0.13    ndcg@10 : 0.086    ndcg@20 : 0.103    mrr@10 : 0.171    mrr@20 : 0.178    hit@10 : 0.327    hit@20 : 0.432    precision@10 : 0.044    precision@20 : 0.032
Wed 10 Jul 2024 19:09:06 INFO  Saving current: saved/LightGCN-Jul-10-2024_19-06-31.pth
Wed 10 Jul 2024 19:09:07 INFO  epoch 44 training [time: 0.85s, train loss: 19.5890]
Wed 10 Jul 2024 19:09:09 INFO  epoch 44 evaluating [time: 2.20s, valid_score: 0.131000]
Wed 10 Jul 2024 19:09:09 INFO  valid result: 
recall@10 : 0.089    recall@20 : 0.131    ndcg@10 : 0.086    ndcg@20 : 0.104    mrr@10 : 0.171    mrr@20 : 0.178    hit@10 : 0.329    hit@20 : 0.433    precision@10 : 0.044    precision@20 : 0.032
Wed 10 Jul 2024 19:09:09 INFO  Saving current: saved/LightGCN-Jul-10-2024_19-06-31.pth
Wed 10 Jul 2024 19:09:10 INFO  epoch 45 training [time: 0.85s, train loss: 19.4432]
Wed 10 Jul 2024 19:09:12 INFO  epoch 45 evaluating [time: 2.19s, valid_score: 0.131000]
Wed 10 Jul 2024 19:09:12 INFO  valid result: 
recall@10 : 0.09    recall@20 : 0.131    ndcg@10 : 0.087    ndcg@20 : 0.104    mrr@10 : 0.172    mrr@20 : 0.179    hit@10 : 0.33    hit@20 : 0.433    precision@10 : 0.044    precision@20 : 0.032
Wed 10 Jul 2024 19:09:12 INFO  Saving current: saved/LightGCN-Jul-10-2024_19-06-31.pth
Wed 10 Jul 2024 19:09:13 INFO  epoch 46 training [time: 0.84s, train loss: 19.3120]
Wed 10 Jul 2024 19:09:15 INFO  epoch 46 evaluating [time: 2.18s, valid_score: 0.132000]
Wed 10 Jul 2024 19:09:15 INFO  valid result: 
recall@10 : 0.091    recall@20 : 0.132    ndcg@10 : 0.087    ndcg@20 : 0.105    mrr@10 : 0.173    mrr@20 : 0.18    hit@10 : 0.332    hit@20 : 0.436    precision@10 : 0.044    precision@20 : 0.032
Wed 10 Jul 2024 19:09:15 INFO  Saving current: saved/LightGCN-Jul-10-2024_19-06-31.pth
Wed 10 Jul 2024 19:09:16 INFO  epoch 47 training [time: 0.93s, train loss: 19.0933]
Wed 10 Jul 2024 19:09:18 INFO  epoch 47 evaluating [time: 2.23s, valid_score: 0.132000]
Wed 10 Jul 2024 19:09:18 INFO  valid result: 
recall@10 : 0.091    recall@20 : 0.132    ndcg@10 : 0.088    ndcg@20 : 0.105    mrr@10 : 0.173    mrr@20 : 0.18    hit@10 : 0.334    hit@20 : 0.437    precision@10 : 0.045    precision@20 : 0.032
Wed 10 Jul 2024 19:09:18 INFO  Saving current: saved/LightGCN-Jul-10-2024_19-06-31.pth
Wed 10 Jul 2024 19:09:19 INFO  epoch 48 training [time: 0.95s, train loss: 19.0518]
Wed 10 Jul 2024 19:09:22 INFO  epoch 48 evaluating [time: 2.23s, valid_score: 0.133000]
Wed 10 Jul 2024 19:09:22 INFO  valid result: 
recall@10 : 0.092    recall@20 : 0.133    ndcg@10 : 0.088    ndcg@20 : 0.106    mrr@10 : 0.173    mrr@20 : 0.18    hit@10 : 0.335    hit@20 : 0.438    precision@10 : 0.045    precision@20 : 0.033
Wed 10 Jul 2024 19:09:22 INFO  Saving current: saved/LightGCN-Jul-10-2024_19-06-31.pth
Wed 10 Jul 2024 19:09:23 INFO  epoch 49 training [time: 1.00s, train loss: 18.8369]
Wed 10 Jul 2024 19:09:25 INFO  epoch 49 evaluating [time: 2.23s, valid_score: 0.133000]
Wed 10 Jul 2024 19:09:25 INFO  valid result: 
recall@10 : 0.092    recall@20 : 0.133    ndcg@10 : 0.089    ndcg@20 : 0.106    mrr@10 : 0.174    mrr@20 : 0.181    hit@10 : 0.336    hit@20 : 0.438    precision@10 : 0.045    precision@20 : 0.033
Wed 10 Jul 2024 19:09:25 INFO  Saving current: saved/LightGCN-Jul-10-2024_19-06-31.pth
Wed 10 Jul 2024 19:09:26 INFO  epoch 50 training [time: 0.92s, train loss: 18.6965]
Wed 10 Jul 2024 19:09:28 INFO  epoch 50 evaluating [time: 2.26s, valid_score: 0.133000]
Wed 10 Jul 2024 19:09:28 INFO  valid result: 
recall@10 : 0.092    recall@20 : 0.133    ndcg@10 : 0.089    ndcg@20 : 0.106    mrr@10 : 0.174    mrr@20 : 0.181    hit@10 : 0.336    hit@20 : 0.439    precision@10 : 0.045    precision@20 : 0.033
Wed 10 Jul 2024 19:09:28 INFO  Saving current: saved/LightGCN-Jul-10-2024_19-06-31.pth
Wed 10 Jul 2024 19:09:29 INFO  epoch 51 training [time: 1.06s, train loss: 18.5498]
Wed 10 Jul 2024 19:09:31 INFO  epoch 51 evaluating [time: 2.23s, valid_score: 0.134000]
Wed 10 Jul 2024 19:09:31 INFO  valid result: 
recall@10 : 0.093    recall@20 : 0.134    ndcg@10 : 0.089    ndcg@20 : 0.106    mrr@10 : 0.174    mrr@20 : 0.181    hit@10 : 0.338    hit@20 : 0.439    precision@10 : 0.046    precision@20 : 0.033
Wed 10 Jul 2024 19:09:31 INFO  Saving current: saved/LightGCN-Jul-10-2024_19-06-31.pth
Wed 10 Jul 2024 19:09:33 INFO  epoch 52 training [time: 1.14s, train loss: 18.3897]
Wed 10 Jul 2024 19:09:35 INFO  epoch 52 evaluating [time: 2.27s, valid_score: 0.134000]
Wed 10 Jul 2024 19:09:35 INFO  valid result: 
recall@10 : 0.094    recall@20 : 0.134    ndcg@10 : 0.09    ndcg@20 : 0.107    mrr@10 : 0.174    mrr@20 : 0.181    hit@10 : 0.341    hit@20 : 0.44    precision@10 : 0.046    precision@20 : 0.033
Wed 10 Jul 2024 19:09:35 INFO  Saving current: saved/LightGCN-Jul-10-2024_19-06-31.pth
Wed 10 Jul 2024 19:09:36 INFO  epoch 53 training [time: 1.08s, train loss: 18.2870]
Wed 10 Jul 2024 19:09:38 INFO  epoch 53 evaluating [time: 2.22s, valid_score: 0.135000]
Wed 10 Jul 2024 19:09:38 INFO  valid result: 
recall@10 : 0.095    recall@20 : 0.135    ndcg@10 : 0.09    ndcg@20 : 0.107    mrr@10 : 0.175    mrr@20 : 0.182    hit@10 : 0.343    hit@20 : 0.44    precision@10 : 0.046    precision@20 : 0.033
Wed 10 Jul 2024 19:09:38 INFO  Saving current: saved/LightGCN-Jul-10-2024_19-06-31.pth
Wed 10 Jul 2024 19:09:39 INFO  epoch 54 training [time: 1.13s, train loss: 18.1452]
Wed 10 Jul 2024 19:09:42 INFO  epoch 54 evaluating [time: 2.28s, valid_score: 0.135000]
Wed 10 Jul 2024 19:09:42 INFO  valid result: 
recall@10 : 0.095    recall@20 : 0.135    ndcg@10 : 0.09    ndcg@20 : 0.107    mrr@10 : 0.175    mrr@20 : 0.182    hit@10 : 0.343    hit@20 : 0.44    precision@10 : 0.046    precision@20 : 0.033
Wed 10 Jul 2024 19:09:42 INFO  Saving current: saved/LightGCN-Jul-10-2024_19-06-31.pth
Wed 10 Jul 2024 19:09:43 INFO  epoch 55 training [time: 0.98s, train loss: 17.9171]
Wed 10 Jul 2024 19:09:45 INFO  epoch 55 evaluating [time: 2.32s, valid_score: 0.135000]
Wed 10 Jul 2024 19:09:45 INFO  valid result: 
recall@10 : 0.095    recall@20 : 0.135    ndcg@10 : 0.091    ndcg@20 : 0.108    mrr@10 : 0.175    mrr@20 : 0.182    hit@10 : 0.343    hit@20 : 0.441    precision@10 : 0.047    precision@20 : 0.033
Wed 10 Jul 2024 19:09:45 INFO  Saving current: saved/LightGCN-Jul-10-2024_19-06-31.pth
Wed 10 Jul 2024 19:09:46 INFO  epoch 56 training [time: 1.01s, train loss: 17.8695]
Wed 10 Jul 2024 19:09:48 INFO  epoch 56 evaluating [time: 2.16s, valid_score: 0.135000]
Wed 10 Jul 2024 19:09:48 INFO  valid result: 
recall@10 : 0.096    recall@20 : 0.135    ndcg@10 : 0.091    ndcg@20 : 0.108    mrr@10 : 0.176    mrr@20 : 0.183    hit@10 : 0.346    hit@20 : 0.442    precision@10 : 0.047    precision@20 : 0.033
Wed 10 Jul 2024 19:09:48 INFO  Saving current: saved/LightGCN-Jul-10-2024_19-06-31.pth
Wed 10 Jul 2024 19:09:49 INFO  epoch 57 training [time: 1.05s, train loss: 17.7125]
Wed 10 Jul 2024 19:09:52 INFO  epoch 57 evaluating [time: 2.21s, valid_score: 0.136000]
Wed 10 Jul 2024 19:09:52 INFO  valid result: 
recall@10 : 0.096    recall@20 : 0.136    ndcg@10 : 0.091    ndcg@20 : 0.108    mrr@10 : 0.176    mrr@20 : 0.183    hit@10 : 0.347    hit@20 : 0.444    precision@10 : 0.047    precision@20 : 0.033
Wed 10 Jul 2024 19:09:52 INFO  Saving current: saved/LightGCN-Jul-10-2024_19-06-31.pth
Wed 10 Jul 2024 19:09:53 INFO  epoch 58 training [time: 0.95s, train loss: 17.5652]
Wed 10 Jul 2024 19:09:55 INFO  epoch 58 evaluating [time: 2.16s, valid_score: 0.137000]
Wed 10 Jul 2024 19:09:55 INFO  valid result: 
recall@10 : 0.097    recall@20 : 0.137    ndcg@10 : 0.092    ndcg@20 : 0.108    mrr@10 : 0.176    mrr@20 : 0.183    hit@10 : 0.349    hit@20 : 0.446    precision@10 : 0.047    precision@20 : 0.033
Wed 10 Jul 2024 19:09:55 INFO  Saving current: saved/LightGCN-Jul-10-2024_19-06-31.pth
Wed 10 Jul 2024 19:09:56 INFO  epoch 59 training [time: 0.84s, train loss: 17.3905]
Wed 10 Jul 2024 19:09:58 INFO  epoch 59 evaluating [time: 2.31s, valid_score: 0.137000]
Wed 10 Jul 2024 19:09:58 INFO  valid result: 
recall@10 : 0.097    recall@20 : 0.137    ndcg@10 : 0.092    ndcg@20 : 0.109    mrr@10 : 0.177    mrr@20 : 0.184    hit@10 : 0.35    hit@20 : 0.447    precision@10 : 0.048    precision@20 : 0.034
Wed 10 Jul 2024 19:09:58 INFO  Saving current: saved/LightGCN-Jul-10-2024_19-06-31.pth
Wed 10 Jul 2024 19:09:59 INFO  epoch 60 training [time: 0.84s, train loss: 17.2735]
Wed 10 Jul 2024 19:10:01 INFO  epoch 60 evaluating [time: 2.27s, valid_score: 0.138000]
Wed 10 Jul 2024 19:10:01 INFO  valid result: 
recall@10 : 0.098    recall@20 : 0.138    ndcg@10 : 0.092    ndcg@20 : 0.109    mrr@10 : 0.177    mrr@20 : 0.184    hit@10 : 0.352    hit@20 : 0.449    precision@10 : 0.048    precision@20 : 0.034
Wed 10 Jul 2024 19:10:01 INFO  Saving current: saved/LightGCN-Jul-10-2024_19-06-31.pth
Wed 10 Jul 2024 19:10:02 INFO  epoch 61 training [time: 0.88s, train loss: 17.1851]
Wed 10 Jul 2024 19:10:04 INFO  epoch 61 evaluating [time: 2.31s, valid_score: 0.138000]
Wed 10 Jul 2024 19:10:04 INFO  valid result: 
recall@10 : 0.099    recall@20 : 0.138    ndcg@10 : 0.093    ndcg@20 : 0.109    mrr@10 : 0.178    mrr@20 : 0.184    hit@10 : 0.356    hit@20 : 0.448    precision@10 : 0.049    precision@20 : 0.034
Wed 10 Jul 2024 19:10:04 INFO  Saving current: saved/LightGCN-Jul-10-2024_19-06-31.pth
Wed 10 Jul 2024 19:10:05 INFO  epoch 62 training [time: 0.82s, train loss: 17.1079]
Wed 10 Jul 2024 19:10:07 INFO  epoch 62 evaluating [time: 2.19s, valid_score: 0.139000]
Wed 10 Jul 2024 19:10:07 INFO  valid result: 
recall@10 : 0.099    recall@20 : 0.139    ndcg@10 : 0.093    ndcg@20 : 0.11    mrr@10 : 0.177    mrr@20 : 0.184    hit@10 : 0.356    hit@20 : 0.451    precision@10 : 0.049    precision@20 : 0.034
Wed 10 Jul 2024 19:10:07 INFO  Saving current: saved/LightGCN-Jul-10-2024_19-06-31.pth
Wed 10 Jul 2024 19:10:08 INFO  epoch 63 training [time: 0.78s, train loss: 16.9020]
Wed 10 Jul 2024 19:10:10 INFO  epoch 63 evaluating [time: 2.24s, valid_score: 0.140000]
Wed 10 Jul 2024 19:10:10 INFO  valid result: 
recall@10 : 0.099    recall@20 : 0.14    ndcg@10 : 0.093    ndcg@20 : 0.11    mrr@10 : 0.177    mrr@20 : 0.184    hit@10 : 0.355    hit@20 : 0.451    precision@10 : 0.049    precision@20 : 0.034
Wed 10 Jul 2024 19:10:10 INFO  Saving current: saved/LightGCN-Jul-10-2024_19-06-31.pth
Wed 10 Jul 2024 19:10:11 INFO  epoch 64 training [time: 0.91s, train loss: 16.8499]
Wed 10 Jul 2024 19:10:14 INFO  epoch 64 evaluating [time: 2.25s, valid_score: 0.140000]
Wed 10 Jul 2024 19:10:14 INFO  valid result: 
recall@10 : 0.099    recall@20 : 0.14    ndcg@10 : 0.093    ndcg@20 : 0.11    mrr@10 : 0.177    mrr@20 : 0.184    hit@10 : 0.354    hit@20 : 0.454    precision@10 : 0.048    precision@20 : 0.034
Wed 10 Jul 2024 19:10:14 INFO  Saving current: saved/LightGCN-Jul-10-2024_19-06-31.pth
Wed 10 Jul 2024 19:10:15 INFO  epoch 65 training [time: 0.94s, train loss: 16.6618]
Wed 10 Jul 2024 19:10:17 INFO  epoch 65 evaluating [time: 2.19s, valid_score: 0.141000]
Wed 10 Jul 2024 19:10:17 INFO  valid result: 
recall@10 : 0.1    recall@20 : 0.141    ndcg@10 : 0.093    ndcg@20 : 0.111    mrr@10 : 0.177    mrr@20 : 0.184    hit@10 : 0.356    hit@20 : 0.454    precision@10 : 0.049    precision@20 : 0.035
Wed 10 Jul 2024 19:10:17 INFO  Saving current: saved/LightGCN-Jul-10-2024_19-06-31.pth
Wed 10 Jul 2024 19:10:18 INFO  epoch 66 training [time: 0.88s, train loss: 16.5554]
Wed 10 Jul 2024 19:10:20 INFO  epoch 66 evaluating [time: 2.20s, valid_score: 0.141000]
Wed 10 Jul 2024 19:10:20 INFO  valid result: 
recall@10 : 0.1    recall@20 : 0.141    ndcg@10 : 0.094    ndcg@20 : 0.111    mrr@10 : 0.178    mrr@20 : 0.185    hit@10 : 0.358    hit@20 : 0.455    precision@10 : 0.049    precision@20 : 0.035
Wed 10 Jul 2024 19:10:20 INFO  Saving current: saved/LightGCN-Jul-10-2024_19-06-31.pth
Wed 10 Jul 2024 19:10:21 INFO  epoch 67 training [time: 0.83s, train loss: 16.4028]
Wed 10 Jul 2024 19:10:23 INFO  epoch 67 evaluating [time: 2.22s, valid_score: 0.142000]
Wed 10 Jul 2024 19:10:23 INFO  valid result: 
recall@10 : 0.1    recall@20 : 0.142    ndcg@10 : 0.094    ndcg@20 : 0.111    mrr@10 : 0.178    mrr@20 : 0.185    hit@10 : 0.358    hit@20 : 0.455    precision@10 : 0.049    precision@20 : 0.035
Wed 10 Jul 2024 19:10:23 INFO  Saving current: saved/LightGCN-Jul-10-2024_19-06-31.pth
Wed 10 Jul 2024 19:10:24 INFO  epoch 68 training [time: 0.79s, train loss: 16.3510]
Wed 10 Jul 2024 19:10:26 INFO  epoch 68 evaluating [time: 2.18s, valid_score: 0.142000]
Wed 10 Jul 2024 19:10:26 INFO  valid result: 
recall@10 : 0.101    recall@20 : 0.142    ndcg@10 : 0.094    ndcg@20 : 0.111    mrr@10 : 0.178    mrr@20 : 0.185    hit@10 : 0.36    hit@20 : 0.458    precision@10 : 0.049    precision@20 : 0.035
Wed 10 Jul 2024 19:10:26 INFO  Saving current: saved/LightGCN-Jul-10-2024_19-06-31.pth
Wed 10 Jul 2024 19:10:27 INFO  epoch 69 training [time: 0.78s, train loss: 16.2197]
Wed 10 Jul 2024 19:10:29 INFO  epoch 69 evaluating [time: 2.19s, valid_score: 0.143000]
Wed 10 Jul 2024 19:10:29 INFO  valid result: 
recall@10 : 0.101    recall@20 : 0.143    ndcg@10 : 0.094    ndcg@20 : 0.112    mrr@10 : 0.179    mrr@20 : 0.185    hit@10 : 0.361    hit@20 : 0.458    precision@10 : 0.05    precision@20 : 0.035
Wed 10 Jul 2024 19:10:29 INFO  Saving current: saved/LightGCN-Jul-10-2024_19-06-31.pth
Wed 10 Jul 2024 19:10:30 INFO  epoch 70 training [time: 0.82s, train loss: 16.0738]
Wed 10 Jul 2024 19:10:32 INFO  epoch 70 evaluating [time: 2.17s, valid_score: 0.144000]
Wed 10 Jul 2024 19:10:32 INFO  valid result: 
recall@10 : 0.102    recall@20 : 0.144    ndcg@10 : 0.095    ndcg@20 : 0.112    mrr@10 : 0.179    mrr@20 : 0.186    hit@10 : 0.361    hit@20 : 0.46    precision@10 : 0.05    precision@20 : 0.035
Wed 10 Jul 2024 19:10:32 INFO  Saving current: saved/LightGCN-Jul-10-2024_19-06-31.pth
Wed 10 Jul 2024 19:10:33 INFO  epoch 71 training [time: 0.90s, train loss: 15.9037]
Wed 10 Jul 2024 19:10:35 INFO  epoch 71 evaluating [time: 2.30s, valid_score: 0.144000]
Wed 10 Jul 2024 19:10:35 INFO  valid result: 
recall@10 : 0.102    recall@20 : 0.144    ndcg@10 : 0.094    ndcg@20 : 0.112    mrr@10 : 0.179    mrr@20 : 0.186    hit@10 : 0.361    hit@20 : 0.46    precision@10 : 0.05    precision@20 : 0.035
Wed 10 Jul 2024 19:10:35 INFO  Saving current: saved/LightGCN-Jul-10-2024_19-06-31.pth
Wed 10 Jul 2024 19:10:36 INFO  epoch 72 training [time: 0.85s, train loss: 15.7896]
Wed 10 Jul 2024 19:10:38 INFO  epoch 72 evaluating [time: 2.20s, valid_score: 0.144000]
Wed 10 Jul 2024 19:10:38 INFO  valid result: 
recall@10 : 0.102    recall@20 : 0.144    ndcg@10 : 0.095    ndcg@20 : 0.113    mrr@10 : 0.179    mrr@20 : 0.186    hit@10 : 0.361    hit@20 : 0.462    precision@10 : 0.05    precision@20 : 0.035
Wed 10 Jul 2024 19:10:38 INFO  Saving current: saved/LightGCN-Jul-10-2024_19-06-31.pth
Wed 10 Jul 2024 19:10:39 INFO  epoch 73 training [time: 0.95s, train loss: 15.6863]
Wed 10 Jul 2024 19:10:42 INFO  epoch 73 evaluating [time: 2.27s, valid_score: 0.145000]
Wed 10 Jul 2024 19:10:42 INFO  valid result: 
recall@10 : 0.102    recall@20 : 0.145    ndcg@10 : 0.095    ndcg@20 : 0.113    mrr@10 : 0.179    mrr@20 : 0.186    hit@10 : 0.362    hit@20 : 0.464    precision@10 : 0.05    precision@20 : 0.036
Wed 10 Jul 2024 19:10:42 INFO  Saving current: saved/LightGCN-Jul-10-2024_19-06-31.pth
Wed 10 Jul 2024 19:10:43 INFO  epoch 74 training [time: 0.86s, train loss: 15.5650]
