Thu 20 Jun 2024 11:29:36 INFO  ['run_recbole.py', '--model=LightGCN', '--dataset=ml-100k']
Thu 20 Jun 2024 11:29:36 INFO  
General Hyper Parameters:
gpu_id = 0
use_gpu = True
seed = 2020
state = DEBUG
reproducibility = True
data_path = /home/simeon/Git_Repositories/ANS-Recbole/recbole/config/../dataset_example/ml-100k
checkpoint_dir = saved
show_progress = True
save_dataset = False
dataset_save_path = None
save_dataloaders = False
dataloaders_save_path = None
log_wandb = False

Training Hyper Parameters:
epochs = 50
train_batch_size = 2048
learner = adam
learning_rate = 0.0001
train_neg_sample_args = {'distribution': 'uniform', 'sample_num': 1, 'alpha': 1.0, 'dynamic': False, 'candidate_num': 1}
eval_step = 1
stopping_step = 100
clip_grad_norm = None
weight_decay = 0.0
loss_decimal_place = 4

Evaluation Hyper Parameters:
eval_args = {'split': {'RS': [0.8, 0.1, 0.1]}, 'group_by': 'user', 'order': 'RO', 'mode': 'full'}
repeatable = False
metrics = ['Recall', 'MRR', 'NDCG', 'Hit', 'Precision']
topk = [20]
valid_metric = Recall@20
valid_metric_bigger = True
eval_batch_size = 4096
metric_decimal_place = 4

Dataset Hyper Parameters:
field_separator = 	
seq_separator =  
USER_ID_FIELD = user_id
ITEM_ID_FIELD = item_id
RATING_FIELD = rating
TIME_FIELD = timestamp
seq_len = None
LABEL_FIELD = label
threshold = {'rating': 4.0}
NEG_PREFIX = neg_
load_col = {'inter': ['user_id', 'item_id', 'rating']}
unload_col = None
unused_col = None
additional_feat_suffix = None
rm_dup_inter = None
val_interval = None
filter_inter_by_user_or_item = True
user_inter_num_interval = None
item_inter_num_interval = None
alias_of_user_id = None
alias_of_item_id = None
alias_of_entity_id = None
alias_of_relation_id = None
preload_weight = None
normalize_field = None
normalize_all = True
ITEM_LIST_LENGTH_FIELD = item_length
LIST_SUFFIX = _list
MAX_ITEM_LIST_LENGTH = 50
POSITION_FIELD = position_id
HEAD_ENTITY_ID_FIELD = head_id
TAIL_ENTITY_ID_FIELD = tail_id
RELATION_ID_FIELD = relation_id
ENTITY_ID_FIELD = entity_id
kg_reverse_r = False
entity_kg_num_interval = None
relation_kg_num_interval = None
benchmark_filename = None

Other Hyper Parameters: 
worker = 0
wandb_project = recbole
shuffle = True
require_pow = False
enable_amp = False
enable_scaler = True
transform = None
train_after_converge = False
positive_sampling = True
model_name_custom = ANS_wo_self_train
embedding_size = 64
n_layers = 3
reg_weight = 1e-05
numerical_features = []
discretization = None
MODEL_TYPE = ModelType.GENERAL
MODEL_INPUT_TYPE = InputType.PAIRWISE
eval_type = EvaluatorType.RANKING
single_spec = True
local_rank = 0
device = cpu
eval_neg_sample_args = {'distribution': 'uniform', 'sample_num': 'none'}


Thu 20 Jun 2024 11:29:36 DEBUG  Loading <class 'recbole.data.dataset.dataset.Dataset'> from scratch.
Thu 20 Jun 2024 11:29:36 DEBUG  uid_field: user_id
Thu 20 Jun 2024 11:29:36 DEBUG  iid_field: item_id
Thu 20 Jun 2024 11:29:36 DEBUG  Loading feature from [/home/simeon/Git_Repositories/ANS-Recbole/recbole/config/../dataset_example/ml-100k/ml-100k.inter] (source: [FeatureSource.INTERACTION]).
Thu 20 Jun 2024 11:29:36 DEBUG  [inter]: 
Thu 20 Jun 2024 11:29:36 DEBUG  	 load_col: [{'item_id', 'rating', 'user_id'}]
Thu 20 Jun 2024 11:29:36 DEBUG  	 unload_col: [None]
Thu 20 Jun 2024 11:29:36 DEBUG  Interaction feature loaded successfully from [/home/simeon/Git_Repositories/ANS-Recbole/recbole/config/../dataset_example/ml-100k/ml-100k.inter].
Thu 20 Jun 2024 11:29:36 DEBUG  Loading feature from [/home/simeon/Git_Repositories/ANS-Recbole/recbole/config/../dataset_example/ml-100k/ml-100k.user] (source: [FeatureSource.USER]).
Thu 20 Jun 2024 11:29:36 DEBUG  [user]: 
Thu 20 Jun 2024 11:29:36 DEBUG  	 load_col: [set()]
Thu 20 Jun 2024 11:29:36 DEBUG  	 unload_col: [None]
Thu 20 Jun 2024 11:29:36 DEBUG  [user] feature loaded successfully from [/home/simeon/Git_Repositories/ANS-Recbole/recbole/config/../dataset_example/ml-100k/ml-100k.user].
Thu 20 Jun 2024 11:29:36 DEBUG  Loading feature from [/home/simeon/Git_Repositories/ANS-Recbole/recbole/config/../dataset_example/ml-100k/ml-100k.item] (source: [FeatureSource.ITEM]).
Thu 20 Jun 2024 11:29:36 DEBUG  [item]: 
Thu 20 Jun 2024 11:29:36 DEBUG  	 load_col: [set()]
Thu 20 Jun 2024 11:29:36 DEBUG  	 unload_col: [None]
Thu 20 Jun 2024 11:29:36 DEBUG  [item] feature loaded successfully from [/home/simeon/Git_Repositories/ANS-Recbole/recbole/config/../dataset_example/ml-100k/ml-100k.item].
Thu 20 Jun 2024 11:29:36 DEBUG  drop_by_value: val={}
Thu 20 Jun 2024 11:29:36 DEBUG  Filling nan
Thu 20 Jun 2024 11:29:36 DEBUG  Set label by {'rating': 4.0}.
Thu 20 Jun 2024 11:29:36 DEBUG  Delete column [rating].
Thu 20 Jun 2024 11:29:36 DEBUG  Normalized fields: ['label']
Thu 20 Jun 2024 11:29:36 INFO  ml-100k
The number of users: 944
Average actions of users: 106.04453870625663
The number of items: 1683
Average actions of items: 59.45303210463734
The number of inters: 100000
The sparsity of the dataset: 93.70575143257098%
Remain Fields: ['user_id', 'item_id', 'label']
Thu 20 Jun 2024 11:29:36 DEBUG  split by ratios [[0.8, 0.1, 0.1]], group_by=[user_id]
Thu 20 Jun 2024 11:29:36 INFO  [Training]: train_batch_size = [2048] train_neg_sample_args: [{'distribution': 'uniform', 'sample_num': 1, 'alpha': 1.0, 'dynamic': False, 'candidate_num': 1}]
Thu 20 Jun 2024 11:29:36 INFO  [Evaluation]: eval_batch_size = [4096] eval_args: [{'split': {'RS': [0.8, 0.1, 0.1]}, 'group_by': 'user', 'order': 'RO', 'mode': 'full'}]
Thu 20 Jun 2024 11:29:38 INFO  LightGCN(
  (user_embedding): Embedding(944, 64)
  (item_embedding): Embedding(1683, 64)
  (mf_loss): BPRLoss()
  (reg_loss): EmbLoss()
)
Trainable parameters: 168128
Thu 20 Jun 2024 11:29:38 INFO  FLOPs: 0.0
Thu 20 Jun 2024 11:29:38 DEBUG  matplotlib data path: /home/simeon/miniconda3/envs/recbole/lib/python3.11/site-packages/matplotlib/mpl-data
Thu 20 Jun 2024 11:29:38 DEBUG  CONFIGDIR=/home/simeon/.config/matplotlib
Thu 20 Jun 2024 11:29:38 DEBUG  interactive is False
Thu 20 Jun 2024 11:29:38 DEBUG  platform is linux
Thu 20 Jun 2024 11:29:38 DEBUG  CACHEDIR=/home/simeon/.cache/matplotlib
Thu 20 Jun 2024 11:29:38 DEBUG  Using fontManager instance from /home/simeon/.cache/matplotlib/fontlist-v330.json
Thu 20 Jun 2024 11:29:38 DEBUG   length of inter_feat: 80808
Thu 20 Jun 2024 11:29:38 DEBUG   length of dataset: 80808
Thu 20 Jun 2024 11:29:39 DEBUG  Total length interaction: 80808
Thu 20 Jun 2024 11:29:39 INFO  epoch 0 training [time: 1.15s, train loss: 27.7209]
Thu 20 Jun 2024 11:29:40 INFO  epoch 0 evaluating [time: 0.15s, valid_score: 0.025600]
Thu 20 Jun 2024 11:29:40 INFO  valid result: 
recall@20 : 0.0256    mrr@20 : 0.0513    ndcg@20 : 0.0216    hit@20 : 0.2004    precision@20 : 0.0137
Thu 20 Jun 2024 11:29:40 INFO  Saving current: saved/LightGCN-Jun-20-2024_11-29-38.pth
Thu 20 Jun 2024 11:29:41 DEBUG  Total length interaction: 80808
Thu 20 Jun 2024 11:29:41 INFO  epoch 1 training [time: 1.21s, train loss: 27.7120]
Thu 20 Jun 2024 11:29:41 INFO  epoch 1 evaluating [time: 0.13s, valid_score: 0.072800]
Thu 20 Jun 2024 11:29:41 INFO  valid result: 
recall@20 : 0.0728    mrr@20 : 0.123    ndcg@20 : 0.0604    hit@20 : 0.4178    precision@20 : 0.0379
Thu 20 Jun 2024 11:29:41 INFO  Saving current: saved/LightGCN-Jun-20-2024_11-29-38.pth
Thu 20 Jun 2024 11:29:42 DEBUG  Total length interaction: 80808
Thu 20 Jun 2024 11:29:42 INFO  epoch 2 training [time: 1.22s, train loss: 27.6842]
Thu 20 Jun 2024 11:29:42 INFO  epoch 2 evaluating [time: 0.16s, valid_score: 0.145100]
Thu 20 Jun 2024 11:29:42 INFO  valid result: 
recall@20 : 0.1451    mrr@20 : 0.2142    ndcg@20 : 0.1168    hit@20 : 0.6331    precision@20 : 0.062
Thu 20 Jun 2024 11:29:42 INFO  Saving current: saved/LightGCN-Jun-20-2024_11-29-38.pth
Thu 20 Jun 2024 11:29:44 DEBUG  Total length interaction: 80808
Thu 20 Jun 2024 11:29:44 INFO  epoch 3 training [time: 1.21s, train loss: 27.6133]
Thu 20 Jun 2024 11:29:44 INFO  epoch 3 evaluating [time: 0.12s, valid_score: 0.174200]
Thu 20 Jun 2024 11:29:44 INFO  valid result: 
recall@20 : 0.1742    mrr@20 : 0.2377    ndcg@20 : 0.1355    hit@20 : 0.6819    precision@20 : 0.0704
Thu 20 Jun 2024 11:29:44 INFO  Saving current: saved/LightGCN-Jun-20-2024_11-29-38.pth
Thu 20 Jun 2024 11:29:45 DEBUG  Total length interaction: 80808
Thu 20 Jun 2024 11:29:45 INFO  epoch 4 training [time: 1.02s, train loss: 27.4801]
Thu 20 Jun 2024 11:29:45 INFO  epoch 4 evaluating [time: 0.14s, valid_score: 0.180100]
Thu 20 Jun 2024 11:29:45 INFO  valid result: 
recall@20 : 0.1801    mrr@20 : 0.2471    ndcg@20 : 0.1395    hit@20 : 0.6882    precision@20 : 0.071
Thu 20 Jun 2024 11:29:45 INFO  Saving current: saved/LightGCN-Jun-20-2024_11-29-38.pth
Thu 20 Jun 2024 11:29:46 DEBUG  Total length interaction: 80808
Thu 20 Jun 2024 11:29:46 INFO  epoch 5 training [time: 1.20s, train loss: 27.2725]
Thu 20 Jun 2024 11:29:46 INFO  epoch 5 evaluating [time: 0.13s, valid_score: 0.178400]
Thu 20 Jun 2024 11:29:46 INFO  valid result: 
recall@20 : 0.1784    mrr@20 : 0.2403    ndcg@20 : 0.1371    hit@20 : 0.6872    precision@20 : 0.0699
Thu 20 Jun 2024 11:29:47 DEBUG  Total length interaction: 80808
Thu 20 Jun 2024 11:29:47 INFO  epoch 6 training [time: 1.25s, train loss: 26.9925]
Thu 20 Jun 2024 11:29:48 INFO  epoch 6 evaluating [time: 0.14s, valid_score: 0.176500]
Thu 20 Jun 2024 11:29:48 INFO  valid result: 
recall@20 : 0.1765    mrr@20 : 0.236    ndcg@20 : 0.1354    hit@20 : 0.6787    precision@20 : 0.069
Thu 20 Jun 2024 11:29:49 DEBUG  Total length interaction: 80808
Thu 20 Jun 2024 11:29:49 INFO  epoch 7 training [time: 1.07s, train loss: 26.6587]
Thu 20 Jun 2024 11:29:49 INFO  epoch 7 evaluating [time: 0.13s, valid_score: 0.177200]
Thu 20 Jun 2024 11:29:49 INFO  valid result: 
recall@20 : 0.1772    mrr@20 : 0.2331    ndcg@20 : 0.1347    hit@20 : 0.6819    precision@20 : 0.0688
Thu 20 Jun 2024 11:29:50 DEBUG  Total length interaction: 80808
Thu 20 Jun 2024 11:29:50 INFO  epoch 8 training [time: 0.98s, train loss: 26.2633]
Thu 20 Jun 2024 11:29:50 INFO  epoch 8 evaluating [time: 0.13s, valid_score: 0.177600]
Thu 20 Jun 2024 11:29:50 INFO  valid result: 
recall@20 : 0.1776    mrr@20 : 0.2318    ndcg@20 : 0.1344    hit@20 : 0.6787    precision@20 : 0.0687
Thu 20 Jun 2024 11:29:51 DEBUG  Total length interaction: 80808
Thu 20 Jun 2024 11:29:51 INFO  epoch 9 training [time: 0.96s, train loss: 25.8203]
Thu 20 Jun 2024 11:29:51 INFO  epoch 9 evaluating [time: 0.13s, valid_score: 0.178000]
Thu 20 Jun 2024 11:29:51 INFO  valid result: 
recall@20 : 0.178    mrr@20 : 0.231    ndcg@20 : 0.1346    hit@20 : 0.6766    precision@20 : 0.0688
Thu 20 Jun 2024 11:29:52 DEBUG  Total length interaction: 80808
Thu 20 Jun 2024 11:29:52 INFO  epoch 10 training [time: 0.98s, train loss: 25.3416]
Thu 20 Jun 2024 11:29:52 INFO  epoch 10 evaluating [time: 0.14s, valid_score: 0.178500]
Thu 20 Jun 2024 11:29:52 INFO  valid result: 
recall@20 : 0.1785    mrr@20 : 0.2305    ndcg@20 : 0.1348    hit@20 : 0.6797    precision@20 : 0.0687
Thu 20 Jun 2024 11:29:53 DEBUG  Total length interaction: 80808
Thu 20 Jun 2024 11:29:53 INFO  epoch 11 training [time: 1.06s, train loss: 24.8349]
Thu 20 Jun 2024 11:29:53 INFO  epoch 11 evaluating [time: 0.12s, valid_score: 0.178300]
Thu 20 Jun 2024 11:29:53 INFO  valid result: 
recall@20 : 0.1783    mrr@20 : 0.2314    ndcg@20 : 0.1351    hit@20 : 0.6787    precision@20 : 0.0684
Thu 20 Jun 2024 11:29:54 DEBUG  Total length interaction: 80808
Thu 20 Jun 2024 11:29:54 INFO  epoch 12 training [time: 1.01s, train loss: 24.3032]
Thu 20 Jun 2024 11:29:54 INFO  epoch 12 evaluating [time: 0.15s, valid_score: 0.178400]
Thu 20 Jun 2024 11:29:54 INFO  valid result: 
recall@20 : 0.1784    mrr@20 : 0.2307    ndcg@20 : 0.1351    hit@20 : 0.6776    precision@20 : 0.0682
Thu 20 Jun 2024 11:29:56 DEBUG  Total length interaction: 80808
Thu 20 Jun 2024 11:29:56 INFO  epoch 13 training [time: 1.10s, train loss: 23.7681]
Thu 20 Jun 2024 11:29:56 INFO  epoch 13 evaluating [time: 0.12s, valid_score: 0.177400]
Thu 20 Jun 2024 11:29:56 INFO  valid result: 
recall@20 : 0.1774    mrr@20 : 0.23    ndcg@20 : 0.1346    hit@20 : 0.6744    precision@20 : 0.068
Thu 20 Jun 2024 11:29:57 DEBUG  Total length interaction: 80808
Thu 20 Jun 2024 11:29:57 INFO  epoch 14 training [time: 1.01s, train loss: 23.2312]
Thu 20 Jun 2024 11:29:57 INFO  epoch 14 evaluating [time: 0.14s, valid_score: 0.177800]
Thu 20 Jun 2024 11:29:57 INFO  valid result: 
recall@20 : 0.1778    mrr@20 : 0.2297    ndcg@20 : 0.1348    hit@20 : 0.6755    precision@20 : 0.0681
Thu 20 Jun 2024 11:29:58 DEBUG  Total length interaction: 80808
Thu 20 Jun 2024 11:29:58 INFO  epoch 15 training [time: 1.04s, train loss: 22.6589]
Thu 20 Jun 2024 11:29:58 INFO  epoch 15 evaluating [time: 0.13s, valid_score: 0.177700]
Thu 20 Jun 2024 11:29:58 INFO  valid result: 
recall@20 : 0.1777    mrr@20 : 0.23    ndcg@20 : 0.1348    hit@20 : 0.6755    precision@20 : 0.068
Thu 20 Jun 2024 11:29:59 DEBUG  Total length interaction: 80808
Thu 20 Jun 2024 11:29:59 INFO  epoch 16 training [time: 0.98s, train loss: 22.1442]
Thu 20 Jun 2024 11:29:59 INFO  epoch 16 evaluating [time: 0.13s, valid_score: 0.177400]
Thu 20 Jun 2024 11:29:59 INFO  valid result: 
recall@20 : 0.1774    mrr@20 : 0.2298    ndcg@20 : 0.1346    hit@20 : 0.6755    precision@20 : 0.0679
Thu 20 Jun 2024 11:30:00 DEBUG  Total length interaction: 80808
Thu 20 Jun 2024 11:30:00 INFO  epoch 17 training [time: 0.97s, train loss: 21.6092]
Thu 20 Jun 2024 11:30:00 INFO  epoch 17 evaluating [time: 0.12s, valid_score: 0.177500]
Thu 20 Jun 2024 11:30:00 INFO  valid result: 
recall@20 : 0.1775    mrr@20 : 0.2299    ndcg@20 : 0.1347    hit@20 : 0.6755    precision@20 : 0.0679
Thu 20 Jun 2024 11:30:01 DEBUG  Total length interaction: 80808
Thu 20 Jun 2024 11:30:01 INFO  epoch 18 training [time: 1.01s, train loss: 21.1186]
Thu 20 Jun 2024 11:30:01 INFO  epoch 18 evaluating [time: 0.12s, valid_score: 0.177600]
Thu 20 Jun 2024 11:30:01 INFO  valid result: 
recall@20 : 0.1776    mrr@20 : 0.23    ndcg@20 : 0.1347    hit@20 : 0.6755    precision@20 : 0.068
Thu 20 Jun 2024 11:30:02 DEBUG  Total length interaction: 80808
Thu 20 Jun 2024 11:30:02 INFO  epoch 19 training [time: 0.96s, train loss: 20.6871]
Thu 20 Jun 2024 11:30:02 INFO  epoch 19 evaluating [time: 0.13s, valid_score: 0.177600]
Thu 20 Jun 2024 11:30:02 INFO  valid result: 
recall@20 : 0.1776    mrr@20 : 0.23    ndcg@20 : 0.1347    hit@20 : 0.6755    precision@20 : 0.0679
Thu 20 Jun 2024 11:30:03 DEBUG  Total length interaction: 80808
Thu 20 Jun 2024 11:30:03 INFO  epoch 20 training [time: 0.97s, train loss: 20.2360]
Thu 20 Jun 2024 11:30:03 INFO  epoch 20 evaluating [time: 0.14s, valid_score: 0.177600]
Thu 20 Jun 2024 11:30:03 INFO  valid result: 
recall@20 : 0.1776    mrr@20 : 0.23    ndcg@20 : 0.1347    hit@20 : 0.6755    precision@20 : 0.0679
Thu 20 Jun 2024 11:30:04 DEBUG  Total length interaction: 80808
Thu 20 Jun 2024 11:30:04 INFO  epoch 21 training [time: 0.97s, train loss: 19.7968]
Thu 20 Jun 2024 11:30:05 INFO  epoch 21 evaluating [time: 0.13s, valid_score: 0.177400]
Thu 20 Jun 2024 11:30:05 INFO  valid result: 
recall@20 : 0.1774    mrr@20 : 0.2299    ndcg@20 : 0.1346    hit@20 : 0.6744    precision@20 : 0.0678
Thu 20 Jun 2024 11:30:06 DEBUG  Total length interaction: 80808
Thu 20 Jun 2024 11:30:06 INFO  epoch 22 training [time: 0.98s, train loss: 19.3555]
Thu 20 Jun 2024 11:30:06 INFO  epoch 22 evaluating [time: 0.13s, valid_score: 0.177500]
Thu 20 Jun 2024 11:30:06 INFO  valid result: 
recall@20 : 0.1775    mrr@20 : 0.2299    ndcg@20 : 0.1346    hit@20 : 0.6744    precision@20 : 0.0679
Thu 20 Jun 2024 11:30:07 DEBUG  Total length interaction: 80808
Thu 20 Jun 2024 11:30:07 INFO  epoch 23 training [time: 0.96s, train loss: 19.0032]
Thu 20 Jun 2024 11:30:07 INFO  epoch 23 evaluating [time: 0.13s, valid_score: 0.177500]
Thu 20 Jun 2024 11:30:07 INFO  valid result: 
recall@20 : 0.1775    mrr@20 : 0.2299    ndcg@20 : 0.1346    hit@20 : 0.6744    precision@20 : 0.0679
Thu 20 Jun 2024 11:30:08 DEBUG  Total length interaction: 80808
Thu 20 Jun 2024 11:30:08 INFO  epoch 24 training [time: 0.97s, train loss: 18.5816]
Thu 20 Jun 2024 11:30:08 INFO  epoch 24 evaluating [time: 0.13s, valid_score: 0.177500]
Thu 20 Jun 2024 11:30:08 INFO  valid result: 
recall@20 : 0.1775    mrr@20 : 0.2299    ndcg@20 : 0.1346    hit@20 : 0.6744    precision@20 : 0.0679
Thu 20 Jun 2024 11:30:09 DEBUG  Total length interaction: 80808
Thu 20 Jun 2024 11:30:09 INFO  epoch 25 training [time: 0.97s, train loss: 18.2892]
Thu 20 Jun 2024 11:30:09 INFO  epoch 25 evaluating [time: 0.13s, valid_score: 0.177400]
Thu 20 Jun 2024 11:30:09 INFO  valid result: 
recall@20 : 0.1774    mrr@20 : 0.2298    ndcg@20 : 0.1346    hit@20 : 0.6734    precision@20 : 0.068
Thu 20 Jun 2024 11:30:10 DEBUG  Total length interaction: 80808
Thu 20 Jun 2024 11:30:10 INFO  epoch 26 training [time: 1.02s, train loss: 17.9588]
Thu 20 Jun 2024 11:30:10 INFO  epoch 26 evaluating [time: 0.13s, valid_score: 0.177400]
Thu 20 Jun 2024 11:30:10 INFO  valid result: 
recall@20 : 0.1774    mrr@20 : 0.2299    ndcg@20 : 0.1346    hit@20 : 0.6734    precision@20 : 0.068
Thu 20 Jun 2024 11:30:11 DEBUG  Total length interaction: 80808
Thu 20 Jun 2024 11:30:11 INFO  epoch 27 training [time: 1.01s, train loss: 17.7240]
Thu 20 Jun 2024 11:30:11 INFO  epoch 27 evaluating [time: 0.14s, valid_score: 0.177500]
Thu 20 Jun 2024 11:30:11 INFO  valid result: 
recall@20 : 0.1775    mrr@20 : 0.2299    ndcg@20 : 0.1347    hit@20 : 0.6734    precision@20 : 0.0681
Thu 20 Jun 2024 11:30:12 DEBUG  Total length interaction: 80808
Thu 20 Jun 2024 11:30:12 INFO  epoch 28 training [time: 1.03s, train loss: 17.4030]
Thu 20 Jun 2024 11:30:12 INFO  epoch 28 evaluating [time: 0.14s, valid_score: 0.177500]
Thu 20 Jun 2024 11:30:12 INFO  valid result: 
recall@20 : 0.1775    mrr@20 : 0.2301    ndcg@20 : 0.1348    hit@20 : 0.6734    precision@20 : 0.0681
Thu 20 Jun 2024 11:30:13 DEBUG  Total length interaction: 80808
Thu 20 Jun 2024 11:30:13 INFO  epoch 29 training [time: 1.04s, train loss: 17.0726]
Thu 20 Jun 2024 11:30:14 INFO  epoch 29 evaluating [time: 0.12s, valid_score: 0.176900]
Thu 20 Jun 2024 11:30:14 INFO  valid result: 
recall@20 : 0.1769    mrr@20 : 0.2302    ndcg@20 : 0.1346    hit@20 : 0.6723    precision@20 : 0.0681
Thu 20 Jun 2024 11:30:15 DEBUG  Total length interaction: 80808
Thu 20 Jun 2024 11:30:15 INFO  epoch 30 training [time: 1.07s, train loss: 16.8862]
Thu 20 Jun 2024 11:30:15 INFO  epoch 30 evaluating [time: 0.14s, valid_score: 0.177500]
Thu 20 Jun 2024 11:30:15 INFO  valid result: 
recall@20 : 0.1775    mrr@20 : 0.2298    ndcg@20 : 0.1347    hit@20 : 0.6734    precision@20 : 0.0681
Thu 20 Jun 2024 11:30:16 DEBUG  Total length interaction: 80808
Thu 20 Jun 2024 11:30:16 INFO  epoch 31 training [time: 1.04s, train loss: 16.7003]
Thu 20 Jun 2024 11:30:16 INFO  epoch 31 evaluating [time: 0.13s, valid_score: 0.177200]
Thu 20 Jun 2024 11:30:16 INFO  valid result: 
recall@20 : 0.1772    mrr@20 : 0.2298    ndcg@20 : 0.1346    hit@20 : 0.6734    precision@20 : 0.0681
Thu 20 Jun 2024 11:30:17 DEBUG  Total length interaction: 80808
Thu 20 Jun 2024 11:30:17 INFO  epoch 32 training [time: 1.03s, train loss: 16.4656]
Thu 20 Jun 2024 11:30:17 INFO  epoch 32 evaluating [time: 0.13s, valid_score: 0.177300]
Thu 20 Jun 2024 11:30:17 INFO  valid result: 
recall@20 : 0.1773    mrr@20 : 0.2297    ndcg@20 : 0.1346    hit@20 : 0.6734    precision@20 : 0.0682
Thu 20 Jun 2024 11:30:18 DEBUG  Total length interaction: 80808
Thu 20 Jun 2024 11:30:18 INFO  epoch 33 training [time: 0.98s, train loss: 16.2902]
Thu 20 Jun 2024 11:30:18 INFO  epoch 33 evaluating [time: 0.13s, valid_score: 0.177400]
Thu 20 Jun 2024 11:30:18 INFO  valid result: 
recall@20 : 0.1774    mrr@20 : 0.2298    ndcg@20 : 0.1347    hit@20 : 0.6755    precision@20 : 0.0683
Thu 20 Jun 2024 11:30:19 DEBUG  Total length interaction: 80808
Thu 20 Jun 2024 11:30:19 INFO  epoch 34 training [time: 1.01s, train loss: 16.0621]
Thu 20 Jun 2024 11:30:19 INFO  epoch 34 evaluating [time: 0.14s, valid_score: 0.177400]
Thu 20 Jun 2024 11:30:19 INFO  valid result: 
recall@20 : 0.1774    mrr@20 : 0.2298    ndcg@20 : 0.1347    hit@20 : 0.6755    precision@20 : 0.0683
Thu 20 Jun 2024 11:30:21 DEBUG  Total length interaction: 80808
Thu 20 Jun 2024 11:30:21 INFO  epoch 35 training [time: 1.10s, train loss: 15.9446]
Thu 20 Jun 2024 11:30:21 INFO  epoch 35 evaluating [time: 0.13s, valid_score: 0.177400]
Thu 20 Jun 2024 11:30:21 INFO  valid result: 
recall@20 : 0.1774    mrr@20 : 0.2297    ndcg@20 : 0.1347    hit@20 : 0.6744    precision@20 : 0.0683
Thu 20 Jun 2024 11:30:22 DEBUG  Total length interaction: 80808
Thu 20 Jun 2024 11:30:22 INFO  epoch 36 training [time: 1.06s, train loss: 15.7211]
Thu 20 Jun 2024 11:30:22 INFO  epoch 36 evaluating [time: 0.13s, valid_score: 0.177500]
Thu 20 Jun 2024 11:30:22 INFO  valid result: 
recall@20 : 0.1775    mrr@20 : 0.2297    ndcg@20 : 0.1348    hit@20 : 0.6744    precision@20 : 0.0685
Thu 20 Jun 2024 11:30:23 DEBUG  Total length interaction: 80808
Thu 20 Jun 2024 11:30:23 INFO  epoch 37 training [time: 1.07s, train loss: 15.7030]
Thu 20 Jun 2024 11:30:23 INFO  epoch 37 evaluating [time: 0.13s, valid_score: 0.177900]
Thu 20 Jun 2024 11:30:23 INFO  valid result: 
recall@20 : 0.1779    mrr@20 : 0.2299    ndcg@20 : 0.1348    hit@20 : 0.6755    precision@20 : 0.0685
Thu 20 Jun 2024 11:30:24 DEBUG  Total length interaction: 80808
Thu 20 Jun 2024 11:30:24 INFO  epoch 38 training [time: 1.05s, train loss: 15.6097]
Thu 20 Jun 2024 11:30:24 INFO  epoch 38 evaluating [time: 0.15s, valid_score: 0.178000]
Thu 20 Jun 2024 11:30:24 INFO  valid result: 
recall@20 : 0.178    mrr@20 : 0.2291    ndcg@20 : 0.1347    hit@20 : 0.6766    precision@20 : 0.0688
Thu 20 Jun 2024 11:30:25 DEBUG  Total length interaction: 80808
Thu 20 Jun 2024 11:30:25 INFO  epoch 39 training [time: 1.07s, train loss: 15.4678]
Thu 20 Jun 2024 11:30:25 INFO  epoch 39 evaluating [time: 0.13s, valid_score: 0.176900]
Thu 20 Jun 2024 11:30:25 INFO  valid result: 
recall@20 : 0.1769    mrr@20 : 0.2292    ndcg@20 : 0.1343    hit@20 : 0.6744    precision@20 : 0.0685
Thu 20 Jun 2024 11:30:26 DEBUG  Total length interaction: 80808
Thu 20 Jun 2024 11:30:26 INFO  epoch 40 training [time: 1.02s, train loss: 15.4569]
Thu 20 Jun 2024 11:30:27 INFO  epoch 40 evaluating [time: 0.12s, valid_score: 0.176000]
Thu 20 Jun 2024 11:30:27 INFO  valid result: 
recall@20 : 0.176    mrr@20 : 0.2291    ndcg@20 : 0.1342    hit@20 : 0.6723    precision@20 : 0.0686
Thu 20 Jun 2024 11:30:28 DEBUG  Total length interaction: 80808
Thu 20 Jun 2024 11:30:28 INFO  epoch 41 training [time: 1.02s, train loss: 15.1882]
Thu 20 Jun 2024 11:30:28 INFO  epoch 41 evaluating [time: 0.13s, valid_score: 0.176000]
Thu 20 Jun 2024 11:30:28 INFO  valid result: 
recall@20 : 0.176    mrr@20 : 0.2286    ndcg@20 : 0.1341    hit@20 : 0.6702    precision@20 : 0.0686
Thu 20 Jun 2024 11:30:29 DEBUG  Total length interaction: 80808
Thu 20 Jun 2024 11:30:29 INFO  epoch 42 training [time: 1.03s, train loss: 15.1533]
Thu 20 Jun 2024 11:30:29 INFO  epoch 42 evaluating [time: 0.13s, valid_score: 0.176300]
Thu 20 Jun 2024 11:30:29 INFO  valid result: 
recall@20 : 0.1763    mrr@20 : 0.2287    ndcg@20 : 0.1342    hit@20 : 0.6744    precision@20 : 0.0687
Thu 20 Jun 2024 11:30:30 DEBUG  Total length interaction: 80808
Thu 20 Jun 2024 11:30:30 INFO  epoch 43 training [time: 1.04s, train loss: 15.1544]
Thu 20 Jun 2024 11:30:30 INFO  epoch 43 evaluating [time: 0.13s, valid_score: 0.176500]
Thu 20 Jun 2024 11:30:30 INFO  valid result: 
recall@20 : 0.1765    mrr@20 : 0.2288    ndcg@20 : 0.1343    hit@20 : 0.6755    precision@20 : 0.0688
Thu 20 Jun 2024 11:30:31 DEBUG  Total length interaction: 80808
Thu 20 Jun 2024 11:30:31 INFO  epoch 44 training [time: 1.03s, train loss: 15.0154]
Thu 20 Jun 2024 11:30:31 INFO  epoch 44 evaluating [time: 0.13s, valid_score: 0.176000]
Thu 20 Jun 2024 11:30:31 INFO  valid result: 
recall@20 : 0.176    mrr@20 : 0.2286    ndcg@20 : 0.1343    hit@20 : 0.6744    precision@20 : 0.069
Thu 20 Jun 2024 11:30:32 DEBUG  Total length interaction: 80808
Thu 20 Jun 2024 11:30:32 INFO  epoch 45 training [time: 1.08s, train loss: 14.9692]
Thu 20 Jun 2024 11:30:32 INFO  epoch 45 evaluating [time: 0.15s, valid_score: 0.175600]
Thu 20 Jun 2024 11:30:32 INFO  valid result: 
recall@20 : 0.1756    mrr@20 : 0.2288    ndcg@20 : 0.1343    hit@20 : 0.6734    precision@20 : 0.0691
Thu 20 Jun 2024 11:30:34 DEBUG  Total length interaction: 80808
Thu 20 Jun 2024 11:30:34 INFO  epoch 46 training [time: 1.09s, train loss: 14.9338]
Thu 20 Jun 2024 11:30:34 INFO  epoch 46 evaluating [time: 0.13s, valid_score: 0.174300]
Thu 20 Jun 2024 11:30:34 INFO  valid result: 
recall@20 : 0.1743    mrr@20 : 0.2282    ndcg@20 : 0.1338    hit@20 : 0.6702    precision@20 : 0.0689
Thu 20 Jun 2024 11:30:35 DEBUG  Total length interaction: 80808
Thu 20 Jun 2024 11:30:35 INFO  epoch 47 training [time: 0.99s, train loss: 14.8386]
Thu 20 Jun 2024 11:30:35 INFO  epoch 47 evaluating [time: 0.13s, valid_score: 0.172800]
Thu 20 Jun 2024 11:30:35 INFO  valid result: 
recall@20 : 0.1728    mrr@20 : 0.2274    ndcg@20 : 0.1333    hit@20 : 0.667    precision@20 : 0.0688
Thu 20 Jun 2024 11:30:36 DEBUG  Total length interaction: 80808
Thu 20 Jun 2024 11:30:36 INFO  epoch 48 training [time: 1.15s, train loss: 14.5839]
Thu 20 Jun 2024 11:30:36 INFO  epoch 48 evaluating [time: 0.16s, valid_score: 0.172900]
Thu 20 Jun 2024 11:30:36 INFO  valid result: 
recall@20 : 0.1729    mrr@20 : 0.2277    ndcg@20 : 0.1334    hit@20 : 0.666    precision@20 : 0.0689
Thu 20 Jun 2024 11:30:37 DEBUG  Total length interaction: 80808
Thu 20 Jun 2024 11:30:37 INFO  epoch 49 training [time: 1.26s, train loss: 14.7099]
Thu 20 Jun 2024 11:30:38 INFO  epoch 49 evaluating [time: 0.18s, valid_score: 0.173100]
Thu 20 Jun 2024 11:30:38 INFO  valid result: 
recall@20 : 0.1731    mrr@20 : 0.2276    ndcg@20 : 0.1334    hit@20 : 0.666    precision@20 : 0.069
