Fri 12 Jul 2024 11:56:45 INFO  ['run_recbole.py', '--model=LightGCN', '--dataset=ml-100k']
Fri 12 Jul 2024 11:56:45 INFO  
General Hyper Parameters:
gpu_id = 0
use_gpu = True
seed = 2020
state = INFO
reproducibility = True
data_path = /home/simeon/Git_Repositories/ANS-Recbole/recbole/config/../dataset_example/ml-100k
checkpoint_dir = saved
show_progress = True
save_dataset = False
dataset_save_path = None
save_dataloaders = False
dataloaders_save_path = None
log_wandb = False

Training Hyper Parameters:
epochs = 500
train_batch_size = 4096
learner = adam
learning_rate = 0.0015
train_neg_sample_args = {'distribution': 'uniform', 'sample_num': 5, 'alpha': 1.0, 'dynamic': False, 'candidate_num': 0}
eval_step = 1
stopping_step = 10
clip_grad_norm = None
weight_decay = 0.0
loss_decimal_place = 4

Evaluation Hyper Parameters:
eval_args = {'split': {'RS': [0.8, 0.1, 0.1]}, 'group_by': 'user', 'order': 'RO', 'mode': 'full'}
repeatable = False
metrics = ['Recall', 'NDCG', 'MRR', 'Hit', 'Precision']
topk = [10, 20]
valid_metric = Recall@20
valid_metric_bigger = True
eval_batch_size = 4096
metric_decimal_place = 3

Dataset Hyper Parameters:
field_separator = 	
seq_separator =  
USER_ID_FIELD = user_id
ITEM_ID_FIELD = item_id
RATING_FIELD = rating
TIME_FIELD = timestamp
seq_len = None
LABEL_FIELD = label
threshold = None
NEG_PREFIX = neg_
load_col = {'inter': ['user_id', 'item_id']}
unload_col = None
unused_col = None
additional_feat_suffix = None
rm_dup_inter = None
val_interval = None
filter_inter_by_user_or_item = True
user_inter_num_interval = None
item_inter_num_interval = None
alias_of_user_id = None
alias_of_item_id = None
alias_of_entity_id = None
alias_of_relation_id = None
preload_weight = None
normalize_field = None
normalize_all = True
ITEM_LIST_LENGTH_FIELD = item_length
LIST_SUFFIX = _list
MAX_ITEM_LIST_LENGTH = 50
POSITION_FIELD = position_id
HEAD_ENTITY_ID_FIELD = head_id
TAIL_ENTITY_ID_FIELD = tail_id
RELATION_ID_FIELD = relation_id
ENTITY_ID_FIELD = entity_id
kg_reverse_r = False
entity_kg_num_interval = None
relation_kg_num_interval = None
benchmark_filename = None

Other Hyper Parameters: 
worker = 0
wandb_project = recbole
shuffle = True
plot_learning_curve = False
require_pow = False
enable_amp = False
enable_scaler = True
transform = None
train_after_converge = False
positive_sampling = True
model_name_custom = -
data_augmentation = False
Q = 8
K = 3
P = 20
embedding_size = 64
n_layers = 2
reg_weight = 1e-05
numerical_features = []
discretization = None
MODEL_TYPE = ModelType.GENERAL
MODEL_INPUT_TYPE = InputType.PAIRWISE
eval_type = EvaluatorType.RANKING
single_spec = True
local_rank = 0
device = cuda
eval_neg_sample_args = {'distribution': 'uniform', 'sample_num': 'none'}


Fri 12 Jul 2024 11:56:45 INFO  ml-100k
The number of users: 944
Average actions of users: 106.04453870625663
The number of items: 1683
Average actions of items: 59.45303210463734
The number of inters: 100000
The sparsity of the dataset: 93.70575143257098%
Remain Fields: ['user_id', 'item_id']
Fri 12 Jul 2024 11:56:45 INFO  [Training]: train_batch_size = [4096] train_neg_sample_args: [{'distribution': 'uniform', 'sample_num': 5, 'alpha': 1.0, 'dynamic': False, 'candidate_num': 0}]
Fri 12 Jul 2024 11:56:45 INFO  [Evaluation]: eval_batch_size = [4096] eval_args: [{'split': {'RS': [0.8, 0.1, 0.1]}, 'group_by': 'user', 'order': 'RO', 'mode': 'full'}]
Fri 12 Jul 2024 11:56:47 INFO  LightGCN(
  (user_embedding): Embedding(944, 64)
  (item_embedding): Embedding(1683, 64)
  (mf_loss): BPRLoss()
  (reg_loss): EmbLoss()
)
Trainable parameters: 168128
Fri 12 Jul 2024 11:56:47 INFO  FLOPs: 0.0
Fri 12 Jul 2024 11:56:49 INFO  epoch 0 training [time: 1.01s, train loss: 59.6544]
Fri 12 Jul 2024 11:56:49 INFO  epoch 0 evaluating [time: 0.59s, valid_score: 0.180000]
Fri 12 Jul 2024 11:56:49 INFO  valid result: 
recall@10 : 0.122    recall@20 : 0.18    ndcg@10 : 0.126    ndcg@20 : 0.14    mrr@10 : 0.238    mrr@20 : 0.247    hit@10 : 0.562    hit@20 : 0.679    precision@10 : 0.089    precision@20 : 0.072
Fri 12 Jul 2024 11:56:49 INFO  Saving current: saved/LightGCN-Jul-12-2024_11-56-47.pth
Fri 12 Jul 2024 11:56:50 INFO  epoch 1 training [time: 0.81s, train loss: 35.6873]
Fri 12 Jul 2024 11:56:51 INFO  epoch 1 evaluating [time: 0.40s, valid_score: 0.192000]
Fri 12 Jul 2024 11:56:51 INFO  valid result: 
recall@10 : 0.126    recall@20 : 0.192    ndcg@10 : 0.137    ndcg@20 : 0.154    mrr@10 : 0.259    mrr@20 : 0.269    hit@10 : 0.569    hit@20 : 0.702    precision@10 : 0.094    precision@20 : 0.078
Fri 12 Jul 2024 11:56:51 INFO  Saving current: saved/LightGCN-Jul-12-2024_11-56-47.pth
Fri 12 Jul 2024 11:56:51 INFO  epoch 2 training [time: 0.78s, train loss: 32.5573]
Fri 12 Jul 2024 11:56:52 INFO  epoch 2 evaluating [time: 0.41s, valid_score: 0.215000]
Fri 12 Jul 2024 11:56:52 INFO  valid result: 
recall@10 : 0.148    recall@20 : 0.215    ndcg@10 : 0.159    ndcg@20 : 0.175    mrr@10 : 0.299    mrr@20 : 0.308    hit@10 : 0.61    hit@20 : 0.737    precision@10 : 0.105    precision@20 : 0.087
Fri 12 Jul 2024 11:56:52 INFO  Saving current: saved/LightGCN-Jul-12-2024_11-56-47.pth
Fri 12 Jul 2024 11:56:53 INFO  epoch 3 training [time: 0.82s, train loss: 30.8000]
Fri 12 Jul 2024 11:56:53 INFO  epoch 3 evaluating [time: 0.40s, valid_score: 0.236000]
Fri 12 Jul 2024 11:56:53 INFO  valid result: 
recall@10 : 0.161    recall@20 : 0.236    ndcg@10 : 0.172    ndcg@20 : 0.189    mrr@10 : 0.312    mrr@20 : 0.32    hit@10 : 0.638    hit@20 : 0.758    precision@10 : 0.117    precision@20 : 0.093
Fri 12 Jul 2024 11:56:53 INFO  Saving current: saved/LightGCN-Jul-12-2024_11-56-47.pth
Fri 12 Jul 2024 11:56:54 INFO  epoch 4 training [time: 0.77s, train loss: 29.3824]
Fri 12 Jul 2024 11:56:54 INFO  epoch 4 evaluating [time: 0.40s, valid_score: 0.242000]
Fri 12 Jul 2024 11:56:54 INFO  valid result: 
recall@10 : 0.166    recall@20 : 0.242    ndcg@10 : 0.179    ndcg@20 : 0.195    mrr@10 : 0.314    mrr@20 : 0.323    hit@10 : 0.641    hit@20 : 0.768    precision@10 : 0.124    precision@20 : 0.097
Fri 12 Jul 2024 11:56:54 INFO  Saving current: saved/LightGCN-Jul-12-2024_11-56-47.pth
Fri 12 Jul 2024 11:56:55 INFO  epoch 5 training [time: 0.78s, train loss: 28.4009]
Fri 12 Jul 2024 11:56:55 INFO  epoch 5 evaluating [time: 0.41s, valid_score: 0.246000]
Fri 12 Jul 2024 11:56:55 INFO  valid result: 
recall@10 : 0.164    recall@20 : 0.246    ndcg@10 : 0.178    ndcg@20 : 0.197    mrr@10 : 0.312    mrr@20 : 0.321    hit@10 : 0.643    hit@20 : 0.772    precision@10 : 0.124    precision@20 : 0.099
Fri 12 Jul 2024 11:56:55 INFO  Saving current: saved/LightGCN-Jul-12-2024_11-56-47.pth
Fri 12 Jul 2024 11:56:56 INFO  epoch 6 training [time: 0.79s, train loss: 27.5065]
Fri 12 Jul 2024 11:56:57 INFO  epoch 6 evaluating [time: 0.40s, valid_score: 0.250000]
Fri 12 Jul 2024 11:56:57 INFO  valid result: 
recall@10 : 0.163    recall@20 : 0.25    ndcg@10 : 0.178    ndcg@20 : 0.198    mrr@10 : 0.31    mrr@20 : 0.319    hit@10 : 0.643    hit@20 : 0.775    precision@10 : 0.124    precision@20 : 0.1
Fri 12 Jul 2024 11:56:57 INFO  Saving current: saved/LightGCN-Jul-12-2024_11-56-47.pth
Fri 12 Jul 2024 11:56:57 INFO  epoch 7 training [time: 0.79s, train loss: 26.7580]
Fri 12 Jul 2024 11:56:58 INFO  epoch 7 evaluating [time: 0.42s, valid_score: 0.253000]
Fri 12 Jul 2024 11:56:58 INFO  valid result: 
recall@10 : 0.165    recall@20 : 0.253    ndcg@10 : 0.18    ndcg@20 : 0.2    mrr@10 : 0.313    mrr@20 : 0.322    hit@10 : 0.645    hit@20 : 0.785    precision@10 : 0.125    precision@20 : 0.101
Fri 12 Jul 2024 11:56:58 INFO  Saving current: saved/LightGCN-Jul-12-2024_11-56-47.pth
Fri 12 Jul 2024 11:56:59 INFO  epoch 8 training [time: 0.80s, train loss: 26.0261]
Fri 12 Jul 2024 11:56:59 INFO  epoch 8 evaluating [time: 0.40s, valid_score: 0.255000]
Fri 12 Jul 2024 11:56:59 INFO  valid result: 
recall@10 : 0.171    recall@20 : 0.255    ndcg@10 : 0.185    ndcg@20 : 0.203    mrr@10 : 0.317    mrr@20 : 0.325    hit@10 : 0.662    hit@20 : 0.785    precision@10 : 0.13    precision@20 : 0.103
Fri 12 Jul 2024 11:56:59 INFO  Saving current: saved/LightGCN-Jul-12-2024_11-56-47.pth
Fri 12 Jul 2024 11:57:00 INFO  epoch 9 training [time: 0.77s, train loss: 25.1014]
Fri 12 Jul 2024 11:57:00 INFO  epoch 9 evaluating [time: 0.43s, valid_score: 0.262000]
Fri 12 Jul 2024 11:57:00 INFO  valid result: 
recall@10 : 0.176    recall@20 : 0.262    ndcg@10 : 0.189    ndcg@20 : 0.208    mrr@10 : 0.32    mrr@20 : 0.328    hit@10 : 0.668    hit@20 : 0.788    precision@10 : 0.133    precision@20 : 0.107
Fri 12 Jul 2024 11:57:00 INFO  Saving current: saved/LightGCN-Jul-12-2024_11-56-47.pth
Fri 12 Jul 2024 11:57:01 INFO  epoch 10 training [time: 0.81s, train loss: 24.1196]
Fri 12 Jul 2024 11:57:02 INFO  epoch 10 evaluating [time: 0.45s, valid_score: 0.266000]
Fri 12 Jul 2024 11:57:02 INFO  valid result: 
recall@10 : 0.181    recall@20 : 0.266    ndcg@10 : 0.194    ndcg@20 : 0.213    mrr@10 : 0.325    mrr@20 : 0.333    hit@10 : 0.677    hit@20 : 0.8    precision@10 : 0.137    precision@20 : 0.109
Fri 12 Jul 2024 11:57:02 INFO  Saving current: saved/LightGCN-Jul-12-2024_11-56-47.pth
Fri 12 Jul 2024 11:57:02 INFO  epoch 11 training [time: 0.79s, train loss: 23.4755]
Fri 12 Jul 2024 11:57:03 INFO  epoch 11 evaluating [time: 0.40s, valid_score: 0.271000]
Fri 12 Jul 2024 11:57:03 INFO  valid result: 
recall@10 : 0.182    recall@20 : 0.271    ndcg@10 : 0.197    ndcg@20 : 0.217    mrr@10 : 0.332    mrr@20 : 0.341    hit@10 : 0.684    hit@20 : 0.804    precision@10 : 0.138    precision@20 : 0.111
Fri 12 Jul 2024 11:57:03 INFO  Saving current: saved/LightGCN-Jul-12-2024_11-56-47.pth
Fri 12 Jul 2024 11:57:04 INFO  epoch 12 training [time: 0.82s, train loss: 22.9656]
Fri 12 Jul 2024 11:57:04 INFO  epoch 12 evaluating [time: 0.43s, valid_score: 0.275000]
Fri 12 Jul 2024 11:57:04 INFO  valid result: 
recall@10 : 0.184    recall@20 : 0.275    ndcg@10 : 0.2    ndcg@20 : 0.221    mrr@10 : 0.341    mrr@20 : 0.349    hit@10 : 0.687    hit@20 : 0.804    precision@10 : 0.139    precision@20 : 0.112
Fri 12 Jul 2024 11:57:04 INFO  Saving current: saved/LightGCN-Jul-12-2024_11-56-47.pth
Fri 12 Jul 2024 11:57:05 INFO  epoch 13 training [time: 0.83s, train loss: 22.5895]
Fri 12 Jul 2024 11:57:05 INFO  epoch 13 evaluating [time: 0.43s, valid_score: 0.283000]
Fri 12 Jul 2024 11:57:05 INFO  valid result: 
recall@10 : 0.185    recall@20 : 0.283    ndcg@10 : 0.203    ndcg@20 : 0.225    mrr@10 : 0.34    mrr@20 : 0.349    hit@10 : 0.688    hit@20 : 0.815    precision@10 : 0.142    precision@20 : 0.113
Fri 12 Jul 2024 11:57:05 INFO  Saving current: saved/LightGCN-Jul-12-2024_11-56-47.pth
Fri 12 Jul 2024 11:57:06 INFO  epoch 14 training [time: 0.83s, train loss: 22.1152]
Fri 12 Jul 2024 11:57:06 INFO  epoch 14 evaluating [time: 0.43s, valid_score: 0.285000]
Fri 12 Jul 2024 11:57:06 INFO  valid result: 
recall@10 : 0.189    recall@20 : 0.285    ndcg@10 : 0.205    ndcg@20 : 0.227    mrr@10 : 0.345    mrr@20 : 0.353    hit@10 : 0.702    hit@20 : 0.818    precision@10 : 0.144    precision@20 : 0.115
Fri 12 Jul 2024 11:57:06 INFO  Saving current: saved/LightGCN-Jul-12-2024_11-56-47.pth
Fri 12 Jul 2024 11:57:07 INFO  epoch 15 training [time: 0.77s, train loss: 21.9443]
Fri 12 Jul 2024 11:57:08 INFO  epoch 15 evaluating [time: 0.42s, valid_score: 0.290000]
Fri 12 Jul 2024 11:57:08 INFO  valid result: 
recall@10 : 0.191    recall@20 : 0.29    ndcg@10 : 0.206    ndcg@20 : 0.229    mrr@10 : 0.349    mrr@20 : 0.357    hit@10 : 0.707    hit@20 : 0.825    precision@10 : 0.145    precision@20 : 0.116
Fri 12 Jul 2024 11:57:08 INFO  Saving current: saved/LightGCN-Jul-12-2024_11-56-47.pth
Fri 12 Jul 2024 11:57:09 INFO  epoch 16 training [time: 0.82s, train loss: 21.4433]
Fri 12 Jul 2024 11:57:09 INFO  epoch 16 evaluating [time: 0.41s, valid_score: 0.291000]
Fri 12 Jul 2024 11:57:09 INFO  valid result: 
recall@10 : 0.19    recall@20 : 0.291    ndcg@10 : 0.207    ndcg@20 : 0.231    mrr@10 : 0.351    mrr@20 : 0.36    hit@10 : 0.7    hit@20 : 0.825    precision@10 : 0.143    precision@20 : 0.116
Fri 12 Jul 2024 11:57:09 INFO  Saving current: saved/LightGCN-Jul-12-2024_11-56-47.pth
Fri 12 Jul 2024 11:57:10 INFO  epoch 17 training [time: 0.79s, train loss: 21.2898]
Fri 12 Jul 2024 11:57:10 INFO  epoch 17 evaluating [time: 0.41s, valid_score: 0.298000]
Fri 12 Jul 2024 11:57:10 INFO  valid result: 
recall@10 : 0.193    recall@20 : 0.298    ndcg@10 : 0.21    ndcg@20 : 0.235    mrr@10 : 0.356    mrr@20 : 0.365    hit@10 : 0.709    hit@20 : 0.835    precision@10 : 0.145    precision@20 : 0.118
Fri 12 Jul 2024 11:57:10 INFO  Saving current: saved/LightGCN-Jul-12-2024_11-56-47.pth
Fri 12 Jul 2024 11:57:11 INFO  epoch 18 training [time: 0.83s, train loss: 21.0051]
Fri 12 Jul 2024 11:57:11 INFO  epoch 18 evaluating [time: 0.40s, valid_score: 0.296000]
Fri 12 Jul 2024 11:57:11 INFO  valid result: 
recall@10 : 0.195    recall@20 : 0.296    ndcg@10 : 0.212    ndcg@20 : 0.236    mrr@10 : 0.359    mrr@20 : 0.368    hit@10 : 0.706    hit@20 : 0.84    precision@10 : 0.146    precision@20 : 0.118
Fri 12 Jul 2024 11:57:12 INFO  epoch 19 training [time: 0.83s, train loss: 20.7123]
Fri 12 Jul 2024 11:57:13 INFO  epoch 19 evaluating [time: 0.40s, valid_score: 0.299000]
Fri 12 Jul 2024 11:57:13 INFO  valid result: 
recall@10 : 0.199    recall@20 : 0.299    ndcg@10 : 0.213    ndcg@20 : 0.237    mrr@10 : 0.36    mrr@20 : 0.369    hit@10 : 0.71    hit@20 : 0.841    precision@10 : 0.147    precision@20 : 0.118
Fri 12 Jul 2024 11:57:13 INFO  Saving current: saved/LightGCN-Jul-12-2024_11-56-47.pth
Fri 12 Jul 2024 11:57:14 INFO  epoch 20 training [time: 0.88s, train loss: 20.2255]
Fri 12 Jul 2024 11:57:14 INFO  epoch 20 evaluating [time: 0.43s, valid_score: 0.300000]
Fri 12 Jul 2024 11:57:14 INFO  valid result: 
recall@10 : 0.198    recall@20 : 0.3    ndcg@10 : 0.214    ndcg@20 : 0.239    mrr@10 : 0.361    mrr@20 : 0.37    hit@10 : 0.705    hit@20 : 0.839    precision@10 : 0.147    precision@20 : 0.119
Fri 12 Jul 2024 11:57:14 INFO  Saving current: saved/LightGCN-Jul-12-2024_11-56-47.pth
Fri 12 Jul 2024 11:57:15 INFO  epoch 21 training [time: 0.85s, train loss: 19.9157]
Fri 12 Jul 2024 11:57:15 INFO  epoch 21 evaluating [time: 0.41s, valid_score: 0.302000]
Fri 12 Jul 2024 11:57:15 INFO  valid result: 
recall@10 : 0.198    recall@20 : 0.302    ndcg@10 : 0.216    ndcg@20 : 0.24    mrr@10 : 0.362    mrr@20 : 0.372    hit@10 : 0.705    hit@20 : 0.844    precision@10 : 0.149    precision@20 : 0.12
Fri 12 Jul 2024 11:57:15 INFO  Saving current: saved/LightGCN-Jul-12-2024_11-56-47.pth
Fri 12 Jul 2024 11:57:16 INFO  epoch 22 training [time: 0.82s, train loss: 19.7098]
Fri 12 Jul 2024 11:57:16 INFO  epoch 22 evaluating [time: 0.42s, valid_score: 0.302000]
Fri 12 Jul 2024 11:57:16 INFO  valid result: 
recall@10 : 0.198    recall@20 : 0.302    ndcg@10 : 0.215    ndcg@20 : 0.241    mrr@10 : 0.361    mrr@20 : 0.37    hit@10 : 0.703    hit@20 : 0.84    precision@10 : 0.148    precision@20 : 0.121
Fri 12 Jul 2024 11:57:16 INFO  Saving current: saved/LightGCN-Jul-12-2024_11-56-47.pth
Fri 12 Jul 2024 11:57:17 INFO  epoch 23 training [time: 0.81s, train loss: 19.3262]
Fri 12 Jul 2024 11:57:18 INFO  epoch 23 evaluating [time: 0.43s, valid_score: 0.304000]
Fri 12 Jul 2024 11:57:18 INFO  valid result: 
recall@10 : 0.2    recall@20 : 0.304    ndcg@10 : 0.217    ndcg@20 : 0.242    mrr@10 : 0.366    mrr@20 : 0.375    hit@10 : 0.714    hit@20 : 0.844    precision@10 : 0.15    precision@20 : 0.122
Fri 12 Jul 2024 11:57:18 INFO  Saving current: saved/LightGCN-Jul-12-2024_11-56-47.pth
Fri 12 Jul 2024 11:57:19 INFO  epoch 24 training [time: 0.90s, train loss: 19.0402]
Fri 12 Jul 2024 11:57:19 INFO  epoch 24 evaluating [time: 0.41s, valid_score: 0.306000]
Fri 12 Jul 2024 11:57:19 INFO  valid result: 
recall@10 : 0.2    recall@20 : 0.306    ndcg@10 : 0.218    ndcg@20 : 0.244    mrr@10 : 0.367    mrr@20 : 0.377    hit@10 : 0.709    hit@20 : 0.843    precision@10 : 0.151    precision@20 : 0.122
Fri 12 Jul 2024 11:57:19 INFO  Saving current: saved/LightGCN-Jul-12-2024_11-56-47.pth
Fri 12 Jul 2024 11:57:20 INFO  epoch 25 training [time: 0.91s, train loss: 18.8070]
Fri 12 Jul 2024 11:57:20 INFO  epoch 25 evaluating [time: 0.41s, valid_score: 0.311000]
Fri 12 Jul 2024 11:57:20 INFO  valid result: 
recall@10 : 0.203    recall@20 : 0.311    ndcg@10 : 0.221    ndcg@20 : 0.247    mrr@10 : 0.369    mrr@20 : 0.378    hit@10 : 0.714    hit@20 : 0.847    precision@10 : 0.153    precision@20 : 0.124
Fri 12 Jul 2024 11:57:20 INFO  Saving current: saved/LightGCN-Jul-12-2024_11-56-47.pth
Fri 12 Jul 2024 11:57:21 INFO  epoch 26 training [time: 0.89s, train loss: 18.4802]
Fri 12 Jul 2024 11:57:22 INFO  epoch 26 evaluating [time: 0.43s, valid_score: 0.312000]
Fri 12 Jul 2024 11:57:22 INFO  valid result: 
recall@10 : 0.203    recall@20 : 0.312    ndcg@10 : 0.22    ndcg@20 : 0.247    mrr@10 : 0.365    mrr@20 : 0.374    hit@10 : 0.719    hit@20 : 0.852    precision@10 : 0.153    precision@20 : 0.124
Fri 12 Jul 2024 11:57:22 INFO  Saving current: saved/LightGCN-Jul-12-2024_11-56-47.pth
Fri 12 Jul 2024 11:57:23 INFO  epoch 27 training [time: 0.93s, train loss: 18.1704]
Fri 12 Jul 2024 11:57:23 INFO  epoch 27 evaluating [time: 0.41s, valid_score: 0.314000]
Fri 12 Jul 2024 11:57:23 INFO  valid result: 
recall@10 : 0.203    recall@20 : 0.314    ndcg@10 : 0.222    ndcg@20 : 0.25    mrr@10 : 0.369    mrr@20 : 0.379    hit@10 : 0.721    hit@20 : 0.855    precision@10 : 0.153    precision@20 : 0.125
Fri 12 Jul 2024 11:57:23 INFO  Saving current: saved/LightGCN-Jul-12-2024_11-56-47.pth
Fri 12 Jul 2024 11:57:24 INFO  epoch 28 training [time: 0.96s, train loss: 17.9364]
Fri 12 Jul 2024 11:57:24 INFO  epoch 28 evaluating [time: 0.42s, valid_score: 0.319000]
Fri 12 Jul 2024 11:57:24 INFO  valid result: 
recall@10 : 0.206    recall@20 : 0.319    ndcg@10 : 0.225    ndcg@20 : 0.252    mrr@10 : 0.37    mrr@20 : 0.38    hit@10 : 0.721    hit@20 : 0.856    precision@10 : 0.157    precision@20 : 0.126
Fri 12 Jul 2024 11:57:24 INFO  Saving current: saved/LightGCN-Jul-12-2024_11-56-47.pth
Fri 12 Jul 2024 11:57:25 INFO  epoch 29 training [time: 0.93s, train loss: 17.7629]
Fri 12 Jul 2024 11:57:26 INFO  epoch 29 evaluating [time: 0.42s, valid_score: 0.320000]
Fri 12 Jul 2024 11:57:26 INFO  valid result: 
recall@10 : 0.207    recall@20 : 0.32    ndcg@10 : 0.226    ndcg@20 : 0.253    mrr@10 : 0.37    mrr@20 : 0.379    hit@10 : 0.729    hit@20 : 0.85    precision@10 : 0.157    precision@20 : 0.127
Fri 12 Jul 2024 11:57:26 INFO  Saving current: saved/LightGCN-Jul-12-2024_11-56-47.pth
Fri 12 Jul 2024 11:57:27 INFO  epoch 30 training [time: 0.94s, train loss: 17.4592]
Fri 12 Jul 2024 11:57:27 INFO  epoch 30 evaluating [time: 0.41s, valid_score: 0.323000]
Fri 12 Jul 2024 11:57:27 INFO  valid result: 
recall@10 : 0.209    recall@20 : 0.323    ndcg@10 : 0.227    ndcg@20 : 0.255    mrr@10 : 0.372    mrr@20 : 0.381    hit@10 : 0.731    hit@20 : 0.858    precision@10 : 0.159    precision@20 : 0.128
Fri 12 Jul 2024 11:57:27 INFO  Saving current: saved/LightGCN-Jul-12-2024_11-56-47.pth
Fri 12 Jul 2024 11:57:28 INFO  epoch 31 training [time: 0.95s, train loss: 17.2463]
Fri 12 Jul 2024 11:57:29 INFO  epoch 31 evaluating [time: 0.41s, valid_score: 0.325000]
Fri 12 Jul 2024 11:57:29 INFO  valid result: 
recall@10 : 0.211    recall@20 : 0.325    ndcg@10 : 0.229    ndcg@20 : 0.257    mrr@10 : 0.375    mrr@20 : 0.383    hit@10 : 0.737    hit@20 : 0.857    precision@10 : 0.16    precision@20 : 0.129
Fri 12 Jul 2024 11:57:29 INFO  Saving current: saved/LightGCN-Jul-12-2024_11-56-47.pth
Fri 12 Jul 2024 11:57:29 INFO  epoch 32 training [time: 0.96s, train loss: 16.8709]
Fri 12 Jul 2024 11:57:30 INFO  epoch 32 evaluating [time: 0.41s, valid_score: 0.326000]
Fri 12 Jul 2024 11:57:30 INFO  valid result: 
recall@10 : 0.211    recall@20 : 0.326    ndcg@10 : 0.229    ndcg@20 : 0.257    mrr@10 : 0.375    mrr@20 : 0.384    hit@10 : 0.733    hit@20 : 0.861    precision@10 : 0.16    precision@20 : 0.129
Fri 12 Jul 2024 11:57:30 INFO  Saving current: saved/LightGCN-Jul-12-2024_11-56-47.pth
Fri 12 Jul 2024 11:57:31 INFO  epoch 33 training [time: 0.97s, train loss: 16.8706]
Fri 12 Jul 2024 11:57:31 INFO  epoch 33 evaluating [time: 0.41s, valid_score: 0.325000]
Fri 12 Jul 2024 11:57:31 INFO  valid result: 
recall@10 : 0.21    recall@20 : 0.325    ndcg@10 : 0.228    ndcg@20 : 0.256    mrr@10 : 0.373    mrr@20 : 0.382    hit@10 : 0.734    hit@20 : 0.859    precision@10 : 0.16    precision@20 : 0.128
Fri 12 Jul 2024 11:57:32 INFO  epoch 34 training [time: 0.95s, train loss: 16.6336]
Fri 12 Jul 2024 11:57:33 INFO  epoch 34 evaluating [time: 0.43s, valid_score: 0.327000]
Fri 12 Jul 2024 11:57:33 INFO  valid result: 
recall@10 : 0.213    recall@20 : 0.327    ndcg@10 : 0.229    ndcg@20 : 0.257    mrr@10 : 0.374    mrr@20 : 0.383    hit@10 : 0.735    hit@20 : 0.864    precision@10 : 0.16    precision@20 : 0.129
Fri 12 Jul 2024 11:57:33 INFO  Saving current: saved/LightGCN-Jul-12-2024_11-56-47.pth
Fri 12 Jul 2024 11:57:34 INFO  epoch 35 training [time: 1.01s, train loss: 16.2668]
Fri 12 Jul 2024 11:57:34 INFO  epoch 35 evaluating [time: 0.44s, valid_score: 0.332000]
Fri 12 Jul 2024 11:57:34 INFO  valid result: 
recall@10 : 0.211    recall@20 : 0.332    ndcg@10 : 0.229    ndcg@20 : 0.26    mrr@10 : 0.376    mrr@20 : 0.385    hit@10 : 0.739    hit@20 : 0.871    precision@10 : 0.16    precision@20 : 0.131
Fri 12 Jul 2024 11:57:34 INFO  Saving current: saved/LightGCN-Jul-12-2024_11-56-47.pth
Fri 12 Jul 2024 11:57:35 INFO  epoch 36 training [time: 1.02s, train loss: 16.0713]
Fri 12 Jul 2024 11:57:36 INFO  epoch 36 evaluating [time: 0.43s, valid_score: 0.334000]
Fri 12 Jul 2024 11:57:36 INFO  valid result: 
recall@10 : 0.212    recall@20 : 0.334    ndcg@10 : 0.23    ndcg@20 : 0.26    mrr@10 : 0.377    mrr@20 : 0.385    hit@10 : 0.741    hit@20 : 0.867    precision@10 : 0.161    precision@20 : 0.131
Fri 12 Jul 2024 11:57:36 INFO  Saving current: saved/LightGCN-Jul-12-2024_11-56-47.pth
Fri 12 Jul 2024 11:57:37 INFO  epoch 37 training [time: 1.06s, train loss: 16.0383]
Fri 12 Jul 2024 11:57:37 INFO  epoch 37 evaluating [time: 0.40s, valid_score: 0.334000]
Fri 12 Jul 2024 11:57:37 INFO  valid result: 
recall@10 : 0.215    recall@20 : 0.334    ndcg@10 : 0.231    ndcg@20 : 0.261    mrr@10 : 0.378    mrr@20 : 0.386    hit@10 : 0.742    hit@20 : 0.866    precision@10 : 0.161    precision@20 : 0.132
Fri 12 Jul 2024 11:57:37 INFO  Saving current: saved/LightGCN-Jul-12-2024_11-56-47.pth
Fri 12 Jul 2024 11:57:38 INFO  epoch 38 training [time: 1.04s, train loss: 15.6858]
Fri 12 Jul 2024 11:57:39 INFO  epoch 38 evaluating [time: 0.43s, valid_score: 0.335000]
Fri 12 Jul 2024 11:57:39 INFO  valid result: 
recall@10 : 0.217    recall@20 : 0.335    ndcg@10 : 0.232    ndcg@20 : 0.262    mrr@10 : 0.378    mrr@20 : 0.387    hit@10 : 0.75    hit@20 : 0.869    precision@10 : 0.162    precision@20 : 0.132
Fri 12 Jul 2024 11:57:39 INFO  Saving current: saved/LightGCN-Jul-12-2024_11-56-47.pth
Fri 12 Jul 2024 11:57:39 INFO  epoch 39 training [time: 0.92s, train loss: 15.6120]
Fri 12 Jul 2024 11:57:40 INFO  epoch 39 evaluating [time: 0.44s, valid_score: 0.335000]
Fri 12 Jul 2024 11:57:40 INFO  valid result: 
recall@10 : 0.216    recall@20 : 0.335    ndcg@10 : 0.234    ndcg@20 : 0.263    mrr@10 : 0.383    mrr@20 : 0.391    hit@10 : 0.752    hit@20 : 0.871    precision@10 : 0.163    precision@20 : 0.132
Fri 12 Jul 2024 11:57:40 INFO  Saving current: saved/LightGCN-Jul-12-2024_11-56-47.pth
Fri 12 Jul 2024 11:57:41 INFO  epoch 40 training [time: 0.79s, train loss: 15.4496]
Fri 12 Jul 2024 11:57:41 INFO  epoch 40 evaluating [time: 0.42s, valid_score: 0.332000]
Fri 12 Jul 2024 11:57:41 INFO  valid result: 
recall@10 : 0.217    recall@20 : 0.332    ndcg@10 : 0.234    ndcg@20 : 0.263    mrr@10 : 0.385    mrr@20 : 0.393    hit@10 : 0.75    hit@20 : 0.869    precision@10 : 0.163    precision@20 : 0.132
Fri 12 Jul 2024 11:57:42 INFO  epoch 41 training [time: 0.77s, train loss: 15.1505]
Fri 12 Jul 2024 11:57:42 INFO  epoch 41 evaluating [time: 0.41s, valid_score: 0.334000]
Fri 12 Jul 2024 11:57:42 INFO  valid result: 
recall@10 : 0.217    recall@20 : 0.334    ndcg@10 : 0.234    ndcg@20 : 0.264    mrr@10 : 0.385    mrr@20 : 0.393    hit@10 : 0.75    hit@20 : 0.871    precision@10 : 0.162    precision@20 : 0.132
Fri 12 Jul 2024 11:57:43 INFO  epoch 42 training [time: 0.76s, train loss: 15.0015]
Fri 12 Jul 2024 11:57:43 INFO  epoch 42 evaluating [time: 0.40s, valid_score: 0.336000]
Fri 12 Jul 2024 11:57:43 INFO  valid result: 
recall@10 : 0.22    recall@20 : 0.336    ndcg@10 : 0.235    ndcg@20 : 0.265    mrr@10 : 0.385    mrr@20 : 0.393    hit@10 : 0.757    hit@20 : 0.873    precision@10 : 0.164    precision@20 : 0.133
Fri 12 Jul 2024 11:57:44 INFO  Saving current: saved/LightGCN-Jul-12-2024_11-56-47.pth
Fri 12 Jul 2024 11:57:44 INFO  epoch 43 training [time: 0.83s, train loss: 14.7682]
Fri 12 Jul 2024 11:57:45 INFO  epoch 43 evaluating [time: 0.41s, valid_score: 0.338000]
Fri 12 Jul 2024 11:57:45 INFO  valid result: 
recall@10 : 0.221    recall@20 : 0.338    ndcg@10 : 0.237    ndcg@20 : 0.266    mrr@10 : 0.388    mrr@20 : 0.397    hit@10 : 0.755    hit@20 : 0.877    precision@10 : 0.164    precision@20 : 0.133
Fri 12 Jul 2024 11:57:45 INFO  Saving current: saved/LightGCN-Jul-12-2024_11-56-47.pth
Fri 12 Jul 2024 11:57:46 INFO  epoch 44 training [time: 0.79s, train loss: 14.5392]
Fri 12 Jul 2024 11:57:46 INFO  epoch 44 evaluating [time: 0.40s, valid_score: 0.339000]
Fri 12 Jul 2024 11:57:46 INFO  valid result: 
recall@10 : 0.222    recall@20 : 0.339    ndcg@10 : 0.239    ndcg@20 : 0.268    mrr@10 : 0.393    mrr@20 : 0.402    hit@10 : 0.755    hit@20 : 0.876    precision@10 : 0.164    precision@20 : 0.133
Fri 12 Jul 2024 11:57:46 INFO  Saving current: saved/LightGCN-Jul-12-2024_11-56-47.pth
Fri 12 Jul 2024 11:57:47 INFO  epoch 45 training [time: 0.84s, train loss: 14.3964]
Fri 12 Jul 2024 11:57:47 INFO  epoch 45 evaluating [time: 0.43s, valid_score: 0.341000]
Fri 12 Jul 2024 11:57:47 INFO  valid result: 
recall@10 : 0.22    recall@20 : 0.341    ndcg@10 : 0.238    ndcg@20 : 0.269    mrr@10 : 0.396    mrr@20 : 0.404    hit@10 : 0.759    hit@20 : 0.876    precision@10 : 0.163    precision@20 : 0.134
Fri 12 Jul 2024 11:57:47 INFO  Saving current: saved/LightGCN-Jul-12-2024_11-56-47.pth
Fri 12 Jul 2024 11:57:48 INFO  epoch 46 training [time: 0.85s, train loss: 14.1696]
Fri 12 Jul 2024 11:57:49 INFO  epoch 46 evaluating [time: 0.43s, valid_score: 0.341000]
Fri 12 Jul 2024 11:57:49 INFO  valid result: 
recall@10 : 0.225    recall@20 : 0.341    ndcg@10 : 0.239    ndcg@20 : 0.268    mrr@10 : 0.392    mrr@20 : 0.399    hit@10 : 0.77    hit@20 : 0.877    precision@10 : 0.165    precision@20 : 0.134
Fri 12 Jul 2024 11:57:49 INFO  Saving current: saved/LightGCN-Jul-12-2024_11-56-47.pth
Fri 12 Jul 2024 11:57:49 INFO  epoch 47 training [time: 0.95s, train loss: 13.9674]
Fri 12 Jul 2024 11:57:50 INFO  epoch 47 evaluating [time: 0.41s, valid_score: 0.340000]
Fri 12 Jul 2024 11:57:50 INFO  valid result: 
recall@10 : 0.227    recall@20 : 0.34    ndcg@10 : 0.24    ndcg@20 : 0.268    mrr@10 : 0.391    mrr@20 : 0.399    hit@10 : 0.767    hit@20 : 0.879    precision@10 : 0.167    precision@20 : 0.134
Fri 12 Jul 2024 11:57:51 INFO  epoch 48 training [time: 1.00s, train loss: 13.8542]
Fri 12 Jul 2024 11:57:51 INFO  epoch 48 evaluating [time: 0.47s, valid_score: 0.341000]
Fri 12 Jul 2024 11:57:51 INFO  valid result: 
recall@10 : 0.225    recall@20 : 0.341    ndcg@10 : 0.24    ndcg@20 : 0.269    mrr@10 : 0.392    mrr@20 : 0.4    hit@10 : 0.762    hit@20 : 0.878    precision@10 : 0.166    precision@20 : 0.134
Fri 12 Jul 2024 11:57:51 INFO  Saving current: saved/LightGCN-Jul-12-2024_11-56-47.pth
Fri 12 Jul 2024 11:57:52 INFO  epoch 49 training [time: 0.90s, train loss: 13.6769]
Fri 12 Jul 2024 11:57:53 INFO  epoch 49 evaluating [time: 0.41s, valid_score: 0.343000]
Fri 12 Jul 2024 11:57:53 INFO  valid result: 
recall@10 : 0.227    recall@20 : 0.343    ndcg@10 : 0.24    ndcg@20 : 0.27    mrr@10 : 0.393    mrr@20 : 0.4    hit@10 : 0.765    hit@20 : 0.875    precision@10 : 0.166    precision@20 : 0.135
Fri 12 Jul 2024 11:57:53 INFO  Saving current: saved/LightGCN-Jul-12-2024_11-56-47.pth
Fri 12 Jul 2024 11:57:53 INFO  epoch 50 training [time: 0.81s, train loss: 13.4994]
Fri 12 Jul 2024 11:57:54 INFO  epoch 50 evaluating [time: 0.42s, valid_score: 0.343000]
Fri 12 Jul 2024 11:57:54 INFO  valid result: 
recall@10 : 0.226    recall@20 : 0.343    ndcg@10 : 0.241    ndcg@20 : 0.27    mrr@10 : 0.394    mrr@20 : 0.402    hit@10 : 0.764    hit@20 : 0.876    precision@10 : 0.166    precision@20 : 0.135
Fri 12 Jul 2024 11:57:54 INFO  Saving current: saved/LightGCN-Jul-12-2024_11-56-47.pth
Fri 12 Jul 2024 11:57:55 INFO  epoch 51 training [time: 0.80s, train loss: 13.3517]
Fri 12 Jul 2024 11:57:55 INFO  epoch 51 evaluating [time: 0.41s, valid_score: 0.341000]
Fri 12 Jul 2024 11:57:55 INFO  valid result: 
recall@10 : 0.225    recall@20 : 0.341    ndcg@10 : 0.24    ndcg@20 : 0.27    mrr@10 : 0.393    mrr@20 : 0.401    hit@10 : 0.765    hit@20 : 0.874    precision@10 : 0.165    precision@20 : 0.135
Fri 12 Jul 2024 11:57:56 INFO  epoch 52 training [time: 0.78s, train loss: 13.1484]
Fri 12 Jul 2024 11:57:56 INFO  epoch 52 evaluating [time: 0.47s, valid_score: 0.343000]
Fri 12 Jul 2024 11:57:56 INFO  valid result: 
recall@10 : 0.226    recall@20 : 0.343    ndcg@10 : 0.242    ndcg@20 : 0.272    mrr@10 : 0.396    mrr@20 : 0.404    hit@10 : 0.762    hit@20 : 0.877    precision@10 : 0.166    precision@20 : 0.135
Fri 12 Jul 2024 11:57:56 INFO  Saving current: saved/LightGCN-Jul-12-2024_11-56-47.pth
Fri 12 Jul 2024 11:57:57 INFO  epoch 53 training [time: 0.98s, train loss: 12.9801]
Fri 12 Jul 2024 11:57:58 INFO  epoch 53 evaluating [time: 0.42s, valid_score: 0.343000]
Fri 12 Jul 2024 11:57:58 INFO  valid result: 
recall@10 : 0.224    recall@20 : 0.343    ndcg@10 : 0.241    ndcg@20 : 0.272    mrr@10 : 0.396    mrr@20 : 0.405    hit@10 : 0.761    hit@20 : 0.876    precision@10 : 0.164    precision@20 : 0.136
Fri 12 Jul 2024 11:57:58 INFO  Saving current: saved/LightGCN-Jul-12-2024_11-56-47.pth
Fri 12 Jul 2024 11:57:59 INFO  epoch 54 training [time: 0.80s, train loss: 12.8357]
Fri 12 Jul 2024 11:57:59 INFO  epoch 54 evaluating [time: 0.44s, valid_score: 0.345000]
Fri 12 Jul 2024 11:57:59 INFO  valid result: 
recall@10 : 0.226    recall@20 : 0.345    ndcg@10 : 0.242    ndcg@20 : 0.273    mrr@10 : 0.401    mrr@20 : 0.409    hit@10 : 0.766    hit@20 : 0.879    precision@10 : 0.165    precision@20 : 0.136
Fri 12 Jul 2024 11:57:59 INFO  Saving current: saved/LightGCN-Jul-12-2024_11-56-47.pth
Fri 12 Jul 2024 11:58:00 INFO  epoch 55 training [time: 0.75s, train loss: 12.5620]
Fri 12 Jul 2024 11:58:00 INFO  epoch 55 evaluating [time: 0.41s, valid_score: 0.345000]
Fri 12 Jul 2024 11:58:00 INFO  valid result: 
recall@10 : 0.226    recall@20 : 0.345    ndcg@10 : 0.242    ndcg@20 : 0.273    mrr@10 : 0.4    mrr@20 : 0.408    hit@10 : 0.762    hit@20 : 0.881    precision@10 : 0.166    precision@20 : 0.136
Fri 12 Jul 2024 11:58:00 INFO  Saving current: saved/LightGCN-Jul-12-2024_11-56-47.pth
Fri 12 Jul 2024 11:58:01 INFO  epoch 56 training [time: 0.78s, train loss: 12.3409]
Fri 12 Jul 2024 11:58:01 INFO  epoch 56 evaluating [time: 0.41s, valid_score: 0.347000]
Fri 12 Jul 2024 11:58:01 INFO  valid result: 
recall@10 : 0.225    recall@20 : 0.347    ndcg@10 : 0.243    ndcg@20 : 0.274    mrr@10 : 0.402    mrr@20 : 0.41    hit@10 : 0.759    hit@20 : 0.88    precision@10 : 0.166    precision@20 : 0.136
Fri 12 Jul 2024 11:58:01 INFO  Saving current: saved/LightGCN-Jul-12-2024_11-56-47.pth
Fri 12 Jul 2024 11:58:02 INFO  epoch 57 training [time: 0.77s, train loss: 12.2612]
Fri 12 Jul 2024 11:58:03 INFO  epoch 57 evaluating [time: 0.42s, valid_score: 0.346000]
Fri 12 Jul 2024 11:58:03 INFO  valid result: 
recall@10 : 0.225    recall@20 : 0.346    ndcg@10 : 0.244    ndcg@20 : 0.274    mrr@10 : 0.401    mrr@20 : 0.409    hit@10 : 0.76    hit@20 : 0.881    precision@10 : 0.167    precision@20 : 0.136
Fri 12 Jul 2024 11:58:03 INFO  epoch 58 training [time: 0.79s, train loss: 12.1622]
Fri 12 Jul 2024 11:58:04 INFO  epoch 58 evaluating [time: 0.43s, valid_score: 0.346000]
Fri 12 Jul 2024 11:58:04 INFO  valid result: 
recall@10 : 0.225    recall@20 : 0.346    ndcg@10 : 0.243    ndcg@20 : 0.274    mrr@10 : 0.403    mrr@20 : 0.411    hit@10 : 0.758    hit@20 : 0.879    precision@10 : 0.166    precision@20 : 0.136
Fri 12 Jul 2024 11:58:05 INFO  epoch 59 training [time: 0.91s, train loss: 11.9191]
Fri 12 Jul 2024 11:58:05 INFO  epoch 59 evaluating [time: 0.45s, valid_score: 0.343000]
Fri 12 Jul 2024 11:58:05 INFO  valid result: 
recall@10 : 0.226    recall@20 : 0.343    ndcg@10 : 0.244    ndcg@20 : 0.273    mrr@10 : 0.402    mrr@20 : 0.411    hit@10 : 0.76    hit@20 : 0.875    precision@10 : 0.167    precision@20 : 0.135
Fri 12 Jul 2024 11:58:06 INFO  epoch 60 training [time: 0.96s, train loss: 11.8070]
Fri 12 Jul 2024 11:58:07 INFO  epoch 60 evaluating [time: 0.46s, valid_score: 0.347000]
Fri 12 Jul 2024 11:58:07 INFO  valid result: 
recall@10 : 0.227    recall@20 : 0.347    ndcg@10 : 0.245    ndcg@20 : 0.275    mrr@10 : 0.405    mrr@20 : 0.413    hit@10 : 0.766    hit@20 : 0.879    precision@10 : 0.167    precision@20 : 0.135
Fri 12 Jul 2024 11:58:07 INFO  Saving current: saved/LightGCN-Jul-12-2024_11-56-47.pth
Fri 12 Jul 2024 11:58:07 INFO  epoch 61 training [time: 0.82s, train loss: 11.6005]
Fri 12 Jul 2024 11:58:08 INFO  epoch 61 evaluating [time: 0.42s, valid_score: 0.347000]
Fri 12 Jul 2024 11:58:08 INFO  valid result: 
recall@10 : 0.226    recall@20 : 0.347    ndcg@10 : 0.243    ndcg@20 : 0.274    mrr@10 : 0.403    mrr@20 : 0.411    hit@10 : 0.759    hit@20 : 0.879    precision@10 : 0.165    precision@20 : 0.135
Fri 12 Jul 2024 11:58:08 INFO  Saving current: saved/LightGCN-Jul-12-2024_11-56-47.pth
Fri 12 Jul 2024 11:58:09 INFO  epoch 62 training [time: 0.89s, train loss: 11.3623]
Fri 12 Jul 2024 11:58:09 INFO  epoch 62 evaluating [time: 0.45s, valid_score: 0.347000]
Fri 12 Jul 2024 11:58:09 INFO  valid result: 
recall@10 : 0.226    recall@20 : 0.347    ndcg@10 : 0.243    ndcg@20 : 0.274    mrr@10 : 0.4    mrr@20 : 0.408    hit@10 : 0.757    hit@20 : 0.877    precision@10 : 0.166    precision@20 : 0.135
Fri 12 Jul 2024 11:58:09 INFO  Saving current: saved/LightGCN-Jul-12-2024_11-56-47.pth
Fri 12 Jul 2024 11:58:10 INFO  epoch 63 training [time: 0.87s, train loss: 11.2981]
Fri 12 Jul 2024 11:58:11 INFO  epoch 63 evaluating [time: 0.43s, valid_score: 0.347000]
Fri 12 Jul 2024 11:58:11 INFO  valid result: 
recall@10 : 0.226    recall@20 : 0.347    ndcg@10 : 0.244    ndcg@20 : 0.275    mrr@10 : 0.406    mrr@20 : 0.414    hit@10 : 0.758    hit@20 : 0.879    precision@10 : 0.165    precision@20 : 0.135
Fri 12 Jul 2024 11:58:11 INFO  Saving current: saved/LightGCN-Jul-12-2024_11-56-47.pth
Fri 12 Jul 2024 11:58:11 INFO  epoch 64 training [time: 0.79s, train loss: 11.1386]
Fri 12 Jul 2024 11:58:12 INFO  epoch 64 evaluating [time: 0.41s, valid_score: 0.345000]
Fri 12 Jul 2024 11:58:12 INFO  valid result: 
recall@10 : 0.226    recall@20 : 0.345    ndcg@10 : 0.243    ndcg@20 : 0.273    mrr@10 : 0.4    mrr@20 : 0.408    hit@10 : 0.761    hit@20 : 0.879    precision@10 : 0.166    precision@20 : 0.135
Fri 12 Jul 2024 11:58:12 INFO  epoch 65 training [time: 0.76s, train loss: 11.0094]
Fri 12 Jul 2024 11:58:13 INFO  epoch 65 evaluating [time: 0.41s, valid_score: 0.347000]
Fri 12 Jul 2024 11:58:13 INFO  valid result: 
recall@10 : 0.227    recall@20 : 0.347    ndcg@10 : 0.243    ndcg@20 : 0.274    mrr@10 : 0.401    mrr@20 : 0.409    hit@10 : 0.767    hit@20 : 0.883    precision@10 : 0.165    precision@20 : 0.135
Fri 12 Jul 2024 11:58:13 INFO  Saving current: saved/LightGCN-Jul-12-2024_11-56-47.pth
Fri 12 Jul 2024 11:58:14 INFO  epoch 66 training [time: 0.86s, train loss: 10.7847]
Fri 12 Jul 2024 11:58:14 INFO  epoch 66 evaluating [time: 0.42s, valid_score: 0.346000]
Fri 12 Jul 2024 11:58:14 INFO  valid result: 
recall@10 : 0.228    recall@20 : 0.346    ndcg@10 : 0.243    ndcg@20 : 0.273    mrr@10 : 0.401    mrr@20 : 0.408    hit@10 : 0.769    hit@20 : 0.88    precision@10 : 0.166    precision@20 : 0.134
Fri 12 Jul 2024 11:58:15 INFO  epoch 67 training [time: 0.84s, train loss: 10.6773]
Fri 12 Jul 2024 11:58:15 INFO  epoch 67 evaluating [time: 0.42s, valid_score: 0.346000]
Fri 12 Jul 2024 11:58:15 INFO  valid result: 
recall@10 : 0.228    recall@20 : 0.346    ndcg@10 : 0.243    ndcg@20 : 0.273    mrr@10 : 0.402    mrr@20 : 0.409    hit@10 : 0.772    hit@20 : 0.882    precision@10 : 0.166    precision@20 : 0.134
Fri 12 Jul 2024 11:58:16 INFO  epoch 68 training [time: 0.87s, train loss: 10.5913]
Fri 12 Jul 2024 11:58:17 INFO  epoch 68 evaluating [time: 0.42s, valid_score: 0.345000]
Fri 12 Jul 2024 11:58:17 INFO  valid result: 
recall@10 : 0.226    recall@20 : 0.345    ndcg@10 : 0.242    ndcg@20 : 0.272    mrr@10 : 0.401    mrr@20 : 0.408    hit@10 : 0.772    hit@20 : 0.879    precision@10 : 0.165    precision@20 : 0.133
Fri 12 Jul 2024 11:58:18 INFO  epoch 69 training [time: 0.85s, train loss: 10.3901]
Fri 12 Jul 2024 11:58:18 INFO  epoch 69 evaluating [time: 0.41s, valid_score: 0.344000]
Fri 12 Jul 2024 11:58:18 INFO  valid result: 
recall@10 : 0.227    recall@20 : 0.344    ndcg@10 : 0.243    ndcg@20 : 0.272    mrr@10 : 0.403    mrr@20 : 0.41    hit@10 : 0.77    hit@20 : 0.879    precision@10 : 0.165    precision@20 : 0.133
Fri 12 Jul 2024 11:58:19 INFO  epoch 70 training [time: 0.85s, train loss: 10.2026]
Fri 12 Jul 2024 11:58:19 INFO  epoch 70 evaluating [time: 0.42s, valid_score: 0.345000]
Fri 12 Jul 2024 11:58:19 INFO  valid result: 
recall@10 : 0.227    recall@20 : 0.345    ndcg@10 : 0.244    ndcg@20 : 0.273    mrr@10 : 0.407    mrr@20 : 0.415    hit@10 : 0.771    hit@20 : 0.878    precision@10 : 0.166    precision@20 : 0.133
Fri 12 Jul 2024 11:58:20 INFO  epoch 71 training [time: 0.97s, train loss: 10.1125]
Fri 12 Jul 2024 11:58:21 INFO  epoch 71 evaluating [time: 0.47s, valid_score: 0.343000]
Fri 12 Jul 2024 11:58:21 INFO  valid result: 
recall@10 : 0.224    recall@20 : 0.343    ndcg@10 : 0.242    ndcg@20 : 0.271    mrr@10 : 0.403    mrr@20 : 0.411    hit@10 : 0.767    hit@20 : 0.875    precision@10 : 0.165    precision@20 : 0.132
Fri 12 Jul 2024 11:58:22 INFO  epoch 72 training [time: 0.88s, train loss: 9.9286]
Fri 12 Jul 2024 11:58:22 INFO  epoch 72 evaluating [time: 0.44s, valid_score: 0.346000]
Fri 12 Jul 2024 11:58:22 INFO  valid result: 
recall@10 : 0.226    recall@20 : 0.346    ndcg@10 : 0.242    ndcg@20 : 0.272    mrr@10 : 0.4    mrr@20 : 0.408    hit@10 : 0.768    hit@20 : 0.881    precision@10 : 0.165    precision@20 : 0.134
Fri 12 Jul 2024 11:58:23 INFO  epoch 73 training [time: 0.80s, train loss: 9.7234]
Fri 12 Jul 2024 11:58:23 INFO  epoch 73 evaluating [time: 0.41s, valid_score: 0.343000]
Fri 12 Jul 2024 11:58:23 INFO  valid result: 
recall@10 : 0.226    recall@20 : 0.343    ndcg@10 : 0.241    ndcg@20 : 0.271    mrr@10 : 0.4    mrr@20 : 0.408    hit@10 : 0.774    hit@20 : 0.882    precision@10 : 0.164    precision@20 : 0.132
Fri 12 Jul 2024 11:58:24 INFO  epoch 74 training [time: 0.85s, train loss: 9.6612]
Fri 12 Jul 2024 11:58:24 INFO  epoch 74 evaluating [time: 0.42s, valid_score: 0.345000]
Fri 12 Jul 2024 11:58:24 INFO  valid result: 
recall@10 : 0.226    recall@20 : 0.345    ndcg@10 : 0.241    ndcg@20 : 0.271    mrr@10 : 0.399    mrr@20 : 0.407    hit@10 : 0.772    hit@20 : 0.88    precision@10 : 0.164    precision@20 : 0.132
Fri 12 Jul 2024 11:58:25 INFO  epoch 75 training [time: 0.88s, train loss: 9.5006]
Fri 12 Jul 2024 11:58:26 INFO  epoch 75 evaluating [time: 0.46s, valid_score: 0.346000]
Fri 12 Jul 2024 11:58:26 INFO  valid result: 
recall@10 : 0.223    recall@20 : 0.346    ndcg@10 : 0.24    ndcg@20 : 0.272    mrr@10 : 0.4    mrr@20 : 0.408    hit@10 : 0.767    hit@20 : 0.882    precision@10 : 0.163    precision@20 : 0.133
Fri 12 Jul 2024 11:58:27 INFO  epoch 76 training [time: 0.85s, train loss: 9.3757]
Fri 12 Jul 2024 11:58:27 INFO  epoch 76 evaluating [time: 0.43s, valid_score: 0.347000]
Fri 12 Jul 2024 11:58:27 INFO  valid result: 
recall@10 : 0.224    recall@20 : 0.347    ndcg@10 : 0.24    ndcg@20 : 0.271    mrr@10 : 0.398    mrr@20 : 0.406    hit@10 : 0.773    hit@20 : 0.884    precision@10 : 0.164    precision@20 : 0.133
Fri 12 Jul 2024 11:58:27 INFO  Saving current: saved/LightGCN-Jul-12-2024_11-56-47.pth
Fri 12 Jul 2024 11:58:28 INFO  epoch 77 training [time: 0.85s, train loss: 9.2357]
Fri 12 Jul 2024 11:58:28 INFO  epoch 77 evaluating [time: 0.42s, valid_score: 0.347000]
Fri 12 Jul 2024 11:58:28 INFO  valid result: 
recall@10 : 0.224    recall@20 : 0.347    ndcg@10 : 0.239    ndcg@20 : 0.27    mrr@10 : 0.396    mrr@20 : 0.404    hit@10 : 0.772    hit@20 : 0.884    precision@10 : 0.164    precision@20 : 0.133
Fri 12 Jul 2024 11:58:28 INFO  Saving current: saved/LightGCN-Jul-12-2024_11-56-47.pth
Fri 12 Jul 2024 11:58:29 INFO  epoch 78 training [time: 0.89s, train loss: 9.1615]
Fri 12 Jul 2024 11:58:30 INFO  epoch 78 evaluating [time: 0.45s, valid_score: 0.347000]
Fri 12 Jul 2024 11:58:30 INFO  valid result: 
recall@10 : 0.223    recall@20 : 0.347    ndcg@10 : 0.238    ndcg@20 : 0.27    mrr@10 : 0.394    mrr@20 : 0.402    hit@10 : 0.771    hit@20 : 0.884    precision@10 : 0.163    precision@20 : 0.133
Fri 12 Jul 2024 11:58:30 INFO  Saving current: saved/LightGCN-Jul-12-2024_11-56-47.pth
Fri 12 Jul 2024 11:58:31 INFO  epoch 79 training [time: 0.83s, train loss: 9.0117]
Fri 12 Jul 2024 11:58:31 INFO  epoch 79 evaluating [time: 0.43s, valid_score: 0.345000]
Fri 12 Jul 2024 11:58:31 INFO  valid result: 
recall@10 : 0.223    recall@20 : 0.345    ndcg@10 : 0.239    ndcg@20 : 0.271    mrr@10 : 0.397    mrr@20 : 0.405    hit@10 : 0.773    hit@20 : 0.88    precision@10 : 0.162    precision@20 : 0.133
Fri 12 Jul 2024 11:58:32 INFO  epoch 80 training [time: 0.94s, train loss: 8.8856]
Fri 12 Jul 2024 11:58:32 INFO  epoch 80 evaluating [time: 0.43s, valid_score: 0.343000]
Fri 12 Jul 2024 11:58:32 INFO  valid result: 
recall@10 : 0.225    recall@20 : 0.343    ndcg@10 : 0.239    ndcg@20 : 0.27    mrr@10 : 0.399    mrr@20 : 0.406    hit@10 : 0.774    hit@20 : 0.879    precision@10 : 0.163    precision@20 : 0.132
Fri 12 Jul 2024 11:58:33 INFO  epoch 81 training [time: 0.88s, train loss: 8.8183]
Fri 12 Jul 2024 11:58:34 INFO  epoch 81 evaluating [time: 0.45s, valid_score: 0.342000]
Fri 12 Jul 2024 11:58:34 INFO  valid result: 
recall@10 : 0.224    recall@20 : 0.342    ndcg@10 : 0.238    ndcg@20 : 0.269    mrr@10 : 0.396    mrr@20 : 0.403    hit@10 : 0.772    hit@20 : 0.88    precision@10 : 0.161    precision@20 : 0.131
Fri 12 Jul 2024 11:58:35 INFO  epoch 82 training [time: 0.84s, train loss: 8.6673]
Fri 12 Jul 2024 11:58:35 INFO  epoch 82 evaluating [time: 0.45s, valid_score: 0.346000]
Fri 12 Jul 2024 11:58:35 INFO  valid result: 
recall@10 : 0.222    recall@20 : 0.346    ndcg@10 : 0.238    ndcg@20 : 0.27    mrr@10 : 0.399    mrr@20 : 0.407    hit@10 : 0.769    hit@20 : 0.884    precision@10 : 0.162    precision@20 : 0.131
Fri 12 Jul 2024 11:58:36 INFO  epoch 83 training [time: 0.84s, train loss: 8.5914]
Fri 12 Jul 2024 11:58:36 INFO  epoch 83 evaluating [time: 0.45s, valid_score: 0.343000]
Fri 12 Jul 2024 11:58:36 INFO  valid result: 
recall@10 : 0.223    recall@20 : 0.343    ndcg@10 : 0.238    ndcg@20 : 0.269    mrr@10 : 0.4    mrr@20 : 0.408    hit@10 : 0.769    hit@20 : 0.879    precision@10 : 0.162    precision@20 : 0.131
Fri 12 Jul 2024 11:58:37 INFO  epoch 84 training [time: 0.95s, train loss: 8.3958]
Fri 12 Jul 2024 11:58:38 INFO  epoch 84 evaluating [time: 0.50s, valid_score: 0.343000]
Fri 12 Jul 2024 11:58:38 INFO  valid result: 
recall@10 : 0.223    recall@20 : 0.343    ndcg@10 : 0.238    ndcg@20 : 0.269    mrr@10 : 0.401    mrr@20 : 0.408    hit@10 : 0.773    hit@20 : 0.878    precision@10 : 0.161    precision@20 : 0.131
Fri 12 Jul 2024 11:58:39 INFO  epoch 85 training [time: 1.03s, train loss: 8.3389]
Fri 12 Jul 2024 11:58:39 INFO  epoch 85 evaluating [time: 0.44s, valid_score: 0.341000]
Fri 12 Jul 2024 11:58:39 INFO  valid result: 
recall@10 : 0.222    recall@20 : 0.341    ndcg@10 : 0.237    ndcg@20 : 0.268    mrr@10 : 0.397    mrr@20 : 0.404    hit@10 : 0.775    hit@20 : 0.875    precision@10 : 0.161    precision@20 : 0.13
Fri 12 Jul 2024 11:58:40 INFO  epoch 86 training [time: 0.86s, train loss: 8.2962]
Fri 12 Jul 2024 11:58:41 INFO  epoch 86 evaluating [time: 0.46s, valid_score: 0.344000]
Fri 12 Jul 2024 11:58:41 INFO  valid result: 
recall@10 : 0.224    recall@20 : 0.344    ndcg@10 : 0.238    ndcg@20 : 0.269    mrr@10 : 0.399    mrr@20 : 0.407    hit@10 : 0.774    hit@20 : 0.879    precision@10 : 0.161    precision@20 : 0.13
Fri 12 Jul 2024 11:58:41 INFO  epoch 87 training [time: 0.89s, train loss: 8.1981]
Fri 12 Jul 2024 11:58:42 INFO  epoch 87 evaluating [time: 0.46s, valid_score: 0.340000]
Fri 12 Jul 2024 11:58:42 INFO  valid result: 
recall@10 : 0.22    recall@20 : 0.34    ndcg@10 : 0.237    ndcg@20 : 0.268    mrr@10 : 0.402    mrr@20 : 0.41    hit@10 : 0.768    hit@20 : 0.879    precision@10 : 0.159    precision@20 : 0.13
Fri 12 Jul 2024 11:58:43 INFO  epoch 88 training [time: 0.97s, train loss: 8.0276]
Fri 12 Jul 2024 11:58:43 INFO  epoch 88 evaluating [time: 0.46s, valid_score: 0.340000]
Fri 12 Jul 2024 11:58:43 INFO  valid result: 
recall@10 : 0.224    recall@20 : 0.34    ndcg@10 : 0.238    ndcg@20 : 0.269    mrr@10 : 0.403    mrr@20 : 0.411    hit@10 : 0.771    hit@20 : 0.882    precision@10 : 0.16    precision@20 : 0.13
Fri 12 Jul 2024 11:58:44 INFO  epoch 89 training [time: 0.83s, train loss: 7.9534]
Fri 12 Jul 2024 11:58:45 INFO  epoch 89 evaluating [time: 0.42s, valid_score: 0.341000]
Fri 12 Jul 2024 11:58:45 INFO  valid result: 
recall@10 : 0.223    recall@20 : 0.341    ndcg@10 : 0.236    ndcg@20 : 0.268    mrr@10 : 0.397    mrr@20 : 0.404    hit@10 : 0.775    hit@20 : 0.88    precision@10 : 0.159    precision@20 : 0.13
Fri 12 Jul 2024 11:58:45 INFO  Finished training, best eval result in epoch 78
Fri 12 Jul 2024 11:58:45 INFO  Average training time per epoch: 0.86 seconds
Fri 12 Jul 2024 11:58:45 INFO  Epochs to converge: 90
Fri 12 Jul 2024 11:58:45 INFO  Loading model structure and parameters from saved/LightGCN-Jul-12-2024_11-56-47.pth
Fri 12 Jul 2024 11:58:46 INFO  The running environment of this training is as follows:
+-------------+----------------+
| Environment |     Usage      |
+=============+================+
| CPU         |    15.70 %     |
+-------------+----------------+
| GPU         | 0.03 G/15.98 G |
+-------------+----------------+
| Memory      | 1.18 G/15.47 G |
+-------------+----------------+
Fri 12 Jul 2024 11:58:46 INFO  best valid : OrderedDict([('recall@10', 0.223), ('recall@20', 0.347), ('ndcg@10', 0.238), ('ndcg@20', 0.27), ('mrr@10', 0.394), ('mrr@20', 0.402), ('hit@10', 0.771), ('hit@20', 0.884), ('precision@10', 0.163), ('precision@20', 0.133)])
Fri 12 Jul 2024 11:58:46 INFO  test result: OrderedDict([('recall@10', 0.258), ('recall@20', 0.389), ('ndcg@10', 0.301), ('ndcg@20', 0.324), ('mrr@10', 0.497), ('mrr@20', 0.504), ('hit@10', 0.803), ('hit@20', 0.899), ('precision@10', 0.205), ('precision@20', 0.157)])
