Tue 30 Apr 2024 16:24:25 INFO  ['run_recbole.py', '--model=LightGCN', '--dataset=ml-100k']
Tue 30 Apr 2024 16:24:25 INFO  
General Hyper Parameters:
gpu_id = 0
use_gpu = True
seed = 2020
state = DEBUG
reproducibility = True
data_path = /home/simeon/Git_Repositories/ANS-Recbole/recbole/config/../dataset_example/ml-100k
checkpoint_dir = saved
show_progress = True
save_dataset = False
dataset_save_path = None
save_dataloaders = False
dataloaders_save_path = None
log_wandb = False

Training Hyper Parameters:
epochs = 500
train_batch_size = 2048
learner = adam
learning_rate = 0.0001
train_neg_sample_args = {'distribution': 'uniform', 'sample_num': 1, 'alpha': 1.0, 'dynamic': False, 'candidate_num': 0}
eval_step = 1
stopping_step = 100
clip_grad_norm = None
weight_decay = 0.0
loss_decimal_place = 4

Evaluation Hyper Parameters:
eval_args = {'split': {'RS': [0.8, 0.1, 0.1]}, 'group_by': 'user', 'order': 'RO', 'mode': 'full'}
repeatable = False
metrics = ['Recall', 'MRR', 'NDCG', 'Hit', 'Precision']
topk = [20]
valid_metric = MRR@20
valid_metric_bigger = True
eval_batch_size = 4096
metric_decimal_place = 4

Dataset Hyper Parameters:
field_separator = 	
seq_separator =  
USER_ID_FIELD = user_id
ITEM_ID_FIELD = item_id
RATING_FIELD = rating
TIME_FIELD = timestamp
seq_len = None
LABEL_FIELD = label
threshold = {'rating': 4.0}
NEG_PREFIX = neg_
load_col = {'inter': ['user_id', 'item_id', 'rating']}
unload_col = None
unused_col = None
additional_feat_suffix = None
rm_dup_inter = None
val_interval = None
filter_inter_by_user_or_item = True
user_inter_num_interval = None
item_inter_num_interval = None
alias_of_user_id = None
alias_of_item_id = None
alias_of_entity_id = None
alias_of_relation_id = None
preload_weight = None
normalize_field = None
normalize_all = True
ITEM_LIST_LENGTH_FIELD = item_length
LIST_SUFFIX = _list
MAX_ITEM_LIST_LENGTH = 50
POSITION_FIELD = position_id
HEAD_ENTITY_ID_FIELD = head_id
TAIL_ENTITY_ID_FIELD = tail_id
RELATION_ID_FIELD = relation_id
ENTITY_ID_FIELD = entity_id
kg_reverse_r = False
entity_kg_num_interval = None
relation_kg_num_interval = None
benchmark_filename = None

Other Hyper Parameters: 
worker = 0
wandb_project = recbole
shuffle = True
require_pow = False
enable_amp = False
enable_scaler = False
transform = None
embedding_size = 64
n_layers = 3
reg_weight = 1e-05
numerical_features = []
discretization = None
MODEL_TYPE = ModelType.GENERAL
MODEL_INPUT_TYPE = InputType.PAIRWISE
eval_type = EvaluatorType.RANKING
single_spec = True
local_rank = 0
device = cuda
eval_neg_sample_args = {'distribution': 'uniform', 'sample_num': 'none'}


Tue 30 Apr 2024 16:24:25 DEBUG  Loading <class 'recbole.data.dataset.augmented_dataset.AugmentedDataset'> from scratch.
Tue 30 Apr 2024 16:24:25 DEBUG  uid_field: user_id
Tue 30 Apr 2024 16:24:25 DEBUG  iid_field: item_id
Tue 30 Apr 2024 16:24:25 DEBUG  Loading feature from [/home/simeon/Git_Repositories/ANS-Recbole/recbole/config/../dataset_example/ml-100k/ml-100k.inter] (source: [FeatureSource.INTERACTION]).
Tue 30 Apr 2024 16:24:25 DEBUG  [inter]: 
Tue 30 Apr 2024 16:24:25 DEBUG  	 load_col: [{'user_id', 'rating', 'item_id'}]
Tue 30 Apr 2024 16:24:25 DEBUG  	 unload_col: [None]
Tue 30 Apr 2024 16:24:25 DEBUG  Interaction feature loaded successfully from [/home/simeon/Git_Repositories/ANS-Recbole/recbole/config/../dataset_example/ml-100k/ml-100k.inter].
Tue 30 Apr 2024 16:24:25 DEBUG  Loading feature from [/home/simeon/Git_Repositories/ANS-Recbole/recbole/config/../dataset_example/ml-100k/ml-100k.user] (source: [FeatureSource.USER]).
Tue 30 Apr 2024 16:24:25 DEBUG  [user]: 
Tue 30 Apr 2024 16:24:25 DEBUG  	 load_col: [set()]
Tue 30 Apr 2024 16:24:25 DEBUG  	 unload_col: [None]
Tue 30 Apr 2024 16:24:25 DEBUG  [user] feature loaded successfully from [/home/simeon/Git_Repositories/ANS-Recbole/recbole/config/../dataset_example/ml-100k/ml-100k.user].
Tue 30 Apr 2024 16:24:25 DEBUG  Loading feature from [/home/simeon/Git_Repositories/ANS-Recbole/recbole/config/../dataset_example/ml-100k/ml-100k.item] (source: [FeatureSource.ITEM]).
Tue 30 Apr 2024 16:24:25 DEBUG  [item]: 
Tue 30 Apr 2024 16:24:25 DEBUG  	 load_col: [set()]
Tue 30 Apr 2024 16:24:25 DEBUG  	 unload_col: [None]
Tue 30 Apr 2024 16:24:25 DEBUG  [item] feature loaded successfully from [/home/simeon/Git_Repositories/ANS-Recbole/recbole/config/../dataset_example/ml-100k/ml-100k.item].
Tue 30 Apr 2024 16:24:25 DEBUG  drop_by_value: val={}
Tue 30 Apr 2024 16:24:25 DEBUG  Filling nan
Tue 30 Apr 2024 16:24:25 DEBUG  Set label by {'rating': 4.0}.
Tue 30 Apr 2024 16:24:25 DEBUG  Delete column [rating].
Tue 30 Apr 2024 16:24:25 DEBUG  Normalized fields: ['label']
Tue 30 Apr 2024 16:24:25 INFO  ml-100k
The number of users: 944
Average actions of users: 106.04453870625663
The number of items: 1683
Average actions of items: 59.45303210463734
The number of inters: 100000
The sparsity of the dataset: 93.70575143257098%
Remain Fields: ['user_id', 'item_id', 'label']
Tue 30 Apr 2024 16:24:25 DEBUG  100000
Tue 30 Apr 2024 16:24:25 DEBUG  split by ratios [[0.8, 0.1, 0.1]], group_by=[user_id]
Tue 30 Apr 2024 16:24:25 DEBUG  Vor augmentation: 80808
Tue 30 Apr 2024 16:25:49 DEBUG  Index(['user_id', 'item_id', 'label'], dtype='object')
Tue 30 Apr 2024 16:25:49 DEBUG  80811
Tue 30 Apr 2024 16:25:49 DEBUG  Classname: AugmentedDataset
Tue 30 Apr 2024 16:25:49 DEBUG  Augmented dataset
Tue 30 Apr 2024 16:25:49 DEBUG  Nach augmentation: 81751
Tue 30 Apr 2024 16:25:50 INFO  [Training]: train_batch_size = [2048] train_neg_sample_args: [{'distribution': 'uniform', 'sample_num': 1, 'alpha': 1.0, 'dynamic': False, 'candidate_num': 0}]
Tue 30 Apr 2024 16:25:50 INFO  [Evaluation]: eval_batch_size = [4096] eval_args: [{'split': {'RS': [0.8, 0.1, 0.1]}, 'group_by': 'user', 'order': 'RO', 'mode': 'full'}]
Tue 30 Apr 2024 16:25:51 INFO  LightGCN(
  (user_embedding): Embedding(944, 64)
  (item_embedding): Embedding(1683, 64)
  (mf_loss): BPRLoss()
  (reg_loss): EmbLoss()
)
Trainable parameters: 168128
Tue 30 Apr 2024 16:25:51 INFO  FLOPs: 0.0
Tue 30 Apr 2024 16:25:52 INFO  epoch 0 training [time: 0.44s, train loss: 27.7208]
Tue 30 Apr 2024 16:25:53 INFO  epoch 0 evaluating [time: 0.52s, valid_score: 0.051200]
Tue 30 Apr 2024 16:25:53 INFO  valid result: 
recall@20 : 0.0275    mrr@20 : 0.0512    ndcg@20 : 0.0221    hit@20 : 0.2068    precision@20 : 0.0141
Tue 30 Apr 2024 16:25:53 INFO  Saving current: saved/LightGCN-Apr-30-2024_16-25-51.pth
Tue 30 Apr 2024 16:25:53 INFO  epoch 1 training [time: 0.25s, train loss: 27.7118]
Tue 30 Apr 2024 16:25:53 INFO  epoch 1 evaluating [time: 0.35s, valid_score: 0.125100]
Tue 30 Apr 2024 16:25:53 INFO  valid result: 
recall@20 : 0.0759    mrr@20 : 0.1251    ndcg@20 : 0.062    hit@20 : 0.4327    precision@20 : 0.0386
Tue 30 Apr 2024 16:25:53 INFO  Saving current: saved/LightGCN-Apr-30-2024_16-25-51.pth
Tue 30 Apr 2024 16:25:54 INFO  epoch 2 training [time: 0.27s, train loss: 27.6831]
Tue 30 Apr 2024 16:25:54 INFO  epoch 2 evaluating [time: 0.37s, valid_score: 0.213600]
Tue 30 Apr 2024 16:25:54 INFO  valid result: 
recall@20 : 0.1481    mrr@20 : 0.2136    ndcg@20 : 0.1184    hit@20 : 0.6373    precision@20 : 0.0624
Tue 30 Apr 2024 16:25:54 INFO  Saving current: saved/LightGCN-Apr-30-2024_16-25-51.pth
Tue 30 Apr 2024 16:25:54 INFO  epoch 3 training [time: 0.25s, train loss: 27.6113]
Tue 30 Apr 2024 16:25:54 INFO  epoch 3 evaluating [time: 0.34s, valid_score: 0.237500]
Tue 30 Apr 2024 16:25:54 INFO  valid result: 
recall@20 : 0.1723    mrr@20 : 0.2375    ndcg@20 : 0.1353    hit@20 : 0.6797    precision@20 : 0.0692
Tue 30 Apr 2024 16:25:54 INFO  Saving current: saved/LightGCN-Apr-30-2024_16-25-51.pth
Tue 30 Apr 2024 16:25:55 INFO  epoch 4 training [time: 0.28s, train loss: 27.4757]
Tue 30 Apr 2024 16:25:55 INFO  epoch 4 evaluating [time: 0.33s, valid_score: 0.244800]
Tue 30 Apr 2024 16:25:55 INFO  valid result: 
recall@20 : 0.1804    mrr@20 : 0.2448    ndcg@20 : 0.1391    hit@20 : 0.6882    precision@20 : 0.0705
Tue 30 Apr 2024 16:25:55 INFO  Saving current: saved/LightGCN-Apr-30-2024_16-25-51.pth
Tue 30 Apr 2024 16:25:55 INFO  epoch 5 training [time: 0.27s, train loss: 27.2670]
Tue 30 Apr 2024 16:25:56 INFO  epoch 5 evaluating [time: 0.33s, valid_score: 0.239600]
Tue 30 Apr 2024 16:25:56 INFO  valid result: 
recall@20 : 0.1789    mrr@20 : 0.2396    ndcg@20 : 0.1369    hit@20 : 0.684    precision@20 : 0.0694
Tue 30 Apr 2024 16:25:56 INFO  epoch 6 training [time: 0.24s, train loss: 26.9868]
Tue 30 Apr 2024 16:25:56 INFO  epoch 6 evaluating [time: 0.31s, valid_score: 0.236200]
Tue 30 Apr 2024 16:25:56 INFO  valid result: 
recall@20 : 0.1775    mrr@20 : 0.2362    ndcg@20 : 0.1354    hit@20 : 0.6808    precision@20 : 0.0686
Tue 30 Apr 2024 16:25:57 INFO  epoch 7 training [time: 0.25s, train loss: 26.6476]
Tue 30 Apr 2024 16:25:57 INFO  epoch 7 evaluating [time: 0.31s, valid_score: 0.232200]
Tue 30 Apr 2024 16:25:57 INFO  valid result: 
recall@20 : 0.1775    mrr@20 : 0.2322    ndcg@20 : 0.1344    hit@20 : 0.6797    precision@20 : 0.0682
Tue 30 Apr 2024 16:25:57 INFO  epoch 8 training [time: 0.25s, train loss: 26.2505]
Tue 30 Apr 2024 16:25:57 INFO  epoch 8 evaluating [time: 0.31s, valid_score: 0.230900]
Tue 30 Apr 2024 16:25:57 INFO  valid result: 
recall@20 : 0.1773    mrr@20 : 0.2309    ndcg@20 : 0.1339    hit@20 : 0.6744    precision@20 : 0.0679
Tue 30 Apr 2024 16:25:58 INFO  epoch 9 training [time: 0.25s, train loss: 25.8039]
Tue 30 Apr 2024 16:25:58 INFO  epoch 9 evaluating [time: 0.33s, valid_score: 0.230200]
Tue 30 Apr 2024 16:25:58 INFO  valid result: 
recall@20 : 0.1788    mrr@20 : 0.2302    ndcg@20 : 0.1343    hit@20 : 0.6776    precision@20 : 0.0679
Tue 30 Apr 2024 16:25:58 INFO  epoch 10 training [time: 0.26s, train loss: 25.3256]
Tue 30 Apr 2024 16:25:59 INFO  epoch 10 evaluating [time: 0.33s, valid_score: 0.230000]
Tue 30 Apr 2024 16:25:59 INFO  valid result: 
recall@20 : 0.1783    mrr@20 : 0.23    ndcg@20 : 0.1343    hit@20 : 0.6776    precision@20 : 0.0676
Tue 30 Apr 2024 16:25:59 INFO  epoch 11 training [time: 0.25s, train loss: 24.8059]
Tue 30 Apr 2024 16:25:59 INFO  epoch 11 evaluating [time: 0.39s, valid_score: 0.229800]
Tue 30 Apr 2024 16:25:59 INFO  valid result: 
recall@20 : 0.1786    mrr@20 : 0.2298    ndcg@20 : 0.1348    hit@20 : 0.6776    precision@20 : 0.0677
Tue 30 Apr 2024 16:25:59 INFO  epoch 12 training [time: 0.26s, train loss: 24.2837]
Tue 30 Apr 2024 16:26:00 INFO  epoch 12 evaluating [time: 0.35s, valid_score: 0.230700]
Tue 30 Apr 2024 16:26:00 INFO  valid result: 
recall@20 : 0.1785    mrr@20 : 0.2307    ndcg@20 : 0.1348    hit@20 : 0.6776    precision@20 : 0.0678
Tue 30 Apr 2024 16:26:00 INFO  epoch 13 training [time: 0.26s, train loss: 23.7523]
Tue 30 Apr 2024 16:26:00 INFO  epoch 13 evaluating [time: 0.40s, valid_score: 0.231400]
Tue 30 Apr 2024 16:26:00 INFO  valid result: 
recall@20 : 0.1784    mrr@20 : 0.2314    ndcg@20 : 0.1351    hit@20 : 0.6755    precision@20 : 0.0678
Tue 30 Apr 2024 16:26:01 INFO  epoch 14 training [time: 0.26s, train loss: 23.2123]
Tue 30 Apr 2024 16:26:01 INFO  epoch 14 evaluating [time: 0.40s, valid_score: 0.230500]
Tue 30 Apr 2024 16:26:01 INFO  valid result: 
recall@20 : 0.1783    mrr@20 : 0.2305    ndcg@20 : 0.1349    hit@20 : 0.6744    precision@20 : 0.0676
Tue 30 Apr 2024 16:26:01 INFO  epoch 15 training [time: 0.27s, train loss: 22.6472]
Tue 30 Apr 2024 16:26:02 INFO  epoch 15 evaluating [time: 0.34s, valid_score: 0.230500]
Tue 30 Apr 2024 16:26:02 INFO  valid result: 
recall@20 : 0.1781    mrr@20 : 0.2305    ndcg@20 : 0.1346    hit@20 : 0.6744    precision@20 : 0.0676
Tue 30 Apr 2024 16:26:02 INFO  epoch 16 training [time: 0.27s, train loss: 22.0893]
Tue 30 Apr 2024 16:26:02 INFO  epoch 16 evaluating [time: 0.34s, valid_score: 0.229900]
Tue 30 Apr 2024 16:26:02 INFO  valid result: 
recall@20 : 0.1781    mrr@20 : 0.2299    ndcg@20 : 0.1347    hit@20 : 0.6744    precision@20 : 0.0676
Tue 30 Apr 2024 16:26:03 INFO  epoch 17 training [time: 0.27s, train loss: 21.5805]
Tue 30 Apr 2024 16:26:03 INFO  epoch 17 evaluating [time: 0.33s, valid_score: 0.230300]
Tue 30 Apr 2024 16:26:03 INFO  valid result: 
recall@20 : 0.1782    mrr@20 : 0.2303    ndcg@20 : 0.1348    hit@20 : 0.6755    precision@20 : 0.0677
Tue 30 Apr 2024 16:26:03 INFO  epoch 18 training [time: 0.27s, train loss: 21.0703]
Tue 30 Apr 2024 16:26:04 INFO  epoch 18 evaluating [time: 0.30s, valid_score: 0.230400]
Tue 30 Apr 2024 16:26:04 INFO  valid result: 
recall@20 : 0.1782    mrr@20 : 0.2304    ndcg@20 : 0.135    hit@20 : 0.6755    precision@20 : 0.0677
Tue 30 Apr 2024 16:26:04 INFO  epoch 19 training [time: 0.25s, train loss: 20.6386]
Tue 30 Apr 2024 16:26:04 INFO  epoch 19 evaluating [time: 0.31s, valid_score: 0.230600]
Tue 30 Apr 2024 16:26:04 INFO  valid result: 
recall@20 : 0.1782    mrr@20 : 0.2306    ndcg@20 : 0.135    hit@20 : 0.6755    precision@20 : 0.0677
Tue 30 Apr 2024 16:26:04 INFO  epoch 20 training [time: 0.24s, train loss: 20.2018]
Tue 30 Apr 2024 16:26:05 INFO  epoch 20 evaluating [time: 0.32s, valid_score: 0.230400]
Tue 30 Apr 2024 16:26:05 INFO  valid result: 
recall@20 : 0.1778    mrr@20 : 0.2304    ndcg@20 : 0.1348    hit@20 : 0.6744    precision@20 : 0.0677
Tue 30 Apr 2024 16:26:05 INFO  epoch 21 training [time: 0.26s, train loss: 19.7420]
Tue 30 Apr 2024 16:26:05 INFO  epoch 21 evaluating [time: 0.34s, valid_score: 0.230300]
Tue 30 Apr 2024 16:26:05 INFO  valid result: 
recall@20 : 0.1778    mrr@20 : 0.2303    ndcg@20 : 0.1348    hit@20 : 0.6744    precision@20 : 0.0677
Tue 30 Apr 2024 16:26:06 INFO  epoch 22 training [time: 0.25s, train loss: 19.3259]
Tue 30 Apr 2024 16:26:06 INFO  epoch 22 evaluating [time: 0.34s, valid_score: 0.229700]
Tue 30 Apr 2024 16:26:06 INFO  valid result: 
recall@20 : 0.1777    mrr@20 : 0.2297    ndcg@20 : 0.1347    hit@20 : 0.6744    precision@20 : 0.0677
Tue 30 Apr 2024 16:26:06 INFO  epoch 23 training [time: 0.27s, train loss: 18.9213]
Tue 30 Apr 2024 16:26:06 INFO  epoch 23 evaluating [time: 0.34s, valid_score: 0.230000]
Tue 30 Apr 2024 16:26:06 INFO  valid result: 
recall@20 : 0.1778    mrr@20 : 0.23    ndcg@20 : 0.1348    hit@20 : 0.6744    precision@20 : 0.0677
Tue 30 Apr 2024 16:26:07 INFO  epoch 24 training [time: 0.27s, train loss: 18.5668]
Tue 30 Apr 2024 16:26:07 INFO  epoch 24 evaluating [time: 0.35s, valid_score: 0.229800]
Tue 30 Apr 2024 16:26:07 INFO  valid result: 
recall@20 : 0.1779    mrr@20 : 0.2298    ndcg@20 : 0.1348    hit@20 : 0.6744    precision@20 : 0.0678
Tue 30 Apr 2024 16:26:07 INFO  epoch 25 training [time: 0.29s, train loss: 18.2383]
Tue 30 Apr 2024 16:26:08 INFO  epoch 25 evaluating [time: 0.40s, valid_score: 0.229500]
Tue 30 Apr 2024 16:26:08 INFO  valid result: 
recall@20 : 0.1771    mrr@20 : 0.2295    ndcg@20 : 0.1344    hit@20 : 0.6734    precision@20 : 0.0677
Tue 30 Apr 2024 16:26:08 INFO  epoch 26 training [time: 0.27s, train loss: 17.9253]
Tue 30 Apr 2024 16:26:08 INFO  epoch 26 evaluating [time: 0.36s, valid_score: 0.229600]
Tue 30 Apr 2024 16:26:08 INFO  valid result: 
recall@20 : 0.1773    mrr@20 : 0.2296    ndcg@20 : 0.1345    hit@20 : 0.6744    precision@20 : 0.0677
Tue 30 Apr 2024 16:26:09 INFO  epoch 27 training [time: 0.27s, train loss: 17.7133]
Tue 30 Apr 2024 16:26:09 INFO  epoch 27 evaluating [time: 0.35s, valid_score: 0.229500]
Tue 30 Apr 2024 16:26:09 INFO  valid result: 
recall@20 : 0.1775    mrr@20 : 0.2295    ndcg@20 : 0.1345    hit@20 : 0.6755    precision@20 : 0.0679
Tue 30 Apr 2024 16:26:09 INFO  epoch 28 training [time: 0.25s, train loss: 17.2932]
Tue 30 Apr 2024 16:26:10 INFO  epoch 28 evaluating [time: 0.35s, valid_score: 0.229400]
Tue 30 Apr 2024 16:26:10 INFO  valid result: 
recall@20 : 0.1776    mrr@20 : 0.2294    ndcg@20 : 0.1346    hit@20 : 0.6755    precision@20 : 0.068
Tue 30 Apr 2024 16:26:10 INFO  epoch 29 training [time: 0.25s, train loss: 17.0681]
Tue 30 Apr 2024 16:26:10 INFO  epoch 29 evaluating [time: 0.35s, valid_score: 0.229700]
Tue 30 Apr 2024 16:26:10 INFO  valid result: 
recall@20 : 0.1777    mrr@20 : 0.2297    ndcg@20 : 0.1346    hit@20 : 0.6755    precision@20 : 0.068
Tue 30 Apr 2024 16:26:10 INFO  epoch 30 training [time: 0.25s, train loss: 16.8576]
Tue 30 Apr 2024 16:26:11 INFO  epoch 30 evaluating [time: 0.36s, valid_score: 0.229900]
Tue 30 Apr 2024 16:26:11 INFO  valid result: 
recall@20 : 0.1776    mrr@20 : 0.2299    ndcg@20 : 0.1347    hit@20 : 0.6755    precision@20 : 0.0679
Tue 30 Apr 2024 16:26:11 INFO  epoch 31 training [time: 0.25s, train loss: 16.6520]
Tue 30 Apr 2024 16:26:11 INFO  epoch 31 evaluating [time: 0.31s, valid_score: 0.230000]
Tue 30 Apr 2024 16:26:11 INFO  valid result: 
recall@20 : 0.1781    mrr@20 : 0.23    ndcg@20 : 0.1348    hit@20 : 0.6766    precision@20 : 0.0679
Tue 30 Apr 2024 16:26:12 INFO  epoch 32 training [time: 0.28s, train loss: 16.4326]
Tue 30 Apr 2024 16:26:12 INFO  epoch 32 evaluating [time: 0.34s, valid_score: 0.229900]
Tue 30 Apr 2024 16:26:12 INFO  valid result: 
recall@20 : 0.178    mrr@20 : 0.2299    ndcg@20 : 0.1347    hit@20 : 0.6766    precision@20 : 0.0679
Tue 30 Apr 2024 16:26:12 INFO  epoch 33 training [time: 0.27s, train loss: 16.2371]
Tue 30 Apr 2024 16:26:13 INFO  epoch 33 evaluating [time: 0.37s, valid_score: 0.229900]
Tue 30 Apr 2024 16:26:13 INFO  valid result: 
recall@20 : 0.178    mrr@20 : 0.2299    ndcg@20 : 0.1348    hit@20 : 0.6755    precision@20 : 0.0681
Tue 30 Apr 2024 16:26:13 INFO  epoch 34 training [time: 0.26s, train loss: 16.0451]
Tue 30 Apr 2024 16:26:13 INFO  epoch 34 evaluating [time: 0.34s, valid_score: 0.229800]
Tue 30 Apr 2024 16:26:13 INFO  valid result: 
recall@20 : 0.1773    mrr@20 : 0.2298    ndcg@20 : 0.1346    hit@20 : 0.6744    precision@20 : 0.068
Tue 30 Apr 2024 16:26:14 INFO  epoch 35 training [time: 0.26s, train loss: 15.8796]
Tue 30 Apr 2024 16:26:14 INFO  epoch 35 evaluating [time: 0.40s, valid_score: 0.229800]
Tue 30 Apr 2024 16:26:14 INFO  valid result: 
recall@20 : 0.1772    mrr@20 : 0.2298    ndcg@20 : 0.1346    hit@20 : 0.6744    precision@20 : 0.0681
Tue 30 Apr 2024 16:26:14 INFO  epoch 36 training [time: 0.27s, train loss: 15.7282]
Tue 30 Apr 2024 16:26:15 INFO  epoch 36 evaluating [time: 0.41s, valid_score: 0.229800]
Tue 30 Apr 2024 16:26:15 INFO  valid result: 
recall@20 : 0.1771    mrr@20 : 0.2298    ndcg@20 : 0.1346    hit@20 : 0.6734    precision@20 : 0.0681
Tue 30 Apr 2024 16:26:15 INFO  epoch 37 training [time: 0.30s, train loss: 15.6354]
Tue 30 Apr 2024 16:26:15 INFO  epoch 37 evaluating [time: 0.38s, valid_score: 0.229700]
Tue 30 Apr 2024 16:26:15 INFO  valid result: 
recall@20 : 0.1772    mrr@20 : 0.2297    ndcg@20 : 0.1347    hit@20 : 0.6723    precision@20 : 0.0683
Tue 30 Apr 2024 16:26:16 INFO  epoch 38 training [time: 0.27s, train loss: 15.5334]
Tue 30 Apr 2024 16:26:16 INFO  epoch 38 evaluating [time: 0.44s, valid_score: 0.229700]
Tue 30 Apr 2024 16:26:16 INFO  valid result: 
recall@20 : 0.1772    mrr@20 : 0.2297    ndcg@20 : 0.1346    hit@20 : 0.6723    precision@20 : 0.0682
Tue 30 Apr 2024 16:26:16 INFO  epoch 39 training [time: 0.34s, train loss: 15.4050]
Tue 30 Apr 2024 16:26:17 INFO  epoch 39 evaluating [time: 0.46s, valid_score: 0.229700]
Tue 30 Apr 2024 16:26:17 INFO  valid result: 
recall@20 : 0.1772    mrr@20 : 0.2297    ndcg@20 : 0.1346    hit@20 : 0.6723    precision@20 : 0.0682
Tue 30 Apr 2024 16:26:17 INFO  epoch 40 training [time: 0.31s, train loss: 15.3807]
Tue 30 Apr 2024 16:26:18 INFO  epoch 40 evaluating [time: 0.40s, valid_score: 0.230000]
Tue 30 Apr 2024 16:26:18 INFO  valid result: 
recall@20 : 0.1771    mrr@20 : 0.23    ndcg@20 : 0.1347    hit@20 : 0.6723    precision@20 : 0.0682
Tue 30 Apr 2024 16:26:18 INFO  epoch 41 training [time: 0.26s, train loss: 15.1282]
Tue 30 Apr 2024 16:26:18 INFO  epoch 41 evaluating [time: 0.34s, valid_score: 0.230000]
Tue 30 Apr 2024 16:26:18 INFO  valid result: 
recall@20 : 0.1774    mrr@20 : 0.23    ndcg@20 : 0.1348    hit@20 : 0.6755    precision@20 : 0.0683
Tue 30 Apr 2024 16:26:18 INFO  epoch 42 training [time: 0.32s, train loss: 15.1797]
Tue 30 Apr 2024 16:26:19 INFO  epoch 42 evaluating [time: 0.34s, valid_score: 0.229800]
Tue 30 Apr 2024 16:26:19 INFO  valid result: 
recall@20 : 0.1771    mrr@20 : 0.2298    ndcg@20 : 0.1346    hit@20 : 0.6744    precision@20 : 0.0684
Tue 30 Apr 2024 16:26:19 INFO  epoch 43 training [time: 0.26s, train loss: 15.0081]
Tue 30 Apr 2024 16:26:19 INFO  epoch 43 evaluating [time: 0.34s, valid_score: 0.229800]
Tue 30 Apr 2024 16:26:19 INFO  valid result: 
recall@20 : 0.1772    mrr@20 : 0.2298    ndcg@20 : 0.1347    hit@20 : 0.6744    precision@20 : 0.0685
Tue 30 Apr 2024 16:26:20 INFO  epoch 44 training [time: 0.26s, train loss: 14.9823]
Tue 30 Apr 2024 16:26:20 INFO  epoch 44 evaluating [time: 0.34s, valid_score: 0.230000]
Tue 30 Apr 2024 16:26:20 INFO  valid result: 
recall@20 : 0.1772    mrr@20 : 0.23    ndcg@20 : 0.1348    hit@20 : 0.6734    precision@20 : 0.0686
Tue 30 Apr 2024 16:26:20 INFO  epoch 45 training [time: 0.26s, train loss: 14.9065]
Tue 30 Apr 2024 16:26:21 INFO  epoch 45 evaluating [time: 0.34s, valid_score: 0.228900]
Tue 30 Apr 2024 16:26:21 INFO  valid result: 
recall@20 : 0.1772    mrr@20 : 0.2289    ndcg@20 : 0.1345    hit@20 : 0.6734    precision@20 : 0.0687
Tue 30 Apr 2024 16:26:21 INFO  epoch 46 training [time: 0.33s, train loss: 14.8691]
Tue 30 Apr 2024 16:26:21 INFO  epoch 46 evaluating [time: 0.35s, valid_score: 0.228800]
Tue 30 Apr 2024 16:26:21 INFO  valid result: 
recall@20 : 0.1768    mrr@20 : 0.2288    ndcg@20 : 0.1344    hit@20 : 0.6734    precision@20 : 0.0688
Tue 30 Apr 2024 16:26:22 INFO  epoch 47 training [time: 0.27s, train loss: 14.6933]
Tue 30 Apr 2024 16:26:22 INFO  epoch 47 evaluating [time: 0.34s, valid_score: 0.228800]
Tue 30 Apr 2024 16:26:22 INFO  valid result: 
recall@20 : 0.1766    mrr@20 : 0.2288    ndcg@20 : 0.1344    hit@20 : 0.6734    precision@20 : 0.0689
Tue 30 Apr 2024 16:26:22 INFO  epoch 48 training [time: 0.26s, train loss: 14.7091]
Tue 30 Apr 2024 16:26:23 INFO  epoch 48 evaluating [time: 0.41s, valid_score: 0.228500]
Tue 30 Apr 2024 16:26:23 INFO  valid result: 
recall@20 : 0.1745    mrr@20 : 0.2285    ndcg@20 : 0.1338    hit@20 : 0.6702    precision@20 : 0.0687
Tue 30 Apr 2024 16:26:23 INFO  epoch 49 training [time: 0.27s, train loss: 14.6081]
Tue 30 Apr 2024 16:26:23 INFO  epoch 49 evaluating [time: 0.35s, valid_score: 0.228600]
Tue 30 Apr 2024 16:26:23 INFO  valid result: 
recall@20 : 0.1749    mrr@20 : 0.2286    ndcg@20 : 0.1339    hit@20 : 0.6723    precision@20 : 0.0688
Tue 30 Apr 2024 16:26:23 INFO  epoch 50 training [time: 0.26s, train loss: 14.5655]
Tue 30 Apr 2024 16:26:24 INFO  epoch 50 evaluating [time: 0.36s, valid_score: 0.228600]
Tue 30 Apr 2024 16:26:24 INFO  valid result: 
recall@20 : 0.1737    mrr@20 : 0.2286    ndcg@20 : 0.1338    hit@20 : 0.6681    precision@20 : 0.0688
Tue 30 Apr 2024 16:26:24 INFO  epoch 51 training [time: 0.28s, train loss: 14.4482]
Tue 30 Apr 2024 16:26:25 INFO  epoch 51 evaluating [time: 0.45s, valid_score: 0.228500]
Tue 30 Apr 2024 16:26:25 INFO  valid result: 
recall@20 : 0.1736    mrr@20 : 0.2285    ndcg@20 : 0.1337    hit@20 : 0.667    precision@20 : 0.0688
Tue 30 Apr 2024 16:26:25 INFO  epoch 52 training [time: 0.26s, train loss: 14.5351]
Tue 30 Apr 2024 16:26:25 INFO  epoch 52 evaluating [time: 0.35s, valid_score: 0.228500]
Tue 30 Apr 2024 16:26:25 INFO  valid result: 
recall@20 : 0.1728    mrr@20 : 0.2285    ndcg@20 : 0.1335    hit@20 : 0.666    precision@20 : 0.0688
Tue 30 Apr 2024 16:26:25 INFO  epoch 53 training [time: 0.26s, train loss: 14.4402]
Tue 30 Apr 2024 16:26:26 INFO  epoch 53 evaluating [time: 0.35s, valid_score: 0.227400]
Tue 30 Apr 2024 16:26:26 INFO  valid result: 
recall@20 : 0.1729    mrr@20 : 0.2274    ndcg@20 : 0.1333    hit@20 : 0.666    precision@20 : 0.0688
Tue 30 Apr 2024 16:26:26 INFO  epoch 54 training [time: 0.27s, train loss: 14.3266]
Tue 30 Apr 2024 16:26:26 INFO  epoch 54 evaluating [time: 0.37s, valid_score: 0.227500]
Tue 30 Apr 2024 16:26:26 INFO  valid result: 
recall@20 : 0.1731    mrr@20 : 0.2275    ndcg@20 : 0.1335    hit@20 : 0.6649    precision@20 : 0.069
Tue 30 Apr 2024 16:26:27 INFO  epoch 55 training [time: 0.24s, train loss: 14.3602]
Tue 30 Apr 2024 16:26:27 INFO  epoch 55 evaluating [time: 0.42s, valid_score: 0.227700]
Tue 30 Apr 2024 16:26:27 INFO  valid result: 
recall@20 : 0.1733    mrr@20 : 0.2277    ndcg@20 : 0.1337    hit@20 : 0.666    precision@20 : 0.0693
Tue 30 Apr 2024 16:26:27 INFO  epoch 56 training [time: 0.30s, train loss: 14.2989]
Tue 30 Apr 2024 16:26:28 INFO  epoch 56 evaluating [time: 0.36s, valid_score: 0.227700]
Tue 30 Apr 2024 16:26:28 INFO  valid result: 
recall@20 : 0.1729    mrr@20 : 0.2277    ndcg@20 : 0.1335    hit@20 : 0.666    precision@20 : 0.0692
Tue 30 Apr 2024 16:26:28 INFO  epoch 57 training [time: 0.27s, train loss: 14.2526]
Tue 30 Apr 2024 16:26:28 INFO  epoch 57 evaluating [time: 0.34s, valid_score: 0.227700]
Tue 30 Apr 2024 16:26:28 INFO  valid result: 
recall@20 : 0.1727    mrr@20 : 0.2277    ndcg@20 : 0.1335    hit@20 : 0.6681    precision@20 : 0.0692
Tue 30 Apr 2024 16:26:29 INFO  epoch 58 training [time: 0.27s, train loss: 14.2593]
Tue 30 Apr 2024 16:26:29 INFO  epoch 58 evaluating [time: 0.37s, valid_score: 0.227700]
Tue 30 Apr 2024 16:26:29 INFO  valid result: 
recall@20 : 0.1731    mrr@20 : 0.2277    ndcg@20 : 0.1337    hit@20 : 0.6681    precision@20 : 0.0696
Tue 30 Apr 2024 16:26:29 INFO  epoch 59 training [time: 0.27s, train loss: 14.2870]
Tue 30 Apr 2024 16:26:30 INFO  epoch 59 evaluating [time: 0.36s, valid_score: 0.227700]
Tue 30 Apr 2024 16:26:30 INFO  valid result: 
recall@20 : 0.1727    mrr@20 : 0.2277    ndcg@20 : 0.1337    hit@20 : 0.6681    precision@20 : 0.0697
Tue 30 Apr 2024 16:26:30 INFO  epoch 60 training [time: 0.35s, train loss: 14.2996]
Tue 30 Apr 2024 16:26:30 INFO  epoch 60 evaluating [time: 0.37s, valid_score: 0.227600]
Tue 30 Apr 2024 16:26:30 INFO  valid result: 
recall@20 : 0.1715    mrr@20 : 0.2276    ndcg@20 : 0.1333    hit@20 : 0.666    precision@20 : 0.0695
Tue 30 Apr 2024 16:26:31 INFO  epoch 61 training [time: 0.29s, train loss: 14.2046]
Tue 30 Apr 2024 16:26:31 INFO  epoch 61 evaluating [time: 0.42s, valid_score: 0.227600]
Tue 30 Apr 2024 16:26:31 INFO  valid result: 
recall@20 : 0.1714    mrr@20 : 0.2276    ndcg@20 : 0.1333    hit@20 : 0.6649    precision@20 : 0.0695
Tue 30 Apr 2024 16:26:31 INFO  epoch 62 training [time: 0.31s, train loss: 14.2613]
Tue 30 Apr 2024 16:26:32 INFO  epoch 62 evaluating [time: 0.43s, valid_score: 0.230400]
Tue 30 Apr 2024 16:26:32 INFO  valid result: 
recall@20 : 0.1723    mrr@20 : 0.2304    ndcg@20 : 0.1341    hit@20 : 0.6681    precision@20 : 0.0698
Tue 30 Apr 2024 16:26:32 INFO  epoch 63 training [time: 0.27s, train loss: 14.1587]
Tue 30 Apr 2024 16:26:32 INFO  epoch 63 evaluating [time: 0.45s, valid_score: 0.231500]
Tue 30 Apr 2024 16:26:32 INFO  valid result: 
recall@20 : 0.1724    mrr@20 : 0.2315    ndcg@20 : 0.134    hit@20 : 0.6691    precision@20 : 0.0699
Tue 30 Apr 2024 16:26:33 INFO  epoch 64 training [time: 0.28s, train loss: 14.1735]
Tue 30 Apr 2024 16:26:33 INFO  epoch 64 evaluating [time: 0.43s, valid_score: 0.231700]
Tue 30 Apr 2024 16:26:33 INFO  valid result: 
recall@20 : 0.1725    mrr@20 : 0.2317    ndcg@20 : 0.1342    hit@20 : 0.6691    precision@20 : 0.0699
Tue 30 Apr 2024 16:26:33 INFO  epoch 65 training [time: 0.28s, train loss: 14.0927]
Tue 30 Apr 2024 16:26:34 INFO  epoch 65 evaluating [time: 0.43s, valid_score: 0.232400]
Tue 30 Apr 2024 16:26:34 INFO  valid result: 
recall@20 : 0.1724    mrr@20 : 0.2324    ndcg@20 : 0.1343    hit@20 : 0.6691    precision@20 : 0.0699
Tue 30 Apr 2024 16:26:34 INFO  epoch 66 training [time: 0.28s, train loss: 14.1220]
Tue 30 Apr 2024 16:26:35 INFO  epoch 66 evaluating [time: 0.44s, valid_score: 0.232600]
Tue 30 Apr 2024 16:26:35 INFO  valid result: 
recall@20 : 0.1725    mrr@20 : 0.2326    ndcg@20 : 0.1344    hit@20 : 0.6702    precision@20 : 0.07
Tue 30 Apr 2024 16:26:35 INFO  epoch 67 training [time: 0.39s, train loss: 14.0681]
Tue 30 Apr 2024 16:26:35 INFO  epoch 67 evaluating [time: 0.43s, valid_score: 0.232100]
Tue 30 Apr 2024 16:26:35 INFO  valid result: 
recall@20 : 0.1731    mrr@20 : 0.2321    ndcg@20 : 0.1343    hit@20 : 0.6723    precision@20 : 0.0702
Tue 30 Apr 2024 16:26:36 INFO  epoch 68 training [time: 0.29s, train loss: 14.0842]
Tue 30 Apr 2024 16:26:36 INFO  epoch 68 evaluating [time: 0.42s, valid_score: 0.237700]
Tue 30 Apr 2024 16:26:36 INFO  valid result: 
recall@20 : 0.1739    mrr@20 : 0.2377    ndcg@20 : 0.1353    hit@20 : 0.6734    precision@20 : 0.0706
Tue 30 Apr 2024 16:26:36 INFO  epoch 69 training [time: 0.32s, train loss: 14.0714]
Tue 30 Apr 2024 16:26:37 INFO  epoch 69 evaluating [time: 0.44s, valid_score: 0.236900]
Tue 30 Apr 2024 16:26:37 INFO  valid result: 
recall@20 : 0.1732    mrr@20 : 0.2369    ndcg@20 : 0.1347    hit@20 : 0.6723    precision@20 : 0.0704
Tue 30 Apr 2024 16:26:37 INFO  epoch 70 training [time: 0.37s, train loss: 14.1405]
Tue 30 Apr 2024 16:26:38 INFO  epoch 70 evaluating [time: 0.42s, valid_score: 0.236600]
Tue 30 Apr 2024 16:26:38 INFO  valid result: 
recall@20 : 0.1731    mrr@20 : 0.2366    ndcg@20 : 0.1347    hit@20 : 0.6713    precision@20 : 0.0705
Tue 30 Apr 2024 16:26:38 INFO  epoch 71 training [time: 0.31s, train loss: 14.0516]
Tue 30 Apr 2024 16:26:38 INFO  epoch 71 evaluating [time: 0.43s, valid_score: 0.235900]
Tue 30 Apr 2024 16:26:38 INFO  valid result: 
recall@20 : 0.173    mrr@20 : 0.2359    ndcg@20 : 0.1344    hit@20 : 0.6713    precision@20 : 0.0705
Tue 30 Apr 2024 16:26:39 INFO  epoch 72 training [time: 0.34s, train loss: 14.0492]
Tue 30 Apr 2024 16:26:39 INFO  epoch 72 evaluating [time: 0.40s, valid_score: 0.236000]
Tue 30 Apr 2024 16:26:39 INFO  valid result: 
recall@20 : 0.173    mrr@20 : 0.236    ndcg@20 : 0.1345    hit@20 : 0.6713    precision@20 : 0.0706
Tue 30 Apr 2024 16:26:39 INFO  epoch 73 training [time: 0.27s, train loss: 14.1626]
Tue 30 Apr 2024 16:26:40 INFO  epoch 73 evaluating [time: 0.40s, valid_score: 0.236000]
Tue 30 Apr 2024 16:26:40 INFO  valid result: 
recall@20 : 0.1732    mrr@20 : 0.236    ndcg@20 : 0.1346    hit@20 : 0.6713    precision@20 : 0.0708
Tue 30 Apr 2024 16:26:40 INFO  epoch 74 training [time: 0.29s, train loss: 14.1104]
Tue 30 Apr 2024 16:26:41 INFO  epoch 74 evaluating [time: 0.40s, valid_score: 0.236000]
Tue 30 Apr 2024 16:26:41 INFO  valid result: 
recall@20 : 0.1734    mrr@20 : 0.236    ndcg@20 : 0.1348    hit@20 : 0.6723    precision@20 : 0.0709
Tue 30 Apr 2024 16:26:41 INFO  epoch 75 training [time: 0.29s, train loss: 14.0157]
Tue 30 Apr 2024 16:26:41 INFO  epoch 75 evaluating [time: 0.40s, valid_score: 0.236100]
Tue 30 Apr 2024 16:26:41 INFO  valid result: 
recall@20 : 0.1737    mrr@20 : 0.2361    ndcg@20 : 0.135    hit@20 : 0.6734    precision@20 : 0.0713
Tue 30 Apr 2024 16:26:41 INFO  epoch 76 training [time: 0.29s, train loss: 13.9983]
Tue 30 Apr 2024 16:26:42 INFO  epoch 76 evaluating [time: 0.41s, valid_score: 0.236000]
Tue 30 Apr 2024 16:26:42 INFO  valid result: 
recall@20 : 0.1729    mrr@20 : 0.236    ndcg@20 : 0.1349    hit@20 : 0.6702    precision@20 : 0.0713
Tue 30 Apr 2024 16:26:42 INFO  epoch 77 training [time: 0.28s, train loss: 14.1003]
Tue 30 Apr 2024 16:26:43 INFO  epoch 77 evaluating [time: 0.40s, valid_score: 0.236200]
Tue 30 Apr 2024 16:26:43 INFO  valid result: 
recall@20 : 0.1726    mrr@20 : 0.2362    ndcg@20 : 0.1348    hit@20 : 0.6702    precision@20 : 0.0712
Tue 30 Apr 2024 16:26:43 INFO  epoch 78 training [time: 0.28s, train loss: 14.0620]
Tue 30 Apr 2024 16:26:43 INFO  epoch 78 evaluating [time: 0.40s, valid_score: 0.236100]
Tue 30 Apr 2024 16:26:43 INFO  valid result: 
recall@20 : 0.1721    mrr@20 : 0.2361    ndcg@20 : 0.1346    hit@20 : 0.6691    precision@20 : 0.0712
Tue 30 Apr 2024 16:26:44 INFO  epoch 79 training [time: 0.27s, train loss: 14.0304]
Tue 30 Apr 2024 16:26:44 INFO  epoch 79 evaluating [time: 0.41s, valid_score: 0.235800]
Tue 30 Apr 2024 16:26:44 INFO  valid result: 
recall@20 : 0.1711    mrr@20 : 0.2358    ndcg@20 : 0.1343    hit@20 : 0.666    precision@20 : 0.0712
Tue 30 Apr 2024 16:26:44 INFO  epoch 80 training [time: 0.29s, train loss: 14.0562]
Tue 30 Apr 2024 16:26:45 INFO  epoch 80 evaluating [time: 0.41s, valid_score: 0.235600]
Tue 30 Apr 2024 16:26:45 INFO  valid result: 
recall@20 : 0.1711    mrr@20 : 0.2356    ndcg@20 : 0.1343    hit@20 : 0.666    precision@20 : 0.0712
Tue 30 Apr 2024 16:26:45 INFO  epoch 81 training [time: 0.29s, train loss: 13.8924]
Tue 30 Apr 2024 16:26:45 INFO  epoch 81 evaluating [time: 0.41s, valid_score: 0.238200]
Tue 30 Apr 2024 16:26:45 INFO  valid result: 
recall@20 : 0.1711    mrr@20 : 0.2382    ndcg@20 : 0.1346    hit@20 : 0.667    precision@20 : 0.0714
Tue 30 Apr 2024 16:26:46 INFO  epoch 82 training [time: 0.30s, train loss: 13.8669]
Tue 30 Apr 2024 16:26:46 INFO  epoch 82 evaluating [time: 0.42s, valid_score: 0.238000]
Tue 30 Apr 2024 16:26:46 INFO  valid result: 
recall@20 : 0.1706    mrr@20 : 0.238    ndcg@20 : 0.1346    hit@20 : 0.667    precision@20 : 0.0714
Tue 30 Apr 2024 16:26:46 INFO  epoch 83 training [time: 0.40s, train loss: 13.9079]
Tue 30 Apr 2024 16:26:47 INFO  epoch 83 evaluating [time: 0.42s, valid_score: 0.238100]
Tue 30 Apr 2024 16:26:47 INFO  valid result: 
recall@20 : 0.1709    mrr@20 : 0.2381    ndcg@20 : 0.1348    hit@20 : 0.6691    precision@20 : 0.0716
Tue 30 Apr 2024 16:26:47 INFO  epoch 84 training [time: 0.32s, train loss: 14.0081]
Tue 30 Apr 2024 16:26:48 INFO  epoch 84 evaluating [time: 0.42s, valid_score: 0.237800]
Tue 30 Apr 2024 16:26:48 INFO  valid result: 
recall@20 : 0.1707    mrr@20 : 0.2378    ndcg@20 : 0.1346    hit@20 : 0.667    precision@20 : 0.0716
Tue 30 Apr 2024 16:26:48 INFO  epoch 85 training [time: 0.32s, train loss: 13.9002]
Tue 30 Apr 2024 16:26:48 INFO  epoch 85 evaluating [time: 0.41s, valid_score: 0.237200]
Tue 30 Apr 2024 16:26:48 INFO  valid result: 
recall@20 : 0.1704    mrr@20 : 0.2372    ndcg@20 : 0.1343    hit@20 : 0.6638    precision@20 : 0.0715
Tue 30 Apr 2024 16:26:49 INFO  epoch 86 training [time: 0.28s, train loss: 13.9164]
Tue 30 Apr 2024 16:26:49 INFO  epoch 86 evaluating [time: 0.41s, valid_score: 0.237200]
Tue 30 Apr 2024 16:26:49 INFO  valid result: 
recall@20 : 0.1706    mrr@20 : 0.2372    ndcg@20 : 0.1344    hit@20 : 0.6649    precision@20 : 0.0716
Tue 30 Apr 2024 16:26:49 INFO  epoch 87 training [time: 0.29s, train loss: 13.9227]
Tue 30 Apr 2024 16:26:50 INFO  epoch 87 evaluating [time: 0.42s, valid_score: 0.239000]
Tue 30 Apr 2024 16:26:50 INFO  valid result: 
recall@20 : 0.1709    mrr@20 : 0.239    ndcg@20 : 0.1348    hit@20 : 0.667    precision@20 : 0.0718
Tue 30 Apr 2024 16:26:50 INFO  epoch 88 training [time: 0.30s, train loss: 13.9490]
Tue 30 Apr 2024 16:26:50 INFO  epoch 88 evaluating [time: 0.42s, valid_score: 0.240600]
Tue 30 Apr 2024 16:26:50 INFO  valid result: 
recall@20 : 0.171    mrr@20 : 0.2406    ndcg@20 : 0.135    hit@20 : 0.667    precision@20 : 0.072
Tue 30 Apr 2024 16:26:51 INFO  epoch 89 training [time: 0.29s, train loss: 13.8331]
Tue 30 Apr 2024 16:26:51 INFO  epoch 89 evaluating [time: 0.44s, valid_score: 0.242300]
Tue 30 Apr 2024 16:26:51 INFO  valid result: 
recall@20 : 0.1708    mrr@20 : 0.2423    ndcg@20 : 0.1352    hit@20 : 0.667    precision@20 : 0.0717
Tue 30 Apr 2024 16:26:51 INFO  epoch 90 training [time: 0.29s, train loss: 13.9208]
Tue 30 Apr 2024 16:26:52 INFO  epoch 90 evaluating [time: 0.42s, valid_score: 0.242900]
Tue 30 Apr 2024 16:26:52 INFO  valid result: 
recall@20 : 0.1711    mrr@20 : 0.2429    ndcg@20 : 0.1355    hit@20 : 0.6681    precision@20 : 0.0718
Tue 30 Apr 2024 16:26:52 INFO  epoch 91 training [time: 0.27s, train loss: 14.0358]
Tue 30 Apr 2024 16:26:53 INFO  epoch 91 evaluating [time: 0.42s, valid_score: 0.242700]
Tue 30 Apr 2024 16:26:53 INFO  valid result: 
recall@20 : 0.1714    mrr@20 : 0.2427    ndcg@20 : 0.1355    hit@20 : 0.6691    precision@20 : 0.0718
Tue 30 Apr 2024 16:26:53 INFO  epoch 92 training [time: 0.32s, train loss: 13.9682]
Tue 30 Apr 2024 16:26:53 INFO  epoch 92 evaluating [time: 0.40s, valid_score: 0.242300]
Tue 30 Apr 2024 16:26:53 INFO  valid result: 
recall@20 : 0.1713    mrr@20 : 0.2423    ndcg@20 : 0.1352    hit@20 : 0.6691    precision@20 : 0.0718
Tue 30 Apr 2024 16:26:54 INFO  epoch 93 training [time: 0.33s, train loss: 13.9508]
Tue 30 Apr 2024 16:26:54 INFO  epoch 93 evaluating [time: 0.41s, valid_score: 0.242000]
Tue 30 Apr 2024 16:26:54 INFO  valid result: 
recall@20 : 0.1714    mrr@20 : 0.242    ndcg@20 : 0.1352    hit@20 : 0.6691    precision@20 : 0.0719
Tue 30 Apr 2024 16:26:54 INFO  epoch 94 training [time: 0.30s, train loss: 13.9604]
Tue 30 Apr 2024 16:26:55 INFO  epoch 94 evaluating [time: 0.41s, valid_score: 0.241900]
Tue 30 Apr 2024 16:26:55 INFO  valid result: 
recall@20 : 0.1715    mrr@20 : 0.2419    ndcg@20 : 0.1352    hit@20 : 0.6691    precision@20 : 0.072
Tue 30 Apr 2024 16:26:55 INFO  epoch 95 training [time: 0.38s, train loss: 13.9050]
Tue 30 Apr 2024 16:26:56 INFO  epoch 95 evaluating [time: 0.43s, valid_score: 0.241900]
Tue 30 Apr 2024 16:26:56 INFO  valid result: 
recall@20 : 0.1718    mrr@20 : 0.2419    ndcg@20 : 0.1354    hit@20 : 0.6691    precision@20 : 0.0723
Tue 30 Apr 2024 16:26:56 INFO  epoch 96 training [time: 0.31s, train loss: 13.8859]
Tue 30 Apr 2024 16:26:56 INFO  epoch 96 evaluating [time: 0.40s, valid_score: 0.241900]
Tue 30 Apr 2024 16:26:56 INFO  valid result: 
recall@20 : 0.1718    mrr@20 : 0.2419    ndcg@20 : 0.1354    hit@20 : 0.6681    precision@20 : 0.0723
Tue 30 Apr 2024 16:26:57 INFO  epoch 97 training [time: 0.38s, train loss: 13.7749]
Tue 30 Apr 2024 16:26:57 INFO  epoch 97 evaluating [time: 0.41s, valid_score: 0.241700]
Tue 30 Apr 2024 16:26:57 INFO  valid result: 
recall@20 : 0.1718    mrr@20 : 0.2417    ndcg@20 : 0.1354    hit@20 : 0.6681    precision@20 : 0.0724
Tue 30 Apr 2024 16:26:57 INFO  epoch 98 training [time: 0.32s, train loss: 13.8733]
Tue 30 Apr 2024 16:26:58 INFO  epoch 98 evaluating [time: 0.41s, valid_score: 0.241800]
Tue 30 Apr 2024 16:26:58 INFO  valid result: 
recall@20 : 0.1717    mrr@20 : 0.2418    ndcg@20 : 0.1354    hit@20 : 0.6681    precision@20 : 0.0724
Tue 30 Apr 2024 16:26:58 INFO  epoch 99 training [time: 0.41s, train loss: 13.8963]
Tue 30 Apr 2024 16:26:59 INFO  epoch 99 evaluating [time: 0.43s, valid_score: 0.241600]
Tue 30 Apr 2024 16:26:59 INFO  valid result: 
recall@20 : 0.1718    mrr@20 : 0.2416    ndcg@20 : 0.1354    hit@20 : 0.6681    precision@20 : 0.0724
Tue 30 Apr 2024 16:26:59 INFO  epoch 100 training [time: 0.29s, train loss: 13.7515]
Tue 30 Apr 2024 16:26:59 INFO  epoch 100 evaluating [time: 0.40s, valid_score: 0.241400]
Tue 30 Apr 2024 16:26:59 INFO  valid result: 
recall@20 : 0.1717    mrr@20 : 0.2414    ndcg@20 : 0.1352    hit@20 : 0.6681    precision@20 : 0.0723
Tue 30 Apr 2024 16:27:00 INFO  epoch 101 training [time: 0.28s, train loss: 13.9233]
Tue 30 Apr 2024 16:27:00 INFO  epoch 101 evaluating [time: 0.41s, valid_score: 0.241300]
Tue 30 Apr 2024 16:27:00 INFO  valid result: 
recall@20 : 0.1716    mrr@20 : 0.2413    ndcg@20 : 0.1352    hit@20 : 0.667    precision@20 : 0.0724
Tue 30 Apr 2024 16:27:00 INFO  epoch 102 training [time: 0.30s, train loss: 13.7492]
Tue 30 Apr 2024 16:27:01 INFO  epoch 102 evaluating [time: 0.42s, valid_score: 0.241300]
Tue 30 Apr 2024 16:27:01 INFO  valid result: 
recall@20 : 0.1716    mrr@20 : 0.2413    ndcg@20 : 0.1353    hit@20 : 0.667    precision@20 : 0.0726
Tue 30 Apr 2024 16:27:01 INFO  epoch 103 training [time: 0.29s, train loss: 13.9215]
Tue 30 Apr 2024 16:27:01 INFO  epoch 103 evaluating [time: 0.41s, valid_score: 0.241300]
Tue 30 Apr 2024 16:27:01 INFO  valid result: 
recall@20 : 0.1715    mrr@20 : 0.2413    ndcg@20 : 0.1353    hit@20 : 0.667    precision@20 : 0.0725
Tue 30 Apr 2024 16:27:02 INFO  epoch 104 training [time: 0.31s, train loss: 13.7989]
Tue 30 Apr 2024 16:27:02 INFO  epoch 104 evaluating [time: 0.43s, valid_score: 0.241300]
Tue 30 Apr 2024 16:27:02 INFO  valid result: 
recall@20 : 0.1717    mrr@20 : 0.2413    ndcg@20 : 0.1354    hit@20 : 0.667    precision@20 : 0.0726
Tue 30 Apr 2024 16:27:02 INFO  epoch 105 training [time: 0.29s, train loss: 13.7706]
Tue 30 Apr 2024 16:27:03 INFO  epoch 105 evaluating [time: 0.43s, valid_score: 0.241400]
Tue 30 Apr 2024 16:27:03 INFO  valid result: 
recall@20 : 0.1719    mrr@20 : 0.2414    ndcg@20 : 0.1355    hit@20 : 0.667    precision@20 : 0.0727
Tue 30 Apr 2024 16:27:03 INFO  Finished training, best eval result in epoch 4
Tue 30 Apr 2024 16:27:03 INFO  Loading model structure and parameters from saved/LightGCN-Apr-30-2024_16-25-51.pth
Tue 30 Apr 2024 16:27:04 INFO  The running environment of this training is as follows:
+-------------+----------------+
| Environment |     Usage      |
+=============+================+
| CPU         |    19.30 %     |
+-------------+----------------+
| GPU         | 0.03 G/15.98 G |
+-------------+----------------+
| Memory      | 1.16 G/15.47 G |
+-------------+----------------+
Tue 30 Apr 2024 16:27:04 INFO  best valid : OrderedDict([('recall@20', 0.1804), ('mrr@20', 0.2448), ('ndcg@20', 0.1391), ('hit@20', 0.6882), ('precision@20', 0.0705)])
Tue 30 Apr 2024 16:27:04 INFO  test result: OrderedDict([('recall@20', 0.1949), ('mrr@20', 0.263), ('ndcg@20', 0.1535), ('hit@20', 0.7073), ('precision@20', 0.0789)])
