Tue 16 Jul 2024 19:05:39 INFO  ['run_recbole.py', '--config_files=./recbole/properties/GCN-AST.yaml']
Tue 16 Jul 2024 19:05:39 INFO  
General Hyper Parameters:
gpu_id = 0
use_gpu = True
seed = 2020
state = INFO
reproducibility = True
data_path = /home/simeon/Git_Repositories/ANS-Recbole/recbole/config/../dataset_example/ml-100k
checkpoint_dir = saved
show_progress = True
save_dataset = False
dataset_save_path = None
save_dataloaders = False
dataloaders_save_path = None
log_wandb = False

Training Hyper Parameters:
epochs = 500
train_batch_size = 4096
learner = adam
learning_rate = 0.0001
train_neg_sample_args = {'distribution': 'uniform', 'sample_num': 5, 'alpha': 1.0, 'dynamic': False, 'candidate_num': 0}
eval_step = 1
stopping_step = 10
clip_grad_norm = None
weight_decay = 0.0
loss_decimal_place = 4

Evaluation Hyper Parameters:
eval_args = {'split': {'RS': [0.8, 0.1, 0.1]}, 'group_by': 'user', 'order': 'RO', 'mode': 'full'}
repeatable = False
metrics = ['Recall', 'NDCG', 'MRR', 'Hit', 'Precision']
topk = [10, 20]
valid_metric = Recall@20
valid_metric_bigger = True
eval_batch_size = 4096
metric_decimal_place = 3

Dataset Hyper Parameters:
field_separator = 	
seq_separator =  
USER_ID_FIELD = user_id
ITEM_ID_FIELD = item_id
RATING_FIELD = rating
TIME_FIELD = timestamp
seq_len = None
LABEL_FIELD = label
threshold = None
NEG_PREFIX = neg_
load_col = {'inter': ['user_id', 'item_id']}
unload_col = None
unused_col = None
additional_feat_suffix = None
rm_dup_inter = None
val_interval = None
filter_inter_by_user_or_item = True
user_inter_num_interval = None
item_inter_num_interval = None
alias_of_user_id = None
alias_of_item_id = None
alias_of_entity_id = None
alias_of_relation_id = None
preload_weight = None
normalize_field = None
normalize_all = True
ITEM_LIST_LENGTH_FIELD = item_length
LIST_SUFFIX = _list
MAX_ITEM_LIST_LENGTH = 50
POSITION_FIELD = position_id
HEAD_ENTITY_ID_FIELD = head_id
TAIL_ENTITY_ID_FIELD = tail_id
RELATION_ID_FIELD = relation_id
ENTITY_ID_FIELD = entity_id
kg_reverse_r = False
entity_kg_num_interval = None
relation_kg_num_interval = None
benchmark_filename = None

Other Hyper Parameters: 
worker = 0
wandb_project = recbole
shuffle = True
plot_learning_curve = False
model_name_custom = -
require_pow = False
enable_amp = False
enable_scaler = True
transform = None
positive_sampling = True
embedding_size = 64
numerical_features = []
discretization = None
MODEL_TYPE = ModelType.GENERAL
n_layers = 2
reg_weight = 0.001
eps = 0.3579063307361654
gamma = 0.03
enable_PSST = True
Q = 8
enable_SBGA = False
K = 3
P = 20
MODEL_INPUT_TYPE = InputType.PAIRWISE
eval_type = EvaluatorType.RANKING
single_spec = True
local_rank = 0
device = cuda
eval_neg_sample_args = {'distribution': 'uniform', 'sample_num': 'none'}


Tue 16 Jul 2024 19:05:39 INFO  ml-100k
The number of users: 944
Average actions of users: 106.04453870625663
The number of items: 1683
Average actions of items: 59.45303210463734
The number of inters: 100000
The sparsity of the dataset: 93.70575143257098%
Remain Fields: ['user_id', 'item_id']
Tue 16 Jul 2024 19:05:39 INFO  [Training]: train_batch_size = [4096] train_neg_sample_args: [{'distribution': 'uniform', 'sample_num': 5, 'alpha': 1.0, 'dynamic': False, 'candidate_num': 0}]
Tue 16 Jul 2024 19:05:39 INFO  [Evaluation]: eval_batch_size = [4096] eval_args: [{'split': {'RS': [0.8, 0.1, 0.1]}, 'group_by': 'user', 'order': 'RO', 'mode': 'full'}]
Tue 16 Jul 2024 19:05:39 INFO  BPR(
  (user_embedding): Embedding(944, 64)
  (item_embedding): Embedding(1683, 64)
  (loss): BPRLoss()
)
Trainable parameters: 168128
Tue 16 Jul 2024 19:05:39 INFO  FLOPs: 128.0
Tue 16 Jul 2024 19:05:41 INFO  epoch 0 training [time: 0.54s, train loss: 68.6256]
Tue 16 Jul 2024 19:05:41 INFO  epoch 0 evaluating [time: 0.62s, valid_score: 0.013000]
Tue 16 Jul 2024 19:05:41 INFO  valid result: 
recall@10 : 0.006    recall@20 : 0.013    ndcg@10 : 0.01    ndcg@20 : 0.012    mrr@10 : 0.025    mrr@20 : 0.029    hit@10 : 0.07    hit@20 : 0.133    precision@10 : 0.007    precision@20 : 0.007
Tue 16 Jul 2024 19:05:41 INFO  Saving current: saved/BPR-Jul-16-2024_19-05-39.pth
Tue 16 Jul 2024 19:05:42 INFO  epoch 1 training [time: 0.37s, train loss: 68.5956]
Tue 16 Jul 2024 19:05:42 INFO  epoch 1 evaluating [time: 0.40s, valid_score: 0.013000]
Tue 16 Jul 2024 19:05:42 INFO  valid result: 
recall@10 : 0.007    recall@20 : 0.013    ndcg@10 : 0.01    ndcg@20 : 0.012    mrr@10 : 0.026    mrr@20 : 0.029    hit@10 : 0.077    hit@20 : 0.137    precision@10 : 0.008    precision@20 : 0.008
Tue 16 Jul 2024 19:05:42 INFO  Saving current: saved/BPR-Jul-16-2024_19-05-39.pth
Tue 16 Jul 2024 19:05:42 INFO  epoch 2 training [time: 0.38s, train loss: 68.5672]
Tue 16 Jul 2024 19:05:43 INFO  epoch 2 evaluating [time: 0.43s, valid_score: 0.013000]
Tue 16 Jul 2024 19:05:43 INFO  valid result: 
recall@10 : 0.008    recall@20 : 0.013    ndcg@10 : 0.011    ndcg@20 : 0.012    mrr@10 : 0.026    mrr@20 : 0.03    hit@10 : 0.081    hit@20 : 0.137    precision@10 : 0.009    precision@20 : 0.008
Tue 16 Jul 2024 19:05:43 INFO  Saving current: saved/BPR-Jul-16-2024_19-05-39.pth
Tue 16 Jul 2024 19:05:43 INFO  epoch 3 training [time: 0.42s, train loss: 68.5330]
