Wed 19 Jun 2024 17:59:05 INFO  ['run_recbole.py', '--model=ANS', '--dataset=ml-100k']
Wed 19 Jun 2024 17:59:05 INFO  
General Hyper Parameters:
gpu_id = 0
use_gpu = True
seed = 2020
state = DEBUG
reproducibility = True
data_path = /home/simeon/Git_Repositories/ANS-Recbole/recbole/config/../dataset_example/ml-100k
checkpoint_dir = saved
show_progress = True
save_dataset = False
dataset_save_path = None
save_dataloaders = False
dataloaders_save_path = None
log_wandb = False

Training Hyper Parameters:
epochs = 500
train_batch_size = 2048
learner = adam
learning_rate = 0.0001
train_neg_sample_args = {'distribution': 'uniform', 'sample_num': 1, 'alpha': 1.0, 'dynamic': False, 'candidate_num': 1}
eval_step = 1
stopping_step = 100
clip_grad_norm = None
weight_decay = 0.0
loss_decimal_place = 4

Evaluation Hyper Parameters:
eval_args = {'split': {'RS': [0.8, 0.1, 0.1]}, 'group_by': 'user', 'order': 'RO', 'mode': 'full'}
repeatable = False
metrics = ['Recall', 'MRR', 'NDCG', 'Hit', 'Precision']
topk = [20]
valid_metric = Recall@20
valid_metric_bigger = True
eval_batch_size = 4096
metric_decimal_place = 4

Dataset Hyper Parameters:
field_separator = 	
seq_separator =  
USER_ID_FIELD = user_id
ITEM_ID_FIELD = item_id
RATING_FIELD = rating
TIME_FIELD = timestamp
seq_len = None
LABEL_FIELD = label
threshold = {'rating': 4.0}
NEG_PREFIX = neg_
load_col = {'inter': ['user_id', 'item_id', 'rating']}
unload_col = None
unused_col = None
additional_feat_suffix = None
rm_dup_inter = None
val_interval = None
filter_inter_by_user_or_item = True
user_inter_num_interval = None
item_inter_num_interval = None
alias_of_user_id = None
alias_of_item_id = None
alias_of_entity_id = None
alias_of_relation_id = None
preload_weight = None
normalize_field = None
normalize_all = True
ITEM_LIST_LENGTH_FIELD = item_length
LIST_SUFFIX = _list
MAX_ITEM_LIST_LENGTH = 50
POSITION_FIELD = position_id
HEAD_ENTITY_ID_FIELD = head_id
TAIL_ENTITY_ID_FIELD = tail_id
RELATION_ID_FIELD = relation_id
ENTITY_ID_FIELD = entity_id
kg_reverse_r = False
entity_kg_num_interval = None
relation_kg_num_interval = None
benchmark_filename = None

Other Hyper Parameters: 
worker = 0
wandb_project = recbole
shuffle = True
require_pow = False
enable_amp = False
enable_scaler = True
transform = None
train_after_converge = True
positive_sampling = True
embedding_size = 64
n_layers = 3
reg_weight = 0.0001
eps = 0.3
gamma = 0.15
numerical_features = []
discretization = None
MODEL_TYPE = ModelType.GENERAL
MODEL_INPUT_TYPE = InputType.PAIRWISE
eval_type = EvaluatorType.RANKING
single_spec = True
local_rank = 0
device = cuda
eval_neg_sample_args = {'distribution': 'uniform', 'sample_num': 'none'}


Wed 19 Jun 2024 17:59:05 DEBUG  Loading <class 'recbole.data.dataset.dataset.Dataset'> from scratch.
Wed 19 Jun 2024 17:59:05 DEBUG  uid_field: user_id
Wed 19 Jun 2024 17:59:05 DEBUG  iid_field: item_id
Wed 19 Jun 2024 17:59:05 DEBUG  Loading feature from [/home/simeon/Git_Repositories/ANS-Recbole/recbole/config/../dataset_example/ml-100k/ml-100k.inter] (source: [FeatureSource.INTERACTION]).
Wed 19 Jun 2024 17:59:05 DEBUG  [inter]: 
Wed 19 Jun 2024 17:59:05 DEBUG  	 load_col: [{'user_id', 'item_id', 'rating'}]
Wed 19 Jun 2024 17:59:05 DEBUG  	 unload_col: [None]
Wed 19 Jun 2024 17:59:05 DEBUG  Interaction feature loaded successfully from [/home/simeon/Git_Repositories/ANS-Recbole/recbole/config/../dataset_example/ml-100k/ml-100k.inter].
Wed 19 Jun 2024 17:59:05 DEBUG  Loading feature from [/home/simeon/Git_Repositories/ANS-Recbole/recbole/config/../dataset_example/ml-100k/ml-100k.user] (source: [FeatureSource.USER]).
Wed 19 Jun 2024 17:59:05 DEBUG  [user]: 
Wed 19 Jun 2024 17:59:05 DEBUG  	 load_col: [set()]
Wed 19 Jun 2024 17:59:05 DEBUG  	 unload_col: [None]
Wed 19 Jun 2024 17:59:05 DEBUG  [user] feature loaded successfully from [/home/simeon/Git_Repositories/ANS-Recbole/recbole/config/../dataset_example/ml-100k/ml-100k.user].
Wed 19 Jun 2024 17:59:05 DEBUG  Loading feature from [/home/simeon/Git_Repositories/ANS-Recbole/recbole/config/../dataset_example/ml-100k/ml-100k.item] (source: [FeatureSource.ITEM]).
Wed 19 Jun 2024 17:59:05 DEBUG  [item]: 
Wed 19 Jun 2024 17:59:05 DEBUG  	 load_col: [set()]
Wed 19 Jun 2024 17:59:05 DEBUG  	 unload_col: [None]
Wed 19 Jun 2024 17:59:05 DEBUG  [item] feature loaded successfully from [/home/simeon/Git_Repositories/ANS-Recbole/recbole/config/../dataset_example/ml-100k/ml-100k.item].
Wed 19 Jun 2024 17:59:05 DEBUG  drop_by_value: val={}
Wed 19 Jun 2024 17:59:05 DEBUG  Filling nan
Wed 19 Jun 2024 17:59:05 DEBUG  Set label by {'rating': 4.0}.
Wed 19 Jun 2024 17:59:05 DEBUG  Delete column [rating].
Wed 19 Jun 2024 17:59:05 DEBUG  Normalized fields: ['label']
Wed 19 Jun 2024 17:59:05 INFO  ml-100k
The number of users: 944
Average actions of users: 106.04453870625663
The number of items: 1683
Average actions of items: 59.45303210463734
The number of inters: 100000
The sparsity of the dataset: 93.70575143257098%
Remain Fields: ['user_id', 'item_id', 'label']
Wed 19 Jun 2024 17:59:05 DEBUG  split by ratios [[0.8, 0.1, 0.1]], group_by=[user_id]
Wed 19 Jun 2024 17:59:05 INFO  [Training]: train_batch_size = [2048] train_neg_sample_args: [{'distribution': 'uniform', 'sample_num': 1, 'alpha': 1.0, 'dynamic': False, 'candidate_num': 1}]
Wed 19 Jun 2024 17:59:05 INFO  [Evaluation]: eval_batch_size = [4096] eval_args: [{'split': {'RS': [0.8, 0.1, 0.1]}, 'group_by': 'user', 'order': 'RO', 'mode': 'full'}]
Wed 19 Jun 2024 17:59:07 INFO  ANS(
  (user_embedding): Embedding(944, 64)
  (item_embedding): Embedding(1683, 64)
  (mf_loss): BPRLoss()
  (reg_loss): EmbLoss()
  (user_gate): Linear(in_features=64, out_features=64, bias=True)
  (item_gate): Linear(in_features=64, out_features=64, bias=True)
  (pos_gate): Linear(in_features=64, out_features=64, bias=True)
  (neg_gate): Linear(in_features=64, out_features=64, bias=True)
  (hard_gate): Linear(in_features=64, out_features=64, bias=True)
  (conf_gate): Linear(in_features=64, out_features=64, bias=True)
  (easy_gate): Linear(in_features=64, out_features=64, bias=True)
  (margin_model): Linear(in_features=64, out_features=1, bias=True)
)
Trainable parameters: 197313
Wed 19 Jun 2024 17:59:07 INFO  FLOPs: 0.0
Wed 19 Jun 2024 17:59:08 DEBUG   length of inter_feat: 80808
Wed 19 Jun 2024 17:59:08 DEBUG   length of dataset: 80808
Wed 19 Jun 2024 17:59:10 DEBUG  Total length interaction: 80808
Wed 19 Jun 2024 17:59:10 INFO  epoch 0 training [time: 1.47s, train loss: 32.2292]
Wed 19 Jun 2024 17:59:10 INFO  epoch 0 evaluating [time: 0.46s, valid_score: 0.012500]
Wed 19 Jun 2024 17:59:10 INFO  valid result: 
recall@20 : 0.0125    mrr@20 : 0.0264    ndcg@20 : 0.0103    hit@20 : 0.1241    precision@20 : 0.007
Wed 19 Jun 2024 17:59:10 INFO  Saving current: saved/ANS-Jun-19-2024_17-59-07.pth
Wed 19 Jun 2024 17:59:11 DEBUG  Total length interaction: 80808
Wed 19 Jun 2024 17:59:11 INFO  epoch 1 training [time: 0.87s, train loss: 32.2101]
Wed 19 Jun 2024 17:59:11 INFO  epoch 1 evaluating [time: 0.41s, valid_score: 0.011900]
Wed 19 Jun 2024 17:59:11 INFO  valid result: 
recall@20 : 0.0119    mrr@20 : 0.0245    ndcg@20 : 0.0099    hit@20 : 0.1241    precision@20 : 0.007
Wed 19 Jun 2024 17:59:12 DEBUG  Total length interaction: 80808
Wed 19 Jun 2024 17:59:12 INFO  epoch 2 training [time: 0.76s, train loss: 32.1977]
Wed 19 Jun 2024 17:59:13 INFO  epoch 2 evaluating [time: 0.41s, valid_score: 0.012000]
Wed 19 Jun 2024 17:59:13 INFO  valid result: 
recall@20 : 0.012    mrr@20 : 0.0239    ndcg@20 : 0.0096    hit@20 : 0.122    precision@20 : 0.0068
Wed 19 Jun 2024 17:59:13 DEBUG  Total length interaction: 80808
Wed 19 Jun 2024 17:59:13 INFO  epoch 3 training [time: 0.86s, train loss: 32.1871]
Wed 19 Jun 2024 17:59:14 INFO  epoch 3 evaluating [time: 0.43s, valid_score: 0.011300]
Wed 19 Jun 2024 17:59:14 INFO  valid result: 
recall@20 : 0.0113    mrr@20 : 0.0227    ndcg@20 : 0.0092    hit@20 : 0.1177    precision@20 : 0.0065
Wed 19 Jun 2024 17:59:15 DEBUG  Total length interaction: 80808
Wed 19 Jun 2024 17:59:15 INFO  epoch 4 training [time: 0.89s, train loss: 32.1758]
Wed 19 Jun 2024 17:59:15 INFO  epoch 4 evaluating [time: 0.43s, valid_score: 0.009400]
Wed 19 Jun 2024 17:59:15 INFO  valid result: 
recall@20 : 0.0094    mrr@20 : 0.0215    ndcg@20 : 0.0083    hit@20 : 0.106    precision@20 : 0.0059
Wed 19 Jun 2024 17:59:16 DEBUG  Total length interaction: 80808
Wed 19 Jun 2024 17:59:16 INFO  epoch 5 training [time: 0.75s, train loss: 32.1667]
Wed 19 Jun 2024 17:59:16 INFO  epoch 5 evaluating [time: 0.42s, valid_score: 0.009000]
Wed 19 Jun 2024 17:59:16 INFO  valid result: 
recall@20 : 0.009    mrr@20 : 0.0206    ndcg@20 : 0.0079    hit@20 : 0.1039    precision@20 : 0.0057
Wed 19 Jun 2024 17:59:17 DEBUG  Total length interaction: 80808
Wed 19 Jun 2024 17:59:17 INFO  epoch 6 training [time: 0.87s, train loss: 32.1590]
Wed 19 Jun 2024 17:59:18 INFO  epoch 6 evaluating [time: 0.40s, valid_score: 0.009100]
Wed 19 Jun 2024 17:59:18 INFO  valid result: 
recall@20 : 0.0091    mrr@20 : 0.0192    ndcg@20 : 0.0077    hit@20 : 0.1039    precision@20 : 0.0057
Wed 19 Jun 2024 17:59:19 DEBUG  Total length interaction: 80808
Wed 19 Jun 2024 17:59:19 INFO  epoch 7 training [time: 0.87s, train loss: 32.1525]
Wed 19 Jun 2024 17:59:19 INFO  epoch 7 evaluating [time: 0.43s, valid_score: 0.008700]
Wed 19 Jun 2024 17:59:19 INFO  valid result: 
recall@20 : 0.0087    mrr@20 : 0.0179    ndcg@20 : 0.0072    hit@20 : 0.0997    precision@20 : 0.0055
Wed 19 Jun 2024 17:59:20 DEBUG  Total length interaction: 80808
Wed 19 Jun 2024 17:59:20 INFO  epoch 8 training [time: 0.78s, train loss: 32.1495]
Wed 19 Jun 2024 17:59:20 INFO  epoch 8 evaluating [time: 0.44s, valid_score: 0.008700]
Wed 19 Jun 2024 17:59:20 INFO  valid result: 
recall@20 : 0.0087    mrr@20 : 0.017    ndcg@20 : 0.007    hit@20 : 0.0986    precision@20 : 0.0054
Wed 19 Jun 2024 17:59:21 DEBUG  Total length interaction: 80808
Wed 19 Jun 2024 17:59:21 INFO  epoch 9 training [time: 0.85s, train loss: 32.1453]
Wed 19 Jun 2024 17:59:21 INFO  epoch 9 evaluating [time: 0.43s, valid_score: 0.008000]
Wed 19 Jun 2024 17:59:21 INFO  valid result: 
recall@20 : 0.008    mrr@20 : 0.0161    ndcg@20 : 0.0066    hit@20 : 0.0944    precision@20 : 0.0051
Wed 19 Jun 2024 17:59:22 DEBUG  Total length interaction: 80808
Wed 19 Jun 2024 17:59:22 INFO  epoch 10 training [time: 0.73s, train loss: 32.1401]
Wed 19 Jun 2024 17:59:23 INFO  epoch 10 evaluating [time: 0.43s, valid_score: 0.007800]
Wed 19 Jun 2024 17:59:23 INFO  valid result: 
recall@20 : 0.0078    mrr@20 : 0.0155    ndcg@20 : 0.0063    hit@20 : 0.0891    precision@20 : 0.0049
Wed 19 Jun 2024 17:59:23 DEBUG  Total length interaction: 80808
Wed 19 Jun 2024 17:59:23 INFO  epoch 11 training [time: 0.83s, train loss: 32.1334]
Wed 19 Jun 2024 17:59:24 INFO  epoch 11 evaluating [time: 0.43s, valid_score: 0.007800]
Wed 19 Jun 2024 17:59:24 INFO  valid result: 
recall@20 : 0.0078    mrr@20 : 0.0153    ndcg@20 : 0.0063    hit@20 : 0.0912    precision@20 : 0.005
Wed 19 Jun 2024 17:59:25 DEBUG  Total length interaction: 80808
Wed 19 Jun 2024 17:59:25 INFO  epoch 12 training [time: 0.71s, train loss: 32.1260]
Wed 19 Jun 2024 17:59:25 INFO  epoch 12 evaluating [time: 0.40s, valid_score: 0.007000]
Wed 19 Jun 2024 17:59:25 INFO  valid result: 
recall@20 : 0.007    mrr@20 : 0.0143    ndcg@20 : 0.0058    hit@20 : 0.0838    precision@20 : 0.0046
Wed 19 Jun 2024 17:59:26 DEBUG  Total length interaction: 80808
Wed 19 Jun 2024 17:59:26 INFO  epoch 13 training [time: 0.64s, train loss: 32.1210]
Wed 19 Jun 2024 17:59:26 INFO  epoch 13 evaluating [time: 0.41s, valid_score: 0.006800]
Wed 19 Jun 2024 17:59:26 INFO  valid result: 
recall@20 : 0.0068    mrr@20 : 0.014    ndcg@20 : 0.0056    hit@20 : 0.0795    precision@20 : 0.0044
Wed 19 Jun 2024 17:59:27 DEBUG  Total length interaction: 80808
Wed 19 Jun 2024 17:59:27 INFO  epoch 14 training [time: 0.72s, train loss: 32.1129]
Wed 19 Jun 2024 17:59:27 INFO  epoch 14 evaluating [time: 0.40s, valid_score: 0.006900]
Wed 19 Jun 2024 17:59:27 INFO  valid result: 
recall@20 : 0.0069    mrr@20 : 0.0139    ndcg@20 : 0.0057    hit@20 : 0.0838    precision@20 : 0.0046
Wed 19 Jun 2024 17:59:28 DEBUG  Total length interaction: 80808
Wed 19 Jun 2024 17:59:28 INFO  epoch 15 training [time: 0.63s, train loss: 32.1075]
Wed 19 Jun 2024 17:59:28 INFO  epoch 15 evaluating [time: 0.42s, valid_score: 0.006400]
Wed 19 Jun 2024 17:59:28 INFO  valid result: 
recall@20 : 0.0064    mrr@20 : 0.0133    ndcg@20 : 0.0053    hit@20 : 0.0774    precision@20 : 0.0043
Wed 19 Jun 2024 17:59:29 DEBUG  Total length interaction: 80808
Wed 19 Jun 2024 17:59:29 INFO  epoch 16 training [time: 0.62s, train loss: 32.1011]
Wed 19 Jun 2024 17:59:29 INFO  epoch 16 evaluating [time: 0.43s, valid_score: 0.006000]
Wed 19 Jun 2024 17:59:29 INFO  valid result: 
recall@20 : 0.006    mrr@20 : 0.013    ndcg@20 : 0.0051    hit@20 : 0.0742    precision@20 : 0.0041
Wed 19 Jun 2024 17:59:30 DEBUG  Total length interaction: 80808
Wed 19 Jun 2024 17:59:30 INFO  epoch 17 training [time: 0.64s, train loss: 32.0952]
Wed 19 Jun 2024 17:59:30 INFO  epoch 17 evaluating [time: 0.42s, valid_score: 0.006300]
Wed 19 Jun 2024 17:59:30 INFO  valid result: 
recall@20 : 0.0063    mrr@20 : 0.0127    ndcg@20 : 0.005    hit@20 : 0.0732    precision@20 : 0.004
Wed 19 Jun 2024 17:59:31 DEBUG  Total length interaction: 80808
Wed 19 Jun 2024 17:59:31 INFO  epoch 18 training [time: 0.62s, train loss: 32.0901]
Wed 19 Jun 2024 17:59:31 INFO  epoch 18 evaluating [time: 0.41s, valid_score: 0.006400]
Wed 19 Jun 2024 17:59:31 INFO  valid result: 
recall@20 : 0.0064    mrr@20 : 0.0125    ndcg@20 : 0.005    hit@20 : 0.0742    precision@20 : 0.004
Wed 19 Jun 2024 17:59:32 DEBUG  Total length interaction: 80808
Wed 19 Jun 2024 17:59:32 INFO  epoch 19 training [time: 0.64s, train loss: 32.0856]
Wed 19 Jun 2024 17:59:32 INFO  epoch 19 evaluating [time: 0.40s, valid_score: 0.006200]
Wed 19 Jun 2024 17:59:32 INFO  valid result: 
recall@20 : 0.0062    mrr@20 : 0.0123    ndcg@20 : 0.0048    hit@20 : 0.0689    precision@20 : 0.0037
Wed 19 Jun 2024 17:59:33 DEBUG  Total length interaction: 80808
Wed 19 Jun 2024 17:59:33 INFO  epoch 20 training [time: 0.63s, train loss: 32.0800]
Wed 19 Jun 2024 17:59:33 INFO  epoch 20 evaluating [time: 0.40s, valid_score: 0.006200]
Wed 19 Jun 2024 17:59:33 INFO  valid result: 
recall@20 : 0.0062    mrr@20 : 0.0119    ndcg@20 : 0.0048    hit@20 : 0.07    precision@20 : 0.0038
Wed 19 Jun 2024 17:59:34 DEBUG  Total length interaction: 80808
Wed 19 Jun 2024 17:59:34 INFO  epoch 21 training [time: 0.60s, train loss: 32.0749]
Wed 19 Jun 2024 17:59:34 INFO  epoch 21 evaluating [time: 0.42s, valid_score: 0.006100]
Wed 19 Jun 2024 17:59:34 INFO  valid result: 
recall@20 : 0.0061    mrr@20 : 0.0119    ndcg@20 : 0.0048    hit@20 : 0.07    precision@20 : 0.0038
Wed 19 Jun 2024 17:59:35 DEBUG  Total length interaction: 80808
Wed 19 Jun 2024 17:59:35 INFO  epoch 22 training [time: 0.59s, train loss: 32.0691]
Wed 19 Jun 2024 17:59:35 INFO  epoch 22 evaluating [time: 0.40s, valid_score: 0.005900]
Wed 19 Jun 2024 17:59:35 INFO  valid result: 
recall@20 : 0.0059    mrr@20 : 0.0117    ndcg@20 : 0.0047    hit@20 : 0.0668    precision@20 : 0.0037
Wed 19 Jun 2024 17:59:36 DEBUG  Total length interaction: 80808
Wed 19 Jun 2024 17:59:36 INFO  epoch 23 training [time: 0.64s, train loss: 32.0650]
Wed 19 Jun 2024 17:59:36 INFO  epoch 23 evaluating [time: 0.44s, valid_score: 0.005600]
Wed 19 Jun 2024 17:59:36 INFO  valid result: 
recall@20 : 0.0056    mrr@20 : 0.0114    ndcg@20 : 0.0046    hit@20 : 0.0689    precision@20 : 0.0038
