Mon 27 May 2024 19:43:56 INFO  ['run_recbole.py', '--model=ANS', '--dataset=ml-100k']
Mon 27 May 2024 19:43:56 INFO  
General Hyper Parameters:
gpu_id = 0
use_gpu = True
seed = 2020
state = DEBUG
reproducibility = True
data_path = /home/simeon/Git_Repositories/ANS-Recbole/recbole/config/../dataset_example/ml-100k
checkpoint_dir = saved
show_progress = False
save_dataset = False
dataset_save_path = None
save_dataloaders = False
dataloaders_save_path = None
log_wandb = False

Training Hyper Parameters:
epochs = 500
train_batch_size = 2048
learner = adam
learning_rate = 0.0001
train_neg_sample_args = {'distribution': 'uniform', 'sample_num': 1, 'alpha': 1.0, 'dynamic': False, 'candidate_num': 1}
eval_step = 1
stopping_step = 100
clip_grad_norm = None
weight_decay = 0.0
loss_decimal_place = 4

Evaluation Hyper Parameters:
eval_args = {'split': {'RS': [0.8, 0.1, 0.1]}, 'group_by': 'user', 'order': 'RO', 'mode': 'full'}
repeatable = False
metrics = ['Recall', 'MRR', 'NDCG', 'Hit', 'Precision']
topk = [20]
valid_metric = Recall@20
valid_metric_bigger = True
eval_batch_size = 4096
metric_decimal_place = 4

Dataset Hyper Parameters:
field_separator = 	
seq_separator =  
USER_ID_FIELD = user_id
ITEM_ID_FIELD = item_id
RATING_FIELD = rating
TIME_FIELD = timestamp
seq_len = None
LABEL_FIELD = label
threshold = {'rating': 4.0}
NEG_PREFIX = neg_
load_col = {'inter': ['user_id', 'item_id', 'rating']}
unload_col = None
unused_col = None
additional_feat_suffix = None
rm_dup_inter = None
val_interval = None
filter_inter_by_user_or_item = True
user_inter_num_interval = None
item_inter_num_interval = None
alias_of_user_id = None
alias_of_item_id = None
alias_of_entity_id = None
alias_of_relation_id = None
preload_weight = None
normalize_field = None
normalize_all = True
ITEM_LIST_LENGTH_FIELD = item_length
LIST_SUFFIX = _list
MAX_ITEM_LIST_LENGTH = 50
POSITION_FIELD = position_id
HEAD_ENTITY_ID_FIELD = head_id
TAIL_ENTITY_ID_FIELD = tail_id
RELATION_ID_FIELD = relation_id
ENTITY_ID_FIELD = entity_id
kg_reverse_r = False
entity_kg_num_interval = None
relation_kg_num_interval = None
benchmark_filename = None

Other Hyper Parameters: 
worker = 0
wandb_project = recbole
shuffle = True
require_pow = False
enable_amp = False
enable_scaler = False
transform = None
train_after_converge = True
positive_sampling = True
embedding_size = 64
n_layers = 3
reg_weight = 0.0001
eps = 0.3
gamma = 0.15
numerical_features = []
discretization = None
MODEL_TYPE = ModelType.GENERAL
MODEL_INPUT_TYPE = InputType.PAIRWISE
eval_type = EvaluatorType.RANKING
single_spec = True
local_rank = 0
device = cuda
eval_neg_sample_args = {'distribution': 'uniform', 'sample_num': 'none'}


Mon 27 May 2024 19:43:56 DEBUG  Loading <class 'recbole.data.dataset.dataset.Dataset'> from scratch.
Mon 27 May 2024 19:43:56 DEBUG  uid_field: user_id
Mon 27 May 2024 19:43:56 DEBUG  iid_field: item_id
Mon 27 May 2024 19:43:56 DEBUG  Loading feature from [/home/simeon/Git_Repositories/ANS-Recbole/recbole/config/../dataset_example/ml-100k/ml-100k.inter] (source: [FeatureSource.INTERACTION]).
Mon 27 May 2024 19:43:56 DEBUG  [inter]: 
Mon 27 May 2024 19:43:56 DEBUG  	 load_col: [{'item_id', 'rating', 'user_id'}]
Mon 27 May 2024 19:43:56 DEBUG  	 unload_col: [None]
Mon 27 May 2024 19:43:56 DEBUG  Interaction feature loaded successfully from [/home/simeon/Git_Repositories/ANS-Recbole/recbole/config/../dataset_example/ml-100k/ml-100k.inter].
Mon 27 May 2024 19:43:56 DEBUG  Loading feature from [/home/simeon/Git_Repositories/ANS-Recbole/recbole/config/../dataset_example/ml-100k/ml-100k.user] (source: [FeatureSource.USER]).
Mon 27 May 2024 19:43:56 DEBUG  [user]: 
Mon 27 May 2024 19:43:56 DEBUG  	 load_col: [set()]
Mon 27 May 2024 19:43:56 DEBUG  	 unload_col: [None]
Mon 27 May 2024 19:43:56 DEBUG  [user] feature loaded successfully from [/home/simeon/Git_Repositories/ANS-Recbole/recbole/config/../dataset_example/ml-100k/ml-100k.user].
Mon 27 May 2024 19:43:56 DEBUG  Loading feature from [/home/simeon/Git_Repositories/ANS-Recbole/recbole/config/../dataset_example/ml-100k/ml-100k.item] (source: [FeatureSource.ITEM]).
Mon 27 May 2024 19:43:56 DEBUG  [item]: 
Mon 27 May 2024 19:43:56 DEBUG  	 load_col: [set()]
Mon 27 May 2024 19:43:56 DEBUG  	 unload_col: [None]
Mon 27 May 2024 19:43:56 DEBUG  [item] feature loaded successfully from [/home/simeon/Git_Repositories/ANS-Recbole/recbole/config/../dataset_example/ml-100k/ml-100k.item].
Mon 27 May 2024 19:43:56 DEBUG  drop_by_value: val={}
Mon 27 May 2024 19:43:56 DEBUG  Filling nan
Mon 27 May 2024 19:43:56 DEBUG  Set label by {'rating': 4.0}.
Mon 27 May 2024 19:43:56 DEBUG  Delete column [rating].
Mon 27 May 2024 19:43:56 DEBUG  Normalized fields: ['label']
Mon 27 May 2024 19:43:56 INFO  ml-100k
The number of users: 944
Average actions of users: 106.04453870625663
The number of items: 1683
Average actions of items: 59.45303210463734
The number of inters: 100000
The sparsity of the dataset: 93.70575143257098%
Remain Fields: ['user_id', 'item_id', 'label']
Mon 27 May 2024 19:43:56 DEBUG  split by ratios [[0.8, 0.1, 0.1]], group_by=[user_id]
Mon 27 May 2024 19:43:57 INFO  [Training]: train_batch_size = [2048] train_neg_sample_args: [{'distribution': 'uniform', 'sample_num': 1, 'alpha': 1.0, 'dynamic': False, 'candidate_num': 1}]
Mon 27 May 2024 19:43:57 INFO  [Evaluation]: eval_batch_size = [4096] eval_args: [{'split': {'RS': [0.8, 0.1, 0.1]}, 'group_by': 'user', 'order': 'RO', 'mode': 'full'}]
Mon 27 May 2024 19:43:58 INFO  ANS(
  (user_embedding): Embedding(944, 64)
  (item_embedding): Embedding(1683, 64)
  (mf_loss): BPRLoss()
  (reg_loss): EmbLoss()
  (user_gate): Linear(in_features=64, out_features=64, bias=True)
  (item_gate): Linear(in_features=64, out_features=64, bias=True)
  (pos_gate): Linear(in_features=64, out_features=64, bias=True)
  (neg_gate): Linear(in_features=64, out_features=64, bias=True)
  (hard_gate): Linear(in_features=64, out_features=64, bias=True)
  (conf_gate): Linear(in_features=64, out_features=64, bias=True)
  (easy_gate): Linear(in_features=64, out_features=64, bias=True)
  (margin_model): Linear(in_features=64, out_features=1, bias=True)
)
Trainable parameters: 197313
Mon 27 May 2024 19:43:58 INFO  FLOPs: 0.0
Mon 27 May 2024 19:43:59 DEBUG  Predicting for 944 users
Mon 27 May 2024 19:43:59 DEBUG  len of user 3
Mon 27 May 2024 19:43:59 DEBUG  Predicting for user 0 with 1683 unused items
Mon 27 May 2024 19:43:59 DEBUG  Top 8 items for user 0: tensor([1230, 1112, 1370,  568,  777, 1364, 1494, 1160], device='cuda:0')
Mon 27 May 2024 19:43:59 DEBUG  Predicting for user 1 with 1650 unused items
Mon 27 May 2024 19:43:59 DEBUG  Top 8 items for user 1: tensor([ 336,  698,  348, 1568,  205,  903,  138,  416], device='cuda:0')
Mon 27 May 2024 19:43:59 DEBUG  Predicting for user 2 with 1609 unused items
Mon 27 May 2024 19:43:59 DEBUG  Top 8 items for user 2: tensor([ 439,  252,   12,  920,  692, 1230, 1255,  757], device='cuda:0')
Mon 27 May 2024 19:43:59 DEBUG  Predicting for user 3 with 1579 unused items
Mon 27 May 2024 19:43:59 DEBUG  Top 8 items for user 3: tensor([1384, 1394,  133, 1405, 1345,  324, 1213,  253], device='cuda:0')
Mon 27 May 2024 19:43:59 DEBUG  Predicting for user 4 with 1491 unused items
Mon 27 May 2024 19:43:59 DEBUG  Top 8 items for user 4: tensor([ 339,  497, 1339, 1396, 1278, 1118,  333, 1530], device='cuda:0')
Mon 27 May 2024 19:43:59 DEBUG  Predicting for user 5 with 1667 unused items
Mon 27 May 2024 19:43:59 DEBUG  Top 8 items for user 5: tensor([ 377,  608, 1003,  354,  609, 1148, 1269,  288], device='cuda:0')
Mon 27 May 2024 19:43:59 DEBUG  Predicting for user 6 with 1580 unused items
Mon 27 May 2024 19:43:59 DEBUG  Top 8 items for user 6: tensor([ 483,   30,  601, 1361, 1162, 1617,  656,  619], device='cuda:0')
Mon 27 May 2024 19:43:59 DEBUG  Predicting for user 7 with 1609 unused items
Mon 27 May 2024 19:43:59 DEBUG  Top 8 items for user 7: tensor([1403,  947,  567,  866, 1576,   90,  597, 1524], device='cuda:0')
Mon 27 May 2024 19:43:59 DEBUG  Predicting for user 8 with 1604 unused items
Mon 27 May 2024 19:43:59 DEBUG  Top 8 items for user 8: tensor([ 147,  739, 1622,  760,  583,  475, 1658,  279], device='cuda:0')
Mon 27 May 2024 19:43:59 DEBUG  Predicting for user 9 with 1505 unused items
Mon 27 May 2024 19:43:59 DEBUG  Top 8 items for user 9: tensor([1364, 1184,  823, 1101,  981, 1308, 1006,  839], device='cuda:0')
Mon 27 May 2024 19:43:59 DEBUG  Predicting for user 10 with 1514 unused items
Mon 27 May 2024 19:43:59 DEBUG  Top 8 items for user 10: tensor([ 546, 1598,  361,  482, 1406,  997, 1454,  225], device='cuda:0')
Mon 27 May 2024 19:43:59 DEBUG  Predicting for user 11 with 1497 unused items
Mon 27 May 2024 19:43:59 DEBUG  Top 8 items for user 11: tensor([ 472,  778,  269,  849, 1012,  833,  468,  721], device='cuda:0')
Mon 27 May 2024 19:43:59 DEBUG  Predicting for user 12 with 1451 unused items
Mon 27 May 2024 19:43:59 DEBUG  Top 8 items for user 12: tensor([1575, 1221,  489, 1648, 1236,  961,  266, 1370], device='cuda:0')
Mon 27 May 2024 19:43:59 DEBUG  Predicting for user 13 with 1509 unused items
Mon 27 May 2024 19:43:59 DEBUG  Top 8 items for user 13: tensor([1517,   36,  522,  827, 1468, 1613,  807, 1316], device='cuda:0')
Mon 27 May 2024 19:43:59 DEBUG  Predicting for user 14 with 1577 unused items
Mon 27 May 2024 19:43:59 DEBUG  Top 8 items for user 14: tensor([ 576,   76,  128,  538,  105, 1297, 1555,  163], device='cuda:0')
Mon 27 May 2024 19:43:59 DEBUG  Predicting for user 15 with 1570 unused items
Mon 27 May 2024 19:43:59 DEBUG  Top 8 items for user 15: tensor([1603, 1652, 1149,  607,  365,  849,   48, 1573], device='cuda:0')
Mon 27 May 2024 19:43:59 DEBUG  Predicting for user 16 with 1295 unused items
Mon 27 May 2024 19:43:59 DEBUG  Top 8 items for user 16: tensor([1653, 1547,  276, 1279,   59, 1001,  280,  823], device='cuda:0')
Mon 27 May 2024 19:43:59 DEBUG  Predicting for user 17 with 1634 unused items
Mon 27 May 2024 19:43:59 DEBUG  Top 8 items for user 17: tensor([1226, 1326,   15,  345, 1202,  444, 1460,  979], device='cuda:0')
Mon 27 May 2024 19:43:59 DEBUG  Predicting for user 18 with 1438 unused items
Mon 27 May 2024 19:43:59 DEBUG  Top 8 items for user 18: tensor([1615,  361,  948, 1509,  870, 1253, 1355, 1085], device='cuda:0')
Mon 27 May 2024 19:43:59 DEBUG  Predicting for user 19 with 1445 unused items
Mon 27 May 2024 19:43:59 DEBUG  Top 8 items for user 19: tensor([ 178, 1347,  381, 1334,  703, 1083,  768,  342], device='cuda:0')
Mon 27 May 2024 19:43:59 DEBUG  Predicting for user 20 with 1299 unused items
Mon 27 May 2024 19:43:59 DEBUG  Top 8 items for user 20: tensor([ 833,  279,  455, 1237,  165,  346, 1181, 1281], device='cuda:0')
Mon 27 May 2024 19:43:59 DEBUG  Predicting for user 21 with 1538 unused items
Mon 27 May 2024 19:43:59 DEBUG  Top 8 items for user 21: tensor([747, 731, 998, 186, 144,  75,  33, 234], device='cuda:0')
Mon 27 May 2024 19:43:59 DEBUG  Predicting for user 22 with 1626 unused items
Mon 27 May 2024 19:43:59 DEBUG  Top 8 items for user 22: tensor([1584, 1395, 1502, 1475,  627,  484,  383, 1470], device='cuda:0')
Mon 27 May 2024 19:43:59 DEBUG  Predicting for user 23 with 1459 unused items
Mon 27 May 2024 19:43:59 DEBUG  Top 8 items for user 23: tensor([ 616, 1089,  113, 1431,  664,  546, 1400,  281], device='cuda:0')
Mon 27 May 2024 19:43:59 DEBUG  Predicting for user 24 with 1364 unused items
Mon 27 May 2024 19:43:59 DEBUG  Top 8 items for user 24: tensor([1637,  823, 1208,  739, 1158, 1565,   14, 1518], device='cuda:0')
Mon 27 May 2024 19:43:59 DEBUG  Predicting for user 25 with 1459 unused items
Mon 27 May 2024 19:43:59 DEBUG  Top 8 items for user 25: tensor([ 991,  537, 1384,  757,  650, 1331,  367, 1584], device='cuda:0')
Mon 27 May 2024 19:43:59 DEBUG  Predicting for user 26 with 1586 unused items
Mon 27 May 2024 19:43:59 DEBUG  Top 8 items for user 26: tensor([ 935,  576,  427, 1154,  871,  974,  868,  121], device='cuda:0')
Mon 27 May 2024 19:43:59 DEBUG  Predicting for user 27 with 1509 unused items
Mon 27 May 2024 19:43:59 DEBUG  Top 8 items for user 27: tensor([1484, 1085,  733,  753,  326,  626,  423,  502], device='cuda:0')
Mon 27 May 2024 19:43:59 DEBUG  Predicting for user 28 with 1608 unused items
Mon 27 May 2024 19:43:59 DEBUG  Top 8 items for user 28: tensor([1319, 1245,   40, 1033,  118,  918,  707,  952], device='cuda:0')
Mon 27 May 2024 19:43:59 DEBUG  Predicting for user 29 with 1587 unused items
Mon 27 May 2024 19:43:59 DEBUG  Top 8 items for user 29: tensor([ 875,  690,  878, 1446,  784, 1374, 1071, 1494], device='cuda:0')
Mon 27 May 2024 19:43:59 DEBUG  Predicting for user 30 with 1663 unused items
Mon 27 May 2024 19:43:59 DEBUG  Top 8 items for user 30: tensor([ 575,  400, 1366, 1106, 1082,   89,  224,  547], device='cuda:0')
Mon 27 May 2024 19:43:59 DEBUG  Predicting for user 31 with 1462 unused items
Mon 27 May 2024 19:43:59 DEBUG  Top 8 items for user 31: tensor([1050, 1183,  760,  342, 1238,  815, 1241,  857], device='cuda:0')
Mon 27 May 2024 19:43:59 DEBUG  Predicting for user 32 with 1660 unused items
Mon 27 May 2024 19:43:59 DEBUG  Top 8 items for user 32: tensor([ 611,  653, 1280, 1305,  436, 1499,  106, 1094], device='cuda:0')
Mon 27 May 2024 19:43:59 DEBUG  Predicting for user 33 with 1563 unused items
Mon 27 May 2024 19:43:59 DEBUG  Top 8 items for user 33: tensor([1300, 1199, 1234, 1009, 1642,  959,  287, 1148], device='cuda:0')
Mon 27 May 2024 19:43:59 DEBUG  Predicting for user 34 with 1632 unused items
Mon 27 May 2024 19:43:59 DEBUG  Top 8 items for user 34: tensor([1349, 1129,  291,  494,  285, 1596, 1650,  520], device='cuda:0')
Mon 27 May 2024 19:43:59 DEBUG  Predicting for user 35 with 1642 unused items
Mon 27 May 2024 19:43:59 DEBUG  Top 8 items for user 35: tensor([1617,  467, 1507, 1528,  744,  493, 1651,  887], device='cuda:0')
Mon 27 May 2024 19:43:59 DEBUG  Predicting for user 36 with 1334 unused items
Mon 27 May 2024 19:43:59 DEBUG  Top 8 items for user 36: tensor([1339, 1090,  307,  758,  363,  875,  329,  204], device='cuda:0')
Mon 27 May 2024 19:43:59 DEBUG  Predicting for user 37 with 1664 unused items
Mon 27 May 2024 19:43:59 DEBUG  Top 8 items for user 37: tensor([1032,  238, 1419, 1397,  638,  896, 1466,  805], device='cuda:0')
Mon 27 May 2024 19:43:59 DEBUG  Predicting for user 38 with 1267 unused items
Mon 27 May 2024 19:43:59 DEBUG  Top 8 items for user 38: tensor([1182,  998, 1445, 1619, 1670,  604,  566,  794], device='cuda:0')
Mon 27 May 2024 19:43:59 DEBUG  Predicting for user 39 with 1360 unused items
Mon 27 May 2024 19:43:59 DEBUG  Top 8 items for user 39: tensor([ 293,  907,  665,  972,  643, 1497,  730, 1393], device='cuda:0')
Mon 27 May 2024 19:43:59 DEBUG  Predicting for user 40 with 1535 unused items
Mon 27 May 2024 19:43:59 DEBUG  Top 8 items for user 40: tensor([1323,  270,  647,  794,   41, 1124, 1493, 1431], device='cuda:0')
Mon 27 May 2024 19:43:59 DEBUG  Predicting for user 41 with 1644 unused items
Mon 27 May 2024 19:43:59 DEBUG  Top 8 items for user 41: tensor([ 861, 1031,  882,  447,   92,  755,  534,  195], device='cuda:0')
Mon 27 May 2024 19:43:59 DEBUG  Predicting for user 42 with 1373 unused items
Mon 27 May 2024 19:43:59 DEBUG  Top 8 items for user 42: tensor([1352,  998, 1521,  721, 1303, 1466, 1227, 1305], device='cuda:0')
Mon 27 May 2024 19:43:59 DEBUG  Predicting for user 43 with 1633 unused items
Mon 27 May 2024 19:43:59 DEBUG  Top 8 items for user 43: tensor([1511,   65,   37,  812,  400,  867, 1590,  499], device='cuda:0')
Mon 27 May 2024 19:43:59 DEBUG  Predicting for user 44 with 1526 unused items
Mon 27 May 2024 19:43:59 DEBUG  Top 8 items for user 44: tensor([1485,  121, 1677,  410, 1576, 1250, 1481, 1153], device='cuda:0')
Mon 27 May 2024 19:43:59 DEBUG  Predicting for user 45 with 1667 unused items
Mon 27 May 2024 19:43:59 DEBUG  Top 8 items for user 45: tensor([ 207,  285,  509,  451,  414,  522, 1492,  847], device='cuda:0')
Mon 27 May 2024 19:43:59 DEBUG  Predicting for user 46 with 1554 unused items
Mon 27 May 2024 19:43:59 DEBUG  Top 8 items for user 46: tensor([ 359,  727, 1390,  502, 1624,  664,  772, 1304], device='cuda:0')
Mon 27 May 2024 19:43:59 DEBUG  Predicting for user 47 with 1573 unused items
Mon 27 May 2024 19:43:59 DEBUG  Top 8 items for user 47: tensor([1334, 1614, 1628,  617, 1582,  679,  150,  773], device='cuda:0')
Mon 27 May 2024 19:43:59 DEBUG  Predicting for user 48 with 1464 unused items
Mon 27 May 2024 19:43:59 DEBUG  Top 8 items for user 48: tensor([1323, 1306,  836, 1432, 1482,  657,  153, 1541], device='cuda:0')
Mon 27 May 2024 19:43:59 DEBUG  Predicting for user 49 with 1620 unused items
Mon 27 May 2024 19:43:59 DEBUG  Top 8 items for user 49: tensor([1098,  489,  184,  948, 1168, 1253, 1579,  522], device='cuda:0')
Mon 27 May 2024 19:43:59 DEBUG  Predicting for user 50 with 1635 unused items
Mon 27 May 2024 19:43:59 DEBUG  Top 8 items for user 50: tensor([1294,  778, 1465,  474,   73,  329,  581,   40], device='cuda:0')
Mon 27 May 2024 19:43:59 DEBUG  Predicting for user 51 with 1663 unused items
Mon 27 May 2024 19:43:59 DEBUG  Top 8 items for user 51: tensor([1064,  849,  228, 1673, 1152, 1591,  222, 1379], device='cuda:0')
Mon 27 May 2024 19:43:59 DEBUG  Predicting for user 52 with 1619 unused items
Mon 27 May 2024 19:43:59 DEBUG  Top 8 items for user 52: tensor([1114,  354,  620,  456,  902, 1522,  474,  768], device='cuda:0')
Mon 27 May 2024 19:43:59 DEBUG  Predicting for user 53 with 1377 unused items
Mon 27 May 2024 19:43:59 DEBUG  Top 8 items for user 53: tensor([1415,  474,  640, 1454, 1611,  500,  756,  733], device='cuda:0')
Mon 27 May 2024 19:43:59 DEBUG  Predicting for user 54 with 1572 unused items
Mon 27 May 2024 19:43:59 DEBUG  Top 8 items for user 54: tensor([ 909, 1420,  147,  685, 1267,  840,  571,  433], device='cuda:0')
Mon 27 May 2024 19:43:59 DEBUG  Predicting for user 55 with 1514 unused items
Mon 27 May 2024 19:43:59 DEBUG  Top 8 items for user 55: tensor([1009,  164, 1443,  253, 1538,  242,  985,   62], device='cuda:0')
Mon 27 May 2024 19:43:59 DEBUG  Predicting for user 56 with 1536 unused items
Mon 27 May 2024 19:43:59 DEBUG  Top 8 items for user 56: tensor([  54, 1188, 1100,  666, 1302, 1300, 1377,  125], device='cuda:0')
Mon 27 May 2024 19:43:59 DEBUG  Predicting for user 57 with 1583 unused items
Mon 27 May 2024 19:43:59 DEBUG  Top 8 items for user 57: tensor([ 775,  325, 1471, 1072, 1029,  330, 1650, 1521], device='cuda:0')
Mon 27 May 2024 19:43:59 DEBUG  Predicting for user 58 with 1643 unused items
Mon 27 May 2024 19:43:59 DEBUG  Top 8 items for user 58: tensor([1096, 1515, 1325, 1248, 1045, 1041,  778, 1457], device='cuda:0')
Mon 27 May 2024 19:43:59 DEBUG  Predicting for user 59 with 1173 unused items
Mon 27 May 2024 19:43:59 DEBUG  Top 8 items for user 59: tensor([1286,  200,  684, 1658,  899,  809,  795, 1011], device='cuda:0')
Mon 27 May 2024 19:43:59 DEBUG  Predicting for user 60 with 1642 unused items
Mon 27 May 2024 19:43:59 DEBUG  Top 8 items for user 60: tensor([1465,  404, 1185, 1367,  331, 1262,  981, 1298], device='cuda:0')
Mon 27 May 2024 19:43:59 DEBUG  Predicting for user 61 with 1515 unused items
Mon 27 May 2024 19:43:59 DEBUG  Top 8 items for user 61: tensor([  14,  484,  524, 1016,  416, 1416, 1136, 1544], device='cuda:0')
Mon 27 May 2024 19:43:59 DEBUG  Predicting for user 62 with 1597 unused items
Mon 27 May 2024 19:43:59 DEBUG  Top 8 items for user 62: tensor([ 914, 1473, 1412,  689, 1244, 1326,  882,  278], device='cuda:0')
Mon 27 May 2024 19:43:59 DEBUG  Predicting for user 63 with 1598 unused items
Mon 27 May 2024 19:43:59 DEBUG  Top 8 items for user 63: tensor([ 877, 1483, 1153,  112,  859, 1603, 1243,  769], device='cuda:0')
Mon 27 May 2024 19:43:59 DEBUG  Predicting for user 64 with 1532 unused items
Mon 27 May 2024 19:43:59 DEBUG  Top 8 items for user 64: tensor([ 604,  143, 1384,  800, 1555, 1041,  138, 1352], device='cuda:0')
Mon 27 May 2024 19:43:59 DEBUG  Predicting for user 65 with 1618 unused items
Mon 27 May 2024 19:43:59 DEBUG  Top 8 items for user 65: tensor([ 488,  539, 1533, 1652,  144, 1312,   22, 1569], device='cuda:0')
Mon 27 May 2024 19:43:59 DEBUG  Predicting for user 66 with 1371 unused items
Mon 27 May 2024 19:43:59 DEBUG  Top 8 items for user 66: tensor([1671, 1155, 1181, 1241,  997, 1009,  369,  547], device='cuda:0')
Mon 27 May 2024 19:43:59 DEBUG  Predicting for user 67 with 1664 unused items
Mon 27 May 2024 19:43:59 DEBUG  Top 8 items for user 67: tensor([1665, 1493, 1384, 1335,  201,   69,  185,  801], device='cuda:0')
Mon 27 May 2024 19:43:59 DEBUG  Predicting for user 68 with 1554 unused items
Mon 27 May 2024 19:43:59 DEBUG  Top 8 items for user 68: tensor([1173,  694,  152, 1198, 1619, 1320, 1513, 1395], device='cuda:0')
Mon 27 May 2024 19:43:59 DEBUG  Predicting for user 69 with 1371 unused items
Mon 27 May 2024 19:43:59 DEBUG  Top 8 items for user 69: tensor([1265, 1169,  403, 1172,  567,  777,  679,  442], device='cuda:0')
Mon 27 May 2024 19:43:59 DEBUG  Predicting for user 70 with 1664 unused items
Mon 27 May 2024 19:43:59 DEBUG  Top 8 items for user 70: tensor([ 810,  709, 1258, 1193,  522, 1099, 1400,  130], device='cuda:0')
Mon 27 May 2024 19:43:59 DEBUG  Predicting for user 71 with 1372 unused items
Mon 27 May 2024 19:43:59 DEBUG  Top 8 items for user 71: tensor([ 935,  522, 1353, 1344, 1550, 1247, 1258,  640], device='cuda:0')
Mon 27 May 2024 19:43:59 DEBUG  Predicting for user 72 with 1534 unused items
Mon 27 May 2024 19:43:59 DEBUG  Top 8 items for user 72: tensor([ 904, 1554,  290,   22, 1506, 1072,  801,  738], device='cuda:0')
Mon 27 May 2024 19:43:59 DEBUG  Predicting for user 73 with 1538 unused items
Mon 27 May 2024 19:43:59 DEBUG  Top 8 items for user 73: tensor([ 505, 1035,  272,  820, 1415,  320, 1210,  521], device='cuda:0')
Mon 27 May 2024 19:43:59 DEBUG  Predicting for user 74 with 1634 unused items
Mon 27 May 2024 19:43:59 DEBUG  Top 8 items for user 74: tensor([ 334, 1018,  620,  155, 1400, 1348,  917, 1086], device='cuda:0')
Mon 27 May 2024 19:43:59 DEBUG  Predicting for user 75 with 1649 unused items
Mon 27 May 2024 19:43:59 DEBUG  Top 8 items for user 75: tensor([ 268,   87,  791,  916, 1669, 1569,  233,  929], device='cuda:0')
Mon 27 May 2024 19:43:59 DEBUG  Predicting for user 76 with 1335 unused items
Mon 27 May 2024 19:43:59 DEBUG  Top 8 items for user 76: tensor([ 382, 1617,  224,   19,  883,   55, 1003, 1552], device='cuda:0')
Mon 27 May 2024 19:43:59 DEBUG  Predicting for user 77 with 1429 unused items
Mon 27 May 2024 19:43:59 DEBUG  Top 8 items for user 77: tensor([1573,  270,  689, 1045,   20,  721, 1379, 1029], device='cuda:0')
Mon 27 May 2024 19:43:59 DEBUG  Predicting for user 78 with 1618 unused items
Mon 27 May 2024 19:43:59 DEBUG  Top 8 items for user 78: tensor([ 558,  726,  306, 1382,  809,  203,  801, 1471], device='cuda:0')
Mon 27 May 2024 19:43:59 DEBUG  Predicting for user 79 with 1638 unused items
Mon 27 May 2024 19:43:59 DEBUG  Top 8 items for user 79: tensor([1008, 1600,  935,  803, 1289, 1240,   70, 1209], device='cuda:0')
Mon 27 May 2024 19:43:59 DEBUG  Predicting for user 80 with 1650 unused items
Mon 27 May 2024 19:43:59 DEBUG  Top 8 items for user 80: tensor([ 150,  843, 1308,  628, 1307,  812, 1129, 1617], device='cuda:0')
Mon 27 May 2024 19:43:59 DEBUG  Predicting for user 81 with 1443 unused items
Mon 27 May 2024 19:43:59 DEBUG  Top 8 items for user 81: tensor([ 677,  474,  222, 1278, 1545, 1030,  354, 1250], device='cuda:0')
Mon 27 May 2024 19:43:59 DEBUG  Predicting for user 82 with 1578 unused items
Mon 27 May 2024 19:43:59 DEBUG  Top 8 items for user 82: tensor([1544,  822, 1336,  508,  868,  610, 1009, 1133], device='cuda:0')
Mon 27 May 2024 19:43:59 DEBUG  Predicting for user 83 with 1585 unused items
Mon 27 May 2024 19:43:59 DEBUG  Top 8 items for user 83: tensor([1526,  168,  392, 1338,  192, 1345,  529,  950], device='cuda:0')
Mon 27 May 2024 19:43:59 DEBUG  Predicting for user 84 with 1459 unused items
Mon 27 May 2024 19:43:59 DEBUG  Top 8 items for user 84: tensor([1150,  104,  861,  927,  252,   22,  381,  359], device='cuda:0')
Mon 27 May 2024 19:43:59 DEBUG  Predicting for user 85 with 1645 unused items
Mon 27 May 2024 19:43:59 DEBUG  Top 8 items for user 85: tensor([1670, 1209,  352, 1108,  749, 1637, 1406,  566], device='cuda:0')
Mon 27 May 2024 19:43:59 DEBUG  Predicting for user 86 with 1538 unused items
Mon 27 May 2024 19:43:59 DEBUG  Top 8 items for user 86: tensor([1400, 1025, 1648, 1408, 1234, 1041,  482, 1343], device='cuda:0')
Mon 27 May 2024 19:43:59 DEBUG  Predicting for user 87 with 1626 unused items
Mon 27 May 2024 19:43:59 DEBUG  Top 8 items for user 87: tensor([ 666,  382,   52,  329, 1116, 1523, 1424,  706], device='cuda:0')
Mon 27 May 2024 19:43:59 DEBUG  Predicting for user 88 with 1576 unused items
Mon 27 May 2024 19:43:59 DEBUG  Top 8 items for user 88: tensor([1164,  363, 1105,  329, 1251,  351, 1134, 1193], device='cuda:0')
Mon 27 May 2024 19:43:59 DEBUG  Predicting for user 89 with 1559 unused items
Mon 27 May 2024 19:43:59 DEBUG  Top 8 items for user 89: tensor([1328, 1375,  168, 1220, 1509,  975, 1613,  777], device='cuda:0')
Mon 27 May 2024 19:43:59 DEBUG  Predicting for user 90 with 1643 unused items
Mon 27 May 2024 19:43:59 DEBUG  Top 8 items for user 90: tensor([ 829, 1095,  986,  883,  718,  300,  910,  444], device='cuda:0')
Mon 27 May 2024 19:43:59 DEBUG  Predicting for user 91 with 1363 unused items
Mon 27 May 2024 19:43:59 DEBUG  Top 8 items for user 91: tensor([ 676,  320, 1294, 1229, 1501, 1004, 1214,  595], device='cuda:0')
Mon 27 May 2024 19:43:59 DEBUG  Predicting for user 92 with 1535 unused items
Mon 27 May 2024 19:43:59 DEBUG  Top 8 items for user 92: tensor([1409, 1383,  405, 1027, 1164,  938,  985,  189], device='cuda:0')
Mon 27 May 2024 19:43:59 DEBUG  Predicting for user 93 with 1562 unused items
Mon 27 May 2024 19:43:59 DEBUG  Top 8 items for user 93: tensor([ 907,  789,  158, 1152, 1374,  223,  329, 1663], device='cuda:0')
Mon 27 May 2024 19:43:59 DEBUG  Predicting for user 94 with 1587 unused items
Mon 27 May 2024 19:43:59 DEBUG  Top 8 items for user 94: tensor([1180,  689,  467,  821, 1472,  699,  717,  288], device='cuda:0')
Mon 27 May 2024 19:43:59 DEBUG  Predicting for user 95 with 1641 unused items
Mon 27 May 2024 19:43:59 DEBUG  Top 8 items for user 95: tensor([1377, 1560, 1251,  690,  328, 1177, 1067,  549], device='cuda:0')
Mon 27 May 2024 19:43:59 DEBUG  Predicting for user 96 with 1547 unused items
Mon 27 May 2024 19:43:59 DEBUG  Top 8 items for user 96: tensor([ 460,  731, 1135, 1607,  948,  277,  648,  815], device='cuda:0')
Mon 27 May 2024 19:43:59 DEBUG  Predicting for user 97 with 1555 unused items
Mon 27 May 2024 19:43:59 DEBUG  Top 8 items for user 97: tensor([1552, 1602,  417, 1148,  689,  797,  761,  966], device='cuda:0')
Mon 27 May 2024 19:43:59 DEBUG  Predicting for user 98 with 1540 unused items
Mon 27 May 2024 19:43:59 DEBUG  Top 8 items for user 98: tensor([1028, 1186, 1632,  260,  150,  474, 1157, 1501], device='cuda:0')
Mon 27 May 2024 19:43:59 DEBUG  Predicting for user 99 with 1506 unused items
Mon 27 May 2024 19:43:59 DEBUG  Top 8 items for user 99: tensor([1206,  518, 1142,  746,  806,  983, 1481,  301], device='cuda:0')
Mon 27 May 2024 19:43:59 DEBUG  Predicting for user 100 with 1627 unused items
Mon 27 May 2024 19:43:59 DEBUG  Top 8 items for user 100: tensor([1242,  278,  938, 1249,  975,  486,  584,  480], device='cuda:0')
Mon 27 May 2024 19:43:59 DEBUG  Predicting for user 101 with 1424 unused items
Mon 27 May 2024 19:43:59 DEBUG  Top 8 items for user 101: tensor([1590, 1462,  136, 1251, 1084,  445,  302,  160], device='cuda:0')
Mon 27 May 2024 19:43:59 DEBUG  Predicting for user 102 with 1645 unused items
Mon 27 May 2024 19:43:59 DEBUG  Top 8 items for user 102: tensor([ 590,  162,  550, 1133, 1571,  323,   84,  529], device='cuda:0')
Mon 27 May 2024 19:43:59 DEBUG  Predicting for user 103 with 1451 unused items
Mon 27 May 2024 19:43:59 DEBUG  Top 8 items for user 103: tensor([  55,    3, 1434, 1554, 1185,  387,  393, 1250], device='cuda:0')
Mon 27 May 2024 19:43:59 DEBUG  Predicting for user 104 with 1581 unused items
Mon 27 May 2024 19:43:59 DEBUG  Top 8 items for user 104: tensor([1602,  734, 1633,  784, 1395,  643,  666,  472], device='cuda:0')
Mon 27 May 2024 19:43:59 DEBUG  Predicting for user 105 with 1623 unused items
Mon 27 May 2024 19:43:59 DEBUG  Top 8 items for user 105: tensor([1332, 1305,  702, 1290, 1162, 1289,  382, 1343], device='cuda:0')
Mon 27 May 2024 19:43:59 DEBUG  Predicting for user 106 with 1510 unused items
Mon 27 May 2024 19:43:59 DEBUG  Top 8 items for user 106: tensor([ 791,  875, 1235,  976,  879, 1289,   76,  933], device='cuda:0')
Mon 27 May 2024 19:43:59 DEBUG  Predicting for user 107 with 1665 unused items
Mon 27 May 2024 19:43:59 DEBUG  Top 8 items for user 107: tensor([  27,  341,   41, 1236, 1603, 1630, 1106,  707], device='cuda:0')
Mon 27 May 2024 19:43:59 DEBUG  Predicting for user 108 with 1655 unused items
Mon 27 May 2024 19:43:59 DEBUG  Top 8 items for user 108: tensor([1153, 1196, 1572, 1096, 1379, 1305,  722, 1479], device='cuda:0')
Mon 27 May 2024 19:43:59 DEBUG  Predicting for user 109 with 1660 unused items
Mon 27 May 2024 19:43:59 DEBUG  Top 8 items for user 109: tensor([ 938,  579,  877, 1457,  865,  172,  131, 1286], device='cuda:0')
Mon 27 May 2024 19:43:59 DEBUG  Predicting for user 110 with 1667 unused items
Mon 27 May 2024 19:43:59 DEBUG  Top 8 items for user 110: tensor([1071, 1135, 1215,  744, 1638, 1130,  120, 1132], device='cuda:0')
Mon 27 May 2024 19:43:59 DEBUG  Predicting for user 111 with 1419 unused items
Mon 27 May 2024 19:43:59 DEBUG  Top 8 items for user 111: tensor([ 951,  347, 1085, 1019, 1307, 1607,   30, 1297], device='cuda:0')
Mon 27 May 2024 19:43:59 DEBUG  Predicting for user 112 with 1542 unused items
Mon 27 May 2024 19:43:59 DEBUG  Top 8 items for user 112: tensor([1467,  966, 1254, 1534, 1440, 1327, 1578, 1331], device='cuda:0')
Mon 27 May 2024 19:43:59 DEBUG  Predicting for user 113 with 1658 unused items
Mon 27 May 2024 19:43:59 DEBUG  Top 8 items for user 113: tensor([ 464, 1336,  619, 1328, 1002,  397, 1169,  415], device='cuda:0')
Mon 27 May 2024 19:43:59 DEBUG  Predicting for user 114 with 1651 unused items
Mon 27 May 2024 19:43:59 DEBUG  Top 8 items for user 114: tensor([  43,  514,  153, 1198,  943,  474, 1384,  164], device='cuda:0')
Mon 27 May 2024 19:43:59 DEBUG  Predicting for user 115 with 1460 unused items
Mon 27 May 2024 19:43:59 DEBUG  Top 8 items for user 115: tensor([1144,  884,  291,   73,  359,  260, 1483, 1269], device='cuda:0')
Mon 27 May 2024 19:43:59 DEBUG  Predicting for user 116 with 1596 unused items
Mon 27 May 2024 19:43:59 DEBUG  Top 8 items for user 116: tensor([ 760, 1257, 1123,  172, 1179, 1318,  118,  875], device='cuda:0')
Mon 27 May 2024 19:43:59 DEBUG  Predicting for user 117 with 1400 unused items
Mon 27 May 2024 19:43:59 DEBUG  Top 8 items for user 117: tensor([ 426,  330,  526,  953, 1055,  675,  989, 1347], device='cuda:0')
Mon 27 May 2024 19:43:59 DEBUG  Predicting for user 118 with 1516 unused items
Mon 27 May 2024 19:43:59 DEBUG  Top 8 items for user 118: tensor([  59, 1217, 1671,  478, 1040,  608,  998, 1515], device='cuda:0')
Mon 27 May 2024 19:43:59 DEBUG  Predicting for user 119 with 1465 unused items
Mon 27 May 2024 19:43:59 DEBUG  Top 8 items for user 119: tensor([ 948,  144,  510,  848, 1146,  938,   22, 1353], device='cuda:0')
Mon 27 May 2024 19:43:59 DEBUG  Predicting for user 120 with 1532 unused items
Mon 27 May 2024 19:43:59 DEBUG  Top 8 items for user 120: tensor([1033,  975,  742,  540,  700, 1556, 1509,  701], device='cuda:0')
Mon 27 May 2024 19:43:59 DEBUG  Predicting for user 121 with 1599 unused items
Mon 27 May 2024 19:43:59 DEBUG  Top 8 items for user 121: tensor([1356,  952,  754,  243,  153,  209,   66, 1504], device='cuda:0')
Mon 27 May 2024 19:43:59 DEBUG  Predicting for user 122 with 1499 unused items
Mon 27 May 2024 19:43:59 DEBUG  Top 8 items for user 122: tensor([1271, 1659,  722, 1481,  701,  854,  733,  621], device='cuda:0')
Mon 27 May 2024 19:43:59 DEBUG  Predicting for user 123 with 1608 unused items
Mon 27 May 2024 19:43:59 DEBUG  Top 8 items for user 123: tensor([ 674, 1043, 1160, 1500,  482,  922,  665, 1559], device='cuda:0')
Mon 27 May 2024 19:43:59 DEBUG  Predicting for user 124 with 1637 unused items
Mon 27 May 2024 19:43:59 DEBUG  Top 8 items for user 124: tensor([1315, 1265, 1505, 1216, 1159,  980, 1666,  729], device='cuda:0')
Mon 27 May 2024 19:43:59 DEBUG  Predicting for user 125 with 1635 unused items
Mon 27 May 2024 19:43:59 DEBUG  Top 8 items for user 125: tensor([1252, 1653, 1539, 1237,  445,  155, 1593,  423], device='cuda:0')
Mon 27 May 2024 19:43:59 DEBUG  Predicting for user 126 with 1630 unused items
Mon 27 May 2024 19:43:59 DEBUG  Top 8 items for user 126: tensor([ 546,  199, 1582, 1527,  147,  473,  874, 1167], device='cuda:0')
Mon 27 May 2024 19:43:59 DEBUG  Predicting for user 127 with 1537 unused items
Mon 27 May 2024 19:43:59 DEBUG  Top 8 items for user 127: tensor([ 447,   38,  381,  778, 1323,   78,  568, 1200], device='cuda:0')
Mon 27 May 2024 19:43:59 DEBUG  Predicting for user 128 with 1558 unused items
Mon 27 May 2024 19:43:59 DEBUG  Top 8 items for user 128: tensor([ 952,  301, 1319,  162,  820,  451,   22, 1185], device='cuda:0')
Mon 27 May 2024 19:43:59 DEBUG  Predicting for user 129 with 1642 unused items
Mon 27 May 2024 19:43:59 DEBUG  Top 8 items for user 129: tensor([ 182,   76, 1302, 1155,  364, 1004,  507, 1501], device='cuda:0')
Mon 27 May 2024 19:43:59 DEBUG  Predicting for user 130 with 1436 unused items
Mon 27 May 2024 19:43:59 DEBUG  Top 8 items for user 130: tensor([1625,   27,  919, 1113,  120,  809,  436,  864], device='cuda:0')
Mon 27 May 2024 19:43:59 DEBUG  Predicting for user 131 with 1630 unused items
Mon 27 May 2024 19:43:59 DEBUG  Top 8 items for user 131: tensor([1158,   55,  566, 1541, 1221,  177,   65,  512], device='cuda:0')
Mon 27 May 2024 19:43:59 DEBUG  Predicting for user 132 with 1571 unused items
Mon 27 May 2024 19:43:59 DEBUG  Top 8 items for user 132: tensor([ 689, 1576,  999, 1647, 1024, 1573, 1203,  116], device='cuda:0')
Mon 27 May 2024 19:43:59 DEBUG  Predicting for user 133 with 1603 unused items
Mon 27 May 2024 19:43:59 DEBUG  Top 8 items for user 133: tensor([1412, 1153, 1664, 1639, 1624, 1306, 1641,  302], device='cuda:0')
Mon 27 May 2024 19:43:59 DEBUG  Predicting for user 134 with 1563 unused items
Mon 27 May 2024 19:43:59 DEBUG  Top 8 items for user 134: tensor([ 604, 1487, 1079,  975, 1090, 1659, 1529,  757], device='cuda:0')
Mon 27 May 2024 19:43:59 DEBUG  Predicting for user 135 with 1659 unused items
Mon 27 May 2024 19:43:59 DEBUG  Top 8 items for user 135: tensor([1249, 1588,  319,  265,  928,  696,  560,  233], device='cuda:0')
Mon 27 May 2024 19:43:59 DEBUG  Predicting for user 136 with 1667 unused items
Mon 27 May 2024 19:43:59 DEBUG  Top 8 items for user 136: tensor([1099,  117,   51, 1068,  785,  853,  549,  506], device='cuda:0')
Mon 27 May 2024 19:43:59 DEBUG  Predicting for user 137 with 1578 unused items
Mon 27 May 2024 19:43:59 DEBUG  Top 8 items for user 137: tensor([ 168,  714, 1540, 1556, 1542,  541, 1544,  997], device='cuda:0')
Mon 27 May 2024 19:43:59 DEBUG  Predicting for user 138 with 1603 unused items
Mon 27 May 2024 19:43:59 DEBUG  Top 8 items for user 138: tensor([ 772,  351, 1589,  146,    9, 1623, 1405,  794], device='cuda:0')
Mon 27 May 2024 19:43:59 DEBUG  Predicting for user 139 with 1525 unused items
Mon 27 May 2024 19:43:59 DEBUG  Top 8 items for user 139: tensor([ 825, 1211, 1330, 1653,  643, 1216,  518, 1360], device='cuda:0')
Mon 27 May 2024 19:43:59 DEBUG  Predicting for user 140 with 1595 unused items
Mon 27 May 2024 19:43:59 DEBUG  Top 8 items for user 140: tensor([ 552,  678,  151, 1148, 1568,   66, 1636, 1254], device='cuda:0')
Mon 27 May 2024 19:43:59 DEBUG  Predicting for user 141 with 1579 unused items
Mon 27 May 2024 19:43:59 DEBUG  Top 8 items for user 141: tensor([1576,  479,  775,  770,  294, 1251, 1120, 1435], device='cuda:0')
Mon 27 May 2024 19:43:59 DEBUG  Predicting for user 142 with 1654 unused items
Mon 27 May 2024 19:43:59 DEBUG  Top 8 items for user 142: tensor([ 422,  207, 1471,  319, 1347,  209, 1054, 1673], device='cuda:0')
Mon 27 May 2024 19:43:59 DEBUG  Predicting for user 143 with 1634 unused items
Mon 27 May 2024 19:43:59 DEBUG  Top 8 items for user 143: tensor([ 214, 1521,  922,  925, 1600,  849,  161, 1339], device='cuda:0')
Mon 27 May 2024 19:43:59 DEBUG  Predicting for user 144 with 1593 unused items
Mon 27 May 2024 19:43:59 DEBUG  Top 8 items for user 144: tensor([1128, 1663, 1355, 1047,  437, 1614, 1253,   35], device='cuda:0')
Mon 27 May 2024 19:43:59 DEBUG  Predicting for user 145 with 1529 unused items
Mon 27 May 2024 19:43:59 DEBUG  Top 8 items for user 145: tensor([ 550,  285, 1020, 1481, 1425, 1137,  848,  474], device='cuda:0')
Mon 27 May 2024 19:43:59 DEBUG  Predicting for user 146 with 1586 unused items
Mon 27 May 2024 19:43:59 DEBUG  Top 8 items for user 146: tensor([ 400, 1092, 1268, 1540, 1539, 1534, 1410, 1380], device='cuda:0')
Mon 27 May 2024 19:43:59 DEBUG  Predicting for user 147 with 1642 unused items
Mon 27 May 2024 19:43:59 DEBUG  Top 8 items for user 147: tensor([ 526,  704, 1368,  947,  973,  107,  850, 1577], device='cuda:0')
Mon 27 May 2024 19:43:59 DEBUG  Predicting for user 148 with 1606 unused items
Mon 27 May 2024 19:43:59 DEBUG  Top 8 items for user 148: tensor([1158,  718,  932, 1637, 1391,  538,  647,  567], device='cuda:0')
Mon 27 May 2024 19:43:59 DEBUG  Predicting for user 149 with 1659 unused items
Mon 27 May 2024 19:43:59 DEBUG  Top 8 items for user 149: tensor([1304,  793, 1218,  496, 1398, 1608,  838, 1387], device='cuda:0')
Mon 27 May 2024 19:43:59 DEBUG  Predicting for user 150 with 1640 unused items
Mon 27 May 2024 19:43:59 DEBUG  Top 8 items for user 150: tensor([ 649, 1434,  742,  419,  336,  330, 1151, 1229], device='cuda:0')
Mon 27 May 2024 19:43:59 DEBUG  Predicting for user 151 with 1639 unused items
Mon 27 May 2024 19:43:59 DEBUG  Top 8 items for user 151: tensor([1549,  131, 1106,  287, 1329, 1682,  899,  575], device='cuda:0')
Mon 27 May 2024 19:43:59 DEBUG  Predicting for user 152 with 1544 unused items
Mon 27 May 2024 19:43:59 DEBUG  Top 8 items for user 152: tensor([ 875, 1144,  937,  676,  395, 1146, 1404,  665], device='cuda:0')
Mon 27 May 2024 19:43:59 DEBUG  Predicting for user 153 with 1666 unused items
Mon 27 May 2024 19:43:59 DEBUG  Top 8 items for user 153: tensor([1223, 1214, 1521,  288,  589,   59, 1178, 1650], device='cuda:0')
Mon 27 May 2024 19:43:59 DEBUG  Predicting for user 154 with 1562 unused items
Mon 27 May 2024 19:43:59 DEBUG  Top 8 items for user 154: tensor([ 392,  533,  454,  466,  450, 1326, 1001, 1583], device='cuda:0')
Mon 27 May 2024 19:43:59 DEBUG  Predicting for user 155 with 1564 unused items
Mon 27 May 2024 19:43:59 DEBUG  Top 8 items for user 155: tensor([1242,  587,  849,  805,  711, 1007, 1619,  935], device='cuda:0')
Mon 27 May 2024 19:43:59 DEBUG  Predicting for user 156 with 1663 unused items
Mon 27 May 2024 19:43:59 DEBUG  Top 8 items for user 156: tensor([ 577, 1131,  394,  694, 1327,  290,  641,  853], device='cuda:0')
Mon 27 May 2024 19:43:59 DEBUG  Predicting for user 157 with 1642 unused items
Mon 27 May 2024 19:43:59 DEBUG  Top 8 items for user 157: tensor([1473,   72, 1387,  598, 1024, 1626, 1111, 1087], device='cuda:0')
Mon 27 May 2024 19:43:59 DEBUG  Predicting for user 158 with 1625 unused items
Mon 27 May 2024 19:43:59 DEBUG  Top 8 items for user 158: tensor([ 880, 1534, 1574, 1358,  726,  127, 1368, 1077], device='cuda:0')
Mon 27 May 2024 19:43:59 DEBUG  Predicting for user 159 with 1571 unused items
Mon 27 May 2024 19:43:59 DEBUG  Top 8 items for user 159: tensor([1274,  618,  533,  654, 1314, 1465, 1104, 1177], device='cuda:0')
Mon 27 May 2024 19:43:59 DEBUG  Predicting for user 160 with 1637 unused items
Mon 27 May 2024 19:43:59 DEBUG  Top 8 items for user 160: tensor([1522,  862,  810, 1653,  723,  107,   24, 1073], device='cuda:0')
Mon 27 May 2024 19:43:59 DEBUG  Predicting for user 161 with 1665 unused items
Mon 27 May 2024 19:43:59 DEBUG  Top 8 items for user 161: tensor([ 793, 1109, 1196,  686, 1059,  558,   88,  877], device='cuda:0')
Mon 27 May 2024 19:43:59 DEBUG  Predicting for user 162 with 1628 unused items
Mon 27 May 2024 19:43:59 DEBUG  Top 8 items for user 162: tensor([1054,  929,  916,  727, 1310,  490, 1230, 1437], device='cuda:0')
Mon 27 May 2024 19:43:59 DEBUG  Predicting for user 163 with 1482 unused items
Mon 27 May 2024 19:43:59 DEBUG  Top 8 items for user 163: tensor([ 950,  721,  966, 1206,   97,  496, 1257,  828], device='cuda:0')
Mon 27 May 2024 19:43:59 DEBUG  Predicting for user 164 with 1645 unused items
Mon 27 May 2024 19:43:59 DEBUG  Top 8 items for user 164: tensor([1379,  624,  674, 1094, 1645,  916, 1642,  462], device='cuda:0')
Mon 27 May 2024 19:43:59 DEBUG  Predicting for user 165 with 1661 unused items
Mon 27 May 2024 19:43:59 DEBUG  Top 8 items for user 165: tensor([1651, 1166,  706,   20, 1474, 1458,  993,  221], device='cuda:0')
Mon 27 May 2024 19:43:59 DEBUG  Predicting for user 166 with 1608 unused items
Mon 27 May 2024 19:43:59 DEBUG  Top 8 items for user 166: tensor([ 936,  604, 1052, 1124, 1592, 1653,  997, 1523], device='cuda:0')
Mon 27 May 2024 19:43:59 DEBUG  Predicting for user 167 with 1630 unused items
Mon 27 May 2024 19:43:59 DEBUG  Top 8 items for user 167: tensor([ 873, 1510,  240, 1251,  654, 1186, 1576,  955], device='cuda:0')
Mon 27 May 2024 19:43:59 DEBUG  Predicting for user 168 with 1594 unused items
Mon 27 May 2024 19:43:59 DEBUG  Top 8 items for user 168: tensor([ 567, 1554, 1355, 1422, 1323,  385,  941, 1023], device='cuda:0')
Mon 27 May 2024 19:43:59 DEBUG  Predicting for user 169 with 1663 unused items
Mon 27 May 2024 19:43:59 DEBUG  Top 8 items for user 169: tensor([1584,  643,  193, 1489,  717, 1413, 1189,  100], device='cuda:0')
Mon 27 May 2024 19:43:59 DEBUG  Predicting for user 170 with 1517 unused items
Mon 27 May 2024 19:43:59 DEBUG  Top 8 items for user 170: tensor([ 184,  706, 1098,  439,  887,  758, 1282,  756], device='cuda:0')
Mon 27 May 2024 19:43:59 DEBUG  Predicting for user 171 with 1660 unused items
Mon 27 May 2024 19:43:59 DEBUG  Top 8 items for user 171: tensor([1059, 1314,  521,  390,  488,  331,  274, 1230], device='cuda:0')
Mon 27 May 2024 19:43:59 DEBUG  Predicting for user 172 with 1666 unused items
Mon 27 May 2024 19:43:59 DEBUG  Top 8 items for user 172: tensor([  55,  929,  549,  701, 1470, 1136,   51, 1582], device='cuda:0')
Mon 27 May 2024 19:43:59 DEBUG  Predicting for user 173 with 1656 unused items
Mon 27 May 2024 19:43:59 DEBUG  Top 8 items for user 173: tensor([1387, 1396, 1600, 1347, 1626,  406, 1183,  131], device='cuda:0')
Mon 27 May 2024 19:43:59 DEBUG  Predicting for user 174 with 1590 unused items
Mon 27 May 2024 19:43:59 DEBUG  Top 8 items for user 174: tensor([625, 778, 814, 524, 392, 107, 768, 195], device='cuda:0')
Mon 27 May 2024 19:43:59 DEBUG  Predicting for user 175 with 1648 unused items
Mon 27 May 2024 19:43:59 DEBUG  Top 8 items for user 175: tensor([ 537,  393,  902,  964, 1670, 1139,  728, 1651], device='cuda:0')
Mon 27 May 2024 19:43:59 DEBUG  Predicting for user 176 with 1538 unused items
Mon 27 May 2024 19:43:59 DEBUG  Top 8 items for user 176: tensor([ 162,   88, 1116,  221,  589, 1595,  974, 1609], device='cuda:0')
Mon 27 May 2024 19:43:59 DEBUG  Predicting for user 177 with 1587 unused items
Mon 27 May 2024 19:43:59 DEBUG  Top 8 items for user 177: tensor([ 756,  996,   79,  320, 1415,  468, 1459,  677], device='cuda:0')
Mon 27 May 2024 19:43:59 DEBUG  Predicting for user 178 with 1662 unused items
Mon 27 May 2024 19:43:59 DEBUG  Top 8 items for user 178: tensor([1123, 1341,  803,  868, 1018,  252,    0,   97], device='cuda:0')
Mon 27 May 2024 19:43:59 DEBUG  Predicting for user 179 with 1632 unused items
Mon 27 May 2024 19:43:59 DEBUG  Top 8 items for user 179: tensor([1335,  185,  217,  688,  346, 1472,  564,  827], device='cuda:0')
Mon 27 May 2024 19:43:59 DEBUG  Predicting for user 180 with 1583 unused items
Mon 27 May 2024 19:43:59 DEBUG  Top 8 items for user 180: tensor([1254, 1064,  420, 1492, 1601,  693, 1242,  695], device='cuda:0')
Mon 27 May 2024 19:43:59 DEBUG  Predicting for user 181 with 1584 unused items
Mon 27 May 2024 19:43:59 DEBUG  Top 8 items for user 181: tensor([ 460,  897, 1105, 1087, 1168,  818, 1328,  244], device='cuda:0')
Mon 27 May 2024 19:43:59 DEBUG  Predicting for user 182 with 1495 unused items
Mon 27 May 2024 19:43:59 DEBUG  Top 8 items for user 182: tensor([ 652,  594,  222,    7, 1659,  875, 1254,  269], device='cuda:0')
Mon 27 May 2024 19:43:59 DEBUG  Predicting for user 183 with 1523 unused items
Mon 27 May 2024 19:43:59 DEBUG  Top 8 items for user 183: tensor([ 228,  277, 1540,  627, 1299,  299,  921, 1461], device='cuda:0')
Mon 27 May 2024 19:43:59 DEBUG  Predicting for user 184 with 1643 unused items
Mon 27 May 2024 19:43:59 DEBUG  Top 8 items for user 184: tensor([ 302, 1419, 1499,  687, 1200,  758, 1124,  130], device='cuda:0')
Mon 27 May 2024 19:43:59 DEBUG  Predicting for user 185 with 1554 unused items
Mon 27 May 2024 19:43:59 DEBUG  Top 8 items for user 185: tensor([ 933,  941,  669, 1540, 1282,  514,  822,  207], device='cuda:0')
Mon 27 May 2024 19:43:59 DEBUG  Predicting for user 186 with 1613 unused items
Mon 27 May 2024 19:43:59 DEBUG  Top 8 items for user 186: tensor([ 294, 1445, 1247,   24, 1557,  533, 1244, 1104], device='cuda:0')
Mon 27 May 2024 19:43:59 DEBUG  Predicting for user 187 with 1619 unused items
Mon 27 May 2024 19:43:59 DEBUG  Top 8 items for user 187: tensor([  37,  832, 1528,  898, 1087, 1416, 1609,  492], device='cuda:0')
Mon 27 May 2024 19:43:59 DEBUG  Predicting for user 188 with 1644 unused items
Mon 27 May 2024 19:43:59 DEBUG  Top 8 items for user 188: tensor([ 302,  936, 1522,  219,  997,  960,  196,  977], device='cuda:0')
Mon 27 May 2024 19:43:59 DEBUG  Predicting for user 189 with 1636 unused items
Mon 27 May 2024 19:43:59 DEBUG  Top 8 items for user 189: tensor([ 116, 1324,  124,  462,  280,  739, 1157,  146], device='cuda:0')
Mon 27 May 2024 19:43:59 DEBUG  Predicting for user 190 with 1663 unused items
Mon 27 May 2024 19:43:59 DEBUG  Top 8 items for user 190: tensor([ 287,  885,  272, 1349, 1193,  669,  254,   68], device='cuda:0')
Mon 27 May 2024 19:43:59 DEBUG  Predicting for user 191 with 1657 unused items
Mon 27 May 2024 19:43:59 DEBUG  Top 8 items for user 191: tensor([ 522, 1186, 1064, 1636,  748, 1326, 1667, 1414], device='cuda:0')
Mon 27 May 2024 19:43:59 DEBUG  Predicting for user 192 with 1637 unused items
Mon 27 May 2024 19:43:59 DEBUG  Top 8 items for user 192: tensor([1245,  262,  627,  744,  575, 1175, 1526,  976], device='cuda:0')
Mon 27 May 2024 19:43:59 DEBUG  Predicting for user 193 with 1568 unused items
Mon 27 May 2024 19:43:59 DEBUG  Top 8 items for user 193: tensor([1022,  201, 1343,  233,  633,  479, 1362,  717], device='cuda:0')
Mon 27 May 2024 19:43:59 DEBUG  Predicting for user 194 with 1629 unused items
Mon 27 May 2024 19:43:59 DEBUG  Top 8 items for user 194: tensor([1375,   19, 1412,  984,    0,  576,  168,  716], device='cuda:0')
Mon 27 May 2024 19:43:59 DEBUG  Predicting for user 195 with 1565 unused items
Mon 27 May 2024 19:43:59 DEBUG  Top 8 items for user 195: tensor([ 721,  396, 1149,  631, 1054, 1230, 1492, 1009], device='cuda:0')
Mon 27 May 2024 19:43:59 DEBUG  Predicting for user 196 with 1607 unused items
Mon 27 May 2024 19:43:59 DEBUG  Top 8 items for user 196: tensor([ 676,   38, 1425,  262,  148, 1016,  874, 1136], device='cuda:0')
Mon 27 May 2024 19:43:59 DEBUG  Predicting for user 197 with 1632 unused items
Mon 27 May 2024 19:43:59 DEBUG  Top 8 items for user 197: tensor([ 534,  889,  117, 1667,   42,  922,  214,  449], device='cuda:0')
Mon 27 May 2024 19:43:59 DEBUG  Predicting for user 198 with 1661 unused items
Mon 27 May 2024 19:43:59 DEBUG  Top 8 items for user 198: tensor([1043, 1135, 1473,  527,  621, 1629,  758, 1666], device='cuda:0')
Mon 27 May 2024 19:43:59 DEBUG  Predicting for user 199 with 1659 unused items
Mon 27 May 2024 19:43:59 DEBUG  Top 8 items for user 199: tensor([1263,  752,   35,  592,  433,  528, 1000,  382], device='cuda:0')
Mon 27 May 2024 19:43:59 DEBUG  Predicting for user 200 with 1659 unused items
Mon 27 May 2024 19:43:59 DEBUG  Top 8 items for user 200: tensor([ 735, 1009,  123, 1437,  304, 1280,  136, 1609], device='cuda:0')
Mon 27 May 2024 19:43:59 DEBUG  Predicting for user 201 with 1643 unused items
Mon 27 May 2024 19:43:59 DEBUG  Top 8 items for user 201: tensor([  31,  649,  706,   95, 1137, 1254, 1236,  652], device='cuda:0')
Mon 27 May 2024 19:43:59 DEBUG  Predicting for user 202 with 1659 unused items
Mon 27 May 2024 19:43:59 DEBUG  Top 8 items for user 202: tensor([1512,  593,  509, 1166,  545,  383, 1301,  522], device='cuda:0')
Mon 27 May 2024 19:43:59 DEBUG  Predicting for user 203 with 1576 unused items
Mon 27 May 2024 19:43:59 DEBUG  Top 8 items for user 203: tensor([1074, 1499,  845,  707,  725,  876,  867,   26], device='cuda:0')
Mon 27 May 2024 19:43:59 DEBUG  Predicting for user 204 with 1646 unused items
Mon 27 May 2024 19:43:59 DEBUG  Top 8 items for user 204: tensor([1331,   25,  891,  574,  184,   47,  280,  223], device='cuda:0')
Mon 27 May 2024 19:43:59 DEBUG  Predicting for user 205 with 1666 unused items
Mon 27 May 2024 19:43:59 DEBUG  Top 8 items for user 205: tensor([ 143, 1579,  192,  833,  657,  607, 1169, 1544], device='cuda:0')
Mon 27 May 2024 19:43:59 DEBUG  Predicting for user 206 with 1475 unused items
Mon 27 May 2024 19:43:59 DEBUG  Top 8 items for user 206: tensor([1434, 1302, 1041,  722, 1212,  589,  521, 1594], device='cuda:0')
Mon 27 May 2024 19:43:59 DEBUG  Predicting for user 207 with 1622 unused items
Mon 27 May 2024 19:43:59 DEBUG  Top 8 items for user 207: tensor([1207,   22, 1505,  319, 1460, 1294,   24,  574], device='cuda:0')
Mon 27 May 2024 19:43:59 DEBUG  Predicting for user 208 with 1597 unused items
Mon 27 May 2024 19:43:59 DEBUG  Top 8 items for user 208: tensor([ 190, 1254,  210, 1493,  261, 1106,  792,  704], device='cuda:0')
Mon 27 May 2024 19:43:59 DEBUG  Predicting for user 209 with 1621 unused items
Mon 27 May 2024 19:43:59 DEBUG  Top 8 items for user 209: tensor([1134,  410,  499,  869,  700, 1100,  995, 1319], device='cuda:0')
Mon 27 May 2024 19:43:59 DEBUG  Predicting for user 210 with 1638 unused items
Mon 27 May 2024 19:43:59 DEBUG  Top 8 items for user 210: tensor([1172, 1010, 1255, 1674,  743, 1295, 1128, 1607], device='cuda:0')
Mon 27 May 2024 19:43:59 DEBUG  Predicting for user 211 with 1618 unused items
Mon 27 May 2024 19:43:59 DEBUG  Top 8 items for user 211: tensor([1625,   67,  468,  313, 1628,  120,  842, 1318], device='cuda:0')
Mon 27 May 2024 19:43:59 DEBUG  Predicting for user 212 with 1665 unused items
Mon 27 May 2024 19:43:59 DEBUG  Top 8 items for user 212: tensor([ 997, 1567,  205,  954, 1155, 1369,  661,  216], device='cuda:0')
Mon 27 May 2024 19:43:59 DEBUG  Predicting for user 213 with 1665 unused items
Mon 27 May 2024 19:43:59 DEBUG  Top 8 items for user 213: tensor([1420, 1294,  778, 1603,  894, 1366, 1018, 1565], device='cuda:0')
Mon 27 May 2024 19:43:59 DEBUG  Predicting for user 214 with 1666 unused items
Mon 27 May 2024 19:43:59 DEBUG  Top 8 items for user 214: tensor([ 519, 1094, 1085,  866,  717,  526,  105,  190], device='cuda:0')
Mon 27 May 2024 19:43:59 DEBUG  Predicting for user 215 with 1626 unused items
Mon 27 May 2024 19:43:59 DEBUG  Top 8 items for user 215: tensor([ 767,  650, 1636, 1365,  366,  995, 1124,  270], device='cuda:0')
Mon 27 May 2024 19:43:59 DEBUG  Predicting for user 216 with 1640 unused items
Mon 27 May 2024 19:43:59 DEBUG  Top 8 items for user 216: tensor([ 517,  751,  785,  258, 1099,  125, 1130,  813], device='cuda:0')
Mon 27 May 2024 19:43:59 DEBUG  Predicting for user 217 with 1659 unused items
Mon 27 May 2024 19:43:59 DEBUG  Top 8 items for user 217: tensor([1432,  497,  107, 1358,  996, 1426,  575,  558], device='cuda:0')
Mon 27 May 2024 19:43:59 DEBUG  Predicting for user 218 with 1665 unused items
Mon 27 May 2024 19:43:59 DEBUG  Top 8 items for user 218: tensor([1629,  146,  889, 1466,   39,  619,  386,  541], device='cuda:0')
Mon 27 May 2024 19:43:59 DEBUG  Predicting for user 219 with 1643 unused items
Mon 27 May 2024 19:43:59 DEBUG  Top 8 items for user 219: tensor([ 150, 1554,  127, 1184, 1265, 1101,  152,  402], device='cuda:0')
Mon 27 May 2024 19:43:59 DEBUG  Predicting for user 220 with 1657 unused items
Mon 27 May 2024 19:43:59 DEBUG  Top 8 items for user 220: tensor([1126,  445,  258, 1273, 1229,  677,   77, 1556], device='cuda:0')
Mon 27 May 2024 19:43:59 DEBUG  Predicting for user 221 with 1648 unused items
Mon 27 May 2024 19:43:59 DEBUG  Top 8 items for user 221: tensor([ 366,  419,  246,    4, 1019, 1144,  178,  960], device='cuda:0')
Mon 27 May 2024 19:43:59 DEBUG  Predicting for user 222 with 1643 unused items
Mon 27 May 2024 19:43:59 DEBUG  Top 8 items for user 222: tensor([ 499,  562,  963, 1419,  605,  299,  166,   55], device='cuda:0')
Mon 27 May 2024 19:43:59 DEBUG  Predicting for user 223 with 1657 unused items
Mon 27 May 2024 19:43:59 DEBUG  Top 8 items for user 223: tensor([ 265, 1069, 1078,  373,  747,   40, 1668, 1631], device='cuda:0')
Mon 27 May 2024 19:43:59 DEBUG  Predicting for user 224 with 1626 unused items
Mon 27 May 2024 19:43:59 DEBUG  Top 8 items for user 224: tensor([1055,  792,  859, 1598,  938, 1401,  305, 1413], device='cuda:0')
Mon 27 May 2024 19:43:59 DEBUG  Predicting for user 225 with 1593 unused items
Mon 27 May 2024 19:43:59 DEBUG  Top 8 items for user 225: tensor([ 652, 1443,   36,  976,  379,  615,  338,  766], device='cuda:0')
Mon 27 May 2024 19:43:59 DEBUG  Predicting for user 226 with 1629 unused items
Mon 27 May 2024 19:43:59 DEBUG  Top 8 items for user 226: tensor([1387, 1675, 1465,   34,  495,  604,  389, 1575], device='cuda:0')
Mon 27 May 2024 19:43:59 DEBUG  Predicting for user 227 with 1447 unused items
Mon 27 May 2024 19:43:59 DEBUG  Top 8 items for user 227: tensor([  15,  199, 1356,  968, 1220,  218, 1647,  838], device='cuda:0')
Mon 27 May 2024 19:43:59 DEBUG  Predicting for user 228 with 1659 unused items
Mon 27 May 2024 19:43:59 DEBUG  Top 8 items for user 228: tensor([1355,  672, 1258,    7,  406,  954, 1004, 1463], device='cuda:0')
Mon 27 May 2024 19:43:59 DEBUG  Predicting for user 229 with 1656 unused items
Mon 27 May 2024 19:43:59 DEBUG  Top 8 items for user 229: tensor([ 604,  395, 1204,  971,  371,  433, 1238, 1588], device='cuda:0')
Mon 27 May 2024 19:43:59 DEBUG  Predicting for user 230 with 1633 unused items
Mon 27 May 2024 19:43:59 DEBUG  Top 8 items for user 230: tensor([1610, 1124,  915, 1148,  798,  145,  797,  880], device='cuda:0')
Mon 27 May 2024 19:43:59 DEBUG  Predicting for user 231 with 1665 unused items
Mon 27 May 2024 19:44:00 DEBUG  Top 8 items for user 231: tensor([ 869, 1289,  813,  807, 1184, 1189, 1272,  691], device='cuda:0')
Mon 27 May 2024 19:44:00 DEBUG  Predicting for user 232 with 1637 unused items
Mon 27 May 2024 19:44:00 DEBUG  Top 8 items for user 232: tensor([ 285,   16, 1019, 1024, 1033,  806,   55, 1307], device='cuda:0')
Mon 27 May 2024 19:44:00 DEBUG  Predicting for user 233 with 1667 unused items
Mon 27 May 2024 19:44:00 DEBUG  Top 8 items for user 233: tensor([ 764,  111, 1089, 1025, 1400,  655,  332, 1291], device='cuda:0')
Mon 27 May 2024 19:44:00 DEBUG  Predicting for user 234 with 1596 unused items
Mon 27 May 2024 19:44:00 DEBUG  Top 8 items for user 234: tensor([ 880, 1285,  872,  579,  228, 1324,  915, 1559], device='cuda:0')
Mon 27 May 2024 19:44:00 DEBUG  Predicting for user 235 with 1658 unused items
Mon 27 May 2024 19:44:00 DEBUG  Top 8 items for user 235: tensor([ 565, 1352,  632,  523, 1415,  301,  726,  717], device='cuda:0')
Mon 27 May 2024 19:44:00 DEBUG  Predicting for user 236 with 1655 unused items
Mon 27 May 2024 19:44:00 DEBUG  Top 8 items for user 236: tensor([ 503,  807,  865,  657, 1257,  477, 1035,  419], device='cuda:0')
Mon 27 May 2024 19:44:00 DEBUG  Predicting for user 237 with 1652 unused items
Mon 27 May 2024 19:44:00 DEBUG  Top 8 items for user 237: tensor([ 923,  329,  880,  253, 1485, 1323, 1493, 1183], device='cuda:0')
Mon 27 May 2024 19:44:00 DEBUG  Predicting for user 238 with 1636 unused items
Mon 27 May 2024 19:44:00 DEBUG  Top 8 items for user 238: tensor([ 580,  203,  239,  658,  756,  672, 1293,  653], device='cuda:0')
Mon 27 May 2024 19:44:00 DEBUG  Predicting for user 239 with 1596 unused items
Mon 27 May 2024 19:44:00 DEBUG  Top 8 items for user 239: tensor([   3, 1656, 1606,  368,   20, 1124, 1123,  380], device='cuda:0')
Mon 27 May 2024 19:44:00 DEBUG  Predicting for user 240 with 1605 unused items
Mon 27 May 2024 19:44:00 DEBUG  Top 8 items for user 240: tensor([ 772,  324, 1255,  364,  913,  220, 1591,  948], device='cuda:0')
Mon 27 May 2024 19:44:00 DEBUG  Predicting for user 241 with 1656 unused items
Mon 27 May 2024 19:44:00 DEBUG  Top 8 items for user 241: tensor([  62,  310,   19,  422,   66, 1472, 1064, 1519], device='cuda:0')
Mon 27 May 2024 19:44:00 DEBUG  Predicting for user 242 with 1662 unused items
Mon 27 May 2024 19:44:00 DEBUG  Top 8 items for user 242: tensor([ 932,  387, 1126, 1130, 1109, 1503,  508, 1617], device='cuda:0')
Mon 27 May 2024 19:44:00 DEBUG  Predicting for user 243 with 1616 unused items
Mon 27 May 2024 19:44:00 DEBUG  Top 8 items for user 243: tensor([ 282, 1521,  130,  232,  641,  580, 1530, 1407], device='cuda:0')
Mon 27 May 2024 19:44:00 DEBUG  Predicting for user 244 with 1621 unused items
Mon 27 May 2024 19:44:00 DEBUG  Top 8 items for user 244: tensor([ 472, 1619,  114,  121,  319,  357, 1674,  520], device='cuda:0')
Mon 27 May 2024 19:44:00 DEBUG  Predicting for user 245 with 1666 unused items
Mon 27 May 2024 19:44:00 DEBUG  Top 8 items for user 245: tensor([1358,  497, 1459,  148, 1155, 1366, 1204, 1440], device='cuda:0')
Mon 27 May 2024 19:44:00 DEBUG  Predicting for user 246 with 1634 unused items
Mon 27 May 2024 19:44:00 DEBUG  Top 8 items for user 246: tensor([1639, 1255,   68,  992,  848,  539,  772, 1262], device='cuda:0')
Mon 27 May 2024 19:44:00 DEBUG  Predicting for user 247 with 1627 unused items
Mon 27 May 2024 19:44:00 DEBUG  Top 8 items for user 247: tensor([ 780,  994, 1628, 1503, 1298, 1664,  203,  791], device='cuda:0')
Mon 27 May 2024 19:44:00 DEBUG  Predicting for user 248 with 1659 unused items
Mon 27 May 2024 19:44:00 DEBUG  Top 8 items for user 248: tensor([ 378,  752,  133,  886,  968,   17, 1220,  190], device='cuda:0')
Mon 27 May 2024 19:44:00 DEBUG  Predicting for user 249 with 1473 unused items
Mon 27 May 2024 19:44:00 DEBUG  Top 8 items for user 249: tensor([1447,  406,  512, 1666,  234, 1576, 1425,  545], device='cuda:0')
Mon 27 May 2024 19:44:00 DEBUG  Predicting for user 250 with 1659 unused items
Mon 27 May 2024 19:44:00 DEBUG  Top 8 items for user 250: tensor([ 265,  444,  117,  224,  452,   75, 1226,  815], device='cuda:0')
Mon 27 May 2024 19:44:00 DEBUG  Predicting for user 251 with 1663 unused items
Mon 27 May 2024 19:44:00 DEBUG  Top 8 items for user 251: tensor([ 250, 1526,  490,   76,  248, 1457, 1627,  198], device='cuda:0')
Mon 27 May 2024 19:44:00 DEBUG  Predicting for user 252 with 1653 unused items
Mon 27 May 2024 19:44:00 DEBUG  Top 8 items for user 252: tensor([ 558,  212,  313, 1001, 1250, 1198, 1475, 1583], device='cuda:0')
Mon 27 May 2024 19:44:00 DEBUG  Predicting for user 253 with 1632 unused items
Mon 27 May 2024 19:44:00 DEBUG  Top 8 items for user 253: tensor([1516, 1074,  118, 1001, 1514,  714, 1048,  520], device='cuda:0')
Mon 27 May 2024 19:44:00 DEBUG  Predicting for user 254 with 1631 unused items
Mon 27 May 2024 19:44:00 DEBUG  Top 8 items for user 254: tensor([ 952,  527, 1408, 1289,  791,  683,  971, 1682], device='cuda:0')
Mon 27 May 2024 19:44:00 DEBUG  Predicting for user 255 with 1504 unused items
Mon 27 May 2024 19:44:00 DEBUG  Top 8 items for user 255: tensor([   4, 1352, 1219,  523,   41,  592,  527, 1402], device='cuda:0')
Mon 27 May 2024 19:44:00 DEBUG  Predicting for user 256 with 1651 unused items
Mon 27 May 2024 19:44:00 DEBUG  Top 8 items for user 256: tensor([ 582, 1648,  955,  962,  866,  629,  996, 1460], device='cuda:0')
Mon 27 May 2024 19:44:00 DEBUG  Predicting for user 257 with 1664 unused items
Mon 27 May 2024 19:44:00 DEBUG  Top 8 items for user 257: tensor([ 944, 1286,   61,  741,  809,  385,  751,  601], device='cuda:0')
Mon 27 May 2024 19:44:00 DEBUG  Predicting for user 258 with 1665 unused items
Mon 27 May 2024 19:44:00 DEBUG  Top 8 items for user 258: tensor([1672,  182,  749, 1374,  999,   81,  761, 1008], device='cuda:0')
Mon 27 May 2024 19:44:00 DEBUG  Predicting for user 259 with 1667 unused items
Mon 27 May 2024 19:44:00 DEBUG  Top 8 items for user 259: tensor([ 875,  810, 1090, 1081,  284, 1647,  553,  119], device='cuda:0')
Mon 27 May 2024 19:44:00 DEBUG  Predicting for user 260 with 1651 unused items
Mon 27 May 2024 19:44:00 DEBUG  Top 8 items for user 260: tensor([ 239,  868, 1366, 1282, 1269,  416, 1586,  605], device='cuda:0')
Mon 27 May 2024 19:44:00 DEBUG  Predicting for user 261 with 1667 unused items
Mon 27 May 2024 19:44:00 DEBUG  Top 8 items for user 261: tensor([1059,  249,  915, 1314,  650, 1112,  530,  716], device='cuda:0')
Mon 27 May 2024 19:44:00 DEBUG  Predicting for user 262 with 1639 unused items
Mon 27 May 2024 19:44:00 DEBUG  Top 8 items for user 262: tensor([1129,  496,  330,  721,  394, 1307,  690, 1100], device='cuda:0')
Mon 27 May 2024 19:44:00 DEBUG  Predicting for user 263 with 1631 unused items
Mon 27 May 2024 19:44:00 DEBUG  Top 8 items for user 263: tensor([975, 776, 354, 834, 609,  56, 803, 376], device='cuda:0')
Mon 27 May 2024 19:44:00 DEBUG  Predicting for user 264 with 1617 unused items
Mon 27 May 2024 19:44:00 DEBUG  Top 8 items for user 264: tensor([1104,  991,  148, 1426,   97, 1490, 1292,  418], device='cuda:0')
Mon 27 May 2024 19:44:00 DEBUG  Predicting for user 265 with 1486 unused items
Mon 27 May 2024 19:44:00 DEBUG  Top 8 items for user 265: tensor([ 281, 1280,  464,  537,  864,  654, 1525, 1173], device='cuda:0')
Mon 27 May 2024 19:44:00 DEBUG  Predicting for user 266 with 1654 unused items
Mon 27 May 2024 19:44:00 DEBUG  Top 8 items for user 266: tensor([1391,  903,  258,  418, 1562,  628,  807,  798], device='cuda:0')
Mon 27 May 2024 19:44:00 DEBUG  Predicting for user 267 with 1649 unused items
Mon 27 May 2024 19:44:00 DEBUG  Top 8 items for user 267: tensor([1220, 1541,  567,  721, 1081, 1570,  754, 1451], device='cuda:0')
Mon 27 May 2024 19:44:00 DEBUG  Predicting for user 268 with 1663 unused items
Mon 27 May 2024 19:44:00 DEBUG  Top 8 items for user 268: tensor([1236,  613, 1611,  818, 1108,  272,   96,  351], device='cuda:0')
Mon 27 May 2024 19:44:00 DEBUG  Predicting for user 269 with 1661 unused items
Mon 27 May 2024 19:44:00 DEBUG  Top 8 items for user 269: tensor([ 799, 1258,  988,  505, 1183,   22, 1675,  358], device='cuda:0')
Mon 27 May 2024 19:44:00 DEBUG  Predicting for user 270 with 1639 unused items
Mon 27 May 2024 19:44:00 DEBUG  Top 8 items for user 270: tensor([ 570, 1624, 1387, 1507, 1023, 1163, 1481, 1447], device='cuda:0')
Mon 27 May 2024 19:44:00 DEBUG  Predicting for user 271 with 1635 unused items
Mon 27 May 2024 19:44:00 DEBUG  Top 8 items for user 271: tensor([1050, 1593, 1384, 1393,  830, 1183, 1007,  201], device='cuda:0')
Mon 27 May 2024 19:44:00 DEBUG  Predicting for user 272 with 1666 unused items
Mon 27 May 2024 19:44:00 DEBUG  Top 8 items for user 272: tensor([1381,  897, 1001,    6, 1075,  875, 1593,  147], device='cuda:0')
Mon 27 May 2024 19:44:00 DEBUG  Predicting for user 273 with 1662 unused items
Mon 27 May 2024 19:44:00 DEBUG  Top 8 items for user 273: tensor([ 182, 1016,  208, 1445,  750,  931,  103, 1297], device='cuda:0')
Mon 27 May 2024 19:44:00 DEBUG  Predicting for user 274 with 1666 unused items
Mon 27 May 2024 19:44:00 DEBUG  Top 8 items for user 274: tensor([ 884,  812,  468, 1406,  837,  615,  152, 1235], device='cuda:0')
Mon 27 May 2024 19:44:00 DEBUG  Predicting for user 275 with 1662 unused items
Mon 27 May 2024 19:44:00 DEBUG  Top 8 items for user 275: tensor([ 334,  285,    7,  457, 1195,  594, 1571, 1173], device='cuda:0')
Mon 27 May 2024 19:44:00 DEBUG  Predicting for user 276 with 1667 unused items
Mon 27 May 2024 19:44:00 DEBUG  Top 8 items for user 276: tensor([ 260,  327, 1363, 1632, 1173, 1586, 1024, 1329], device='cuda:0')
Mon 27 May 2024 19:44:00 DEBUG  Predicting for user 277 with 1664 unused items
Mon 27 May 2024 19:44:00 DEBUG  Top 8 items for user 277: tensor([ 954,   65, 1589,  700,  807,  974,  329,  155], device='cuda:0')
Mon 27 May 2024 19:44:00 DEBUG  Predicting for user 278 with 1667 unused items
Mon 27 May 2024 19:44:00 DEBUG  Top 8 items for user 278: tensor([1277,  197,  428,    0,  546, 1105,  927,  126], device='cuda:0')
Mon 27 May 2024 19:44:00 DEBUG  Predicting for user 279 with 1651 unused items
Mon 27 May 2024 19:44:00 DEBUG  Top 8 items for user 279: tensor([ 805,  627, 1597, 1293,  265,  861, 1409, 1369], device='cuda:0')
Mon 27 May 2024 19:44:00 DEBUG  Predicting for user 280 with 1664 unused items
Mon 27 May 2024 19:44:00 DEBUG  Top 8 items for user 280: tensor([1408, 1675,  206, 1341,  733, 1189, 1387,  137], device='cuda:0')
Mon 27 May 2024 19:44:00 DEBUG  Predicting for user 281 with 1649 unused items
Mon 27 May 2024 19:44:00 DEBUG  Top 8 items for user 281: tensor([1615, 1318,  979, 1581,   46, 1510,  314, 1329], device='cuda:0')
Mon 27 May 2024 19:44:00 DEBUG  Predicting for user 282 with 1612 unused items
Mon 27 May 2024 19:44:00 DEBUG  Top 8 items for user 282: tensor([1091,  399,  439,  477, 1513, 1056, 1681,  636], device='cuda:0')
Mon 27 May 2024 19:44:00 DEBUG  Predicting for user 283 with 1653 unused items
Mon 27 May 2024 19:44:00 DEBUG  Top 8 items for user 283: tensor([1485,  538, 1677,    7,  730, 1072, 1031,   82], device='cuda:0')
Mon 27 May 2024 19:44:00 DEBUG  Predicting for user 284 with 1622 unused items
Mon 27 May 2024 19:44:00 DEBUG  Top 8 items for user 284: tensor([ 373, 1013,  628,  285, 1607, 1373,  635,  588], device='cuda:0')
Mon 27 May 2024 19:44:00 DEBUG  Predicting for user 285 with 1658 unused items
Mon 27 May 2024 19:44:00 DEBUG  Top 8 items for user 285: tensor([1546,  700, 1282,  380, 1529,  304,   28,  767], device='cuda:0')
Mon 27 May 2024 19:44:00 DEBUG  Predicting for user 286 with 1543 unused items
Mon 27 May 2024 19:44:00 DEBUG  Top 8 items for user 286: tensor([ 850, 1487,  631,  762, 1072,  844, 1199, 1205], device='cuda:0')
Mon 27 May 2024 19:44:00 DEBUG  Predicting for user 287 with 1648 unused items
Mon 27 May 2024 19:44:00 DEBUG  Top 8 items for user 287: tensor([ 108,  844, 1175,  473, 1479, 1381,  375,  990], device='cuda:0')
Mon 27 May 2024 19:44:00 DEBUG  Predicting for user 288 with 1661 unused items
Mon 27 May 2024 19:44:00 DEBUG  Top 8 items for user 288: tensor([ 201, 1171,   99,  254, 1371,  594, 1273,  907], device='cuda:0')
Mon 27 May 2024 19:44:00 DEBUG  Predicting for user 289 with 1660 unused items
Mon 27 May 2024 19:44:00 DEBUG  Top 8 items for user 289: tensor([1611,  445, 1139,  288, 1073, 1223, 1183,  392], device='cuda:0')
Mon 27 May 2024 19:44:00 DEBUG  Predicting for user 290 with 1660 unused items
Mon 27 May 2024 19:44:00 DEBUG  Top 8 items for user 290: tensor([1035,  152,  287,  186, 1672,   47,   18, 1189], device='cuda:0')
Mon 27 May 2024 19:44:00 DEBUG  Predicting for user 291 with 1656 unused items
Mon 27 May 2024 19:44:00 DEBUG  Top 8 items for user 291: tensor([ 292, 1263,  546, 1518,  778,  136,  245, 1459], device='cuda:0')
Mon 27 May 2024 19:44:00 DEBUG  Predicting for user 292 with 1660 unused items
Mon 27 May 2024 19:44:00 DEBUG  Top 8 items for user 292: tensor([ 503,  272,   36,  363,  541, 1378, 1591,  119], device='cuda:0')
Mon 27 May 2024 19:44:00 DEBUG  Predicting for user 293 with 1666 unused items
Mon 27 May 2024 19:44:00 DEBUG  Top 8 items for user 293: tensor([1121,  707, 1264,  166,  427,  684, 1045,  575], device='cuda:0')
Mon 27 May 2024 19:44:00 DEBUG  Predicting for user 294 with 1665 unused items
Mon 27 May 2024 19:44:00 DEBUG  Top 8 items for user 294: tensor([ 494,  874, 1307, 1444, 1664, 1547,  219, 1140], device='cuda:0')
Mon 27 May 2024 19:44:00 DEBUG  Predicting for user 295 with 1661 unused items
Mon 27 May 2024 19:44:00 DEBUG  Top 8 items for user 295: tensor([ 447,  304, 1540,  713, 1088, 1409, 1057,  638], device='cuda:0')
Mon 27 May 2024 19:44:00 DEBUG  Predicting for user 296 with 1582 unused items
Mon 27 May 2024 19:44:00 DEBUG  Top 8 items for user 296: tensor([   6,  680,  393, 1200, 1323,  731,  609, 1281], device='cuda:0')
Mon 27 May 2024 19:44:00 DEBUG  Predicting for user 297 with 1664 unused items
Mon 27 May 2024 19:44:00 DEBUG  Top 8 items for user 297: tensor([ 625,  561,   76,  716, 1314,  472, 1428,  304], device='cuda:0')
Mon 27 May 2024 19:44:00 DEBUG  Predicting for user 298 with 1650 unused items
Mon 27 May 2024 19:44:00 DEBUG  Top 8 items for user 298: tensor([ 278,  828, 1077,  901,  693,  725,  163,  418], device='cuda:0')
Mon 27 May 2024 19:44:00 DEBUG  Predicting for user 299 with 1658 unused items
Mon 27 May 2024 19:44:00 DEBUG  Top 8 items for user 299: tensor([1498,    6,  931,  421, 1016,  958,   38, 1268], device='cuda:0')
Mon 27 May 2024 19:44:00 DEBUG  Predicting for user 300 with 1664 unused items
Mon 27 May 2024 19:44:00 DEBUG  Top 8 items for user 300: tensor([ 758,  776, 1191, 1089, 1210,  630,  710,  681], device='cuda:0')
Mon 27 May 2024 19:44:00 DEBUG  Predicting for user 301 with 1610 unused items
Mon 27 May 2024 19:44:00 DEBUG  Top 8 items for user 301: tensor([ 725, 1632,    7,  976, 1180,  285, 1194,  878], device='cuda:0')
Mon 27 May 2024 19:44:00 DEBUG  Predicting for user 302 with 1659 unused items
Mon 27 May 2024 19:44:00 DEBUG  Top 8 items for user 302: tensor([ 183,  203,  792,  808,  170,  977,  913, 1598], device='cuda:0')
Mon 27 May 2024 19:44:00 DEBUG  Predicting for user 303 with 1652 unused items
Mon 27 May 2024 19:44:00 DEBUG  Top 8 items for user 303: tensor([1230,  467,  651,  592, 1472,  586,  818, 1076], device='cuda:0')
Mon 27 May 2024 19:44:00 DEBUG  Predicting for user 304 with 1660 unused items
Mon 27 May 2024 19:44:00 DEBUG  Top 8 items for user 304: tensor([ 404, 1405,  217, 1199,  346, 1195, 1407,  201], device='cuda:0')
Mon 27 May 2024 19:44:00 DEBUG  Predicting for user 305 with 1642 unused items
Mon 27 May 2024 19:44:00 DEBUG  Top 8 items for user 305: tensor([1628, 1510,  968,  715, 1126,  359,  780, 1285], device='cuda:0')
Mon 27 May 2024 19:44:00 DEBUG  Predicting for user 306 with 1654 unused items
Mon 27 May 2024 19:44:00 DEBUG  Top 8 items for user 306: tensor([1198,  604,  554, 1637, 1624, 1169,  594,  285], device='cuda:0')
Mon 27 May 2024 19:44:00 DEBUG  Predicting for user 307 with 1664 unused items
Mon 27 May 2024 19:44:00 DEBUG  Top 8 items for user 307: tensor([ 451, 1503, 1447, 1609, 1347,  467, 1634,  266], device='cuda:0')
Mon 27 May 2024 19:44:00 DEBUG  Predicting for user 308 with 1666 unused items
Mon 27 May 2024 19:44:00 DEBUG  Top 8 items for user 308: tensor([  36,  108,  882,  840,  813,   54, 1106,  499], device='cuda:0')
Mon 27 May 2024 19:44:00 DEBUG  Predicting for user 309 with 1569 unused items
Mon 27 May 2024 19:44:00 DEBUG  Top 8 items for user 309: tensor([ 977, 1566,  170, 1008, 1178,  239,  561,  531], device='cuda:0')
Mon 27 May 2024 19:44:00 DEBUG  Predicting for user 310 with 1559 unused items
Mon 27 May 2024 19:44:00 DEBUG  Top 8 items for user 310: tensor([ 936,  823,  228, 1569,  917, 1366,  276, 1465], device='cuda:0')
Mon 27 May 2024 19:44:00 DEBUG  Predicting for user 311 with 1532 unused items
Mon 27 May 2024 19:44:00 DEBUG  Top 8 items for user 311: tensor([1373, 1370, 1356, 1295,  776, 1220,  838,  772], device='cuda:0')
Mon 27 May 2024 19:44:00 DEBUG  Predicting for user 312 with 1455 unused items
Mon 27 May 2024 19:44:00 DEBUG  Top 8 items for user 312: tensor([  97,  561, 1234,  722, 1053, 1568, 1085,  220], device='cuda:0')
Mon 27 May 2024 19:44:00 DEBUG  Predicting for user 313 with 1640 unused items
Mon 27 May 2024 19:44:00 DEBUG  Top 8 items for user 313: tensor([ 823, 1040, 1528,  981,  492, 1184,   17, 1407], device='cuda:0')
Mon 27 May 2024 19:44:00 DEBUG  Predicting for user 314 with 1456 unused items
Mon 27 May 2024 19:44:00 DEBUG  Top 8 items for user 314: tensor([1088,   62,  929, 1436, 1301,  742, 1417,  372], device='cuda:0')
Mon 27 May 2024 19:44:00 DEBUG  Predicting for user 315 with 1642 unused items
Mon 27 May 2024 19:44:00 DEBUG  Top 8 items for user 315: tensor([ 941, 1601,  947,  745,  649,   59,  624, 1637], device='cuda:0')
Mon 27 May 2024 19:44:00 DEBUG  Predicting for user 316 with 1564 unused items
Mon 27 May 2024 19:44:00 DEBUG  Top 8 items for user 316: tensor([ 803, 1597, 1235,  776,  713, 1413,   98,  261], device='cuda:0')
Mon 27 May 2024 19:44:00 DEBUG  Predicting for user 317 with 1662 unused items
Mon 27 May 2024 19:44:00 DEBUG  Top 8 items for user 317: tensor([  38,  757, 1534,  643,  559,  638,  973, 1243], device='cuda:0')
Mon 27 May 2024 19:44:00 DEBUG  Predicting for user 318 with 1627 unused items
Mon 27 May 2024 19:44:00 DEBUG  Top 8 items for user 318: tensor([1258,  609, 1291, 1216,  949,  869, 1461, 1255], device='cuda:0')
Mon 27 May 2024 19:44:00 DEBUG  Predicting for user 319 with 1536 unused items
Mon 27 May 2024 19:44:00 DEBUG  Top 8 items for user 319: tensor([1426, 1584,  219,  620, 1624, 1414,  136, 1102], device='cuda:0')
Mon 27 May 2024 19:44:00 DEBUG  Predicting for user 320 with 1630 unused items
Mon 27 May 2024 19:44:00 DEBUG  Top 8 items for user 320: tensor([1296,  813, 1150,  353, 1295,  115, 1322, 1010], device='cuda:0')
Mon 27 May 2024 19:44:00 DEBUG  Predicting for user 321 with 1664 unused items
Mon 27 May 2024 19:44:00 DEBUG  Top 8 items for user 321: tensor([1655,  337, 1567,  879,  848,  730, 1524,   96], device='cuda:0')
Mon 27 May 2024 19:44:00 DEBUG  Predicting for user 322 with 1663 unused items
Mon 27 May 2024 19:44:00 DEBUG  Top 8 items for user 322: tensor([1513,  956, 1522, 1157,  935, 1606, 1140, 1081], device='cuda:0')
Mon 27 May 2024 19:44:00 DEBUG  Predicting for user 323 with 1667 unused items
Mon 27 May 2024 19:44:00 DEBUG  Top 8 items for user 323: tensor([1132,  596, 1519,  571,   19,  567,  292, 1137], device='cuda:0')
Mon 27 May 2024 19:44:00 DEBUG  Predicting for user 324 with 1664 unused items
Mon 27 May 2024 19:44:00 DEBUG  Top 8 items for user 324: tensor([1232,  749,  535, 1238,  345, 1373,  725, 1502], device='cuda:0')
Mon 27 May 2024 19:44:00 DEBUG  Predicting for user 325 with 1661 unused items
Mon 27 May 2024 19:44:00 DEBUG  Top 8 items for user 325: tensor([ 427, 1410,  243, 1525, 1512,  592,  207,  187], device='cuda:0')
Mon 27 May 2024 19:44:00 DEBUG  Predicting for user 326 with 1416 unused items
Mon 27 May 2024 19:44:00 DEBUG  Top 8 items for user 326: tensor([1359,  148, 1339, 1632,  725,  940, 1366,  303], device='cuda:0')
Mon 27 May 2024 19:44:00 DEBUG  Predicting for user 327 with 1665 unused items
Mon 27 May 2024 19:44:00 DEBUG  Top 8 items for user 327: tensor([ 354,  412,  148,  632, 1097,  216,  697,  956], device='cuda:0')
Mon 27 May 2024 19:44:00 DEBUG  Predicting for user 328 with 1629 unused items
Mon 27 May 2024 19:44:00 DEBUG  Top 8 items for user 328: tensor([1402, 1426,  971, 1554,  395,  896, 1512, 1314], device='cuda:0')
Mon 27 May 2024 19:44:00 DEBUG  Predicting for user 329 with 1665 unused items
Mon 27 May 2024 19:44:00 DEBUG  Top 8 items for user 329: tensor([1128, 1468,  631,  275, 1647, 1002,  612,   30], device='cuda:0')
Mon 27 May 2024 19:44:00 DEBUG  Predicting for user 330 with 1579 unused items
Mon 27 May 2024 19:44:00 DEBUG  Top 8 items for user 330: tensor([ 123,  843,  546,  199, 1479,  162, 1308, 1224], device='cuda:0')
Mon 27 May 2024 19:44:00 DEBUG  Predicting for user 331 with 1665 unused items
Mon 27 May 2024 19:44:00 DEBUG  Top 8 items for user 331: tensor([ 341, 1287,  393, 1005,  725, 1236, 1238,  454], device='cuda:0')
Mon 27 May 2024 19:44:00 DEBUG  Predicting for user 332 with 1652 unused items
Mon 27 May 2024 19:44:00 DEBUG  Top 8 items for user 332: tensor([1065,  333, 1682, 1090,  998, 1321,    1, 1386], device='cuda:0')
Mon 27 May 2024 19:44:00 DEBUG  Predicting for user 333 with 1622 unused items
Mon 27 May 2024 19:44:00 DEBUG  Top 8 items for user 333: tensor([1185,  812,  218, 1369,  465,  550,  683,  414], device='cuda:0')
Mon 27 May 2024 19:44:00 DEBUG  Predicting for user 334 with 1479 unused items
Mon 27 May 2024 19:44:00 DEBUG  Top 8 items for user 334: tensor([1576,  946, 1250,  116,  993, 1143,  803,  504], device='cuda:0')
Mon 27 May 2024 19:44:00 DEBUG  Predicting for user 335 with 1667 unused items
Mon 27 May 2024 19:44:00 DEBUG  Top 8 items for user 335: tensor([1509, 1230,  473, 1099, 1151,  364,  185,  259], device='cuda:0')
Mon 27 May 2024 19:44:00 DEBUG  Predicting for user 336 with 1522 unused items
Mon 27 May 2024 19:44:00 DEBUG  Top 8 items for user 336: tensor([1426,  793,  946, 1059,  386,  643, 1259,  273], device='cuda:0')
Mon 27 May 2024 19:44:00 DEBUG  Predicting for user 337 with 1647 unused items
Mon 27 May 2024 19:44:00 DEBUG  Top 8 items for user 337: tensor([1602,  484, 1043,  831, 1074,  152, 1118, 1129], device='cuda:0')
Mon 27 May 2024 19:44:00 DEBUG  Predicting for user 338 with 1665 unused items
Mon 27 May 2024 19:44:00 DEBUG  Top 8 items for user 338: tensor([ 164,  264, 1547, 1211,   61, 1425,  829,  342], device='cuda:0')
Mon 27 May 2024 19:44:00 DEBUG  Predicting for user 339 with 1666 unused items
Mon 27 May 2024 19:44:00 DEBUG  Top 8 items for user 339: tensor([ 426,  150,  220,  526, 1426,  967, 1589, 1575], device='cuda:0')
Mon 27 May 2024 19:44:00 DEBUG  Predicting for user 340 with 1492 unused items
Mon 27 May 2024 19:44:00 DEBUG  Top 8 items for user 340: tensor([ 701, 1509,  931, 1364,  872,   81,  806,  689], device='cuda:0')
Mon 27 May 2024 19:44:00 DEBUG  Predicting for user 341 with 1531 unused items
Mon 27 May 2024 19:44:00 DEBUG  Top 8 items for user 341: tensor([1056, 1588,  816,  508,   35,  690,  777, 1558], device='cuda:0')
Mon 27 May 2024 19:44:00 DEBUG  Predicting for user 342 with 1497 unused items
