Wed 03 Jul 2024 13:48:09 INFO  ['run_recbole.py', '--model=ANS', '--dataset=lastfm']
Wed 03 Jul 2024 13:48:09 INFO  
General Hyper Parameters:
gpu_id = 0
use_gpu = True
seed = 2020
state = INFO
reproducibility = True
data_path = dataset/lastfm
checkpoint_dir = saved
show_progress = True
save_dataset = False
dataset_save_path = None
save_dataloaders = False
dataloaders_save_path = None
log_wandb = False

Training Hyper Parameters:
epochs = 500
train_batch_size = 2048
learner = adam
learning_rate = 0.0001
train_neg_sample_args = {'distribution': 'uniform', 'sample_num': 5, 'alpha': 1.0, 'dynamic': False, 'candidate_num': 0}
eval_step = 1
stopping_step = 150
clip_grad_norm = None
weight_decay = 0.0
loss_decimal_place = 4

Evaluation Hyper Parameters:
eval_args = {'split': {'RS': [0.8, 0.1, 0.1]}, 'group_by': 'user', 'order': 'RO', 'mode': 'full'}
repeatable = False
metrics = ['Recall', 'MRR', 'NDCG', 'Hit', 'Precision']
topk = [20]
valid_metric = Recall@20
valid_metric_bigger = True
eval_batch_size = 4096
metric_decimal_place = 4

Dataset Hyper Parameters:
field_separator = 	
seq_separator =  
USER_ID_FIELD = user_id
ITEM_ID_FIELD = artist_id
RATING_FIELD = rating
TIME_FIELD = timestamp
seq_len = None
LABEL_FIELD = label
threshold = None
NEG_PREFIX = neg_
load_col = {'inter': ['user_id', 'artist_id']}
unload_col = None
unused_col = None
additional_feat_suffix = None
rm_dup_inter = None
val_interval = None
filter_inter_by_user_or_item = True
user_inter_num_interval = None
item_inter_num_interval = None
alias_of_user_id = None
alias_of_item_id = None
alias_of_entity_id = None
alias_of_relation_id = None
preload_weight = None
normalize_field = None
normalize_all = True
ITEM_LIST_LENGTH_FIELD = item_length
LIST_SUFFIX = _list
MAX_ITEM_LIST_LENGTH = 50
POSITION_FIELD = position_id
HEAD_ENTITY_ID_FIELD = head_id
TAIL_ENTITY_ID_FIELD = tail_id
RELATION_ID_FIELD = relation_id
ENTITY_ID_FIELD = entity_id
kg_reverse_r = False
entity_kg_num_interval = None
relation_kg_num_interval = None
benchmark_filename = None

Other Hyper Parameters: 
worker = 0
wandb_project = recbole
shuffle = True
require_pow = False
enable_amp = False
enable_scaler = True
transform = None
train_after_converge = True
positive_sampling = True
model_name_custom = GCN_AST
data_augmentation = False
Q = 8
embedding_size = 64
n_layers = 3
reg_weight = 0.001
eps = 0.3579063307361654
gamma = 0.010950879233563415
numerical_features = []
discretization = None
MODEL_TYPE = ModelType.GENERAL
MODEL_INPUT_TYPE = InputType.PAIRWISE
eval_type = EvaluatorType.RANKING
single_spec = True
local_rank = 0
device = cpu
eval_neg_sample_args = {'distribution': 'uniform', 'sample_num': 'none'}


Wed 03 Jul 2024 13:48:09 INFO  lastfm
The number of users: 1893
Average actions of users: 49.06659619450317
The number of items: 17633
Average actions of items: 5.265086206896552
The number of inters: 92834
The sparsity of the dataset: 99.72188126708227%
Remain Fields: ['user_id', 'artist_id']
Wed 03 Jul 2024 13:48:10 INFO  [Training]: train_batch_size = [2048] train_neg_sample_args: [{'distribution': 'uniform', 'sample_num': 5, 'alpha': 1.0, 'dynamic': False, 'candidate_num': 0}]
Wed 03 Jul 2024 13:48:10 INFO  [Evaluation]: eval_batch_size = [4096] eval_args: [{'split': {'RS': [0.8, 0.1, 0.1]}, 'group_by': 'user', 'order': 'RO', 'mode': 'full'}]
Wed 03 Jul 2024 13:48:11 INFO  ANS(
  (user_embedding): Embedding(1893, 64)
  (item_embedding): Embedding(17633, 64)
  (mf_loss): BPRLoss()
  (reg_loss): EmbLoss()
  (user_gate): Linear(in_features=64, out_features=64, bias=True)
  (item_gate): Linear(in_features=64, out_features=64, bias=True)
  (pos_gate): Linear(in_features=64, out_features=64, bias=True)
  (neg_gate): Linear(in_features=64, out_features=64, bias=True)
  (hard_gate): Linear(in_features=64, out_features=64, bias=True)
  (conf_gate): Linear(in_features=64, out_features=64, bias=True)
  (easy_gate): Linear(in_features=64, out_features=64, bias=True)
  (margin_model): Linear(in_features=64, out_features=1, bias=True)
)
Trainable parameters: 1278849
Wed 03 Jul 2024 13:48:11 INFO  FLOPs: 0.0
Wed 03 Jul 2024 13:48:23 INFO  epoch 0 training [time: 11.32s, train loss: 129.9993]
Wed 03 Jul 2024 13:48:23 INFO  epoch 0 evaluating [time: 0.61s, valid_score: 0.000800]
Wed 03 Jul 2024 13:48:23 INFO  valid result: 
recall@20 : 0.0008    mrr@20 : 0.0007    ndcg@20 : 0.0005    hit@20 : 0.0042    precision@20 : 0.0002
Wed 03 Jul 2024 13:48:23 INFO  Saving current: saved/ANS-Jul-03-2024_13-48-11.pth
Wed 03 Jul 2024 13:48:34 INFO  epoch 1 training [time: 11.07s, train loss: 129.7192]
Wed 03 Jul 2024 13:48:35 INFO  epoch 1 evaluating [time: 0.61s, valid_score: 0.014100]
Wed 03 Jul 2024 13:48:35 INFO  valid result: 
recall@20 : 0.0141    mrr@20 : 0.0144    ndcg@20 : 0.0092    hit@20 : 0.0579    precision@20 : 0.0034
Wed 03 Jul 2024 13:48:35 INFO  Saving current: saved/ANS-Jul-03-2024_13-48-11.pth
Wed 03 Jul 2024 13:48:46 INFO  epoch 2 training [time: 10.56s, train loss: 128.6704]
Wed 03 Jul 2024 13:48:46 INFO  epoch 2 evaluating [time: 0.59s, valid_score: 0.089300]
Wed 03 Jul 2024 13:48:46 INFO  valid result: 
recall@20 : 0.0893    mrr@20 : 0.0953    ndcg@20 : 0.0639    hit@20 : 0.2793    precision@20 : 0.0218
Wed 03 Jul 2024 13:48:46 INFO  Saving current: saved/ANS-Jul-03-2024_13-48-11.pth
Wed 03 Jul 2024 13:48:57 INFO  epoch 3 training [time: 10.70s, train loss: 125.0965]
Wed 03 Jul 2024 13:48:58 INFO  epoch 3 evaluating [time: 0.60s, valid_score: 0.106500]
Wed 03 Jul 2024 13:48:58 INFO  valid result: 
recall@20 : 0.1065    mrr@20 : 0.1191    ndcg@20 : 0.0791    hit@20 : 0.3165    precision@20 : 0.0261
Wed 03 Jul 2024 13:48:58 INFO  Saving current: saved/ANS-Jul-03-2024_13-48-11.pth
Wed 03 Jul 2024 13:49:08 INFO  epoch 4 training [time: 10.75s, train loss: 118.0589]
Wed 03 Jul 2024 13:49:09 INFO  epoch 4 evaluating [time: 0.59s, valid_score: 0.117200]
Wed 03 Jul 2024 13:49:09 INFO  valid result: 
recall@20 : 0.1172    mrr@20 : 0.1313    ndcg@20 : 0.0868    hit@20 : 0.3548    precision@20 : 0.0288
Wed 03 Jul 2024 13:49:09 INFO  Saving current: saved/ANS-Jul-03-2024_13-48-11.pth
Wed 03 Jul 2024 13:49:20 INFO  epoch 5 training [time: 11.07s, train loss: 109.5999]
Wed 03 Jul 2024 13:49:21 INFO  epoch 5 evaluating [time: 0.62s, valid_score: 0.130000]
Wed 03 Jul 2024 13:49:21 INFO  valid result: 
recall@20 : 0.13    mrr@20 : 0.1475    ndcg@20 : 0.0967    hit@20 : 0.4041    precision@20 : 0.032
Wed 03 Jul 2024 13:49:21 INFO  Saving current: saved/ANS-Jul-03-2024_13-48-11.pth
Wed 03 Jul 2024 13:49:31 INFO  epoch 6 training [time: 10.74s, train loss: 102.3079]
Wed 03 Jul 2024 13:49:32 INFO  epoch 6 evaluating [time: 0.61s, valid_score: 0.147300]
Wed 03 Jul 2024 13:49:32 INFO  valid result: 
recall@20 : 0.1473    mrr@20 : 0.1657    ndcg@20 : 0.1085    hit@20 : 0.4541    precision@20 : 0.0362
Wed 03 Jul 2024 13:49:32 INFO  Saving current: saved/ANS-Jul-03-2024_13-48-11.pth
Wed 03 Jul 2024 13:49:43 INFO  epoch 7 training [time: 10.71s, train loss: 96.5088]
Wed 03 Jul 2024 13:49:43 INFO  epoch 7 evaluating [time: 0.62s, valid_score: 0.155000]
Wed 03 Jul 2024 13:49:43 INFO  valid result: 
recall@20 : 0.155    mrr@20 : 0.1792    ndcg@20 : 0.1156    hit@20 : 0.4727    precision@20 : 0.0382
Wed 03 Jul 2024 13:49:43 INFO  Saving current: saved/ANS-Jul-03-2024_13-48-11.pth
Wed 03 Jul 2024 13:49:54 INFO  epoch 8 training [time: 10.66s, train loss: 92.1721]
Wed 03 Jul 2024 13:49:55 INFO  epoch 8 evaluating [time: 0.60s, valid_score: 0.162900]
Wed 03 Jul 2024 13:49:55 INFO  valid result: 
recall@20 : 0.1629    mrr@20 : 0.1817    ndcg@20 : 0.1194    hit@20 : 0.4912    precision@20 : 0.04
Wed 03 Jul 2024 13:49:55 INFO  Saving current: saved/ANS-Jul-03-2024_13-48-11.pth
Wed 03 Jul 2024 13:50:05 INFO  epoch 9 training [time: 10.44s, train loss: 88.7031]
Wed 03 Jul 2024 13:50:06 INFO  epoch 9 evaluating [time: 0.58s, valid_score: 0.167100]
Wed 03 Jul 2024 13:50:06 INFO  valid result: 
recall@20 : 0.1671    mrr@20 : 0.1814    ndcg@20 : 0.1211    hit@20 : 0.4965    precision@20 : 0.0411
Wed 03 Jul 2024 13:50:06 INFO  Saving current: saved/ANS-Jul-03-2024_13-48-11.pth
Wed 03 Jul 2024 13:50:16 INFO  epoch 10 training [time: 10.66s, train loss: 85.6907]
Wed 03 Jul 2024 13:50:17 INFO  epoch 10 evaluating [time: 0.65s, valid_score: 0.170700]
Wed 03 Jul 2024 13:50:17 INFO  valid result: 
recall@20 : 0.1707    mrr@20 : 0.1848    ndcg@20 : 0.1234    hit@20 : 0.5056    precision@20 : 0.042
Wed 03 Jul 2024 13:50:17 INFO  Saving current: saved/ANS-Jul-03-2024_13-48-11.pth
Wed 03 Jul 2024 13:50:28 INFO  epoch 11 training [time: 10.69s, train loss: 83.4651]
Wed 03 Jul 2024 13:50:28 INFO  epoch 11 evaluating [time: 0.60s, valid_score: 0.172200]
Wed 03 Jul 2024 13:50:28 INFO  valid result: 
recall@20 : 0.1722    mrr@20 : 0.1824    ndcg@20 : 0.1231    hit@20 : 0.5125    precision@20 : 0.0424
Wed 03 Jul 2024 13:50:28 INFO  Saving current: saved/ANS-Jul-03-2024_13-48-11.pth
Wed 03 Jul 2024 13:50:39 INFO  epoch 12 training [time: 10.61s, train loss: 81.5269]
Wed 03 Jul 2024 13:50:40 INFO  epoch 12 evaluating [time: 0.58s, valid_score: 0.172100]
Wed 03 Jul 2024 13:50:40 INFO  valid result: 
recall@20 : 0.1721    mrr@20 : 0.1847    ndcg@20 : 0.1234    hit@20 : 0.5146    precision@20 : 0.0423
Wed 03 Jul 2024 13:50:50 INFO  epoch 13 training [time: 10.74s, train loss: 79.7441]
Wed 03 Jul 2024 13:50:51 INFO  epoch 13 evaluating [time: 0.58s, valid_score: 0.171200]
Wed 03 Jul 2024 13:50:51 INFO  valid result: 
recall@20 : 0.1712    mrr@20 : 0.1799    ndcg@20 : 0.1214    hit@20 : 0.5194    precision@20 : 0.0422
Wed 03 Jul 2024 13:51:02 INFO  epoch 14 training [time: 10.79s, train loss: 77.9666]
Wed 03 Jul 2024 13:51:02 INFO  epoch 14 evaluating [time: 0.65s, valid_score: 0.173300]
Wed 03 Jul 2024 13:51:02 INFO  valid result: 
recall@20 : 0.1733    mrr@20 : 0.1802    ndcg@20 : 0.122    hit@20 : 0.5279    precision@20 : 0.0426
Wed 03 Jul 2024 13:51:02 INFO  Saving current: saved/ANS-Jul-03-2024_13-48-11.pth
Wed 03 Jul 2024 13:51:13 INFO  epoch 15 training [time: 11.01s, train loss: 76.2668]
Wed 03 Jul 2024 13:51:14 INFO  epoch 15 evaluating [time: 0.59s, valid_score: 0.174500]
Wed 03 Jul 2024 13:51:14 INFO  valid result: 
recall@20 : 0.1745    mrr@20 : 0.1822    ndcg@20 : 0.1231    hit@20 : 0.5295    precision@20 : 0.0429
Wed 03 Jul 2024 13:51:14 INFO  Saving current: saved/ANS-Jul-03-2024_13-48-11.pth
Wed 03 Jul 2024 13:51:25 INFO  epoch 16 training [time: 10.80s, train loss: 74.7583]
Wed 03 Jul 2024 13:51:25 INFO  epoch 16 evaluating [time: 0.60s, valid_score: 0.174600]
Wed 03 Jul 2024 13:51:25 INFO  valid result: 
recall@20 : 0.1746    mrr@20 : 0.185    ndcg@20 : 0.1237    hit@20 : 0.5343    precision@20 : 0.043
Wed 03 Jul 2024 13:51:26 INFO  Saving current: saved/ANS-Jul-03-2024_13-48-11.pth
Wed 03 Jul 2024 13:51:36 INFO  epoch 17 training [time: 10.83s, train loss: 73.8053]
Wed 03 Jul 2024 13:51:37 INFO  epoch 17 evaluating [time: 0.59s, valid_score: 0.174100]
Wed 03 Jul 2024 13:51:37 INFO  valid result: 
recall@20 : 0.1741    mrr@20 : 0.186    ndcg@20 : 0.1238    hit@20 : 0.53    precision@20 : 0.0428
Wed 03 Jul 2024 13:51:48 INFO  epoch 18 training [time: 11.14s, train loss: 72.3849]
Wed 03 Jul 2024 13:51:49 INFO  epoch 18 evaluating [time: 0.60s, valid_score: 0.174700]
Wed 03 Jul 2024 13:51:49 INFO  valid result: 
recall@20 : 0.1747    mrr@20 : 0.186    ndcg@20 : 0.1236    hit@20 : 0.5343    precision@20 : 0.043
Wed 03 Jul 2024 13:51:49 INFO  Saving current: saved/ANS-Jul-03-2024_13-48-11.pth
Wed 03 Jul 2024 13:52:00 INFO  epoch 19 training [time: 11.06s, train loss: 70.9592]
Wed 03 Jul 2024 13:52:00 INFO  epoch 19 evaluating [time: 0.59s, valid_score: 0.173700]
Wed 03 Jul 2024 13:52:00 INFO  valid result: 
recall@20 : 0.1737    mrr@20 : 0.1862    ndcg@20 : 0.1232    hit@20 : 0.5348    precision@20 : 0.0428
Wed 03 Jul 2024 13:52:11 INFO  epoch 20 training [time: 10.77s, train loss: 69.6142]
Wed 03 Jul 2024 13:52:12 INFO  epoch 20 evaluating [time: 0.62s, valid_score: 0.175300]
Wed 03 Jul 2024 13:52:12 INFO  valid result: 
recall@20 : 0.1753    mrr@20 : 0.1877    ndcg@20 : 0.1244    hit@20 : 0.5406    precision@20 : 0.0431
Wed 03 Jul 2024 13:52:12 INFO  Saving current: saved/ANS-Jul-03-2024_13-48-11.pth
Wed 03 Jul 2024 13:52:23 INFO  epoch 21 training [time: 11.04s, train loss: 68.6900]
Wed 03 Jul 2024 13:52:23 INFO  epoch 21 evaluating [time: 0.62s, valid_score: 0.172700]
Wed 03 Jul 2024 13:52:23 INFO  valid result: 
recall@20 : 0.1727    mrr@20 : 0.184    ndcg@20 : 0.1222    hit@20 : 0.538    precision@20 : 0.0425
Wed 03 Jul 2024 13:52:34 INFO  epoch 22 training [time: 10.78s, train loss: 67.4914]
Wed 03 Jul 2024 13:52:35 INFO  epoch 22 evaluating [time: 0.60s, valid_score: 0.172000]
Wed 03 Jul 2024 13:52:35 INFO  valid result: 
recall@20 : 0.172    mrr@20 : 0.1842    ndcg@20 : 0.1217    hit@20 : 0.5449    precision@20 : 0.0424
Wed 03 Jul 2024 13:52:46 INFO  epoch 23 training [time: 10.79s, train loss: 66.4095]
Wed 03 Jul 2024 13:52:46 INFO  epoch 23 evaluating [time: 0.58s, valid_score: 0.170900]
Wed 03 Jul 2024 13:52:46 INFO  valid result: 
recall@20 : 0.1709    mrr@20 : 0.1815    ndcg@20 : 0.1203    hit@20 : 0.547    precision@20 : 0.0422
Wed 03 Jul 2024 13:52:57 INFO  epoch 24 training [time: 10.72s, train loss: 65.2306]
Wed 03 Jul 2024 13:52:57 INFO  epoch 24 evaluating [time: 0.59s, valid_score: 0.168700]
Wed 03 Jul 2024 13:52:57 INFO  valid result: 
recall@20 : 0.1687    mrr@20 : 0.18    ndcg@20 : 0.1186    hit@20 : 0.5475    precision@20 : 0.0416
Wed 03 Jul 2024 13:53:08 INFO  epoch 25 training [time: 10.73s, train loss: 64.3642]
Wed 03 Jul 2024 13:53:09 INFO  epoch 25 evaluating [time: 0.58s, valid_score: 0.167500]
Wed 03 Jul 2024 13:53:09 INFO  valid result: 
recall@20 : 0.1675    mrr@20 : 0.1818    ndcg@20 : 0.1185    hit@20 : 0.547    precision@20 : 0.0412
Wed 03 Jul 2024 13:53:20 INFO  epoch 26 training [time: 11.16s, train loss: 63.4120]
Wed 03 Jul 2024 13:53:21 INFO  epoch 26 evaluating [time: 0.61s, valid_score: 0.168500]
Wed 03 Jul 2024 13:53:21 INFO  valid result: 
recall@20 : 0.1685    mrr@20 : 0.1842    ndcg@20 : 0.1193    hit@20 : 0.5512    precision@20 : 0.0414
Wed 03 Jul 2024 13:53:31 INFO  epoch 27 training [time: 10.72s, train loss: 62.9174]
Wed 03 Jul 2024 13:53:32 INFO  epoch 27 evaluating [time: 0.60s, valid_score: 0.169400]
Wed 03 Jul 2024 13:53:32 INFO  valid result: 
recall@20 : 0.1694    mrr@20 : 0.1837    ndcg@20 : 0.1195    hit@20 : 0.555    precision@20 : 0.0416
Wed 03 Jul 2024 13:53:43 INFO  epoch 28 training [time: 10.65s, train loss: 61.7441]
Wed 03 Jul 2024 13:53:43 INFO  epoch 28 evaluating [time: 0.60s, valid_score: 0.168200]
Wed 03 Jul 2024 13:53:43 INFO  valid result: 
recall@20 : 0.1682    mrr@20 : 0.1777    ndcg@20 : 0.1173    hit@20 : 0.5518    precision@20 : 0.0413
Wed 03 Jul 2024 13:53:54 INFO  epoch 29 training [time: 10.72s, train loss: 60.5571]
Wed 03 Jul 2024 13:53:54 INFO  epoch 29 evaluating [time: 0.60s, valid_score: 0.166600]
Wed 03 Jul 2024 13:53:54 INFO  valid result: 
recall@20 : 0.1666    mrr@20 : 0.1759    ndcg@20 : 0.1162    hit@20 : 0.5507    precision@20 : 0.0411
Wed 03 Jul 2024 13:54:05 INFO  epoch 30 training [time: 10.60s, train loss: 59.7563]
Wed 03 Jul 2024 13:54:06 INFO  epoch 30 evaluating [time: 0.61s, valid_score: 0.167100]
Wed 03 Jul 2024 13:54:06 INFO  valid result: 
recall@20 : 0.1671    mrr@20 : 0.1733    ndcg@20 : 0.1153    hit@20 : 0.5481    precision@20 : 0.0411
Wed 03 Jul 2024 13:54:16 INFO  epoch 31 training [time: 10.49s, train loss: 59.0225]
Wed 03 Jul 2024 13:54:17 INFO  epoch 31 evaluating [time: 0.61s, valid_score: 0.166600]
Wed 03 Jul 2024 13:54:17 INFO  valid result: 
recall@20 : 0.1666    mrr@20 : 0.1655    ndcg@20 : 0.1128    hit@20 : 0.5459    precision@20 : 0.0409
Wed 03 Jul 2024 13:54:27 INFO  epoch 32 training [time: 10.51s, train loss: 58.4816]
Wed 03 Jul 2024 13:54:28 INFO  epoch 32 evaluating [time: 0.60s, valid_score: 0.166400]
Wed 03 Jul 2024 13:54:28 INFO  valid result: 
recall@20 : 0.1664    mrr@20 : 0.1633    ndcg@20 : 0.1121    hit@20 : 0.5443    precision@20 : 0.041
Wed 03 Jul 2024 13:54:38 INFO  epoch 33 training [time: 10.43s, train loss: 57.4581]
Wed 03 Jul 2024 13:54:39 INFO  epoch 33 evaluating [time: 0.61s, valid_score: 0.164900]
Wed 03 Jul 2024 13:54:39 INFO  valid result: 
recall@20 : 0.1649    mrr@20 : 0.1615    ndcg@20 : 0.1108    hit@20 : 0.5417    precision@20 : 0.0406
Wed 03 Jul 2024 13:54:49 INFO  epoch 34 training [time: 10.47s, train loss: 56.7759]
Wed 03 Jul 2024 13:54:50 INFO  epoch 34 evaluating [time: 0.59s, valid_score: 0.163200]
Wed 03 Jul 2024 13:54:50 INFO  valid result: 
recall@20 : 0.1632    mrr@20 : 0.1578    ndcg@20 : 0.1092    hit@20 : 0.5369    precision@20 : 0.0402
Wed 03 Jul 2024 13:55:00 INFO  epoch 35 training [time: 10.43s, train loss: 55.9207]
Wed 03 Jul 2024 13:55:01 INFO  epoch 35 evaluating [time: 0.61s, valid_score: 0.162200]
Wed 03 Jul 2024 13:55:01 INFO  valid result: 
recall@20 : 0.1622    mrr@20 : 0.1575    ndcg@20 : 0.1086    hit@20 : 0.5369    precision@20 : 0.04
Wed 03 Jul 2024 13:55:11 INFO  epoch 36 training [time: 10.44s, train loss: 55.0449]
Wed 03 Jul 2024 13:55:12 INFO  epoch 36 evaluating [time: 0.60s, valid_score: 0.162800]
Wed 03 Jul 2024 13:55:12 INFO  valid result: 
recall@20 : 0.1628    mrr@20 : 0.1545    ndcg@20 : 0.1082    hit@20 : 0.5428    precision@20 : 0.0404
Wed 03 Jul 2024 13:55:23 INFO  epoch 37 training [time: 10.52s, train loss: 54.7666]
Wed 03 Jul 2024 13:55:23 INFO  epoch 37 evaluating [time: 0.60s, valid_score: 0.158100]
Wed 03 Jul 2024 13:55:23 INFO  valid result: 
recall@20 : 0.1581    mrr@20 : 0.1533    ndcg@20 : 0.1057    hit@20 : 0.5369    precision@20 : 0.0392
Wed 03 Jul 2024 13:55:34 INFO  epoch 38 training [time: 10.43s, train loss: 53.8707]
Wed 03 Jul 2024 13:55:34 INFO  epoch 38 evaluating [time: 0.59s, valid_score: 0.157000]
Wed 03 Jul 2024 13:55:34 INFO  valid result: 
recall@20 : 0.157    mrr@20 : 0.1496    ndcg@20 : 0.104    hit@20 : 0.5348    precision@20 : 0.0389
Wed 03 Jul 2024 13:55:45 INFO  epoch 39 training [time: 10.44s, train loss: 53.1160]
Wed 03 Jul 2024 13:55:45 INFO  epoch 39 evaluating [time: 0.61s, valid_score: 0.157200]
Wed 03 Jul 2024 13:55:45 INFO  valid result: 
recall@20 : 0.1572    mrr@20 : 0.1504    ndcg@20 : 0.1044    hit@20 : 0.5353    precision@20 : 0.039
Wed 03 Jul 2024 13:55:56 INFO  epoch 40 training [time: 10.50s, train loss: 52.4294]
Wed 03 Jul 2024 13:55:56 INFO  epoch 40 evaluating [time: 0.59s, valid_score: 0.156500]
Wed 03 Jul 2024 13:55:56 INFO  valid result: 
recall@20 : 0.1565    mrr@20 : 0.1484    ndcg@20 : 0.1036    hit@20 : 0.5311    precision@20 : 0.0388
Wed 03 Jul 2024 13:56:07 INFO  epoch 41 training [time: 10.42s, train loss: 52.0425]
Wed 03 Jul 2024 13:56:07 INFO  epoch 41 evaluating [time: 0.58s, valid_score: 0.155900]
Wed 03 Jul 2024 13:56:07 INFO  valid result: 
recall@20 : 0.1559    mrr@20 : 0.1474    ndcg@20 : 0.103    hit@20 : 0.5332    precision@20 : 0.0387
Wed 03 Jul 2024 13:56:18 INFO  epoch 42 training [time: 10.64s, train loss: 51.8135]
Wed 03 Jul 2024 13:56:19 INFO  epoch 42 evaluating [time: 0.64s, valid_score: 0.153800]
Wed 03 Jul 2024 13:56:19 INFO  valid result: 
recall@20 : 0.1538    mrr@20 : 0.1446    ndcg@20 : 0.1013    hit@20 : 0.5268    precision@20 : 0.0381
Wed 03 Jul 2024 13:56:29 INFO  epoch 43 training [time: 10.55s, train loss: 50.6458]
Wed 03 Jul 2024 13:56:30 INFO  epoch 43 evaluating [time: 0.60s, valid_score: 0.150100]
Wed 03 Jul 2024 13:56:30 INFO  valid result: 
recall@20 : 0.1501    mrr@20 : 0.1436    ndcg@20 : 0.0998    hit@20 : 0.5194    precision@20 : 0.0373
Wed 03 Jul 2024 13:56:40 INFO  epoch 44 training [time: 10.56s, train loss: 50.1137]
Wed 03 Jul 2024 13:56:41 INFO  epoch 44 evaluating [time: 0.58s, valid_score: 0.148800]
Wed 03 Jul 2024 13:56:41 INFO  valid result: 
recall@20 : 0.1488    mrr@20 : 0.1431    ndcg@20 : 0.0989    hit@20 : 0.5194    precision@20 : 0.0369
Wed 03 Jul 2024 13:56:52 INFO  epoch 45 training [time: 10.68s, train loss: 49.2047]
Wed 03 Jul 2024 13:56:52 INFO  epoch 45 evaluating [time: 0.58s, valid_score: 0.146600]
Wed 03 Jul 2024 13:56:52 INFO  valid result: 
recall@20 : 0.1466    mrr@20 : 0.1405    ndcg@20 : 0.0972    hit@20 : 0.5109    precision@20 : 0.0362
Wed 03 Jul 2024 13:57:03 INFO  epoch 46 training [time: 10.57s, train loss: 49.1086]
Wed 03 Jul 2024 13:57:03 INFO  epoch 46 evaluating [time: 0.60s, valid_score: 0.145500]
Wed 03 Jul 2024 13:57:03 INFO  valid result: 
recall@20 : 0.1455    mrr@20 : 0.141    ndcg@20 : 0.0969    hit@20 : 0.5109    precision@20 : 0.036
Wed 03 Jul 2024 13:57:14 INFO  epoch 47 training [time: 10.44s, train loss: 48.1915]
Wed 03 Jul 2024 13:57:14 INFO  epoch 47 evaluating [time: 0.59s, valid_score: 0.145400]
Wed 03 Jul 2024 13:57:14 INFO  valid result: 
recall@20 : 0.1454    mrr@20 : 0.1392    ndcg@20 : 0.0966    hit@20 : 0.5077    precision@20 : 0.036
Wed 03 Jul 2024 13:57:25 INFO  epoch 48 training [time: 10.86s, train loss: 47.6427]
Wed 03 Jul 2024 13:57:26 INFO  epoch 48 evaluating [time: 0.59s, valid_score: 0.142900]
Wed 03 Jul 2024 13:57:26 INFO  valid result: 
recall@20 : 0.1429    mrr@20 : 0.1394    ndcg@20 : 0.0956    hit@20 : 0.4997    precision@20 : 0.0353
Wed 03 Jul 2024 13:57:36 INFO  epoch 49 training [time: 10.39s, train loss: 47.5418]
Wed 03 Jul 2024 13:57:37 INFO  epoch 49 evaluating [time: 0.61s, valid_score: 0.141600]
Wed 03 Jul 2024 13:57:37 INFO  valid result: 
recall@20 : 0.1416    mrr@20 : 0.1381    ndcg@20 : 0.0948    hit@20 : 0.4939    precision@20 : 0.035
Wed 03 Jul 2024 13:57:47 INFO  epoch 50 training [time: 10.53s, train loss: 46.8527]
Wed 03 Jul 2024 13:57:48 INFO  epoch 50 evaluating [time: 0.60s, valid_score: 0.142900]
Wed 03 Jul 2024 13:57:48 INFO  valid result: 
recall@20 : 0.1429    mrr@20 : 0.1381    ndcg@20 : 0.0951    hit@20 : 0.5019    precision@20 : 0.0353
Wed 03 Jul 2024 13:57:59 INFO  epoch 51 training [time: 10.62s, train loss: 46.2555]
Wed 03 Jul 2024 13:57:59 INFO  epoch 51 evaluating [time: 0.59s, valid_score: 0.142500]
Wed 03 Jul 2024 13:57:59 INFO  valid result: 
recall@20 : 0.1425    mrr@20 : 0.1379    ndcg@20 : 0.095    hit@20 : 0.5003    precision@20 : 0.0352
Wed 03 Jul 2024 13:58:10 INFO  epoch 52 training [time: 10.65s, train loss: 45.5708]
Wed 03 Jul 2024 13:58:10 INFO  epoch 52 evaluating [time: 0.59s, valid_score: 0.142700]
Wed 03 Jul 2024 13:58:10 INFO  valid result: 
recall@20 : 0.1427    mrr@20 : 0.1376    ndcg@20 : 0.0949    hit@20 : 0.4971    precision@20 : 0.0351
Wed 03 Jul 2024 13:58:21 INFO  epoch 53 training [time: 10.70s, train loss: 45.2633]
Wed 03 Jul 2024 13:58:22 INFO  epoch 53 evaluating [time: 0.60s, valid_score: 0.141000]
Wed 03 Jul 2024 13:58:22 INFO  valid result: 
recall@20 : 0.141    mrr@20 : 0.1397    ndcg@20 : 0.0949    hit@20 : 0.4976    precision@20 : 0.0348
Wed 03 Jul 2024 13:58:32 INFO  epoch 54 training [time: 10.57s, train loss: 44.6180]
Wed 03 Jul 2024 13:58:33 INFO  epoch 54 evaluating [time: 0.60s, valid_score: 0.142000]
Wed 03 Jul 2024 13:58:33 INFO  valid result: 
recall@20 : 0.142    mrr@20 : 0.141    ndcg@20 : 0.0957    hit@20 : 0.5008    precision@20 : 0.0351
Wed 03 Jul 2024 13:58:43 INFO  epoch 55 training [time: 10.55s, train loss: 44.7309]
Wed 03 Jul 2024 13:58:44 INFO  epoch 55 evaluating [time: 0.60s, valid_score: 0.140300]
Wed 03 Jul 2024 13:58:44 INFO  valid result: 
recall@20 : 0.1403    mrr@20 : 0.141    ndcg@20 : 0.095    hit@20 : 0.496    precision@20 : 0.0347
Wed 03 Jul 2024 13:58:55 INFO  epoch 56 training [time: 10.48s, train loss: 43.7269]
Wed 03 Jul 2024 13:58:55 INFO  epoch 56 evaluating [time: 0.62s, valid_score: 0.140500]
Wed 03 Jul 2024 13:58:55 INFO  valid result: 
recall@20 : 0.1405    mrr@20 : 0.1404    ndcg@20 : 0.095    hit@20 : 0.4965    precision@20 : 0.0348
Wed 03 Jul 2024 13:59:06 INFO  epoch 57 training [time: 10.43s, train loss: 43.0627]
Wed 03 Jul 2024 13:59:06 INFO  epoch 57 evaluating [time: 0.61s, valid_score: 0.139100]
Wed 03 Jul 2024 13:59:06 INFO  valid result: 
recall@20 : 0.1391    mrr@20 : 0.1413    ndcg@20 : 0.0947    hit@20 : 0.496    precision@20 : 0.0344
Wed 03 Jul 2024 13:59:17 INFO  epoch 58 training [time: 10.63s, train loss: 42.2583]
Wed 03 Jul 2024 13:59:17 INFO  epoch 58 evaluating [time: 0.65s, valid_score: 0.139500]
Wed 03 Jul 2024 13:59:17 INFO  valid result: 
recall@20 : 0.1395    mrr@20 : 0.1408    ndcg@20 : 0.0946    hit@20 : 0.496    precision@20 : 0.0345
Wed 03 Jul 2024 13:59:28 INFO  epoch 59 training [time: 10.70s, train loss: 42.6911]
Wed 03 Jul 2024 13:59:29 INFO  epoch 59 evaluating [time: 0.60s, valid_score: 0.140400]
Wed 03 Jul 2024 13:59:29 INFO  valid result: 
recall@20 : 0.1404    mrr@20 : 0.1428    ndcg@20 : 0.0954    hit@20 : 0.4987    precision@20 : 0.0347
Wed 03 Jul 2024 13:59:39 INFO  epoch 60 training [time: 10.50s, train loss: 41.9835]
Wed 03 Jul 2024 13:59:40 INFO  epoch 60 evaluating [time: 0.62s, valid_score: 0.140700]
Wed 03 Jul 2024 13:59:40 INFO  valid result: 
recall@20 : 0.1407    mrr@20 : 0.1427    ndcg@20 : 0.0954    hit@20 : 0.5003    precision@20 : 0.0347
Wed 03 Jul 2024 13:59:50 INFO  epoch 61 training [time: 10.60s, train loss: 41.5403]
Wed 03 Jul 2024 13:59:51 INFO  epoch 61 evaluating [time: 0.60s, valid_score: 0.138900]
Wed 03 Jul 2024 13:59:51 INFO  valid result: 
recall@20 : 0.1389    mrr@20 : 0.1427    ndcg@20 : 0.0945    hit@20 : 0.4955    precision@20 : 0.0342
Wed 03 Jul 2024 14:00:02 INFO  epoch 62 training [time: 10.60s, train loss: 41.3488]
Wed 03 Jul 2024 14:00:02 INFO  epoch 62 evaluating [time: 0.60s, valid_score: 0.139900]
Wed 03 Jul 2024 14:00:02 INFO  valid result: 
recall@20 : 0.1399    mrr@20 : 0.1447    ndcg@20 : 0.0955    hit@20 : 0.4987    precision@20 : 0.0344
Wed 03 Jul 2024 14:00:13 INFO  epoch 63 training [time: 10.50s, train loss: 40.2648]
Wed 03 Jul 2024 14:00:13 INFO  epoch 63 evaluating [time: 0.59s, valid_score: 0.139800]
Wed 03 Jul 2024 14:00:13 INFO  valid result: 
recall@20 : 0.1398    mrr@20 : 0.1439    ndcg@20 : 0.0952    hit@20 : 0.5003    precision@20 : 0.0344
Wed 03 Jul 2024 14:00:24 INFO  epoch 64 training [time: 10.87s, train loss: 40.5695]
Wed 03 Jul 2024 14:00:25 INFO  epoch 64 evaluating [time: 0.59s, valid_score: 0.139600]
Wed 03 Jul 2024 14:00:25 INFO  valid result: 
recall@20 : 0.1396    mrr@20 : 0.1443    ndcg@20 : 0.0951    hit@20 : 0.5008    precision@20 : 0.0344
Wed 03 Jul 2024 14:00:36 INFO  epoch 65 training [time: 10.92s, train loss: 39.8814]
Wed 03 Jul 2024 14:00:36 INFO  epoch 65 evaluating [time: 0.57s, valid_score: 0.139100]
Wed 03 Jul 2024 14:00:36 INFO  valid result: 
recall@20 : 0.1391    mrr@20 : 0.1439    ndcg@20 : 0.095    hit@20 : 0.4955    precision@20 : 0.0343
Wed 03 Jul 2024 14:00:47 INFO  epoch 66 training [time: 10.51s, train loss: 39.6563]
Wed 03 Jul 2024 14:00:47 INFO  epoch 66 evaluating [time: 0.60s, valid_score: 0.138100]
Wed 03 Jul 2024 14:00:47 INFO  valid result: 
recall@20 : 0.1381    mrr@20 : 0.1447    ndcg@20 : 0.0949    hit@20 : 0.4944    precision@20 : 0.034
Wed 03 Jul 2024 14:00:58 INFO  epoch 67 training [time: 10.42s, train loss: 39.0959]
Wed 03 Jul 2024 14:00:58 INFO  epoch 67 evaluating [time: 0.60s, valid_score: 0.139200]
Wed 03 Jul 2024 14:00:58 INFO  valid result: 
recall@20 : 0.1392    mrr@20 : 0.1459    ndcg@20 : 0.0956    hit@20 : 0.4971    precision@20 : 0.0343
Wed 03 Jul 2024 14:01:09 INFO  epoch 68 training [time: 10.54s, train loss: 39.1239]
Wed 03 Jul 2024 14:01:10 INFO  epoch 68 evaluating [time: 0.58s, valid_score: 0.140400]
Wed 03 Jul 2024 14:01:10 INFO  valid result: 
recall@20 : 0.1404    mrr@20 : 0.1465    ndcg@20 : 0.0962    hit@20 : 0.4992    precision@20 : 0.0346
Wed 03 Jul 2024 14:01:20 INFO  epoch 69 training [time: 10.53s, train loss: 38.3006]
Wed 03 Jul 2024 14:01:21 INFO  epoch 69 evaluating [time: 0.60s, valid_score: 0.139000]
Wed 03 Jul 2024 14:01:21 INFO  valid result: 
recall@20 : 0.139    mrr@20 : 0.1455    ndcg@20 : 0.0955    hit@20 : 0.4939    precision@20 : 0.0343
Wed 03 Jul 2024 14:01:31 INFO  epoch 70 training [time: 10.48s, train loss: 37.8737]
Wed 03 Jul 2024 14:01:32 INFO  epoch 70 evaluating [time: 0.59s, valid_score: 0.137800]
Wed 03 Jul 2024 14:01:32 INFO  valid result: 
recall@20 : 0.1378    mrr@20 : 0.1466    ndcg@20 : 0.0955    hit@20 : 0.4886    precision@20 : 0.034
Wed 03 Jul 2024 14:01:42 INFO  epoch 71 training [time: 10.30s, train loss: 37.9793]
Wed 03 Jul 2024 14:01:43 INFO  epoch 71 evaluating [time: 0.59s, valid_score: 0.139300]
Wed 03 Jul 2024 14:01:43 INFO  valid result: 
recall@20 : 0.1393    mrr@20 : 0.1479    ndcg@20 : 0.0964    hit@20 : 0.495    precision@20 : 0.0344
Wed 03 Jul 2024 14:01:53 INFO  epoch 72 training [time: 10.36s, train loss: 37.3370]
Wed 03 Jul 2024 14:01:54 INFO  epoch 72 evaluating [time: 0.58s, valid_score: 0.138800]
Wed 03 Jul 2024 14:01:54 INFO  valid result: 
recall@20 : 0.1388    mrr@20 : 0.1484    ndcg@20 : 0.0963    hit@20 : 0.4907    precision@20 : 0.0343
Wed 03 Jul 2024 14:02:04 INFO  epoch 73 training [time: 10.57s, train loss: 37.0500]
Wed 03 Jul 2024 14:02:05 INFO  epoch 73 evaluating [time: 0.58s, valid_score: 0.139900]
Wed 03 Jul 2024 14:02:05 INFO  valid result: 
recall@20 : 0.1399    mrr@20 : 0.1486    ndcg@20 : 0.0967    hit@20 : 0.4923    precision@20 : 0.0345
Wed 03 Jul 2024 14:02:15 INFO  epoch 74 training [time: 10.46s, train loss: 36.2616]
Wed 03 Jul 2024 14:02:16 INFO  epoch 74 evaluating [time: 0.61s, valid_score: 0.140100]
Wed 03 Jul 2024 14:02:16 INFO  valid result: 
recall@20 : 0.1401    mrr@20 : 0.1488    ndcg@20 : 0.0969    hit@20 : 0.4965    precision@20 : 0.0345
Wed 03 Jul 2024 14:02:26 INFO  epoch 75 training [time: 10.48s, train loss: 36.4332]
Wed 03 Jul 2024 14:02:27 INFO  epoch 75 evaluating [time: 0.58s, valid_score: 0.138900]
Wed 03 Jul 2024 14:02:27 INFO  valid result: 
recall@20 : 0.1389    mrr@20 : 0.1493    ndcg@20 : 0.0965    hit@20 : 0.4955    precision@20 : 0.0343
Wed 03 Jul 2024 14:02:38 INFO  epoch 76 training [time: 10.58s, train loss: 36.0283]
Wed 03 Jul 2024 14:02:38 INFO  epoch 76 evaluating [time: 0.60s, valid_score: 0.138200]
Wed 03 Jul 2024 14:02:38 INFO  valid result: 
recall@20 : 0.1382    mrr@20 : 0.1475    ndcg@20 : 0.0957    hit@20 : 0.4944    precision@20 : 0.0341
Wed 03 Jul 2024 14:02:48 INFO  epoch 77 training [time: 10.37s, train loss: 35.6293]
Wed 03 Jul 2024 14:02:49 INFO  epoch 77 evaluating [time: 0.59s, valid_score: 0.139200]
Wed 03 Jul 2024 14:02:49 INFO  valid result: 
recall@20 : 0.1392    mrr@20 : 0.1467    ndcg@20 : 0.0958    hit@20 : 0.4992    precision@20 : 0.0343
Wed 03 Jul 2024 14:03:00 INFO  epoch 78 training [time: 10.52s, train loss: 34.8074]
Wed 03 Jul 2024 14:03:00 INFO  epoch 78 evaluating [time: 0.58s, valid_score: 0.138800]
Wed 03 Jul 2024 14:03:00 INFO  valid result: 
recall@20 : 0.1388    mrr@20 : 0.1452    ndcg@20 : 0.0953    hit@20 : 0.4955    precision@20 : 0.0342
Wed 03 Jul 2024 14:03:11 INFO  epoch 79 training [time: 10.38s, train loss: 34.6979]
Wed 03 Jul 2024 14:03:11 INFO  epoch 79 evaluating [time: 0.58s, valid_score: 0.139100]
Wed 03 Jul 2024 14:03:11 INFO  valid result: 
recall@20 : 0.1391    mrr@20 : 0.144    ndcg@20 : 0.095    hit@20 : 0.4976    precision@20 : 0.0343
Wed 03 Jul 2024 14:03:22 INFO  epoch 80 training [time: 10.52s, train loss: 34.5008]
Wed 03 Jul 2024 14:03:22 INFO  epoch 80 evaluating [time: 0.59s, valid_score: 0.138400]
Wed 03 Jul 2024 14:03:22 INFO  valid result: 
recall@20 : 0.1384    mrr@20 : 0.1442    ndcg@20 : 0.0949    hit@20 : 0.4934    precision@20 : 0.0341
Wed 03 Jul 2024 14:03:33 INFO  epoch 81 training [time: 10.36s, train loss: 34.4663]
Wed 03 Jul 2024 14:03:33 INFO  epoch 81 evaluating [time: 0.58s, valid_score: 0.138800]
Wed 03 Jul 2024 14:03:33 INFO  valid result: 
recall@20 : 0.1388    mrr@20 : 0.1424    ndcg@20 : 0.0945    hit@20 : 0.4955    precision@20 : 0.0342
Wed 03 Jul 2024 14:03:44 INFO  epoch 82 training [time: 10.48s, train loss: 34.1158]
Wed 03 Jul 2024 14:03:44 INFO  epoch 82 evaluating [time: 0.60s, valid_score: 0.137500]
Wed 03 Jul 2024 14:03:44 INFO  valid result: 
recall@20 : 0.1375    mrr@20 : 0.1421    ndcg@20 : 0.0937    hit@20 : 0.4923    precision@20 : 0.034
Wed 03 Jul 2024 14:03:55 INFO  epoch 83 training [time: 10.50s, train loss: 33.5943]
Wed 03 Jul 2024 14:03:55 INFO  epoch 83 evaluating [time: 0.58s, valid_score: 0.137300]
Wed 03 Jul 2024 14:03:55 INFO  valid result: 
recall@20 : 0.1373    mrr@20 : 0.1442    ndcg@20 : 0.0944    hit@20 : 0.4923    precision@20 : 0.034
Wed 03 Jul 2024 14:04:06 INFO  epoch 84 training [time: 10.54s, train loss: 33.0954]
Wed 03 Jul 2024 14:04:06 INFO  epoch 84 evaluating [time: 0.59s, valid_score: 0.138700]
Wed 03 Jul 2024 14:04:06 INFO  valid result: 
recall@20 : 0.1387    mrr@20 : 0.1426    ndcg@20 : 0.0943    hit@20 : 0.4971    precision@20 : 0.0342
Wed 03 Jul 2024 14:04:17 INFO  epoch 85 training [time: 10.48s, train loss: 32.9035]
Wed 03 Jul 2024 14:04:18 INFO  epoch 85 evaluating [time: 0.61s, valid_score: 0.137900]
Wed 03 Jul 2024 14:04:18 INFO  valid result: 
recall@20 : 0.1379    mrr@20 : 0.1425    ndcg@20 : 0.094    hit@20 : 0.4965    precision@20 : 0.034
Wed 03 Jul 2024 14:04:28 INFO  epoch 86 training [time: 10.56s, train loss: 32.5436]
Wed 03 Jul 2024 14:04:29 INFO  epoch 86 evaluating [time: 0.59s, valid_score: 0.137400]
Wed 03 Jul 2024 14:04:29 INFO  valid result: 
recall@20 : 0.1374    mrr@20 : 0.1416    ndcg@20 : 0.0937    hit@20 : 0.4965    precision@20 : 0.034
Wed 03 Jul 2024 14:04:39 INFO  epoch 87 training [time: 10.57s, train loss: 32.6808]
Wed 03 Jul 2024 14:04:40 INFO  epoch 87 evaluating [time: 0.59s, valid_score: 0.137400]
Wed 03 Jul 2024 14:04:40 INFO  valid result: 
recall@20 : 0.1374    mrr@20 : 0.1415    ndcg@20 : 0.0936    hit@20 : 0.4928    precision@20 : 0.0339
Wed 03 Jul 2024 14:04:50 INFO  epoch 88 training [time: 10.58s, train loss: 31.9162]
Wed 03 Jul 2024 14:04:51 INFO  epoch 88 evaluating [time: 0.59s, valid_score: 0.138400]
Wed 03 Jul 2024 14:04:51 INFO  valid result: 
recall@20 : 0.1384    mrr@20 : 0.1409    ndcg@20 : 0.0936    hit@20 : 0.4971    precision@20 : 0.0341
Wed 03 Jul 2024 14:05:02 INFO  epoch 89 training [time: 10.51s, train loss: 31.8338]
Wed 03 Jul 2024 14:05:02 INFO  epoch 89 evaluating [time: 0.60s, valid_score: 0.138200]
Wed 03 Jul 2024 14:05:02 INFO  valid result: 
recall@20 : 0.1382    mrr@20 : 0.1415    ndcg@20 : 0.0937    hit@20 : 0.4976    precision@20 : 0.0341
Wed 03 Jul 2024 14:05:12 INFO  epoch 90 training [time: 10.31s, train loss: 31.3943]
Wed 03 Jul 2024 14:05:13 INFO  epoch 90 evaluating [time: 0.61s, valid_score: 0.138100]
Wed 03 Jul 2024 14:05:13 INFO  valid result: 
recall@20 : 0.1381    mrr@20 : 0.1413    ndcg@20 : 0.0937    hit@20 : 0.4939    precision@20 : 0.0341
Wed 03 Jul 2024 14:05:24 INFO  epoch 91 training [time: 10.90s, train loss: 31.0846]
Wed 03 Jul 2024 14:05:25 INFO  epoch 91 evaluating [time: 0.59s, valid_score: 0.137100]
Wed 03 Jul 2024 14:05:25 INFO  valid result: 
recall@20 : 0.1371    mrr@20 : 0.1409    ndcg@20 : 0.0933    hit@20 : 0.4934    precision@20 : 0.0338
Wed 03 Jul 2024 14:05:35 INFO  epoch 92 training [time: 10.52s, train loss: 31.2176]
Wed 03 Jul 2024 14:05:36 INFO  epoch 92 evaluating [time: 0.58s, valid_score: 0.137300]
Wed 03 Jul 2024 14:05:36 INFO  valid result: 
recall@20 : 0.1373    mrr@20 : 0.1421    ndcg@20 : 0.0937    hit@20 : 0.4918    precision@20 : 0.0339
Wed 03 Jul 2024 14:05:46 INFO  epoch 93 training [time: 10.62s, train loss: 30.9455]
Wed 03 Jul 2024 14:05:47 INFO  epoch 93 evaluating [time: 0.60s, valid_score: 0.137200]
Wed 03 Jul 2024 14:05:47 INFO  valid result: 
recall@20 : 0.1372    mrr@20 : 0.1403    ndcg@20 : 0.093    hit@20 : 0.4923    precision@20 : 0.0337
Wed 03 Jul 2024 14:05:57 INFO  epoch 94 training [time: 10.59s, train loss: 30.5702]
Wed 03 Jul 2024 14:05:58 INFO  epoch 94 evaluating [time: 0.61s, valid_score: 0.136700]
Wed 03 Jul 2024 14:05:58 INFO  valid result: 
recall@20 : 0.1367    mrr@20 : 0.1417    ndcg@20 : 0.0931    hit@20 : 0.4912    precision@20 : 0.0336
Wed 03 Jul 2024 14:06:08 INFO  epoch 95 training [time: 10.31s, train loss: 30.1510]
Wed 03 Jul 2024 14:06:09 INFO  epoch 95 evaluating [time: 0.60s, valid_score: 0.136800]
Wed 03 Jul 2024 14:06:09 INFO  valid result: 
recall@20 : 0.1368    mrr@20 : 0.1439    ndcg@20 : 0.0935    hit@20 : 0.495    precision@20 : 0.0336
Wed 03 Jul 2024 14:06:20 INFO  epoch 96 training [time: 10.63s, train loss: 29.9608]
Wed 03 Jul 2024 14:06:20 INFO  epoch 96 evaluating [time: 0.61s, valid_score: 0.135700]
Wed 03 Jul 2024 14:06:20 INFO  valid result: 
recall@20 : 0.1357    mrr@20 : 0.1425    ndcg@20 : 0.0928    hit@20 : 0.4907    precision@20 : 0.0334
Wed 03 Jul 2024 14:06:31 INFO  epoch 97 training [time: 10.37s, train loss: 29.8078]
Wed 03 Jul 2024 14:06:31 INFO  epoch 97 evaluating [time: 0.60s, valid_score: 0.135800]
Wed 03 Jul 2024 14:06:31 INFO  valid result: 
recall@20 : 0.1358    mrr@20 : 0.1423    ndcg@20 : 0.0928    hit@20 : 0.4923    precision@20 : 0.0334
Wed 03 Jul 2024 14:06:42 INFO  epoch 98 training [time: 10.52s, train loss: 29.4025]
Wed 03 Jul 2024 14:06:42 INFO  epoch 98 evaluating [time: 0.59s, valid_score: 0.137500]
Wed 03 Jul 2024 14:06:42 INFO  valid result: 
recall@20 : 0.1375    mrr@20 : 0.1422    ndcg@20 : 0.0934    hit@20 : 0.4934    precision@20 : 0.0338
Wed 03 Jul 2024 14:06:53 INFO  epoch 99 training [time: 10.44s, train loss: 28.7134]
Wed 03 Jul 2024 14:06:53 INFO  epoch 99 evaluating [time: 0.60s, valid_score: 0.136200]
Wed 03 Jul 2024 14:06:53 INFO  valid result: 
recall@20 : 0.1362    mrr@20 : 0.1408    ndcg@20 : 0.0926    hit@20 : 0.4886    precision@20 : 0.0335
Wed 03 Jul 2024 14:07:04 INFO  epoch 100 training [time: 10.56s, train loss: 29.0401]
Wed 03 Jul 2024 14:07:04 INFO  epoch 100 evaluating [time: 0.59s, valid_score: 0.134800]
Wed 03 Jul 2024 14:07:04 INFO  valid result: 
recall@20 : 0.1348    mrr@20 : 0.1395    ndcg@20 : 0.0919    hit@20 : 0.4849    precision@20 : 0.0333
Wed 03 Jul 2024 14:07:15 INFO  epoch 101 training [time: 10.50s, train loss: 28.7899]
Wed 03 Jul 2024 14:07:16 INFO  epoch 101 evaluating [time: 0.61s, valid_score: 0.133800]
Wed 03 Jul 2024 14:07:16 INFO  valid result: 
recall@20 : 0.1338    mrr@20 : 0.1402    ndcg@20 : 0.0916    hit@20 : 0.4843    precision@20 : 0.033
Wed 03 Jul 2024 14:07:26 INFO  epoch 102 training [time: 10.80s, train loss: 28.5359]
Wed 03 Jul 2024 14:07:27 INFO  epoch 102 evaluating [time: 0.60s, valid_score: 0.134400]
Wed 03 Jul 2024 14:07:27 INFO  valid result: 
recall@20 : 0.1344    mrr@20 : 0.141    ndcg@20 : 0.092    hit@20 : 0.4843    precision@20 : 0.0332
Wed 03 Jul 2024 14:07:38 INFO  epoch 103 training [time: 10.60s, train loss: 28.3155]
Wed 03 Jul 2024 14:07:38 INFO  epoch 103 evaluating [time: 0.59s, valid_score: 0.133700]
Wed 03 Jul 2024 14:07:38 INFO  valid result: 
recall@20 : 0.1337    mrr@20 : 0.1405    ndcg@20 : 0.0917    hit@20 : 0.4817    precision@20 : 0.0331
Wed 03 Jul 2024 14:07:49 INFO  epoch 104 training [time: 10.48s, train loss: 28.1425]
Wed 03 Jul 2024 14:07:49 INFO  epoch 104 evaluating [time: 0.61s, valid_score: 0.133400]
Wed 03 Jul 2024 14:07:49 INFO  valid result: 
recall@20 : 0.1334    mrr@20 : 0.1393    ndcg@20 : 0.0912    hit@20 : 0.4822    precision@20 : 0.033
Wed 03 Jul 2024 14:08:00 INFO  epoch 105 training [time: 10.41s, train loss: 27.6980]
Wed 03 Jul 2024 14:08:00 INFO  epoch 105 evaluating [time: 0.60s, valid_score: 0.132800]
Wed 03 Jul 2024 14:08:00 INFO  valid result: 
recall@20 : 0.1328    mrr@20 : 0.1395    ndcg@20 : 0.0911    hit@20 : 0.4796    precision@20 : 0.0329
Wed 03 Jul 2024 14:08:11 INFO  epoch 106 training [time: 10.44s, train loss: 27.7543]
Wed 03 Jul 2024 14:08:11 INFO  epoch 106 evaluating [time: 0.59s, valid_score: 0.132600]
Wed 03 Jul 2024 14:08:11 INFO  valid result: 
recall@20 : 0.1326    mrr@20 : 0.1377    ndcg@20 : 0.0906    hit@20 : 0.4774    precision@20 : 0.0329
Wed 03 Jul 2024 14:08:22 INFO  epoch 107 training [time: 10.61s, train loss: 27.5461]
Wed 03 Jul 2024 14:08:23 INFO  epoch 107 evaluating [time: 0.61s, valid_score: 0.132900]
Wed 03 Jul 2024 14:08:23 INFO  valid result: 
recall@20 : 0.1329    mrr@20 : 0.1407    ndcg@20 : 0.0914    hit@20 : 0.4806    precision@20 : 0.033
Wed 03 Jul 2024 14:08:33 INFO  epoch 108 training [time: 10.57s, train loss: 27.2656]
Wed 03 Jul 2024 14:08:34 INFO  epoch 108 evaluating [time: 0.59s, valid_score: 0.133600]
Wed 03 Jul 2024 14:08:34 INFO  valid result: 
recall@20 : 0.1336    mrr@20 : 0.1408    ndcg@20 : 0.0916    hit@20 : 0.4827    precision@20 : 0.0332
Wed 03 Jul 2024 14:08:44 INFO  epoch 109 training [time: 10.54s, train loss: 27.1211]
Wed 03 Jul 2024 14:08:45 INFO  epoch 109 evaluating [time: 0.59s, valid_score: 0.133900]
Wed 03 Jul 2024 14:08:45 INFO  valid result: 
recall@20 : 0.1339    mrr@20 : 0.1407    ndcg@20 : 0.0916    hit@20 : 0.4843    precision@20 : 0.0332
Wed 03 Jul 2024 14:08:55 INFO  epoch 110 training [time: 10.51s, train loss: 26.8216]
Wed 03 Jul 2024 14:08:56 INFO  epoch 110 evaluating [time: 0.60s, valid_score: 0.133100]
Wed 03 Jul 2024 14:08:56 INFO  valid result: 
recall@20 : 0.1331    mrr@20 : 0.1407    ndcg@20 : 0.0914    hit@20 : 0.4833    precision@20 : 0.0331
Wed 03 Jul 2024 14:09:07 INFO  epoch 111 training [time: 10.65s, train loss: 27.0629]
Wed 03 Jul 2024 14:09:07 INFO  epoch 111 evaluating [time: 0.59s, valid_score: 0.132800]
Wed 03 Jul 2024 14:09:07 INFO  valid result: 
recall@20 : 0.1328    mrr@20 : 0.1401    ndcg@20 : 0.0911    hit@20 : 0.4796    precision@20 : 0.033
Wed 03 Jul 2024 14:09:18 INFO  epoch 112 training [time: 10.78s, train loss: 26.2055]
Wed 03 Jul 2024 14:09:19 INFO  epoch 112 evaluating [time: 0.68s, valid_score: 0.131400]
Wed 03 Jul 2024 14:09:19 INFO  valid result: 
recall@20 : 0.1314    mrr@20 : 0.1391    ndcg@20 : 0.0903    hit@20 : 0.4742    precision@20 : 0.0327
Wed 03 Jul 2024 14:09:29 INFO  epoch 113 training [time: 10.74s, train loss: 25.6655]
Wed 03 Jul 2024 14:09:30 INFO  epoch 113 evaluating [time: 0.58s, valid_score: 0.131400]
Wed 03 Jul 2024 14:09:30 INFO  valid result: 
recall@20 : 0.1314    mrr@20 : 0.1382    ndcg@20 : 0.0901    hit@20 : 0.4721    precision@20 : 0.0327
Wed 03 Jul 2024 14:09:41 INFO  epoch 114 training [time: 10.70s, train loss: 26.2944]
Wed 03 Jul 2024 14:09:41 INFO  epoch 114 evaluating [time: 0.59s, valid_score: 0.131300]
Wed 03 Jul 2024 14:09:41 INFO  valid result: 
recall@20 : 0.1313    mrr@20 : 0.138    ndcg@20 : 0.0899    hit@20 : 0.4732    precision@20 : 0.0326
Wed 03 Jul 2024 14:09:52 INFO  epoch 115 training [time: 10.56s, train loss: 25.7853]
Wed 03 Jul 2024 14:09:52 INFO  epoch 115 evaluating [time: 0.58s, valid_score: 0.131500]
Wed 03 Jul 2024 14:09:52 INFO  valid result: 
recall@20 : 0.1315    mrr@20 : 0.1366    ndcg@20 : 0.0895    hit@20 : 0.4711    precision@20 : 0.0326
Wed 03 Jul 2024 14:10:03 INFO  epoch 116 training [time: 10.71s, train loss: 25.6267]
Wed 03 Jul 2024 14:10:04 INFO  epoch 116 evaluating [time: 0.58s, valid_score: 0.131200]
Wed 03 Jul 2024 14:10:04 INFO  valid result: 
recall@20 : 0.1312    mrr@20 : 0.1368    ndcg@20 : 0.0894    hit@20 : 0.4711    precision@20 : 0.0326
Wed 03 Jul 2024 14:10:14 INFO  epoch 117 training [time: 10.63s, train loss: 25.3313]
Wed 03 Jul 2024 14:10:15 INFO  epoch 117 evaluating [time: 0.59s, valid_score: 0.130000]
Wed 03 Jul 2024 14:10:15 INFO  valid result: 
recall@20 : 0.13    mrr@20 : 0.1361    ndcg@20 : 0.0887    hit@20 : 0.4711    precision@20 : 0.0323
Wed 03 Jul 2024 14:10:26 INFO  epoch 118 training [time: 10.98s, train loss: 25.1654]
Wed 03 Jul 2024 14:10:27 INFO  epoch 118 evaluating [time: 0.62s, valid_score: 0.129800]
Wed 03 Jul 2024 14:10:27 INFO  valid result: 
recall@20 : 0.1298    mrr@20 : 0.1358    ndcg@20 : 0.0885    hit@20 : 0.4695    precision@20 : 0.0322
Wed 03 Jul 2024 14:10:37 INFO  epoch 119 training [time: 10.47s, train loss: 24.9921]
Wed 03 Jul 2024 14:10:38 INFO  epoch 119 evaluating [time: 0.59s, valid_score: 0.130100]
Wed 03 Jul 2024 14:10:38 INFO  valid result: 
recall@20 : 0.1301    mrr@20 : 0.136    ndcg@20 : 0.0886    hit@20 : 0.4711    precision@20 : 0.0322
Wed 03 Jul 2024 14:10:48 INFO  epoch 120 training [time: 10.43s, train loss: 24.7820]
Wed 03 Jul 2024 14:10:49 INFO  epoch 120 evaluating [time: 0.60s, valid_score: 0.130000]
Wed 03 Jul 2024 14:10:49 INFO  valid result: 
recall@20 : 0.13    mrr@20 : 0.1359    ndcg@20 : 0.0886    hit@20 : 0.4695    precision@20 : 0.0322
Wed 03 Jul 2024 14:10:59 INFO  epoch 121 training [time: 10.44s, train loss: 24.6892]
Wed 03 Jul 2024 14:11:00 INFO  epoch 121 evaluating [time: 0.59s, valid_score: 0.130400]
Wed 03 Jul 2024 14:11:00 INFO  valid result: 
recall@20 : 0.1304    mrr@20 : 0.1364    ndcg@20 : 0.0888    hit@20 : 0.4711    precision@20 : 0.0323
Wed 03 Jul 2024 14:11:10 INFO  epoch 122 training [time: 10.73s, train loss: 24.2219]
Wed 03 Jul 2024 14:11:11 INFO  epoch 122 evaluating [time: 0.59s, valid_score: 0.129900]
Wed 03 Jul 2024 14:11:11 INFO  valid result: 
recall@20 : 0.1299    mrr@20 : 0.1364    ndcg@20 : 0.0886    hit@20 : 0.4695    precision@20 : 0.0321
Wed 03 Jul 2024 14:11:21 INFO  epoch 123 training [time: 10.35s, train loss: 24.3109]
Wed 03 Jul 2024 14:11:22 INFO  epoch 123 evaluating [time: 0.59s, valid_score: 0.129200]
Wed 03 Jul 2024 14:11:22 INFO  valid result: 
recall@20 : 0.1292    mrr@20 : 0.1357    ndcg@20 : 0.0882    hit@20 : 0.47    precision@20 : 0.032
Wed 03 Jul 2024 14:11:32 INFO  epoch 124 training [time: 10.35s, train loss: 24.2180]
Wed 03 Jul 2024 14:11:33 INFO  epoch 124 evaluating [time: 0.60s, valid_score: 0.129200]
Wed 03 Jul 2024 14:11:33 INFO  valid result: 
recall@20 : 0.1292    mrr@20 : 0.134    ndcg@20 : 0.0879    hit@20 : 0.47    precision@20 : 0.0321
Wed 03 Jul 2024 14:11:43 INFO  epoch 125 training [time: 10.37s, train loss: 23.8139]
Wed 03 Jul 2024 14:11:44 INFO  epoch 125 evaluating [time: 0.60s, valid_score: 0.128500]
Wed 03 Jul 2024 14:11:44 INFO  valid result: 
recall@20 : 0.1285    mrr@20 : 0.1354    ndcg@20 : 0.088    hit@20 : 0.4673    precision@20 : 0.0319
Wed 03 Jul 2024 14:11:54 INFO  epoch 126 training [time: 10.50s, train loss: 23.9662]
Wed 03 Jul 2024 14:11:55 INFO  epoch 126 evaluating [time: 0.65s, valid_score: 0.129400]
Wed 03 Jul 2024 14:11:55 INFO  valid result: 
recall@20 : 0.1294    mrr@20 : 0.1346    ndcg@20 : 0.088    hit@20 : 0.4727    precision@20 : 0.0322
Wed 03 Jul 2024 14:12:06 INFO  epoch 127 training [time: 10.59s, train loss: 23.6044]
Wed 03 Jul 2024 14:12:06 INFO  epoch 127 evaluating [time: 0.59s, valid_score: 0.128600]
Wed 03 Jul 2024 14:12:06 INFO  valid result: 
recall@20 : 0.1286    mrr@20 : 0.1346    ndcg@20 : 0.0876    hit@20 : 0.4689    precision@20 : 0.0319
Wed 03 Jul 2024 14:12:17 INFO  epoch 128 training [time: 10.54s, train loss: 23.4648]
Wed 03 Jul 2024 14:12:17 INFO  epoch 128 evaluating [time: 0.60s, valid_score: 0.129000]
Wed 03 Jul 2024 14:12:17 INFO  valid result: 
recall@20 : 0.129    mrr@20 : 0.1336    ndcg@20 : 0.0874    hit@20 : 0.4711    precision@20 : 0.032
Wed 03 Jul 2024 14:12:28 INFO  epoch 129 training [time: 10.51s, train loss: 23.2004]
Wed 03 Jul 2024 14:12:28 INFO  epoch 129 evaluating [time: 0.60s, valid_score: 0.128400]
Wed 03 Jul 2024 14:12:28 INFO  valid result: 
recall@20 : 0.1284    mrr@20 : 0.1333    ndcg@20 : 0.0872    hit@20 : 0.4663    precision@20 : 0.0319
Wed 03 Jul 2024 14:12:39 INFO  epoch 130 training [time: 10.35s, train loss: 22.9847]
Wed 03 Jul 2024 14:12:39 INFO  epoch 130 evaluating [time: 0.60s, valid_score: 0.129500]
Wed 03 Jul 2024 14:12:39 INFO  valid result: 
recall@20 : 0.1295    mrr@20 : 0.1328    ndcg@20 : 0.0874    hit@20 : 0.4684    precision@20 : 0.0322
Wed 03 Jul 2024 14:12:50 INFO  epoch 131 training [time: 10.58s, train loss: 23.1627]
Wed 03 Jul 2024 14:12:51 INFO  epoch 131 evaluating [time: 0.60s, valid_score: 0.129200]
Wed 03 Jul 2024 14:12:51 INFO  valid result: 
recall@20 : 0.1292    mrr@20 : 0.1317    ndcg@20 : 0.087    hit@20 : 0.4679    precision@20 : 0.0321
Wed 03 Jul 2024 14:13:01 INFO  epoch 132 training [time: 10.37s, train loss: 22.7509]
Wed 03 Jul 2024 14:13:02 INFO  epoch 132 evaluating [time: 0.60s, valid_score: 0.128700]
Wed 03 Jul 2024 14:13:02 INFO  valid result: 
recall@20 : 0.1287    mrr@20 : 0.1305    ndcg@20 : 0.0864    hit@20 : 0.4716    precision@20 : 0.0319
Wed 03 Jul 2024 14:13:12 INFO  epoch 133 training [time: 10.28s, train loss: 22.5352]
Wed 03 Jul 2024 14:13:12 INFO  epoch 133 evaluating [time: 0.61s, valid_score: 0.129300]
Wed 03 Jul 2024 14:13:12 INFO  valid result: 
recall@20 : 0.1293    mrr@20 : 0.1302    ndcg@20 : 0.0865    hit@20 : 0.4716    precision@20 : 0.0321
Wed 03 Jul 2024 14:13:23 INFO  epoch 134 training [time: 10.76s, train loss: 22.5746]
Wed 03 Jul 2024 14:13:24 INFO  epoch 134 evaluating [time: 0.61s, valid_score: 0.127800]
Wed 03 Jul 2024 14:13:24 INFO  valid result: 
recall@20 : 0.1278    mrr@20 : 0.1316    ndcg@20 : 0.0863    hit@20 : 0.4679    precision@20 : 0.0317
Wed 03 Jul 2024 14:13:34 INFO  epoch 135 training [time: 10.33s, train loss: 22.0417]
Wed 03 Jul 2024 14:13:35 INFO  epoch 135 evaluating [time: 0.59s, valid_score: 0.127800]
Wed 03 Jul 2024 14:13:35 INFO  valid result: 
recall@20 : 0.1278    mrr@20 : 0.1302    ndcg@20 : 0.0859    hit@20 : 0.4684    precision@20 : 0.0317
Wed 03 Jul 2024 14:13:45 INFO  epoch 136 training [time: 10.30s, train loss: 21.8832]
Wed 03 Jul 2024 14:13:46 INFO  epoch 136 evaluating [time: 0.59s, valid_score: 0.127300]
Wed 03 Jul 2024 14:13:46 INFO  valid result: 
recall@20 : 0.1273    mrr@20 : 0.1303    ndcg@20 : 0.0858    hit@20 : 0.4668    precision@20 : 0.0316
Wed 03 Jul 2024 14:13:56 INFO  epoch 137 training [time: 10.39s, train loss: 22.0214]
Wed 03 Jul 2024 14:13:57 INFO  epoch 137 evaluating [time: 0.59s, valid_score: 0.127600]
Wed 03 Jul 2024 14:13:57 INFO  valid result: 
recall@20 : 0.1276    mrr@20 : 0.1296    ndcg@20 : 0.0857    hit@20 : 0.4684    precision@20 : 0.0317
Wed 03 Jul 2024 14:14:07 INFO  epoch 138 training [time: 10.37s, train loss: 21.9182]
Wed 03 Jul 2024 14:14:08 INFO  epoch 138 evaluating [time: 0.58s, valid_score: 0.126900]
Wed 03 Jul 2024 14:14:08 INFO  valid result: 
recall@20 : 0.1269    mrr@20 : 0.1303    ndcg@20 : 0.0856    hit@20 : 0.4689    precision@20 : 0.0315
Wed 03 Jul 2024 14:14:18 INFO  epoch 139 training [time: 10.71s, train loss: 21.6941]
Wed 03 Jul 2024 14:14:19 INFO  epoch 139 evaluating [time: 0.65s, valid_score: 0.127200]
Wed 03 Jul 2024 14:14:19 INFO  valid result: 
recall@20 : 0.1272    mrr@20 : 0.1291    ndcg@20 : 0.0853    hit@20 : 0.4673    precision@20 : 0.0316
Wed 03 Jul 2024 14:14:29 INFO  epoch 140 training [time: 10.42s, train loss: 21.4836]
Wed 03 Jul 2024 14:14:30 INFO  epoch 140 evaluating [time: 0.58s, valid_score: 0.127100]
Wed 03 Jul 2024 14:14:30 INFO  valid result: 
recall@20 : 0.1271    mrr@20 : 0.1292    ndcg@20 : 0.0853    hit@20 : 0.4695    precision@20 : 0.0315
Wed 03 Jul 2024 14:14:40 INFO  epoch 141 training [time: 10.31s, train loss: 21.5668]
Wed 03 Jul 2024 14:14:41 INFO  epoch 141 evaluating [time: 0.60s, valid_score: 0.127200]
Wed 03 Jul 2024 14:14:41 INFO  valid result: 
recall@20 : 0.1272    mrr@20 : 0.1285    ndcg@20 : 0.0851    hit@20 : 0.4684    precision@20 : 0.0316
Wed 03 Jul 2024 14:14:51 INFO  epoch 142 training [time: 10.43s, train loss: 21.5072]
Wed 03 Jul 2024 14:14:52 INFO  epoch 142 evaluating [time: 0.62s, valid_score: 0.126400]
Wed 03 Jul 2024 14:14:52 INFO  valid result: 
recall@20 : 0.1264    mrr@20 : 0.1298    ndcg@20 : 0.0852    hit@20 : 0.4652    precision@20 : 0.0314
Wed 03 Jul 2024 14:15:02 INFO  epoch 143 training [time: 10.29s, train loss: 21.3624]
Wed 03 Jul 2024 14:15:03 INFO  epoch 143 evaluating [time: 0.59s, valid_score: 0.125500]
Wed 03 Jul 2024 14:15:03 INFO  valid result: 
recall@20 : 0.1255    mrr@20 : 0.127    ndcg@20 : 0.0841    hit@20 : 0.4636    precision@20 : 0.0311
Wed 03 Jul 2024 14:15:14 INFO  epoch 144 training [time: 10.91s, train loss: 20.7935]
Wed 03 Jul 2024 14:15:14 INFO  epoch 144 evaluating [time: 0.60s, valid_score: 0.126800]
Wed 03 Jul 2024 14:15:14 INFO  valid result: 
recall@20 : 0.1268    mrr@20 : 0.1272    ndcg@20 : 0.0846    hit@20 : 0.4652    precision@20 : 0.0315
Wed 03 Jul 2024 14:15:25 INFO  epoch 145 training [time: 10.43s, train loss: 21.1534]
Wed 03 Jul 2024 14:15:25 INFO  epoch 145 evaluating [time: 0.58s, valid_score: 0.125900]
Wed 03 Jul 2024 14:15:25 INFO  valid result: 
recall@20 : 0.1259    mrr@20 : 0.1274    ndcg@20 : 0.0844    hit@20 : 0.462    precision@20 : 0.0313
Wed 03 Jul 2024 14:15:36 INFO  epoch 146 training [time: 10.34s, train loss: 20.3988]
Wed 03 Jul 2024 14:15:36 INFO  epoch 146 evaluating [time: 0.60s, valid_score: 0.125900]
Wed 03 Jul 2024 14:15:36 INFO  valid result: 
recall@20 : 0.1259    mrr@20 : 0.1286    ndcg@20 : 0.0846    hit@20 : 0.4615    precision@20 : 0.0313
Wed 03 Jul 2024 14:15:47 INFO  epoch 147 training [time: 10.35s, train loss: 20.5178]
Wed 03 Jul 2024 14:15:47 INFO  epoch 147 evaluating [time: 0.60s, valid_score: 0.126300]
Wed 03 Jul 2024 14:15:47 INFO  valid result: 
recall@20 : 0.1263    mrr@20 : 0.128    ndcg@20 : 0.0846    hit@20 : 0.4631    precision@20 : 0.0314
Wed 03 Jul 2024 14:15:58 INFO  epoch 148 training [time: 10.36s, train loss: 20.5331]
Wed 03 Jul 2024 14:15:58 INFO  epoch 148 evaluating [time: 0.60s, valid_score: 0.125700]
Wed 03 Jul 2024 14:15:58 INFO  valid result: 
recall@20 : 0.1257    mrr@20 : 0.1293    ndcg@20 : 0.0847    hit@20 : 0.4594    precision@20 : 0.0312
Wed 03 Jul 2024 14:16:09 INFO  epoch 149 training [time: 10.48s, train loss: 20.5638]
Wed 03 Jul 2024 14:16:09 INFO  epoch 149 evaluating [time: 0.59s, valid_score: 0.125200]
Wed 03 Jul 2024 14:16:09 INFO  valid result: 
recall@20 : 0.1252    mrr@20 : 0.1302    ndcg@20 : 0.0847    hit@20 : 0.4572    precision@20 : 0.031
Wed 03 Jul 2024 14:16:20 INFO  epoch 150 training [time: 10.79s, train loss: 19.9493]
Wed 03 Jul 2024 14:16:21 INFO  epoch 150 evaluating [time: 0.60s, valid_score: 0.123900]
Wed 03 Jul 2024 14:16:21 INFO  valid result: 
recall@20 : 0.1239    mrr@20 : 0.1291    ndcg@20 : 0.0839    hit@20 : 0.4557    precision@20 : 0.0306
Wed 03 Jul 2024 14:16:31 INFO  epoch 151 training [time: 10.47s, train loss: 20.0166]
Wed 03 Jul 2024 14:16:32 INFO  epoch 151 evaluating [time: 0.58s, valid_score: 0.123400]
Wed 03 Jul 2024 14:16:32 INFO  valid result: 
recall@20 : 0.1234    mrr@20 : 0.129    ndcg@20 : 0.0836    hit@20 : 0.4557    precision@20 : 0.0305
Wed 03 Jul 2024 14:16:42 INFO  epoch 152 training [time: 10.64s, train loss: 19.7663]
Wed 03 Jul 2024 14:16:43 INFO  epoch 152 evaluating [time: 0.59s, valid_score: 0.123500]
Wed 03 Jul 2024 14:16:43 INFO  valid result: 
recall@20 : 0.1235    mrr@20 : 0.1276    ndcg@20 : 0.0833    hit@20 : 0.4557    precision@20 : 0.0305
Wed 03 Jul 2024 14:16:54 INFO  epoch 153 training [time: 10.83s, train loss: 19.7525]
Wed 03 Jul 2024 14:16:54 INFO  epoch 153 evaluating [time: 0.61s, valid_score: 0.122600]
Wed 03 Jul 2024 14:16:54 INFO  valid result: 
recall@20 : 0.1226    mrr@20 : 0.1287    ndcg@20 : 0.0832    hit@20 : 0.4514    precision@20 : 0.0303
Wed 03 Jul 2024 14:17:05 INFO  epoch 154 training [time: 10.49s, train loss: 19.4085]
Wed 03 Jul 2024 14:17:05 INFO  epoch 154 evaluating [time: 0.60s, valid_score: 0.122900]
Wed 03 Jul 2024 14:17:05 INFO  valid result: 
recall@20 : 0.1229    mrr@20 : 0.1294    ndcg@20 : 0.0835    hit@20 : 0.4503    precision@20 : 0.0304
Wed 03 Jul 2024 14:17:16 INFO  epoch 155 training [time: 10.94s, train loss: 19.6597]
Wed 03 Jul 2024 14:17:17 INFO  epoch 155 evaluating [time: 0.61s, valid_score: 0.121800]
Wed 03 Jul 2024 14:17:17 INFO  valid result: 
recall@20 : 0.1218    mrr@20 : 0.1304    ndcg@20 : 0.0833    hit@20 : 0.4498    precision@20 : 0.0301
Wed 03 Jul 2024 14:17:28 INFO  epoch 156 training [time: 10.55s, train loss: 19.3136]
Wed 03 Jul 2024 14:17:28 INFO  epoch 156 evaluating [time: 0.59s, valid_score: 0.121600]
Wed 03 Jul 2024 14:17:28 INFO  valid result: 
recall@20 : 0.1216    mrr@20 : 0.1289    ndcg@20 : 0.0828    hit@20 : 0.4514    precision@20 : 0.0301
Wed 03 Jul 2024 14:17:39 INFO  epoch 157 training [time: 10.49s, train loss: 18.9775]
Wed 03 Jul 2024 14:17:39 INFO  epoch 157 evaluating [time: 0.59s, valid_score: 0.122300]
Wed 03 Jul 2024 14:17:39 INFO  valid result: 
recall@20 : 0.1223    mrr@20 : 0.1291    ndcg@20 : 0.0831    hit@20 : 0.453    precision@20 : 0.0302
Wed 03 Jul 2024 14:17:50 INFO  epoch 158 training [time: 10.46s, train loss: 19.2268]
Wed 03 Jul 2024 14:17:50 INFO  epoch 158 evaluating [time: 0.60s, valid_score: 0.121600]
Wed 03 Jul 2024 14:17:50 INFO  valid result: 
recall@20 : 0.1216    mrr@20 : 0.1287    ndcg@20 : 0.0827    hit@20 : 0.4503    precision@20 : 0.0301
Wed 03 Jul 2024 14:18:01 INFO  epoch 159 training [time: 10.63s, train loss: 19.1525]
Wed 03 Jul 2024 14:18:01 INFO  epoch 159 evaluating [time: 0.61s, valid_score: 0.121700]
Wed 03 Jul 2024 14:18:01 INFO  valid result: 
recall@20 : 0.1217    mrr@20 : 0.1284    ndcg@20 : 0.0826    hit@20 : 0.4509    precision@20 : 0.0301
Wed 03 Jul 2024 14:18:12 INFO  epoch 160 training [time: 10.70s, train loss: 18.7333]
Wed 03 Jul 2024 14:18:13 INFO  epoch 160 evaluating [time: 0.58s, valid_score: 0.120400]
Wed 03 Jul 2024 14:18:13 INFO  valid result: 
recall@20 : 0.1204    mrr@20 : 0.1283    ndcg@20 : 0.0822    hit@20 : 0.4493    precision@20 : 0.0298
Wed 03 Jul 2024 14:18:23 INFO  epoch 161 training [time: 10.65s, train loss: 19.2348]
Wed 03 Jul 2024 14:18:24 INFO  epoch 161 evaluating [time: 0.58s, valid_score: 0.120800]
Wed 03 Jul 2024 14:18:24 INFO  valid result: 
recall@20 : 0.1208    mrr@20 : 0.1278    ndcg@20 : 0.0821    hit@20 : 0.4525    precision@20 : 0.0299
Wed 03 Jul 2024 14:18:35 INFO  epoch 162 training [time: 10.58s, train loss: 19.8472]
Wed 03 Jul 2024 14:18:35 INFO  epoch 162 evaluating [time: 0.58s, valid_score: 0.121100]
Wed 03 Jul 2024 14:18:35 INFO  valid result: 
recall@20 : 0.1211    mrr@20 : 0.1262    ndcg@20 : 0.0818    hit@20 : 0.4525    precision@20 : 0.03
Wed 03 Jul 2024 14:18:46 INFO  epoch 163 training [time: 10.43s, train loss: 19.4106]
Wed 03 Jul 2024 14:18:46 INFO  epoch 163 evaluating [time: 0.58s, valid_score: 0.120000]
Wed 03 Jul 2024 14:18:46 INFO  valid result: 
recall@20 : 0.12    mrr@20 : 0.1265    ndcg@20 : 0.0815    hit@20 : 0.4461    precision@20 : 0.0297
Wed 03 Jul 2024 14:18:57 INFO  epoch 164 training [time: 10.53s, train loss: 19.2321]
Wed 03 Jul 2024 14:18:57 INFO  epoch 164 evaluating [time: 0.60s, valid_score: 0.119300]
Wed 03 Jul 2024 14:18:57 INFO  valid result: 
recall@20 : 0.1193    mrr@20 : 0.126    ndcg@20 : 0.0811    hit@20 : 0.444    precision@20 : 0.0295
Wed 03 Jul 2024 14:19:08 INFO  epoch 165 training [time: 10.50s, train loss: 19.2455]
Wed 03 Jul 2024 14:19:08 INFO  epoch 165 evaluating [time: 0.59s, valid_score: 0.119400]
Wed 03 Jul 2024 14:19:08 INFO  valid result: 
recall@20 : 0.1194    mrr@20 : 0.1276    ndcg@20 : 0.0816    hit@20 : 0.4456    precision@20 : 0.0295
Wed 03 Jul 2024 14:19:19 INFO  epoch 166 training [time: 10.72s, train loss: 18.9816]
Wed 03 Jul 2024 14:19:20 INFO  epoch 166 evaluating [time: 0.60s, valid_score: 0.118600]
Wed 03 Jul 2024 14:19:20 INFO  valid result: 
recall@20 : 0.1186    mrr@20 : 0.1273    ndcg@20 : 0.0811    hit@20 : 0.4434    precision@20 : 0.0293
Wed 03 Jul 2024 14:19:30 INFO  epoch 167 training [time: 10.65s, train loss: 18.8187]
Wed 03 Jul 2024 14:19:31 INFO  epoch 167 evaluating [time: 0.58s, valid_score: 0.119200]
Wed 03 Jul 2024 14:19:31 INFO  valid result: 
recall@20 : 0.1192    mrr@20 : 0.1279    ndcg@20 : 0.0816    hit@20 : 0.444    precision@20 : 0.0295
Wed 03 Jul 2024 14:19:42 INFO  epoch 168 training [time: 10.59s, train loss: 18.9075]
Wed 03 Jul 2024 14:19:42 INFO  epoch 168 evaluating [time: 0.58s, valid_score: 0.119100]
Wed 03 Jul 2024 14:19:42 INFO  valid result: 
recall@20 : 0.1191    mrr@20 : 0.1279    ndcg@20 : 0.0815    hit@20 : 0.4403    precision@20 : 0.0294
Wed 03 Jul 2024 14:19:53 INFO  epoch 169 training [time: 10.57s, train loss: 18.7828]
Wed 03 Jul 2024 14:19:53 INFO  epoch 169 evaluating [time: 0.60s, valid_score: 0.118200]
Wed 03 Jul 2024 14:19:53 INFO  valid result: 
recall@20 : 0.1182    mrr@20 : 0.1258    ndcg@20 : 0.0806    hit@20 : 0.4371    precision@20 : 0.0291
Wed 03 Jul 2024 14:20:04 INFO  epoch 170 training [time: 10.52s, train loss: 18.6466]
Wed 03 Jul 2024 14:20:04 INFO  epoch 170 evaluating [time: 0.58s, valid_score: 0.118500]
Wed 03 Jul 2024 14:20:04 INFO  valid result: 
recall@20 : 0.1185    mrr@20 : 0.127    ndcg@20 : 0.0811    hit@20 : 0.4403    precision@20 : 0.0293
Wed 03 Jul 2024 14:20:15 INFO  epoch 171 training [time: 10.78s, train loss: 18.6354]
Wed 03 Jul 2024 14:20:16 INFO  epoch 171 evaluating [time: 0.59s, valid_score: 0.118800]
Wed 03 Jul 2024 14:20:16 INFO  valid result: 
recall@20 : 0.1188    mrr@20 : 0.1263    ndcg@20 : 0.0809    hit@20 : 0.4413    precision@20 : 0.0293
Wed 03 Jul 2024 14:20:16 INFO  Finished training, best eval result in epoch 20
