Sat 25 May 2024 17:10:05 INFO  ['run_recbole.py', '--model=ANS', '--dataset=ml-100k']
Sat 25 May 2024 17:10:05 INFO  
General Hyper Parameters:
gpu_id = 0
use_gpu = True
seed = 2020
state = DEBUG
reproducibility = True
data_path = /home/simeon/Git_Repositories/ANS-Recbole/recbole/config/../dataset_example/ml-100k
checkpoint_dir = saved
show_progress = False
save_dataset = False
dataset_save_path = None
save_dataloaders = False
dataloaders_save_path = None
log_wandb = False

Training Hyper Parameters:
epochs = 500
train_batch_size = 2048
learner = adam
learning_rate = 0.0001
train_neg_sample_args = {'distribution': 'uniform', 'sample_num': 1, 'alpha': 1.0, 'dynamic': False, 'candidate_num': 1}
eval_step = 1
stopping_step = 100
clip_grad_norm = None
weight_decay = 0.0
loss_decimal_place = 4

Evaluation Hyper Parameters:
eval_args = {'split': {'RS': [0.8, 0.1, 0.1]}, 'group_by': 'user', 'order': 'RO', 'mode': 'full'}
repeatable = False
metrics = ['Recall', 'MRR', 'NDCG', 'Hit', 'Precision']
topk = [20]
valid_metric = MRR@20
valid_metric_bigger = True
eval_batch_size = 4096
metric_decimal_place = 4

Dataset Hyper Parameters:
field_separator = 	
seq_separator =  
USER_ID_FIELD = user_id
ITEM_ID_FIELD = item_id
RATING_FIELD = rating
TIME_FIELD = timestamp
seq_len = None
LABEL_FIELD = label
threshold = {'rating': 4.0}
NEG_PREFIX = neg_
load_col = {'inter': ['user_id', 'item_id', 'rating']}
unload_col = None
unused_col = None
additional_feat_suffix = None
rm_dup_inter = None
val_interval = None
filter_inter_by_user_or_item = True
user_inter_num_interval = None
item_inter_num_interval = None
alias_of_user_id = None
alias_of_item_id = None
alias_of_entity_id = None
alias_of_relation_id = None
preload_weight = None
normalize_field = None
normalize_all = True
ITEM_LIST_LENGTH_FIELD = item_length
LIST_SUFFIX = _list
MAX_ITEM_LIST_LENGTH = 50
POSITION_FIELD = position_id
HEAD_ENTITY_ID_FIELD = head_id
TAIL_ENTITY_ID_FIELD = tail_id
RELATION_ID_FIELD = relation_id
ENTITY_ID_FIELD = entity_id
kg_reverse_r = False
entity_kg_num_interval = None
relation_kg_num_interval = None
benchmark_filename = None

Other Hyper Parameters: 
worker = 0
wandb_project = recbole
shuffle = True
require_pow = False
enable_amp = False
enable_scaler = False
transform = None
train_after_converge = False
embedding_size = 64
n_layers = 3
reg_weight = 0.0001
eps = 0.3
gamma = 0.15
numerical_features = []
discretization = None
MODEL_TYPE = ModelType.GENERAL
MODEL_INPUT_TYPE = InputType.PAIRWISE
eval_type = EvaluatorType.RANKING
single_spec = True
local_rank = 0
device = cuda
eval_neg_sample_args = {'distribution': 'uniform', 'sample_num': 'none'}


Sat 25 May 2024 17:10:05 DEBUG  Loading <class 'recbole.data.dataset.dataset.Dataset'> from scratch.
Sat 25 May 2024 17:10:05 DEBUG  uid_field: user_id
Sat 25 May 2024 17:10:05 DEBUG  iid_field: item_id
Sat 25 May 2024 17:10:05 DEBUG  Loading feature from [/home/simeon/Git_Repositories/ANS-Recbole/recbole/config/../dataset_example/ml-100k/ml-100k.inter] (source: [FeatureSource.INTERACTION]).
Sat 25 May 2024 17:10:05 DEBUG  [inter]: 
Sat 25 May 2024 17:10:05 DEBUG  	 load_col: [{'rating', 'item_id', 'user_id'}]
Sat 25 May 2024 17:10:05 DEBUG  	 unload_col: [None]
Sat 25 May 2024 17:10:05 DEBUG  Interaction feature loaded successfully from [/home/simeon/Git_Repositories/ANS-Recbole/recbole/config/../dataset_example/ml-100k/ml-100k.inter].
Sat 25 May 2024 17:10:05 DEBUG  Loading feature from [/home/simeon/Git_Repositories/ANS-Recbole/recbole/config/../dataset_example/ml-100k/ml-100k.user] (source: [FeatureSource.USER]).
Sat 25 May 2024 17:10:05 DEBUG  [user]: 
Sat 25 May 2024 17:10:05 DEBUG  	 load_col: [set()]
Sat 25 May 2024 17:10:05 DEBUG  	 unload_col: [None]
Sat 25 May 2024 17:10:05 DEBUG  [user] feature loaded successfully from [/home/simeon/Git_Repositories/ANS-Recbole/recbole/config/../dataset_example/ml-100k/ml-100k.user].
Sat 25 May 2024 17:10:05 DEBUG  Loading feature from [/home/simeon/Git_Repositories/ANS-Recbole/recbole/config/../dataset_example/ml-100k/ml-100k.item] (source: [FeatureSource.ITEM]).
Sat 25 May 2024 17:10:05 DEBUG  [item]: 
Sat 25 May 2024 17:10:05 DEBUG  	 load_col: [set()]
Sat 25 May 2024 17:10:05 DEBUG  	 unload_col: [None]
Sat 25 May 2024 17:10:05 DEBUG  [item] feature loaded successfully from [/home/simeon/Git_Repositories/ANS-Recbole/recbole/config/../dataset_example/ml-100k/ml-100k.item].
Sat 25 May 2024 17:10:05 DEBUG  drop_by_value: val={}
Sat 25 May 2024 17:10:06 DEBUG  Filling nan
Sat 25 May 2024 17:10:06 DEBUG  Set label by {'rating': 4.0}.
Sat 25 May 2024 17:10:06 DEBUG  Delete column [rating].
Sat 25 May 2024 17:10:06 DEBUG  Normalized fields: ['label']
Sat 25 May 2024 17:10:06 INFO  ml-100k
The number of users: 944
Average actions of users: 106.04453870625663
The number of items: 1683
Average actions of items: 59.45303210463734
The number of inters: 100000
The sparsity of the dataset: 93.70575143257098%
Remain Fields: ['user_id', 'item_id', 'label']
Sat 25 May 2024 17:10:06 DEBUG  split by ratios [[0.8, 0.1, 0.1]], group_by=[user_id]
Sat 25 May 2024 17:10:06 INFO  [Training]: train_batch_size = [2048] train_neg_sample_args: [{'distribution': 'uniform', 'sample_num': 1, 'alpha': 1.0, 'dynamic': False, 'candidate_num': 1}]
Sat 25 May 2024 17:10:06 INFO  [Evaluation]: eval_batch_size = [4096] eval_args: [{'split': {'RS': [0.8, 0.1, 0.1]}, 'group_by': 'user', 'order': 'RO', 'mode': 'full'}]
Sat 25 May 2024 17:10:07 INFO  ANS(
  (user_embedding): Embedding(944, 64)
  (item_embedding): Embedding(1683, 64)
  (mf_loss): BPRLoss()
  (reg_loss): EmbLoss()
  (user_gate): Linear(in_features=64, out_features=64, bias=True)
  (item_gate): Linear(in_features=64, out_features=64, bias=True)
  (pos_gate): Linear(in_features=64, out_features=64, bias=True)
  (neg_gate): Linear(in_features=64, out_features=64, bias=True)
  (hard_gate): Linear(in_features=64, out_features=64, bias=True)
  (conf_gate): Linear(in_features=64, out_features=64, bias=True)
  (easy_gate): Linear(in_features=64, out_features=64, bias=True)
  (margin_model): Linear(in_features=64, out_features=1, bias=True)
)
Trainable parameters: 197313
Sat 25 May 2024 17:10:07 INFO  FLOPs: 0.0
Sat 25 May 2024 17:10:08 DEBUG  ANS scores shape: torch.Size([80808, 1683])
Sat 25 May 2024 17:10:08 DEBUG  Full sort prediction scores: tensor([ 0.0029, -0.0140, -0.0186,  ...,  0.0079,  0.0130,  0.0056],
       device='cuda:0', grad_fn=<ViewBackward0>)
Sat 25 May 2024 17:10:08 DEBUG  Full sort prediction scores shape: torch.Size([135999864])
Sat 25 May 2024 17:10:08 DEBUG  Full sort prediction scores shape: torch.Size([80808, 1683])
Sat 25 May 2024 17:10:08 DEBUG  len train_data: 80808
Sat 25 May 2024 17:10:09 INFO  epoch 0 training [time: 0.86s, train loss: 32.2292]
Sat 25 May 2024 17:10:09 DEBUG  ANS scores shape: torch.Size([2, 1683])
Sat 25 May 2024 17:10:09 DEBUG  ANS scores shape: torch.Size([2, 1683])
Sat 25 May 2024 17:10:09 DEBUG  ANS scores shape: torch.Size([2, 1683])
Sat 25 May 2024 17:10:09 DEBUG  ANS scores shape: torch.Size([2, 1683])
Sat 25 May 2024 17:10:09 DEBUG  ANS scores shape: torch.Size([2, 1683])
Sat 25 May 2024 17:10:09 DEBUG  ANS scores shape: torch.Size([2, 1683])
Sat 25 May 2024 17:10:09 DEBUG  ANS scores shape: torch.Size([2, 1683])
Sat 25 May 2024 17:10:09 DEBUG  ANS scores shape: torch.Size([2, 1683])
Sat 25 May 2024 17:10:09 DEBUG  ANS scores shape: torch.Size([2, 1683])
Sat 25 May 2024 17:10:09 DEBUG  ANS scores shape: torch.Size([2, 1683])
Sat 25 May 2024 17:10:09 DEBUG  ANS scores shape: torch.Size([2, 1683])
Sat 25 May 2024 17:10:09 DEBUG  ANS scores shape: torch.Size([2, 1683])
Sat 25 May 2024 17:10:09 DEBUG  ANS scores shape: torch.Size([2, 1683])
Sat 25 May 2024 17:10:09 DEBUG  ANS scores shape: torch.Size([2, 1683])
Sat 25 May 2024 17:10:09 DEBUG  ANS scores shape: torch.Size([2, 1683])
Sat 25 May 2024 17:10:09 DEBUG  ANS scores shape: torch.Size([2, 1683])
Sat 25 May 2024 17:10:09 DEBUG  ANS scores shape: torch.Size([2, 1683])
Sat 25 May 2024 17:10:09 DEBUG  ANS scores shape: torch.Size([2, 1683])
Sat 25 May 2024 17:10:09 DEBUG  ANS scores shape: torch.Size([2, 1683])
Sat 25 May 2024 17:10:09 DEBUG  ANS scores shape: torch.Size([2, 1683])
Sat 25 May 2024 17:10:09 DEBUG  ANS scores shape: torch.Size([2, 1683])
Sat 25 May 2024 17:10:09 DEBUG  ANS scores shape: torch.Size([2, 1683])
Sat 25 May 2024 17:10:09 DEBUG  ANS scores shape: torch.Size([2, 1683])
Sat 25 May 2024 17:10:09 DEBUG  ANS scores shape: torch.Size([2, 1683])
Sat 25 May 2024 17:10:09 DEBUG  ANS scores shape: torch.Size([2, 1683])
Sat 25 May 2024 17:10:09 DEBUG  ANS scores shape: torch.Size([2, 1683])
Sat 25 May 2024 17:10:09 DEBUG  ANS scores shape: torch.Size([2, 1683])
Sat 25 May 2024 17:10:09 DEBUG  ANS scores shape: torch.Size([2, 1683])
Sat 25 May 2024 17:10:09 DEBUG  ANS scores shape: torch.Size([2, 1683])
Sat 25 May 2024 17:10:09 DEBUG  ANS scores shape: torch.Size([2, 1683])
Sat 25 May 2024 17:10:09 DEBUG  ANS scores shape: torch.Size([2, 1683])
Sat 25 May 2024 17:10:09 DEBUG  ANS scores shape: torch.Size([2, 1683])
Sat 25 May 2024 17:10:09 DEBUG  ANS scores shape: torch.Size([2, 1683])
Sat 25 May 2024 17:10:09 DEBUG  ANS scores shape: torch.Size([2, 1683])
Sat 25 May 2024 17:10:09 DEBUG  ANS scores shape: torch.Size([2, 1683])
Sat 25 May 2024 17:10:09 DEBUG  ANS scores shape: torch.Size([2, 1683])
Sat 25 May 2024 17:10:09 DEBUG  ANS scores shape: torch.Size([2, 1683])
Sat 25 May 2024 17:10:09 DEBUG  ANS scores shape: torch.Size([2, 1683])
Sat 25 May 2024 17:10:09 DEBUG  ANS scores shape: torch.Size([2, 1683])
Sat 25 May 2024 17:10:09 DEBUG  ANS scores shape: torch.Size([2, 1683])
Sat 25 May 2024 17:10:09 DEBUG  ANS scores shape: torch.Size([2, 1683])
Sat 25 May 2024 17:10:09 DEBUG  ANS scores shape: torch.Size([2, 1683])
Sat 25 May 2024 17:10:09 DEBUG  ANS scores shape: torch.Size([2, 1683])
Sat 25 May 2024 17:10:09 DEBUG  ANS scores shape: torch.Size([2, 1683])
Sat 25 May 2024 17:10:09 DEBUG  ANS scores shape: torch.Size([2, 1683])
Sat 25 May 2024 17:10:09 DEBUG  ANS scores shape: torch.Size([2, 1683])
Sat 25 May 2024 17:10:09 DEBUG  ANS scores shape: torch.Size([2, 1683])
Sat 25 May 2024 17:10:09 DEBUG  ANS scores shape: torch.Size([2, 1683])
Sat 25 May 2024 17:10:09 DEBUG  ANS scores shape: torch.Size([2, 1683])
Sat 25 May 2024 17:10:09 DEBUG  ANS scores shape: torch.Size([2, 1683])
Sat 25 May 2024 17:10:09 DEBUG  ANS scores shape: torch.Size([2, 1683])
Sat 25 May 2024 17:10:09 DEBUG  ANS scores shape: torch.Size([2, 1683])
Sat 25 May 2024 17:10:09 DEBUG  ANS scores shape: torch.Size([2, 1683])
Sat 25 May 2024 17:10:09 DEBUG  ANS scores shape: torch.Size([2, 1683])
Sat 25 May 2024 17:10:09 DEBUG  ANS scores shape: torch.Size([2, 1683])
Sat 25 May 2024 17:10:09 DEBUG  ANS scores shape: torch.Size([2, 1683])
Sat 25 May 2024 17:10:09 DEBUG  ANS scores shape: torch.Size([2, 1683])
Sat 25 May 2024 17:10:09 DEBUG  ANS scores shape: torch.Size([2, 1683])
Sat 25 May 2024 17:10:09 DEBUG  ANS scores shape: torch.Size([2, 1683])
Sat 25 May 2024 17:10:09 DEBUG  ANS scores shape: torch.Size([2, 1683])
Sat 25 May 2024 17:10:09 DEBUG  ANS scores shape: torch.Size([2, 1683])
Sat 25 May 2024 17:10:09 DEBUG  ANS scores shape: torch.Size([2, 1683])
Sat 25 May 2024 17:10:09 DEBUG  ANS scores shape: torch.Size([2, 1683])
Sat 25 May 2024 17:10:09 DEBUG  ANS scores shape: torch.Size([2, 1683])
Sat 25 May 2024 17:10:09 DEBUG  ANS scores shape: torch.Size([2, 1683])
Sat 25 May 2024 17:10:09 DEBUG  ANS scores shape: torch.Size([2, 1683])
Sat 25 May 2024 17:10:09 DEBUG  ANS scores shape: torch.Size([2, 1683])
Sat 25 May 2024 17:10:09 DEBUG  ANS scores shape: torch.Size([2, 1683])
Sat 25 May 2024 17:10:09 DEBUG  ANS scores shape: torch.Size([2, 1683])
Sat 25 May 2024 17:10:09 DEBUG  ANS scores shape: torch.Size([2, 1683])
Sat 25 May 2024 17:10:09 DEBUG  ANS scores shape: torch.Size([2, 1683])
Sat 25 May 2024 17:10:09 DEBUG  ANS scores shape: torch.Size([2, 1683])
Sat 25 May 2024 17:10:09 DEBUG  ANS scores shape: torch.Size([2, 1683])
Sat 25 May 2024 17:10:09 DEBUG  ANS scores shape: torch.Size([2, 1683])
Sat 25 May 2024 17:10:09 DEBUG  ANS scores shape: torch.Size([2, 1683])
Sat 25 May 2024 17:10:09 DEBUG  ANS scores shape: torch.Size([2, 1683])
Sat 25 May 2024 17:10:09 DEBUG  ANS scores shape: torch.Size([2, 1683])
Sat 25 May 2024 17:10:09 DEBUG  ANS scores shape: torch.Size([2, 1683])
Sat 25 May 2024 17:10:09 DEBUG  ANS scores shape: torch.Size([2, 1683])
Sat 25 May 2024 17:10:09 DEBUG  ANS scores shape: torch.Size([2, 1683])
Sat 25 May 2024 17:10:09 DEBUG  ANS scores shape: torch.Size([2, 1683])
Sat 25 May 2024 17:10:09 DEBUG  ANS scores shape: torch.Size([2, 1683])
Sat 25 May 2024 17:10:09 DEBUG  ANS scores shape: torch.Size([2, 1683])
Sat 25 May 2024 17:10:09 DEBUG  ANS scores shape: torch.Size([2, 1683])
Sat 25 May 2024 17:10:09 DEBUG  ANS scores shape: torch.Size([2, 1683])
Sat 25 May 2024 17:10:09 DEBUG  ANS scores shape: torch.Size([2, 1683])
Sat 25 May 2024 17:10:09 DEBUG  ANS scores shape: torch.Size([2, 1683])
Sat 25 May 2024 17:10:09 DEBUG  ANS scores shape: torch.Size([2, 1683])
Sat 25 May 2024 17:10:09 DEBUG  ANS scores shape: torch.Size([2, 1683])
Sat 25 May 2024 17:10:09 DEBUG  ANS scores shape: torch.Size([2, 1683])
Sat 25 May 2024 17:10:09 DEBUG  ANS scores shape: torch.Size([2, 1683])
Sat 25 May 2024 17:10:09 DEBUG  ANS scores shape: torch.Size([2, 1683])
Sat 25 May 2024 17:10:09 DEBUG  ANS scores shape: torch.Size([2, 1683])
Sat 25 May 2024 17:10:09 DEBUG  ANS scores shape: torch.Size([2, 1683])
Sat 25 May 2024 17:10:09 DEBUG  ANS scores shape: torch.Size([2, 1683])
Sat 25 May 2024 17:10:09 DEBUG  ANS scores shape: torch.Size([2, 1683])
Sat 25 May 2024 17:10:09 DEBUG  ANS scores shape: torch.Size([2, 1683])
Sat 25 May 2024 17:10:09 DEBUG  ANS scores shape: torch.Size([2, 1683])
Sat 25 May 2024 17:10:09 DEBUG  ANS scores shape: torch.Size([2, 1683])
Sat 25 May 2024 17:10:09 DEBUG  ANS scores shape: torch.Size([2, 1683])
Sat 25 May 2024 17:10:09 DEBUG  ANS scores shape: torch.Size([2, 1683])
Sat 25 May 2024 17:10:09 DEBUG  ANS scores shape: torch.Size([2, 1683])
Sat 25 May 2024 17:10:09 DEBUG  ANS scores shape: torch.Size([2, 1683])
Sat 25 May 2024 17:10:09 DEBUG  ANS scores shape: torch.Size([2, 1683])
Sat 25 May 2024 17:10:09 DEBUG  ANS scores shape: torch.Size([2, 1683])
Sat 25 May 2024 17:10:09 DEBUG  ANS scores shape: torch.Size([2, 1683])
Sat 25 May 2024 17:10:09 DEBUG  ANS scores shape: torch.Size([2, 1683])
Sat 25 May 2024 17:10:09 DEBUG  ANS scores shape: torch.Size([2, 1683])
Sat 25 May 2024 17:10:09 DEBUG  ANS scores shape: torch.Size([2, 1683])
Sat 25 May 2024 17:10:09 DEBUG  ANS scores shape: torch.Size([2, 1683])
Sat 25 May 2024 17:10:09 DEBUG  ANS scores shape: torch.Size([2, 1683])
Sat 25 May 2024 17:10:09 DEBUG  ANS scores shape: torch.Size([2, 1683])
Sat 25 May 2024 17:10:09 DEBUG  ANS scores shape: torch.Size([2, 1683])
Sat 25 May 2024 17:10:09 DEBUG  ANS scores shape: torch.Size([2, 1683])
Sat 25 May 2024 17:10:09 DEBUG  ANS scores shape: torch.Size([2, 1683])
Sat 25 May 2024 17:10:09 DEBUG  ANS scores shape: torch.Size([2, 1683])
Sat 25 May 2024 17:10:09 DEBUG  ANS scores shape: torch.Size([2, 1683])
Sat 25 May 2024 17:10:09 DEBUG  ANS scores shape: torch.Size([2, 1683])
Sat 25 May 2024 17:10:09 DEBUG  ANS scores shape: torch.Size([2, 1683])
Sat 25 May 2024 17:10:09 DEBUG  ANS scores shape: torch.Size([2, 1683])
Sat 25 May 2024 17:10:09 DEBUG  ANS scores shape: torch.Size([2, 1683])
Sat 25 May 2024 17:10:09 DEBUG  ANS scores shape: torch.Size([2, 1683])
Sat 25 May 2024 17:10:09 DEBUG  ANS scores shape: torch.Size([2, 1683])
Sat 25 May 2024 17:10:09 DEBUG  ANS scores shape: torch.Size([2, 1683])
Sat 25 May 2024 17:10:09 DEBUG  ANS scores shape: torch.Size([2, 1683])
Sat 25 May 2024 17:10:09 DEBUG  ANS scores shape: torch.Size([2, 1683])
Sat 25 May 2024 17:10:09 DEBUG  ANS scores shape: torch.Size([2, 1683])
Sat 25 May 2024 17:10:09 DEBUG  ANS scores shape: torch.Size([2, 1683])
Sat 25 May 2024 17:10:09 DEBUG  ANS scores shape: torch.Size([2, 1683])
Sat 25 May 2024 17:10:09 DEBUG  ANS scores shape: torch.Size([2, 1683])
Sat 25 May 2024 17:10:09 DEBUG  ANS scores shape: torch.Size([2, 1683])
Sat 25 May 2024 17:10:09 DEBUG  ANS scores shape: torch.Size([2, 1683])
Sat 25 May 2024 17:10:09 DEBUG  ANS scores shape: torch.Size([2, 1683])
Sat 25 May 2024 17:10:09 DEBUG  ANS scores shape: torch.Size([2, 1683])
Sat 25 May 2024 17:10:09 DEBUG  ANS scores shape: torch.Size([2, 1683])
Sat 25 May 2024 17:10:09 DEBUG  ANS scores shape: torch.Size([2, 1683])
Sat 25 May 2024 17:10:09 DEBUG  ANS scores shape: torch.Size([2, 1683])
Sat 25 May 2024 17:10:09 DEBUG  ANS scores shape: torch.Size([2, 1683])
Sat 25 May 2024 17:10:09 DEBUG  ANS scores shape: torch.Size([2, 1683])
Sat 25 May 2024 17:10:09 DEBUG  ANS scores shape: torch.Size([2, 1683])
Sat 25 May 2024 17:10:09 DEBUG  ANS scores shape: torch.Size([2, 1683])
Sat 25 May 2024 17:10:09 DEBUG  ANS scores shape: torch.Size([2, 1683])
Sat 25 May 2024 17:10:09 DEBUG  ANS scores shape: torch.Size([2, 1683])
Sat 25 May 2024 17:10:09 DEBUG  ANS scores shape: torch.Size([2, 1683])
Sat 25 May 2024 17:10:09 DEBUG  ANS scores shape: torch.Size([2, 1683])
Sat 25 May 2024 17:10:09 DEBUG  ANS scores shape: torch.Size([2, 1683])
Sat 25 May 2024 17:10:09 DEBUG  ANS scores shape: torch.Size([2, 1683])
Sat 25 May 2024 17:10:09 DEBUG  ANS scores shape: torch.Size([2, 1683])
Sat 25 May 2024 17:10:09 DEBUG  ANS scores shape: torch.Size([2, 1683])
Sat 25 May 2024 17:10:09 DEBUG  ANS scores shape: torch.Size([2, 1683])
Sat 25 May 2024 17:10:09 DEBUG  ANS scores shape: torch.Size([2, 1683])
Sat 25 May 2024 17:10:09 DEBUG  ANS scores shape: torch.Size([2, 1683])
Sat 25 May 2024 17:10:09 DEBUG  ANS scores shape: torch.Size([2, 1683])
Sat 25 May 2024 17:10:09 DEBUG  ANS scores shape: torch.Size([2, 1683])
Sat 25 May 2024 17:10:09 DEBUG  ANS scores shape: torch.Size([2, 1683])
Sat 25 May 2024 17:10:09 DEBUG  ANS scores shape: torch.Size([2, 1683])
Sat 25 May 2024 17:10:09 DEBUG  ANS scores shape: torch.Size([2, 1683])
Sat 25 May 2024 17:10:09 DEBUG  ANS scores shape: torch.Size([2, 1683])
Sat 25 May 2024 17:10:09 DEBUG  ANS scores shape: torch.Size([2, 1683])
Sat 25 May 2024 17:10:09 DEBUG  ANS scores shape: torch.Size([2, 1683])
Sat 25 May 2024 17:10:09 DEBUG  ANS scores shape: torch.Size([2, 1683])
Sat 25 May 2024 17:10:09 DEBUG  ANS scores shape: torch.Size([2, 1683])
Sat 25 May 2024 17:10:09 DEBUG  ANS scores shape: torch.Size([2, 1683])
Sat 25 May 2024 17:10:09 DEBUG  ANS scores shape: torch.Size([2, 1683])
Sat 25 May 2024 17:10:09 DEBUG  ANS scores shape: torch.Size([2, 1683])
Sat 25 May 2024 17:10:09 DEBUG  ANS scores shape: torch.Size([2, 1683])
Sat 25 May 2024 17:10:09 DEBUG  ANS scores shape: torch.Size([2, 1683])
Sat 25 May 2024 17:10:09 DEBUG  ANS scores shape: torch.Size([2, 1683])
Sat 25 May 2024 17:10:09 DEBUG  ANS scores shape: torch.Size([2, 1683])
Sat 25 May 2024 17:10:09 DEBUG  ANS scores shape: torch.Size([2, 1683])
Sat 25 May 2024 17:10:09 DEBUG  ANS scores shape: torch.Size([2, 1683])
Sat 25 May 2024 17:10:09 DEBUG  ANS scores shape: torch.Size([2, 1683])
Sat 25 May 2024 17:10:09 DEBUG  ANS scores shape: torch.Size([2, 1683])
Sat 25 May 2024 17:10:09 DEBUG  ANS scores shape: torch.Size([2, 1683])
Sat 25 May 2024 17:10:09 DEBUG  ANS scores shape: torch.Size([2, 1683])
Sat 25 May 2024 17:10:09 DEBUG  ANS scores shape: torch.Size([2, 1683])
Sat 25 May 2024 17:10:09 DEBUG  ANS scores shape: torch.Size([2, 1683])
Sat 25 May 2024 17:10:09 DEBUG  ANS scores shape: torch.Size([2, 1683])
Sat 25 May 2024 17:10:09 DEBUG  ANS scores shape: torch.Size([2, 1683])
Sat 25 May 2024 17:10:09 DEBUG  ANS scores shape: torch.Size([2, 1683])
Sat 25 May 2024 17:10:09 DEBUG  ANS scores shape: torch.Size([2, 1683])
Sat 25 May 2024 17:10:09 DEBUG  ANS scores shape: torch.Size([2, 1683])
Sat 25 May 2024 17:10:09 DEBUG  ANS scores shape: torch.Size([2, 1683])
Sat 25 May 2024 17:10:09 DEBUG  ANS scores shape: torch.Size([2, 1683])
Sat 25 May 2024 17:10:09 DEBUG  ANS scores shape: torch.Size([2, 1683])
Sat 25 May 2024 17:10:09 DEBUG  ANS scores shape: torch.Size([2, 1683])
Sat 25 May 2024 17:10:09 DEBUG  ANS scores shape: torch.Size([2, 1683])
Sat 25 May 2024 17:10:09 DEBUG  ANS scores shape: torch.Size([2, 1683])
Sat 25 May 2024 17:10:09 DEBUG  ANS scores shape: torch.Size([2, 1683])
Sat 25 May 2024 17:10:09 DEBUG  ANS scores shape: torch.Size([2, 1683])
Sat 25 May 2024 17:10:09 DEBUG  ANS scores shape: torch.Size([2, 1683])
Sat 25 May 2024 17:10:09 DEBUG  ANS scores shape: torch.Size([2, 1683])
Sat 25 May 2024 17:10:09 DEBUG  ANS scores shape: torch.Size([2, 1683])
Sat 25 May 2024 17:10:09 DEBUG  ANS scores shape: torch.Size([2, 1683])
Sat 25 May 2024 17:10:09 DEBUG  ANS scores shape: torch.Size([2, 1683])
Sat 25 May 2024 17:10:09 DEBUG  ANS scores shape: torch.Size([2, 1683])
Sat 25 May 2024 17:10:09 DEBUG  ANS scores shape: torch.Size([2, 1683])
Sat 25 May 2024 17:10:09 DEBUG  ANS scores shape: torch.Size([2, 1683])
Sat 25 May 2024 17:10:09 DEBUG  ANS scores shape: torch.Size([2, 1683])
Sat 25 May 2024 17:10:09 DEBUG  ANS scores shape: torch.Size([2, 1683])
Sat 25 May 2024 17:10:09 DEBUG  ANS scores shape: torch.Size([2, 1683])
Sat 25 May 2024 17:10:09 DEBUG  ANS scores shape: torch.Size([2, 1683])
Sat 25 May 2024 17:10:09 DEBUG  ANS scores shape: torch.Size([2, 1683])
Sat 25 May 2024 17:10:09 DEBUG  ANS scores shape: torch.Size([2, 1683])
Sat 25 May 2024 17:10:09 DEBUG  ANS scores shape: torch.Size([2, 1683])
Sat 25 May 2024 17:10:09 DEBUG  ANS scores shape: torch.Size([2, 1683])
Sat 25 May 2024 17:10:09 DEBUG  ANS scores shape: torch.Size([2, 1683])
Sat 25 May 2024 17:10:09 DEBUG  ANS scores shape: torch.Size([2, 1683])
Sat 25 May 2024 17:10:09 DEBUG  ANS scores shape: torch.Size([2, 1683])
Sat 25 May 2024 17:10:09 DEBUG  ANS scores shape: torch.Size([2, 1683])
Sat 25 May 2024 17:10:09 DEBUG  ANS scores shape: torch.Size([2, 1683])
Sat 25 May 2024 17:10:09 DEBUG  ANS scores shape: torch.Size([2, 1683])
Sat 25 May 2024 17:10:09 DEBUG  ANS scores shape: torch.Size([2, 1683])
Sat 25 May 2024 17:10:09 DEBUG  ANS scores shape: torch.Size([2, 1683])
Sat 25 May 2024 17:10:09 DEBUG  ANS scores shape: torch.Size([2, 1683])
Sat 25 May 2024 17:10:09 DEBUG  ANS scores shape: torch.Size([2, 1683])
Sat 25 May 2024 17:10:09 DEBUG  ANS scores shape: torch.Size([2, 1683])
Sat 25 May 2024 17:10:09 DEBUG  ANS scores shape: torch.Size([2, 1683])
Sat 25 May 2024 17:10:09 DEBUG  ANS scores shape: torch.Size([2, 1683])
Sat 25 May 2024 17:10:09 DEBUG  ANS scores shape: torch.Size([2, 1683])
Sat 25 May 2024 17:10:09 DEBUG  ANS scores shape: torch.Size([2, 1683])
Sat 25 May 2024 17:10:09 DEBUG  ANS scores shape: torch.Size([2, 1683])
Sat 25 May 2024 17:10:09 DEBUG  ANS scores shape: torch.Size([2, 1683])
Sat 25 May 2024 17:10:09 DEBUG  ANS scores shape: torch.Size([2, 1683])
Sat 25 May 2024 17:10:09 DEBUG  ANS scores shape: torch.Size([2, 1683])
Sat 25 May 2024 17:10:09 DEBUG  ANS scores shape: torch.Size([2, 1683])
Sat 25 May 2024 17:10:09 DEBUG  ANS scores shape: torch.Size([2, 1683])
Sat 25 May 2024 17:10:09 DEBUG  ANS scores shape: torch.Size([2, 1683])
Sat 25 May 2024 17:10:09 DEBUG  ANS scores shape: torch.Size([2, 1683])
Sat 25 May 2024 17:10:09 DEBUG  ANS scores shape: torch.Size([2, 1683])
Sat 25 May 2024 17:10:09 DEBUG  ANS scores shape: torch.Size([2, 1683])
Sat 25 May 2024 17:10:09 DEBUG  ANS scores shape: torch.Size([2, 1683])
Sat 25 May 2024 17:10:09 DEBUG  ANS scores shape: torch.Size([2, 1683])
Sat 25 May 2024 17:10:09 DEBUG  ANS scores shape: torch.Size([2, 1683])
Sat 25 May 2024 17:10:09 DEBUG  ANS scores shape: torch.Size([2, 1683])
Sat 25 May 2024 17:10:09 DEBUG  ANS scores shape: torch.Size([2, 1683])
Sat 25 May 2024 17:10:09 DEBUG  ANS scores shape: torch.Size([2, 1683])
Sat 25 May 2024 17:10:09 DEBUG  ANS scores shape: torch.Size([2, 1683])
Sat 25 May 2024 17:10:09 DEBUG  ANS scores shape: torch.Size([2, 1683])
Sat 25 May 2024 17:10:09 DEBUG  ANS scores shape: torch.Size([2, 1683])
Sat 25 May 2024 17:10:09 DEBUG  ANS scores shape: torch.Size([2, 1683])
Sat 25 May 2024 17:10:09 DEBUG  ANS scores shape: torch.Size([2, 1683])
Sat 25 May 2024 17:10:09 DEBUG  ANS scores shape: torch.Size([2, 1683])
Sat 25 May 2024 17:10:09 DEBUG  ANS scores shape: torch.Size([2, 1683])
Sat 25 May 2024 17:10:09 DEBUG  ANS scores shape: torch.Size([2, 1683])
Sat 25 May 2024 17:10:09 DEBUG  ANS scores shape: torch.Size([2, 1683])
Sat 25 May 2024 17:10:09 DEBUG  ANS scores shape: torch.Size([2, 1683])
Sat 25 May 2024 17:10:09 DEBUG  ANS scores shape: torch.Size([2, 1683])
Sat 25 May 2024 17:10:09 DEBUG  ANS scores shape: torch.Size([2, 1683])
Sat 25 May 2024 17:10:09 DEBUG  ANS scores shape: torch.Size([2, 1683])
Sat 25 May 2024 17:10:09 DEBUG  ANS scores shape: torch.Size([2, 1683])
Sat 25 May 2024 17:10:09 DEBUG  ANS scores shape: torch.Size([2, 1683])
Sat 25 May 2024 17:10:09 DEBUG  ANS scores shape: torch.Size([2, 1683])
Sat 25 May 2024 17:10:09 DEBUG  ANS scores shape: torch.Size([2, 1683])
Sat 25 May 2024 17:10:09 DEBUG  ANS scores shape: torch.Size([2, 1683])
Sat 25 May 2024 17:10:09 DEBUG  ANS scores shape: torch.Size([2, 1683])
Sat 25 May 2024 17:10:09 DEBUG  ANS scores shape: torch.Size([2, 1683])
Sat 25 May 2024 17:10:09 DEBUG  ANS scores shape: torch.Size([2, 1683])
Sat 25 May 2024 17:10:09 DEBUG  ANS scores shape: torch.Size([2, 1683])
Sat 25 May 2024 17:10:09 DEBUG  ANS scores shape: torch.Size([2, 1683])
Sat 25 May 2024 17:10:09 DEBUG  ANS scores shape: torch.Size([2, 1683])
Sat 25 May 2024 17:10:09 DEBUG  ANS scores shape: torch.Size([2, 1683])
Sat 25 May 2024 17:10:09 DEBUG  ANS scores shape: torch.Size([2, 1683])
Sat 25 May 2024 17:10:09 DEBUG  ANS scores shape: torch.Size([2, 1683])
Sat 25 May 2024 17:10:09 DEBUG  ANS scores shape: torch.Size([2, 1683])
Sat 25 May 2024 17:10:09 DEBUG  ANS scores shape: torch.Size([2, 1683])
Sat 25 May 2024 17:10:09 DEBUG  ANS scores shape: torch.Size([2, 1683])
Sat 25 May 2024 17:10:09 DEBUG  ANS scores shape: torch.Size([2, 1683])
Sat 25 May 2024 17:10:09 DEBUG  ANS scores shape: torch.Size([2, 1683])
Sat 25 May 2024 17:10:09 DEBUG  ANS scores shape: torch.Size([2, 1683])
Sat 25 May 2024 17:10:09 DEBUG  ANS scores shape: torch.Size([2, 1683])
Sat 25 May 2024 17:10:09 DEBUG  ANS scores shape: torch.Size([2, 1683])
Sat 25 May 2024 17:10:09 DEBUG  ANS scores shape: torch.Size([2, 1683])
Sat 25 May 2024 17:10:09 DEBUG  ANS scores shape: torch.Size([2, 1683])
Sat 25 May 2024 17:10:09 DEBUG  ANS scores shape: torch.Size([2, 1683])
Sat 25 May 2024 17:10:09 DEBUG  ANS scores shape: torch.Size([2, 1683])
Sat 25 May 2024 17:10:09 DEBUG  ANS scores shape: torch.Size([2, 1683])
Sat 25 May 2024 17:10:09 DEBUG  ANS scores shape: torch.Size([2, 1683])
Sat 25 May 2024 17:10:09 DEBUG  ANS scores shape: torch.Size([2, 1683])
Sat 25 May 2024 17:10:09 DEBUG  ANS scores shape: torch.Size([2, 1683])
Sat 25 May 2024 17:10:09 DEBUG  ANS scores shape: torch.Size([2, 1683])
Sat 25 May 2024 17:10:09 DEBUG  ANS scores shape: torch.Size([2, 1683])
Sat 25 May 2024 17:10:09 DEBUG  ANS scores shape: torch.Size([2, 1683])
Sat 25 May 2024 17:10:09 DEBUG  ANS scores shape: torch.Size([2, 1683])
Sat 25 May 2024 17:10:09 DEBUG  ANS scores shape: torch.Size([2, 1683])
Sat 25 May 2024 17:10:09 DEBUG  ANS scores shape: torch.Size([2, 1683])
Sat 25 May 2024 17:10:09 DEBUG  ANS scores shape: torch.Size([2, 1683])
Sat 25 May 2024 17:10:09 DEBUG  ANS scores shape: torch.Size([2, 1683])
Sat 25 May 2024 17:10:09 DEBUG  ANS scores shape: torch.Size([2, 1683])
Sat 25 May 2024 17:10:09 DEBUG  ANS scores shape: torch.Size([2, 1683])
Sat 25 May 2024 17:10:09 DEBUG  ANS scores shape: torch.Size([2, 1683])
Sat 25 May 2024 17:10:09 DEBUG  ANS scores shape: torch.Size([2, 1683])
Sat 25 May 2024 17:10:09 DEBUG  ANS scores shape: torch.Size([2, 1683])
Sat 25 May 2024 17:10:09 DEBUG  ANS scores shape: torch.Size([2, 1683])
Sat 25 May 2024 17:10:09 DEBUG  ANS scores shape: torch.Size([2, 1683])
Sat 25 May 2024 17:10:09 DEBUG  ANS scores shape: torch.Size([2, 1683])
Sat 25 May 2024 17:10:09 DEBUG  ANS scores shape: torch.Size([2, 1683])
Sat 25 May 2024 17:10:09 DEBUG  ANS scores shape: torch.Size([2, 1683])
Sat 25 May 2024 17:10:09 DEBUG  ANS scores shape: torch.Size([2, 1683])
Sat 25 May 2024 17:10:09 DEBUG  ANS scores shape: torch.Size([2, 1683])
Sat 25 May 2024 17:10:09 DEBUG  ANS scores shape: torch.Size([2, 1683])
Sat 25 May 2024 17:10:09 DEBUG  ANS scores shape: torch.Size([2, 1683])
Sat 25 May 2024 17:10:09 DEBUG  ANS scores shape: torch.Size([2, 1683])
Sat 25 May 2024 17:10:09 DEBUG  ANS scores shape: torch.Size([2, 1683])
Sat 25 May 2024 17:10:09 DEBUG  ANS scores shape: torch.Size([2, 1683])
Sat 25 May 2024 17:10:09 DEBUG  ANS scores shape: torch.Size([2, 1683])
Sat 25 May 2024 17:10:09 DEBUG  ANS scores shape: torch.Size([2, 1683])
Sat 25 May 2024 17:10:09 DEBUG  ANS scores shape: torch.Size([2, 1683])
Sat 25 May 2024 17:10:09 DEBUG  ANS scores shape: torch.Size([2, 1683])
Sat 25 May 2024 17:10:09 DEBUG  ANS scores shape: torch.Size([2, 1683])
Sat 25 May 2024 17:10:09 DEBUG  ANS scores shape: torch.Size([2, 1683])
Sat 25 May 2024 17:10:09 DEBUG  ANS scores shape: torch.Size([2, 1683])
Sat 25 May 2024 17:10:09 DEBUG  ANS scores shape: torch.Size([2, 1683])
Sat 25 May 2024 17:10:09 DEBUG  ANS scores shape: torch.Size([2, 1683])
Sat 25 May 2024 17:10:09 DEBUG  ANS scores shape: torch.Size([2, 1683])
Sat 25 May 2024 17:10:09 DEBUG  ANS scores shape: torch.Size([2, 1683])
Sat 25 May 2024 17:10:09 DEBUG  ANS scores shape: torch.Size([2, 1683])
Sat 25 May 2024 17:10:09 DEBUG  ANS scores shape: torch.Size([2, 1683])
Sat 25 May 2024 17:10:09 DEBUG  ANS scores shape: torch.Size([2, 1683])
Sat 25 May 2024 17:10:09 DEBUG  ANS scores shape: torch.Size([2, 1683])
Sat 25 May 2024 17:10:09 DEBUG  ANS scores shape: torch.Size([2, 1683])
Sat 25 May 2024 17:10:09 DEBUG  ANS scores shape: torch.Size([2, 1683])
Sat 25 May 2024 17:10:09 DEBUG  ANS scores shape: torch.Size([2, 1683])
Sat 25 May 2024 17:10:09 DEBUG  ANS scores shape: torch.Size([2, 1683])
Sat 25 May 2024 17:10:09 DEBUG  ANS scores shape: torch.Size([2, 1683])
Sat 25 May 2024 17:10:09 DEBUG  ANS scores shape: torch.Size([2, 1683])
Sat 25 May 2024 17:10:09 DEBUG  ANS scores shape: torch.Size([2, 1683])
Sat 25 May 2024 17:10:09 DEBUG  ANS scores shape: torch.Size([2, 1683])
Sat 25 May 2024 17:10:09 DEBUG  ANS scores shape: torch.Size([2, 1683])
Sat 25 May 2024 17:10:09 DEBUG  ANS scores shape: torch.Size([2, 1683])
Sat 25 May 2024 17:10:09 DEBUG  ANS scores shape: torch.Size([2, 1683])
Sat 25 May 2024 17:10:09 DEBUG  ANS scores shape: torch.Size([2, 1683])
Sat 25 May 2024 17:10:09 DEBUG  ANS scores shape: torch.Size([2, 1683])
Sat 25 May 2024 17:10:09 DEBUG  ANS scores shape: torch.Size([2, 1683])
Sat 25 May 2024 17:10:09 DEBUG  ANS scores shape: torch.Size([2, 1683])
Sat 25 May 2024 17:10:09 DEBUG  ANS scores shape: torch.Size([2, 1683])
Sat 25 May 2024 17:10:09 DEBUG  ANS scores shape: torch.Size([2, 1683])
Sat 25 May 2024 17:10:09 DEBUG  ANS scores shape: torch.Size([2, 1683])
Sat 25 May 2024 17:10:09 DEBUG  ANS scores shape: torch.Size([2, 1683])
Sat 25 May 2024 17:10:09 DEBUG  ANS scores shape: torch.Size([2, 1683])
Sat 25 May 2024 17:10:09 DEBUG  ANS scores shape: torch.Size([2, 1683])
Sat 25 May 2024 17:10:09 DEBUG  ANS scores shape: torch.Size([2, 1683])
Sat 25 May 2024 17:10:09 DEBUG  ANS scores shape: torch.Size([2, 1683])
Sat 25 May 2024 17:10:09 DEBUG  ANS scores shape: torch.Size([2, 1683])
Sat 25 May 2024 17:10:09 DEBUG  ANS scores shape: torch.Size([2, 1683])
Sat 25 May 2024 17:10:09 DEBUG  ANS scores shape: torch.Size([2, 1683])
Sat 25 May 2024 17:10:09 DEBUG  ANS scores shape: torch.Size([2, 1683])
Sat 25 May 2024 17:10:09 DEBUG  ANS scores shape: torch.Size([2, 1683])
Sat 25 May 2024 17:10:09 DEBUG  ANS scores shape: torch.Size([2, 1683])
Sat 25 May 2024 17:10:09 DEBUG  ANS scores shape: torch.Size([2, 1683])
Sat 25 May 2024 17:10:09 DEBUG  ANS scores shape: torch.Size([2, 1683])
Sat 25 May 2024 17:10:09 DEBUG  ANS scores shape: torch.Size([2, 1683])
Sat 25 May 2024 17:10:09 DEBUG  ANS scores shape: torch.Size([2, 1683])
Sat 25 May 2024 17:10:09 DEBUG  ANS scores shape: torch.Size([2, 1683])
Sat 25 May 2024 17:10:09 DEBUG  ANS scores shape: torch.Size([2, 1683])
Sat 25 May 2024 17:10:09 DEBUG  ANS scores shape: torch.Size([2, 1683])
Sat 25 May 2024 17:10:09 DEBUG  ANS scores shape: torch.Size([2, 1683])
Sat 25 May 2024 17:10:09 DEBUG  ANS scores shape: torch.Size([2, 1683])
Sat 25 May 2024 17:10:09 DEBUG  ANS scores shape: torch.Size([2, 1683])
Sat 25 May 2024 17:10:09 DEBUG  ANS scores shape: torch.Size([2, 1683])
Sat 25 May 2024 17:10:09 DEBUG  ANS scores shape: torch.Size([2, 1683])
Sat 25 May 2024 17:10:09 DEBUG  ANS scores shape: torch.Size([2, 1683])
Sat 25 May 2024 17:10:09 DEBUG  ANS scores shape: torch.Size([2, 1683])
Sat 25 May 2024 17:10:09 DEBUG  ANS scores shape: torch.Size([2, 1683])
Sat 25 May 2024 17:10:09 DEBUG  ANS scores shape: torch.Size([2, 1683])
Sat 25 May 2024 17:10:09 DEBUG  ANS scores shape: torch.Size([2, 1683])
Sat 25 May 2024 17:10:09 DEBUG  ANS scores shape: torch.Size([2, 1683])
Sat 25 May 2024 17:10:09 DEBUG  ANS scores shape: torch.Size([2, 1683])
Sat 25 May 2024 17:10:09 DEBUG  ANS scores shape: torch.Size([2, 1683])
Sat 25 May 2024 17:10:09 DEBUG  ANS scores shape: torch.Size([2, 1683])
Sat 25 May 2024 17:10:09 DEBUG  ANS scores shape: torch.Size([2, 1683])
Sat 25 May 2024 17:10:09 DEBUG  ANS scores shape: torch.Size([2, 1683])
Sat 25 May 2024 17:10:09 DEBUG  ANS scores shape: torch.Size([2, 1683])
Sat 25 May 2024 17:10:09 DEBUG  ANS scores shape: torch.Size([2, 1683])
Sat 25 May 2024 17:10:09 DEBUG  ANS scores shape: torch.Size([2, 1683])
Sat 25 May 2024 17:10:09 DEBUG  ANS scores shape: torch.Size([2, 1683])
Sat 25 May 2024 17:10:09 DEBUG  ANS scores shape: torch.Size([2, 1683])
Sat 25 May 2024 17:10:09 DEBUG  ANS scores shape: torch.Size([2, 1683])
Sat 25 May 2024 17:10:09 DEBUG  ANS scores shape: torch.Size([2, 1683])
Sat 25 May 2024 17:10:09 DEBUG  ANS scores shape: torch.Size([2, 1683])
Sat 25 May 2024 17:10:09 DEBUG  ANS scores shape: torch.Size([2, 1683])
Sat 25 May 2024 17:10:09 DEBUG  ANS scores shape: torch.Size([2, 1683])
Sat 25 May 2024 17:10:09 DEBUG  ANS scores shape: torch.Size([2, 1683])
Sat 25 May 2024 17:10:09 DEBUG  ANS scores shape: torch.Size([2, 1683])
Sat 25 May 2024 17:10:09 DEBUG  ANS scores shape: torch.Size([2, 1683])
Sat 25 May 2024 17:10:09 DEBUG  ANS scores shape: torch.Size([2, 1683])
Sat 25 May 2024 17:10:09 DEBUG  ANS scores shape: torch.Size([2, 1683])
Sat 25 May 2024 17:10:09 DEBUG  ANS scores shape: torch.Size([2, 1683])
Sat 25 May 2024 17:10:09 DEBUG  ANS scores shape: torch.Size([2, 1683])
Sat 25 May 2024 17:10:09 DEBUG  ANS scores shape: torch.Size([2, 1683])
Sat 25 May 2024 17:10:09 DEBUG  ANS scores shape: torch.Size([2, 1683])
Sat 25 May 2024 17:10:09 DEBUG  ANS scores shape: torch.Size([2, 1683])
Sat 25 May 2024 17:10:09 DEBUG  ANS scores shape: torch.Size([2, 1683])
Sat 25 May 2024 17:10:09 DEBUG  ANS scores shape: torch.Size([2, 1683])
Sat 25 May 2024 17:10:09 DEBUG  ANS scores shape: torch.Size([2, 1683])
Sat 25 May 2024 17:10:09 DEBUG  ANS scores shape: torch.Size([2, 1683])
Sat 25 May 2024 17:10:09 DEBUG  ANS scores shape: torch.Size([2, 1683])
Sat 25 May 2024 17:10:09 DEBUG  ANS scores shape: torch.Size([2, 1683])
Sat 25 May 2024 17:10:09 DEBUG  ANS scores shape: torch.Size([2, 1683])
Sat 25 May 2024 17:10:09 DEBUG  ANS scores shape: torch.Size([2, 1683])
Sat 25 May 2024 17:10:09 DEBUG  ANS scores shape: torch.Size([2, 1683])
Sat 25 May 2024 17:10:09 DEBUG  ANS scores shape: torch.Size([2, 1683])
Sat 25 May 2024 17:10:09 DEBUG  ANS scores shape: torch.Size([2, 1683])
Sat 25 May 2024 17:10:09 DEBUG  ANS scores shape: torch.Size([2, 1683])
Sat 25 May 2024 17:10:09 DEBUG  ANS scores shape: torch.Size([2, 1683])
Sat 25 May 2024 17:10:09 DEBUG  ANS scores shape: torch.Size([2, 1683])
Sat 25 May 2024 17:10:09 DEBUG  ANS scores shape: torch.Size([2, 1683])
Sat 25 May 2024 17:10:09 DEBUG  ANS scores shape: torch.Size([2, 1683])
Sat 25 May 2024 17:10:09 DEBUG  ANS scores shape: torch.Size([2, 1683])
Sat 25 May 2024 17:10:09 DEBUG  ANS scores shape: torch.Size([2, 1683])
Sat 25 May 2024 17:10:09 DEBUG  ANS scores shape: torch.Size([2, 1683])
Sat 25 May 2024 17:10:09 DEBUG  ANS scores shape: torch.Size([2, 1683])
Sat 25 May 2024 17:10:09 DEBUG  ANS scores shape: torch.Size([2, 1683])
Sat 25 May 2024 17:10:09 DEBUG  ANS scores shape: torch.Size([2, 1683])
Sat 25 May 2024 17:10:09 DEBUG  ANS scores shape: torch.Size([2, 1683])
Sat 25 May 2024 17:10:09 DEBUG  ANS scores shape: torch.Size([2, 1683])
Sat 25 May 2024 17:10:09 DEBUG  ANS scores shape: torch.Size([2, 1683])
Sat 25 May 2024 17:10:09 DEBUG  ANS scores shape: torch.Size([2, 1683])
Sat 25 May 2024 17:10:09 DEBUG  ANS scores shape: torch.Size([2, 1683])
Sat 25 May 2024 17:10:09 DEBUG  ANS scores shape: torch.Size([2, 1683])
Sat 25 May 2024 17:10:09 DEBUG  ANS scores shape: torch.Size([2, 1683])
Sat 25 May 2024 17:10:09 DEBUG  ANS scores shape: torch.Size([2, 1683])
Sat 25 May 2024 17:10:09 DEBUG  ANS scores shape: torch.Size([2, 1683])
Sat 25 May 2024 17:10:09 DEBUG  ANS scores shape: torch.Size([2, 1683])
Sat 25 May 2024 17:10:09 DEBUG  ANS scores shape: torch.Size([2, 1683])
Sat 25 May 2024 17:10:09 DEBUG  ANS scores shape: torch.Size([2, 1683])
Sat 25 May 2024 17:10:09 DEBUG  ANS scores shape: torch.Size([2, 1683])
Sat 25 May 2024 17:10:09 DEBUG  ANS scores shape: torch.Size([2, 1683])
Sat 25 May 2024 17:10:09 DEBUG  ANS scores shape: torch.Size([2, 1683])
Sat 25 May 2024 17:10:09 DEBUG  ANS scores shape: torch.Size([2, 1683])
Sat 25 May 2024 17:10:09 DEBUG  ANS scores shape: torch.Size([2, 1683])
Sat 25 May 2024 17:10:09 DEBUG  ANS scores shape: torch.Size([2, 1683])
Sat 25 May 2024 17:10:09 DEBUG  ANS scores shape: torch.Size([2, 1683])
Sat 25 May 2024 17:10:09 DEBUG  ANS scores shape: torch.Size([2, 1683])
Sat 25 May 2024 17:10:09 DEBUG  ANS scores shape: torch.Size([2, 1683])
Sat 25 May 2024 17:10:09 DEBUG  ANS scores shape: torch.Size([2, 1683])
Sat 25 May 2024 17:10:09 DEBUG  ANS scores shape: torch.Size([2, 1683])
Sat 25 May 2024 17:10:09 DEBUG  ANS scores shape: torch.Size([2, 1683])
Sat 25 May 2024 17:10:09 DEBUG  ANS scores shape: torch.Size([2, 1683])
Sat 25 May 2024 17:10:09 DEBUG  ANS scores shape: torch.Size([2, 1683])
Sat 25 May 2024 17:10:09 DEBUG  ANS scores shape: torch.Size([2, 1683])
Sat 25 May 2024 17:10:09 DEBUG  ANS scores shape: torch.Size([2, 1683])
Sat 25 May 2024 17:10:09 DEBUG  ANS scores shape: torch.Size([2, 1683])
Sat 25 May 2024 17:10:09 DEBUG  ANS scores shape: torch.Size([2, 1683])
Sat 25 May 2024 17:10:09 DEBUG  ANS scores shape: torch.Size([2, 1683])
Sat 25 May 2024 17:10:09 DEBUG  ANS scores shape: torch.Size([2, 1683])
Sat 25 May 2024 17:10:09 DEBUG  ANS scores shape: torch.Size([2, 1683])
Sat 25 May 2024 17:10:09 DEBUG  ANS scores shape: torch.Size([2, 1683])
Sat 25 May 2024 17:10:09 DEBUG  ANS scores shape: torch.Size([2, 1683])
Sat 25 May 2024 17:10:09 DEBUG  ANS scores shape: torch.Size([2, 1683])
Sat 25 May 2024 17:10:09 DEBUG  ANS scores shape: torch.Size([2, 1683])
Sat 25 May 2024 17:10:09 DEBUG  ANS scores shape: torch.Size([2, 1683])
Sat 25 May 2024 17:10:09 DEBUG  ANS scores shape: torch.Size([2, 1683])
Sat 25 May 2024 17:10:09 DEBUG  ANS scores shape: torch.Size([2, 1683])
Sat 25 May 2024 17:10:09 DEBUG  ANS scores shape: torch.Size([2, 1683])
Sat 25 May 2024 17:10:09 DEBUG  ANS scores shape: torch.Size([2, 1683])
Sat 25 May 2024 17:10:09 DEBUG  ANS scores shape: torch.Size([2, 1683])
Sat 25 May 2024 17:10:09 DEBUG  ANS scores shape: torch.Size([2, 1683])
Sat 25 May 2024 17:10:09 DEBUG  ANS scores shape: torch.Size([2, 1683])
Sat 25 May 2024 17:10:09 DEBUG  ANS scores shape: torch.Size([2, 1683])
Sat 25 May 2024 17:10:09 DEBUG  ANS scores shape: torch.Size([2, 1683])
Sat 25 May 2024 17:10:09 DEBUG  ANS scores shape: torch.Size([2, 1683])
Sat 25 May 2024 17:10:09 DEBUG  ANS scores shape: torch.Size([2, 1683])
Sat 25 May 2024 17:10:09 DEBUG  ANS scores shape: torch.Size([2, 1683])
Sat 25 May 2024 17:10:09 DEBUG  ANS scores shape: torch.Size([2, 1683])
Sat 25 May 2024 17:10:09 DEBUG  ANS scores shape: torch.Size([2, 1683])
Sat 25 May 2024 17:10:09 DEBUG  ANS scores shape: torch.Size([2, 1683])
Sat 25 May 2024 17:10:09 DEBUG  ANS scores shape: torch.Size([2, 1683])
Sat 25 May 2024 17:10:09 DEBUG  ANS scores shape: torch.Size([2, 1683])
Sat 25 May 2024 17:10:09 DEBUG  ANS scores shape: torch.Size([2, 1683])
Sat 25 May 2024 17:10:09 DEBUG  ANS scores shape: torch.Size([2, 1683])
Sat 25 May 2024 17:10:09 DEBUG  ANS scores shape: torch.Size([1, 1683])
Sat 25 May 2024 17:10:09 INFO  epoch 0 evaluating [time: 0.37s, valid_score: 0.026400]
Sat 25 May 2024 17:10:09 INFO  valid result: 
recall@20 : 0.0125    mrr@20 : 0.0264    ndcg@20 : 0.0103    hit@20 : 0.1241    precision@20 : 0.007
Sat 25 May 2024 17:10:09 INFO  Saving current: saved/ANS-May-25-2024_17-10-07.pth
Sat 25 May 2024 17:10:09 DEBUG  len train_data: 80808
