Sun 26 May 2024 15:59:10 INFO  ['run_recbole.py', '--model=ANS', '--dataset=ml-100k']
Sun 26 May 2024 15:59:10 INFO  
General Hyper Parameters:
gpu_id = 0
use_gpu = True
seed = 2020
state = DEBUG
reproducibility = True
data_path = /home/simeon/Git_Repositories/ANS-Recbole/recbole/config/../dataset_example/ml-100k
checkpoint_dir = saved
show_progress = False
save_dataset = False
dataset_save_path = None
save_dataloaders = False
dataloaders_save_path = None
log_wandb = False

Training Hyper Parameters:
epochs = 500
train_batch_size = 2048
learner = adam
learning_rate = 0.0001
train_neg_sample_args = {'distribution': 'uniform', 'sample_num': 1, 'alpha': 1.0, 'dynamic': False, 'candidate_num': 1}
eval_step = 1
stopping_step = 100
clip_grad_norm = None
weight_decay = 0.0
loss_decimal_place = 4

Evaluation Hyper Parameters:
eval_args = {'split': {'RS': [0.8, 0.1, 0.1]}, 'group_by': 'user', 'order': 'RO', 'mode': 'full'}
repeatable = False
metrics = ['Recall', 'MRR', 'NDCG', 'Hit', 'Precision']
topk = [20]
valid_metric = MRR@20
valid_metric_bigger = True
eval_batch_size = 4096
metric_decimal_place = 4

Dataset Hyper Parameters:
field_separator = 	
seq_separator =  
USER_ID_FIELD = user_id
ITEM_ID_FIELD = item_id
RATING_FIELD = rating
TIME_FIELD = timestamp
seq_len = None
LABEL_FIELD = label
threshold = {'rating': 4.0}
NEG_PREFIX = neg_
load_col = {'inter': ['user_id', 'item_id', 'rating']}
unload_col = None
unused_col = None
additional_feat_suffix = None
rm_dup_inter = None
val_interval = None
filter_inter_by_user_or_item = True
user_inter_num_interval = None
item_inter_num_interval = None
alias_of_user_id = None
alias_of_item_id = None
alias_of_entity_id = None
alias_of_relation_id = None
preload_weight = None
normalize_field = None
normalize_all = True
ITEM_LIST_LENGTH_FIELD = item_length
LIST_SUFFIX = _list
MAX_ITEM_LIST_LENGTH = 50
POSITION_FIELD = position_id
HEAD_ENTITY_ID_FIELD = head_id
TAIL_ENTITY_ID_FIELD = tail_id
RELATION_ID_FIELD = relation_id
ENTITY_ID_FIELD = entity_id
kg_reverse_r = False
entity_kg_num_interval = None
relation_kg_num_interval = None
benchmark_filename = None

Other Hyper Parameters: 
worker = 0
wandb_project = recbole
shuffle = True
require_pow = False
enable_amp = False
enable_scaler = False
transform = None
train_after_converge = True
positive_sampling = True
embedding_size = 64
n_layers = 3
reg_weight = 0.0001
eps = 0.3
gamma = 0.15
numerical_features = []
discretization = None
MODEL_TYPE = ModelType.GENERAL
MODEL_INPUT_TYPE = InputType.PAIRWISE
eval_type = EvaluatorType.RANKING
single_spec = True
local_rank = 0
device = cuda
eval_neg_sample_args = {'distribution': 'uniform', 'sample_num': 'none'}


Sun 26 May 2024 15:59:10 DEBUG  Loading <class 'recbole.data.dataset.dataset.Dataset'> from scratch.
Sun 26 May 2024 15:59:10 DEBUG  uid_field: user_id
Sun 26 May 2024 15:59:10 DEBUG  iid_field: item_id
Sun 26 May 2024 15:59:10 DEBUG  Loading feature from [/home/simeon/Git_Repositories/ANS-Recbole/recbole/config/../dataset_example/ml-100k/ml-100k.inter] (source: [FeatureSource.INTERACTION]).
Sun 26 May 2024 15:59:10 DEBUG  [inter]: 
Sun 26 May 2024 15:59:10 DEBUG  	 load_col: [{'item_id', 'user_id', 'rating'}]
Sun 26 May 2024 15:59:10 DEBUG  	 unload_col: [None]
Sun 26 May 2024 15:59:10 DEBUG  Interaction feature loaded successfully from [/home/simeon/Git_Repositories/ANS-Recbole/recbole/config/../dataset_example/ml-100k/ml-100k.inter].
Sun 26 May 2024 15:59:10 DEBUG  Loading feature from [/home/simeon/Git_Repositories/ANS-Recbole/recbole/config/../dataset_example/ml-100k/ml-100k.user] (source: [FeatureSource.USER]).
Sun 26 May 2024 15:59:10 DEBUG  [user]: 
Sun 26 May 2024 15:59:10 DEBUG  	 load_col: [set()]
Sun 26 May 2024 15:59:10 DEBUG  	 unload_col: [None]
Sun 26 May 2024 15:59:10 DEBUG  [user] feature loaded successfully from [/home/simeon/Git_Repositories/ANS-Recbole/recbole/config/../dataset_example/ml-100k/ml-100k.user].
Sun 26 May 2024 15:59:10 DEBUG  Loading feature from [/home/simeon/Git_Repositories/ANS-Recbole/recbole/config/../dataset_example/ml-100k/ml-100k.item] (source: [FeatureSource.ITEM]).
Sun 26 May 2024 15:59:10 DEBUG  [item]: 
Sun 26 May 2024 15:59:10 DEBUG  	 load_col: [set()]
Sun 26 May 2024 15:59:10 DEBUG  	 unload_col: [None]
Sun 26 May 2024 15:59:10 DEBUG  [item] feature loaded successfully from [/home/simeon/Git_Repositories/ANS-Recbole/recbole/config/../dataset_example/ml-100k/ml-100k.item].
Sun 26 May 2024 15:59:10 DEBUG  drop_by_value: val={}
Sun 26 May 2024 15:59:10 DEBUG  Filling nan
Sun 26 May 2024 15:59:10 DEBUG  Set label by {'rating': 4.0}.
Sun 26 May 2024 15:59:10 DEBUG  Delete column [rating].
Sun 26 May 2024 15:59:10 DEBUG  Normalized fields: ['label']
Sun 26 May 2024 15:59:10 INFO  ml-100k
The number of users: 944
Average actions of users: 106.04453870625663
The number of items: 1683
Average actions of items: 59.45303210463734
The number of inters: 100000
The sparsity of the dataset: 93.70575143257098%
Remain Fields: ['user_id', 'item_id', 'label']
Sun 26 May 2024 15:59:10 DEBUG  split by ratios [[0.8, 0.1, 0.1]], group_by=[user_id]
Sun 26 May 2024 15:59:10 INFO  [Training]: train_batch_size = [2048] train_neg_sample_args: [{'distribution': 'uniform', 'sample_num': 1, 'alpha': 1.0, 'dynamic': False, 'candidate_num': 1}]
Sun 26 May 2024 15:59:10 INFO  [Evaluation]: eval_batch_size = [4096] eval_args: [{'split': {'RS': [0.8, 0.1, 0.1]}, 'group_by': 'user', 'order': 'RO', 'mode': 'full'}]
Sun 26 May 2024 15:59:12 INFO  ANS(
  (user_embedding): Embedding(944, 64)
  (item_embedding): Embedding(1683, 64)
  (mf_loss): BPRLoss()
  (reg_loss): EmbLoss()
  (user_gate): Linear(in_features=64, out_features=64, bias=True)
  (item_gate): Linear(in_features=64, out_features=64, bias=True)
  (pos_gate): Linear(in_features=64, out_features=64, bias=True)
  (neg_gate): Linear(in_features=64, out_features=64, bias=True)
  (hard_gate): Linear(in_features=64, out_features=64, bias=True)
  (conf_gate): Linear(in_features=64, out_features=64, bias=True)
  (easy_gate): Linear(in_features=64, out_features=64, bias=True)
  (margin_model): Linear(in_features=64, out_features=1, bias=True)
)
Trainable parameters: 197313
Sun 26 May 2024 15:59:12 INFO  FLOPs: 0.0
Sun 26 May 2024 15:59:13 DEBUG  Scores for user 0: torch.Size([1683, 64])
Sun 26 May 2024 15:59:13 DEBUG  Scores for user 1: torch.Size([1650, 64])
Sun 26 May 2024 15:59:13 DEBUG  Scores for user 2: torch.Size([1609, 64])
Sun 26 May 2024 15:59:13 DEBUG  Scores for user 3: torch.Size([1579, 64])
Sun 26 May 2024 15:59:13 DEBUG  Scores for user 4: torch.Size([1491, 64])
Sun 26 May 2024 15:59:13 DEBUG  Scores for user 5: torch.Size([1667, 64])
Sun 26 May 2024 15:59:13 DEBUG  Scores for user 6: torch.Size([1580, 64])
Sun 26 May 2024 15:59:13 DEBUG  Scores for user 7: torch.Size([1609, 64])
Sun 26 May 2024 15:59:13 DEBUG  Scores for user 8: torch.Size([1604, 64])
Sun 26 May 2024 15:59:13 DEBUG  Scores for user 9: torch.Size([1505, 64])
Sun 26 May 2024 15:59:13 DEBUG  Scores for user 10: torch.Size([1514, 64])
Sun 26 May 2024 15:59:14 DEBUG  Scores for user 11: torch.Size([1497, 64])
Sun 26 May 2024 15:59:14 DEBUG  Scores for user 12: torch.Size([1451, 64])
Sun 26 May 2024 15:59:14 DEBUG  Scores for user 13: torch.Size([1509, 64])
Sun 26 May 2024 15:59:14 DEBUG  Scores for user 14: torch.Size([1577, 64])
Sun 26 May 2024 15:59:14 DEBUG  Scores for user 15: torch.Size([1570, 64])
Sun 26 May 2024 15:59:14 DEBUG  Scores for user 16: torch.Size([1295, 64])
Sun 26 May 2024 15:59:14 DEBUG  Scores for user 17: torch.Size([1634, 64])
Sun 26 May 2024 15:59:14 DEBUG  Scores for user 18: torch.Size([1438, 64])
Sun 26 May 2024 15:59:14 DEBUG  Scores for user 19: torch.Size([1445, 64])
Sun 26 May 2024 15:59:14 DEBUG  Scores for user 20: torch.Size([1299, 64])
Sun 26 May 2024 15:59:14 DEBUG  Scores for user 21: torch.Size([1538, 64])
Sun 26 May 2024 15:59:14 DEBUG  Scores for user 22: torch.Size([1626, 64])
Sun 26 May 2024 15:59:14 DEBUG  Scores for user 23: torch.Size([1459, 64])
Sun 26 May 2024 15:59:14 DEBUG  Scores for user 24: torch.Size([1364, 64])
Sun 26 May 2024 15:59:14 DEBUG  Scores for user 25: torch.Size([1459, 64])
Sun 26 May 2024 15:59:14 DEBUG  Scores for user 26: torch.Size([1586, 64])
Sun 26 May 2024 15:59:14 DEBUG  Scores for user 27: torch.Size([1509, 64])
Sun 26 May 2024 15:59:14 DEBUG  Scores for user 28: torch.Size([1608, 64])
Sun 26 May 2024 15:59:14 DEBUG  Scores for user 29: torch.Size([1587, 64])
Sun 26 May 2024 15:59:14 DEBUG  Scores for user 30: torch.Size([1663, 64])
Sun 26 May 2024 15:59:14 DEBUG  Scores for user 31: torch.Size([1462, 64])
Sun 26 May 2024 15:59:14 DEBUG  Scores for user 32: torch.Size([1660, 64])
Sun 26 May 2024 15:59:14 DEBUG  Scores for user 33: torch.Size([1563, 64])
Sun 26 May 2024 15:59:14 DEBUG  Scores for user 34: torch.Size([1632, 64])
Sun 26 May 2024 15:59:14 DEBUG  Scores for user 35: torch.Size([1642, 64])
Sun 26 May 2024 15:59:15 DEBUG  Scores for user 36: torch.Size([1334, 64])
Sun 26 May 2024 15:59:15 DEBUG  Scores for user 37: torch.Size([1664, 64])
Sun 26 May 2024 15:59:15 DEBUG  Scores for user 38: torch.Size([1267, 64])
Sun 26 May 2024 15:59:15 DEBUG  Scores for user 39: torch.Size([1360, 64])
Sun 26 May 2024 15:59:15 DEBUG  Scores for user 40: torch.Size([1535, 64])
Sun 26 May 2024 15:59:15 DEBUG  Scores for user 41: torch.Size([1644, 64])
Sun 26 May 2024 15:59:15 DEBUG  Scores for user 42: torch.Size([1373, 64])
Sun 26 May 2024 15:59:15 DEBUG  Scores for user 43: torch.Size([1633, 64])
Sun 26 May 2024 15:59:15 DEBUG  Scores for user 44: torch.Size([1526, 64])
Sun 26 May 2024 15:59:15 DEBUG  Scores for user 45: torch.Size([1667, 64])
Sun 26 May 2024 15:59:15 DEBUG  Scores for user 46: torch.Size([1554, 64])
Sun 26 May 2024 15:59:15 DEBUG  Scores for user 47: torch.Size([1573, 64])
Sun 26 May 2024 15:59:15 DEBUG  Scores for user 48: torch.Size([1464, 64])
Sun 26 May 2024 15:59:15 DEBUG  Scores for user 49: torch.Size([1620, 64])
Sun 26 May 2024 15:59:15 DEBUG  Scores for user 50: torch.Size([1635, 64])
Sun 26 May 2024 15:59:15 DEBUG  Scores for user 51: torch.Size([1663, 64])
Sun 26 May 2024 15:59:15 DEBUG  Scores for user 52: torch.Size([1619, 64])
Sun 26 May 2024 15:59:15 DEBUG  Scores for user 53: torch.Size([1377, 64])
Sun 26 May 2024 15:59:15 DEBUG  Scores for user 54: torch.Size([1572, 64])
Sun 26 May 2024 15:59:15 DEBUG  Scores for user 55: torch.Size([1514, 64])
Sun 26 May 2024 15:59:15 DEBUG  Scores for user 56: torch.Size([1536, 64])
Sun 26 May 2024 15:59:15 DEBUG  Scores for user 57: torch.Size([1583, 64])
Sun 26 May 2024 15:59:15 DEBUG  Scores for user 58: torch.Size([1643, 64])
Sun 26 May 2024 15:59:15 DEBUG  Scores for user 59: torch.Size([1173, 64])
Sun 26 May 2024 15:59:15 DEBUG  Scores for user 60: torch.Size([1642, 64])
Sun 26 May 2024 15:59:15 DEBUG  Scores for user 61: torch.Size([1515, 64])
Sun 26 May 2024 15:59:15 DEBUG  Scores for user 62: torch.Size([1597, 64])
Sun 26 May 2024 15:59:15 DEBUG  Scores for user 63: torch.Size([1598, 64])
Sun 26 May 2024 15:59:15 DEBUG  Scores for user 64: torch.Size([1532, 64])
Sun 26 May 2024 15:59:15 DEBUG  Scores for user 65: torch.Size([1618, 64])
Sun 26 May 2024 15:59:15 DEBUG  Scores for user 66: torch.Size([1371, 64])
Sun 26 May 2024 15:59:15 DEBUG  Scores for user 67: torch.Size([1664, 64])
Sun 26 May 2024 15:59:15 DEBUG  Scores for user 68: torch.Size([1554, 64])
Sun 26 May 2024 15:59:16 DEBUG  Scores for user 69: torch.Size([1371, 64])
Sun 26 May 2024 15:59:16 DEBUG  Scores for user 70: torch.Size([1664, 64])
Sun 26 May 2024 15:59:16 DEBUG  Scores for user 71: torch.Size([1372, 64])
Sun 26 May 2024 15:59:16 DEBUG  Scores for user 72: torch.Size([1534, 64])
Sun 26 May 2024 15:59:16 DEBUG  Scores for user 73: torch.Size([1538, 64])
Sun 26 May 2024 15:59:16 DEBUG  Scores for user 74: torch.Size([1634, 64])
Sun 26 May 2024 15:59:16 DEBUG  Scores for user 75: torch.Size([1649, 64])
Sun 26 May 2024 15:59:16 DEBUG  Scores for user 76: torch.Size([1335, 64])
Sun 26 May 2024 15:59:16 DEBUG  Scores for user 77: torch.Size([1429, 64])
Sun 26 May 2024 15:59:16 DEBUG  Scores for user 78: torch.Size([1618, 64])
Sun 26 May 2024 15:59:16 DEBUG  Scores for user 79: torch.Size([1638, 64])
Sun 26 May 2024 15:59:16 DEBUG  Scores for user 80: torch.Size([1650, 64])
Sun 26 May 2024 15:59:16 DEBUG  Scores for user 81: torch.Size([1443, 64])
Sun 26 May 2024 15:59:16 DEBUG  Scores for user 82: torch.Size([1578, 64])
Sun 26 May 2024 15:59:16 DEBUG  Scores for user 83: torch.Size([1585, 64])
Sun 26 May 2024 15:59:16 DEBUG  Scores for user 84: torch.Size([1459, 64])
Sun 26 May 2024 15:59:16 DEBUG  Scores for user 85: torch.Size([1645, 64])
Sun 26 May 2024 15:59:16 DEBUG  Scores for user 86: torch.Size([1538, 64])
Sun 26 May 2024 15:59:16 DEBUG  Scores for user 87: torch.Size([1626, 64])
Sun 26 May 2024 15:59:16 DEBUG  Scores for user 88: torch.Size([1576, 64])
Sun 26 May 2024 15:59:16 DEBUG  Scores for user 89: torch.Size([1559, 64])
Sun 26 May 2024 15:59:16 DEBUG  Scores for user 90: torch.Size([1643, 64])
Sun 26 May 2024 15:59:16 DEBUG  Scores for user 91: torch.Size([1363, 64])
Sun 26 May 2024 15:59:16 DEBUG  Scores for user 92: torch.Size([1535, 64])
Sun 26 May 2024 15:59:16 DEBUG  Scores for user 93: torch.Size([1562, 64])
Sun 26 May 2024 15:59:16 DEBUG  Scores for user 94: torch.Size([1587, 64])
Sun 26 May 2024 15:59:16 DEBUG  Scores for user 95: torch.Size([1641, 64])
Sun 26 May 2024 15:59:16 DEBUG  Scores for user 96: torch.Size([1547, 64])
Sun 26 May 2024 15:59:16 DEBUG  Scores for user 97: torch.Size([1555, 64])
Sun 26 May 2024 15:59:16 DEBUG  Scores for user 98: torch.Size([1540, 64])
Sun 26 May 2024 15:59:16 DEBUG  Scores for user 99: torch.Size([1506, 64])
Sun 26 May 2024 15:59:16 DEBUG  Scores for user 100: torch.Size([1627, 64])
Sun 26 May 2024 15:59:17 DEBUG  Scores for user 101: torch.Size([1424, 64])
Sun 26 May 2024 15:59:17 DEBUG  Scores for user 102: torch.Size([1645, 64])
Sun 26 May 2024 15:59:17 DEBUG  Scores for user 103: torch.Size([1451, 64])
Sun 26 May 2024 15:59:17 DEBUG  Scores for user 104: torch.Size([1581, 64])
Sun 26 May 2024 15:59:17 DEBUG  Scores for user 105: torch.Size([1623, 64])
Sun 26 May 2024 15:59:17 DEBUG  Scores for user 106: torch.Size([1510, 64])
Sun 26 May 2024 15:59:17 DEBUG  Scores for user 107: torch.Size([1665, 64])
Sun 26 May 2024 15:59:17 DEBUG  Scores for user 108: torch.Size([1655, 64])
Sun 26 May 2024 15:59:17 DEBUG  Scores for user 109: torch.Size([1660, 64])
Sun 26 May 2024 15:59:17 DEBUG  Scores for user 110: torch.Size([1667, 64])
Sun 26 May 2024 15:59:17 DEBUG  Scores for user 111: torch.Size([1419, 64])
Sun 26 May 2024 15:59:17 DEBUG  Scores for user 112: torch.Size([1542, 64])
Sun 26 May 2024 15:59:17 DEBUG  Scores for user 113: torch.Size([1658, 64])
Sun 26 May 2024 15:59:17 DEBUG  Scores for user 114: torch.Size([1651, 64])
Sun 26 May 2024 15:59:17 DEBUG  Scores for user 115: torch.Size([1460, 64])
Sun 26 May 2024 15:59:17 DEBUG  Scores for user 116: torch.Size([1596, 64])
Sun 26 May 2024 15:59:17 DEBUG  Scores for user 117: torch.Size([1400, 64])
Sun 26 May 2024 15:59:17 DEBUG  Scores for user 118: torch.Size([1516, 64])
Sun 26 May 2024 15:59:17 DEBUG  Scores for user 119: torch.Size([1465, 64])
Sun 26 May 2024 15:59:17 DEBUG  Scores for user 120: torch.Size([1532, 64])
Sun 26 May 2024 15:59:17 DEBUG  Scores for user 121: torch.Size([1599, 64])
Sun 26 May 2024 15:59:17 DEBUG  Scores for user 122: torch.Size([1499, 64])
Sun 26 May 2024 15:59:17 DEBUG  Scores for user 123: torch.Size([1608, 64])
Sun 26 May 2024 15:59:17 DEBUG  Scores for user 124: torch.Size([1637, 64])
Sun 26 May 2024 15:59:18 DEBUG  Scores for user 125: torch.Size([1635, 64])
Sun 26 May 2024 15:59:18 DEBUG  Scores for user 126: torch.Size([1630, 64])
Sun 26 May 2024 15:59:18 DEBUG  Scores for user 127: torch.Size([1537, 64])
Sun 26 May 2024 15:59:18 DEBUG  Scores for user 128: torch.Size([1558, 64])
Sun 26 May 2024 15:59:18 DEBUG  Scores for user 129: torch.Size([1642, 64])
Sun 26 May 2024 15:59:18 DEBUG  Scores for user 130: torch.Size([1436, 64])
Sun 26 May 2024 15:59:18 DEBUG  Scores for user 131: torch.Size([1630, 64])
Sun 26 May 2024 15:59:18 DEBUG  Scores for user 132: torch.Size([1571, 64])
Sun 26 May 2024 15:59:18 DEBUG  Scores for user 133: torch.Size([1603, 64])
Sun 26 May 2024 15:59:18 DEBUG  Scores for user 134: torch.Size([1563, 64])
Sun 26 May 2024 15:59:18 DEBUG  Scores for user 135: torch.Size([1659, 64])
Sun 26 May 2024 15:59:18 DEBUG  Scores for user 136: torch.Size([1667, 64])
Sun 26 May 2024 15:59:18 DEBUG  Scores for user 137: torch.Size([1578, 64])
Sun 26 May 2024 15:59:18 DEBUG  Scores for user 138: torch.Size([1603, 64])
Sun 26 May 2024 15:59:18 DEBUG  Scores for user 139: torch.Size([1525, 64])
Sun 26 May 2024 15:59:18 DEBUG  Scores for user 140: torch.Size([1595, 64])
Sun 26 May 2024 15:59:18 DEBUG  Scores for user 141: torch.Size([1579, 64])
Sun 26 May 2024 15:59:19 DEBUG  Scores for user 142: torch.Size([1654, 64])
Sun 26 May 2024 15:59:19 DEBUG  Scores for user 143: torch.Size([1634, 64])
Sun 26 May 2024 15:59:19 DEBUG  Scores for user 144: torch.Size([1593, 64])
Sun 26 May 2024 15:59:19 DEBUG  Scores for user 145: torch.Size([1529, 64])
Sun 26 May 2024 15:59:19 DEBUG  Scores for user 146: torch.Size([1586, 64])
Sun 26 May 2024 15:59:19 DEBUG  Scores for user 147: torch.Size([1642, 64])
Sun 26 May 2024 15:59:19 DEBUG  Scores for user 148: torch.Size([1606, 64])
Sun 26 May 2024 15:59:19 DEBUG  Scores for user 149: torch.Size([1659, 64])
Sun 26 May 2024 15:59:19 DEBUG  Scores for user 150: torch.Size([1640, 64])
Sun 26 May 2024 15:59:19 DEBUG  Scores for user 151: torch.Size([1639, 64])
Sun 26 May 2024 15:59:19 DEBUG  Scores for user 152: torch.Size([1544, 64])
Sun 26 May 2024 15:59:19 DEBUG  Scores for user 153: torch.Size([1666, 64])
Sun 26 May 2024 15:59:19 DEBUG  Scores for user 154: torch.Size([1562, 64])
Sun 26 May 2024 15:59:19 DEBUG  Scores for user 155: torch.Size([1564, 64])
Sun 26 May 2024 15:59:19 DEBUG  Scores for user 156: torch.Size([1663, 64])
Sun 26 May 2024 15:59:19 DEBUG  Scores for user 157: torch.Size([1642, 64])
Sun 26 May 2024 15:59:19 DEBUG  Scores for user 158: torch.Size([1625, 64])
Sun 26 May 2024 15:59:19 DEBUG  Scores for user 159: torch.Size([1571, 64])
Sun 26 May 2024 15:59:19 DEBUG  Scores for user 160: torch.Size([1637, 64])
Sun 26 May 2024 15:59:19 DEBUG  Scores for user 161: torch.Size([1665, 64])
Sun 26 May 2024 15:59:19 DEBUG  Scores for user 162: torch.Size([1628, 64])
Sun 26 May 2024 15:59:19 DEBUG  Scores for user 163: torch.Size([1482, 64])
Sun 26 May 2024 15:59:19 DEBUG  Scores for user 164: torch.Size([1645, 64])
Sun 26 May 2024 15:59:19 DEBUG  Scores for user 165: torch.Size([1661, 64])
Sun 26 May 2024 15:59:19 DEBUG  Scores for user 166: torch.Size([1608, 64])
Sun 26 May 2024 15:59:19 DEBUG  Scores for user 167: torch.Size([1630, 64])
Sun 26 May 2024 15:59:19 DEBUG  Scores for user 168: torch.Size([1594, 64])
Sun 26 May 2024 15:59:19 DEBUG  Scores for user 169: torch.Size([1663, 64])
Sun 26 May 2024 15:59:19 DEBUG  Scores for user 170: torch.Size([1517, 64])
Sun 26 May 2024 15:59:19 DEBUG  Scores for user 171: torch.Size([1660, 64])
Sun 26 May 2024 15:59:19 DEBUG  Scores for user 172: torch.Size([1666, 64])
Sun 26 May 2024 15:59:20 DEBUG  Scores for user 173: torch.Size([1656, 64])
Sun 26 May 2024 15:59:20 DEBUG  Scores for user 174: torch.Size([1590, 64])
Sun 26 May 2024 15:59:20 DEBUG  Scores for user 175: torch.Size([1648, 64])
Sun 26 May 2024 15:59:20 DEBUG  Scores for user 176: torch.Size([1538, 64])
Sun 26 May 2024 15:59:20 DEBUG  Scores for user 177: torch.Size([1587, 64])
Sun 26 May 2024 15:59:20 DEBUG  Scores for user 178: torch.Size([1662, 64])
Sun 26 May 2024 15:59:20 DEBUG  Scores for user 179: torch.Size([1632, 64])
Sun 26 May 2024 15:59:20 DEBUG  Scores for user 180: torch.Size([1583, 64])
Sun 26 May 2024 15:59:20 DEBUG  Scores for user 181: torch.Size([1584, 64])
Sun 26 May 2024 15:59:20 DEBUG  Scores for user 182: torch.Size([1495, 64])
Sun 26 May 2024 15:59:20 DEBUG  Scores for user 183: torch.Size([1523, 64])
Sun 26 May 2024 15:59:20 DEBUG  Scores for user 184: torch.Size([1643, 64])
Sun 26 May 2024 15:59:20 DEBUG  Scores for user 185: torch.Size([1554, 64])
Sun 26 May 2024 15:59:20 DEBUG  Scores for user 186: torch.Size([1613, 64])
Sun 26 May 2024 15:59:20 DEBUG  Scores for user 187: torch.Size([1619, 64])
Sun 26 May 2024 15:59:20 DEBUG  Scores for user 188: torch.Size([1644, 64])
Sun 26 May 2024 15:59:20 DEBUG  Scores for user 189: torch.Size([1636, 64])
Sun 26 May 2024 15:59:20 DEBUG  Scores for user 190: torch.Size([1663, 64])
Sun 26 May 2024 15:59:20 DEBUG  Scores for user 191: torch.Size([1657, 64])
Sun 26 May 2024 15:59:20 DEBUG  Scores for user 192: torch.Size([1637, 64])
Sun 26 May 2024 15:59:20 DEBUG  Scores for user 193: torch.Size([1568, 64])
Sun 26 May 2024 15:59:20 DEBUG  Scores for user 194: torch.Size([1629, 64])
Sun 26 May 2024 15:59:20 DEBUG  Scores for user 195: torch.Size([1565, 64])
Sun 26 May 2024 15:59:20 DEBUG  Scores for user 196: torch.Size([1607, 64])
Sun 26 May 2024 15:59:20 DEBUG  Scores for user 197: torch.Size([1632, 64])
Sun 26 May 2024 15:59:20 DEBUG  Scores for user 198: torch.Size([1661, 64])
Sun 26 May 2024 15:59:20 DEBUG  Scores for user 199: torch.Size([1659, 64])
Sun 26 May 2024 15:59:20 DEBUG  Scores for user 200: torch.Size([1659, 64])
Sun 26 May 2024 15:59:20 DEBUG  Scores for user 201: torch.Size([1643, 64])
Sun 26 May 2024 15:59:21 DEBUG  Scores for user 202: torch.Size([1659, 64])
Sun 26 May 2024 15:59:21 DEBUG  Scores for user 203: torch.Size([1576, 64])
Sun 26 May 2024 15:59:21 DEBUG  Scores for user 204: torch.Size([1646, 64])
Sun 26 May 2024 15:59:21 DEBUG  Scores for user 205: torch.Size([1666, 64])
Sun 26 May 2024 15:59:21 DEBUG  Scores for user 206: torch.Size([1475, 64])
Sun 26 May 2024 15:59:21 DEBUG  Scores for user 207: torch.Size([1622, 64])
Sun 26 May 2024 15:59:21 DEBUG  Scores for user 208: torch.Size([1597, 64])
Sun 26 May 2024 15:59:21 DEBUG  Scores for user 209: torch.Size([1621, 64])
Sun 26 May 2024 15:59:21 DEBUG  Scores for user 210: torch.Size([1638, 64])
Sun 26 May 2024 15:59:21 DEBUG  Scores for user 211: torch.Size([1618, 64])
Sun 26 May 2024 15:59:21 DEBUG  Scores for user 212: torch.Size([1665, 64])
Sun 26 May 2024 15:59:21 DEBUG  Scores for user 213: torch.Size([1665, 64])
Sun 26 May 2024 15:59:21 DEBUG  Scores for user 214: torch.Size([1666, 64])
Sun 26 May 2024 15:59:21 DEBUG  Scores for user 215: torch.Size([1626, 64])
Sun 26 May 2024 15:59:21 DEBUG  Scores for user 216: torch.Size([1640, 64])
Sun 26 May 2024 15:59:21 DEBUG  Scores for user 217: torch.Size([1659, 64])
Sun 26 May 2024 15:59:21 DEBUG  Scores for user 218: torch.Size([1665, 64])
Sun 26 May 2024 15:59:21 DEBUG  Scores for user 219: torch.Size([1643, 64])
Sun 26 May 2024 15:59:21 DEBUG  Scores for user 220: torch.Size([1657, 64])
Sun 26 May 2024 15:59:21 DEBUG  Scores for user 221: torch.Size([1648, 64])
Sun 26 May 2024 15:59:22 DEBUG  Scores for user 222: torch.Size([1643, 64])
Sun 26 May 2024 15:59:22 DEBUG  Scores for user 223: torch.Size([1657, 64])
Sun 26 May 2024 15:59:22 DEBUG  Scores for user 224: torch.Size([1626, 64])
Sun 26 May 2024 15:59:22 DEBUG  Scores for user 225: torch.Size([1593, 64])
Sun 26 May 2024 15:59:22 DEBUG  Scores for user 226: torch.Size([1629, 64])
Sun 26 May 2024 15:59:22 DEBUG  Scores for user 227: torch.Size([1447, 64])
Sun 26 May 2024 15:59:22 DEBUG  Scores for user 228: torch.Size([1659, 64])
Sun 26 May 2024 15:59:22 DEBUG  Scores for user 229: torch.Size([1656, 64])
Sun 26 May 2024 15:59:22 DEBUG  Scores for user 230: torch.Size([1633, 64])
Sun 26 May 2024 15:59:22 DEBUG  Scores for user 231: torch.Size([1665, 64])
Sun 26 May 2024 15:59:22 DEBUG  Scores for user 232: torch.Size([1637, 64])
Sun 26 May 2024 15:59:22 DEBUG  Scores for user 233: torch.Size([1667, 64])
Sun 26 May 2024 15:59:22 DEBUG  Scores for user 234: torch.Size([1596, 64])
Sun 26 May 2024 15:59:22 DEBUG  Scores for user 235: torch.Size([1658, 64])
Sun 26 May 2024 15:59:22 DEBUG  Scores for user 236: torch.Size([1655, 64])
Sun 26 May 2024 15:59:22 DEBUG  Scores for user 237: torch.Size([1652, 64])
Sun 26 May 2024 15:59:22 DEBUG  Scores for user 238: torch.Size([1636, 64])
Sun 26 May 2024 15:59:22 DEBUG  Scores for user 239: torch.Size([1596, 64])
Sun 26 May 2024 15:59:22 DEBUG  Scores for user 240: torch.Size([1605, 64])
Sun 26 May 2024 15:59:22 DEBUG  Scores for user 241: torch.Size([1656, 64])
Sun 26 May 2024 15:59:22 DEBUG  Scores for user 242: torch.Size([1662, 64])
Sun 26 May 2024 15:59:22 DEBUG  Scores for user 243: torch.Size([1616, 64])
Sun 26 May 2024 15:59:22 DEBUG  Scores for user 244: torch.Size([1621, 64])
Sun 26 May 2024 15:59:22 DEBUG  Scores for user 245: torch.Size([1666, 64])
Sun 26 May 2024 15:59:22 DEBUG  Scores for user 246: torch.Size([1634, 64])
Sun 26 May 2024 15:59:22 DEBUG  Scores for user 247: torch.Size([1627, 64])
Sun 26 May 2024 15:59:22 DEBUG  Scores for user 248: torch.Size([1659, 64])
Sun 26 May 2024 15:59:22 DEBUG  Scores for user 249: torch.Size([1473, 64])
Sun 26 May 2024 15:59:22 DEBUG  Scores for user 250: torch.Size([1659, 64])
Sun 26 May 2024 15:59:22 DEBUG  Scores for user 251: torch.Size([1663, 64])
Sun 26 May 2024 15:59:22 DEBUG  Scores for user 252: torch.Size([1653, 64])
Sun 26 May 2024 15:59:22 DEBUG  Scores for user 253: torch.Size([1632, 64])
Sun 26 May 2024 15:59:22 DEBUG  Scores for user 254: torch.Size([1631, 64])
Sun 26 May 2024 15:59:22 DEBUG  Scores for user 255: torch.Size([1504, 64])
Sun 26 May 2024 15:59:22 DEBUG  Scores for user 256: torch.Size([1651, 64])
Sun 26 May 2024 15:59:22 DEBUG  Scores for user 257: torch.Size([1664, 64])
Sun 26 May 2024 15:59:23 DEBUG  Scores for user 258: torch.Size([1665, 64])
Sun 26 May 2024 15:59:23 DEBUG  Scores for user 259: torch.Size([1667, 64])
Sun 26 May 2024 15:59:23 DEBUG  Scores for user 260: torch.Size([1651, 64])
Sun 26 May 2024 15:59:23 DEBUG  Scores for user 261: torch.Size([1667, 64])
Sun 26 May 2024 15:59:23 DEBUG  Scores for user 262: torch.Size([1639, 64])
Sun 26 May 2024 15:59:23 DEBUG  Scores for user 263: torch.Size([1631, 64])
Sun 26 May 2024 15:59:23 DEBUG  Scores for user 264: torch.Size([1617, 64])
Sun 26 May 2024 15:59:23 DEBUG  Scores for user 265: torch.Size([1486, 64])
Sun 26 May 2024 15:59:23 DEBUG  Scores for user 266: torch.Size([1654, 64])
Sun 26 May 2024 15:59:23 DEBUG  Scores for user 267: torch.Size([1649, 64])
Sun 26 May 2024 15:59:23 DEBUG  Scores for user 268: torch.Size([1663, 64])
Sun 26 May 2024 15:59:23 DEBUG  Scores for user 269: torch.Size([1661, 64])
Sun 26 May 2024 15:59:23 DEBUG  Scores for user 270: torch.Size([1639, 64])
Sun 26 May 2024 15:59:23 DEBUG  Scores for user 271: torch.Size([1635, 64])
Sun 26 May 2024 15:59:23 DEBUG  Scores for user 272: torch.Size([1666, 64])
Sun 26 May 2024 15:59:23 DEBUG  Scores for user 273: torch.Size([1662, 64])
Sun 26 May 2024 15:59:23 DEBUG  Scores for user 274: torch.Size([1666, 64])
Sun 26 May 2024 15:59:23 DEBUG  Scores for user 275: torch.Size([1662, 64])
Sun 26 May 2024 15:59:23 DEBUG  Scores for user 276: torch.Size([1667, 64])
Sun 26 May 2024 15:59:23 DEBUG  Scores for user 277: torch.Size([1664, 64])
Sun 26 May 2024 15:59:23 DEBUG  Scores for user 278: torch.Size([1667, 64])
Sun 26 May 2024 15:59:23 DEBUG  Scores for user 279: torch.Size([1651, 64])
Sun 26 May 2024 15:59:23 DEBUG  Scores for user 280: torch.Size([1664, 64])
Sun 26 May 2024 15:59:23 DEBUG  Scores for user 281: torch.Size([1649, 64])
Sun 26 May 2024 15:59:23 DEBUG  Scores for user 282: torch.Size([1612, 64])
Sun 26 May 2024 15:59:24 DEBUG  Scores for user 283: torch.Size([1653, 64])
Sun 26 May 2024 15:59:24 DEBUG  Scores for user 284: torch.Size([1622, 64])
Sun 26 May 2024 15:59:24 DEBUG  Scores for user 285: torch.Size([1658, 64])
Sun 26 May 2024 15:59:24 DEBUG  Scores for user 286: torch.Size([1543, 64])
Sun 26 May 2024 15:59:24 DEBUG  Scores for user 287: torch.Size([1648, 64])
Sun 26 May 2024 15:59:24 DEBUG  Scores for user 288: torch.Size([1661, 64])
Sun 26 May 2024 15:59:24 DEBUG  Scores for user 289: torch.Size([1660, 64])
Sun 26 May 2024 15:59:24 DEBUG  Scores for user 290: torch.Size([1660, 64])
Sun 26 May 2024 15:59:24 DEBUG  Scores for user 291: torch.Size([1656, 64])
Sun 26 May 2024 15:59:24 DEBUG  Scores for user 292: torch.Size([1660, 64])
Sun 26 May 2024 15:59:24 DEBUG  Scores for user 293: torch.Size([1666, 64])
Sun 26 May 2024 15:59:24 DEBUG  Scores for user 294: torch.Size([1665, 64])
Sun 26 May 2024 15:59:24 DEBUG  Scores for user 295: torch.Size([1661, 64])
Sun 26 May 2024 15:59:24 DEBUG  Scores for user 296: torch.Size([1582, 64])
Sun 26 May 2024 15:59:24 DEBUG  Scores for user 297: torch.Size([1664, 64])
Sun 26 May 2024 15:59:24 DEBUG  Scores for user 298: torch.Size([1650, 64])
Sun 26 May 2024 15:59:24 DEBUG  Scores for user 299: torch.Size([1658, 64])
Sun 26 May 2024 15:59:24 DEBUG  Scores for user 300: torch.Size([1664, 64])
Sun 26 May 2024 15:59:24 DEBUG  Scores for user 301: torch.Size([1610, 64])
Sun 26 May 2024 15:59:24 DEBUG  Scores for user 302: torch.Size([1659, 64])
Sun 26 May 2024 15:59:24 DEBUG  Scores for user 303: torch.Size([1652, 64])
Sun 26 May 2024 15:59:25 DEBUG  Scores for user 304: torch.Size([1660, 64])
Sun 26 May 2024 15:59:25 DEBUG  Scores for user 305: torch.Size([1642, 64])
Sun 26 May 2024 15:59:25 DEBUG  Scores for user 306: torch.Size([1654, 64])
Sun 26 May 2024 15:59:25 DEBUG  Scores for user 307: torch.Size([1664, 64])
Sun 26 May 2024 15:59:25 DEBUG  Scores for user 308: torch.Size([1666, 64])
Sun 26 May 2024 15:59:25 DEBUG  Scores for user 309: torch.Size([1569, 64])
Sun 26 May 2024 15:59:25 DEBUG  Scores for user 310: torch.Size([1559, 64])
Sun 26 May 2024 15:59:25 DEBUG  Scores for user 311: torch.Size([1532, 64])
Sun 26 May 2024 15:59:25 DEBUG  Scores for user 312: torch.Size([1455, 64])
Sun 26 May 2024 15:59:25 DEBUG  Scores for user 313: torch.Size([1640, 64])
Sun 26 May 2024 15:59:25 DEBUG  Scores for user 314: torch.Size([1456, 64])
Sun 26 May 2024 15:59:25 DEBUG  Scores for user 315: torch.Size([1642, 64])
Sun 26 May 2024 15:59:25 DEBUG  Scores for user 316: torch.Size([1564, 64])
Sun 26 May 2024 15:59:25 DEBUG  Scores for user 317: torch.Size([1662, 64])
Sun 26 May 2024 15:59:25 DEBUG  Scores for user 318: torch.Size([1627, 64])
Sun 26 May 2024 15:59:25 DEBUG  Scores for user 319: torch.Size([1536, 64])
Sun 26 May 2024 15:59:25 DEBUG  Scores for user 320: torch.Size([1630, 64])
Sun 26 May 2024 15:59:25 DEBUG  Scores for user 321: torch.Size([1664, 64])
Sun 26 May 2024 15:59:25 DEBUG  Scores for user 322: torch.Size([1663, 64])
Sun 26 May 2024 15:59:25 DEBUG  Scores for user 323: torch.Size([1667, 64])
Sun 26 May 2024 15:59:25 DEBUG  Scores for user 324: torch.Size([1664, 64])
Sun 26 May 2024 15:59:25 DEBUG  Scores for user 325: torch.Size([1661, 64])
Sun 26 May 2024 15:59:25 DEBUG  Scores for user 326: torch.Size([1416, 64])
Sun 26 May 2024 15:59:25 DEBUG  Scores for user 327: torch.Size([1665, 64])
Sun 26 May 2024 15:59:25 DEBUG  Scores for user 328: torch.Size([1629, 64])
Sun 26 May 2024 15:59:25 DEBUG  Scores for user 329: torch.Size([1665, 64])
Sun 26 May 2024 15:59:25 DEBUG  Scores for user 330: torch.Size([1579, 64])
Sun 26 May 2024 15:59:25 DEBUG  Scores for user 331: torch.Size([1665, 64])
Sun 26 May 2024 15:59:25 DEBUG  Scores for user 332: torch.Size([1652, 64])
Sun 26 May 2024 15:59:25 DEBUG  Scores for user 333: torch.Size([1622, 64])
Sun 26 May 2024 15:59:25 DEBUG  Scores for user 334: torch.Size([1479, 64])
Sun 26 May 2024 15:59:25 DEBUG  Scores for user 335: torch.Size([1667, 64])
Sun 26 May 2024 15:59:25 DEBUG  Scores for user 336: torch.Size([1522, 64])
Sun 26 May 2024 15:59:25 DEBUG  Scores for user 337: torch.Size([1647, 64])
Sun 26 May 2024 15:59:25 DEBUG  Scores for user 338: torch.Size([1665, 64])
Sun 26 May 2024 15:59:25 DEBUG  Scores for user 339: torch.Size([1666, 64])
Sun 26 May 2024 15:59:25 DEBUG  Scores for user 340: torch.Size([1492, 64])
Sun 26 May 2024 15:59:25 DEBUG  Scores for user 341: torch.Size([1531, 64])
Sun 26 May 2024 15:59:25 DEBUG  Scores for user 342: torch.Size([1497, 64])
Sun 26 May 2024 15:59:25 DEBUG  Scores for user 343: torch.Size([1528, 64])
Sun 26 May 2024 15:59:25 DEBUG  Scores for user 344: torch.Size([1522, 64])
Sun 26 May 2024 15:59:25 DEBUG  Scores for user 345: torch.Size([1665, 64])
Sun 26 May 2024 15:59:25 DEBUG  Scores for user 346: torch.Size([1666, 64])
Sun 26 May 2024 15:59:25 DEBUG  Scores for user 347: torch.Size([1650, 64])
Sun 26 May 2024 15:59:25 DEBUG  Scores for user 348: torch.Size([1635, 64])
Sun 26 May 2024 15:59:25 DEBUG  Scores for user 349: torch.Size([1496, 64])
Sun 26 May 2024 15:59:25 DEBUG  Scores for user 350: torch.Size([1647, 64])
Sun 26 May 2024 15:59:25 DEBUG  Scores for user 351: torch.Size([1648, 64])
Sun 26 May 2024 15:59:25 DEBUG  Scores for user 352: torch.Size([1649, 64])
Sun 26 May 2024 15:59:26 DEBUG  Scores for user 353: torch.Size([1601, 64])
Sun 26 May 2024 15:59:26 DEBUG  Scores for user 354: torch.Size([1434, 64])
Sun 26 May 2024 15:59:26 DEBUG  Scores for user 355: torch.Size([1661, 64])
Sun 26 May 2024 15:59:26 DEBUG  Scores for user 356: torch.Size([1662, 64])
Sun 26 May 2024 15:59:26 DEBUG  Scores for user 357: torch.Size([1621, 64])
Sun 26 May 2024 15:59:26 DEBUG  Scores for user 358: torch.Size([1663, 64])
Sun 26 May 2024 15:59:26 DEBUG  Scores for user 359: torch.Size([1586, 64])
Sun 26 May 2024 15:59:27 DEBUG  Scores for user 360: torch.Size([1635, 64])
Sun 26 May 2024 15:59:27 DEBUG  Scores for user 361: torch.Size([1643, 64])
Sun 26 May 2024 15:59:27 DEBUG  Scores for user 362: torch.Size([1635, 64])
Sun 26 May 2024 15:59:27 DEBUG  Scores for user 363: torch.Size([1646, 64])
Sun 26 May 2024 15:59:27 DEBUG  Scores for user 364: torch.Size([1642, 64])
Sun 26 May 2024 15:59:27 DEBUG  Scores for user 365: torch.Size([1496, 64])
Sun 26 May 2024 15:59:27 DEBUG  Scores for user 366: torch.Size([1622, 64])
Sun 26 May 2024 15:59:27 DEBUG  Scores for user 367: torch.Size([1463, 64])
Sun 26 May 2024 15:59:27 DEBUG  Scores for user 368: torch.Size([1629, 64])
Sun 26 May 2024 15:59:27 DEBUG  Scores for user 369: torch.Size([1655, 64])
Sun 26 May 2024 15:59:27 DEBUG  Scores for user 370: torch.Size([1382, 64])
Sun 26 May 2024 15:59:27 DEBUG  Scores for user 371: torch.Size([1656, 64])
Sun 26 May 2024 15:59:27 DEBUG  Scores for user 372: torch.Size([1656, 64])
Sun 26 May 2024 15:59:27 DEBUG  Scores for user 373: torch.Size([1659, 64])
Sun 26 May 2024 15:59:27 DEBUG  Scores for user 374: torch.Size([1660, 64])
Sun 26 May 2024 15:59:27 DEBUG  Scores for user 375: torch.Size([1525, 64])
Sun 26 May 2024 15:59:27 DEBUG  Scores for user 376: torch.Size([1553, 64])
Sun 26 May 2024 15:59:27 DEBUG  Scores for user 377: torch.Size([1580, 64])
Sun 26 May 2024 15:59:27 DEBUG  Scores for user 378: torch.Size([1458, 64])
Sun 26 May 2024 15:59:27 DEBUG  Scores for user 379: torch.Size([1640, 64])
Sun 26 May 2024 15:59:27 DEBUG  Scores for user 380: torch.Size([1439, 64])
Sun 26 May 2024 15:59:27 DEBUG  Scores for user 381: torch.Size([1667, 64])
Sun 26 May 2024 15:59:27 DEBUG  Scores for user 382: torch.Size([1665, 64])
Sun 26 May 2024 15:59:27 DEBUG  Scores for user 383: torch.Size([1641, 64])
Sun 26 May 2024 15:59:27 DEBUG  Scores for user 384: torch.Size([1664, 64])
Sun 26 May 2024 15:59:27 DEBUG  Scores for user 385: torch.Size([1466, 64])
Sun 26 May 2024 15:59:27 DEBUG  Scores for user 386: torch.Size([1626, 64])
Sun 26 May 2024 15:59:27 DEBUG  Scores for user 387: torch.Size([1658, 64])
Sun 26 May 2024 15:59:28 DEBUG  Scores for user 388: torch.Size([1323, 64])
Sun 26 May 2024 15:59:28 DEBUG  Scores for user 389: torch.Size([1594, 64])
Sun 26 May 2024 15:59:28 DEBUG  Scores for user 390: torch.Size([1659, 64])
Sun 26 May 2024 15:59:28 DEBUG  Scores for user 391: torch.Size([1562, 64])
Sun 26 May 2024 15:59:28 DEBUG  Scores for user 392: torch.Size([1586, 64])
Sun 26 May 2024 15:59:28 DEBUG  Scores for user 393: torch.Size([1545, 64])
Sun 26 May 2024 15:59:28 DEBUG  Scores for user 394: torch.Size([1601, 64])
Sun 26 May 2024 15:59:28 DEBUG  Scores for user 395: torch.Size([1426, 64])
Sun 26 May 2024 15:59:28 DEBUG  Scores for user 396: torch.Size([1639, 64])
Sun 26 May 2024 15:59:28 DEBUG  Scores for user 397: torch.Size([1560, 64])
Sun 26 May 2024 15:59:28 DEBUG  Scores for user 398: torch.Size([1627, 64])
Sun 26 May 2024 15:59:28 DEBUG  Scores for user 399: torch.Size([1665, 64])
Sun 26 May 2024 15:59:28 DEBUG  Scores for user 400: torch.Size([1636, 64])
Sun 26 May 2024 15:59:28 DEBUG  Scores for user 401: torch.Size([1662, 64])
Sun 26 May 2024 15:59:28 DEBUG  Scores for user 402: torch.Size([1643, 64])
Sun 26 May 2024 15:59:28 DEBUG  Scores for user 403: torch.Size([1092, 64])
Sun 26 May 2024 15:59:28 DEBUG  Scores for user 404: torch.Size([1665, 64])
Sun 26 May 2024 15:59:28 DEBUG  Scores for user 405: torch.Size([1409, 64])
Sun 26 May 2024 15:59:28 DEBUG  Scores for user 406: torch.Size([1501, 64])
Sun 26 May 2024 15:59:28 DEBUG  Scores for user 407: torch.Size([1520, 64])
Sun 26 May 2024 15:59:28 DEBUG  Scores for user 408: torch.Size([1647, 64])
Sun 26 May 2024 15:59:28 DEBUG  Scores for user 409: torch.Size([1643, 64])
Sun 26 May 2024 15:59:28 DEBUG  Scores for user 410: torch.Size([1288, 64])
Sun 26 May 2024 15:59:28 DEBUG  Scores for user 411: torch.Size([1660, 64])
Sun 26 May 2024 15:59:28 DEBUG  Scores for user 412: torch.Size([1659, 64])
Sun 26 May 2024 15:59:28 DEBUG  Scores for user 413: torch.Size([1635, 64])
Sun 26 May 2024 15:59:28 DEBUG  Scores for user 414: torch.Size([1390, 64])
Sun 26 May 2024 15:59:28 DEBUG  Scores for user 415: torch.Size([1642, 64])
Sun 26 May 2024 15:59:28 DEBUG  Scores for user 416: torch.Size([1653, 64])
Sun 26 May 2024 15:59:28 DEBUG  Scores for user 417: torch.Size([1604, 64])
Sun 26 May 2024 15:59:28 DEBUG  Scores for user 418: torch.Size([1519, 64])
Sun 26 May 2024 15:59:28 DEBUG  Scores for user 419: torch.Size([1657, 64])
Sun 26 May 2024 15:59:28 DEBUG  Scores for user 420: torch.Size([1663, 64])
Sun 26 May 2024 15:59:28 DEBUG  Scores for user 421: torch.Size([1631, 64])
Sun 26 May 2024 15:59:28 DEBUG  Scores for user 422: torch.Size([1351, 64])
Sun 26 May 2024 15:59:28 DEBUG  Scores for user 423: torch.Size([1638, 64])
Sun 26 May 2024 15:59:28 DEBUG  Scores for user 424: torch.Size([1658, 64])
Sun 26 May 2024 15:59:28 DEBUG  Scores for user 425: torch.Size([1667, 64])
Sun 26 May 2024 15:59:28 DEBUG  Scores for user 426: torch.Size([1647, 64])
Sun 26 May 2024 15:59:28 DEBUG  Scores for user 427: torch.Size([1633, 64])
Sun 26 May 2024 15:59:28 DEBUG  Scores for user 428: torch.Size([1633, 64])
Sun 26 May 2024 15:59:28 DEBUG  Scores for user 429: torch.Size([1378, 64])
Sun 26 May 2024 15:59:28 DEBUG  Scores for user 430: torch.Size([1650, 64])
Sun 26 May 2024 15:59:28 DEBUG  Scores for user 431: torch.Size([1602, 64])
Sun 26 May 2024 15:59:28 DEBUG  Scores for user 432: torch.Size([1566, 64])
Sun 26 May 2024 15:59:28 DEBUG  Scores for user 433: torch.Size([1630, 64])
Sun 26 May 2024 15:59:28 DEBUG  Scores for user 434: torch.Size([1647, 64])
Sun 26 May 2024 15:59:28 DEBUG  Scores for user 435: torch.Size([1472, 64])
Sun 26 May 2024 15:59:29 DEBUG  Scores for user 436: torch.Size([1656, 64])
Sun 26 May 2024 15:59:29 DEBUG  Scores for user 437: torch.Size([1666, 64])
Sun 26 May 2024 15:59:29 DEBUG  Scores for user 438: torch.Size([1568, 64])
Sun 26 May 2024 15:59:29 DEBUG  Scores for user 439: torch.Size([1642, 64])
Sun 26 May 2024 15:59:29 DEBUG  Scores for user 440: torch.Size([1574, 64])
Sun 26 May 2024 15:59:29 DEBUG  Scores for user 441: torch.Size([1570, 64])
Sun 26 May 2024 15:59:29 DEBUG  Scores for user 442: torch.Size([1622, 64])
Sun 26 May 2024 15:59:29 DEBUG  Scores for user 443: torch.Size([1251, 64])
Sun 26 May 2024 15:59:29 DEBUG  Scores for user 444: torch.Size([1653, 64])
Sun 26 May 2024 15:59:29 DEBUG  Scores for user 445: torch.Size([1658, 64])
Sun 26 May 2024 15:59:29 DEBUG  Scores for user 446: torch.Size([1603, 64])
Sun 26 May 2024 15:59:29 DEBUG  Scores for user 447: torch.Size([1517, 64])
Sun 26 May 2024 15:59:29 DEBUG  Scores for user 448: torch.Size([1493, 64])
Sun 26 May 2024 15:59:29 DEBUG  Scores for user 449: torch.Size([1557, 64])
Sun 26 May 2024 15:59:29 DEBUG  Scores for user 450: torch.Size([1662, 64])
Sun 26 May 2024 15:59:29 DEBUG  Scores for user 451: torch.Size([1530, 64])
Sun 26 May 2024 15:59:29 DEBUG  Scores for user 452: torch.Size([1663, 64])
Sun 26 May 2024 15:59:29 DEBUG  Scores for user 453: torch.Size([1651, 64])
Sun 26 May 2024 15:59:29 DEBUG  Scores for user 454: torch.Size([1460, 64])
Sun 26 May 2024 15:59:29 DEBUG  Scores for user 455: torch.Size([1508, 64])
Sun 26 May 2024 15:59:29 DEBUG  Scores for user 456: torch.Size([1536, 64])
Sun 26 May 2024 15:59:29 DEBUG  Scores for user 457: torch.Size([1656, 64])
Sun 26 May 2024 15:59:29 DEBUG  Scores for user 458: torch.Size([1587, 64])
Sun 26 May 2024 15:59:31 DEBUG  Scores for user 459: torch.Size([1627, 64])
Sun 26 May 2024 15:59:31 DEBUG  Scores for user 460: torch.Size([1664, 64])
Sun 26 May 2024 15:59:31 DEBUG  Scores for user 461: torch.Size([1647, 64])
Sun 26 May 2024 15:59:31 DEBUG  Scores for user 462: torch.Size([1568, 64])
Sun 26 May 2024 15:59:31 DEBUG  Scores for user 463: torch.Size([1602, 64])
Sun 26 May 2024 15:59:31 DEBUG  Scores for user 464: torch.Size([1472, 64])
Sun 26 May 2024 15:59:31 DEBUG  Scores for user 465: torch.Size([1619, 64])
Sun 26 May 2024 15:59:31 DEBUG  Scores for user 466: torch.Size([1576, 64])
Sun 26 May 2024 15:59:31 DEBUG  Scores for user 467: torch.Size([1658, 64])
Sun 26 May 2024 15:59:31 DEBUG  Scores for user 468: torch.Size([1420, 64])
Sun 26 May 2024 15:59:31 DEBUG  Scores for user 469: torch.Size([1648, 64])
Sun 26 May 2024 15:59:31 DEBUG  Scores for user 470: torch.Size([1640, 64])
Sun 26 May 2024 15:59:31 DEBUG  Scores for user 471: torch.Size([1616, 64])
Sun 26 May 2024 15:59:31 DEBUG  Scores for user 472: torch.Size([1592, 64])
Sun 26 May 2024 15:59:31 DEBUG  Scores for user 473: torch.Size([1654, 64])
Sun 26 May 2024 15:59:31 DEBUG  Scores for user 474: torch.Size([1636, 64])
Sun 26 May 2024 15:59:31 DEBUG  Scores for user 475: torch.Size([1635, 64])
Sun 26 May 2024 15:59:31 DEBUG  Scores for user 476: torch.Size([1667, 64])
Sun 26 May 2024 15:59:31 DEBUG  Scores for user 477: torch.Size([1521, 64])
Sun 26 May 2024 15:59:31 DEBUG  Scores for user 478: torch.Size([1570, 64])
Sun 26 May 2024 15:59:31 DEBUG  Scores for user 479: torch.Size([1530, 64])
Sun 26 May 2024 15:59:31 DEBUG  Scores for user 480: torch.Size([1498, 64])
Sun 26 May 2024 15:59:31 DEBUG  Scores for user 481: torch.Size([1661, 64])
Sun 26 May 2024 15:59:31 DEBUG  Scores for user 482: torch.Size([1637, 64])
Sun 26 May 2024 15:59:31 DEBUG  Scores for user 483: torch.Size([1638, 64])
Sun 26 May 2024 15:59:31 DEBUG  Scores for user 484: torch.Size([1574, 64])
Sun 26 May 2024 15:59:31 DEBUG  Scores for user 485: torch.Size([1636, 64])
Sun 26 May 2024 15:59:31 DEBUG  Scores for user 486: torch.Size([1594, 64])
Sun 26 May 2024 15:59:31 DEBUG  Scores for user 487: torch.Size([1634, 64])
Sun 26 May 2024 15:59:31 DEBUG  Scores for user 488: torch.Size([1578, 64])
Sun 26 May 2024 15:59:31 DEBUG  Scores for user 489: torch.Size([1644, 64])
Sun 26 May 2024 15:59:31 DEBUG  Scores for user 490: torch.Size([1512, 64])
Sun 26 May 2024 15:59:31 DEBUG  Scores for user 491: torch.Size([1654, 64])
Sun 26 May 2024 15:59:31 DEBUG  Scores for user 492: torch.Size([1458, 64])
Sun 26 May 2024 15:59:31 DEBUG  Scores for user 493: torch.Size([1559, 64])
Sun 26 May 2024 15:59:31 DEBUG  Scores for user 494: torch.Size([1562, 64])
Sun 26 May 2024 15:59:31 DEBUG  Scores for user 495: torch.Size([1601, 64])
Sun 26 May 2024 15:59:31 DEBUG  Scores for user 496: torch.Size([1656, 64])
Sun 26 May 2024 15:59:31 DEBUG  Scores for user 497: torch.Size([1502, 64])
Sun 26 May 2024 15:59:31 DEBUG  Scores for user 498: torch.Size([1652, 64])
Sun 26 May 2024 15:59:31 DEBUG  Scores for user 499: torch.Size([1555, 64])
Sun 26 May 2024 15:59:31 DEBUG  Scores for user 500: torch.Size([1482, 64])
Sun 26 May 2024 15:59:31 DEBUG  Scores for user 501: torch.Size([1593, 64])
Sun 26 May 2024 15:59:31 DEBUG  Scores for user 502: torch.Size([1489, 64])
Sun 26 May 2024 15:59:31 DEBUG  Scores for user 503: torch.Size([1663, 64])
Sun 26 May 2024 15:59:31 DEBUG  Scores for user 504: torch.Size([1635, 64])
Sun 26 May 2024 15:59:32 DEBUG  Scores for user 505: torch.Size([1527, 64])
Sun 26 May 2024 15:59:32 DEBUG  Scores for user 506: torch.Size([1612, 64])
Sun 26 May 2024 15:59:32 DEBUG  Scores for user 507: torch.Size([1663, 64])
Sun 26 May 2024 15:59:32 DEBUG  Scores for user 508: torch.Size([1651, 64])
Sun 26 May 2024 15:59:32 DEBUG  Scores for user 509: torch.Size([1666, 64])
Sun 26 May 2024 15:59:32 DEBUG  Scores for user 510: torch.Size([1665, 64])
Sun 26 May 2024 15:59:32 DEBUG  Scores for user 511: torch.Size([1667, 64])
Sun 26 May 2024 15:59:32 DEBUG  Scores for user 512: torch.Size([1603, 64])
Sun 26 May 2024 15:59:32 DEBUG  Scores for user 513: torch.Size([1624, 64])
Sun 26 May 2024 15:59:32 DEBUG  Scores for user 514: torch.Size([1656, 64])
Sun 26 May 2024 15:59:32 DEBUG  Scores for user 515: torch.Size([1666, 64])
Sun 26 May 2024 15:59:32 DEBUG  Scores for user 516: torch.Size([1659, 64])
Sun 26 May 2024 15:59:32 DEBUG  Scores for user 517: torch.Size([1437, 64])
Sun 26 May 2024 15:59:32 DEBUG  Scores for user 518: torch.Size([1624, 64])
Sun 26 May 2024 15:59:32 DEBUG  Scores for user 519: torch.Size([1639, 64])
Sun 26 May 2024 15:59:32 DEBUG  Scores for user 520: torch.Size([1563, 64])
Sun 26 May 2024 15:59:32 DEBUG  Scores for user 521: torch.Size([1664, 64])
Sun 26 May 2024 15:59:32 DEBUG  Scores for user 522: torch.Size([1642, 64])
Sun 26 May 2024 15:59:32 DEBUG  Scores for user 523: torch.Size([1640, 64])
Sun 26 May 2024 15:59:32 DEBUG  Scores for user 524: torch.Size([1463, 64])
Sun 26 May 2024 15:59:32 DEBUG  Scores for user 525: torch.Size([1646, 64])
Sun 26 May 2024 15:59:32 DEBUG  Scores for user 526: torch.Size([1659, 64])
Sun 26 May 2024 15:59:32 DEBUG  Scores for user 527: torch.Size([1648, 64])
Sun 26 May 2024 15:59:32 DEBUG  Scores for user 528: torch.Size([1652, 64])
Sun 26 May 2024 15:59:32 DEBUG  Scores for user 529: torch.Size([1572, 64])
Sun 26 May 2024 15:59:32 DEBUG  Scores for user 530: torch.Size([1661, 64])
Sun 26 May 2024 15:59:32 DEBUG  Scores for user 531: torch.Size([1475, 64])
Sun 26 May 2024 15:59:32 DEBUG  Scores for user 532: torch.Size([1507, 64])
Sun 26 May 2024 15:59:32 DEBUG  Scores for user 533: torch.Size([1552, 64])
Sun 26 May 2024 15:59:32 DEBUG  Scores for user 534: torch.Size([1627, 64])
Sun 26 May 2024 15:59:32 DEBUG  Scores for user 535: torch.Size([1291, 64])
Sun 26 May 2024 15:59:32 DEBUG  Scores for user 536: torch.Size([1619, 64])
Sun 26 May 2024 15:59:32 DEBUG  Scores for user 537: torch.Size([1576, 64])
Sun 26 May 2024 15:59:32 DEBUG  Scores for user 538: torch.Size([1618, 64])
Sun 26 May 2024 15:59:32 DEBUG  Scores for user 539: torch.Size([1574, 64])
Sun 26 May 2024 15:59:32 DEBUG  Scores for user 540: torch.Size([1553, 64])
Sun 26 May 2024 15:59:32 DEBUG  Scores for user 541: torch.Size([1637, 64])
Sun 26 May 2024 15:59:32 DEBUG  Scores for user 542: torch.Size([1664, 64])
Sun 26 May 2024 15:59:32 DEBUG  Scores for user 543: torch.Size([1524, 64])
Sun 26 May 2024 15:59:32 DEBUG  Scores for user 544: torch.Size([1558, 64])
Sun 26 May 2024 15:59:32 DEBUG  Scores for user 545: torch.Size([1634, 64])
Sun 26 May 2024 15:59:32 DEBUG  Scores for user 546: torch.Size([1659, 64])
Sun 26 May 2024 15:59:32 DEBUG  Scores for user 547: torch.Size([1415, 64])
Sun 26 May 2024 15:59:32 DEBUG  Scores for user 548: torch.Size([1658, 64])
Sun 26 May 2024 15:59:33 DEBUG  Scores for user 549: torch.Size([1603, 64])
Sun 26 May 2024 15:59:33 DEBUG  Scores for user 550: torch.Size([1615, 64])
Sun 26 May 2024 15:59:33 DEBUG  Scores for user 551: torch.Size([1632, 64])
Sun 26 May 2024 15:59:33 DEBUG  Scores for user 552: torch.Size([1591, 64])
Sun 26 May 2024 15:59:33 DEBUG  Scores for user 553: torch.Size([1651, 64])
Sun 26 May 2024 15:59:33 DEBUG  Scores for user 554: torch.Size([1647, 64])
Sun 26 May 2024 15:59:33 DEBUG  Scores for user 555: torch.Size([1621, 64])
Sun 26 May 2024 15:59:33 DEBUG  Scores for user 556: torch.Size([1602, 64])
Sun 26 May 2024 15:59:33 DEBUG  Scores for user 557: torch.Size([1396, 64])
Sun 26 May 2024 15:59:33 DEBUG  Scores for user 558: torch.Size([1659, 64])
Sun 26 May 2024 15:59:33 DEBUG  Scores for user 559: torch.Size([1562, 64])
Sun 26 May 2024 15:59:33 DEBUG  Scores for user 560: torch.Size([1640, 64])
Sun 26 May 2024 15:59:33 DEBUG  Scores for user 561: torch.Size([1667, 64])
Sun 26 May 2024 15:59:33 DEBUG  Scores for user 562: torch.Size([1655, 64])
Sun 26 May 2024 15:59:33 DEBUG  Scores for user 563: torch.Size([1654, 64])
Sun 26 May 2024 15:59:33 DEBUG  Scores for user 564: torch.Size([1642, 64])
Sun 26 May 2024 15:59:33 DEBUG  Scores for user 565: torch.Size([1662, 64])
Sun 26 May 2024 15:59:33 DEBUG  Scores for user 566: torch.Size([1558, 64])
Sun 26 May 2024 15:59:33 DEBUG  Scores for user 567: torch.Size([1627, 64])
Sun 26 May 2024 15:59:33 DEBUG  Scores for user 568: torch.Size([1625, 64])
Sun 26 May 2024 15:59:33 DEBUG  Scores for user 569: torch.Size([1653, 64])
Sun 26 May 2024 15:59:34 DEBUG  Scores for user 570: torch.Size([1531, 64])
