Sat 25 May 2024 15:43:22 INFO  ['run_recbole.py', '--model=ANS', '--dataset=ml-100k']
Sat 25 May 2024 15:43:22 INFO  
General Hyper Parameters:
gpu_id = 0
use_gpu = True
seed = 2020
state = DEBUG
reproducibility = True
data_path = /home/simeon/Git_Repositories/ANS-Recbole/recbole/config/../dataset_example/ml-100k
checkpoint_dir = saved
show_progress = True
save_dataset = False
dataset_save_path = None
save_dataloaders = False
dataloaders_save_path = None
log_wandb = False

Training Hyper Parameters:
epochs = 500
train_batch_size = 2048
learner = adam
learning_rate = 0.0001
train_neg_sample_args = {'distribution': 'uniform', 'sample_num': 1, 'alpha': 1.0, 'dynamic': False, 'candidate_num': 1}
eval_step = 1
stopping_step = 100
clip_grad_norm = None
weight_decay = 0.0
loss_decimal_place = 4

Evaluation Hyper Parameters:
eval_args = {'split': {'RS': [0.8, 0.1, 0.1]}, 'group_by': 'user', 'order': 'RO', 'mode': 'full'}
repeatable = False
metrics = ['Recall', 'MRR', 'NDCG', 'Hit', 'Precision']
topk = [20]
valid_metric = MRR@20
valid_metric_bigger = True
eval_batch_size = 4096
metric_decimal_place = 4

Dataset Hyper Parameters:
field_separator = 	
seq_separator =  
USER_ID_FIELD = user_id
ITEM_ID_FIELD = item_id
RATING_FIELD = rating
TIME_FIELD = timestamp
seq_len = None
LABEL_FIELD = label
threshold = {'rating': 4.0}
NEG_PREFIX = neg_
load_col = {'inter': ['user_id', 'item_id', 'rating']}
unload_col = None
unused_col = None
additional_feat_suffix = None
rm_dup_inter = None
val_interval = None
filter_inter_by_user_or_item = True
user_inter_num_interval = None
item_inter_num_interval = None
alias_of_user_id = None
alias_of_item_id = None
alias_of_entity_id = None
alias_of_relation_id = None
preload_weight = None
normalize_field = None
normalize_all = True
ITEM_LIST_LENGTH_FIELD = item_length
LIST_SUFFIX = _list
MAX_ITEM_LIST_LENGTH = 50
POSITION_FIELD = position_id
HEAD_ENTITY_ID_FIELD = head_id
TAIL_ENTITY_ID_FIELD = tail_id
RELATION_ID_FIELD = relation_id
ENTITY_ID_FIELD = entity_id
kg_reverse_r = False
entity_kg_num_interval = None
relation_kg_num_interval = None
benchmark_filename = None

Other Hyper Parameters: 
worker = 0
wandb_project = recbole
shuffle = True
require_pow = False
enable_amp = False
enable_scaler = False
transform = None
train_after_converge = False
embedding_size = 64
n_layers = 3
reg_weight = 0.0001
eps = 0.3
gamma = 0.15
numerical_features = []
discretization = None
MODEL_TYPE = ModelType.GENERAL
MODEL_INPUT_TYPE = InputType.PAIRWISE
eval_type = EvaluatorType.RANKING
single_spec = True
local_rank = 0
device = cuda
eval_neg_sample_args = {'distribution': 'uniform', 'sample_num': 'none'}


Sat 25 May 2024 15:43:22 DEBUG  Loading <class 'recbole.data.dataset.augmented_dataset.AugmentedDataset'> from scratch.
Sat 25 May 2024 15:43:22 DEBUG  uid_field: user_id
Sat 25 May 2024 15:43:22 DEBUG  iid_field: item_id
Sat 25 May 2024 15:43:22 DEBUG  Loading feature from [/home/simeon/Git_Repositories/ANS-Recbole/recbole/config/../dataset_example/ml-100k/ml-100k.inter] (source: [FeatureSource.INTERACTION]).
Sat 25 May 2024 15:43:22 DEBUG  [inter]: 
Sat 25 May 2024 15:43:22 DEBUG  	 load_col: [{'user_id', 'item_id', 'rating'}]
Sat 25 May 2024 15:43:22 DEBUG  	 unload_col: [None]
Sat 25 May 2024 15:43:22 DEBUG  Interaction feature loaded successfully from [/home/simeon/Git_Repositories/ANS-Recbole/recbole/config/../dataset_example/ml-100k/ml-100k.inter].
Sat 25 May 2024 15:43:22 DEBUG  Loading feature from [/home/simeon/Git_Repositories/ANS-Recbole/recbole/config/../dataset_example/ml-100k/ml-100k.user] (source: [FeatureSource.USER]).
Sat 25 May 2024 15:43:22 DEBUG  [user]: 
Sat 25 May 2024 15:43:22 DEBUG  	 load_col: [set()]
Sat 25 May 2024 15:43:22 DEBUG  	 unload_col: [None]
Sat 25 May 2024 15:43:22 DEBUG  [user] feature loaded successfully from [/home/simeon/Git_Repositories/ANS-Recbole/recbole/config/../dataset_example/ml-100k/ml-100k.user].
Sat 25 May 2024 15:43:22 DEBUG  Loading feature from [/home/simeon/Git_Repositories/ANS-Recbole/recbole/config/../dataset_example/ml-100k/ml-100k.item] (source: [FeatureSource.ITEM]).
Sat 25 May 2024 15:43:22 DEBUG  [item]: 
Sat 25 May 2024 15:43:22 DEBUG  	 load_col: [set()]
Sat 25 May 2024 15:43:22 DEBUG  	 unload_col: [None]
Sat 25 May 2024 15:43:22 DEBUG  [item] feature loaded successfully from [/home/simeon/Git_Repositories/ANS-Recbole/recbole/config/../dataset_example/ml-100k/ml-100k.item].
Sat 25 May 2024 15:43:22 DEBUG  drop_by_value: val={}
Sat 25 May 2024 15:43:22 DEBUG  Filling nan
Sat 25 May 2024 15:43:22 DEBUG  Set label by {'rating': 4.0}.
Sat 25 May 2024 15:43:22 DEBUG  Delete column [rating].
Sat 25 May 2024 15:43:22 DEBUG  Normalized fields: ['label']
Sat 25 May 2024 15:43:22 INFO  ml-100k
The number of users: 944
Average actions of users: 106.04453870625663
The number of items: 1683
Average actions of items: 59.45303210463734
The number of inters: 100000
The sparsity of the dataset: 93.70575143257098%
Remain Fields: ['user_id', 'item_id', 'label']
Sat 25 May 2024 15:43:22 DEBUG  100000
Sat 25 May 2024 15:43:22 DEBUG  split by ratios [[0.8, 0.1, 0.1]], group_by=[user_id]
Sat 25 May 2024 15:43:22 DEBUG  Vor augmentation: 80808
Sat 25 May 2024 15:44:43 DEBUG  Index(['user_id', 'item_id', 'label'], dtype='object')
Sat 25 May 2024 15:44:43 DEBUG  80811
Sat 25 May 2024 15:44:43 DEBUG  Classname: AugmentedDataset
Sat 25 May 2024 15:44:43 DEBUG  Augmented dataset
Sat 25 May 2024 15:44:43 DEBUG  Nach augmentation: 81751
Sat 25 May 2024 15:44:43 INFO  [Training]: train_batch_size = [2048] train_neg_sample_args: [{'distribution': 'uniform', 'sample_num': 1, 'alpha': 1.0, 'dynamic': False, 'candidate_num': 1}]
Sat 25 May 2024 15:44:43 INFO  [Evaluation]: eval_batch_size = [4096] eval_args: [{'split': {'RS': [0.8, 0.1, 0.1]}, 'group_by': 'user', 'order': 'RO', 'mode': 'full'}]
Sat 25 May 2024 15:44:45 INFO  ANS(
  (user_embedding): Embedding(944, 64)
  (item_embedding): Embedding(1683, 64)
  (mf_loss): BPRLoss()
  (reg_loss): EmbLoss()
  (user_gate): Linear(in_features=64, out_features=64, bias=True)
  (item_gate): Linear(in_features=64, out_features=64, bias=True)
  (pos_gate): Linear(in_features=64, out_features=64, bias=True)
  (neg_gate): Linear(in_features=64, out_features=64, bias=True)
  (hard_gate): Linear(in_features=64, out_features=64, bias=True)
  (conf_gate): Linear(in_features=64, out_features=64, bias=True)
  (easy_gate): Linear(in_features=64, out_features=64, bias=True)
  (margin_model): Linear(in_features=64, out_features=1, bias=True)
)
Trainable parameters: 197313
Sat 25 May 2024 15:44:45 INFO  FLOPs: 0.0
Sat 25 May 2024 15:44:45 DEBUG  len train_data: 81751
Sat 25 May 2024 15:44:47 INFO  epoch 0 training [time: 1.16s, train loss: 32.2285]
Sat 25 May 2024 15:44:47 INFO  epoch 0 evaluating [time: 0.45s, valid_score: 0.025900]
Sat 25 May 2024 15:44:47 INFO  valid result: 
recall@20 : 0.0129    mrr@20 : 0.0259    ndcg@20 : 0.0104    hit@20 : 0.1241    precision@20 : 0.0071
Sat 25 May 2024 15:44:47 INFO  Saving current: saved/ANS-May-25-2024_15-44-45.pth
Sat 25 May 2024 15:44:47 DEBUG  len train_data: 81751
Sat 25 May 2024 15:44:48 INFO  epoch 1 training [time: 0.69s, train loss: 32.2108]
Sat 25 May 2024 15:44:48 INFO  epoch 1 evaluating [time: 0.44s, valid_score: 0.024200]
Sat 25 May 2024 15:44:48 INFO  valid result: 
recall@20 : 0.0124    mrr@20 : 0.0242    ndcg@20 : 0.01    hit@20 : 0.1209    precision@20 : 0.0068
Sat 25 May 2024 15:44:48 DEBUG  len train_data: 81751
Sat 25 May 2024 15:44:49 INFO  epoch 2 training [time: 0.74s, train loss: 32.1983]
Sat 25 May 2024 15:44:49 INFO  epoch 2 evaluating [time: 0.41s, valid_score: 0.023500]
Sat 25 May 2024 15:44:49 INFO  valid result: 
recall@20 : 0.0118    mrr@20 : 0.0235    ndcg@20 : 0.0095    hit@20 : 0.1188    precision@20 : 0.0066
Sat 25 May 2024 15:44:49 DEBUG  len train_data: 81751
Sat 25 May 2024 15:44:50 INFO  epoch 3 training [time: 0.75s, train loss: 32.1858]
Sat 25 May 2024 15:44:51 INFO  epoch 3 evaluating [time: 0.41s, valid_score: 0.022500]
Sat 25 May 2024 15:44:51 INFO  valid result: 
recall@20 : 0.0109    mrr@20 : 0.0225    ndcg@20 : 0.0089    hit@20 : 0.1124    precision@20 : 0.0062
Sat 25 May 2024 15:44:51 DEBUG  len train_data: 81751
Sat 25 May 2024 15:44:51 INFO  epoch 4 training [time: 0.81s, train loss: 32.1766]
Sat 25 May 2024 15:44:52 INFO  epoch 4 evaluating [time: 0.43s, valid_score: 0.021900]
Sat 25 May 2024 15:44:52 INFO  valid result: 
recall@20 : 0.0108    mrr@20 : 0.0219    ndcg@20 : 0.0087    hit@20 : 0.1103    precision@20 : 0.006
Sat 25 May 2024 15:44:52 DEBUG  len train_data: 81751
Sat 25 May 2024 15:44:53 INFO  epoch 5 training [time: 0.84s, train loss: 32.1652]
Sat 25 May 2024 15:44:53 INFO  epoch 5 evaluating [time: 0.40s, valid_score: 0.020900]
Sat 25 May 2024 15:44:53 INFO  valid result: 
recall@20 : 0.0102    mrr@20 : 0.0209    ndcg@20 : 0.0083    hit@20 : 0.1082    precision@20 : 0.0059
Sat 25 May 2024 15:44:53 DEBUG  len train_data: 81751
Sat 25 May 2024 15:44:54 INFO  epoch 6 training [time: 0.76s, train loss: 32.1587]
Sat 25 May 2024 15:44:54 INFO  epoch 6 evaluating [time: 0.43s, valid_score: 0.018700]
Sat 25 May 2024 15:44:54 INFO  valid result: 
recall@20 : 0.0093    mrr@20 : 0.0187    ndcg@20 : 0.0076    hit@20 : 0.1039    precision@20 : 0.0057
Sat 25 May 2024 15:44:54 DEBUG  len train_data: 81751
Sat 25 May 2024 15:44:55 INFO  epoch 7 training [time: 0.77s, train loss: 32.1531]
Sat 25 May 2024 15:44:55 INFO  epoch 7 evaluating [time: 0.43s, valid_score: 0.017800]
Sat 25 May 2024 15:44:55 INFO  valid result: 
recall@20 : 0.0097    mrr@20 : 0.0178    ndcg@20 : 0.0075    hit@20 : 0.1007    precision@20 : 0.0055
Sat 25 May 2024 15:44:55 DEBUG  len train_data: 81751
Sat 25 May 2024 15:44:56 INFO  epoch 8 training [time: 0.70s, train loss: 32.1492]
Sat 25 May 2024 15:44:57 INFO  epoch 8 evaluating [time: 0.40s, valid_score: 0.016700]
Sat 25 May 2024 15:44:57 INFO  valid result: 
recall@20 : 0.0089    mrr@20 : 0.0167    ndcg@20 : 0.0069    hit@20 : 0.0912    precision@20 : 0.005
Sat 25 May 2024 15:44:57 DEBUG  len train_data: 81751
Sat 25 May 2024 15:44:57 INFO  epoch 9 training [time: 0.80s, train loss: 32.1444]
Sat 25 May 2024 15:44:58 INFO  epoch 9 evaluating [time: 0.41s, valid_score: 0.016200]
Sat 25 May 2024 15:44:58 INFO  valid result: 
recall@20 : 0.0086    mrr@20 : 0.0162    ndcg@20 : 0.0067    hit@20 : 0.0933    precision@20 : 0.0051
Sat 25 May 2024 15:44:58 DEBUG  len train_data: 81751
Sat 25 May 2024 15:44:58 INFO  epoch 10 training [time: 0.77s, train loss: 32.1382]
Sat 25 May 2024 15:44:59 INFO  epoch 10 evaluating [time: 0.42s, valid_score: 0.015700]
Sat 25 May 2024 15:44:59 INFO  valid result: 
recall@20 : 0.0084    mrr@20 : 0.0157    ndcg@20 : 0.0065    hit@20 : 0.0901    precision@20 : 0.0049
Sat 25 May 2024 15:44:59 DEBUG  len train_data: 81751
Sat 25 May 2024 15:45:00 INFO  epoch 11 training [time: 0.76s, train loss: 32.1318]
