Mon 27 May 2024 18:44:47 INFO  ['run_recbole.py', '--model=ANS', '--dataset=ml-100k']
Mon 27 May 2024 18:44:47 INFO  
General Hyper Parameters:
gpu_id = 0
use_gpu = True
seed = 2020
state = DEBUG
reproducibility = True
data_path = /home/simeon/Git_Repositories/ANS-Recbole/recbole/config/../dataset_example/ml-100k
checkpoint_dir = saved
show_progress = False
save_dataset = False
dataset_save_path = None
save_dataloaders = False
dataloaders_save_path = None
log_wandb = False

Training Hyper Parameters:
epochs = 500
train_batch_size = 2048
learner = adam
learning_rate = 0.0001
train_neg_sample_args = {'distribution': 'uniform', 'sample_num': 1, 'alpha': 1.0, 'dynamic': False, 'candidate_num': 1}
eval_step = 1
stopping_step = 100
clip_grad_norm = None
weight_decay = 0.0
loss_decimal_place = 4

Evaluation Hyper Parameters:
eval_args = {'split': {'RS': [0.8, 0.1, 0.1]}, 'group_by': 'user', 'order': 'RO', 'mode': 'full'}
repeatable = False
metrics = ['Recall', 'MRR', 'NDCG', 'Hit', 'Precision']
topk = [20]
valid_metric = Recall@20
valid_metric_bigger = True
eval_batch_size = 4096
metric_decimal_place = 4

Dataset Hyper Parameters:
field_separator = 	
seq_separator =  
USER_ID_FIELD = user_id
ITEM_ID_FIELD = item_id
RATING_FIELD = rating
TIME_FIELD = timestamp
seq_len = None
LABEL_FIELD = label
threshold = {'rating': 4.0}
NEG_PREFIX = neg_
load_col = {'inter': ['user_id', 'item_id', 'rating']}
unload_col = None
unused_col = None
additional_feat_suffix = None
rm_dup_inter = None
val_interval = None
filter_inter_by_user_or_item = True
user_inter_num_interval = None
item_inter_num_interval = None
alias_of_user_id = None
alias_of_item_id = None
alias_of_entity_id = None
alias_of_relation_id = None
preload_weight = None
normalize_field = None
normalize_all = True
ITEM_LIST_LENGTH_FIELD = item_length
LIST_SUFFIX = _list
MAX_ITEM_LIST_LENGTH = 50
POSITION_FIELD = position_id
HEAD_ENTITY_ID_FIELD = head_id
TAIL_ENTITY_ID_FIELD = tail_id
RELATION_ID_FIELD = relation_id
ENTITY_ID_FIELD = entity_id
kg_reverse_r = False
entity_kg_num_interval = None
relation_kg_num_interval = None
benchmark_filename = None

Other Hyper Parameters: 
worker = 0
wandb_project = recbole
shuffle = True
require_pow = False
enable_amp = False
enable_scaler = False
transform = None
train_after_converge = True
positive_sampling = True
embedding_size = 64
n_layers = 3
reg_weight = 0.0001
eps = 0.3
gamma = 0.15
numerical_features = []
discretization = None
MODEL_TYPE = ModelType.GENERAL
MODEL_INPUT_TYPE = InputType.PAIRWISE
eval_type = EvaluatorType.RANKING
single_spec = True
local_rank = 0
device = cuda
eval_neg_sample_args = {'distribution': 'uniform', 'sample_num': 'none'}


Mon 27 May 2024 18:44:47 DEBUG  Loading <class 'recbole.data.dataset.dataset.Dataset'> from scratch.
Mon 27 May 2024 18:44:47 DEBUG  uid_field: user_id
Mon 27 May 2024 18:44:47 DEBUG  iid_field: item_id
Mon 27 May 2024 18:44:47 DEBUG  Loading feature from [/home/simeon/Git_Repositories/ANS-Recbole/recbole/config/../dataset_example/ml-100k/ml-100k.inter] (source: [FeatureSource.INTERACTION]).
Mon 27 May 2024 18:44:47 DEBUG  [inter]: 
Mon 27 May 2024 18:44:47 DEBUG  	 load_col: [{'item_id', 'rating', 'user_id'}]
Mon 27 May 2024 18:44:47 DEBUG  	 unload_col: [None]
Mon 27 May 2024 18:44:47 DEBUG  Interaction feature loaded successfully from [/home/simeon/Git_Repositories/ANS-Recbole/recbole/config/../dataset_example/ml-100k/ml-100k.inter].
Mon 27 May 2024 18:44:47 DEBUG  Loading feature from [/home/simeon/Git_Repositories/ANS-Recbole/recbole/config/../dataset_example/ml-100k/ml-100k.user] (source: [FeatureSource.USER]).
Mon 27 May 2024 18:44:47 DEBUG  [user]: 
Mon 27 May 2024 18:44:47 DEBUG  	 load_col: [set()]
Mon 27 May 2024 18:44:47 DEBUG  	 unload_col: [None]
Mon 27 May 2024 18:44:47 DEBUG  [user] feature loaded successfully from [/home/simeon/Git_Repositories/ANS-Recbole/recbole/config/../dataset_example/ml-100k/ml-100k.user].
Mon 27 May 2024 18:44:47 DEBUG  Loading feature from [/home/simeon/Git_Repositories/ANS-Recbole/recbole/config/../dataset_example/ml-100k/ml-100k.item] (source: [FeatureSource.ITEM]).
Mon 27 May 2024 18:44:47 DEBUG  [item]: 
Mon 27 May 2024 18:44:47 DEBUG  	 load_col: [set()]
Mon 27 May 2024 18:44:47 DEBUG  	 unload_col: [None]
Mon 27 May 2024 18:44:47 DEBUG  [item] feature loaded successfully from [/home/simeon/Git_Repositories/ANS-Recbole/recbole/config/../dataset_example/ml-100k/ml-100k.item].
Mon 27 May 2024 18:44:47 DEBUG  drop_by_value: val={}
Mon 27 May 2024 18:44:47 DEBUG  Filling nan
Mon 27 May 2024 18:44:47 DEBUG  Set label by {'rating': 4.0}.
Mon 27 May 2024 18:44:47 DEBUG  Delete column [rating].
Mon 27 May 2024 18:44:47 DEBUG  Normalized fields: ['label']
Mon 27 May 2024 18:44:47 INFO  ml-100k
The number of users: 944
Average actions of users: 106.04453870625663
The number of items: 1683
Average actions of items: 59.45303210463734
The number of inters: 100000
The sparsity of the dataset: 93.70575143257098%
Remain Fields: ['user_id', 'item_id', 'label']
Mon 27 May 2024 18:44:47 DEBUG  split by ratios [[0.8, 0.1, 0.1]], group_by=[user_id]
Mon 27 May 2024 18:44:47 INFO  [Training]: train_batch_size = [2048] train_neg_sample_args: [{'distribution': 'uniform', 'sample_num': 1, 'alpha': 1.0, 'dynamic': False, 'candidate_num': 1}]
Mon 27 May 2024 18:44:47 INFO  [Evaluation]: eval_batch_size = [4096] eval_args: [{'split': {'RS': [0.8, 0.1, 0.1]}, 'group_by': 'user', 'order': 'RO', 'mode': 'full'}]
Mon 27 May 2024 18:44:49 INFO  ANS(
  (user_embedding): Embedding(944, 64)
  (item_embedding): Embedding(1683, 64)
  (mf_loss): BPRLoss()
  (reg_loss): EmbLoss()
  (user_gate): Linear(in_features=64, out_features=64, bias=True)
  (item_gate): Linear(in_features=64, out_features=64, bias=True)
  (pos_gate): Linear(in_features=64, out_features=64, bias=True)
  (neg_gate): Linear(in_features=64, out_features=64, bias=True)
  (hard_gate): Linear(in_features=64, out_features=64, bias=True)
  (conf_gate): Linear(in_features=64, out_features=64, bias=True)
  (easy_gate): Linear(in_features=64, out_features=64, bias=True)
  (margin_model): Linear(in_features=64, out_features=1, bias=True)
)
Trainable parameters: 197313
Mon 27 May 2024 18:44:49 INFO  FLOPs: 0.0
Mon 27 May 2024 18:44:50 DEBUG  Predicting for 944 users
Mon 27 May 2024 18:44:51 DEBUG  Adding 2832 potential positive interactions to the dataset
Mon 27 May 2024 18:44:51 DEBUG  ['user_id', 'item_id', 'label']
Mon 27 May 2024 18:44:51 DEBUG   length of inter_feat: 83640
Mon 27 May 2024 18:44:51 DEBUG   length of dataset: 83640
Mon 27 May 2024 18:44:52 DEBUG  Total length interaction: 80808
Mon 27 May 2024 18:44:52 INFO  epoch 0 training [time: 1.00s, train loss: 32.2292]
Mon 27 May 2024 18:44:52 INFO  epoch 0 evaluating [time: 0.30s, valid_score: 0.012500]
Mon 27 May 2024 18:44:52 INFO  valid result: 
recall@20 : 0.0125    mrr@20 : 0.0264    ndcg@20 : 0.0103    hit@20 : 0.1241    precision@20 : 0.007
Mon 27 May 2024 18:44:52 INFO  Saving current: saved/ANS-May-27-2024_18-44-49.pth
Mon 27 May 2024 18:44:53 DEBUG  Total length interaction: 80808
Mon 27 May 2024 18:44:53 INFO  epoch 1 training [time: 0.62s, train loss: 32.2101]
Mon 27 May 2024 18:44:53 INFO  epoch 1 evaluating [time: 0.30s, valid_score: 0.011900]
Mon 27 May 2024 18:44:53 INFO  valid result: 
recall@20 : 0.0119    mrr@20 : 0.0245    ndcg@20 : 0.0099    hit@20 : 0.1241    precision@20 : 0.007
Mon 27 May 2024 18:44:54 DEBUG  Total length interaction: 80808
Mon 27 May 2024 18:44:54 INFO  epoch 2 training [time: 0.47s, train loss: 32.1977]
Mon 27 May 2024 18:44:54 INFO  epoch 2 evaluating [time: 0.29s, valid_score: 0.012000]
Mon 27 May 2024 18:44:54 INFO  valid result: 
recall@20 : 0.012    mrr@20 : 0.0239    ndcg@20 : 0.0096    hit@20 : 0.122    precision@20 : 0.0068
Mon 27 May 2024 18:44:55 DEBUG  Total length interaction: 80808
Mon 27 May 2024 18:44:55 INFO  epoch 3 training [time: 0.49s, train loss: 32.1871]
Mon 27 May 2024 18:44:55 INFO  epoch 3 evaluating [time: 0.30s, valid_score: 0.011300]
Mon 27 May 2024 18:44:55 INFO  valid result: 
recall@20 : 0.0113    mrr@20 : 0.0227    ndcg@20 : 0.0092    hit@20 : 0.1177    precision@20 : 0.0065
Mon 27 May 2024 18:44:55 DEBUG  Total length interaction: 80808
Mon 27 May 2024 18:44:55 INFO  epoch 4 training [time: 0.49s, train loss: 32.1758]
Mon 27 May 2024 18:44:56 INFO  epoch 4 evaluating [time: 0.30s, valid_score: 0.009400]
Mon 27 May 2024 18:44:56 INFO  valid result: 
recall@20 : 0.0094    mrr@20 : 0.0215    ndcg@20 : 0.0083    hit@20 : 0.106    precision@20 : 0.0059
