Thu 23 May 2024 19:14:44 INFO  ['run_recbole.py', '--model=ANS', '--dataset=ml-100k']
Thu 23 May 2024 19:14:44 INFO  
General Hyper Parameters:
gpu_id = 0
use_gpu = True
seed = 2020
state = DEBUG
reproducibility = True
data_path = /home/simeon/Git_Repositories/ANS-Recbole/recbole/config/../dataset_example/ml-100k
checkpoint_dir = saved
show_progress = True
save_dataset = False
dataset_save_path = None
save_dataloaders = False
dataloaders_save_path = None
log_wandb = False

Training Hyper Parameters:
epochs = 500
train_batch_size = 2048
learner = adam
learning_rate = 0.0001
train_neg_sample_args = {'distribution': 'uniform', 'sample_num': 1, 'alpha': 1.0, 'dynamic': False, 'candidate_num': 1}
eval_step = 1
stopping_step = 100
clip_grad_norm = None
weight_decay = 0.0
loss_decimal_place = 4

Evaluation Hyper Parameters:
eval_args = {'split': {'RS': [0.8, 0.1, 0.1]}, 'group_by': 'user', 'order': 'RO', 'mode': 'full'}
repeatable = False
metrics = ['Recall', 'MRR', 'NDCG', 'Hit', 'Precision']
topk = [20]
valid_metric = MRR@20
valid_metric_bigger = True
eval_batch_size = 4096
metric_decimal_place = 4

Dataset Hyper Parameters:
field_separator = 	
seq_separator =  
USER_ID_FIELD = user_id
ITEM_ID_FIELD = item_id
RATING_FIELD = rating
TIME_FIELD = timestamp
seq_len = None
LABEL_FIELD = label
threshold = {'rating': 4.0}
NEG_PREFIX = neg_
load_col = {'inter': ['user_id', 'item_id', 'rating']}
unload_col = None
unused_col = None
additional_feat_suffix = None
rm_dup_inter = None
val_interval = None
filter_inter_by_user_or_item = True
user_inter_num_interval = None
item_inter_num_interval = None
alias_of_user_id = None
alias_of_item_id = None
alias_of_entity_id = None
alias_of_relation_id = None
preload_weight = None
normalize_field = None
normalize_all = True
ITEM_LIST_LENGTH_FIELD = item_length
LIST_SUFFIX = _list
MAX_ITEM_LIST_LENGTH = 50
POSITION_FIELD = position_id
HEAD_ENTITY_ID_FIELD = head_id
TAIL_ENTITY_ID_FIELD = tail_id
RELATION_ID_FIELD = relation_id
ENTITY_ID_FIELD = entity_id
kg_reverse_r = False
entity_kg_num_interval = None
relation_kg_num_interval = None
benchmark_filename = None

Other Hyper Parameters: 
worker = 0
wandb_project = recbole
shuffle = True
require_pow = False
enable_amp = False
enable_scaler = False
transform = None
embedding_size = 64
n_layers = 3
reg_weight = 0.0001
eps = 0.3
gamma = 0.15
numerical_features = []
discretization = None
MODEL_TYPE = ModelType.GENERAL
MODEL_INPUT_TYPE = InputType.PAIRWISE
eval_type = EvaluatorType.RANKING
single_spec = True
local_rank = 0
device = cuda
eval_neg_sample_args = {'distribution': 'uniform', 'sample_num': 'none'}


Thu 23 May 2024 19:14:44 DEBUG  Loading <class 'recbole.data.dataset.dataset.Dataset'> from scratch.
Thu 23 May 2024 19:14:44 DEBUG  uid_field: user_id
Thu 23 May 2024 19:14:44 DEBUG  iid_field: item_id
Thu 23 May 2024 19:14:44 DEBUG  Loading feature from [/home/simeon/Git_Repositories/ANS-Recbole/recbole/config/../dataset_example/ml-100k/ml-100k.inter] (source: [FeatureSource.INTERACTION]).
Thu 23 May 2024 19:14:44 DEBUG  [inter]: 
Thu 23 May 2024 19:14:44 DEBUG  	 load_col: [{'item_id', 'rating', 'user_id'}]
Thu 23 May 2024 19:14:44 DEBUG  	 unload_col: [None]
Thu 23 May 2024 19:14:44 DEBUG  Interaction feature loaded successfully from [/home/simeon/Git_Repositories/ANS-Recbole/recbole/config/../dataset_example/ml-100k/ml-100k.inter].
Thu 23 May 2024 19:14:44 DEBUG  Loading feature from [/home/simeon/Git_Repositories/ANS-Recbole/recbole/config/../dataset_example/ml-100k/ml-100k.user] (source: [FeatureSource.USER]).
Thu 23 May 2024 19:14:44 DEBUG  [user]: 
Thu 23 May 2024 19:14:44 DEBUG  	 load_col: [set()]
Thu 23 May 2024 19:14:44 DEBUG  	 unload_col: [None]
Thu 23 May 2024 19:14:44 DEBUG  [user] feature loaded successfully from [/home/simeon/Git_Repositories/ANS-Recbole/recbole/config/../dataset_example/ml-100k/ml-100k.user].
Thu 23 May 2024 19:14:44 DEBUG  Loading feature from [/home/simeon/Git_Repositories/ANS-Recbole/recbole/config/../dataset_example/ml-100k/ml-100k.item] (source: [FeatureSource.ITEM]).
Thu 23 May 2024 19:14:44 DEBUG  [item]: 
Thu 23 May 2024 19:14:44 DEBUG  	 load_col: [set()]
Thu 23 May 2024 19:14:44 DEBUG  	 unload_col: [None]
Thu 23 May 2024 19:14:44 DEBUG  [item] feature loaded successfully from [/home/simeon/Git_Repositories/ANS-Recbole/recbole/config/../dataset_example/ml-100k/ml-100k.item].
Thu 23 May 2024 19:14:44 DEBUG  drop_by_value: val={}
Thu 23 May 2024 19:14:44 DEBUG  Filling nan
Thu 23 May 2024 19:14:44 DEBUG  Set label by {'rating': 4.0}.
Thu 23 May 2024 19:14:44 DEBUG  Delete column [rating].
Thu 23 May 2024 19:14:44 DEBUG  Normalized fields: ['label']
Thu 23 May 2024 19:14:44 INFO  ml-100k
The number of users: 944
Average actions of users: 106.04453870625663
The number of items: 1683
Average actions of items: 59.45303210463734
The number of inters: 100000
The sparsity of the dataset: 93.70575143257098%
Remain Fields: ['user_id', 'item_id', 'label']
Thu 23 May 2024 19:14:44 DEBUG  split by ratios [[0.8, 0.1, 0.1]], group_by=[user_id]
Thu 23 May 2024 19:14:44 INFO  [Training]: train_batch_size = [2048] train_neg_sample_args: [{'distribution': 'uniform', 'sample_num': 1, 'alpha': 1.0, 'dynamic': False, 'candidate_num': 1}]
Thu 23 May 2024 19:14:44 INFO  [Evaluation]: eval_batch_size = [4096] eval_args: [{'split': {'RS': [0.8, 0.1, 0.1]}, 'group_by': 'user', 'order': 'RO', 'mode': 'full'}]
Thu 23 May 2024 19:14:45 INFO  ANS(
  (user_embedding): Embedding(944, 64)
  (item_embedding): Embedding(1683, 64)
  (mf_loss): BPRLoss()
  (reg_loss): EmbLoss()
  (user_gate): Linear(in_features=64, out_features=64, bias=True)
  (item_gate): Linear(in_features=64, out_features=64, bias=True)
  (pos_gate): Linear(in_features=64, out_features=64, bias=True)
  (neg_gate): Linear(in_features=64, out_features=64, bias=True)
  (hard_gate): Linear(in_features=64, out_features=64, bias=True)
  (conf_gate): Linear(in_features=64, out_features=64, bias=True)
  (easy_gate): Linear(in_features=64, out_features=64, bias=True)
  (margin_model): Linear(in_features=64, out_features=1, bias=True)
)
Trainable parameters: 197313
Thu 23 May 2024 19:14:46 INFO  FLOPs: 0.0
Thu 23 May 2024 19:14:48 INFO  epoch 0 training [time: 1.22s, train loss: 32.2292]
Thu 23 May 2024 19:14:48 INFO  epoch 0 evaluating [time: 0.45s, valid_score: 0.026400]
Thu 23 May 2024 19:14:48 INFO  valid result: 
recall@20 : 0.0125    mrr@20 : 0.0264    ndcg@20 : 0.0103    hit@20 : 0.1241    precision@20 : 0.007
Thu 23 May 2024 19:14:48 INFO  Saving current: saved/ANS-May-23-2024_19-14-46.pth
Thu 23 May 2024 19:14:49 INFO  epoch 1 training [time: 0.66s, train loss: 32.2101]
Thu 23 May 2024 19:14:49 INFO  epoch 1 evaluating [time: 0.41s, valid_score: 0.024500]
Thu 23 May 2024 19:14:49 INFO  valid result: 
recall@20 : 0.0119    mrr@20 : 0.0245    ndcg@20 : 0.0099    hit@20 : 0.1241    precision@20 : 0.007
Thu 23 May 2024 19:14:50 INFO  epoch 2 training [time: 0.72s, train loss: 32.1977]
Thu 23 May 2024 19:14:50 INFO  epoch 2 evaluating [time: 0.40s, valid_score: 0.023900]
Thu 23 May 2024 19:14:50 INFO  valid result: 
recall@20 : 0.012    mrr@20 : 0.0239    ndcg@20 : 0.0096    hit@20 : 0.122    precision@20 : 0.0068
Thu 23 May 2024 19:14:51 INFO  epoch 3 training [time: 0.62s, train loss: 32.1871]
Thu 23 May 2024 19:14:51 INFO  epoch 3 evaluating [time: 0.40s, valid_score: 0.022700]
Thu 23 May 2024 19:14:51 INFO  valid result: 
recall@20 : 0.0113    mrr@20 : 0.0227    ndcg@20 : 0.0092    hit@20 : 0.1177    precision@20 : 0.0065
Thu 23 May 2024 19:14:52 INFO  epoch 4 training [time: 0.64s, train loss: 32.1758]
Thu 23 May 2024 19:14:52 INFO  epoch 4 evaluating [time: 0.43s, valid_score: 0.021500]
Thu 23 May 2024 19:14:52 INFO  valid result: 
recall@20 : 0.0094    mrr@20 : 0.0215    ndcg@20 : 0.0083    hit@20 : 0.106    precision@20 : 0.0059
Thu 23 May 2024 19:14:53 INFO  epoch 5 training [time: 0.61s, train loss: 32.1667]
Thu 23 May 2024 19:14:53 INFO  epoch 5 evaluating [time: 0.40s, valid_score: 0.020600]
Thu 23 May 2024 19:14:53 INFO  valid result: 
recall@20 : 0.009    mrr@20 : 0.0206    ndcg@20 : 0.0079    hit@20 : 0.1039    precision@20 : 0.0057
Thu 23 May 2024 19:14:54 INFO  epoch 6 training [time: 0.61s, train loss: 32.1590]
Thu 23 May 2024 19:14:54 INFO  epoch 6 evaluating [time: 0.41s, valid_score: 0.019200]
Thu 23 May 2024 19:14:54 INFO  valid result: 
recall@20 : 0.0091    mrr@20 : 0.0192    ndcg@20 : 0.0077    hit@20 : 0.1039    precision@20 : 0.0057
Thu 23 May 2024 19:14:55 INFO  epoch 7 training [time: 0.68s, train loss: 32.1525]
Thu 23 May 2024 19:14:55 INFO  epoch 7 evaluating [time: 0.43s, valid_score: 0.017900]
Thu 23 May 2024 19:14:55 INFO  valid result: 
recall@20 : 0.0087    mrr@20 : 0.0179    ndcg@20 : 0.0072    hit@20 : 0.0997    precision@20 : 0.0055
Thu 23 May 2024 19:14:56 INFO  epoch 8 training [time: 0.73s, train loss: 32.1495]
Thu 23 May 2024 19:14:57 INFO  epoch 8 evaluating [time: 0.43s, valid_score: 0.017000]
Thu 23 May 2024 19:14:57 INFO  valid result: 
recall@20 : 0.0087    mrr@20 : 0.017    ndcg@20 : 0.007    hit@20 : 0.0986    precision@20 : 0.0054
Thu 23 May 2024 19:14:57 INFO  epoch 9 training [time: 0.68s, train loss: 32.1453]
Thu 23 May 2024 19:14:58 INFO  epoch 9 evaluating [time: 0.44s, valid_score: 0.016100]
Thu 23 May 2024 19:14:58 INFO  valid result: 
recall@20 : 0.008    mrr@20 : 0.0161    ndcg@20 : 0.0066    hit@20 : 0.0944    precision@20 : 0.0051
Thu 23 May 2024 19:14:58 INFO  epoch 10 training [time: 0.70s, train loss: 32.1401]
Thu 23 May 2024 19:14:59 INFO  epoch 10 evaluating [time: 0.41s, valid_score: 0.015500]
Thu 23 May 2024 19:14:59 INFO  valid result: 
recall@20 : 0.0078    mrr@20 : 0.0155    ndcg@20 : 0.0063    hit@20 : 0.0891    precision@20 : 0.0049
Thu 23 May 2024 19:14:59 INFO  epoch 11 training [time: 0.67s, train loss: 32.1334]
Thu 23 May 2024 19:15:00 INFO  epoch 11 evaluating [time: 0.43s, valid_score: 0.015300]
Thu 23 May 2024 19:15:00 INFO  valid result: 
recall@20 : 0.0078    mrr@20 : 0.0153    ndcg@20 : 0.0063    hit@20 : 0.0912    precision@20 : 0.005
Thu 23 May 2024 19:15:01 INFO  epoch 12 training [time: 0.67s, train loss: 32.1260]
Thu 23 May 2024 19:15:01 INFO  epoch 12 evaluating [time: 0.44s, valid_score: 0.014300]
Thu 23 May 2024 19:15:01 INFO  valid result: 
recall@20 : 0.007    mrr@20 : 0.0143    ndcg@20 : 0.0058    hit@20 : 0.0838    precision@20 : 0.0046
Thu 23 May 2024 19:15:02 INFO  epoch 13 training [time: 0.73s, train loss: 32.1210]
Thu 23 May 2024 19:15:02 INFO  epoch 13 evaluating [time: 0.40s, valid_score: 0.014000]
Thu 23 May 2024 19:15:02 INFO  valid result: 
recall@20 : 0.0068    mrr@20 : 0.014    ndcg@20 : 0.0056    hit@20 : 0.0795    precision@20 : 0.0044
Thu 23 May 2024 19:15:03 INFO  epoch 14 training [time: 0.65s, train loss: 32.1129]
Thu 23 May 2024 19:15:03 INFO  epoch 14 evaluating [time: 0.43s, valid_score: 0.013900]
Thu 23 May 2024 19:15:03 INFO  valid result: 
recall@20 : 0.0069    mrr@20 : 0.0139    ndcg@20 : 0.0057    hit@20 : 0.0838    precision@20 : 0.0046
Thu 23 May 2024 19:15:04 INFO  epoch 15 training [time: 0.75s, train loss: 32.1075]
Thu 23 May 2024 19:15:04 INFO  epoch 15 evaluating [time: 0.43s, valid_score: 0.013300]
Thu 23 May 2024 19:15:04 INFO  valid result: 
recall@20 : 0.0064    mrr@20 : 0.0133    ndcg@20 : 0.0053    hit@20 : 0.0774    precision@20 : 0.0043
Thu 23 May 2024 19:15:05 INFO  epoch 16 training [time: 0.70s, train loss: 32.1011]
Thu 23 May 2024 19:15:05 INFO  epoch 16 evaluating [time: 0.40s, valid_score: 0.013000]
Thu 23 May 2024 19:15:05 INFO  valid result: 
recall@20 : 0.006    mrr@20 : 0.013    ndcg@20 : 0.0051    hit@20 : 0.0742    precision@20 : 0.0041
Thu 23 May 2024 19:15:06 INFO  epoch 17 training [time: 0.63s, train loss: 32.0952]
Thu 23 May 2024 19:15:06 INFO  epoch 17 evaluating [time: 0.40s, valid_score: 0.012700]
Thu 23 May 2024 19:15:06 INFO  valid result: 
recall@20 : 0.0063    mrr@20 : 0.0127    ndcg@20 : 0.005    hit@20 : 0.0732    precision@20 : 0.004
Thu 23 May 2024 19:15:07 INFO  epoch 18 training [time: 0.65s, train loss: 32.0901]
Thu 23 May 2024 19:15:08 INFO  epoch 18 evaluating [time: 0.40s, valid_score: 0.012500]
Thu 23 May 2024 19:15:08 INFO  valid result: 
recall@20 : 0.0064    mrr@20 : 0.0125    ndcg@20 : 0.005    hit@20 : 0.0742    precision@20 : 0.004
Thu 23 May 2024 19:15:08 INFO  epoch 19 training [time: 0.64s, train loss: 32.0856]
Thu 23 May 2024 19:15:09 INFO  epoch 19 evaluating [time: 0.41s, valid_score: 0.012300]
Thu 23 May 2024 19:15:09 INFO  valid result: 
recall@20 : 0.0062    mrr@20 : 0.0123    ndcg@20 : 0.0048    hit@20 : 0.0689    precision@20 : 0.0037
Thu 23 May 2024 19:15:09 INFO  epoch 20 training [time: 0.65s, train loss: 32.0800]
Thu 23 May 2024 19:15:10 INFO  epoch 20 evaluating [time: 0.41s, valid_score: 0.011900]
Thu 23 May 2024 19:15:10 INFO  valid result: 
recall@20 : 0.0062    mrr@20 : 0.0119    ndcg@20 : 0.0048    hit@20 : 0.07    precision@20 : 0.0038
Thu 23 May 2024 19:15:10 INFO  epoch 21 training [time: 0.61s, train loss: 32.0749]
Thu 23 May 2024 19:15:11 INFO  epoch 21 evaluating [time: 0.41s, valid_score: 0.011900]
Thu 23 May 2024 19:15:11 INFO  valid result: 
recall@20 : 0.0061    mrr@20 : 0.0119    ndcg@20 : 0.0048    hit@20 : 0.07    precision@20 : 0.0038
Thu 23 May 2024 19:15:11 INFO  epoch 22 training [time: 0.63s, train loss: 32.0691]
Thu 23 May 2024 19:15:12 INFO  epoch 22 evaluating [time: 0.40s, valid_score: 0.011700]
Thu 23 May 2024 19:15:12 INFO  valid result: 
recall@20 : 0.0059    mrr@20 : 0.0117    ndcg@20 : 0.0047    hit@20 : 0.0668    precision@20 : 0.0037
Thu 23 May 2024 19:15:12 INFO  epoch 23 training [time: 0.63s, train loss: 32.0650]
Thu 23 May 2024 19:15:13 INFO  epoch 23 evaluating [time: 0.41s, valid_score: 0.011400]
Thu 23 May 2024 19:15:13 INFO  valid result: 
recall@20 : 0.0056    mrr@20 : 0.0114    ndcg@20 : 0.0046    hit@20 : 0.0689    precision@20 : 0.0038
Thu 23 May 2024 19:15:13 INFO  epoch 24 training [time: 0.73s, train loss: 32.0604]
Thu 23 May 2024 19:15:14 INFO  epoch 24 evaluating [time: 0.40s, valid_score: 0.011100]
Thu 23 May 2024 19:15:14 INFO  valid result: 
recall@20 : 0.0056    mrr@20 : 0.0111    ndcg@20 : 0.0045    hit@20 : 0.0668    precision@20 : 0.0037
Thu 23 May 2024 19:15:15 INFO  epoch 25 training [time: 0.67s, train loss: 32.0553]
Thu 23 May 2024 19:15:15 INFO  epoch 25 evaluating [time: 0.41s, valid_score: 0.011000]
Thu 23 May 2024 19:15:15 INFO  valid result: 
recall@20 : 0.0056    mrr@20 : 0.011    ndcg@20 : 0.0045    hit@20 : 0.0689    precision@20 : 0.0038
Thu 23 May 2024 19:15:16 INFO  epoch 26 training [time: 0.64s, train loss: 32.0511]
Thu 23 May 2024 19:15:16 INFO  epoch 26 evaluating [time: 0.40s, valid_score: 0.011000]
Thu 23 May 2024 19:15:16 INFO  valid result: 
recall@20 : 0.0051    mrr@20 : 0.011    ndcg@20 : 0.0043    hit@20 : 0.0636    precision@20 : 0.0036
Thu 23 May 2024 19:15:17 INFO  epoch 27 training [time: 0.67s, train loss: 32.0478]
Thu 23 May 2024 19:15:17 INFO  epoch 27 evaluating [time: 0.40s, valid_score: 0.011400]
Thu 23 May 2024 19:15:17 INFO  valid result: 
recall@20 : 0.0054    mrr@20 : 0.0114    ndcg@20 : 0.0045    hit@20 : 0.0657    precision@20 : 0.0038
Thu 23 May 2024 19:15:18 INFO  epoch 28 training [time: 0.66s, train loss: 32.0415]
Thu 23 May 2024 19:15:18 INFO  epoch 28 evaluating [time: 0.41s, valid_score: 0.012000]
Thu 23 May 2024 19:15:18 INFO  valid result: 
recall@20 : 0.0055    mrr@20 : 0.012    ndcg@20 : 0.0047    hit@20 : 0.07    precision@20 : 0.0039
Thu 23 May 2024 19:15:19 INFO  epoch 29 training [time: 0.64s, train loss: 32.0375]
Thu 23 May 2024 19:15:19 INFO  epoch 29 evaluating [time: 0.40s, valid_score: 0.011600]
Thu 23 May 2024 19:15:19 INFO  valid result: 
recall@20 : 0.0049    mrr@20 : 0.0116    ndcg@20 : 0.0044    hit@20 : 0.0626    precision@20 : 0.0037
Thu 23 May 2024 19:15:20 INFO  epoch 30 training [time: 0.63s, train loss: 32.0337]
Thu 23 May 2024 19:15:20 INFO  epoch 30 evaluating [time: 0.42s, valid_score: 0.011900]
Thu 23 May 2024 19:15:20 INFO  valid result: 
recall@20 : 0.0051    mrr@20 : 0.0119    ndcg@20 : 0.0045    hit@20 : 0.0657    precision@20 : 0.0038
Thu 23 May 2024 19:15:21 INFO  epoch 31 training [time: 0.64s, train loss: 32.0291]
Thu 23 May 2024 19:15:21 INFO  epoch 31 evaluating [time: 0.40s, valid_score: 0.011900]
Thu 23 May 2024 19:15:21 INFO  valid result: 
recall@20 : 0.0054    mrr@20 : 0.0119    ndcg@20 : 0.0046    hit@20 : 0.0657    precision@20 : 0.0038
Thu 23 May 2024 19:15:22 INFO  epoch 32 training [time: 0.64s, train loss: 32.0248]
Thu 23 May 2024 19:15:22 INFO  epoch 32 evaluating [time: 0.41s, valid_score: 0.012100]
Thu 23 May 2024 19:15:22 INFO  valid result: 
recall@20 : 0.0053    mrr@20 : 0.0121    ndcg@20 : 0.0046    hit@20 : 0.0647    precision@20 : 0.0037
Thu 23 May 2024 19:15:23 INFO  epoch 33 training [time: 0.66s, train loss: 32.0220]
Thu 23 May 2024 19:15:23 INFO  epoch 33 evaluating [time: 0.42s, valid_score: 0.013300]
Thu 23 May 2024 19:15:23 INFO  valid result: 
recall@20 : 0.0057    mrr@20 : 0.0133    ndcg@20 : 0.005    hit@20 : 0.0689    precision@20 : 0.004
Thu 23 May 2024 19:15:24 INFO  epoch 34 training [time: 0.78s, train loss: 32.0180]
Thu 23 May 2024 19:15:25 INFO  epoch 34 evaluating [time: 0.42s, valid_score: 0.014000]
Thu 23 May 2024 19:15:25 INFO  valid result: 
recall@20 : 0.0059    mrr@20 : 0.014    ndcg@20 : 0.0051    hit@20 : 0.0721    precision@20 : 0.0042
Thu 23 May 2024 19:15:25 INFO  epoch 35 training [time: 0.65s, train loss: 32.0144]
Thu 23 May 2024 19:15:26 INFO  epoch 35 evaluating [time: 0.41s, valid_score: 0.014100]
Thu 23 May 2024 19:15:26 INFO  valid result: 
recall@20 : 0.0065    mrr@20 : 0.0141    ndcg@20 : 0.0054    hit@20 : 0.0753    precision@20 : 0.0044
Thu 23 May 2024 19:15:26 INFO  epoch 36 training [time: 0.70s, train loss: 32.0099]
Thu 23 May 2024 19:15:27 INFO  epoch 36 evaluating [time: 0.41s, valid_score: 0.014100]
Thu 23 May 2024 19:15:27 INFO  valid result: 
recall@20 : 0.0065    mrr@20 : 0.0141    ndcg@20 : 0.0053    hit@20 : 0.0742    precision@20 : 0.0043
Thu 23 May 2024 19:15:27 INFO  epoch 37 training [time: 0.65s, train loss: 32.0052]
Thu 23 May 2024 19:15:28 INFO  epoch 37 evaluating [time: 0.41s, valid_score: 0.014700]
Thu 23 May 2024 19:15:28 INFO  valid result: 
recall@20 : 0.0066    mrr@20 : 0.0147    ndcg@20 : 0.0056    hit@20 : 0.0764    precision@20 : 0.0046
Thu 23 May 2024 19:15:28 INFO  epoch 38 training [time: 0.67s, train loss: 32.0023]
Thu 23 May 2024 19:15:29 INFO  epoch 38 evaluating [time: 0.40s, valid_score: 0.015100]
Thu 23 May 2024 19:15:29 INFO  valid result: 
recall@20 : 0.0068    mrr@20 : 0.0151    ndcg@20 : 0.0058    hit@20 : 0.0795    precision@20 : 0.0048
Thu 23 May 2024 19:15:30 INFO  epoch 39 training [time: 0.67s, train loss: 31.9986]
Thu 23 May 2024 19:15:30 INFO  epoch 39 evaluating [time: 0.41s, valid_score: 0.016100]
Thu 23 May 2024 19:15:30 INFO  valid result: 
recall@20 : 0.0066    mrr@20 : 0.0161    ndcg@20 : 0.0059    hit@20 : 0.0817    precision@20 : 0.0049
Thu 23 May 2024 19:15:31 INFO  epoch 40 training [time: 0.66s, train loss: 31.9943]
Thu 23 May 2024 19:15:31 INFO  epoch 40 evaluating [time: 0.40s, valid_score: 0.016400]
Thu 23 May 2024 19:15:31 INFO  valid result: 
recall@20 : 0.0065    mrr@20 : 0.0164    ndcg@20 : 0.006    hit@20 : 0.0827    precision@20 : 0.005
Thu 23 May 2024 19:15:32 INFO  epoch 41 training [time: 0.68s, train loss: 31.9910]
Thu 23 May 2024 19:15:32 INFO  epoch 41 evaluating [time: 0.41s, valid_score: 0.017000]
Thu 23 May 2024 19:15:32 INFO  valid result: 
recall@20 : 0.0063    mrr@20 : 0.017    ndcg@20 : 0.006    hit@20 : 0.0838    precision@20 : 0.005
Thu 23 May 2024 19:15:33 INFO  epoch 42 training [time: 0.69s, train loss: 31.9888]
Thu 23 May 2024 19:15:33 INFO  epoch 42 evaluating [time: 0.40s, valid_score: 0.017500]
Thu 23 May 2024 19:15:33 INFO  valid result: 
recall@20 : 0.0064    mrr@20 : 0.0175    ndcg@20 : 0.0062    hit@20 : 0.0838    precision@20 : 0.0051
Thu 23 May 2024 19:15:34 INFO  epoch 43 training [time: 0.72s, train loss: 31.9847]
Thu 23 May 2024 19:15:34 INFO  epoch 43 evaluating [time: 0.40s, valid_score: 0.018300]
Thu 23 May 2024 19:15:34 INFO  valid result: 
recall@20 : 0.0066    mrr@20 : 0.0183    ndcg@20 : 0.0066    hit@20 : 0.0859    precision@20 : 0.0056
Thu 23 May 2024 19:15:35 INFO  epoch 44 training [time: 0.83s, train loss: 31.9809]
Thu 23 May 2024 19:15:36 INFO  epoch 44 evaluating [time: 0.42s, valid_score: 0.018600]
Thu 23 May 2024 19:15:36 INFO  valid result: 
recall@20 : 0.0061    mrr@20 : 0.0186    ndcg@20 : 0.0065    hit@20 : 0.087    precision@20 : 0.0056
Thu 23 May 2024 19:15:36 INFO  epoch 45 training [time: 0.86s, train loss: 31.9767]
Thu 23 May 2024 19:15:37 INFO  epoch 45 evaluating [time: 0.41s, valid_score: 0.019100]
Thu 23 May 2024 19:15:37 INFO  valid result: 
recall@20 : 0.0063    mrr@20 : 0.0191    ndcg@20 : 0.0068    hit@20 : 0.0912    precision@20 : 0.0058
Thu 23 May 2024 19:15:38 INFO  epoch 46 training [time: 0.82s, train loss: 31.9733]
Thu 23 May 2024 19:15:38 INFO  epoch 46 evaluating [time: 0.41s, valid_score: 0.020700]
Thu 23 May 2024 19:15:38 INFO  valid result: 
recall@20 : 0.0065    mrr@20 : 0.0207    ndcg@20 : 0.0071    hit@20 : 0.0944    precision@20 : 0.006
Thu 23 May 2024 19:15:39 INFO  epoch 47 training [time: 0.70s, train loss: 31.9688]
Thu 23 May 2024 19:15:39 INFO  epoch 47 evaluating [time: 0.42s, valid_score: 0.021500]
Thu 23 May 2024 19:15:39 INFO  valid result: 
recall@20 : 0.0066    mrr@20 : 0.0215    ndcg@20 : 0.0073    hit@20 : 0.0954    precision@20 : 0.0061
Thu 23 May 2024 19:15:40 INFO  epoch 48 training [time: 0.79s, train loss: 31.9648]
Thu 23 May 2024 19:15:40 INFO  epoch 48 evaluating [time: 0.40s, valid_score: 0.022700]
Thu 23 May 2024 19:15:40 INFO  valid result: 
recall@20 : 0.0068    mrr@20 : 0.0227    ndcg@20 : 0.0077    hit@20 : 0.0976    precision@20 : 0.0064
Thu 23 May 2024 19:15:41 INFO  epoch 49 training [time: 0.71s, train loss: 31.9617]
Thu 23 May 2024 19:15:42 INFO  epoch 49 evaluating [time: 0.40s, valid_score: 0.022900]
Thu 23 May 2024 19:15:42 INFO  valid result: 
recall@20 : 0.0072    mrr@20 : 0.0229    ndcg@20 : 0.0082    hit@20 : 0.1018    precision@20 : 0.007
Thu 23 May 2024 19:15:42 INFO  epoch 50 training [time: 0.80s, train loss: 31.9578]
Thu 23 May 2024 19:15:43 INFO  epoch 50 evaluating [time: 0.43s, valid_score: 0.023600]
Thu 23 May 2024 19:15:43 INFO  valid result: 
recall@20 : 0.0073    mrr@20 : 0.0236    ndcg@20 : 0.0085    hit@20 : 0.1029    precision@20 : 0.0073
Thu 23 May 2024 19:15:44 INFO  epoch 51 training [time: 0.82s, train loss: 31.9538]
Thu 23 May 2024 19:15:44 INFO  epoch 51 evaluating [time: 0.41s, valid_score: 0.024800]
Thu 23 May 2024 19:15:44 INFO  valid result: 
recall@20 : 0.0075    mrr@20 : 0.0248    ndcg@20 : 0.0087    hit@20 : 0.105    precision@20 : 0.0073
Thu 23 May 2024 19:15:45 INFO  epoch 52 training [time: 0.79s, train loss: 31.9480]
Thu 23 May 2024 19:15:45 INFO  epoch 52 evaluating [time: 0.41s, valid_score: 0.025500]
Thu 23 May 2024 19:15:45 INFO  valid result: 
recall@20 : 0.0081    mrr@20 : 0.0255    ndcg@20 : 0.0092    hit@20 : 0.1113    precision@20 : 0.0079
Thu 23 May 2024 19:15:46 INFO  epoch 53 training [time: 0.85s, train loss: 31.9423]
Thu 23 May 2024 19:15:46 INFO  epoch 53 evaluating [time: 0.41s, valid_score: 0.027300]
Thu 23 May 2024 19:15:46 INFO  valid result: 
recall@20 : 0.0087    mrr@20 : 0.0273    ndcg@20 : 0.0098    hit@20 : 0.1156    precision@20 : 0.0084
Thu 23 May 2024 19:15:46 INFO  Saving current: saved/ANS-May-23-2024_19-14-46.pth
Thu 23 May 2024 19:15:47 INFO  epoch 54 training [time: 0.76s, train loss: 31.9379]
Thu 23 May 2024 19:15:48 INFO  epoch 54 evaluating [time: 0.42s, valid_score: 0.028500]
Thu 23 May 2024 19:15:48 INFO  valid result: 
recall@20 : 0.0092    mrr@20 : 0.0285    ndcg@20 : 0.0104    hit@20 : 0.122    precision@20 : 0.009
Thu 23 May 2024 19:15:48 INFO  Saving current: saved/ANS-May-23-2024_19-14-46.pth
Thu 23 May 2024 19:15:48 INFO  epoch 55 training [time: 0.69s, train loss: 31.9331]
Thu 23 May 2024 19:15:49 INFO  epoch 55 evaluating [time: 0.40s, valid_score: 0.030000]
Thu 23 May 2024 19:15:49 INFO  valid result: 
recall@20 : 0.0093    mrr@20 : 0.03    ndcg@20 : 0.0107    hit@20 : 0.122    precision@20 : 0.0092
Thu 23 May 2024 19:15:49 INFO  Saving current: saved/ANS-May-23-2024_19-14-46.pth
Thu 23 May 2024 19:15:50 INFO  epoch 56 training [time: 0.85s, train loss: 31.9261]
Thu 23 May 2024 19:15:50 INFO  epoch 56 evaluating [time: 0.40s, valid_score: 0.031200]
Thu 23 May 2024 19:15:50 INFO  valid result: 
recall@20 : 0.0099    mrr@20 : 0.0312    ndcg@20 : 0.0113    hit@20 : 0.1273    precision@20 : 0.0097
Thu 23 May 2024 19:15:50 INFO  Saving current: saved/ANS-May-23-2024_19-14-46.pth
Thu 23 May 2024 19:15:51 INFO  epoch 57 training [time: 0.70s, train loss: 31.9198]
Thu 23 May 2024 19:15:51 INFO  epoch 57 evaluating [time: 0.41s, valid_score: 0.032300]
Thu 23 May 2024 19:15:51 INFO  valid result: 
recall@20 : 0.0101    mrr@20 : 0.0323    ndcg@20 : 0.0118    hit@20 : 0.1294    precision@20 : 0.01
Thu 23 May 2024 19:15:51 INFO  Saving current: saved/ANS-May-23-2024_19-14-46.pth
Thu 23 May 2024 19:15:52 INFO  epoch 58 training [time: 0.75s, train loss: 31.9138]
Thu 23 May 2024 19:15:52 INFO  epoch 58 evaluating [time: 0.42s, valid_score: 0.033000]
Thu 23 May 2024 19:15:52 INFO  valid result: 
recall@20 : 0.0101    mrr@20 : 0.033    ndcg@20 : 0.0119    hit@20 : 0.1283    precision@20 : 0.0101
Thu 23 May 2024 19:15:52 INFO  Saving current: saved/ANS-May-23-2024_19-14-46.pth
Thu 23 May 2024 19:15:53 INFO  epoch 59 training [time: 0.80s, train loss: 31.9067]
Thu 23 May 2024 19:15:53 INFO  epoch 59 evaluating [time: 0.41s, valid_score: 0.033800]
Thu 23 May 2024 19:15:53 INFO  valid result: 
recall@20 : 0.0108    mrr@20 : 0.0338    ndcg@20 : 0.0126    hit@20 : 0.1379    precision@20 : 0.0109
Thu 23 May 2024 19:15:53 INFO  Saving current: saved/ANS-May-23-2024_19-14-46.pth
Thu 23 May 2024 19:15:54 INFO  epoch 60 training [time: 0.62s, train loss: 31.8985]
Thu 23 May 2024 19:15:55 INFO  epoch 60 evaluating [time: 0.41s, valid_score: 0.034900]
Thu 23 May 2024 19:15:55 INFO  valid result: 
recall@20 : 0.011    mrr@20 : 0.0349    ndcg@20 : 0.0131    hit@20 : 0.1389    precision@20 : 0.0113
Thu 23 May 2024 19:15:55 INFO  Saving current: saved/ANS-May-23-2024_19-14-46.pth
Thu 23 May 2024 19:15:55 INFO  epoch 61 training [time: 0.58s, train loss: 31.8891]
Thu 23 May 2024 19:15:56 INFO  epoch 61 evaluating [time: 0.42s, valid_score: 0.037000]
Thu 23 May 2024 19:15:56 INFO  valid result: 
recall@20 : 0.0115    mrr@20 : 0.037    ndcg@20 : 0.0137    hit@20 : 0.1463    precision@20 : 0.0121
Thu 23 May 2024 19:15:56 INFO  Saving current: saved/ANS-May-23-2024_19-14-46.pth
Thu 23 May 2024 19:15:56 INFO  epoch 62 training [time: 0.63s, train loss: 31.8811]
Thu 23 May 2024 19:15:57 INFO  epoch 62 evaluating [time: 0.41s, valid_score: 0.038400]
Thu 23 May 2024 19:15:57 INFO  valid result: 
recall@20 : 0.012    mrr@20 : 0.0384    ndcg@20 : 0.0145    hit@20 : 0.1516    precision@20 : 0.0128
Thu 23 May 2024 19:15:57 INFO  Saving current: saved/ANS-May-23-2024_19-14-46.pth
Thu 23 May 2024 19:15:57 INFO  epoch 63 training [time: 0.61s, train loss: 31.8686]
Thu 23 May 2024 19:15:58 INFO  epoch 63 evaluating [time: 0.41s, valid_score: 0.039300]
Thu 23 May 2024 19:15:58 INFO  valid result: 
recall@20 : 0.0122    mrr@20 : 0.0393    ndcg@20 : 0.0149    hit@20 : 0.158    precision@20 : 0.0134
Thu 23 May 2024 19:15:58 INFO  Saving current: saved/ANS-May-23-2024_19-14-46.pth
Thu 23 May 2024 19:15:58 INFO  epoch 64 training [time: 0.57s, train loss: 31.8560]
Thu 23 May 2024 19:15:59 INFO  epoch 64 evaluating [time: 0.41s, valid_score: 0.040500]
Thu 23 May 2024 19:15:59 INFO  valid result: 
recall@20 : 0.012    mrr@20 : 0.0405    ndcg@20 : 0.0154    hit@20 : 0.1591    precision@20 : 0.0141
Thu 23 May 2024 19:15:59 INFO  Saving current: saved/ANS-May-23-2024_19-14-46.pth
Thu 23 May 2024 19:15:59 INFO  epoch 65 training [time: 0.60s, train loss: 31.8439]
Thu 23 May 2024 19:16:00 INFO  epoch 65 evaluating [time: 0.42s, valid_score: 0.042300]
Thu 23 May 2024 19:16:00 INFO  valid result: 
recall@20 : 0.0128    mrr@20 : 0.0423    ndcg@20 : 0.0163    hit@20 : 0.1622    precision@20 : 0.015
Thu 23 May 2024 19:16:00 INFO  Saving current: saved/ANS-May-23-2024_19-14-46.pth
Thu 23 May 2024 19:16:00 INFO  epoch 66 training [time: 0.60s, train loss: 31.8309]
Thu 23 May 2024 19:16:01 INFO  epoch 66 evaluating [time: 0.40s, valid_score: 0.042500]
Thu 23 May 2024 19:16:01 INFO  valid result: 
recall@20 : 0.0127    mrr@20 : 0.0425    ndcg@20 : 0.0166    hit@20 : 0.1633    precision@20 : 0.0154
Thu 23 May 2024 19:16:01 INFO  Saving current: saved/ANS-May-23-2024_19-14-46.pth
Thu 23 May 2024 19:16:01 INFO  epoch 67 training [time: 0.73s, train loss: 31.8129]
Thu 23 May 2024 19:16:02 INFO  epoch 67 evaluating [time: 0.40s, valid_score: 0.043100]
Thu 23 May 2024 19:16:02 INFO  valid result: 
recall@20 : 0.0135    mrr@20 : 0.0431    ndcg@20 : 0.0173    hit@20 : 0.1697    precision@20 : 0.0163
Thu 23 May 2024 19:16:02 INFO  Saving current: saved/ANS-May-23-2024_19-14-46.pth
Thu 23 May 2024 19:16:02 INFO  epoch 68 training [time: 0.58s, train loss: 31.7945]
Thu 23 May 2024 19:16:03 INFO  epoch 68 evaluating [time: 0.40s, valid_score: 0.044200]
Thu 23 May 2024 19:16:03 INFO  valid result: 
recall@20 : 0.0144    mrr@20 : 0.0442    ndcg@20 : 0.0182    hit@20 : 0.1803    precision@20 : 0.0172
Thu 23 May 2024 19:16:03 INFO  Saving current: saved/ANS-May-23-2024_19-14-46.pth
Thu 23 May 2024 19:16:03 INFO  epoch 69 training [time: 0.62s, train loss: 31.7749]
Thu 23 May 2024 19:16:04 INFO  epoch 69 evaluating [time: 0.41s, valid_score: 0.045900]
Thu 23 May 2024 19:16:04 INFO  valid result: 
recall@20 : 0.0148    mrr@20 : 0.0459    ndcg@20 : 0.0186    hit@20 : 0.1813    precision@20 : 0.0174
Thu 23 May 2024 19:16:04 INFO  Saving current: saved/ANS-May-23-2024_19-14-46.pth
Thu 23 May 2024 19:16:04 INFO  epoch 70 training [time: 0.62s, train loss: 31.7477]
Thu 23 May 2024 19:16:05 INFO  epoch 70 evaluating [time: 0.42s, valid_score: 0.048200]
Thu 23 May 2024 19:16:05 INFO  valid result: 
recall@20 : 0.0158    mrr@20 : 0.0482    ndcg@20 : 0.0198    hit@20 : 0.1866    precision@20 : 0.0186
Thu 23 May 2024 19:16:05 INFO  Saving current: saved/ANS-May-23-2024_19-14-46.pth
Thu 23 May 2024 19:16:05 INFO  epoch 71 training [time: 0.64s, train loss: 31.7161]
Thu 23 May 2024 19:16:06 INFO  epoch 71 evaluating [time: 0.41s, valid_score: 0.049300]
Thu 23 May 2024 19:16:06 INFO  valid result: 
recall@20 : 0.0165    mrr@20 : 0.0493    ndcg@20 : 0.0208    hit@20 : 0.1877    precision@20 : 0.0196
Thu 23 May 2024 19:16:06 INFO  Saving current: saved/ANS-May-23-2024_19-14-46.pth
Thu 23 May 2024 19:16:07 INFO  epoch 72 training [time: 0.65s, train loss: 31.6804]
Thu 23 May 2024 19:16:07 INFO  epoch 72 evaluating [time: 0.42s, valid_score: 0.050100]
Thu 23 May 2024 19:16:07 INFO  valid result: 
recall@20 : 0.0177    mrr@20 : 0.0501    ndcg@20 : 0.0219    hit@20 : 0.1994    precision@20 : 0.0209
Thu 23 May 2024 19:16:07 INFO  Saving current: saved/ANS-May-23-2024_19-14-46.pth
Thu 23 May 2024 19:16:08 INFO  epoch 73 training [time: 0.66s, train loss: 31.6320]
Thu 23 May 2024 19:16:08 INFO  epoch 73 evaluating [time: 0.42s, valid_score: 0.050600]
Thu 23 May 2024 19:16:08 INFO  valid result: 
recall@20 : 0.019    mrr@20 : 0.0506    ndcg@20 : 0.023    hit@20 : 0.2036    precision@20 : 0.0221
Thu 23 May 2024 19:16:08 INFO  Saving current: saved/ANS-May-23-2024_19-14-46.pth
Thu 23 May 2024 19:16:09 INFO  epoch 74 training [time: 0.73s, train loss: 31.5643]
Thu 23 May 2024 19:16:09 INFO  epoch 74 evaluating [time: 0.43s, valid_score: 0.052200]
Thu 23 May 2024 19:16:09 INFO  valid result: 
recall@20 : 0.0203    mrr@20 : 0.0522    ndcg@20 : 0.024    hit@20 : 0.211    precision@20 : 0.023
Thu 23 May 2024 19:16:09 INFO  Saving current: saved/ANS-May-23-2024_19-14-46.pth
Thu 23 May 2024 19:16:10 INFO  epoch 75 training [time: 0.66s, train loss: 31.4606]
Thu 23 May 2024 19:16:10 INFO  epoch 75 evaluating [time: 0.43s, valid_score: 0.056300]
Thu 23 May 2024 19:16:10 INFO  valid result: 
recall@20 : 0.0225    mrr@20 : 0.0563    ndcg@20 : 0.0261    hit@20 : 0.2269    precision@20 : 0.0247
Thu 23 May 2024 19:16:10 INFO  Saving current: saved/ANS-May-23-2024_19-14-46.pth
Thu 23 May 2024 19:16:11 INFO  epoch 76 training [time: 0.61s, train loss: 31.3124]
Thu 23 May 2024 19:16:11 INFO  epoch 76 evaluating [time: 0.40s, valid_score: 0.062200]
Thu 23 May 2024 19:16:11 INFO  valid result: 
recall@20 : 0.0243    mrr@20 : 0.0622    ndcg@20 : 0.0282    hit@20 : 0.2322    precision@20 : 0.026
Thu 23 May 2024 19:16:11 INFO  Saving current: saved/ANS-May-23-2024_19-14-46.pth
Thu 23 May 2024 19:16:12 INFO  epoch 77 training [time: 0.59s, train loss: 31.0867]
Thu 23 May 2024 19:16:12 INFO  epoch 77 evaluating [time: 0.41s, valid_score: 0.064000]
Thu 23 May 2024 19:16:12 INFO  valid result: 
recall@20 : 0.0267    mrr@20 : 0.064    ndcg@20 : 0.03    hit@20 : 0.2481    precision@20 : 0.0275
Thu 23 May 2024 19:16:12 INFO  Saving current: saved/ANS-May-23-2024_19-14-46.pth
Thu 23 May 2024 19:16:13 INFO  epoch 78 training [time: 0.70s, train loss: 30.7741]
Thu 23 May 2024 19:16:13 INFO  epoch 78 evaluating [time: 0.40s, valid_score: 0.067500]
Thu 23 May 2024 19:16:13 INFO  valid result: 
recall@20 : 0.0278    mrr@20 : 0.0675    ndcg@20 : 0.0314    hit@20 : 0.2577    precision@20 : 0.0283
Thu 23 May 2024 19:16:13 INFO  Saving current: saved/ANS-May-23-2024_19-14-46.pth
Thu 23 May 2024 19:16:14 INFO  epoch 79 training [time: 0.60s, train loss: 30.3164]
Thu 23 May 2024 19:16:14 INFO  epoch 79 evaluating [time: 0.40s, valid_score: 0.072300]
Thu 23 May 2024 19:16:14 INFO  valid result: 
recall@20 : 0.0289    mrr@20 : 0.0723    ndcg@20 : 0.033    hit@20 : 0.2609    precision@20 : 0.0296
Thu 23 May 2024 19:16:14 INFO  Saving current: saved/ANS-May-23-2024_19-14-46.pth
Thu 23 May 2024 19:16:15 INFO  epoch 80 training [time: 0.60s, train loss: 29.7461]
Thu 23 May 2024 19:16:15 INFO  epoch 80 evaluating [time: 0.42s, valid_score: 0.073100]
Thu 23 May 2024 19:16:15 INFO  valid result: 
recall@20 : 0.0309    mrr@20 : 0.0731    ndcg@20 : 0.0344    hit@20 : 0.2704    precision@20 : 0.0308
Thu 23 May 2024 19:16:15 INFO  Saving current: saved/ANS-May-23-2024_19-14-46.pth
Thu 23 May 2024 19:16:16 INFO  epoch 81 training [time: 0.62s, train loss: 29.0151]
Thu 23 May 2024 19:16:17 INFO  epoch 81 evaluating [time: 0.41s, valid_score: 0.077500]
Thu 23 May 2024 19:16:17 INFO  valid result: 
recall@20 : 0.0322    mrr@20 : 0.0775    ndcg@20 : 0.0358    hit@20 : 0.2747    precision@20 : 0.032
Thu 23 May 2024 19:16:17 INFO  Saving current: saved/ANS-May-23-2024_19-14-46.pth
Thu 23 May 2024 19:16:17 INFO  epoch 82 training [time: 0.62s, train loss: 28.1763]
Thu 23 May 2024 19:16:18 INFO  epoch 82 evaluating [time: 0.40s, valid_score: 0.080400]
Thu 23 May 2024 19:16:18 INFO  valid result: 
recall@20 : 0.0373    mrr@20 : 0.0804    ndcg@20 : 0.0385    hit@20 : 0.2937    precision@20 : 0.0343
Thu 23 May 2024 19:16:18 INFO  Saving current: saved/ANS-May-23-2024_19-14-46.pth
Thu 23 May 2024 19:16:18 INFO  epoch 83 training [time: 0.65s, train loss: 27.2538]
Thu 23 May 2024 19:16:19 INFO  epoch 83 evaluating [time: 0.43s, valid_score: 0.084100]
Thu 23 May 2024 19:16:19 INFO  valid result: 
recall@20 : 0.0404    mrr@20 : 0.0841    ndcg@20 : 0.0407    hit@20 : 0.3086    precision@20 : 0.0355
Thu 23 May 2024 19:16:19 INFO  Saving current: saved/ANS-May-23-2024_19-14-46.pth
Thu 23 May 2024 19:16:19 INFO  epoch 84 training [time: 0.62s, train loss: 26.2890]
Thu 23 May 2024 19:16:20 INFO  epoch 84 evaluating [time: 0.40s, valid_score: 0.084800]
Thu 23 May 2024 19:16:20 INFO  valid result: 
recall@20 : 0.0417    mrr@20 : 0.0848    ndcg@20 : 0.042    hit@20 : 0.3128    precision@20 : 0.0369
Thu 23 May 2024 19:16:20 INFO  Saving current: saved/ANS-May-23-2024_19-14-46.pth
Thu 23 May 2024 19:16:20 INFO  epoch 85 training [time: 0.62s, train loss: 25.4662]
Thu 23 May 2024 19:16:21 INFO  epoch 85 evaluating [time: 0.42s, valid_score: 0.086600]
Thu 23 May 2024 19:16:21 INFO  valid result: 
recall@20 : 0.0435    mrr@20 : 0.0866    ndcg@20 : 0.0432    hit@20 : 0.3224    precision@20 : 0.0379
Thu 23 May 2024 19:16:21 INFO  Saving current: saved/ANS-May-23-2024_19-14-46.pth
Thu 23 May 2024 19:16:21 INFO  epoch 86 training [time: 0.63s, train loss: 24.6080]
Thu 23 May 2024 19:16:22 INFO  epoch 86 evaluating [time: 0.41s, valid_score: 0.088300]
Thu 23 May 2024 19:16:22 INFO  valid result: 
recall@20 : 0.0453    mrr@20 : 0.0883    ndcg@20 : 0.0447    hit@20 : 0.3277    precision@20 : 0.0392
Thu 23 May 2024 19:16:22 INFO  Saving current: saved/ANS-May-23-2024_19-14-46.pth
Thu 23 May 2024 19:16:22 INFO  epoch 87 training [time: 0.70s, train loss: 23.8432]
Thu 23 May 2024 19:16:23 INFO  epoch 87 evaluating [time: 0.45s, valid_score: 0.091700]
Thu 23 May 2024 19:16:23 INFO  valid result: 
recall@20 : 0.0465    mrr@20 : 0.0917    ndcg@20 : 0.0464    hit@20 : 0.3309    precision@20 : 0.0407
Thu 23 May 2024 19:16:23 INFO  Saving current: saved/ANS-May-23-2024_19-14-46.pth
Thu 23 May 2024 19:16:24 INFO  epoch 88 training [time: 0.81s, train loss: 23.1911]
Thu 23 May 2024 19:16:24 INFO  epoch 88 evaluating [time: 0.42s, valid_score: 0.097800]
Thu 23 May 2024 19:16:24 INFO  valid result: 
recall@20 : 0.0477    mrr@20 : 0.0978    ndcg@20 : 0.048    hit@20 : 0.334    precision@20 : 0.0416
Thu 23 May 2024 19:16:24 INFO  Saving current: saved/ANS-May-23-2024_19-14-46.pth
Thu 23 May 2024 19:16:25 INFO  epoch 89 training [time: 0.66s, train loss: 22.6340]
Thu 23 May 2024 19:16:25 INFO  epoch 89 evaluating [time: 0.43s, valid_score: 0.097900]
Thu 23 May 2024 19:16:25 INFO  valid result: 
recall@20 : 0.05    mrr@20 : 0.0979    ndcg@20 : 0.0495    hit@20 : 0.3425    precision@20 : 0.0432
Thu 23 May 2024 19:16:25 INFO  Saving current: saved/ANS-May-23-2024_19-14-46.pth
Thu 23 May 2024 19:16:26 INFO  epoch 90 training [time: 0.61s, train loss: 22.1399]
Thu 23 May 2024 19:16:26 INFO  epoch 90 evaluating [time: 0.41s, valid_score: 0.101600]
Thu 23 May 2024 19:16:26 INFO  valid result: 
recall@20 : 0.0522    mrr@20 : 0.1016    ndcg@20 : 0.0515    hit@20 : 0.3584    precision@20 : 0.0448
Thu 23 May 2024 19:16:26 INFO  Saving current: saved/ANS-May-23-2024_19-14-46.pth
Thu 23 May 2024 19:16:27 INFO  epoch 91 training [time: 0.63s, train loss: 21.7009]
Thu 23 May 2024 19:16:27 INFO  epoch 91 evaluating [time: 0.40s, valid_score: 0.105100]
Thu 23 May 2024 19:16:27 INFO  valid result: 
recall@20 : 0.0534    mrr@20 : 0.1051    ndcg@20 : 0.0529    hit@20 : 0.3574    precision@20 : 0.0456
Thu 23 May 2024 19:16:27 INFO  Saving current: saved/ANS-May-23-2024_19-14-46.pth
Thu 23 May 2024 19:16:28 INFO  epoch 92 training [time: 0.64s, train loss: 21.3894]
Thu 23 May 2024 19:16:28 INFO  epoch 92 evaluating [time: 0.41s, valid_score: 0.107100]
Thu 23 May 2024 19:16:28 INFO  valid result: 
recall@20 : 0.0562    mrr@20 : 0.1071    ndcg@20 : 0.0548    hit@20 : 0.368    precision@20 : 0.0472
Thu 23 May 2024 19:16:28 INFO  Saving current: saved/ANS-May-23-2024_19-14-46.pth
Thu 23 May 2024 19:16:29 INFO  epoch 93 training [time: 0.61s, train loss: 21.1820]
Thu 23 May 2024 19:16:29 INFO  epoch 93 evaluating [time: 0.42s, valid_score: 0.108300]
Thu 23 May 2024 19:16:29 INFO  valid result: 
recall@20 : 0.0577    mrr@20 : 0.1083    ndcg@20 : 0.0561    hit@20 : 0.3669    precision@20 : 0.0483
Thu 23 May 2024 19:16:29 INFO  Saving current: saved/ANS-May-23-2024_19-14-46.pth
Thu 23 May 2024 19:16:30 INFO  epoch 94 training [time: 0.64s, train loss: 20.8331]
Thu 23 May 2024 19:16:30 INFO  epoch 94 evaluating [time: 0.43s, valid_score: 0.110500]
Thu 23 May 2024 19:16:30 INFO  valid result: 
recall@20 : 0.0591    mrr@20 : 0.1105    ndcg@20 : 0.0573    hit@20 : 0.3722    precision@20 : 0.049
Thu 23 May 2024 19:16:30 INFO  Saving current: saved/ANS-May-23-2024_19-14-46.pth
Thu 23 May 2024 19:16:31 INFO  epoch 95 training [time: 0.68s, train loss: 20.7334]
Thu 23 May 2024 19:16:32 INFO  epoch 95 evaluating [time: 0.43s, valid_score: 0.113300]
Thu 23 May 2024 19:16:32 INFO  valid result: 
recall@20 : 0.0607    mrr@20 : 0.1133    ndcg@20 : 0.059    hit@20 : 0.3754    precision@20 : 0.0502
Thu 23 May 2024 19:16:32 INFO  Saving current: saved/ANS-May-23-2024_19-14-46.pth
Thu 23 May 2024 19:16:32 INFO  epoch 96 training [time: 0.68s, train loss: 20.4951]
Thu 23 May 2024 19:16:33 INFO  epoch 96 evaluating [time: 0.42s, valid_score: 0.118800]
Thu 23 May 2024 19:16:33 INFO  valid result: 
recall@20 : 0.062    mrr@20 : 0.1188    ndcg@20 : 0.0607    hit@20 : 0.3754    precision@20 : 0.051
Thu 23 May 2024 19:16:33 INFO  Saving current: saved/ANS-May-23-2024_19-14-46.pth
Thu 23 May 2024 19:16:33 INFO  epoch 97 training [time: 0.68s, train loss: 20.2506]
Thu 23 May 2024 19:16:34 INFO  epoch 97 evaluating [time: 0.42s, valid_score: 0.122100]
Thu 23 May 2024 19:16:34 INFO  valid result: 
recall@20 : 0.0638    mrr@20 : 0.1221    ndcg@20 : 0.0625    hit@20 : 0.3818    precision@20 : 0.052
Thu 23 May 2024 19:16:34 INFO  Saving current: saved/ANS-May-23-2024_19-14-46.pth
Thu 23 May 2024 19:16:34 INFO  epoch 98 training [time: 0.60s, train loss: 20.0556]
Thu 23 May 2024 19:16:35 INFO  epoch 98 evaluating [time: 0.41s, valid_score: 0.124900]
Thu 23 May 2024 19:16:35 INFO  valid result: 
recall@20 : 0.0668    mrr@20 : 0.1249    ndcg@20 : 0.0645    hit@20 : 0.3977    precision@20 : 0.053
Thu 23 May 2024 19:16:35 INFO  Saving current: saved/ANS-May-23-2024_19-14-46.pth
Thu 23 May 2024 19:16:36 INFO  epoch 99 training [time: 0.72s, train loss: 20.0491]
Thu 23 May 2024 19:16:36 INFO  epoch 99 evaluating [time: 0.41s, valid_score: 0.129600]
Thu 23 May 2024 19:16:36 INFO  valid result: 
recall@20 : 0.0682    mrr@20 : 0.1296    ndcg@20 : 0.0665    hit@20 : 0.4008    precision@20 : 0.054
Thu 23 May 2024 19:16:36 INFO  Saving current: saved/ANS-May-23-2024_19-14-46.pth
Thu 23 May 2024 19:16:37 INFO  epoch 100 training [time: 0.67s, train loss: 19.9655]
Thu 23 May 2024 19:16:37 INFO  epoch 100 evaluating [time: 0.42s, valid_score: 0.131700]
Thu 23 May 2024 19:16:37 INFO  valid result: 
recall@20 : 0.0704    mrr@20 : 0.1317    ndcg@20 : 0.0679    hit@20 : 0.4051    precision@20 : 0.055
Thu 23 May 2024 19:16:37 INFO  Saving current: saved/ANS-May-23-2024_19-14-46.pth
Thu 23 May 2024 19:16:38 INFO  epoch 101 training [time: 0.69s, train loss: 19.8949]
Thu 23 May 2024 19:16:38 INFO  epoch 101 evaluating [time: 0.43s, valid_score: 0.133300]
Thu 23 May 2024 19:16:38 INFO  valid result: 
recall@20 : 0.0751    mrr@20 : 0.1333    ndcg@20 : 0.0702    hit@20 : 0.4189    precision@20 : 0.0565
Thu 23 May 2024 19:16:38 INFO  Saving current: saved/ANS-May-23-2024_19-14-46.pth
Thu 23 May 2024 19:16:39 INFO  epoch 102 training [time: 0.65s, train loss: 19.8183]
Thu 23 May 2024 19:16:39 INFO  epoch 102 evaluating [time: 0.42s, valid_score: 0.137000]
Thu 23 May 2024 19:16:39 INFO  valid result: 
recall@20 : 0.0798    mrr@20 : 0.137    ndcg@20 : 0.0729    hit@20 : 0.4337    precision@20 : 0.0578
Thu 23 May 2024 19:16:39 INFO  Saving current: saved/ANS-May-23-2024_19-14-46.pth
Thu 23 May 2024 19:16:40 INFO  epoch 103 training [time: 0.62s, train loss: 19.7190]
Thu 23 May 2024 19:16:40 INFO  epoch 103 evaluating [time: 0.40s, valid_score: 0.140800]
Thu 23 May 2024 19:16:40 INFO  valid result: 
recall@20 : 0.0813    mrr@20 : 0.1408    ndcg@20 : 0.0746    hit@20 : 0.439    precision@20 : 0.0587
Thu 23 May 2024 19:16:40 INFO  Saving current: saved/ANS-May-23-2024_19-14-46.pth
Thu 23 May 2024 19:16:41 INFO  epoch 104 training [time: 0.62s, train loss: 19.6212]
Thu 23 May 2024 19:16:41 INFO  epoch 104 evaluating [time: 0.41s, valid_score: 0.142600]
Thu 23 May 2024 19:16:41 INFO  valid result: 
recall@20 : 0.088    mrr@20 : 0.1426    ndcg@20 : 0.0783    hit@20 : 0.4528    precision@20 : 0.0609
Thu 23 May 2024 19:16:41 INFO  Saving current: saved/ANS-May-23-2024_19-14-46.pth
Thu 23 May 2024 19:16:42 INFO  epoch 105 training [time: 0.69s, train loss: 19.6485]
Thu 23 May 2024 19:16:42 INFO  epoch 105 evaluating [time: 0.42s, valid_score: 0.144500]
Thu 23 May 2024 19:16:42 INFO  valid result: 
recall@20 : 0.0921    mrr@20 : 0.1445    ndcg@20 : 0.0804    hit@20 : 0.4571    precision@20 : 0.0618
Thu 23 May 2024 19:16:42 INFO  Saving current: saved/ANS-May-23-2024_19-14-46.pth
Thu 23 May 2024 19:16:43 INFO  epoch 106 training [time: 0.80s, train loss: 19.4852]
Thu 23 May 2024 19:16:44 INFO  epoch 106 evaluating [time: 0.45s, valid_score: 0.149600]
Thu 23 May 2024 19:16:44 INFO  valid result: 
recall@20 : 0.0978    mrr@20 : 0.1496    ndcg@20 : 0.0841    hit@20 : 0.4751    precision@20 : 0.0635
Thu 23 May 2024 19:16:44 INFO  Saving current: saved/ANS-May-23-2024_19-14-46.pth
Thu 23 May 2024 19:16:44 INFO  epoch 107 training [time: 0.73s, train loss: 19.3978]
Thu 23 May 2024 19:16:45 INFO  epoch 107 evaluating [time: 0.41s, valid_score: 0.157000]
Thu 23 May 2024 19:16:45 INFO  valid result: 
recall@20 : 0.103    mrr@20 : 0.157    ndcg@20 : 0.0888    hit@20 : 0.4931    precision@20 : 0.0649
Thu 23 May 2024 19:16:45 INFO  Saving current: saved/ANS-May-23-2024_19-14-46.pth
Thu 23 May 2024 19:16:45 INFO  epoch 108 training [time: 0.65s, train loss: 19.3996]
Thu 23 May 2024 19:16:46 INFO  epoch 108 evaluating [time: 0.44s, valid_score: 0.167300]
Thu 23 May 2024 19:16:46 INFO  valid result: 
recall@20 : 0.109    mrr@20 : 0.1673    ndcg@20 : 0.0944    hit@20 : 0.509    precision@20 : 0.0661
Thu 23 May 2024 19:16:46 INFO  Saving current: saved/ANS-May-23-2024_19-14-46.pth
Thu 23 May 2024 19:16:47 INFO  epoch 109 training [time: 0.63s, train loss: 19.4158]
Thu 23 May 2024 19:16:47 INFO  epoch 109 evaluating [time: 0.40s, valid_score: 0.173600]
Thu 23 May 2024 19:16:47 INFO  valid result: 
recall@20 : 0.1143    mrr@20 : 0.1736    ndcg@20 : 0.099    hit@20 : 0.527    precision@20 : 0.0674
Thu 23 May 2024 19:16:47 INFO  Saving current: saved/ANS-May-23-2024_19-14-46.pth
Thu 23 May 2024 19:16:48 INFO  epoch 110 training [time: 0.78s, train loss: 19.2827]
Thu 23 May 2024 19:16:48 INFO  epoch 110 evaluating [time: 0.40s, valid_score: 0.184100]
Thu 23 May 2024 19:16:48 INFO  valid result: 
recall@20 : 0.1203    mrr@20 : 0.1841    ndcg@20 : 0.1049    hit@20 : 0.5376    precision@20 : 0.0697
Thu 23 May 2024 19:16:48 INFO  Saving current: saved/ANS-May-23-2024_19-14-46.pth
Thu 23 May 2024 19:16:49 INFO  epoch 111 training [time: 0.65s, train loss: 19.3111]
Thu 23 May 2024 19:16:49 INFO  epoch 111 evaluating [time: 0.41s, valid_score: 0.200200]
Thu 23 May 2024 19:16:49 INFO  valid result: 
recall@20 : 0.1246    mrr@20 : 0.2002    ndcg@20 : 0.1105    hit@20 : 0.5546    precision@20 : 0.0699
Thu 23 May 2024 19:16:49 INFO  Saving current: saved/ANS-May-23-2024_19-14-46.pth
Thu 23 May 2024 19:16:50 INFO  epoch 112 training [time: 0.64s, train loss: 19.2745]
Thu 23 May 2024 19:16:50 INFO  epoch 112 evaluating [time: 0.40s, valid_score: 0.211300]
Thu 23 May 2024 19:16:50 INFO  valid result: 
recall@20 : 0.1333    mrr@20 : 0.2113    ndcg@20 : 0.1169    hit@20 : 0.5758    precision@20 : 0.072
Thu 23 May 2024 19:16:50 INFO  Saving current: saved/ANS-May-23-2024_19-14-46.pth
Thu 23 May 2024 19:16:51 INFO  epoch 113 training [time: 0.66s, train loss: 19.1827]
Thu 23 May 2024 19:16:51 INFO  epoch 113 evaluating [time: 0.42s, valid_score: 0.223600]
Thu 23 May 2024 19:16:51 INFO  valid result: 
recall@20 : 0.1372    mrr@20 : 0.2236    ndcg@20 : 0.1219    hit@20 : 0.5832    precision@20 : 0.0726
Thu 23 May 2024 19:16:51 INFO  Saving current: saved/ANS-May-23-2024_19-14-46.pth
Thu 23 May 2024 19:16:52 INFO  epoch 114 training [time: 0.63s, train loss: 19.2174]
Thu 23 May 2024 19:16:52 INFO  epoch 114 evaluating [time: 0.40s, valid_score: 0.235400]
Thu 23 May 2024 19:16:52 INFO  valid result: 
recall@20 : 0.1427    mrr@20 : 0.2354    ndcg@20 : 0.1276    hit@20 : 0.5896    precision@20 : 0.0744
Thu 23 May 2024 19:16:52 INFO  Saving current: saved/ANS-May-23-2024_19-14-46.pth
Thu 23 May 2024 19:16:53 INFO  epoch 115 training [time: 0.66s, train loss: 19.1134]
Thu 23 May 2024 19:16:53 INFO  epoch 115 evaluating [time: 0.41s, valid_score: 0.243800]
Thu 23 May 2024 19:16:53 INFO  valid result: 
recall@20 : 0.1507    mrr@20 : 0.2438    ndcg@20 : 0.1328    hit@20 : 0.6098    precision@20 : 0.0759
Thu 23 May 2024 19:16:53 INFO  Saving current: saved/ANS-May-23-2024_19-14-46.pth
Thu 23 May 2024 19:16:54 INFO  epoch 116 training [time: 0.64s, train loss: 19.0962]
Thu 23 May 2024 19:16:55 INFO  epoch 116 evaluating [time: 0.42s, valid_score: 0.247700]
Thu 23 May 2024 19:16:55 INFO  valid result: 
recall@20 : 0.1536    mrr@20 : 0.2477    ndcg@20 : 0.1352    hit@20 : 0.6151    precision@20 : 0.0768
Thu 23 May 2024 19:16:55 INFO  Saving current: saved/ANS-May-23-2024_19-14-46.pth
Thu 23 May 2024 19:16:55 INFO  epoch 117 training [time: 0.63s, train loss: 19.0710]
Thu 23 May 2024 19:16:56 INFO  epoch 117 evaluating [time: 0.40s, valid_score: 0.252300]
Thu 23 May 2024 19:16:56 INFO  valid result: 
recall@20 : 0.1616    mrr@20 : 0.2523    ndcg@20 : 0.1399    hit@20 : 0.6331    precision@20 : 0.0784
Thu 23 May 2024 19:16:56 INFO  Saving current: saved/ANS-May-23-2024_19-14-46.pth
Thu 23 May 2024 19:16:56 INFO  epoch 118 training [time: 0.64s, train loss: 19.1176]
Thu 23 May 2024 19:16:57 INFO  epoch 118 evaluating [time: 0.41s, valid_score: 0.257100]
Thu 23 May 2024 19:16:57 INFO  valid result: 
recall@20 : 0.1688    mrr@20 : 0.2571    ndcg@20 : 0.1447    hit@20 : 0.6511    precision@20 : 0.0803
Thu 23 May 2024 19:16:57 INFO  Saving current: saved/ANS-May-23-2024_19-14-46.pth
Thu 23 May 2024 19:16:57 INFO  epoch 119 training [time: 0.68s, train loss: 19.0504]
Thu 23 May 2024 19:16:58 INFO  epoch 119 evaluating [time: 0.40s, valid_score: 0.259400]
Thu 23 May 2024 19:16:58 INFO  valid result: 
recall@20 : 0.1711    mrr@20 : 0.2594    ndcg@20 : 0.1471    hit@20 : 0.6532    precision@20 : 0.0807
Thu 23 May 2024 19:16:58 INFO  Saving current: saved/ANS-May-23-2024_19-14-46.pth
Thu 23 May 2024 19:16:58 INFO  epoch 120 training [time: 0.68s, train loss: 18.8913]
Thu 23 May 2024 19:16:59 INFO  epoch 120 evaluating [time: 0.41s, valid_score: 0.261600]
Thu 23 May 2024 19:16:59 INFO  valid result: 
recall@20 : 0.1782    mrr@20 : 0.2616    ndcg@20 : 0.1513    hit@20 : 0.6638    precision@20 : 0.0826
Thu 23 May 2024 19:16:59 INFO  Saving current: saved/ANS-May-23-2024_19-14-46.pth
Thu 23 May 2024 19:17:00 INFO  epoch 121 training [time: 0.76s, train loss: 18.9771]
Thu 23 May 2024 19:17:00 INFO  epoch 121 evaluating [time: 0.41s, valid_score: 0.268600]
Thu 23 May 2024 19:17:00 INFO  valid result: 
recall@20 : 0.1877    mrr@20 : 0.2686    ndcg@20 : 0.1568    hit@20 : 0.6787    precision@20 : 0.0846
Thu 23 May 2024 19:17:00 INFO  Saving current: saved/ANS-May-23-2024_19-14-46.pth
Thu 23 May 2024 19:17:01 INFO  epoch 122 training [time: 0.68s, train loss: 19.0973]
Thu 23 May 2024 19:17:01 INFO  epoch 122 evaluating [time: 0.41s, valid_score: 0.277300]
Thu 23 May 2024 19:17:01 INFO  valid result: 
recall@20 : 0.1916    mrr@20 : 0.2773    ndcg@20 : 0.1598    hit@20 : 0.6882    precision@20 : 0.0849
Thu 23 May 2024 19:17:01 INFO  Saving current: saved/ANS-May-23-2024_19-14-46.pth
Thu 23 May 2024 19:17:02 INFO  epoch 123 training [time: 0.68s, train loss: 18.9009]
Thu 23 May 2024 19:17:02 INFO  epoch 123 evaluating [time: 0.41s, valid_score: 0.281300]
Thu 23 May 2024 19:17:02 INFO  valid result: 
recall@20 : 0.1984    mrr@20 : 0.2813    ndcg@20 : 0.1639    hit@20 : 0.7031    precision@20 : 0.0865
Thu 23 May 2024 19:17:02 INFO  Saving current: saved/ANS-May-23-2024_19-14-46.pth
Thu 23 May 2024 19:17:03 INFO  epoch 124 training [time: 0.63s, train loss: 18.8263]
Thu 23 May 2024 19:17:03 INFO  epoch 124 evaluating [time: 0.40s, valid_score: 0.284700]
Thu 23 May 2024 19:17:03 INFO  valid result: 
recall@20 : 0.2049    mrr@20 : 0.2847    ndcg@20 : 0.1681    hit@20 : 0.7147    precision@20 : 0.0882
Thu 23 May 2024 19:17:03 INFO  Saving current: saved/ANS-May-23-2024_19-14-46.pth
Thu 23 May 2024 19:17:04 INFO  epoch 125 training [time: 0.64s, train loss: 18.7244]
Thu 23 May 2024 19:17:04 INFO  epoch 125 evaluating [time: 0.41s, valid_score: 0.283900]
Thu 23 May 2024 19:17:04 INFO  valid result: 
recall@20 : 0.2093    mrr@20 : 0.2839    ndcg@20 : 0.1709    hit@20 : 0.7179    precision@20 : 0.0897
Thu 23 May 2024 19:17:05 INFO  epoch 126 training [time: 0.64s, train loss: 18.7346]
Thu 23 May 2024 19:17:05 INFO  epoch 126 evaluating [time: 0.40s, valid_score: 0.285600]
Thu 23 May 2024 19:17:05 INFO  valid result: 
recall@20 : 0.2155    mrr@20 : 0.2856    ndcg@20 : 0.1744    hit@20 : 0.7296    precision@20 : 0.0911
Thu 23 May 2024 19:17:05 INFO  Saving current: saved/ANS-May-23-2024_19-14-46.pth
Thu 23 May 2024 19:17:06 INFO  epoch 127 training [time: 0.67s, train loss: 18.6779]
Thu 23 May 2024 19:17:06 INFO  epoch 127 evaluating [time: 0.42s, valid_score: 0.287500]
Thu 23 May 2024 19:17:06 INFO  valid result: 
recall@20 : 0.219    mrr@20 : 0.2875    ndcg@20 : 0.1769    hit@20 : 0.7296    precision@20 : 0.0924
Thu 23 May 2024 19:17:06 INFO  Saving current: saved/ANS-May-23-2024_19-14-46.pth
Thu 23 May 2024 19:17:07 INFO  epoch 128 training [time: 0.67s, train loss: 18.6598]
Thu 23 May 2024 19:17:08 INFO  epoch 128 evaluating [time: 0.43s, valid_score: 0.293000]
Thu 23 May 2024 19:17:08 INFO  valid result: 
recall@20 : 0.2268    mrr@20 : 0.293    ndcg@20 : 0.1807    hit@20 : 0.7423    precision@20 : 0.0945
Thu 23 May 2024 19:17:08 INFO  Saving current: saved/ANS-May-23-2024_19-14-46.pth
Thu 23 May 2024 19:17:08 INFO  epoch 129 training [time: 0.66s, train loss: 18.7146]
Thu 23 May 2024 19:17:09 INFO  epoch 129 evaluating [time: 0.42s, valid_score: 0.297300]
Thu 23 May 2024 19:17:09 INFO  valid result: 
recall@20 : 0.2294    mrr@20 : 0.2973    ndcg@20 : 0.1826    hit@20 : 0.7497    precision@20 : 0.0951
Thu 23 May 2024 19:17:09 INFO  Saving current: saved/ANS-May-23-2024_19-14-46.pth
Thu 23 May 2024 19:17:09 INFO  epoch 130 training [time: 0.66s, train loss: 18.5334]
Thu 23 May 2024 19:17:10 INFO  epoch 130 evaluating [time: 0.41s, valid_score: 0.296600]
Thu 23 May 2024 19:17:10 INFO  valid result: 
recall@20 : 0.2307    mrr@20 : 0.2966    ndcg@20 : 0.1835    hit@20 : 0.7476    precision@20 : 0.0957
Thu 23 May 2024 19:17:10 INFO  epoch 131 training [time: 0.73s, train loss: 18.5708]
Thu 23 May 2024 19:17:11 INFO  epoch 131 evaluating [time: 0.41s, valid_score: 0.296300]
Thu 23 May 2024 19:17:11 INFO  valid result: 
recall@20 : 0.2343    mrr@20 : 0.2963    ndcg@20 : 0.1849    hit@20 : 0.7529    precision@20 : 0.0962
Thu 23 May 2024 19:17:12 INFO  epoch 132 training [time: 0.68s, train loss: 18.4928]
Thu 23 May 2024 19:17:12 INFO  epoch 132 evaluating [time: 0.42s, valid_score: 0.297900]
Thu 23 May 2024 19:17:12 INFO  valid result: 
recall@20 : 0.2396    mrr@20 : 0.2979    ndcg@20 : 0.1874    hit@20 : 0.7614    precision@20 : 0.098
Thu 23 May 2024 19:17:12 INFO  Saving current: saved/ANS-May-23-2024_19-14-46.pth
Thu 23 May 2024 19:17:13 INFO  epoch 133 training [time: 0.68s, train loss: 18.4040]
Thu 23 May 2024 19:17:13 INFO  epoch 133 evaluating [time: 0.41s, valid_score: 0.301600]
Thu 23 May 2024 19:17:13 INFO  valid result: 
recall@20 : 0.2409    mrr@20 : 0.3016    ndcg@20 : 0.1884    hit@20 : 0.7625    precision@20 : 0.0983
Thu 23 May 2024 19:17:13 INFO  Saving current: saved/ANS-May-23-2024_19-14-46.pth
Thu 23 May 2024 19:17:14 INFO  epoch 134 training [time: 0.82s, train loss: 18.5057]
Thu 23 May 2024 19:17:14 INFO  epoch 134 evaluating [time: 0.40s, valid_score: 0.297300]
Thu 23 May 2024 19:17:14 INFO  valid result: 
recall@20 : 0.2441    mrr@20 : 0.2973    ndcg@20 : 0.1892    hit@20 : 0.7656    precision@20 : 0.1001
Thu 23 May 2024 19:17:15 INFO  epoch 135 training [time: 0.72s, train loss: 18.3475]
Thu 23 May 2024 19:17:15 INFO  epoch 135 evaluating [time: 0.40s, valid_score: 0.297000]
Thu 23 May 2024 19:17:15 INFO  valid result: 
recall@20 : 0.2431    mrr@20 : 0.297    ndcg@20 : 0.1893    hit@20 : 0.7582    precision@20 : 0.0998
Thu 23 May 2024 19:17:16 INFO  epoch 136 training [time: 0.80s, train loss: 18.2913]
Thu 23 May 2024 19:17:17 INFO  epoch 136 evaluating [time: 0.41s, valid_score: 0.296000]
Thu 23 May 2024 19:17:17 INFO  valid result: 
recall@20 : 0.2447    mrr@20 : 0.296    ndcg@20 : 0.1896    hit@20 : 0.7678    precision@20 : 0.1001
Thu 23 May 2024 19:17:17 INFO  epoch 137 training [time: 0.85s, train loss: 18.2222]
Thu 23 May 2024 19:17:18 INFO  epoch 137 evaluating [time: 0.43s, valid_score: 0.301800]
Thu 23 May 2024 19:17:18 INFO  valid result: 
recall@20 : 0.2441    mrr@20 : 0.3018    ndcg@20 : 0.1898    hit@20 : 0.7678    precision@20 : 0.1
Thu 23 May 2024 19:17:18 INFO  Saving current: saved/ANS-May-23-2024_19-14-46.pth
Thu 23 May 2024 19:17:19 INFO  epoch 138 training [time: 0.71s, train loss: 18.2495]
Thu 23 May 2024 19:17:19 INFO  epoch 138 evaluating [time: 0.41s, valid_score: 0.303900]
Thu 23 May 2024 19:17:19 INFO  valid result: 
recall@20 : 0.2462    mrr@20 : 0.3039    ndcg@20 : 0.1912    hit@20 : 0.7699    precision@20 : 0.1003
Thu 23 May 2024 19:17:19 INFO  Saving current: saved/ANS-May-23-2024_19-14-46.pth
Thu 23 May 2024 19:17:20 INFO  epoch 139 training [time: 0.75s, train loss: 18.1633]
Thu 23 May 2024 19:17:20 INFO  epoch 139 evaluating [time: 0.40s, valid_score: 0.303700]
Thu 23 May 2024 19:17:20 INFO  valid result: 
recall@20 : 0.2466    mrr@20 : 0.3037    ndcg@20 : 0.191    hit@20 : 0.772    precision@20 : 0.1003
Thu 23 May 2024 19:17:21 INFO  epoch 140 training [time: 0.69s, train loss: 18.0928]
Thu 23 May 2024 19:17:21 INFO  epoch 140 evaluating [time: 0.41s, valid_score: 0.307400]
Thu 23 May 2024 19:17:21 INFO  valid result: 
recall@20 : 0.2454    mrr@20 : 0.3074    ndcg@20 : 0.1914    hit@20 : 0.7678    precision@20 : 0.1
Thu 23 May 2024 19:17:21 INFO  Saving current: saved/ANS-May-23-2024_19-14-46.pth
Thu 23 May 2024 19:17:22 INFO  epoch 141 training [time: 0.82s, train loss: 18.1335]
Thu 23 May 2024 19:17:22 INFO  epoch 141 evaluating [time: 0.41s, valid_score: 0.306400]
Thu 23 May 2024 19:17:22 INFO  valid result: 
recall@20 : 0.2469    mrr@20 : 0.3064    ndcg@20 : 0.1914    hit@20 : 0.7678    precision@20 : 0.1001
Thu 23 May 2024 19:17:23 INFO  epoch 142 training [time: 0.73s, train loss: 18.1314]
Thu 23 May 2024 19:17:24 INFO  epoch 142 evaluating [time: 0.42s, valid_score: 0.304700]
Thu 23 May 2024 19:17:24 INFO  valid result: 
recall@20 : 0.2481    mrr@20 : 0.3047    ndcg@20 : 0.1919    hit@20 : 0.7688    precision@20 : 0.101
Thu 23 May 2024 19:17:24 INFO  epoch 143 training [time: 0.86s, train loss: 18.0928]
Thu 23 May 2024 19:17:25 INFO  epoch 143 evaluating [time: 0.41s, valid_score: 0.301300]
Thu 23 May 2024 19:17:25 INFO  valid result: 
recall@20 : 0.2478    mrr@20 : 0.3013    ndcg@20 : 0.1909    hit@20 : 0.772    precision@20 : 0.1012
Thu 23 May 2024 19:17:26 INFO  epoch 144 training [time: 0.73s, train loss: 17.9389]
Thu 23 May 2024 19:17:26 INFO  epoch 144 evaluating [time: 0.40s, valid_score: 0.299900]
Thu 23 May 2024 19:17:26 INFO  valid result: 
recall@20 : 0.2449    mrr@20 : 0.2999    ndcg@20 : 0.1891    hit@20 : 0.7699    precision@20 : 0.1005
Thu 23 May 2024 19:17:27 INFO  epoch 145 training [time: 0.77s, train loss: 17.9011]
Thu 23 May 2024 19:17:27 INFO  epoch 145 evaluating [time: 0.42s, valid_score: 0.301400]
Thu 23 May 2024 19:17:27 INFO  valid result: 
recall@20 : 0.2476    mrr@20 : 0.3014    ndcg@20 : 0.19    hit@20 : 0.7752    precision@20 : 0.1011
Thu 23 May 2024 19:17:28 INFO  epoch 146 training [time: 0.75s, train loss: 17.8200]
Thu 23 May 2024 19:17:28 INFO  epoch 146 evaluating [time: 0.42s, valid_score: 0.300300]
Thu 23 May 2024 19:17:28 INFO  valid result: 
recall@20 : 0.2457    mrr@20 : 0.3003    ndcg@20 : 0.1893    hit@20 : 0.7731    precision@20 : 0.1008
Thu 23 May 2024 19:17:29 INFO  epoch 147 training [time: 0.86s, train loss: 17.8683]
Thu 23 May 2024 19:17:30 INFO  epoch 147 evaluating [time: 0.42s, valid_score: 0.299100]
Thu 23 May 2024 19:17:30 INFO  valid result: 
recall@20 : 0.2475    mrr@20 : 0.2991    ndcg@20 : 0.1899    hit@20 : 0.7752    precision@20 : 0.1016
Thu 23 May 2024 19:17:30 INFO  epoch 148 training [time: 0.80s, train loss: 17.7646]
Thu 23 May 2024 19:17:31 INFO  epoch 148 evaluating [time: 0.42s, valid_score: 0.300700]
Thu 23 May 2024 19:17:31 INFO  valid result: 
recall@20 : 0.246    mrr@20 : 0.3007    ndcg@20 : 0.1899    hit@20 : 0.7709    precision@20 : 0.1009
Thu 23 May 2024 19:17:32 INFO  epoch 149 training [time: 0.82s, train loss: 17.7886]
Thu 23 May 2024 19:17:32 INFO  epoch 149 evaluating [time: 0.41s, valid_score: 0.296800]
Thu 23 May 2024 19:17:32 INFO  valid result: 
recall@20 : 0.2461    mrr@20 : 0.2968    ndcg@20 : 0.1889    hit@20 : 0.7709    precision@20 : 0.1007
Thu 23 May 2024 19:17:33 INFO  epoch 150 training [time: 0.71s, train loss: 17.7213]
Thu 23 May 2024 19:17:33 INFO  epoch 150 evaluating [time: 0.42s, valid_score: 0.291900]
Thu 23 May 2024 19:17:33 INFO  valid result: 
recall@20 : 0.2449    mrr@20 : 0.2919    ndcg@20 : 0.188    hit@20 : 0.7667    precision@20 : 0.1004
Thu 23 May 2024 19:17:34 INFO  epoch 151 training [time: 0.59s, train loss: 17.7299]
Thu 23 May 2024 19:17:34 INFO  epoch 151 evaluating [time: 0.40s, valid_score: 0.293900]
Thu 23 May 2024 19:17:34 INFO  valid result: 
recall@20 : 0.2458    mrr@20 : 0.2939    ndcg@20 : 0.1887    hit@20 : 0.7699    precision@20 : 0.1009
Thu 23 May 2024 19:17:35 INFO  epoch 152 training [time: 0.60s, train loss: 17.6344]
Thu 23 May 2024 19:17:35 INFO  epoch 152 evaluating [time: 0.41s, valid_score: 0.289700]
Thu 23 May 2024 19:17:35 INFO  valid result: 
recall@20 : 0.2456    mrr@20 : 0.2897    ndcg@20 : 0.1882    hit@20 : 0.7667    precision@20 : 0.1018
Thu 23 May 2024 19:17:36 INFO  epoch 153 training [time: 0.59s, train loss: 17.5891]
Thu 23 May 2024 19:17:36 INFO  epoch 153 evaluating [time: 0.40s, valid_score: 0.288500]
Thu 23 May 2024 19:17:36 INFO  valid result: 
recall@20 : 0.2436    mrr@20 : 0.2885    ndcg@20 : 0.1869    hit@20 : 0.7625    precision@20 : 0.1012
Thu 23 May 2024 19:17:37 INFO  epoch 154 training [time: 0.69s, train loss: 17.6639]
Thu 23 May 2024 19:17:37 INFO  epoch 154 evaluating [time: 0.40s, valid_score: 0.291200]
Thu 23 May 2024 19:17:37 INFO  valid result: 
recall@20 : 0.2429    mrr@20 : 0.2912    ndcg@20 : 0.187    hit@20 : 0.7603    precision@20 : 0.101
Thu 23 May 2024 19:17:38 INFO  epoch 155 training [time: 0.58s, train loss: 17.4800]
Thu 23 May 2024 19:17:38 INFO  epoch 155 evaluating [time: 0.41s, valid_score: 0.293400]
Thu 23 May 2024 19:17:38 INFO  valid result: 
recall@20 : 0.2435    mrr@20 : 0.2934    ndcg@20 : 0.1872    hit@20 : 0.7614    precision@20 : 0.1009
Thu 23 May 2024 19:17:39 INFO  epoch 156 training [time: 0.61s, train loss: 17.4294]
Thu 23 May 2024 19:17:39 INFO  epoch 156 evaluating [time: 0.40s, valid_score: 0.294300]
Thu 23 May 2024 19:17:39 INFO  valid result: 
recall@20 : 0.2429    mrr@20 : 0.2943    ndcg@20 : 0.1868    hit@20 : 0.7635    precision@20 : 0.1011
Thu 23 May 2024 19:17:40 INFO  epoch 157 training [time: 0.58s, train loss: 17.4225]
Thu 23 May 2024 19:17:40 INFO  epoch 157 evaluating [time: 0.40s, valid_score: 0.293500]
Thu 23 May 2024 19:17:40 INFO  valid result: 
recall@20 : 0.2412    mrr@20 : 0.2935    ndcg@20 : 0.1862    hit@20 : 0.7614    precision@20 : 0.1008
Thu 23 May 2024 19:17:41 INFO  epoch 158 training [time: 0.63s, train loss: 17.4462]
Thu 23 May 2024 19:17:41 INFO  epoch 158 evaluating [time: 0.40s, valid_score: 0.293600]
Thu 23 May 2024 19:17:41 INFO  valid result: 
recall@20 : 0.2433    mrr@20 : 0.2936    ndcg@20 : 0.1869    hit@20 : 0.7688    precision@20 : 0.1012
Thu 23 May 2024 19:17:42 INFO  epoch 159 training [time: 0.65s, train loss: 17.2988]
Thu 23 May 2024 19:17:42 INFO  epoch 159 evaluating [time: 0.40s, valid_score: 0.288600]
Thu 23 May 2024 19:17:42 INFO  valid result: 
recall@20 : 0.2424    mrr@20 : 0.2886    ndcg@20 : 0.1852    hit@20 : 0.7678    precision@20 : 0.1011
Thu 23 May 2024 19:17:43 INFO  epoch 160 training [time: 0.60s, train loss: 17.2777]
Thu 23 May 2024 19:17:43 INFO  epoch 160 evaluating [time: 0.42s, valid_score: 0.285300]
Thu 23 May 2024 19:17:43 INFO  valid result: 
recall@20 : 0.2432    mrr@20 : 0.2853    ndcg@20 : 0.1845    hit@20 : 0.7709    precision@20 : 0.1011
Thu 23 May 2024 19:17:44 INFO  epoch 161 training [time: 0.63s, train loss: 17.2550]
Thu 23 May 2024 19:17:45 INFO  epoch 161 evaluating [time: 0.45s, valid_score: 0.286300]
Thu 23 May 2024 19:17:45 INFO  valid result: 
recall@20 : 0.2445    mrr@20 : 0.2863    ndcg@20 : 0.1849    hit@20 : 0.7752    precision@20 : 0.101
Thu 23 May 2024 19:17:45 INFO  epoch 162 training [time: 0.74s, train loss: 17.1516]
Thu 23 May 2024 19:17:46 INFO  epoch 162 evaluating [time: 0.42s, valid_score: 0.281100]
Thu 23 May 2024 19:17:46 INFO  valid result: 
recall@20 : 0.2443    mrr@20 : 0.2811    ndcg@20 : 0.1841    hit@20 : 0.7699    precision@20 : 0.1012
Thu 23 May 2024 19:17:46 INFO  epoch 163 training [time: 0.61s, train loss: 17.1473]
Thu 23 May 2024 19:17:47 INFO  epoch 163 evaluating [time: 0.41s, valid_score: 0.287700]
Thu 23 May 2024 19:17:47 INFO  valid result: 
recall@20 : 0.2443    mrr@20 : 0.2877    ndcg@20 : 0.185    hit@20 : 0.7656    precision@20 : 0.1015
Thu 23 May 2024 19:17:47 INFO  epoch 164 training [time: 0.62s, train loss: 17.1519]
Thu 23 May 2024 19:17:48 INFO  epoch 164 evaluating [time: 0.41s, valid_score: 0.287800]
Thu 23 May 2024 19:17:48 INFO  valid result: 
recall@20 : 0.2426    mrr@20 : 0.2878    ndcg@20 : 0.1839    hit@20 : 0.7656    precision@20 : 0.1014
Thu 23 May 2024 19:17:48 INFO  epoch 165 training [time: 0.68s, train loss: 17.0926]
Thu 23 May 2024 19:17:49 INFO  epoch 165 evaluating [time: 0.41s, valid_score: 0.285300]
Thu 23 May 2024 19:17:49 INFO  valid result: 
recall@20 : 0.2449    mrr@20 : 0.2853    ndcg@20 : 0.1841    hit@20 : 0.7667    precision@20 : 0.1019
Thu 23 May 2024 19:17:49 INFO  epoch 166 training [time: 0.65s, train loss: 17.0176]
Thu 23 May 2024 19:17:50 INFO  epoch 166 evaluating [time: 0.42s, valid_score: 0.285100]
Thu 23 May 2024 19:17:50 INFO  valid result: 
recall@20 : 0.2429    mrr@20 : 0.2851    ndcg@20 : 0.183    hit@20 : 0.7646    precision@20 : 0.1015
Thu 23 May 2024 19:17:50 INFO  epoch 167 training [time: 0.59s, train loss: 17.0792]
Thu 23 May 2024 19:17:51 INFO  epoch 167 evaluating [time: 0.41s, valid_score: 0.286300]
Thu 23 May 2024 19:17:51 INFO  valid result: 
recall@20 : 0.2402    mrr@20 : 0.2863    ndcg@20 : 0.1826    hit@20 : 0.7572    precision@20 : 0.1006
Thu 23 May 2024 19:17:51 INFO  epoch 168 training [time: 0.59s, train loss: 16.9756]
Thu 23 May 2024 19:17:52 INFO  epoch 168 evaluating [time: 0.40s, valid_score: 0.286200]
Thu 23 May 2024 19:17:52 INFO  valid result: 
recall@20 : 0.2417    mrr@20 : 0.2862    ndcg@20 : 0.1831    hit@20 : 0.7593    precision@20 : 0.1015
Thu 23 May 2024 19:17:53 INFO  epoch 169 training [time: 0.63s, train loss: 16.7945]
Thu 23 May 2024 19:17:53 INFO  epoch 169 evaluating [time: 0.40s, valid_score: 0.287500]
Thu 23 May 2024 19:17:53 INFO  valid result: 
recall@20 : 0.2416    mrr@20 : 0.2875    ndcg@20 : 0.1832    hit@20 : 0.7582    precision@20 : 0.1012
Thu 23 May 2024 19:17:54 INFO  epoch 170 training [time: 0.62s, train loss: 16.8796]
Thu 23 May 2024 19:17:54 INFO  epoch 170 evaluating [time: 0.41s, valid_score: 0.283900]
Thu 23 May 2024 19:17:54 INFO  valid result: 
recall@20 : 0.2395    mrr@20 : 0.2839    ndcg@20 : 0.1816    hit@20 : 0.755    precision@20 : 0.1005
Thu 23 May 2024 19:17:55 INFO  epoch 171 training [time: 0.59s, train loss: 16.8249]
Thu 23 May 2024 19:17:55 INFO  epoch 171 evaluating [time: 0.40s, valid_score: 0.280600]
Thu 23 May 2024 19:17:55 INFO  valid result: 
recall@20 : 0.2391    mrr@20 : 0.2806    ndcg@20 : 0.1807    hit@20 : 0.755    precision@20 : 0.1005
Thu 23 May 2024 19:17:55 INFO  epoch 172 training [time: 0.58s, train loss: 16.9570]
Thu 23 May 2024 19:17:56 INFO  epoch 172 evaluating [time: 0.41s, valid_score: 0.280200]
Thu 23 May 2024 19:17:56 INFO  valid result: 
recall@20 : 0.24    mrr@20 : 0.2802    ndcg@20 : 0.1809    hit@20 : 0.7561    precision@20 : 0.1007
Thu 23 May 2024 19:17:56 INFO  epoch 173 training [time: 0.56s, train loss: 16.7845]
Thu 23 May 2024 19:17:57 INFO  epoch 173 evaluating [time: 0.40s, valid_score: 0.280600]
Thu 23 May 2024 19:17:57 INFO  valid result: 
recall@20 : 0.2384    mrr@20 : 0.2806    ndcg@20 : 0.1803    hit@20 : 0.7497    precision@20 : 0.1002
Thu 23 May 2024 19:17:57 INFO  epoch 174 training [time: 0.60s, train loss: 16.7006]
Thu 23 May 2024 19:17:58 INFO  epoch 174 evaluating [time: 0.41s, valid_score: 0.277500]
Thu 23 May 2024 19:17:58 INFO  valid result: 
recall@20 : 0.2376    mrr@20 : 0.2775    ndcg@20 : 0.1788    hit@20 : 0.7497    precision@20 : 0.0995
Thu 23 May 2024 19:17:58 INFO  epoch 175 training [time: 0.61s, train loss: 16.7500]
Thu 23 May 2024 19:17:59 INFO  epoch 175 evaluating [time: 0.40s, valid_score: 0.276000]
Thu 23 May 2024 19:17:59 INFO  valid result: 
recall@20 : 0.2367    mrr@20 : 0.276    ndcg@20 : 0.1785    hit@20 : 0.7508    precision@20 : 0.0994
Thu 23 May 2024 19:18:00 INFO  epoch 176 training [time: 0.72s, train loss: 16.7663]
Thu 23 May 2024 19:18:00 INFO  epoch 176 evaluating [time: 0.41s, valid_score: 0.276700]
Thu 23 May 2024 19:18:00 INFO  valid result: 
recall@20 : 0.2367    mrr@20 : 0.2767    ndcg@20 : 0.1784    hit@20 : 0.7519    precision@20 : 0.0994
Thu 23 May 2024 19:18:01 INFO  epoch 177 training [time: 0.62s, train loss: 16.6890]
Thu 23 May 2024 19:18:01 INFO  epoch 177 evaluating [time: 0.42s, valid_score: 0.273800]
Thu 23 May 2024 19:18:01 INFO  valid result: 
recall@20 : 0.237    mrr@20 : 0.2738    ndcg@20 : 0.1778    hit@20 : 0.7529    precision@20 : 0.0994
Thu 23 May 2024 19:18:02 INFO  epoch 178 training [time: 0.59s, train loss: 16.5446]
Thu 23 May 2024 19:18:02 INFO  epoch 178 evaluating [time: 0.40s, valid_score: 0.275900]
Thu 23 May 2024 19:18:02 INFO  valid result: 
recall@20 : 0.2356    mrr@20 : 0.2759    ndcg@20 : 0.1776    hit@20 : 0.755    precision@20 : 0.0993
Thu 23 May 2024 19:18:03 INFO  epoch 179 training [time: 0.61s, train loss: 16.5108]
Thu 23 May 2024 19:18:03 INFO  epoch 179 evaluating [time: 0.41s, valid_score: 0.274700]
Thu 23 May 2024 19:18:03 INFO  valid result: 
recall@20 : 0.2331    mrr@20 : 0.2747    ndcg@20 : 0.1759    hit@20 : 0.7466    precision@20 : 0.0983
Thu 23 May 2024 19:18:04 INFO  epoch 180 training [time: 0.58s, train loss: 16.5589]
Thu 23 May 2024 19:18:04 INFO  epoch 180 evaluating [time: 0.40s, valid_score: 0.273500]
Thu 23 May 2024 19:18:04 INFO  valid result: 
recall@20 : 0.2335    mrr@20 : 0.2735    ndcg@20 : 0.1762    hit@20 : 0.7455    precision@20 : 0.0984
Thu 23 May 2024 19:18:05 INFO  epoch 181 training [time: 0.65s, train loss: 16.5757]
Thu 23 May 2024 19:18:05 INFO  epoch 181 evaluating [time: 0.41s, valid_score: 0.271100]
Thu 23 May 2024 19:18:05 INFO  valid result: 
recall@20 : 0.2325    mrr@20 : 0.2711    ndcg@20 : 0.1752    hit@20 : 0.7434    precision@20 : 0.0978
Thu 23 May 2024 19:18:06 INFO  epoch 182 training [time: 0.63s, train loss: 16.4576]
Thu 23 May 2024 19:18:06 INFO  epoch 182 evaluating [time: 0.40s, valid_score: 0.273200]
Thu 23 May 2024 19:18:06 INFO  valid result: 
recall@20 : 0.2336    mrr@20 : 0.2732    ndcg@20 : 0.1755    hit@20 : 0.7466    precision@20 : 0.0978
Thu 23 May 2024 19:18:07 INFO  epoch 183 training [time: 0.63s, train loss: 16.5708]
Thu 23 May 2024 19:18:07 INFO  epoch 183 evaluating [time: 0.40s, valid_score: 0.274000]
Thu 23 May 2024 19:18:07 INFO  valid result: 
recall@20 : 0.2296    mrr@20 : 0.274    ndcg@20 : 0.1743    hit@20 : 0.7434    precision@20 : 0.0966
Thu 23 May 2024 19:18:08 INFO  epoch 184 training [time: 0.62s, train loss: 16.5718]
Thu 23 May 2024 19:18:08 INFO  epoch 184 evaluating [time: 0.42s, valid_score: 0.270600]
Thu 23 May 2024 19:18:08 INFO  valid result: 
recall@20 : 0.2307    mrr@20 : 0.2706    ndcg@20 : 0.1738    hit@20 : 0.7444    precision@20 : 0.097
Thu 23 May 2024 19:18:09 INFO  epoch 185 training [time: 0.64s, train loss: 16.3900]
Thu 23 May 2024 19:18:09 INFO  epoch 185 evaluating [time: 0.40s, valid_score: 0.270400]
Thu 23 May 2024 19:18:09 INFO  valid result: 
recall@20 : 0.2303    mrr@20 : 0.2704    ndcg@20 : 0.1733    hit@20 : 0.7476    precision@20 : 0.0971
Thu 23 May 2024 19:18:10 INFO  epoch 186 training [time: 0.61s, train loss: 16.4042]
Thu 23 May 2024 19:18:10 INFO  epoch 186 evaluating [time: 0.41s, valid_score: 0.273300]
Thu 23 May 2024 19:18:10 INFO  valid result: 
recall@20 : 0.2324    mrr@20 : 0.2733    ndcg@20 : 0.1744    hit@20 : 0.7487    precision@20 : 0.0977
Thu 23 May 2024 19:18:11 INFO  epoch 187 training [time: 0.72s, train loss: 16.4377]
Thu 23 May 2024 19:18:11 INFO  epoch 187 evaluating [time: 0.40s, valid_score: 0.273700]
Thu 23 May 2024 19:18:11 INFO  valid result: 
recall@20 : 0.2326    mrr@20 : 0.2737    ndcg@20 : 0.1745    hit@20 : 0.7497    precision@20 : 0.0978
Thu 23 May 2024 19:18:12 INFO  epoch 188 training [time: 0.68s, train loss: 16.3806]
Thu 23 May 2024 19:18:12 INFO  epoch 188 evaluating [time: 0.40s, valid_score: 0.277100]
Thu 23 May 2024 19:18:12 INFO  valid result: 
recall@20 : 0.2323    mrr@20 : 0.2771    ndcg@20 : 0.1746    hit@20 : 0.7476    precision@20 : 0.0975
Thu 23 May 2024 19:18:13 INFO  epoch 189 training [time: 0.63s, train loss: 16.3749]
Thu 23 May 2024 19:18:13 INFO  epoch 189 evaluating [time: 0.41s, valid_score: 0.276200]
Thu 23 May 2024 19:18:13 INFO  valid result: 
recall@20 : 0.2316    mrr@20 : 0.2762    ndcg@20 : 0.1743    hit@20 : 0.7466    precision@20 : 0.0968
Thu 23 May 2024 19:18:14 INFO  epoch 190 training [time: 0.63s, train loss: 16.2348]
Thu 23 May 2024 19:18:15 INFO  epoch 190 evaluating [time: 0.40s, valid_score: 0.271900]
Thu 23 May 2024 19:18:15 INFO  valid result: 
recall@20 : 0.2327    mrr@20 : 0.2719    ndcg@20 : 0.1735    hit@20 : 0.7476    precision@20 : 0.0973
Thu 23 May 2024 19:18:15 INFO  epoch 191 training [time: 0.62s, train loss: 16.2925]
Thu 23 May 2024 19:18:16 INFO  epoch 191 evaluating [time: 0.41s, valid_score: 0.269800]
Thu 23 May 2024 19:18:16 INFO  valid result: 
recall@20 : 0.2319    mrr@20 : 0.2698    ndcg@20 : 0.1728    hit@20 : 0.7487    precision@20 : 0.0974
Thu 23 May 2024 19:18:16 INFO  epoch 192 training [time: 0.60s, train loss: 16.2792]
Thu 23 May 2024 19:18:17 INFO  epoch 192 evaluating [time: 0.40s, valid_score: 0.269300]
Thu 23 May 2024 19:18:17 INFO  valid result: 
recall@20 : 0.2328    mrr@20 : 0.2693    ndcg@20 : 0.1729    hit@20 : 0.7487    precision@20 : 0.0973
Thu 23 May 2024 19:18:17 INFO  epoch 193 training [time: 0.63s, train loss: 16.2466]
Thu 23 May 2024 19:18:18 INFO  epoch 193 evaluating [time: 0.41s, valid_score: 0.274100]
Thu 23 May 2024 19:18:18 INFO  valid result: 
recall@20 : 0.2328    mrr@20 : 0.2741    ndcg@20 : 0.1732    hit@20 : 0.7487    precision@20 : 0.0966
Thu 23 May 2024 19:18:18 INFO  epoch 194 training [time: 0.61s, train loss: 16.1745]
Thu 23 May 2024 19:18:19 INFO  epoch 194 evaluating [time: 0.41s, valid_score: 0.268900]
Thu 23 May 2024 19:18:19 INFO  valid result: 
recall@20 : 0.2323    mrr@20 : 0.2689    ndcg@20 : 0.1721    hit@20 : 0.7466    precision@20 : 0.0963
Thu 23 May 2024 19:18:19 INFO  epoch 195 training [time: 0.63s, train loss: 16.1271]
Thu 23 May 2024 19:18:20 INFO  epoch 195 evaluating [time: 0.40s, valid_score: 0.270900]
Thu 23 May 2024 19:18:20 INFO  valid result: 
recall@20 : 0.2328    mrr@20 : 0.2709    ndcg@20 : 0.1722    hit@20 : 0.7497    precision@20 : 0.0962
Thu 23 May 2024 19:18:20 INFO  epoch 196 training [time: 0.63s, train loss: 16.1714]
Thu 23 May 2024 19:18:21 INFO  epoch 196 evaluating [time: 0.41s, valid_score: 0.269700]
Thu 23 May 2024 19:18:21 INFO  valid result: 
recall@20 : 0.2319    mrr@20 : 0.2697    ndcg@20 : 0.1715    hit@20 : 0.7444    precision@20 : 0.0958
Thu 23 May 2024 19:18:21 INFO  epoch 197 training [time: 0.62s, train loss: 16.1199]
Thu 23 May 2024 19:18:22 INFO  epoch 197 evaluating [time: 0.40s, valid_score: 0.272500]
Thu 23 May 2024 19:18:22 INFO  valid result: 
recall@20 : 0.2326    mrr@20 : 0.2725    ndcg@20 : 0.1723    hit@20 : 0.7476    precision@20 : 0.0959
Thu 23 May 2024 19:18:22 INFO  epoch 198 training [time: 0.76s, train loss: 16.1091]
Thu 23 May 2024 19:18:23 INFO  epoch 198 evaluating [time: 0.41s, valid_score: 0.274100]
Thu 23 May 2024 19:18:23 INFO  valid result: 
recall@20 : 0.2306    mrr@20 : 0.2741    ndcg@20 : 0.172    hit@20 : 0.7434    precision@20 : 0.0953
Thu 23 May 2024 19:18:24 INFO  epoch 199 training [time: 0.65s, train loss: 16.0719]
Thu 23 May 2024 19:18:24 INFO  epoch 199 evaluating [time: 0.41s, valid_score: 0.273800]
Thu 23 May 2024 19:18:24 INFO  valid result: 
recall@20 : 0.2288    mrr@20 : 0.2738    ndcg@20 : 0.1713    hit@20 : 0.7423    precision@20 : 0.0952
Thu 23 May 2024 19:18:25 INFO  epoch 200 training [time: 0.60s, train loss: 16.0598]
Thu 23 May 2024 19:18:25 INFO  epoch 200 evaluating [time: 0.40s, valid_score: 0.274200]
Thu 23 May 2024 19:18:25 INFO  valid result: 
recall@20 : 0.2283    mrr@20 : 0.2742    ndcg@20 : 0.1709    hit@20 : 0.7434    precision@20 : 0.0951
Thu 23 May 2024 19:18:26 INFO  epoch 201 training [time: 0.63s, train loss: 16.1873]
Thu 23 May 2024 19:18:26 INFO  epoch 201 evaluating [time: 0.41s, valid_score: 0.271800]
Thu 23 May 2024 19:18:26 INFO  valid result: 
recall@20 : 0.2291    mrr@20 : 0.2718    ndcg@20 : 0.1712    hit@20 : 0.7423    precision@20 : 0.0954
Thu 23 May 2024 19:18:27 INFO  epoch 202 training [time: 0.62s, train loss: 15.9898]
Thu 23 May 2024 19:18:27 INFO  epoch 202 evaluating [time: 0.40s, valid_score: 0.266400]
Thu 23 May 2024 19:18:27 INFO  valid result: 
recall@20 : 0.2282    mrr@20 : 0.2664    ndcg@20 : 0.1694    hit@20 : 0.7391    precision@20 : 0.0949
Thu 23 May 2024 19:18:28 INFO  epoch 203 training [time: 0.61s, train loss: 15.9528]
Thu 23 May 2024 19:18:28 INFO  epoch 203 evaluating [time: 0.41s, valid_score: 0.268100]
Thu 23 May 2024 19:18:28 INFO  valid result: 
recall@20 : 0.2286    mrr@20 : 0.2681    ndcg@20 : 0.1699    hit@20 : 0.7391    precision@20 : 0.0948
Thu 23 May 2024 19:18:29 INFO  epoch 204 training [time: 0.63s, train loss: 15.9455]
Thu 23 May 2024 19:18:29 INFO  epoch 204 evaluating [time: 0.40s, valid_score: 0.266400]
Thu 23 May 2024 19:18:29 INFO  valid result: 
recall@20 : 0.2291    mrr@20 : 0.2664    ndcg@20 : 0.1695    hit@20 : 0.7402    precision@20 : 0.0943
Thu 23 May 2024 19:18:30 INFO  epoch 205 training [time: 0.65s, train loss: 15.9937]
Thu 23 May 2024 19:18:30 INFO  epoch 205 evaluating [time: 0.43s, valid_score: 0.265000]
Thu 23 May 2024 19:18:30 INFO  valid result: 
recall@20 : 0.2282    mrr@20 : 0.265    ndcg@20 : 0.1689    hit@20 : 0.7423    precision@20 : 0.0943
Thu 23 May 2024 19:18:31 INFO  epoch 206 training [time: 0.68s, train loss: 15.9067]
Thu 23 May 2024 19:18:31 INFO  epoch 206 evaluating [time: 0.41s, valid_score: 0.265500]
Thu 23 May 2024 19:18:31 INFO  valid result: 
recall@20 : 0.2276    mrr@20 : 0.2655    ndcg@20 : 0.1688    hit@20 : 0.7434    precision@20 : 0.0944
Thu 23 May 2024 19:18:32 INFO  epoch 207 training [time: 0.64s, train loss: 15.8354]
Thu 23 May 2024 19:18:32 INFO  epoch 207 evaluating [time: 0.40s, valid_score: 0.263400]
Thu 23 May 2024 19:18:32 INFO  valid result: 
recall@20 : 0.2277    mrr@20 : 0.2634    ndcg@20 : 0.1685    hit@20 : 0.7434    precision@20 : 0.0942
Thu 23 May 2024 19:18:33 INFO  epoch 208 training [time: 0.65s, train loss: 15.9673]
Thu 23 May 2024 19:18:33 INFO  epoch 208 evaluating [time: 0.41s, valid_score: 0.265400]
Thu 23 May 2024 19:18:33 INFO  valid result: 
recall@20 : 0.2263    mrr@20 : 0.2654    ndcg@20 : 0.168    hit@20 : 0.7423    precision@20 : 0.0941
Thu 23 May 2024 19:18:34 INFO  epoch 209 training [time: 0.74s, train loss: 15.8754]
Thu 23 May 2024 19:18:34 INFO  epoch 209 evaluating [time: 0.40s, valid_score: 0.262700]
Thu 23 May 2024 19:18:34 INFO  valid result: 
recall@20 : 0.2274    mrr@20 : 0.2627    ndcg@20 : 0.1675    hit@20 : 0.7455    precision@20 : 0.0944
Thu 23 May 2024 19:18:35 INFO  epoch 210 training [time: 0.68s, train loss: 15.7423]
Thu 23 May 2024 19:18:36 INFO  epoch 210 evaluating [time: 0.42s, valid_score: 0.260000]
Thu 23 May 2024 19:18:36 INFO  valid result: 
recall@20 : 0.2269    mrr@20 : 0.26    ndcg@20 : 0.1668    hit@20 : 0.7455    precision@20 : 0.0943
Thu 23 May 2024 19:18:36 INFO  epoch 211 training [time: 0.65s, train loss: 15.8071]
Thu 23 May 2024 19:18:37 INFO  epoch 211 evaluating [time: 0.43s, valid_score: 0.261900]
Thu 23 May 2024 19:18:37 INFO  valid result: 
recall@20 : 0.2275    mrr@20 : 0.2619    ndcg@20 : 0.1675    hit@20 : 0.7455    precision@20 : 0.0942
Thu 23 May 2024 19:18:37 INFO  epoch 212 training [time: 0.67s, train loss: 15.8318]
Thu 23 May 2024 19:18:38 INFO  epoch 212 evaluating [time: 0.42s, valid_score: 0.262100]
Thu 23 May 2024 19:18:38 INFO  valid result: 
recall@20 : 0.2274    mrr@20 : 0.2621    ndcg@20 : 0.1674    hit@20 : 0.7413    precision@20 : 0.0943
Thu 23 May 2024 19:18:38 INFO  epoch 213 training [time: 0.66s, train loss: 15.7203]
Thu 23 May 2024 19:18:39 INFO  epoch 213 evaluating [time: 0.43s, valid_score: 0.262500]
Thu 23 May 2024 19:18:39 INFO  valid result: 
recall@20 : 0.2275    mrr@20 : 0.2625    ndcg@20 : 0.1673    hit@20 : 0.7423    precision@20 : 0.0942
Thu 23 May 2024 19:18:39 INFO  epoch 214 training [time: 0.68s, train loss: 15.8003]
Thu 23 May 2024 19:18:40 INFO  epoch 214 evaluating [time: 0.42s, valid_score: 0.264700]
Thu 23 May 2024 19:18:40 INFO  valid result: 
recall@20 : 0.2258    mrr@20 : 0.2647    ndcg@20 : 0.1672    hit@20 : 0.7402    precision@20 : 0.094
Thu 23 May 2024 19:18:41 INFO  epoch 215 training [time: 0.66s, train loss: 15.6711]
Thu 23 May 2024 19:18:41 INFO  epoch 215 evaluating [time: 0.40s, valid_score: 0.263400]
Thu 23 May 2024 19:18:41 INFO  valid result: 
recall@20 : 0.2253    mrr@20 : 0.2634    ndcg@20 : 0.1667    hit@20 : 0.7391    precision@20 : 0.0937
Thu 23 May 2024 19:18:42 INFO  epoch 216 training [time: 0.62s, train loss: 15.6131]
Thu 23 May 2024 19:18:42 INFO  epoch 216 evaluating [time: 0.40s, valid_score: 0.264500]
Thu 23 May 2024 19:18:42 INFO  valid result: 
recall@20 : 0.2237    mrr@20 : 0.2645    ndcg@20 : 0.166    hit@20 : 0.7391    precision@20 : 0.093
Thu 23 May 2024 19:18:43 INFO  epoch 217 training [time: 0.64s, train loss: 15.7322]
Thu 23 May 2024 19:18:43 INFO  epoch 217 evaluating [time: 0.40s, valid_score: 0.260700]
Thu 23 May 2024 19:18:43 INFO  valid result: 
recall@20 : 0.2235    mrr@20 : 0.2607    ndcg@20 : 0.1651    hit@20 : 0.7349    precision@20 : 0.0927
Thu 23 May 2024 19:18:44 INFO  epoch 218 training [time: 0.64s, train loss: 15.6145]
Thu 23 May 2024 19:18:44 INFO  epoch 218 evaluating [time: 0.43s, valid_score: 0.263000]
Thu 23 May 2024 19:18:44 INFO  valid result: 
recall@20 : 0.2229    mrr@20 : 0.263    ndcg@20 : 0.1651    hit@20 : 0.7328    precision@20 : 0.0923
Thu 23 May 2024 19:18:45 INFO  epoch 219 training [time: 0.61s, train loss: 15.6582]
Thu 23 May 2024 19:18:45 INFO  epoch 219 evaluating [time: 0.41s, valid_score: 0.263900]
Thu 23 May 2024 19:18:45 INFO  valid result: 
recall@20 : 0.224    mrr@20 : 0.2639    ndcg@20 : 0.1656    hit@20 : 0.7349    precision@20 : 0.0928
Thu 23 May 2024 19:18:46 INFO  epoch 220 training [time: 0.91s, train loss: 15.6431]
Thu 23 May 2024 19:18:46 INFO  epoch 220 evaluating [time: 0.43s, valid_score: 0.265500]
Thu 23 May 2024 19:18:46 INFO  valid result: 
recall@20 : 0.2234    mrr@20 : 0.2655    ndcg@20 : 0.1652    hit@20 : 0.7349    precision@20 : 0.0924
Thu 23 May 2024 19:18:47 INFO  epoch 221 training [time: 0.59s, train loss: 15.6417]
Thu 23 May 2024 19:18:47 INFO  epoch 221 evaluating [time: 0.44s, valid_score: 0.265200]
Thu 23 May 2024 19:18:47 INFO  valid result: 
recall@20 : 0.2234    mrr@20 : 0.2652    ndcg@20 : 0.1652    hit@20 : 0.7338    precision@20 : 0.0924
Thu 23 May 2024 19:18:48 INFO  epoch 222 training [time: 0.67s, train loss: 15.6498]
Thu 23 May 2024 19:18:49 INFO  epoch 222 evaluating [time: 0.42s, valid_score: 0.266600]
Thu 23 May 2024 19:18:49 INFO  valid result: 
recall@20 : 0.2243    mrr@20 : 0.2666    ndcg@20 : 0.1655    hit@20 : 0.737    precision@20 : 0.0923
Thu 23 May 2024 19:18:49 INFO  epoch 223 training [time: 0.66s, train loss: 15.4823]
Thu 23 May 2024 19:18:50 INFO  epoch 223 evaluating [time: 0.43s, valid_score: 0.263300]
Thu 23 May 2024 19:18:50 INFO  valid result: 
recall@20 : 0.2256    mrr@20 : 0.2633    ndcg@20 : 0.1648    hit@20 : 0.7423    precision@20 : 0.0927
Thu 23 May 2024 19:18:50 INFO  epoch 224 training [time: 0.59s, train loss: 15.5381]
Thu 23 May 2024 19:18:51 INFO  epoch 224 evaluating [time: 0.42s, valid_score: 0.265900]
Thu 23 May 2024 19:18:51 INFO  valid result: 
recall@20 : 0.2241    mrr@20 : 0.2659    ndcg@20 : 0.1646    hit@20 : 0.7381    precision@20 : 0.0922
Thu 23 May 2024 19:18:51 INFO  epoch 225 training [time: 0.64s, train loss: 15.5350]
Thu 23 May 2024 19:18:52 INFO  epoch 225 evaluating [time: 0.40s, valid_score: 0.266900]
Thu 23 May 2024 19:18:52 INFO  valid result: 
recall@20 : 0.2231    mrr@20 : 0.2669    ndcg@20 : 0.1642    hit@20 : 0.7338    precision@20 : 0.0918
Thu 23 May 2024 19:18:52 INFO  epoch 226 training [time: 0.58s, train loss: 15.5651]
Thu 23 May 2024 19:18:53 INFO  epoch 226 evaluating [time: 0.40s, valid_score: 0.263600]
Thu 23 May 2024 19:18:53 INFO  valid result: 
recall@20 : 0.2232    mrr@20 : 0.2636    ndcg@20 : 0.1638    hit@20 : 0.7349    precision@20 : 0.0919
Thu 23 May 2024 19:18:53 INFO  epoch 227 training [time: 0.58s, train loss: 15.5008]
Thu 23 May 2024 19:18:54 INFO  epoch 227 evaluating [time: 0.40s, valid_score: 0.264100]
Thu 23 May 2024 19:18:54 INFO  valid result: 
recall@20 : 0.2224    mrr@20 : 0.2641    ndcg@20 : 0.1635    hit@20 : 0.7328    precision@20 : 0.0917
Thu 23 May 2024 19:18:54 INFO  epoch 228 training [time: 0.59s, train loss: 15.3900]
Thu 23 May 2024 19:18:55 INFO  epoch 228 evaluating [time: 0.42s, valid_score: 0.264500]
Thu 23 May 2024 19:18:55 INFO  valid result: 
recall@20 : 0.221    mrr@20 : 0.2645    ndcg@20 : 0.1633    hit@20 : 0.7285    precision@20 : 0.0913
Thu 23 May 2024 19:18:55 INFO  epoch 229 training [time: 0.60s, train loss: 15.4244]
Thu 23 May 2024 19:18:56 INFO  epoch 229 evaluating [time: 0.40s, valid_score: 0.263000]
Thu 23 May 2024 19:18:56 INFO  valid result: 
recall@20 : 0.2218    mrr@20 : 0.263    ndcg@20 : 0.1632    hit@20 : 0.7338    precision@20 : 0.0911
Thu 23 May 2024 19:18:56 INFO  epoch 230 training [time: 0.59s, train loss: 15.3809]
Thu 23 May 2024 19:18:57 INFO  epoch 230 evaluating [time: 0.41s, valid_score: 0.263100]
Thu 23 May 2024 19:18:57 INFO  valid result: 
recall@20 : 0.2232    mrr@20 : 0.2631    ndcg@20 : 0.1638    hit@20 : 0.7349    precision@20 : 0.0918
Thu 23 May 2024 19:18:57 INFO  epoch 231 training [time: 0.73s, train loss: 15.4210]
Thu 23 May 2024 19:18:58 INFO  epoch 231 evaluating [time: 0.41s, valid_score: 0.262400]
Thu 23 May 2024 19:18:58 INFO  valid result: 
recall@20 : 0.2232    mrr@20 : 0.2624    ndcg@20 : 0.1634    hit@20 : 0.7317    precision@20 : 0.0917
Thu 23 May 2024 19:18:58 INFO  epoch 232 training [time: 0.61s, train loss: 15.4356]
Thu 23 May 2024 19:18:59 INFO  epoch 232 evaluating [time: 0.40s, valid_score: 0.261500]
Thu 23 May 2024 19:18:59 INFO  valid result: 
recall@20 : 0.2218    mrr@20 : 0.2615    ndcg@20 : 0.1628    hit@20 : 0.7285    precision@20 : 0.0916
Thu 23 May 2024 19:18:59 INFO  epoch 233 training [time: 0.59s, train loss: 15.3556]
Thu 23 May 2024 19:19:00 INFO  epoch 233 evaluating [time: 0.42s, valid_score: 0.263200]
Thu 23 May 2024 19:19:00 INFO  valid result: 
recall@20 : 0.2214    mrr@20 : 0.2632    ndcg@20 : 0.1633    hit@20 : 0.7264    precision@20 : 0.0914
Thu 23 May 2024 19:19:01 INFO  epoch 234 training [time: 0.67s, train loss: 15.4128]
Thu 23 May 2024 19:19:01 INFO  epoch 234 evaluating [time: 0.41s, valid_score: 0.260000]
Thu 23 May 2024 19:19:01 INFO  valid result: 
recall@20 : 0.2193    mrr@20 : 0.26    ndcg@20 : 0.1617    hit@20 : 0.7253    precision@20 : 0.0908
Thu 23 May 2024 19:19:02 INFO  epoch 235 training [time: 0.64s, train loss: 15.4205]
Thu 23 May 2024 19:19:02 INFO  epoch 235 evaluating [time: 0.41s, valid_score: 0.263000]
Thu 23 May 2024 19:19:02 INFO  valid result: 
recall@20 : 0.2187    mrr@20 : 0.263    ndcg@20 : 0.1621    hit@20 : 0.7253    precision@20 : 0.0906
Thu 23 May 2024 19:19:03 INFO  epoch 236 training [time: 0.60s, train loss: 15.3326]
Thu 23 May 2024 19:19:03 INFO  epoch 236 evaluating [time: 0.40s, valid_score: 0.261600]
Thu 23 May 2024 19:19:03 INFO  valid result: 
recall@20 : 0.219    mrr@20 : 0.2616    ndcg@20 : 0.162    hit@20 : 0.7264    precision@20 : 0.0907
Thu 23 May 2024 19:19:04 INFO  epoch 237 training [time: 0.65s, train loss: 15.3548]
Thu 23 May 2024 19:19:04 INFO  epoch 237 evaluating [time: 0.40s, valid_score: 0.261500]
Thu 23 May 2024 19:19:04 INFO  valid result: 
recall@20 : 0.2184    mrr@20 : 0.2615    ndcg@20 : 0.1619    hit@20 : 0.7264    precision@20 : 0.0908
Thu 23 May 2024 19:19:05 INFO  epoch 238 training [time: 0.60s, train loss: 15.3756]
Thu 23 May 2024 19:19:05 INFO  epoch 238 evaluating [time: 0.40s, valid_score: 0.260400]
Thu 23 May 2024 19:19:05 INFO  valid result: 
recall@20 : 0.2168    mrr@20 : 0.2604    ndcg@20 : 0.1614    hit@20 : 0.7211    precision@20 : 0.0902
Thu 23 May 2024 19:19:06 INFO  epoch 239 training [time: 0.61s, train loss: 15.3091]
Thu 23 May 2024 19:19:06 INFO  epoch 239 evaluating [time: 0.40s, valid_score: 0.261400]
Thu 23 May 2024 19:19:06 INFO  valid result: 
recall@20 : 0.2176    mrr@20 : 0.2614    ndcg@20 : 0.1617    hit@20 : 0.7253    precision@20 : 0.0902
Thu 23 May 2024 19:19:07 INFO  epoch 240 training [time: 0.58s, train loss: 15.3066]
Thu 23 May 2024 19:19:07 INFO  epoch 240 evaluating [time: 0.41s, valid_score: 0.257100]
Thu 23 May 2024 19:19:07 INFO  valid result: 
recall@20 : 0.2194    mrr@20 : 0.2571    ndcg@20 : 0.1613    hit@20 : 0.7264    precision@20 : 0.0907
Thu 23 May 2024 19:19:08 INFO  epoch 241 training [time: 0.59s, train loss: 15.2178]
Thu 23 May 2024 19:19:08 INFO  epoch 241 evaluating [time: 0.41s, valid_score: 0.260100]
Thu 23 May 2024 19:19:08 INFO  valid result: 
recall@20 : 0.219    mrr@20 : 0.2601    ndcg@20 : 0.1618    hit@20 : 0.7264    precision@20 : 0.0909
Thu 23 May 2024 19:19:08 INFO  Finished training, best eval result in epoch 140
Thu 23 May 2024 19:19:09 INFO  epoch 0 training [time: 0.76s, train loss: 15.3146]
Thu 23 May 2024 19:19:09 INFO  epoch 0 evaluating [time: 0.39s, valid_score: 0.257900]
Thu 23 May 2024 19:19:09 INFO  valid result: 
recall@20 : 0.2177    mrr@20 : 0.2579    ndcg@20 : 0.1609    hit@20 : 0.7306    precision@20 : 0.0905
Thu 23 May 2024 19:19:09 INFO  Finished training, best eval result in epoch -102
Thu 23 May 2024 19:19:09 INFO  Loading model structure and parameters from saved/ANS-May-23-2024_19-14-46.pth
Thu 23 May 2024 19:19:11 INFO  The running environment of this training is as follows:
+-------------+----------------+
| Environment |     Usage      |
+=============+================+
| CPU         |     1.40 %     |
+-------------+----------------+
| GPU         | 0.09 G/15.98 G |
+-------------+----------------+
| Memory      | 1.27 G/15.47 G |
+-------------+----------------+
Thu 23 May 2024 19:19:11 INFO  best valid : OrderedDict([('recall@20', 0.2454), ('mrr@20', 0.3074), ('ndcg@20', 0.1914), ('hit@20', 0.7678), ('precision@20', 0.1)])
Thu 23 May 2024 19:19:11 INFO  test result: OrderedDict([('recall@20', 0.2798), ('mrr@20', 0.36), ('ndcg@20', 0.2267), ('hit@20', 0.8091), ('precision@20', 0.1165)])
