Wed 24 Apr 2024 15:40:28 INFO  ['run_recbole.py', '--model=ANS', '--dataset=ml-100k']
Wed 24 Apr 2024 15:40:28 INFO  
General Hyper Parameters:
gpu_id = 0
use_gpu = True
seed = 2020
state = INFO
reproducibility = True
data_path = /home/simeon/Git_Repositories/ANS-Recbole/recbole/config/../dataset_example/ml-100k
checkpoint_dir = saved
show_progress = True
save_dataset = False
dataset_save_path = None
save_dataloaders = False
dataloaders_save_path = None
log_wandb = False

Training Hyper Parameters:
epochs = 500
train_batch_size = 2048
learner = adam
learning_rate = 0.0001
train_neg_sample_args = {'distribution': 'uniform', 'sample_num': 1, 'alpha': 1.0, 'dynamic': False, 'candidate_num': 0}
eval_step = 1
stopping_step = 100
clip_grad_norm = None
weight_decay = 0.0
loss_decimal_place = 4

Evaluation Hyper Parameters:
eval_args = {'split': {'RS': [0.8, 0.1, 0.1]}, 'group_by': 'user', 'order': 'RO', 'mode': 'full'}
repeatable = False
metrics = ['Recall', 'MRR', 'NDCG', 'Hit', 'Precision']
topk = [20]
valid_metric = MRR@20
valid_metric_bigger = True
eval_batch_size = 4096
metric_decimal_place = 4

Dataset Hyper Parameters:
field_separator = 	
seq_separator =  
USER_ID_FIELD = user_id
ITEM_ID_FIELD = item_id
RATING_FIELD = rating
TIME_FIELD = timestamp
seq_len = None
LABEL_FIELD = label
threshold = None
NEG_PREFIX = neg_
load_col = {'inter': ['user_id', 'item_id', 'rating', 'timestamp']}
unload_col = None
unused_col = None
additional_feat_suffix = None
rm_dup_inter = None
val_interval = {'rating': ['4-5']}
filter_inter_by_user_or_item = True
user_inter_num_interval = None
item_inter_num_interval = None
alias_of_user_id = None
alias_of_item_id = None
alias_of_entity_id = None
alias_of_relation_id = None
preload_weight = None
normalize_field = None
normalize_all = True
ITEM_LIST_LENGTH_FIELD = item_length
LIST_SUFFIX = _list
MAX_ITEM_LIST_LENGTH = 50
POSITION_FIELD = position_id
HEAD_ENTITY_ID_FIELD = head_id
TAIL_ENTITY_ID_FIELD = tail_id
RELATION_ID_FIELD = relation_id
ENTITY_ID_FIELD = entity_id
kg_reverse_r = False
entity_kg_num_interval = None
relation_kg_num_interval = None
benchmark_filename = None

Other Hyper Parameters: 
worker = 0
wandb_project = recbole
shuffle = True
require_pow = False
enable_amp = False
enable_scaler = False
transform = None
embedding_size = 64
n_layers = 3
reg_weight = 0.0001
eps = 0.3
gamma = 0.15
numerical_features = []
discretization = None
MODEL_TYPE = ModelType.GENERAL
MODEL_INPUT_TYPE = InputType.PAIRWISE
eval_type = EvaluatorType.RANKING
single_spec = True
local_rank = 0
device = cuda
eval_neg_sample_args = {'distribution': 'uniform', 'sample_num': 'none'}


Wed 24 Apr 2024 15:40:28 WARNING  ['4-5'] is an illegal interval!
Wed 24 Apr 2024 15:40:28 INFO  ml-100k
The number of users: 944
Average actions of users: 106.04347826086956
The number of items: 1683
Average actions of items: 59.45243757431629
The number of inters: 99999
The sparsity of the dataset: 93.70581437505665%
Remain Fields: ['user_id', 'item_id', 'rating', 'timestamp']
Wed 24 Apr 2024 15:40:28 INFO  [Training]: train_batch_size = [2048] train_neg_sample_args: [{'distribution': 'uniform', 'sample_num': 1, 'alpha': 1.0, 'dynamic': False, 'candidate_num': 0}]
Wed 24 Apr 2024 15:40:28 INFO  [Evaluation]: eval_batch_size = [4096] eval_args: [{'split': {'RS': [0.8, 0.1, 0.1]}, 'group_by': 'user', 'order': 'RO', 'mode': 'full'}]
Wed 24 Apr 2024 15:40:30 INFO  ANS(
  (user_embedding): Embedding(944, 64)
  (item_embedding): Embedding(1683, 64)
  (mf_loss): BPRLoss()
  (reg_loss): EmbLoss()
  (user_gate): Linear(in_features=64, out_features=64, bias=True)
  (item_gate): Linear(in_features=64, out_features=64, bias=True)
  (pos_gate): Linear(in_features=64, out_features=64, bias=True)
  (neg_gate): Linear(in_features=64, out_features=64, bias=True)
  (hard_gate): Linear(in_features=64, out_features=64, bias=True)
  (conf_gate): Linear(in_features=64, out_features=64, bias=True)
  (easy_gate): Linear(in_features=64, out_features=64, bias=True)
  (margin_model): Linear(in_features=64, out_features=1, bias=True)
)
Trainable parameters: 197313
Wed 24 Apr 2024 15:40:30 INFO  FLOPs: 0.0
Wed 24 Apr 2024 15:40:32 INFO  epoch 0 training [time: 1.36s, train loss: 32.2284]
Wed 24 Apr 2024 15:40:33 INFO  epoch 0 evaluating [time: 0.47s, valid_score: 0.024600]
Wed 24 Apr 2024 15:40:33 INFO  valid result: 
recall@20 : 0.0136    mrr@20 : 0.0246    ndcg@20 : 0.0099    hit@20 : 0.1029    precision@20 : 0.0057
Wed 24 Apr 2024 15:40:33 INFO  Saving current: saved/ANS-Apr-24-2024_15-40-30.pth
Wed 24 Apr 2024 15:40:33 INFO  epoch 1 training [time: 0.70s, train loss: 32.2119]
Wed 24 Apr 2024 15:40:34 INFO  epoch 1 evaluating [time: 0.46s, valid_score: 0.022600]
Wed 24 Apr 2024 15:40:34 INFO  valid result: 
recall@20 : 0.0128    mrr@20 : 0.0226    ndcg@20 : 0.0095    hit@20 : 0.1029    precision@20 : 0.0056
Wed 24 Apr 2024 15:40:35 INFO  epoch 2 training [time: 0.80s, train loss: 32.1997]
Wed 24 Apr 2024 15:40:35 INFO  epoch 2 evaluating [time: 0.45s, valid_score: 0.021800]
Wed 24 Apr 2024 15:40:35 INFO  valid result: 
recall@20 : 0.0119    mrr@20 : 0.0218    ndcg@20 : 0.009    hit@20 : 0.0986    precision@20 : 0.0054
Wed 24 Apr 2024 15:40:36 INFO  epoch 3 training [time: 0.71s, train loss: 32.1863]
Wed 24 Apr 2024 15:40:36 INFO  epoch 3 evaluating [time: 0.46s, valid_score: 0.021000]
Wed 24 Apr 2024 15:40:36 INFO  valid result: 
recall@20 : 0.0112    mrr@20 : 0.021    ndcg@20 : 0.0086    hit@20 : 0.0923    precision@20 : 0.005
Wed 24 Apr 2024 15:40:37 INFO  epoch 4 training [time: 0.77s, train loss: 32.1763]
Wed 24 Apr 2024 15:40:38 INFO  epoch 4 evaluating [time: 0.45s, valid_score: 0.019300]
Wed 24 Apr 2024 15:40:38 INFO  valid result: 
recall@20 : 0.0109    mrr@20 : 0.0193    ndcg@20 : 0.0081    hit@20 : 0.087    precision@20 : 0.0048
Wed 24 Apr 2024 15:40:38 INFO  epoch 5 training [time: 0.54s, train loss: 32.1669]
Wed 24 Apr 2024 15:40:38 INFO  epoch 5 evaluating [time: 0.39s, valid_score: 0.017900]
Wed 24 Apr 2024 15:40:38 INFO  valid result: 
recall@20 : 0.0104    mrr@20 : 0.0179    ndcg@20 : 0.0078    hit@20 : 0.0838    precision@20 : 0.0047
Wed 24 Apr 2024 15:40:39 INFO  epoch 6 training [time: 0.54s, train loss: 32.1590]
Wed 24 Apr 2024 15:40:39 INFO  epoch 6 evaluating [time: 0.39s, valid_score: 0.017200]
Wed 24 Apr 2024 15:40:39 INFO  valid result: 
recall@20 : 0.01    mrr@20 : 0.0172    ndcg@20 : 0.0074    hit@20 : 0.0795    precision@20 : 0.0045
Wed 24 Apr 2024 15:40:40 INFO  epoch 7 training [time: 0.57s, train loss: 32.1517]
Wed 24 Apr 2024 15:40:40 INFO  epoch 7 evaluating [time: 0.40s, valid_score: 0.016200]
Wed 24 Apr 2024 15:40:40 INFO  valid result: 
recall@20 : 0.0086    mrr@20 : 0.0162    ndcg@20 : 0.0068    hit@20 : 0.0742    precision@20 : 0.0041
Wed 24 Apr 2024 15:40:41 INFO  epoch 8 training [time: 0.59s, train loss: 32.1489]
Wed 24 Apr 2024 15:40:41 INFO  epoch 8 evaluating [time: 0.42s, valid_score: 0.015300]
Wed 24 Apr 2024 15:40:41 INFO  valid result: 
recall@20 : 0.0083    mrr@20 : 0.0153    ndcg@20 : 0.0066    hit@20 : 0.0742    precision@20 : 0.0041
Wed 24 Apr 2024 15:40:42 INFO  epoch 9 training [time: 0.55s, train loss: 32.1460]
Wed 24 Apr 2024 15:40:42 INFO  epoch 9 evaluating [time: 0.40s, valid_score: 0.015600]
Wed 24 Apr 2024 15:40:42 INFO  valid result: 
recall@20 : 0.0083    mrr@20 : 0.0156    ndcg@20 : 0.0065    hit@20 : 0.0732    precision@20 : 0.004
Wed 24 Apr 2024 15:40:43 INFO  epoch 10 training [time: 0.56s, train loss: 32.1406]
Wed 24 Apr 2024 15:40:43 INFO  epoch 10 evaluating [time: 0.41s, valid_score: 0.015000]
Wed 24 Apr 2024 15:40:43 INFO  valid result: 
recall@20 : 0.0082    mrr@20 : 0.015    ndcg@20 : 0.0064    hit@20 : 0.0721    precision@20 : 0.004
Wed 24 Apr 2024 15:40:44 INFO  epoch 11 training [time: 0.55s, train loss: 32.1342]
Wed 24 Apr 2024 15:40:44 INFO  epoch 11 evaluating [time: 0.40s, valid_score: 0.014300]
Wed 24 Apr 2024 15:40:44 INFO  valid result: 
recall@20 : 0.0087    mrr@20 : 0.0143    ndcg@20 : 0.0064    hit@20 : 0.0732    precision@20 : 0.004
Wed 24 Apr 2024 15:40:45 INFO  epoch 12 training [time: 0.55s, train loss: 32.1270]
Wed 24 Apr 2024 15:40:45 INFO  epoch 12 evaluating [time: 0.43s, valid_score: 0.013600]
Wed 24 Apr 2024 15:40:45 INFO  valid result: 
recall@20 : 0.0089    mrr@20 : 0.0136    ndcg@20 : 0.0063    hit@20 : 0.07    precision@20 : 0.0038
Wed 24 Apr 2024 15:40:46 INFO  epoch 13 training [time: 0.72s, train loss: 32.1200]
Wed 24 Apr 2024 15:40:46 INFO  epoch 13 evaluating [time: 0.44s, valid_score: 0.013000]
Wed 24 Apr 2024 15:40:46 INFO  valid result: 
recall@20 : 0.0089    mrr@20 : 0.013    ndcg@20 : 0.0062    hit@20 : 0.0668    precision@20 : 0.0037
Wed 24 Apr 2024 15:40:47 INFO  epoch 14 training [time: 0.78s, train loss: 32.1137]
Wed 24 Apr 2024 15:40:48 INFO  epoch 14 evaluating [time: 0.50s, valid_score: 0.012100]
Wed 24 Apr 2024 15:40:48 INFO  valid result: 
recall@20 : 0.0082    mrr@20 : 0.0121    ndcg@20 : 0.0057    hit@20 : 0.0626    precision@20 : 0.0035
Wed 24 Apr 2024 15:40:49 INFO  epoch 15 training [time: 0.82s, train loss: 32.1080]
Wed 24 Apr 2024 15:40:49 INFO  epoch 15 evaluating [time: 0.46s, valid_score: 0.011500]
Wed 24 Apr 2024 15:40:49 INFO  valid result: 
recall@20 : 0.0084    mrr@20 : 0.0115    ndcg@20 : 0.0057    hit@20 : 0.0615    precision@20 : 0.0034
Wed 24 Apr 2024 15:40:50 INFO  epoch 16 training [time: 0.76s, train loss: 32.1006]
Wed 24 Apr 2024 15:40:50 INFO  epoch 16 evaluating [time: 0.45s, valid_score: 0.010700]
Wed 24 Apr 2024 15:40:50 INFO  valid result: 
recall@20 : 0.0085    mrr@20 : 0.0107    ndcg@20 : 0.0055    hit@20 : 0.0626    precision@20 : 0.0034
Wed 24 Apr 2024 15:40:51 INFO  epoch 17 training [time: 0.79s, train loss: 32.0951]
Wed 24 Apr 2024 15:40:51 INFO  epoch 17 evaluating [time: 0.45s, valid_score: 0.010600]
Wed 24 Apr 2024 15:40:51 INFO  valid result: 
recall@20 : 0.0085    mrr@20 : 0.0106    ndcg@20 : 0.0055    hit@20 : 0.0636    precision@20 : 0.0035
Wed 24 Apr 2024 15:40:52 INFO  epoch 18 training [time: 0.90s, train loss: 32.0901]
Wed 24 Apr 2024 15:40:53 INFO  epoch 18 evaluating [time: 0.47s, valid_score: 0.010700]
Wed 24 Apr 2024 15:40:53 INFO  valid result: 
recall@20 : 0.0083    mrr@20 : 0.0107    ndcg@20 : 0.0055    hit@20 : 0.0604    precision@20 : 0.0033
Wed 24 Apr 2024 15:40:54 INFO  epoch 19 training [time: 0.78s, train loss: 32.0849]
Wed 24 Apr 2024 15:40:54 INFO  epoch 19 evaluating [time: 0.49s, valid_score: 0.009800]
Wed 24 Apr 2024 15:40:54 INFO  valid result: 
recall@20 : 0.0083    mrr@20 : 0.0098    ndcg@20 : 0.0053    hit@20 : 0.0604    precision@20 : 0.0034
Wed 24 Apr 2024 15:40:55 INFO  epoch 20 training [time: 0.85s, train loss: 32.0798]
Wed 24 Apr 2024 15:40:55 INFO  epoch 20 evaluating [time: 0.49s, valid_score: 0.009700]
Wed 24 Apr 2024 15:40:55 INFO  valid result: 
recall@20 : 0.0081    mrr@20 : 0.0097    ndcg@20 : 0.0051    hit@20 : 0.0594    precision@20 : 0.0033
Wed 24 Apr 2024 15:40:56 INFO  epoch 21 training [time: 0.87s, train loss: 32.0748]
Wed 24 Apr 2024 15:40:57 INFO  epoch 21 evaluating [time: 0.49s, valid_score: 0.009700]
Wed 24 Apr 2024 15:40:57 INFO  valid result: 
recall@20 : 0.0076    mrr@20 : 0.0097    ndcg@20 : 0.0049    hit@20 : 0.0562    precision@20 : 0.0031
Wed 24 Apr 2024 15:40:58 INFO  epoch 22 training [time: 0.76s, train loss: 32.0695]
Wed 24 Apr 2024 15:40:58 INFO  epoch 22 evaluating [time: 0.49s, valid_score: 0.009700]
Wed 24 Apr 2024 15:40:58 INFO  valid result: 
recall@20 : 0.0075    mrr@20 : 0.0097    ndcg@20 : 0.0049    hit@20 : 0.0583    precision@20 : 0.0032
Wed 24 Apr 2024 15:40:59 INFO  epoch 23 training [time: 0.80s, train loss: 32.0646]
Wed 24 Apr 2024 15:40:59 INFO  epoch 23 evaluating [time: 0.50s, valid_score: 0.009400]
Wed 24 Apr 2024 15:40:59 INFO  valid result: 
recall@20 : 0.0072    mrr@20 : 0.0094    ndcg@20 : 0.0047    hit@20 : 0.0573    precision@20 : 0.0031
Wed 24 Apr 2024 15:41:00 INFO  epoch 24 training [time: 0.94s, train loss: 32.0604]
Wed 24 Apr 2024 15:41:01 INFO  epoch 24 evaluating [time: 0.45s, valid_score: 0.009300]
Wed 24 Apr 2024 15:41:01 INFO  valid result: 
recall@20 : 0.0071    mrr@20 : 0.0093    ndcg@20 : 0.0047    hit@20 : 0.0562    precision@20 : 0.0031
Wed 24 Apr 2024 15:41:02 INFO  epoch 25 training [time: 0.83s, train loss: 32.0554]
Wed 24 Apr 2024 15:41:02 INFO  epoch 25 evaluating [time: 0.46s, valid_score: 0.009100]
Wed 24 Apr 2024 15:41:02 INFO  valid result: 
recall@20 : 0.0069    mrr@20 : 0.0091    ndcg@20 : 0.0046    hit@20 : 0.0562    precision@20 : 0.0031
Wed 24 Apr 2024 15:41:03 INFO  epoch 26 training [time: 0.87s, train loss: 32.0503]
Wed 24 Apr 2024 15:41:03 INFO  epoch 26 evaluating [time: 0.47s, valid_score: 0.009400]
Wed 24 Apr 2024 15:41:03 INFO  valid result: 
recall@20 : 0.0066    mrr@20 : 0.0094    ndcg@20 : 0.0046    hit@20 : 0.0594    precision@20 : 0.0033
Wed 24 Apr 2024 15:41:04 INFO  epoch 27 training [time: 0.79s, train loss: 32.0463]
Wed 24 Apr 2024 15:41:05 INFO  epoch 27 evaluating [time: 0.46s, valid_score: 0.009100]
Wed 24 Apr 2024 15:41:05 INFO  valid result: 
recall@20 : 0.0069    mrr@20 : 0.0091    ndcg@20 : 0.0047    hit@20 : 0.0594    precision@20 : 0.0033
Wed 24 Apr 2024 15:41:05 INFO  epoch 28 training [time: 0.79s, train loss: 32.0421]
Wed 24 Apr 2024 15:41:06 INFO  epoch 28 evaluating [time: 0.47s, valid_score: 0.009000]
Wed 24 Apr 2024 15:41:06 INFO  valid result: 
recall@20 : 0.0068    mrr@20 : 0.009    ndcg@20 : 0.0046    hit@20 : 0.0583    precision@20 : 0.0032
Wed 24 Apr 2024 15:41:07 INFO  epoch 29 training [time: 0.78s, train loss: 32.0368]
Wed 24 Apr 2024 15:41:07 INFO  epoch 29 evaluating [time: 0.46s, valid_score: 0.009100]
Wed 24 Apr 2024 15:41:07 INFO  valid result: 
recall@20 : 0.007    mrr@20 : 0.0091    ndcg@20 : 0.0047    hit@20 : 0.0594    precision@20 : 0.0032
Wed 24 Apr 2024 15:41:08 INFO  epoch 30 training [time: 0.78s, train loss: 32.0337]
Wed 24 Apr 2024 15:41:08 INFO  epoch 30 evaluating [time: 0.47s, valid_score: 0.009400]
Wed 24 Apr 2024 15:41:08 INFO  valid result: 
recall@20 : 0.007    mrr@20 : 0.0094    ndcg@20 : 0.0048    hit@20 : 0.0594    precision@20 : 0.0032
Wed 24 Apr 2024 15:41:09 INFO  epoch 31 training [time: 0.85s, train loss: 32.0298]
Wed 24 Apr 2024 15:41:10 INFO  epoch 31 evaluating [time: 0.47s, valid_score: 0.008900]
Wed 24 Apr 2024 15:41:10 INFO  valid result: 
recall@20 : 0.0065    mrr@20 : 0.0089    ndcg@20 : 0.0044    hit@20 : 0.0551    precision@20 : 0.003
Wed 24 Apr 2024 15:41:10 INFO  epoch 32 training [time: 0.81s, train loss: 32.0250]
Wed 24 Apr 2024 15:41:11 INFO  epoch 32 evaluating [time: 0.49s, valid_score: 0.009900]
Wed 24 Apr 2024 15:41:11 INFO  valid result: 
recall@20 : 0.0067    mrr@20 : 0.0099    ndcg@20 : 0.0047    hit@20 : 0.0594    precision@20 : 0.0032
Wed 24 Apr 2024 15:41:12 INFO  epoch 33 training [time: 0.78s, train loss: 32.0206]
Wed 24 Apr 2024 15:41:12 INFO  epoch 33 evaluating [time: 0.47s, valid_score: 0.010200]
Wed 24 Apr 2024 15:41:12 INFO  valid result: 
recall@20 : 0.0069    mrr@20 : 0.0102    ndcg@20 : 0.0049    hit@20 : 0.0636    precision@20 : 0.0035
Wed 24 Apr 2024 15:41:13 INFO  epoch 34 training [time: 0.97s, train loss: 32.0172]
Wed 24 Apr 2024 15:41:14 INFO  epoch 34 evaluating [time: 0.48s, valid_score: 0.010400]
Wed 24 Apr 2024 15:41:14 INFO  valid result: 
recall@20 : 0.0067    mrr@20 : 0.0104    ndcg@20 : 0.0048    hit@20 : 0.0626    precision@20 : 0.0034
Wed 24 Apr 2024 15:41:15 INFO  epoch 35 training [time: 0.89s, train loss: 32.0146]
Wed 24 Apr 2024 15:41:15 INFO  epoch 35 evaluating [time: 0.50s, valid_score: 0.010600]
Wed 24 Apr 2024 15:41:15 INFO  valid result: 
recall@20 : 0.0068    mrr@20 : 0.0106    ndcg@20 : 0.0049    hit@20 : 0.0647    precision@20 : 0.0035
Wed 24 Apr 2024 15:41:16 INFO  epoch 36 training [time: 0.83s, train loss: 32.0097]
Wed 24 Apr 2024 15:41:16 INFO  epoch 36 evaluating [time: 0.47s, valid_score: 0.011100]
Wed 24 Apr 2024 15:41:16 INFO  valid result: 
recall@20 : 0.0072    mrr@20 : 0.0111    ndcg@20 : 0.0052    hit@20 : 0.0721    precision@20 : 0.0039
Wed 24 Apr 2024 15:41:17 INFO  epoch 37 training [time: 0.79s, train loss: 32.0064]
Wed 24 Apr 2024 15:41:18 INFO  epoch 37 evaluating [time: 0.49s, valid_score: 0.011900]
Wed 24 Apr 2024 15:41:18 INFO  valid result: 
recall@20 : 0.0072    mrr@20 : 0.0119    ndcg@20 : 0.0053    hit@20 : 0.0721    precision@20 : 0.0039
Wed 24 Apr 2024 15:41:19 INFO  epoch 38 training [time: 0.88s, train loss: 32.0033]
Wed 24 Apr 2024 15:41:19 INFO  epoch 38 evaluating [time: 0.47s, valid_score: 0.012700]
Wed 24 Apr 2024 15:41:19 INFO  valid result: 
recall@20 : 0.0074    mrr@20 : 0.0127    ndcg@20 : 0.0057    hit@20 : 0.0795    precision@20 : 0.0045
Wed 24 Apr 2024 15:41:20 INFO  epoch 39 training [time: 0.82s, train loss: 31.9987]
Wed 24 Apr 2024 15:41:20 INFO  epoch 39 evaluating [time: 0.46s, valid_score: 0.013400]
Wed 24 Apr 2024 15:41:20 INFO  valid result: 
recall@20 : 0.0069    mrr@20 : 0.0134    ndcg@20 : 0.0056    hit@20 : 0.0795    precision@20 : 0.0044
Wed 24 Apr 2024 15:41:21 INFO  epoch 40 training [time: 0.89s, train loss: 31.9961]
Wed 24 Apr 2024 15:41:22 INFO  epoch 40 evaluating [time: 0.48s, valid_score: 0.013900]
Wed 24 Apr 2024 15:41:22 INFO  valid result: 
recall@20 : 0.0065    mrr@20 : 0.0139    ndcg@20 : 0.0056    hit@20 : 0.0753    precision@20 : 0.0042
Wed 24 Apr 2024 15:41:22 INFO  epoch 41 training [time: 0.80s, train loss: 31.9913]
Wed 24 Apr 2024 15:41:23 INFO  epoch 41 evaluating [time: 0.46s, valid_score: 0.014500]
Wed 24 Apr 2024 15:41:23 INFO  valid result: 
recall@20 : 0.0068    mrr@20 : 0.0145    ndcg@20 : 0.0058    hit@20 : 0.0827    precision@20 : 0.0046
Wed 24 Apr 2024 15:41:24 INFO  epoch 42 training [time: 0.82s, train loss: 31.9883]
Wed 24 Apr 2024 15:41:24 INFO  epoch 42 evaluating [time: 0.49s, valid_score: 0.014400]
Wed 24 Apr 2024 15:41:24 INFO  valid result: 
recall@20 : 0.0058    mrr@20 : 0.0144    ndcg@20 : 0.0057    hit@20 : 0.0838    precision@20 : 0.0047
Wed 24 Apr 2024 15:41:25 INFO  epoch 43 training [time: 0.81s, train loss: 31.9846]
Wed 24 Apr 2024 15:41:26 INFO  epoch 43 evaluating [time: 0.48s, valid_score: 0.014500]
Wed 24 Apr 2024 15:41:26 INFO  valid result: 
recall@20 : 0.0059    mrr@20 : 0.0145    ndcg@20 : 0.0058    hit@20 : 0.0838    precision@20 : 0.0049
Wed 24 Apr 2024 15:41:26 INFO  epoch 44 training [time: 0.83s, train loss: 31.9820]
Wed 24 Apr 2024 15:41:27 INFO  epoch 44 evaluating [time: 0.49s, valid_score: 0.015300]
Wed 24 Apr 2024 15:41:27 INFO  valid result: 
recall@20 : 0.0058    mrr@20 : 0.0153    ndcg@20 : 0.0059    hit@20 : 0.0859    precision@20 : 0.0051
Wed 24 Apr 2024 15:41:28 INFO  epoch 45 training [time: 0.97s, train loss: 31.9769]
Wed 24 Apr 2024 15:41:28 INFO  epoch 45 evaluating [time: 0.46s, valid_score: 0.015900]
Wed 24 Apr 2024 15:41:28 INFO  valid result: 
recall@20 : 0.0061    mrr@20 : 0.0159    ndcg@20 : 0.0062    hit@20 : 0.0901    precision@20 : 0.0055
Wed 24 Apr 2024 15:41:29 INFO  epoch 46 training [time: 0.87s, train loss: 31.9734]
Wed 24 Apr 2024 15:41:30 INFO  epoch 46 evaluating [time: 0.46s, valid_score: 0.017500]
Wed 24 Apr 2024 15:41:30 INFO  valid result: 
recall@20 : 0.006    mrr@20 : 0.0175    ndcg@20 : 0.0064    hit@20 : 0.0912    precision@20 : 0.0056
Wed 24 Apr 2024 15:41:30 INFO  epoch 47 training [time: 0.84s, train loss: 31.9695]
Wed 24 Apr 2024 15:41:31 INFO  epoch 47 evaluating [time: 0.48s, valid_score: 0.018600]
Wed 24 Apr 2024 15:41:31 INFO  valid result: 
recall@20 : 0.0062    mrr@20 : 0.0186    ndcg@20 : 0.0069    hit@20 : 0.0912    precision@20 : 0.006
Wed 24 Apr 2024 15:41:32 INFO  epoch 48 training [time: 0.86s, train loss: 31.9649]
Wed 24 Apr 2024 15:41:32 INFO  epoch 48 evaluating [time: 0.46s, valid_score: 0.019800]
Wed 24 Apr 2024 15:41:32 INFO  valid result: 
recall@20 : 0.0064    mrr@20 : 0.0198    ndcg@20 : 0.0072    hit@20 : 0.0901    precision@20 : 0.0062
Wed 24 Apr 2024 15:41:33 INFO  epoch 49 training [time: 0.89s, train loss: 31.9617]
Wed 24 Apr 2024 15:41:34 INFO  epoch 49 evaluating [time: 0.48s, valid_score: 0.019700]
Wed 24 Apr 2024 15:41:34 INFO  valid result: 
recall@20 : 0.0066    mrr@20 : 0.0197    ndcg@20 : 0.0074    hit@20 : 0.0933    precision@20 : 0.0067
Wed 24 Apr 2024 15:41:35 INFO  epoch 50 training [time: 0.90s, train loss: 31.9567]
Wed 24 Apr 2024 15:41:35 INFO  epoch 50 evaluating [time: 0.47s, valid_score: 0.020600]
Wed 24 Apr 2024 15:41:35 INFO  valid result: 
recall@20 : 0.0069    mrr@20 : 0.0206    ndcg@20 : 0.0079    hit@20 : 0.0976    precision@20 : 0.0071
Wed 24 Apr 2024 15:41:36 INFO  epoch 51 training [time: 0.86s, train loss: 31.9528]
Wed 24 Apr 2024 15:41:36 INFO  epoch 51 evaluating [time: 0.47s, valid_score: 0.021400]
Wed 24 Apr 2024 15:41:36 INFO  valid result: 
recall@20 : 0.0071    mrr@20 : 0.0214    ndcg@20 : 0.0082    hit@20 : 0.1007    precision@20 : 0.0074
Wed 24 Apr 2024 15:41:37 INFO  epoch 52 training [time: 0.94s, train loss: 31.9475]
Wed 24 Apr 2024 15:41:38 INFO  epoch 52 evaluating [time: 0.48s, valid_score: 0.022000]
Wed 24 Apr 2024 15:41:38 INFO  valid result: 
recall@20 : 0.0073    mrr@20 : 0.022    ndcg@20 : 0.0085    hit@20 : 0.1018    precision@20 : 0.0076
Wed 24 Apr 2024 15:41:39 INFO  epoch 53 training [time: 0.89s, train loss: 31.9422]
Wed 24 Apr 2024 15:41:39 INFO  epoch 53 evaluating [time: 0.48s, valid_score: 0.022600]
Wed 24 Apr 2024 15:41:39 INFO  valid result: 
recall@20 : 0.0074    mrr@20 : 0.0226    ndcg@20 : 0.0088    hit@20 : 0.1039    precision@20 : 0.008
