Thu 18 Apr 2024 15:11:40 INFO  ['run_recbole.py', '--model=ANS', '--dataset=ml-100k']
Thu 18 Apr 2024 15:11:40 INFO  
General Hyper Parameters:
gpu_id = 0
use_gpu = True
seed = 2020
state = INFO
reproducibility = True
data_path = /home/simeon/Git_Repositories/ANS-Recbole/recbole/config/../dataset_example/ml-100k
checkpoint_dir = saved
show_progress = True
save_dataset = False
dataset_save_path = None
save_dataloaders = False
dataloaders_save_path = None
log_wandb = False

Training Hyper Parameters:
epochs = 500
train_batch_size = 1024
learner = adam
learning_rate = 0.001
train_neg_sample_args = {'distribution': 'uniform', 'sample_num': 1, 'alpha': 1.0, 'dynamic': False, 'candidate_num': 0}
eval_step = 1
stopping_step = 100
clip_grad_norm = None
weight_decay = 0.0
loss_decimal_place = 4

Evaluation Hyper Parameters:
eval_args = {'split': {'RS': [0.8, 0.1, 0.1]}, 'group_by': 'user', 'order': 'RO', 'mode': 'full'}
repeatable = False
metrics = ['Recall', 'MRR', 'NDCG', 'Hit', 'Precision']
topk = [20]
valid_metric = MRR@20
valid_metric_bigger = True
eval_batch_size = 4096
metric_decimal_place = 4

Dataset Hyper Parameters:
field_separator = 	
seq_separator =  
USER_ID_FIELD = user_id
ITEM_ID_FIELD = item_id
RATING_FIELD = rating
TIME_FIELD = timestamp
seq_len = None
LABEL_FIELD = label
threshold = None
NEG_PREFIX = neg_
load_col = {'inter': ['user_id', 'item_id', 'rating', 'timestamp']}
unload_col = None
unused_col = None
additional_feat_suffix = None
rm_dup_inter = None
val_interval = None
filter_inter_by_user_or_item = True
user_inter_num_interval = None
item_inter_num_interval = None
alias_of_user_id = None
alias_of_item_id = None
alias_of_entity_id = None
alias_of_relation_id = None
preload_weight = None
normalize_field = None
normalize_all = True
ITEM_LIST_LENGTH_FIELD = item_length
LIST_SUFFIX = _list
MAX_ITEM_LIST_LENGTH = 50
POSITION_FIELD = position_id
HEAD_ENTITY_ID_FIELD = head_id
TAIL_ENTITY_ID_FIELD = tail_id
RELATION_ID_FIELD = relation_id
ENTITY_ID_FIELD = entity_id
kg_reverse_r = False
entity_kg_num_interval = None
relation_kg_num_interval = None
benchmark_filename = None

Other Hyper Parameters: 
worker = 0
wandb_project = recbole
shuffle = True
require_pow = False
enable_amp = False
enable_scaler = False
transform = None
embedding_size = 64
n_layers = 3
reg_weight = 0.0001
eps = 0.3
gamma = 0.15
numerical_features = []
discretization = None
MODEL_TYPE = ModelType.GENERAL
MODEL_INPUT_TYPE = InputType.PAIRWISE
eval_type = EvaluatorType.RANKING
single_spec = True
local_rank = 0
device = cuda
eval_neg_sample_args = {'distribution': 'uniform', 'sample_num': 'none'}


Thu 18 Apr 2024 15:11:40 INFO  ml-100k
The number of users: 944
Average actions of users: 106.04453870625663
The number of items: 1683
Average actions of items: 59.45303210463734
The number of inters: 100000
The sparsity of the dataset: 93.70575143257098%
Remain Fields: ['user_id', 'item_id', 'rating', 'timestamp']
Thu 18 Apr 2024 15:11:41 INFO  [Training]: train_batch_size = [1024] train_neg_sample_args: [{'distribution': 'uniform', 'sample_num': 1, 'alpha': 1.0, 'dynamic': False, 'candidate_num': 0}]
Thu 18 Apr 2024 15:11:41 INFO  [Evaluation]: eval_batch_size = [4096] eval_args: [{'split': {'RS': [0.8, 0.1, 0.1]}, 'group_by': 'user', 'order': 'RO', 'mode': 'full'}]
Thu 18 Apr 2024 15:11:42 INFO  ANS(
  (user_embedding): Embedding(944, 64)
  (item_embedding): Embedding(1683, 64)
  (mf_loss): BPRLoss()
  (reg_loss): EmbLoss()
  (user_gate): Linear(in_features=64, out_features=64, bias=True)
  (item_gate): Linear(in_features=64, out_features=64, bias=True)
  (pos_gate): Linear(in_features=64, out_features=64, bias=True)
  (neg_gate): Linear(in_features=64, out_features=64, bias=True)
  (hard_gate): Linear(in_features=64, out_features=64, bias=True)
  (conf_gate): Linear(in_features=64, out_features=64, bias=True)
  (easy_gate): Linear(in_features=64, out_features=64, bias=True)
  (margin_model): Linear(in_features=64, out_features=1, bias=True)
)
Trainable parameters: 197313
Thu 18 Apr 2024 15:11:42 INFO  FLOPs: 0.0
Thu 18 Apr 2024 15:11:44 INFO  epoch 0 training [time: 1.56s, train loss: 63.5789]
Thu 18 Apr 2024 15:11:45 INFO  epoch 0 evaluating [time: 0.45s, valid_score: 0.012900]
Thu 18 Apr 2024 15:11:45 INFO  valid result: 
recall@20 : 0.0046    mrr@20 : 0.0129    ndcg@20 : 0.0045    hit@20 : 0.0657    precision@20 : 0.0036
Thu 18 Apr 2024 15:11:45 INFO  Saving current: saved/ANS-Apr-18-2024_15-11-42.pth
Thu 18 Apr 2024 15:11:46 INFO  epoch 1 training [time: 1.01s, train loss: 63.3890]
Thu 18 Apr 2024 15:11:46 INFO  epoch 1 evaluating [time: 0.42s, valid_score: 0.011400]
Thu 18 Apr 2024 15:11:46 INFO  valid result: 
recall@20 : 0.0033    mrr@20 : 0.0114    ndcg@20 : 0.0035    hit@20 : 0.0541    precision@20 : 0.0029
Thu 18 Apr 2024 15:11:47 INFO  epoch 2 training [time: 1.01s, train loss: 63.2688]
Thu 18 Apr 2024 15:11:48 INFO  epoch 2 evaluating [time: 0.42s, valid_score: 0.015000]
Thu 18 Apr 2024 15:11:48 INFO  valid result: 
recall@20 : 0.005    mrr@20 : 0.015    ndcg@20 : 0.0049    hit@20 : 0.071    precision@20 : 0.0038
Thu 18 Apr 2024 15:11:48 INFO  Saving current: saved/ANS-Apr-18-2024_15-11-42.pth
Thu 18 Apr 2024 15:11:49 INFO  epoch 3 training [time: 1.00s, train loss: 63.1459]
Thu 18 Apr 2024 15:11:49 INFO  epoch 3 evaluating [time: 0.43s, valid_score: 0.026800]
Thu 18 Apr 2024 15:11:49 INFO  valid result: 
recall@20 : 0.0078    mrr@20 : 0.0268    ndcg@20 : 0.0093    hit@20 : 0.1113    precision@20 : 0.0079
Thu 18 Apr 2024 15:11:49 INFO  Saving current: saved/ANS-Apr-18-2024_15-11-42.pth
Thu 18 Apr 2024 15:11:50 INFO  epoch 4 training [time: 1.12s, train loss: 62.9008]
Thu 18 Apr 2024 15:11:51 INFO  epoch 4 evaluating [time: 0.42s, valid_score: 0.044500]
Thu 18 Apr 2024 15:11:51 INFO  valid result: 
recall@20 : 0.014    mrr@20 : 0.0445    ndcg@20 : 0.0182    hit@20 : 0.1697    precision@20 : 0.0172
Thu 18 Apr 2024 15:11:51 INFO  Saving current: saved/ANS-Apr-18-2024_15-11-42.pth
Thu 18 Apr 2024 15:11:52 INFO  epoch 5 training [time: 1.07s, train loss: 60.4398]
Thu 18 Apr 2024 15:11:52 INFO  epoch 5 evaluating [time: 0.43s, valid_score: 0.087500]
Thu 18 Apr 2024 15:11:52 INFO  valid result: 
recall@20 : 0.0434    mrr@20 : 0.0875    ndcg@20 : 0.0429    hit@20 : 0.3192    precision@20 : 0.0366
Thu 18 Apr 2024 15:11:52 INFO  Saving current: saved/ANS-Apr-18-2024_15-11-42.pth
Thu 18 Apr 2024 15:11:53 INFO  epoch 6 training [time: 1.09s, train loss: 42.8638]
Thu 18 Apr 2024 15:11:54 INFO  epoch 6 evaluating [time: 0.42s, valid_score: 0.141600]
Thu 18 Apr 2024 15:11:54 INFO  valid result: 
recall@20 : 0.0871    mrr@20 : 0.1416    ndcg@20 : 0.0775    hit@20 : 0.4539    precision@20 : 0.0593
Thu 18 Apr 2024 15:11:54 INFO  Saving current: saved/ANS-Apr-18-2024_15-11-42.pth
Thu 18 Apr 2024 15:11:55 INFO  epoch 7 training [time: 1.12s, train loss: 38.3236]
Thu 18 Apr 2024 15:11:55 INFO  epoch 7 evaluating [time: 0.47s, valid_score: 0.209900]
Thu 18 Apr 2024 15:11:55 INFO  valid result: 
recall@20 : 0.137    mrr@20 : 0.2099    ndcg@20 : 0.1156    hit@20 : 0.579    precision@20 : 0.0705
Thu 18 Apr 2024 15:11:55 INFO  Saving current: saved/ANS-Apr-18-2024_15-11-42.pth
Thu 18 Apr 2024 15:11:56 INFO  epoch 8 training [time: 1.05s, train loss: 37.2726]
Thu 18 Apr 2024 15:11:57 INFO  epoch 8 evaluating [time: 0.43s, valid_score: 0.261700]
Thu 18 Apr 2024 15:11:57 INFO  valid result: 
recall@20 : 0.2163    mrr@20 : 0.2617    ndcg@20 : 0.165    hit@20 : 0.7413    precision@20 : 0.0867
Thu 18 Apr 2024 15:11:57 INFO  Saving current: saved/ANS-Apr-18-2024_15-11-42.pth
Thu 18 Apr 2024 15:11:58 INFO  epoch 9 training [time: 1.09s, train loss: 35.3826]
Thu 18 Apr 2024 15:11:58 INFO  epoch 9 evaluating [time: 0.43s, valid_score: 0.257400]
Thu 18 Apr 2024 15:11:58 INFO  valid result: 
recall@20 : 0.2209    mrr@20 : 0.2574    ndcg@20 : 0.1654    hit@20 : 0.7381    precision@20 : 0.0915
Thu 18 Apr 2024 15:11:59 INFO  epoch 10 training [time: 1.13s, train loss: 33.6917]
Thu 18 Apr 2024 15:12:00 INFO  epoch 10 evaluating [time: 0.42s, valid_score: 0.256100]
Thu 18 Apr 2024 15:12:00 INFO  valid result: 
recall@20 : 0.2166    mrr@20 : 0.2561    ndcg@20 : 0.1612    hit@20 : 0.7222    precision@20 : 0.0898
Thu 18 Apr 2024 15:12:01 INFO  epoch 11 training [time: 1.07s, train loss: 32.2884]
Thu 18 Apr 2024 15:12:01 INFO  epoch 11 evaluating [time: 0.43s, valid_score: 0.257100]
Thu 18 Apr 2024 15:12:01 INFO  valid result: 
recall@20 : 0.2158    mrr@20 : 0.2571    ndcg@20 : 0.1616    hit@20 : 0.7328    precision@20 : 0.0892
Thu 18 Apr 2024 15:12:02 INFO  epoch 12 training [time: 1.06s, train loss: 31.0982]
Thu 18 Apr 2024 15:12:03 INFO  epoch 12 evaluating [time: 0.42s, valid_score: 0.261800]
Thu 18 Apr 2024 15:12:03 INFO  valid result: 
recall@20 : 0.214    mrr@20 : 0.2618    ndcg@20 : 0.1612    hit@20 : 0.7285    precision@20 : 0.0872
Thu 18 Apr 2024 15:12:03 INFO  Saving current: saved/ANS-Apr-18-2024_15-11-42.pth
Thu 18 Apr 2024 15:12:04 INFO  epoch 13 training [time: 1.09s, train loss: 30.5358]
Thu 18 Apr 2024 15:12:04 INFO  epoch 13 evaluating [time: 0.43s, valid_score: 0.251400]
Thu 18 Apr 2024 15:12:04 INFO  valid result: 
recall@20 : 0.2207    mrr@20 : 0.2514    ndcg@20 : 0.162    hit@20 : 0.7338    precision@20 : 0.0881
Thu 18 Apr 2024 15:12:06 INFO  epoch 14 training [time: 1.09s, train loss: 30.0433]
Thu 18 Apr 2024 15:12:06 INFO  epoch 14 evaluating [time: 0.44s, valid_score: 0.257400]
Thu 18 Apr 2024 15:12:06 INFO  valid result: 
recall@20 : 0.2171    mrr@20 : 0.2574    ndcg@20 : 0.1599    hit@20 : 0.7381    precision@20 : 0.0864
Thu 18 Apr 2024 15:12:07 INFO  epoch 15 training [time: 1.15s, train loss: 29.2988]
Thu 18 Apr 2024 15:12:08 INFO  epoch 15 evaluating [time: 0.42s, valid_score: 0.250300]
Thu 18 Apr 2024 15:12:08 INFO  valid result: 
recall@20 : 0.2218    mrr@20 : 0.2503    ndcg@20 : 0.1608    hit@20 : 0.7455    precision@20 : 0.0865
Thu 18 Apr 2024 15:12:09 INFO  epoch 16 training [time: 1.12s, train loss: 28.8637]
Thu 18 Apr 2024 15:12:09 INFO  epoch 16 evaluating [time: 0.42s, valid_score: 0.261200]
Thu 18 Apr 2024 15:12:09 INFO  valid result: 
recall@20 : 0.2179    mrr@20 : 0.2612    ndcg@20 : 0.1615    hit@20 : 0.7434    precision@20 : 0.0857
Thu 18 Apr 2024 15:12:10 INFO  epoch 17 training [time: 1.08s, train loss: 28.6842]
Thu 18 Apr 2024 15:12:11 INFO  epoch 17 evaluating [time: 0.43s, valid_score: 0.246800]
Thu 18 Apr 2024 15:12:11 INFO  valid result: 
recall@20 : 0.2155    mrr@20 : 0.2468    ndcg@20 : 0.1562    hit@20 : 0.7359    precision@20 : 0.085
Thu 18 Apr 2024 15:12:12 INFO  epoch 18 training [time: 1.14s, train loss: 28.4403]
Thu 18 Apr 2024 15:12:12 INFO  epoch 18 evaluating [time: 0.43s, valid_score: 0.248200]
Thu 18 Apr 2024 15:12:12 INFO  valid result: 
recall@20 : 0.2124    mrr@20 : 0.2482    ndcg@20 : 0.1537    hit@20 : 0.7391    precision@20 : 0.0834
Thu 18 Apr 2024 15:12:13 INFO  epoch 19 training [time: 0.93s, train loss: 28.2262]
Thu 18 Apr 2024 15:12:14 INFO  epoch 19 evaluating [time: 0.45s, valid_score: 0.253600]
Thu 18 Apr 2024 15:12:14 INFO  valid result: 
recall@20 : 0.2156    mrr@20 : 0.2536    ndcg@20 : 0.1563    hit@20 : 0.7497    precision@20 : 0.084
Thu 18 Apr 2024 15:12:15 INFO  epoch 20 training [time: 1.05s, train loss: 28.0473]
Thu 18 Apr 2024 15:12:15 INFO  epoch 20 evaluating [time: 0.45s, valid_score: 0.249000]
Thu 18 Apr 2024 15:12:15 INFO  valid result: 
recall@20 : 0.2109    mrr@20 : 0.249    ndcg@20 : 0.1514    hit@20 : 0.7349    precision@20 : 0.0821
Thu 18 Apr 2024 15:12:16 INFO  epoch 21 training [time: 0.91s, train loss: 27.8125]
Thu 18 Apr 2024 15:12:16 INFO  epoch 21 evaluating [time: 0.43s, valid_score: 0.249900]
Thu 18 Apr 2024 15:12:16 INFO  valid result: 
recall@20 : 0.2104    mrr@20 : 0.2499    ndcg@20 : 0.1522    hit@20 : 0.7497    precision@20 : 0.081
Thu 18 Apr 2024 15:12:17 INFO  epoch 22 training [time: 0.97s, train loss: 27.5885]
Thu 18 Apr 2024 15:12:18 INFO  epoch 22 evaluating [time: 0.42s, valid_score: 0.239300]
Thu 18 Apr 2024 15:12:18 INFO  valid result: 
recall@20 : 0.2095    mrr@20 : 0.2393    ndcg@20 : 0.149    hit@20 : 0.7444    precision@20 : 0.0804
Thu 18 Apr 2024 15:12:19 INFO  epoch 23 training [time: 1.01s, train loss: 27.3734]
Thu 18 Apr 2024 15:12:19 INFO  epoch 23 evaluating [time: 0.43s, valid_score: 0.239200]
Thu 18 Apr 2024 15:12:19 INFO  valid result: 
recall@20 : 0.2124    mrr@20 : 0.2392    ndcg@20 : 0.1502    hit@20 : 0.7444    precision@20 : 0.0813
Thu 18 Apr 2024 15:12:20 INFO  epoch 24 training [time: 0.89s, train loss: 27.1998]
Thu 18 Apr 2024 15:12:21 INFO  epoch 24 evaluating [time: 0.43s, valid_score: 0.236900]
Thu 18 Apr 2024 15:12:21 INFO  valid result: 
recall@20 : 0.2062    mrr@20 : 0.2369    ndcg@20 : 0.1464    hit@20 : 0.7391    precision@20 : 0.0795
Thu 18 Apr 2024 15:12:21 INFO  epoch 25 training [time: 0.90s, train loss: 27.2134]
Thu 18 Apr 2024 15:12:22 INFO  epoch 25 evaluating [time: 0.43s, valid_score: 0.227200]
Thu 18 Apr 2024 15:12:22 INFO  valid result: 
recall@20 : 0.2092    mrr@20 : 0.2272    ndcg@20 : 0.1457    hit@20 : 0.737    precision@20 : 0.0798
Thu 18 Apr 2024 15:12:23 INFO  epoch 26 training [time: 0.96s, train loss: 26.8443]
Thu 18 Apr 2024 15:12:23 INFO  epoch 26 evaluating [time: 0.43s, valid_score: 0.229100]
Thu 18 Apr 2024 15:12:23 INFO  valid result: 
recall@20 : 0.2096    mrr@20 : 0.2291    ndcg@20 : 0.1467    hit@20 : 0.7487    precision@20 : 0.0803
Thu 18 Apr 2024 15:12:24 INFO  epoch 27 training [time: 0.96s, train loss: 26.9662]
Thu 18 Apr 2024 15:12:25 INFO  epoch 27 evaluating [time: 0.44s, valid_score: 0.229000]
Thu 18 Apr 2024 15:12:25 INFO  valid result: 
recall@20 : 0.2125    mrr@20 : 0.229    ndcg@20 : 0.1483    hit@20 : 0.7508    precision@20 : 0.0807
Thu 18 Apr 2024 15:12:26 INFO  epoch 28 training [time: 0.95s, train loss: 26.5629]
Thu 18 Apr 2024 15:12:26 INFO  epoch 28 evaluating [time: 0.43s, valid_score: 0.227500]
Thu 18 Apr 2024 15:12:26 INFO  valid result: 
recall@20 : 0.2042    mrr@20 : 0.2275    ndcg@20 : 0.1462    hit@20 : 0.7338    precision@20 : 0.0794
Thu 18 Apr 2024 15:12:27 INFO  epoch 29 training [time: 0.95s, train loss: 26.3922]
Thu 18 Apr 2024 15:12:27 INFO  epoch 29 evaluating [time: 0.45s, valid_score: 0.233600]
Thu 18 Apr 2024 15:12:27 INFO  valid result: 
recall@20 : 0.2092    mrr@20 : 0.2336    ndcg@20 : 0.1495    hit@20 : 0.7359    precision@20 : 0.0802
Thu 18 Apr 2024 15:12:28 INFO  epoch 30 training [time: 0.98s, train loss: 26.1812]
Thu 18 Apr 2024 15:12:29 INFO  epoch 30 evaluating [time: 0.43s, valid_score: 0.233600]
Thu 18 Apr 2024 15:12:29 INFO  valid result: 
recall@20 : 0.2092    mrr@20 : 0.2336    ndcg@20 : 0.1508    hit@20 : 0.7391    precision@20 : 0.0809
Thu 18 Apr 2024 15:12:30 INFO  epoch 31 training [time: 0.96s, train loss: 26.2088]
Thu 18 Apr 2024 15:12:30 INFO  epoch 31 evaluating [time: 0.44s, valid_score: 0.230000]
Thu 18 Apr 2024 15:12:30 INFO  valid result: 
recall@20 : 0.2076    mrr@20 : 0.23    ndcg@20 : 0.1482    hit@20 : 0.7391    precision@20 : 0.0799
Thu 18 Apr 2024 15:12:31 INFO  epoch 32 training [time: 0.94s, train loss: 25.9656]
Thu 18 Apr 2024 15:12:32 INFO  epoch 32 evaluating [time: 0.44s, valid_score: 0.231700]
Thu 18 Apr 2024 15:12:32 INFO  valid result: 
recall@20 : 0.2081    mrr@20 : 0.2317    ndcg@20 : 0.1495    hit@20 : 0.7338    precision@20 : 0.0795
Thu 18 Apr 2024 15:12:33 INFO  epoch 33 training [time: 1.00s, train loss: 25.7882]
Thu 18 Apr 2024 15:12:33 INFO  epoch 33 evaluating [time: 0.44s, valid_score: 0.231300]
Thu 18 Apr 2024 15:12:33 INFO  valid result: 
recall@20 : 0.2105    mrr@20 : 0.2313    ndcg@20 : 0.1493    hit@20 : 0.7349    precision@20 : 0.0793
Thu 18 Apr 2024 15:12:34 INFO  epoch 34 training [time: 0.95s, train loss: 25.6827]
Thu 18 Apr 2024 15:12:34 INFO  epoch 34 evaluating [time: 0.43s, valid_score: 0.234300]
Thu 18 Apr 2024 15:12:34 INFO  valid result: 
recall@20 : 0.2076    mrr@20 : 0.2343    ndcg@20 : 0.1488    hit@20 : 0.7306    precision@20 : 0.0786
Thu 18 Apr 2024 15:12:36 INFO  epoch 35 training [time: 1.10s, train loss: 25.3532]
Thu 18 Apr 2024 15:12:36 INFO  epoch 35 evaluating [time: 0.43s, valid_score: 0.232200]
Thu 18 Apr 2024 15:12:36 INFO  valid result: 
recall@20 : 0.2033    mrr@20 : 0.2322    ndcg@20 : 0.1464    hit@20 : 0.7222    precision@20 : 0.0776
Thu 18 Apr 2024 15:12:37 INFO  epoch 36 training [time: 0.90s, train loss: 25.4038]
Thu 18 Apr 2024 15:12:37 INFO  epoch 36 evaluating [time: 0.42s, valid_score: 0.233000]
Thu 18 Apr 2024 15:12:37 INFO  valid result: 
recall@20 : 0.204    mrr@20 : 0.233    ndcg@20 : 0.1465    hit@20 : 0.719    precision@20 : 0.0764
Thu 18 Apr 2024 15:12:38 INFO  epoch 37 training [time: 0.83s, train loss: 25.3589]
Thu 18 Apr 2024 15:12:39 INFO  epoch 37 evaluating [time: 0.43s, valid_score: 0.233200]
Thu 18 Apr 2024 15:12:39 INFO  valid result: 
recall@20 : 0.2025    mrr@20 : 0.2332    ndcg@20 : 0.1459    hit@20 : 0.7275    precision@20 : 0.0761
Thu 18 Apr 2024 15:12:40 INFO  epoch 38 training [time: 1.02s, train loss: 25.2364]
Thu 18 Apr 2024 15:12:40 INFO  epoch 38 evaluating [time: 0.43s, valid_score: 0.234400]
Thu 18 Apr 2024 15:12:40 INFO  valid result: 
recall@20 : 0.2003    mrr@20 : 0.2344    ndcg@20 : 0.1455    hit@20 : 0.72    precision@20 : 0.0756
Thu 18 Apr 2024 15:12:41 INFO  epoch 39 training [time: 0.99s, train loss: 25.0493]
Thu 18 Apr 2024 15:12:41 INFO  epoch 39 evaluating [time: 0.42s, valid_score: 0.227500]
Thu 18 Apr 2024 15:12:41 INFO  valid result: 
recall@20 : 0.2057    mrr@20 : 0.2275    ndcg@20 : 0.1445    hit@20 : 0.7317    precision@20 : 0.0762
Thu 18 Apr 2024 15:12:42 INFO  epoch 40 training [time: 0.95s, train loss: 25.0123]
Thu 18 Apr 2024 15:12:43 INFO  epoch 40 evaluating [time: 0.45s, valid_score: 0.225900]
Thu 18 Apr 2024 15:12:43 INFO  valid result: 
recall@20 : 0.206    mrr@20 : 0.2259    ndcg@20 : 0.1437    hit@20 : 0.7253    precision@20 : 0.0762
Thu 18 Apr 2024 15:12:44 INFO  epoch 41 training [time: 0.94s, train loss: 24.8843]
Thu 18 Apr 2024 15:12:44 INFO  epoch 41 evaluating [time: 0.42s, valid_score: 0.221400]
Thu 18 Apr 2024 15:12:44 INFO  valid result: 
recall@20 : 0.2085    mrr@20 : 0.2214    ndcg@20 : 0.1443    hit@20 : 0.7243    precision@20 : 0.0771
Thu 18 Apr 2024 15:12:45 INFO  epoch 42 training [time: 0.93s, train loss: 24.9499]
Thu 18 Apr 2024 15:12:46 INFO  epoch 42 evaluating [time: 0.43s, valid_score: 0.225100]
Thu 18 Apr 2024 15:12:46 INFO  valid result: 
recall@20 : 0.2046    mrr@20 : 0.2251    ndcg@20 : 0.144    hit@20 : 0.7179    precision@20 : 0.076
Thu 18 Apr 2024 15:12:47 INFO  epoch 43 training [time: 1.01s, train loss: 24.6043]
Thu 18 Apr 2024 15:12:47 INFO  epoch 43 evaluating [time: 0.43s, valid_score: 0.225400]
Thu 18 Apr 2024 15:12:47 INFO  valid result: 
recall@20 : 0.2044    mrr@20 : 0.2254    ndcg@20 : 0.144    hit@20 : 0.7147    precision@20 : 0.0756
Thu 18 Apr 2024 15:12:48 INFO  epoch 44 training [time: 0.99s, train loss: 24.6056]
Thu 18 Apr 2024 15:12:48 INFO  epoch 44 evaluating [time: 0.43s, valid_score: 0.224200]
Thu 18 Apr 2024 15:12:48 INFO  valid result: 
recall@20 : 0.2034    mrr@20 : 0.2242    ndcg@20 : 0.1431    hit@20 : 0.7211    precision@20 : 0.0753
Thu 18 Apr 2024 15:12:49 INFO  epoch 45 training [time: 0.97s, train loss: 24.5685]
Thu 18 Apr 2024 15:12:50 INFO  epoch 45 evaluating [time: 0.43s, valid_score: 0.223200]
Thu 18 Apr 2024 15:12:50 INFO  valid result: 
recall@20 : 0.2031    mrr@20 : 0.2232    ndcg@20 : 0.1431    hit@20 : 0.7211    precision@20 : 0.0764
Thu 18 Apr 2024 15:12:51 INFO  epoch 46 training [time: 0.98s, train loss: 24.4030]
Thu 18 Apr 2024 15:12:51 INFO  epoch 46 evaluating [time: 0.44s, valid_score: 0.220400]
Thu 18 Apr 2024 15:12:51 INFO  valid result: 
recall@20 : 0.2048    mrr@20 : 0.2204    ndcg@20 : 0.1425    hit@20 : 0.7253    precision@20 : 0.0767
Thu 18 Apr 2024 15:12:52 INFO  epoch 47 training [time: 1.00s, train loss: 24.3348]
Thu 18 Apr 2024 15:12:53 INFO  epoch 47 evaluating [time: 0.43s, valid_score: 0.222000]
Thu 18 Apr 2024 15:12:53 INFO  valid result: 
recall@20 : 0.2039    mrr@20 : 0.222    ndcg@20 : 0.1431    hit@20 : 0.7296    precision@20 : 0.0762
Thu 18 Apr 2024 15:12:54 INFO  epoch 48 training [time: 0.98s, train loss: 24.0675]
Thu 18 Apr 2024 15:12:54 INFO  epoch 48 evaluating [time: 0.42s, valid_score: 0.220100]
Thu 18 Apr 2024 15:12:54 INFO  valid result: 
recall@20 : 0.2062    mrr@20 : 0.2201    ndcg@20 : 0.1438    hit@20 : 0.7253    precision@20 : 0.0764
Thu 18 Apr 2024 15:12:55 INFO  epoch 49 training [time: 0.99s, train loss: 24.1579]
Thu 18 Apr 2024 15:12:55 INFO  epoch 49 evaluating [time: 0.43s, valid_score: 0.219000]
Thu 18 Apr 2024 15:12:55 INFO  valid result: 
recall@20 : 0.2033    mrr@20 : 0.219    ndcg@20 : 0.1421    hit@20 : 0.72    precision@20 : 0.0754
Thu 18 Apr 2024 15:12:57 INFO  epoch 50 training [time: 1.08s, train loss: 23.9519]
Thu 18 Apr 2024 15:12:57 INFO  epoch 50 evaluating [time: 0.43s, valid_score: 0.224400]
Thu 18 Apr 2024 15:12:57 INFO  valid result: 
recall@20 : 0.204    mrr@20 : 0.2244    ndcg@20 : 0.1436    hit@20 : 0.7243    precision@20 : 0.0752
Thu 18 Apr 2024 15:12:58 INFO  epoch 51 training [time: 1.03s, train loss: 23.8913]
Thu 18 Apr 2024 15:12:58 INFO  epoch 51 evaluating [time: 0.44s, valid_score: 0.223300]
Thu 18 Apr 2024 15:12:58 INFO  valid result: 
recall@20 : 0.2063    mrr@20 : 0.2233    ndcg@20 : 0.1429    hit@20 : 0.7328    precision@20 : 0.075
Thu 18 Apr 2024 15:12:59 INFO  epoch 52 training [time: 1.02s, train loss: 23.8363]
Thu 18 Apr 2024 15:13:00 INFO  epoch 52 evaluating [time: 0.44s, valid_score: 0.218600]
Thu 18 Apr 2024 15:13:00 INFO  valid result: 
recall@20 : 0.2023    mrr@20 : 0.2186    ndcg@20 : 0.1409    hit@20 : 0.7147    precision@20 : 0.0741
Thu 18 Apr 2024 15:13:01 INFO  epoch 53 training [time: 0.98s, train loss: 23.5655]
Thu 18 Apr 2024 15:13:01 INFO  epoch 53 evaluating [time: 0.45s, valid_score: 0.224100]
Thu 18 Apr 2024 15:13:01 INFO  valid result: 
recall@20 : 0.2048    mrr@20 : 0.2241    ndcg@20 : 0.1436    hit@20 : 0.7275    precision@20 : 0.0749
Thu 18 Apr 2024 15:13:02 INFO  epoch 54 training [time: 0.99s, train loss: 23.6437]
Thu 18 Apr 2024 15:13:03 INFO  epoch 54 evaluating [time: 0.44s, valid_score: 0.222200]
Thu 18 Apr 2024 15:13:03 INFO  valid result: 
recall@20 : 0.206    mrr@20 : 0.2222    ndcg@20 : 0.1425    hit@20 : 0.7275    precision@20 : 0.0744
Thu 18 Apr 2024 15:13:04 INFO  epoch 55 training [time: 1.01s, train loss: 23.4330]
Thu 18 Apr 2024 15:13:04 INFO  epoch 55 evaluating [time: 0.43s, valid_score: 0.219800]
Thu 18 Apr 2024 15:13:04 INFO  valid result: 
recall@20 : 0.2026    mrr@20 : 0.2198    ndcg@20 : 0.1419    hit@20 : 0.7243    precision@20 : 0.074
Thu 18 Apr 2024 15:13:05 INFO  epoch 56 training [time: 1.02s, train loss: 23.5521]
Thu 18 Apr 2024 15:13:06 INFO  epoch 56 evaluating [time: 0.44s, valid_score: 0.218500]
Thu 18 Apr 2024 15:13:06 INFO  valid result: 
recall@20 : 0.201    mrr@20 : 0.2185    ndcg@20 : 0.1408    hit@20 : 0.7105    precision@20 : 0.0735
Thu 18 Apr 2024 15:13:07 INFO  epoch 57 training [time: 1.00s, train loss: 23.3324]
Thu 18 Apr 2024 15:13:07 INFO  epoch 57 evaluating [time: 0.42s, valid_score: 0.220500]
Thu 18 Apr 2024 15:13:07 INFO  valid result: 
recall@20 : 0.2061    mrr@20 : 0.2205    ndcg@20 : 0.1427    hit@20 : 0.7296    precision@20 : 0.0749
Thu 18 Apr 2024 15:13:08 INFO  epoch 58 training [time: 0.97s, train loss: 23.1662]
Thu 18 Apr 2024 15:13:08 INFO  epoch 58 evaluating [time: 0.44s, valid_score: 0.225400]
Thu 18 Apr 2024 15:13:08 INFO  valid result: 
recall@20 : 0.2032    mrr@20 : 0.2254    ndcg@20 : 0.1429    hit@20 : 0.7243    precision@20 : 0.0739
Thu 18 Apr 2024 15:13:09 INFO  epoch 59 training [time: 0.93s, train loss: 23.2044]
Thu 18 Apr 2024 15:13:10 INFO  epoch 59 evaluating [time: 0.46s, valid_score: 0.227800]
Thu 18 Apr 2024 15:13:10 INFO  valid result: 
recall@20 : 0.2062    mrr@20 : 0.2278    ndcg@20 : 0.145    hit@20 : 0.7275    precision@20 : 0.0745
Thu 18 Apr 2024 15:13:11 INFO  epoch 60 training [time: 1.00s, train loss: 23.1040]
Thu 18 Apr 2024 15:13:11 INFO  epoch 60 evaluating [time: 0.42s, valid_score: 0.227500]
Thu 18 Apr 2024 15:13:11 INFO  valid result: 
recall@20 : 0.2058    mrr@20 : 0.2275    ndcg@20 : 0.1444    hit@20 : 0.7243    precision@20 : 0.0748
Thu 18 Apr 2024 15:13:12 INFO  epoch 61 training [time: 0.94s, train loss: 23.1793]
Thu 18 Apr 2024 15:13:13 INFO  epoch 61 evaluating [time: 0.43s, valid_score: 0.226600]
Thu 18 Apr 2024 15:13:13 INFO  valid result: 
recall@20 : 0.2039    mrr@20 : 0.2266    ndcg@20 : 0.1427    hit@20 : 0.7306    precision@20 : 0.073
Thu 18 Apr 2024 15:13:14 INFO  epoch 62 training [time: 1.02s, train loss: 22.9292]
Thu 18 Apr 2024 15:13:14 INFO  epoch 62 evaluating [time: 0.43s, valid_score: 0.225500]
Thu 18 Apr 2024 15:13:14 INFO  valid result: 
recall@20 : 0.209    mrr@20 : 0.2255    ndcg@20 : 0.1434    hit@20 : 0.7275    precision@20 : 0.0738
Thu 18 Apr 2024 15:13:15 INFO  epoch 63 training [time: 0.96s, train loss: 22.9391]
Thu 18 Apr 2024 15:13:15 INFO  epoch 63 evaluating [time: 0.42s, valid_score: 0.223400]
Thu 18 Apr 2024 15:13:15 INFO  valid result: 
recall@20 : 0.2093    mrr@20 : 0.2234    ndcg@20 : 0.143    hit@20 : 0.7359    precision@20 : 0.0736
Thu 18 Apr 2024 15:13:16 INFO  epoch 64 training [time: 0.92s, train loss: 22.7784]
Thu 18 Apr 2024 15:13:17 INFO  epoch 64 evaluating [time: 0.43s, valid_score: 0.227800]
Thu 18 Apr 2024 15:13:17 INFO  valid result: 
recall@20 : 0.2093    mrr@20 : 0.2278    ndcg@20 : 0.1446    hit@20 : 0.7328    precision@20 : 0.074
Thu 18 Apr 2024 15:13:18 INFO  epoch 65 training [time: 1.00s, train loss: 22.7290]
Thu 18 Apr 2024 15:13:18 INFO  epoch 65 evaluating [time: 0.44s, valid_score: 0.224700]
Thu 18 Apr 2024 15:13:18 INFO  valid result: 
recall@20 : 0.2054    mrr@20 : 0.2247    ndcg@20 : 0.1429    hit@20 : 0.7253    precision@20 : 0.0732
Thu 18 Apr 2024 15:13:19 INFO  epoch 66 training [time: 1.04s, train loss: 22.8541]
Thu 18 Apr 2024 15:13:20 INFO  epoch 66 evaluating [time: 0.42s, valid_score: 0.228900]
Thu 18 Apr 2024 15:13:20 INFO  valid result: 
recall@20 : 0.2052    mrr@20 : 0.2289    ndcg@20 : 0.1436    hit@20 : 0.7222    precision@20 : 0.0728
Thu 18 Apr 2024 15:13:21 INFO  epoch 67 training [time: 1.00s, train loss: 22.6817]
Thu 18 Apr 2024 15:13:21 INFO  epoch 67 evaluating [time: 0.44s, valid_score: 0.226200]
Thu 18 Apr 2024 15:13:21 INFO  valid result: 
recall@20 : 0.2048    mrr@20 : 0.2262    ndcg@20 : 0.1432    hit@20 : 0.7222    precision@20 : 0.0725
Thu 18 Apr 2024 15:13:22 INFO  epoch 68 training [time: 0.93s, train loss: 22.5397]
Thu 18 Apr 2024 15:13:23 INFO  epoch 68 evaluating [time: 0.42s, valid_score: 0.229400]
Thu 18 Apr 2024 15:13:23 INFO  valid result: 
recall@20 : 0.2075    mrr@20 : 0.2294    ndcg@20 : 0.1439    hit@20 : 0.7285    precision@20 : 0.0728
Thu 18 Apr 2024 15:13:23 INFO  epoch 69 training [time: 0.93s, train loss: 22.6613]
Thu 18 Apr 2024 15:13:24 INFO  epoch 69 evaluating [time: 0.42s, valid_score: 0.223400]
Thu 18 Apr 2024 15:13:24 INFO  valid result: 
recall@20 : 0.2047    mrr@20 : 0.2234    ndcg@20 : 0.1418    hit@20 : 0.7169    precision@20 : 0.0722
Thu 18 Apr 2024 15:13:25 INFO  epoch 70 training [time: 1.02s, train loss: 22.4778]
Thu 18 Apr 2024 15:13:25 INFO  epoch 70 evaluating [time: 0.46s, valid_score: 0.223000]
Thu 18 Apr 2024 15:13:25 INFO  valid result: 
recall@20 : 0.2031    mrr@20 : 0.223    ndcg@20 : 0.1403    hit@20 : 0.7275    precision@20 : 0.0711
Thu 18 Apr 2024 15:13:26 INFO  epoch 71 training [time: 0.97s, train loss: 22.4284]
Thu 18 Apr 2024 15:13:27 INFO  epoch 71 evaluating [time: 0.45s, valid_score: 0.224900]
Thu 18 Apr 2024 15:13:27 INFO  valid result: 
recall@20 : 0.2042    mrr@20 : 0.2249    ndcg@20 : 0.1411    hit@20 : 0.7275    precision@20 : 0.0711
Thu 18 Apr 2024 15:13:28 INFO  epoch 72 training [time: 0.95s, train loss: 22.4024]
Thu 18 Apr 2024 15:13:28 INFO  epoch 72 evaluating [time: 0.42s, valid_score: 0.222000]
Thu 18 Apr 2024 15:13:28 INFO  valid result: 
recall@20 : 0.2057    mrr@20 : 0.222    ndcg@20 : 0.1411    hit@20 : 0.7306    precision@20 : 0.0707
Thu 18 Apr 2024 15:13:29 INFO  epoch 73 training [time: 0.95s, train loss: 22.3827]
Thu 18 Apr 2024 15:13:30 INFO  epoch 73 evaluating [time: 0.45s, valid_score: 0.221700]
Thu 18 Apr 2024 15:13:30 INFO  valid result: 
recall@20 : 0.2064    mrr@20 : 0.2217    ndcg@20 : 0.1413    hit@20 : 0.7328    precision@20 : 0.0708
Thu 18 Apr 2024 15:13:31 INFO  epoch 74 training [time: 0.97s, train loss: 22.3210]
Thu 18 Apr 2024 15:13:31 INFO  epoch 74 evaluating [time: 0.45s, valid_score: 0.223400]
Thu 18 Apr 2024 15:13:31 INFO  valid result: 
recall@20 : 0.2056    mrr@20 : 0.2234    ndcg@20 : 0.1409    hit@20 : 0.7328    precision@20 : 0.0704
Thu 18 Apr 2024 15:13:32 INFO  epoch 75 training [time: 1.07s, train loss: 22.2024]
Thu 18 Apr 2024 15:13:33 INFO  epoch 75 evaluating [time: 0.42s, valid_score: 0.225200]
Thu 18 Apr 2024 15:13:33 INFO  valid result: 
recall@20 : 0.2058    mrr@20 : 0.2252    ndcg@20 : 0.1405    hit@20 : 0.7349    precision@20 : 0.0707
Thu 18 Apr 2024 15:13:34 INFO  epoch 76 training [time: 1.03s, train loss: 22.1524]
Thu 18 Apr 2024 15:13:34 INFO  epoch 76 evaluating [time: 0.43s, valid_score: 0.230400]
Thu 18 Apr 2024 15:13:34 INFO  valid result: 
recall@20 : 0.2054    mrr@20 : 0.2304    ndcg@20 : 0.1426    hit@20 : 0.7264    precision@20 : 0.0712
Thu 18 Apr 2024 15:13:35 INFO  epoch 77 training [time: 1.15s, train loss: 22.0876]
Thu 18 Apr 2024 15:13:36 INFO  epoch 77 evaluating [time: 0.46s, valid_score: 0.227500]
Thu 18 Apr 2024 15:13:36 INFO  valid result: 
recall@20 : 0.2082    mrr@20 : 0.2275    ndcg@20 : 0.1427    hit@20 : 0.7338    precision@20 : 0.071
Thu 18 Apr 2024 15:13:37 INFO  epoch 78 training [time: 1.09s, train loss: 22.0844]
Thu 18 Apr 2024 15:13:37 INFO  epoch 78 evaluating [time: 0.43s, valid_score: 0.223200]
Thu 18 Apr 2024 15:13:37 INFO  valid result: 
recall@20 : 0.2059    mrr@20 : 0.2232    ndcg@20 : 0.1403    hit@20 : 0.7285    precision@20 : 0.0699
Thu 18 Apr 2024 15:13:38 INFO  epoch 79 training [time: 1.02s, train loss: 21.9398]
Thu 18 Apr 2024 15:13:39 INFO  epoch 79 evaluating [time: 0.43s, valid_score: 0.218200]
Thu 18 Apr 2024 15:13:39 INFO  valid result: 
recall@20 : 0.2046    mrr@20 : 0.2182    ndcg@20 : 0.1393    hit@20 : 0.7253    precision@20 : 0.0696
Thu 18 Apr 2024 15:13:40 INFO  epoch 80 training [time: 1.02s, train loss: 21.9928]
Thu 18 Apr 2024 15:13:40 INFO  epoch 80 evaluating [time: 0.42s, valid_score: 0.223300]
Thu 18 Apr 2024 15:13:40 INFO  valid result: 
recall@20 : 0.2061    mrr@20 : 0.2233    ndcg@20 : 0.141    hit@20 : 0.7306    precision@20 : 0.07
Thu 18 Apr 2024 15:13:41 INFO  epoch 81 training [time: 1.15s, train loss: 21.9639]
Thu 18 Apr 2024 15:13:42 INFO  epoch 81 evaluating [time: 0.43s, valid_score: 0.220300]
Thu 18 Apr 2024 15:13:42 INFO  valid result: 
recall@20 : 0.2049    mrr@20 : 0.2203    ndcg@20 : 0.1393    hit@20 : 0.7253    precision@20 : 0.0689
Thu 18 Apr 2024 15:13:43 INFO  epoch 82 training [time: 1.03s, train loss: 21.8896]
Thu 18 Apr 2024 15:13:43 INFO  epoch 82 evaluating [time: 0.46s, valid_score: 0.214600]
Thu 18 Apr 2024 15:13:43 INFO  valid result: 
recall@20 : 0.2054    mrr@20 : 0.2146    ndcg@20 : 0.1385    hit@20 : 0.7275    precision@20 : 0.0694
Thu 18 Apr 2024 15:13:44 INFO  epoch 83 training [time: 1.08s, train loss: 21.6679]
Thu 18 Apr 2024 15:13:45 INFO  epoch 83 evaluating [time: 0.45s, valid_score: 0.214200]
Thu 18 Apr 2024 15:13:45 INFO  valid result: 
recall@20 : 0.2016    mrr@20 : 0.2142    ndcg@20 : 0.137    hit@20 : 0.7253    precision@20 : 0.0685
Thu 18 Apr 2024 15:13:46 INFO  epoch 84 training [time: 1.08s, train loss: 21.6880]
Thu 18 Apr 2024 15:13:46 INFO  epoch 84 evaluating [time: 0.44s, valid_score: 0.209000]
Thu 18 Apr 2024 15:13:46 INFO  valid result: 
recall@20 : 0.2044    mrr@20 : 0.209    ndcg@20 : 0.1371    hit@20 : 0.7232    precision@20 : 0.0692
Thu 18 Apr 2024 15:13:47 INFO  epoch 85 training [time: 1.18s, train loss: 21.6496]
Thu 18 Apr 2024 15:13:48 INFO  epoch 85 evaluating [time: 0.45s, valid_score: 0.211700]
Thu 18 Apr 2024 15:13:48 INFO  valid result: 
recall@20 : 0.2024    mrr@20 : 0.2117    ndcg@20 : 0.1368    hit@20 : 0.719    precision@20 : 0.0681
Thu 18 Apr 2024 15:13:49 INFO  epoch 86 training [time: 1.12s, train loss: 21.6755]
Thu 18 Apr 2024 15:13:49 INFO  epoch 86 evaluating [time: 0.44s, valid_score: 0.213500]
Thu 18 Apr 2024 15:13:49 INFO  valid result: 
recall@20 : 0.2044    mrr@20 : 0.2135    ndcg@20 : 0.1373    hit@20 : 0.72    precision@20 : 0.0678
Thu 18 Apr 2024 15:13:50 INFO  epoch 87 training [time: 1.14s, train loss: 21.6010]
Thu 18 Apr 2024 15:13:51 INFO  epoch 87 evaluating [time: 0.42s, valid_score: 0.213100]
Thu 18 Apr 2024 15:13:51 INFO  valid result: 
recall@20 : 0.2019    mrr@20 : 0.2131    ndcg@20 : 0.1369    hit@20 : 0.7137    precision@20 : 0.0672
Thu 18 Apr 2024 15:13:52 INFO  epoch 88 training [time: 1.12s, train loss: 21.5453]
Thu 18 Apr 2024 15:13:52 INFO  epoch 88 evaluating [time: 0.44s, valid_score: 0.214100]
Thu 18 Apr 2024 15:13:52 INFO  valid result: 
recall@20 : 0.2033    mrr@20 : 0.2141    ndcg@20 : 0.1374    hit@20 : 0.719    precision@20 : 0.0671
Thu 18 Apr 2024 15:13:53 INFO  epoch 89 training [time: 0.96s, train loss: 21.4498]
Thu 18 Apr 2024 15:13:54 INFO  epoch 89 evaluating [time: 0.43s, valid_score: 0.217700]
Thu 18 Apr 2024 15:13:54 INFO  valid result: 
recall@20 : 0.2044    mrr@20 : 0.2177    ndcg@20 : 0.1391    hit@20 : 0.7116    precision@20 : 0.0675
Thu 18 Apr 2024 15:13:55 INFO  epoch 90 training [time: 0.97s, train loss: 21.3466]
Thu 18 Apr 2024 15:13:55 INFO  epoch 90 evaluating [time: 0.42s, valid_score: 0.219600]
Thu 18 Apr 2024 15:13:55 INFO  valid result: 
recall@20 : 0.2041    mrr@20 : 0.2196    ndcg@20 : 0.1394    hit@20 : 0.7222    precision@20 : 0.0677
Thu 18 Apr 2024 15:13:56 INFO  epoch 91 training [time: 0.87s, train loss: 21.4535]
Thu 18 Apr 2024 15:13:57 INFO  epoch 91 evaluating [time: 0.44s, valid_score: 0.216400]
Thu 18 Apr 2024 15:13:57 INFO  valid result: 
recall@20 : 0.2045    mrr@20 : 0.2164    ndcg@20 : 0.1392    hit@20 : 0.7211    precision@20 : 0.0675
Thu 18 Apr 2024 15:13:57 INFO  epoch 92 training [time: 0.96s, train loss: 21.4110]
Thu 18 Apr 2024 15:13:58 INFO  epoch 92 evaluating [time: 0.43s, valid_score: 0.212600]
Thu 18 Apr 2024 15:13:58 INFO  valid result: 
recall@20 : 0.2049    mrr@20 : 0.2126    ndcg@20 : 0.1384    hit@20 : 0.7253    precision@20 : 0.067
Thu 18 Apr 2024 15:13:59 INFO  epoch 93 training [time: 0.91s, train loss: 21.3580]
Thu 18 Apr 2024 15:13:59 INFO  epoch 93 evaluating [time: 0.42s, valid_score: 0.212400]
Thu 18 Apr 2024 15:13:59 INFO  valid result: 
recall@20 : 0.2039    mrr@20 : 0.2124    ndcg@20 : 0.1375    hit@20 : 0.7211    precision@20 : 0.0672
Thu 18 Apr 2024 15:14:00 INFO  epoch 94 training [time: 0.90s, train loss: 21.1635]
Thu 18 Apr 2024 15:14:01 INFO  epoch 94 evaluating [time: 0.43s, valid_score: 0.207200]
Thu 18 Apr 2024 15:14:01 INFO  valid result: 
recall@20 : 0.2031    mrr@20 : 0.2072    ndcg@20 : 0.1365    hit@20 : 0.7105    precision@20 : 0.0668
Thu 18 Apr 2024 15:14:02 INFO  epoch 95 training [time: 0.93s, train loss: 21.3468]
Thu 18 Apr 2024 15:14:02 INFO  epoch 95 evaluating [time: 0.44s, valid_score: 0.203900]
Thu 18 Apr 2024 15:14:02 INFO  valid result: 
recall@20 : 0.2042    mrr@20 : 0.2039    ndcg@20 : 0.1363    hit@20 : 0.7147    precision@20 : 0.0671
Thu 18 Apr 2024 15:14:03 INFO  epoch 96 training [time: 1.10s, train loss: 21.2925]
Thu 18 Apr 2024 15:14:04 INFO  epoch 96 evaluating [time: 0.44s, valid_score: 0.206600]
Thu 18 Apr 2024 15:14:04 INFO  valid result: 
recall@20 : 0.2039    mrr@20 : 0.2066    ndcg@20 : 0.1364    hit@20 : 0.7105    precision@20 : 0.0671
Thu 18 Apr 2024 15:14:04 INFO  epoch 97 training [time: 0.96s, train loss: 21.0571]
Thu 18 Apr 2024 15:14:05 INFO  epoch 97 evaluating [time: 0.42s, valid_score: 0.209100]
Thu 18 Apr 2024 15:14:05 INFO  valid result: 
recall@20 : 0.2049    mrr@20 : 0.2091    ndcg@20 : 0.1376    hit@20 : 0.72    precision@20 : 0.067
Thu 18 Apr 2024 15:14:06 INFO  epoch 98 training [time: 0.99s, train loss: 21.1129]
Thu 18 Apr 2024 15:14:06 INFO  epoch 98 evaluating [time: 0.43s, valid_score: 0.209900]
Thu 18 Apr 2024 15:14:06 INFO  valid result: 
recall@20 : 0.2068    mrr@20 : 0.2099    ndcg@20 : 0.1369    hit@20 : 0.7158    precision@20 : 0.0664
Thu 18 Apr 2024 15:14:07 INFO  epoch 99 training [time: 0.91s, train loss: 20.9953]
Thu 18 Apr 2024 15:14:08 INFO  epoch 99 evaluating [time: 0.43s, valid_score: 0.206400]
Thu 18 Apr 2024 15:14:08 INFO  valid result: 
recall@20 : 0.2037    mrr@20 : 0.2064    ndcg@20 : 0.1357    hit@20 : 0.7126    precision@20 : 0.0659
Thu 18 Apr 2024 15:14:09 INFO  epoch 100 training [time: 1.00s, train loss: 21.0951]
Thu 18 Apr 2024 15:14:09 INFO  epoch 100 evaluating [time: 0.43s, valid_score: 0.207300]
Thu 18 Apr 2024 15:14:09 INFO  valid result: 
recall@20 : 0.2031    mrr@20 : 0.2073    ndcg@20 : 0.1358    hit@20 : 0.7147    precision@20 : 0.0656
Thu 18 Apr 2024 15:14:10 INFO  epoch 101 training [time: 0.99s, train loss: 20.9935]
Thu 18 Apr 2024 15:14:10 INFO  epoch 101 evaluating [time: 0.44s, valid_score: 0.208500]
Thu 18 Apr 2024 15:14:10 INFO  valid result: 
recall@20 : 0.2023    mrr@20 : 0.2085    ndcg@20 : 0.136    hit@20 : 0.7179    precision@20 : 0.0656
Thu 18 Apr 2024 15:14:11 INFO  epoch 102 training [time: 0.95s, train loss: 21.1017]
Thu 18 Apr 2024 15:14:12 INFO  epoch 102 evaluating [time: 0.43s, valid_score: 0.201500]
Thu 18 Apr 2024 15:14:12 INFO  valid result: 
recall@20 : 0.2    mrr@20 : 0.2015    ndcg@20 : 0.1339    hit@20 : 0.7073    precision@20 : 0.0643
Thu 18 Apr 2024 15:14:13 INFO  epoch 103 training [time: 0.93s, train loss: 20.9364]
Thu 18 Apr 2024 15:14:13 INFO  epoch 103 evaluating [time: 0.42s, valid_score: 0.207700]
Thu 18 Apr 2024 15:14:13 INFO  valid result: 
recall@20 : 0.1983    mrr@20 : 0.2077    ndcg@20 : 0.1348    hit@20 : 0.702    precision@20 : 0.0644
Thu 18 Apr 2024 15:14:14 INFO  epoch 104 training [time: 0.94s, train loss: 20.8783]
Thu 18 Apr 2024 15:14:15 INFO  epoch 104 evaluating [time: 0.45s, valid_score: 0.210300]
Thu 18 Apr 2024 15:14:15 INFO  valid result: 
recall@20 : 0.2028    mrr@20 : 0.2103    ndcg@20 : 0.1364    hit@20 : 0.7126    precision@20 : 0.0646
Thu 18 Apr 2024 15:14:16 INFO  epoch 105 training [time: 0.94s, train loss: 20.7720]
Thu 18 Apr 2024 15:14:16 INFO  epoch 105 evaluating [time: 0.46s, valid_score: 0.211900]
Thu 18 Apr 2024 15:14:16 INFO  valid result: 
recall@20 : 0.2007    mrr@20 : 0.2119    ndcg@20 : 0.1355    hit@20 : 0.7063    precision@20 : 0.0637
Thu 18 Apr 2024 15:14:17 INFO  epoch 106 training [time: 0.97s, train loss: 20.8105]
Thu 18 Apr 2024 15:14:17 INFO  epoch 106 evaluating [time: 0.43s, valid_score: 0.213900]
Thu 18 Apr 2024 15:14:17 INFO  valid result: 
recall@20 : 0.2008    mrr@20 : 0.2139    ndcg@20 : 0.1358    hit@20 : 0.7116    precision@20 : 0.0641
Thu 18 Apr 2024 15:14:18 INFO  epoch 107 training [time: 0.90s, train loss: 20.7339]
Thu 18 Apr 2024 15:14:19 INFO  epoch 107 evaluating [time: 0.45s, valid_score: 0.213300]
Thu 18 Apr 2024 15:14:19 INFO  valid result: 
recall@20 : 0.2005    mrr@20 : 0.2133    ndcg@20 : 0.1352    hit@20 : 0.7084    precision@20 : 0.064
Thu 18 Apr 2024 15:14:20 INFO  epoch 108 training [time: 1.02s, train loss: 20.7426]
Thu 18 Apr 2024 15:14:20 INFO  epoch 108 evaluating [time: 0.44s, valid_score: 0.212700]
Thu 18 Apr 2024 15:14:20 INFO  valid result: 
recall@20 : 0.1998    mrr@20 : 0.2127    ndcg@20 : 0.135    hit@20 : 0.7073    precision@20 : 0.0642
Thu 18 Apr 2024 15:14:21 INFO  epoch 109 training [time: 0.98s, train loss: 20.7592]
Thu 18 Apr 2024 15:14:22 INFO  epoch 109 evaluating [time: 0.43s, valid_score: 0.213700]
Thu 18 Apr 2024 15:14:22 INFO  valid result: 
recall@20 : 0.1999    mrr@20 : 0.2137    ndcg@20 : 0.1357    hit@20 : 0.7073    precision@20 : 0.0643
Thu 18 Apr 2024 15:14:23 INFO  epoch 110 training [time: 0.93s, train loss: 20.6226]
Thu 18 Apr 2024 15:14:23 INFO  epoch 110 evaluating [time: 0.42s, valid_score: 0.214500]
Thu 18 Apr 2024 15:14:23 INFO  valid result: 
recall@20 : 0.2002    mrr@20 : 0.2145    ndcg@20 : 0.1356    hit@20 : 0.7094    precision@20 : 0.0639
Thu 18 Apr 2024 15:14:24 INFO  epoch 111 training [time: 0.99s, train loss: 20.7118]
Thu 18 Apr 2024 15:14:24 INFO  epoch 111 evaluating [time: 0.43s, valid_score: 0.215600]
Thu 18 Apr 2024 15:14:24 INFO  valid result: 
recall@20 : 0.2002    mrr@20 : 0.2156    ndcg@20 : 0.1349    hit@20 : 0.7041    precision@20 : 0.0626
Thu 18 Apr 2024 15:14:25 INFO  epoch 112 training [time: 1.04s, train loss: 20.6462]
Thu 18 Apr 2024 15:14:26 INFO  epoch 112 evaluating [time: 0.46s, valid_score: 0.215300]
Thu 18 Apr 2024 15:14:26 INFO  valid result: 
recall@20 : 0.2006    mrr@20 : 0.2153    ndcg@20 : 0.1352    hit@20 : 0.7094    precision@20 : 0.063
Thu 18 Apr 2024 15:14:27 INFO  epoch 113 training [time: 0.95s, train loss: 20.6119]
Thu 18 Apr 2024 15:14:27 INFO  epoch 113 evaluating [time: 0.44s, valid_score: 0.214600]
Thu 18 Apr 2024 15:14:27 INFO  valid result: 
recall@20 : 0.2039    mrr@20 : 0.2146    ndcg@20 : 0.1354    hit@20 : 0.7147    precision@20 : 0.063
Thu 18 Apr 2024 15:14:27 INFO  Finished training, best eval result in epoch 12
Thu 18 Apr 2024 15:14:27 INFO  Loading model structure and parameters from saved/ANS-Apr-18-2024_15-11-42.pth
Thu 18 Apr 2024 15:14:29 INFO  The running environment of this training is as follows:
+-------------+----------------+
| Environment |     Usage      |
+=============+================+
| CPU         |     2.10 %     |
+-------------+----------------+
| GPU         | 0.05 G/15.98 G |
+-------------+----------------+
| Memory      | 1.28 G/15.47 G |
+-------------+----------------+
Thu 18 Apr 2024 15:14:29 INFO  best valid : OrderedDict([('recall@20', 0.214), ('mrr@20', 0.2618), ('ndcg@20', 0.1612), ('hit@20', 0.7285), ('precision@20', 0.0872)])
Thu 18 Apr 2024 15:14:29 INFO  test result: OrderedDict([('recall@20', 0.2557), ('mrr@20', 0.3066), ('ndcg@20', 0.1912), ('hit@20', 0.7879), ('precision@20', 0.104)])
