Sun 26 May 2024 16:19:59 INFO  ['run_recbole.py', '--model=ANS', '--dataset=ml-100k']
Sun 26 May 2024 16:19:59 INFO  
General Hyper Parameters:
gpu_id = 0
use_gpu = True
seed = 2020
state = DEBUG
reproducibility = True
data_path = /home/simeon/Git_Repositories/ANS-Recbole/recbole/config/../dataset_example/ml-100k
checkpoint_dir = saved
show_progress = False
save_dataset = False
dataset_save_path = None
save_dataloaders = False
dataloaders_save_path = None
log_wandb = False

Training Hyper Parameters:
epochs = 500
train_batch_size = 2048
learner = adam
learning_rate = 0.0001
train_neg_sample_args = {'distribution': 'uniform', 'sample_num': 1, 'alpha': 1.0, 'dynamic': False, 'candidate_num': 1}
eval_step = 1
stopping_step = 100
clip_grad_norm = None
weight_decay = 0.0
loss_decimal_place = 4

Evaluation Hyper Parameters:
eval_args = {'split': {'RS': [0.8, 0.1, 0.1]}, 'group_by': 'user', 'order': 'RO', 'mode': 'full'}
repeatable = False
metrics = ['Recall', 'MRR', 'NDCG', 'Hit', 'Precision']
topk = [20]
valid_metric = MRR@20
valid_metric_bigger = True
eval_batch_size = 4096
metric_decimal_place = 4

Dataset Hyper Parameters:
field_separator = 	
seq_separator =  
USER_ID_FIELD = user_id
ITEM_ID_FIELD = item_id
RATING_FIELD = rating
TIME_FIELD = timestamp
seq_len = None
LABEL_FIELD = label
threshold = {'rating': 4.0}
NEG_PREFIX = neg_
load_col = {'inter': ['user_id', 'item_id', 'rating']}
unload_col = None
unused_col = None
additional_feat_suffix = None
rm_dup_inter = None
val_interval = None
filter_inter_by_user_or_item = True
user_inter_num_interval = None
item_inter_num_interval = None
alias_of_user_id = None
alias_of_item_id = None
alias_of_entity_id = None
alias_of_relation_id = None
preload_weight = None
normalize_field = None
normalize_all = True
ITEM_LIST_LENGTH_FIELD = item_length
LIST_SUFFIX = _list
MAX_ITEM_LIST_LENGTH = 50
POSITION_FIELD = position_id
HEAD_ENTITY_ID_FIELD = head_id
TAIL_ENTITY_ID_FIELD = tail_id
RELATION_ID_FIELD = relation_id
ENTITY_ID_FIELD = entity_id
kg_reverse_r = False
entity_kg_num_interval = None
relation_kg_num_interval = None
benchmark_filename = None

Other Hyper Parameters: 
worker = 0
wandb_project = recbole
shuffle = True
require_pow = False
enable_amp = False
enable_scaler = False
transform = None
train_after_converge = True
positive_sampling = True
embedding_size = 64
n_layers = 3
reg_weight = 0.0001
eps = 0.3
gamma = 0.15
numerical_features = []
discretization = None
MODEL_TYPE = ModelType.GENERAL
MODEL_INPUT_TYPE = InputType.PAIRWISE
eval_type = EvaluatorType.RANKING
single_spec = True
local_rank = 0
device = cuda
eval_neg_sample_args = {'distribution': 'uniform', 'sample_num': 'none'}


Sun 26 May 2024 16:19:59 DEBUG  Loading <class 'recbole.data.dataset.dataset.Dataset'> from scratch.
Sun 26 May 2024 16:19:59 DEBUG  uid_field: user_id
Sun 26 May 2024 16:19:59 DEBUG  iid_field: item_id
Sun 26 May 2024 16:19:59 DEBUG  Loading feature from [/home/simeon/Git_Repositories/ANS-Recbole/recbole/config/../dataset_example/ml-100k/ml-100k.inter] (source: [FeatureSource.INTERACTION]).
Sun 26 May 2024 16:19:59 DEBUG  [inter]: 
Sun 26 May 2024 16:19:59 DEBUG  	 load_col: [{'rating', 'item_id', 'user_id'}]
Sun 26 May 2024 16:19:59 DEBUG  	 unload_col: [None]
Sun 26 May 2024 16:19:59 DEBUG  Interaction feature loaded successfully from [/home/simeon/Git_Repositories/ANS-Recbole/recbole/config/../dataset_example/ml-100k/ml-100k.inter].
Sun 26 May 2024 16:19:59 DEBUG  Loading feature from [/home/simeon/Git_Repositories/ANS-Recbole/recbole/config/../dataset_example/ml-100k/ml-100k.user] (source: [FeatureSource.USER]).
Sun 26 May 2024 16:19:59 DEBUG  [user]: 
Sun 26 May 2024 16:19:59 DEBUG  	 load_col: [set()]
Sun 26 May 2024 16:19:59 DEBUG  	 unload_col: [None]
Sun 26 May 2024 16:19:59 DEBUG  [user] feature loaded successfully from [/home/simeon/Git_Repositories/ANS-Recbole/recbole/config/../dataset_example/ml-100k/ml-100k.user].
Sun 26 May 2024 16:19:59 DEBUG  Loading feature from [/home/simeon/Git_Repositories/ANS-Recbole/recbole/config/../dataset_example/ml-100k/ml-100k.item] (source: [FeatureSource.ITEM]).
Sun 26 May 2024 16:19:59 DEBUG  [item]: 
Sun 26 May 2024 16:19:59 DEBUG  	 load_col: [set()]
Sun 26 May 2024 16:19:59 DEBUG  	 unload_col: [None]
Sun 26 May 2024 16:19:59 DEBUG  [item] feature loaded successfully from [/home/simeon/Git_Repositories/ANS-Recbole/recbole/config/../dataset_example/ml-100k/ml-100k.item].
Sun 26 May 2024 16:19:59 DEBUG  drop_by_value: val={}
Sun 26 May 2024 16:19:59 DEBUG  Filling nan
Sun 26 May 2024 16:19:59 DEBUG  Set label by {'rating': 4.0}.
Sun 26 May 2024 16:19:59 DEBUG  Delete column [rating].
Sun 26 May 2024 16:19:59 DEBUG  Normalized fields: ['label']
Sun 26 May 2024 16:19:59 INFO  ml-100k
The number of users: 944
Average actions of users: 106.04453870625663
The number of items: 1683
Average actions of items: 59.45303210463734
The number of inters: 100000
The sparsity of the dataset: 93.70575143257098%
Remain Fields: ['user_id', 'item_id', 'label']
Sun 26 May 2024 16:19:59 DEBUG  split by ratios [[0.8, 0.1, 0.1]], group_by=[user_id]
Sun 26 May 2024 16:19:59 INFO  [Training]: train_batch_size = [2048] train_neg_sample_args: [{'distribution': 'uniform', 'sample_num': 1, 'alpha': 1.0, 'dynamic': False, 'candidate_num': 1}]
Sun 26 May 2024 16:19:59 INFO  [Evaluation]: eval_batch_size = [4096] eval_args: [{'split': {'RS': [0.8, 0.1, 0.1]}, 'group_by': 'user', 'order': 'RO', 'mode': 'full'}]
Sun 26 May 2024 16:20:00 INFO  ANS(
  (user_embedding): Embedding(944, 64)
  (item_embedding): Embedding(1683, 64)
  (mf_loss): BPRLoss()
  (reg_loss): EmbLoss()
  (user_gate): Linear(in_features=64, out_features=64, bias=True)
  (item_gate): Linear(in_features=64, out_features=64, bias=True)
  (pos_gate): Linear(in_features=64, out_features=64, bias=True)
  (neg_gate): Linear(in_features=64, out_features=64, bias=True)
  (hard_gate): Linear(in_features=64, out_features=64, bias=True)
  (conf_gate): Linear(in_features=64, out_features=64, bias=True)
  (easy_gate): Linear(in_features=64, out_features=64, bias=True)
  (margin_model): Linear(in_features=64, out_features=1, bias=True)
)
Trainable parameters: 197313
Sun 26 May 2024 16:20:00 INFO  FLOPs: 0.0
Sun 26 May 2024 16:20:01 DEBUG  Top 5 items for user 0: tensor([[63, 51, 48, 31, 57],
        [14, 62,  1, 46, 45],
        [14, 50, 25, 27, 63],
        ...,
        [40, 46, 60, 53,  8],
        [18,  5, 31, 45, 58],
        [62, 45, 48, 41,  1]], device='cuda:0')
Sun 26 May 2024 16:20:01 DEBUG  Top 5 items for user 1: tensor([[53, 49,  7, 15, 43],
        [ 1, 44, 22, 31, 60],
        [ 7, 59, 29, 56, 44],
        ...,
        [41, 44, 53, 22, 50],
        [58, 60, 19, 31, 27],
        [49, 63,  1, 48,  7]], device='cuda:0')
Sun 26 May 2024 16:20:01 DEBUG  Top 5 items for user 2: tensor([[ 9, 22, 15, 39, 59],
        [35, 70,  1, 39, 48],
        [27,  9, 15, 42, 30],
        ...,
        [45, 54, 34, 59, 48],
        [20,  6, 22, 35, 30],
        [70,  7, 34,  1, 48]], device='cuda:0')
Sun 26 May 2024 16:20:02 DEBUG  Top 5 items for user 3: tensor([[73, 28, 26, 62, 65],
        [ 1, 52, 19, 20,  8],
        [73, 14, 19, 66, 28],
        ...,
        [73, 52, 16, 42, 14],
        [14, 40, 20, 42, 25],
        [73, 57, 14,  8, 49]], device='cuda:0')
Sun 26 May 2024 16:20:02 DEBUG  Top 5 items for user 4: tensor([[19, 72, 61,  2, 55],
        [ 1, 82,  2, 52, 62],
        [55,  3, 73, 32, 49],
        ...,
        [ 2, 55, 17,  1, 62],
        [ 0, 69, 82, 28, 81],
        [55,  2,  1, 76, 85]], device='cuda:0')
Sun 26 May 2024 16:20:02 DEBUG  Top 5 items for user 5: tensor([[34, 21, 36, 57, 42],
        [34, 51, 49,  9, 14],
        [21, 47, 14, 55, 25],
        ...,
        [39, 49, 36, 18, 50],
        [51, 13, 57,  5, 26],
        [47, 56, 48, 64, 35]], device='cuda:0')
Sun 26 May 2024 16:20:02 DEBUG  Top 5 items for user 6: tensor([[43, 47, 44, 10, 38],
        [ 1, 43, 17,  4, 60],
        [17, 59, 14, 13, 71],
        ...,
        [ 1, 42, 68, 52, 29],
        [43,  4, 44,  5, 79],
        [60,  1, 59, 15,  8]], device='cuda:0')
Sun 26 May 2024 16:20:02 DEBUG  Top 5 items for user 7: tensor([[19, 64, 15, 59,  0],
        [16, 14, 11, 23, 31],
        [31, 38, 35, 15,  0],
        ...,
        [19, 17, 23, 10, 31],
        [14, 55, 66, 38,  5],
        [31, 19, 14,  0, 17]], device='cuda:0')
Sun 26 May 2024 16:20:02 DEBUG  Top 5 items for user 8: tensor([[41, 56, 15, 26, 45],
        [12, 59, 21, 11,  4],
        [68, 33, 21, 54, 26],
        ...,
        [45, 11, 61, 68, 16],
        [37, 61, 41, 12, 65],
        [56, 54, 12, 16, 26]], device='cuda:0')
Sun 26 May 2024 16:20:02 DEBUG  Top 5 items for user 9: tensor([[71, 23, 84, 63, 74],
        [87, 75, 82, 37, 70],
        [52, 87, 62, 76, 59],
        ...,
        [63, 52, 82, 64, 66],
        [63, 14, 62, 65, 46],
        [84, 39, 47, 12, 76]], device='cuda:0')
Sun 26 May 2024 16:20:02 DEBUG  Top 5 items for user 10: tensor([[48,  0, 42, 25, 20],
        [ 0, 20, 65, 13, 48],
        [42, 54, 28,  9, 81],
        ...,
        [54, 48, 58, 25,  4],
        [77, 42, 48, 44, 46],
        [ 0, 60, 47, 71, 65]], device='cuda:0')
Sun 26 May 2024 16:20:02 DEBUG  Top 5 items for user 11: tensor([[67, 18, 43, 22, 76],
        [30, 39, 81, 29, 46],
        [67, 18, 49, 45, 16],
        ...,
        [30, 82, 56, 22, 18],
        [81, 42, 36, 45, 80],
        [67, 30, 22, 81,  0]], device='cuda:0')
Sun 26 May 2024 16:20:02 DEBUG  Top 5 items for user 12: tensor([[91,  7, 65, 72, 19],
        [41, 65, 32, 27, 80],
        [ 7, 80, 83, 91, 27],
        ...,
        [65, 54, 83, 20, 31],
        [65, 81, 32, 17, 69],
        [88,  7, 42, 55, 47]], device='cuda:0')
Sun 26 May 2024 16:20:02 DEBUG  Top 5 items for user 13: tensor([[71, 40, 86, 31, 43],
        [19, 63, 52, 66,  5],
        [86, 56, 60,  4, 63],
        ...,
        [76, 40, 43, 48, 53],
        [19, 36, 76, 66, 43],
        [71, 60, 66, 79, 43]], device='cuda:0')
Sun 26 May 2024 16:20:02 DEBUG  Top 5 items for user 14: tensor([[77, 47, 43, 28, 45],
        [43,  1, 45, 64, 76],
        [38, 77, 72, 28, 65],
        ...,
        [77, 39, 47, 64, 25],
        [ 0, 39, 47, 63, 74],
        [77, 38, 76, 39, 52]], device='cuda:0')
Sun 26 May 2024 16:20:02 DEBUG  Top 5 items for user 15: tensor([[ 0, 57, 66, 37, 64],
        [19, 50, 68,  1, 75],
        [68,  0, 50, 20, 47],
        ...,
        [39, 50,  9, 45,  2],
        [19,  6, 37, 38, 71],
        [ 0, 51, 75, 57,  9]], device='cuda:0')
Sun 26 May 2024 16:20:02 DEBUG  Top 5 items for user 16: tensor([[102, 110, 100,  21,  36],
        [ 49,   1,   4, 108, 116],
        [ 40, 108, 105,  36,  26],
        ...,
        [ 73,  10, 102, 110,  72],
        [ 38, 111,  59,   4,  90],
        [ 10,  52, 116,   1, 120]], device='cuda:0')
Sun 26 May 2024 16:20:02 DEBUG  Top 5 items for user 17: tensor([[68, 51, 21, 61, 34],
        [54, 24, 66,  9, 45],
        [27, 44, 68, 45, 30],
        ...,
        [12, 44, 49, 43, 36],
        [54, 35, 52, 63, 24],
        [66, 59, 51, 32, 31]], device='cuda:0')
Sun 26 May 2024 16:20:02 DEBUG  Top 5 items for user 18: tensor([[ 44,  90,  61,   0,  99],
        [ 71,  74,  20,  64,  86],
        [  0,  88,  37,  98, 108],
        ...,
        [ 44,  90,  74,  61,  86],
        [ 40,  61,  76,  56,  20],
        [  0,  71,  44,   6,  40]], device='cuda:0')
Sun 26 May 2024 16:20:02 DEBUG  Top 5 items for user 19: tensor([[33, 39, 13, 59, 20],
        [35,  1, 39,  9, 36],
        [34, 84, 21,  4, 35],
        ...,
        [33,  8, 34, 51, 65],
        [54, 36, 70, 82, 68],
        [72, 59, 34, 54,  8]], device='cuda:0')
Sun 26 May 2024 16:20:02 DEBUG  Top 5 items for user 20: tensor([[110,   0, 118,  66,  86],
        [  0, 117,  74,  68,  56],
        [  0,  65,  45,  56,  66],
        ...,
        [110,  20,  32,  74,  68],
        [ 11, 120, 119, 118,  37],
        [  0,  35,  12,  74,  82]], device='cuda:0')
Sun 26 May 2024 16:20:02 DEBUG  Top 5 items for user 21: tensor([[66,  7, 44, 58, 24],
        [59,  2, 20, 77, 44],
        [ 7, 24, 59, 30, 76],
        ...,
        [ 2, 59, 56, 37, 24],
        [42, 20, 77, 27, 75],
        [66, 73,  2, 59,  7]], device='cuda:0')
Sun 26 May 2024 16:20:02 DEBUG  Top 5 items for user 22: tensor([[57, 69, 40, 16, 12],
        [65,  6, 56, 50, 62],
        [69, 62, 64, 28, 70],
        ...,
        [57, 13, 69, 32, 40],
        [65, 32, 50,  7, 40],
        [69,  6, 50, 49, 32]], device='cuda:0')
Sun 26 May 2024 16:20:02 DEBUG  Top 5 items for user 23: tensor([[93, 33, 58, 31, 67],
        [ 1, 55,  7, 62, 58],
        [86, 82, 70, 33, 62],
        ...,
        [58, 93, 15, 41,  3],
        [15, 89, 58, 49,  7],
        [58, 93, 86, 82, 22]], device='cuda:0')
Sun 26 May 2024 16:20:02 DEBUG  Top 5 items for user 24: tensor([[ 60,  40,  87,  72,  15],
        [ 13,   4,   2,  96,  40],
        [ 99, 110,  36,  96,  70],
        ...,
        [ 46,  60,  40,   2,  99],
        [ 33,  60,  13,  84,   4],
        [ 13,  33,  43,  40,  46]], device='cuda:0')
Sun 26 May 2024 16:20:02 DEBUG  Top 5 items for user 25: tensor([[ 31,  28,  61, 108,   0],
        [ 70, 110,  64,  89,  10],
        [ 56,  44,  68,  16,  60],
        ...,
        [ 24,  67,  56,  28,  46],
        [ 16,  56,  43,  46,  40],
        [110,  68,  70,  24,  79]], device='cuda:0')
Sun 26 May 2024 16:20:02 DEBUG  Top 5 items for user 26: tensor([[74, 40,  7, 31, 65],
        [40, 64, 13, 75, 69],
        [ 7, 74, 69, 31, 48],
        ...,
        [66, 10, 74, 15, 19],
        [40, 64,  0, 66, 29],
        [75, 74, 10,  7, 69]], device='cuda:0')
Sun 26 May 2024 16:20:02 DEBUG  Top 5 items for user 27: tensor([[18, 73, 36, 87, 22],
        [45, 33, 87, 84, 71],
        [90, 36, 18, 48, 67],
        ...,
        [63, 22, 10, 54, 71],
        [84, 38, 54, 41, 11],
        [87, 66, 69, 10, 88]], device='cuda:0')
Sun 26 May 2024 16:20:02 DEBUG  Top 5 items for user 28: tensor([[39, 23, 56, 36, 73],
        [70, 66, 23, 68, 30],
        [43, 45, 23, 67,  5],
        ...,
        [56, 45, 57, 70, 73],
        [ 0,  5, 56, 36, 15],
        [54, 67, 40, 73, 39]], device='cuda:0')
Sun 26 May 2024 16:20:02 DEBUG  Top 5 items for user 29: tensor([[38, 21, 31, 65, 53],
        [53, 38, 47, 31, 22],
        [ 9, 21, 41, 14, 53],
        ...,
        [53, 37, 54, 31, 60],
        [53, 66, 12, 26,  9],
        [18, 44, 39, 37, 31]], device='cuda:0')
Sun 26 May 2024 16:20:03 DEBUG  Top 5 items for user 30: tensor([[27, 17, 19, 54, 56],
        [29, 20, 66, 58,  4],
        [58, 20, 25, 55, 35],
        ...,
        [17, 27, 35, 49,  2],
        [33, 35,  4,  1,  0],
        [66, 17, 55, 27, 59]], device='cuda:0')
Sun 26 May 2024 16:20:03 DEBUG  Top 5 items for user 31: tensor([[43, 91,  0, 29, 82],
        [ 1, 43, 42, 64, 91],
        [ 0, 86, 52, 64, 74],
        ...,
        [71, 11, 64, 52,  1],
        [43, 90, 29, 36, 82],
        [93, 91,  0, 11,  1]], device='cuda:0')
Sun 26 May 2024 16:20:03 DEBUG  Top 5 items for user 32: tensor([[36, 31, 56, 14, 21],
        [ 9, 36, 63, 29, 30],
        [38, 39, 21, 41, 52],
        ...,
        [51, 38, 41, 56,  8],
        [63, 31, 52, 30, 38],
        [16, 41, 24, 44,  8]], device='cuda:0')
Sun 26 May 2024 16:20:03 DEBUG  Top 5 items for user 33: tensor([[70,  0, 28, 45, 74],
        [18, 30, 45, 41, 66],
        [18,  0, 48, 55, 38],
        ...,
        [64, 48, 70, 44, 10],
        [ 5, 28, 74, 42, 48],
        [ 0, 48, 10, 20, 44]], device='cuda:0')
Sun 26 May 2024 16:20:03 DEBUG  Top 5 items for user 34: tensor([[59,  8, 57, 19, 22],
        [ 2, 42, 38, 63, 11],
        [70, 67, 56, 27, 46],
        ...,
        [59, 53,  2, 19, 67],
        [36,  0, 65, 24, 54],
        [ 2, 33, 46, 69, 26]], device='cuda:0')
Sun 26 May 2024 16:20:03 DEBUG  Top 5 items for user 35: tensor([[37, 13,  7, 60, 35],
        [14, 31, 35, 63, 13],
        [ 7, 14, 36, 57, 39],
        ...,
        [37, 52, 48, 30, 60],
        [37, 31,  0, 30, 36],
        [ 7, 63, 30, 37, 35]], device='cuda:0')
Sun 26 May 2024 16:20:03 DEBUG  Top 5 items for user 36: tensor([[15, 72, 77, 65, 44],
        [34, 19,  3, 15, 65],
        [39, 68, 77, 55, 44],
        ...,
        [48, 10, 66, 17, 34],
        [80, 68, 21, 48, 12],
        [54, 48, 34, 10, 65]], device='cuda:0')
Sun 26 May 2024 16:20:03 DEBUG  Top 5 items for user 37: tensor([[28, 34, 53, 18, 25],
        [30,  3, 34, 47, 64],
        [47, 57,  1,  3, 54],
        ...,
        [ 3, 28, 18, 19, 11],
        [ 0, 11, 24, 47, 27],
        [42, 47, 57, 64,  3]], device='cuda:0')
Sun 26 May 2024 16:20:03 DEBUG  Top 5 items for user 38: tensor([[104,   0,  37,  40,  68],
        [  1,  29,  97,  84, 109],
        [104,  40,   0,  37,  81],
        ...,
        [ 97,   1,  79,  23, 128],
        [ 11,  23,  29,  42,  79],
        [  0, 104,  29,   1, 133]], device='cuda:0')
Sun 26 May 2024 16:20:03 DEBUG  Top 5 items for user 39: tensor([[60, 82, 29, 70, 28],
        [ 4, 16, 98, 42, 12],
        [40,  3, 29, 51, 65],
        ...,
        [60, 66, 82, 84, 51],
        [60, 98,  4, 28, 42],
        [87, 75, 16, 40, 76]], device='cuda:0')
Sun 26 May 2024 16:20:03 DEBUG  Top 5 items for user 40: tensor([[38, 75, 44, 70, 17],
        [40, 55, 27, 44, 65],
        [17,  3, 43,  4, 44],
        ...,
        [61, 38, 10,  3, 75],
        [31, 70, 16, 19, 65],
        [75, 20, 10, 55, 58]], device='cuda:0')
Sun 26 May 2024 16:20:03 DEBUG  Top 5 items for user 41: tensor([[32, 38, 66, 33, 23],
        [32, 11,  1,  7, 56],
        [39, 23,  9, 57,  3],
        ...,
        [ 3, 38, 66, 54,  1],
        [32, 20, 33, 56, 38],
        [51, 66, 57, 37,  3]], device='cuda:0')
Sun 26 May 2024 16:20:03 DEBUG  Top 5 items for user 42: tensor([[ 20,  36,  65,  96,  97],
        [ 35,  98,  36,   0,  43],
        [ 20,  36,  28,   0,  11],
        ...,
        [ 84,  20,  98,  31,  96],
        [ 96,  89,  59,  57,  99],
        [  0, 104,  67,  95,  65]], device='cuda:0')
Sun 26 May 2024 16:20:03 DEBUG  Top 5 items for user 43: tensor([[15, 21, 59, 38, 36],
        [22, 63,  6,  7, 46],
        [63, 22, 67, 11, 39],
        ...,
        [67, 39, 15, 11,  9],
        [56, 11, 66,  0, 36],
        [ 7, 45, 46, 11, 47]], device='cuda:0')
Sun 26 May 2024 16:20:03 DEBUG  Top 5 items for user 44: tensor([[21,  0, 68, 34, 25],
        [28,  1, 73, 41, 36],
        [73, 35,  0, 76, 26],
        ...,
        [21, 69, 19, 10, 68],
        [25, 69, 28, 33, 44],
        [ 0, 72, 10, 21, 35]], device='cuda:0')
Sun 26 May 2024 16:20:03 DEBUG  Top 5 items for user 45: tensor([[52, 18,  8, 24, 57],
        [21, 20, 56,  1, 47],
        [56, 42, 20, 28, 53],
        ...,
        [42, 21, 34, 18, 54],
        [57, 59,  5, 60, 49],
        [31, 21, 41, 36, 24]], device='cuda:0')
Sun 26 May 2024 16:20:03 DEBUG  Top 5 items for user 46: tensor([[66, 81,  0, 61, 77],
        [61,  0, 40, 50,  5],
        [40, 56, 28, 50,  5],
        ...,
        [66, 50, 60, 59, 27],
        [18, 72, 33, 29,  7],
        [ 0, 51, 61, 76,  8]], device='cuda:0')
Sun 26 May 2024 16:20:03 DEBUG  Top 5 items for user 47: tensor([[33, 22, 60, 36, 29],
        [23, 27, 16, 36, 69],
        [69, 40, 65, 30, 12],
        ...,
        [66, 33, 23, 40, 55],
        [22, 16, 66, 70, 40],
        [68, 60, 23, 33, 69]], device='cuda:0')
Sun 26 May 2024 16:20:03 DEBUG  Top 5 items for user 48: tensor([[81, 14, 95, 43, 76],
        [80, 45, 59, 97, 22],
        [14, 72, 76, 36, 63],
        ...,
        [81, 65, 92, 82, 75],
        [80, 48, 72, 22,  0],
        [97, 95, 72, 76, 64]], device='cuda:0')
Sun 26 May 2024 16:20:03 DEBUG  Top 5 items for user 49: tensor([[41, 58, 60, 52, 36],
        [52, 10, 46, 27, 18],
        [45, 64, 30, 11,  0],
        ...,
        [52, 54, 41, 57, 48],
        [28, 18, 52, 55, 16],
        [45, 46, 28, 51, 64]], device='cuda:0')
Sun 26 May 2024 16:20:03 DEBUG  Top 5 items for user 50: tensor([[40, 54, 30, 58, 68],
        [21, 52, 63,  6, 22],
        [21, 63, 44, 68,  3],
        ...,
        [59, 16, 40, 37, 52],
        [64, 40, 59, 65, 14],
        [54, 44, 68, 16,  6]], device='cuda:0')
Sun 26 May 2024 16:20:03 DEBUG  Top 5 items for user 51: tensor([[ 7, 36,  0, 40, 54],
        [ 1, 14, 60, 64, 20],
        [ 7, 55, 14, 38, 20],
        ...,
        [47, 40, 11, 36,  1],
        [60, 58, 36, 49, 23],
        [64,  7,  1,  6,  0]], device='cuda:0')
Sun 26 May 2024 16:20:03 DEBUG  Top 5 items for user 52: tensor([[37, 68, 51, 15, 61],
        [37, 33,  5,  6, 24],
        [68, 18,  0, 44, 59],
        ...,
        [20, 17, 13, 44, 31],
        [33, 31, 34, 62,  8],
        [51,  0,  6, 31, 37]], device='cuda:0')
Sun 26 May 2024 16:20:04 DEBUG  Top 5 items for user 53: tensor([[ 70,  90,   0,  99,  23],
        [ 81,  22,   5,  34, 112],
        [ 34,  81,   3,  76,  98],
        ...,
        [ 81,  76,  74,  70,  75],
        [ 22, 112,  40,   5,  86],
        [ 81,  40,  86,  90,  98]], device='cuda:0')
Sun 26 May 2024 16:20:04 DEBUG  Top 5 items for user 54: tensor([[61, 65, 81, 22, 80],
        [74, 43, 70, 45, 51],
        [80, 70, 10, 49, 66],
        ...,
        [49, 11, 40,  8, 10],
        [74, 10,  1, 34, 51],
        [61, 36, 66, 10,  8]], device='cuda:0')
Sun 26 May 2024 16:20:04 DEBUG  Top 5 items for user 55: tensor([[21, 43, 73, 53, 42],
        [61, 68, 43, 52, 42],
        [75, 36, 33,  2, 51],
        ...,
        [61, 21, 17, 62, 37],
        [68, 22, 73, 61, 32],
        [39, 21, 36, 51, 37]], device='cuda:0')
Sun 26 May 2024 16:20:04 DEBUG  Top 5 items for user 56: tensor([[48, 31, 28, 47, 29],
        [48,  1, 44, 21, 47],
        [42, 74, 31,  7,  3],
        ...,
        [66, 65, 88, 59, 52],
        [29, 68, 21, 64, 44],
        [64, 74,  1,  0, 90]], device='cuda:0')
Sun 26 May 2024 16:20:04 DEBUG  Top 5 items for user 57: tensor([[45, 41, 70, 47, 44],
        [41,  1, 45, 40, 55],
        [77, 54, 55, 19, 34],
        ...,
        [54, 14, 65, 47, 70],
        [41,  0, 66, 78,  8],
        [81,  1, 57,  6, 55]], device='cuda:0')
Sun 26 May 2024 16:20:04 DEBUG  Top 5 items for user 58: tensor([[55, 17, 19, 36, 21],
        [34, 49, 36,  5, 33],
        [33, 73,  3, 49, 66],
        ...,
        [49, 39, 17, 46, 15],
        [ 0, 36, 30, 21, 38],
        [50, 33, 55, 49, 17]], device='cuda:0')
Sun 26 May 2024 16:20:04 DEBUG  Top 5 items for user 59: tensor([[ 68, 104,  98,  63,  42],
        [ 56, 122,  22,  41,  75],
        [ 80,  98,  56,  42,  20],
        ...,
        [ 80,  81, 122,  75,  37],
        [ 22,  63, 103,  65,  75],
        [ 98,  84,  56,  75,  96]], device='cuda:0')
Sun 26 May 2024 16:20:04 DEBUG  Top 5 items for user 60: tensor([[22, 15, 55, 46, 27],
        [23,  4, 67, 58, 56],
        [ 0, 48, 63, 18, 27],
        ...,
        [46, 54, 17, 23, 56],
        [22,  4, 67, 58, 20],
        [62, 23, 55, 17,  7]], device='cuda:0')
Sun 26 May 2024 16:20:04 DEBUG  Top 5 items for user 61: tensor([[16, 43, 64, 10, 63],
        [43, 56, 15, 16, 20],
        [50, 73, 74,  4, 60],
        ...,
        [56, 64, 74, 16, 21],
        [ 5,  0, 60, 24, 15],
        [50, 54, 15, 43, 76]], device='cuda:0')
Sun 26 May 2024 16:20:04 DEBUG  Top 5 items for user 62: tensor([[ 7, 71,  0,  8, 55],
        [17, 63, 56, 47, 52],
        [ 7, 63,  0, 71, 39],
        ...,
        [60, 56, 39, 52, 45],
        [17, 20, 60, 37, 39],
        [ 0, 49,  7, 55, 47]], device='cuda:0')
Sun 26 May 2024 16:20:04 DEBUG  Top 5 items for user 63: tensor([[ 0, 60, 39, 38, 35],
        [ 4, 46, 72, 66, 47],
        [ 0, 10, 68, 66, 69],
        ...,
        [63, 10, 54, 69, 68],
        [10,  4, 63, 55, 37],
        [ 0, 72, 19, 46, 65]], device='cuda:0')
Sun 26 May 2024 16:20:04 DEBUG  Top 5 items for user 64: tensor([[15, 73, 17, 38, 64],
        [ 1, 65,  4, 34, 23],
        [33, 51, 29, 17, 64],
        ...,
        [67, 23, 55, 52,  1],
        [65,  4, 67, 10, 38],
        [51, 33,  1,  7, 23]], device='cuda:0')
Sun 26 May 2024 16:20:04 DEBUG  Top 5 items for user 65: tensor([[23, 64, 63, 14, 57],
        [67, 71, 68, 50, 15],
        [59, 23, 43, 38, 26],
        ...,
        [37, 38, 64, 63, 14],
        [67, 63, 66, 34,  9],
        [49, 62, 59, 71, 68]], device='cuda:0')
Sun 26 May 2024 16:20:04 DEBUG  Top 5 items for user 66: tensor([[ 63, 100,   0,  31,  23],
        [ 63,   2,  36, 108,  95],
        [112, 108,  36,  95,  28],
        ...,
        [  2, 112,  64,  31,  26],
        [ 64,   1,  56,  10,  57],
        [  2,  81,   0, 104,  43]], device='cuda:0')
Sun 26 May 2024 16:20:04 DEBUG  Top 5 items for user 67: tensor([[51,  0, 10, 60, 56],
        [14,  6, 58, 22, 52],
        [51,  0, 10,  6, 37],
        ...,
        [42, 61, 36, 39, 52],
        [34,  6, 14,  7, 36],
        [51,  0, 14, 32, 18]], device='cuda:0')
Sun 26 May 2024 16:20:04 DEBUG  Top 5 items for user 68: tensor([[64, 41, 11, 23, 17],
        [37, 27, 53, 74, 41],
        [74, 50, 82, 36, 13],
        ...,
        [50, 53,  2, 21, 13],
        [13, 23, 79, 27, 65],
        [64, 73,  6, 74, 53]], device='cuda:0')
Sun 26 May 2024 16:20:04 DEBUG  Top 5 items for user 69: tensor([[106,  42, 115,  91, 110],
        [ 21,  60,  14,   1, 110],
        [ 60,  47,  24,  11,  94],
        ...,
        [ 49,  13,  42, 115,  93],
        [ 36,  20,  27,  93,  10],
        [115,  63,  13, 110,  49]], device='cuda:0')
Sun 26 May 2024 16:20:04 DEBUG  Top 5 items for user 70: tensor([[ 0, 62, 14, 47, 41],
        [47, 62, 60,  2, 22],
        [55, 39,  0, 51,  3],
        ...,
        [48, 47, 41,  2, 38],
        [60, 47, 49, 46, 38],
        [62,  0, 38,  2, 46]], device='cuda:0')
Sun 26 May 2024 16:20:04 DEBUG  Top 5 items for user 71: tensor([[ 22,  29,  45,  67,  60],
        [ 27,  36, 101,  70,  60],
        [ 29,  12,  22,  39,  57],
        ...,
        [ 67,  45,  60,  36,  90],
        [ 27,  45,  77,   0, 101],
        [ 45,  60,  46,  36, 102]], device='cuda:0')
Sun 26 May 2024 16:20:04 DEBUG  Top 5 items for user 72: tensor([[17, 22, 20, 42,  0],
        [25, 62, 73,  1, 35],
        [47, 46, 69, 61, 40],
        ...,
        [45, 47, 25, 20, 40],
        [28, 62,  5, 16, 37],
        [46, 73, 28, 25,  0]], device='cuda:0')
Sun 26 May 2024 16:20:04 DEBUG  Top 5 items for user 73: tensor([[45, 41, 70, 55, 57],
        [41, 45, 67, 51, 11],
        [51, 52,  3, 39, 68],
        ...,
        [55, 53, 51, 63, 11],
        [41, 43, 40, 64,  0],
        [51, 11, 40, 22, 68]], device='cuda:0')
Sun 26 May 2024 16:20:04 DEBUG  Top 5 items for user 74: tensor([[34, 50, 15, 17, 41],
        [34, 42, 37, 39, 21],
        [57, 55, 17, 35, 10],
        ...,
        [41, 30, 57, 49, 35],
        [30, 10, 35, 46, 36],
        [50, 55, 30, 42, 46]], device='cuda:0')
Sun 26 May 2024 16:20:04 DEBUG  Top 5 items for user 75: tensor([[52, 34, 62, 38, 15],
        [ 1, 34, 47, 50, 16],
        [41, 16, 29, 55, 11],
        ...,
        [41, 47, 50, 37,  1],
        [34, 11, 63, 41, 50],
        [52, 41,  1, 44, 48]], device='cuda:0')
Sun 26 May 2024 16:20:04 DEBUG  Top 5 items for user 76: tensor([[ 58,  29,  92,  82,  84],
        [ 37, 100,   4,  88,  67],
        [ 29,  56,   5, 100,   4],
        ...,
        [ 67,  82,  92,   2,  61],
        [  0,  81,  95,   5,  79],
        [ 59,   2,  61,  38,  29]], device='cuda:0')
Sun 26 May 2024 16:20:04 DEBUG  Top 5 items for user 77: tensor([[54, 89, 43, 81, 32],
        [72, 32, 54,  3, 61],
        [59, 23, 58, 81, 72],
        ...,
        [54, 61, 15, 89, 43],
        [23, 54, 81, 74, 33],
        [91, 58, 89, 59, 72]], device='cuda:0')
Sun 26 May 2024 16:20:04 DEBUG  Top 5 items for user 78: tensor([[29, 33, 68, 71, 39],
        [33, 22, 71,  6, 51],
        [60, 70, 38, 11, 55],
        ...,
        [29, 16, 70, 43, 22],
        [33, 35, 51, 38, 21],
        [71, 51, 29,  6, 55]], device='cuda:0')
Sun 26 May 2024 16:20:04 DEBUG  Top 5 items for user 79: tensor([[18, 25, 17,  8,  2],
        [ 1, 49, 10,  2,  9],
        [17, 60, 69, 49,  4],
        ...,
        [45,  2, 18,  9, 36],
        [65, 51, 55, 27, 59],
        [ 9,  2, 18,  1, 51]], device='cuda:0')
Sun 26 May 2024 16:20:04 DEBUG  Top 5 items for user 80: tensor([[70, 19, 67, 57, 34],
        [51, 67, 34, 47,  6],
        [60, 69, 65, 70, 16],
        ...,
        [51, 52, 19, 17, 41],
        [54, 29, 34, 51, 33],
        [67, 62, 19, 44,  6]], device='cuda:0')
Sun 26 May 2024 16:20:04 DEBUG  Top 5 items for user 81: tensor([[11,  0, 98, 27, 56],
        [96,  0,  4, 27, 16],
        [66, 83, 16, 84, 56],
        ...,
        [56,  4, 15, 20, 55],
        [24, 86,  8, 88, 74],
        [ 0,  4, 48, 11,  9]], device='cuda:0')
Sun 26 May 2024 16:20:04 DEBUG  Top 5 items for user 82: tensor([[42, 66, 55, 38, 20],
        [42, 38, 27, 60, 56],
        [46, 49,  4, 36, 56],
        ...,
        [17, 60, 49, 56, 27],
        [38, 63, 72, 37, 65],
        [57, 17, 27, 37, 56]], device='cuda:0')
Sun 26 May 2024 16:20:05 DEBUG  Top 5 items for user 83: tensor([[77, 41, 65, 19, 64],
        [ 1, 41, 62,  4, 14],
        [35, 76, 77, 34, 22],
        ...,
        [19, 62, 65,  1, 40],
        [20,  0,  4, 14, 42],
        [56,  1, 35, 37, 19]], device='cuda:0')
Sun 26 May 2024 16:20:05 DEBUG  Top 5 items for user 84: tensor([[ 49, 103,  44,  95,  75],
        [ 61,  15,  62,  75,   5],
        [ 15,  94,  38,  17,  82],
        ...,
        [ 46,  82,   5,  44,  65],
        [ 49,  94,  46,  40,  82],
        [ 95,  46,   5,  75,  72]], device='cuda:0')
Sun 26 May 2024 16:20:05 DEBUG  Top 5 items for user 85: tensor([[ 0, 18, 22,  7, 35],
        [31, 54, 49, 13,  5],
        [68, 43,  0,  7, 27],
        ...,
        [43, 18, 49, 54, 36],
        [36,  9, 13, 49, 37],
        [ 0, 13, 42, 18,  7]], device='cuda:0')
Sun 26 May 2024 16:20:05 DEBUG  Top 5 items for user 86: tensor([[86,  0, 17, 31, 67],
        [ 5, 28, 51, 46, 10],
        [70, 56, 67,  0, 86],
        ...,
        [56, 10, 86, 52,  2],
        [ 5, 16,  6, 81, 28],
        [70, 10,  0, 86, 75]], device='cuda:0')
Sun 26 May 2024 16:20:05 DEBUG  Top 5 items for user 87: tensor([[59, 72, 16, 30, 35],
        [58, 14, 27, 17,  9],
        [47, 31, 72, 62, 44],
        ...,
        [47, 59, 12, 35, 27],
        [ 0, 55, 58, 65, 35],
        [63, 14, 35, 27, 19]], device='cuda:0')
Sun 26 May 2024 16:20:05 DEBUG  Top 5 items for user 88: tensor([[70,  7, 31,  2, 39],
        [51, 55, 58,  2, 22],
        [70, 22, 29, 38,  7],
        ...,
        [12,  2, 31, 70, 51],
        [20, 31, 50,  0, 58],
        [70, 50, 71, 31,  2]], device='cuda:0')
Sun 26 May 2024 16:20:05 DEBUG  Top 5 items for user 89: tensor([[65, 46, 38, 76, 24],
        [ 1, 46, 28, 62, 73],
        [76, 19, 27, 72, 50],
        ...,
        [ 9, 65, 38, 76, 20],
        [24, 73,  0, 57, 16],
        [76,  9,  1, 57, 38]], device='cuda:0')
Sun 26 May 2024 16:20:05 DEBUG  Top 5 items for user 90: tensor([[36, 39, 66,  9, 20],
        [36, 23, 45, 18, 30],
        [44, 67, 66, 41, 22],
        ...,
        [12, 35, 16, 43, 44],
        [ 0,  5, 14, 39, 12],
        [17, 16, 66, 35, 26]], device='cuda:0')
Sun 26 May 2024 16:20:05 DEBUG  Top 5 items for user 91: tensor([[ 96, 122, 107,  79,   0],
        [ 79,  29,  17,  65,   7],
        [120,  36,  14,   4,   0],
        ...,
        [ 79,  96,  16,  71,  88],
        [ 29, 108,  27,  79,  90],
        [ 12,  16,  64,   0, 111]], device='cuda:0')
Sun 26 May 2024 16:20:05 DEBUG  Top 5 items for user 92: tensor([[46, 47, 38, 14, 44],
        [ 4, 59, 46, 47, 29],
        [76, 57, 81, 29, 83],
        ...,
        [15, 76, 75, 83, 70],
        [ 4, 35, 27, 23, 19],
        [57, 24, 43, 59, 19]], device='cuda:0')
Sun 26 May 2024 16:20:05 DEBUG  Top 5 items for user 93: tensor([[44, 21, 81, 59, 70],
        [44, 26, 18, 81, 60],
        [80,  3, 55, 39, 14],
        ...,
        [80, 26, 21, 60, 56],
        [29, 78, 18, 75, 16],
        [73, 81, 55, 29, 47]], device='cuda:0')
Sun 26 May 2024 16:20:05 DEBUG  Top 5 items for user 94: tensor([[49, 56, 60, 73, 70],
        [14, 16, 59, 57, 33],
        [16, 11, 69, 46, 12],
        ...,
        [57, 69, 11, 60, 55],
        [11, 37, 59, 14, 67],
        [14, 46, 70, 56, 11]], device='cuda:0')
Sun 26 May 2024 16:20:05 DEBUG  Top 5 items for user 95: tensor([[34,  8,  9, 47,  0],
        [34,  4, 16, 52, 64],
        [64,  3,  8, 60, 45],
        ...,
        [55, 33,  2, 52, 42],
        [34, 26, 65, 16,  4],
        [17, 49, 33, 26,  2]], device='cuda:0')
Sun 26 May 2024 16:20:05 DEBUG  Top 5 items for user 96: tensor([[60, 39, 46, 57, 75],
        [ 9, 48, 33, 39, 42],
        [65, 44, 17,  5, 75],
        ...,
        [46, 38, 11, 65, 19],
        [ 5, 36, 68, 67,  7],
        [48, 40, 38, 57, 66]], device='cuda:0')
Sun 26 May 2024 16:20:05 DEBUG  Top 5 items for user 97: tensor([[70, 17, 47, 80, 44],
        [65,  4, 46, 18, 47],
        [77, 47, 45, 54, 18],
        ...,
        [47, 77, 71, 70, 54],
        [ 0, 47, 33, 45, 71],
        [58, 47, 40, 53, 33]], device='cuda:0')
Sun 26 May 2024 16:20:05 DEBUG  Top 5 items for user 98: tensor([[73, 43, 21, 74, 23],
        [76, 17, 10, 18,  2],
        [68, 17, 38,  3, 53],
        ...,
        [ 2, 21, 66, 73, 63],
        [30, 76, 73, 18, 36],
        [68, 19, 30,  2, 80]], device='cuda:0')
Sun 26 May 2024 16:20:05 DEBUG  Top 5 items for user 99: tensor([[43,  9, 97, 94, 95],
        [ 7, 28, 21, 43, 67],
        [44, 95, 49, 67,  8],
        ...,
        [43, 66, 12, 55, 44],
        [33, 90, 39, 52, 28],
        [43,  9, 44, 12, 39]], device='cuda:0')
Sun 26 May 2024 16:20:05 DEBUG  Top 5 items for user 100: tensor([[62, 20, 40,  8, 24],
        [36, 73, 43, 16,  2],
        [70, 16, 42,  8, 12],
        ...,
        [20, 62, 70,  2,  9],
        [29,  0, 15, 21, 67],
        [54, 73, 37, 20, 29]], device='cuda:0')
