Thu 25 Apr 2024 23:10:25 INFO  ['run_recbole.py', '--model=ANS', '--dataset=ml-100k']
Thu 25 Apr 2024 23:10:25 INFO  
General Hyper Parameters:
gpu_id = 0
use_gpu = True
seed = 2020
state = DEBUG
reproducibility = True
data_path = /home/simeon/Git_Repositories/ANS-Recbole/recbole/config/../dataset_example/ml-100k
checkpoint_dir = saved
show_progress = True
save_dataset = False
dataset_save_path = None
save_dataloaders = False
dataloaders_save_path = None
log_wandb = False

Training Hyper Parameters:
epochs = 500
train_batch_size = 2048
learner = adam
learning_rate = 0.0001
train_neg_sample_args = {'distribution': 'uniform', 'sample_num': 1, 'alpha': 1.0, 'dynamic': False, 'candidate_num': 0}
eval_step = 1
stopping_step = 100
clip_grad_norm = None
weight_decay = 0.0
loss_decimal_place = 4

Evaluation Hyper Parameters:
eval_args = {'split': {'RS': [0.8, 0.1, 0.1]}, 'group_by': 'user', 'order': 'RO', 'mode': 'full'}
repeatable = False
metrics = ['Recall', 'MRR', 'NDCG', 'Hit', 'Precision']
topk = [20]
valid_metric = MRR@20
valid_metric_bigger = True
eval_batch_size = 4096
metric_decimal_place = 4

Dataset Hyper Parameters:
field_separator = 	
seq_separator =  
USER_ID_FIELD = user_id
ITEM_ID_FIELD = item_id
RATING_FIELD = rating
TIME_FIELD = timestamp
seq_len = None
LABEL_FIELD = label
threshold = {'rating': 4.0}
NEG_PREFIX = neg_
load_col = {'inter': ['user_id', 'item_id', 'rating', 'timestamp']}
unload_col = None
unused_col = None
additional_feat_suffix = None
rm_dup_inter = None
val_interval = None
filter_inter_by_user_or_item = True
user_inter_num_interval = None
item_inter_num_interval = None
alias_of_user_id = None
alias_of_item_id = None
alias_of_entity_id = None
alias_of_relation_id = None
preload_weight = None
normalize_field = None
normalize_all = True
ITEM_LIST_LENGTH_FIELD = item_length
LIST_SUFFIX = _list
MAX_ITEM_LIST_LENGTH = 50
POSITION_FIELD = position_id
HEAD_ENTITY_ID_FIELD = head_id
TAIL_ENTITY_ID_FIELD = tail_id
RELATION_ID_FIELD = relation_id
ENTITY_ID_FIELD = entity_id
kg_reverse_r = False
entity_kg_num_interval = None
relation_kg_num_interval = None
benchmark_filename = None

Other Hyper Parameters: 
worker = 0
wandb_project = recbole
shuffle = True
require_pow = False
enable_amp = False
enable_scaler = False
transform = None
embedding_size = 64
n_layers = 3
reg_weight = 0.0001
eps = 0.3
gamma = 0.15
numerical_features = []
discretization = None
MODEL_TYPE = ModelType.GENERAL
MODEL_INPUT_TYPE = InputType.PAIRWISE
eval_type = EvaluatorType.RANKING
single_spec = True
local_rank = 0
device = cuda
eval_neg_sample_args = {'distribution': 'uniform', 'sample_num': 'none'}


Thu 25 Apr 2024 23:10:25 DEBUG  Loading <class 'recbole.data.dataset.augmented_dataset.AugmentedDataset'> from scratch.
Thu 25 Apr 2024 23:10:25 DEBUG  uid_field: user_id
Thu 25 Apr 2024 23:10:25 DEBUG  iid_field: item_id
Thu 25 Apr 2024 23:10:25 DEBUG  Loading feature from [/home/simeon/Git_Repositories/ANS-Recbole/recbole/config/../dataset_example/ml-100k/ml-100k.inter] (source: [FeatureSource.INTERACTION]).
Thu 25 Apr 2024 23:10:25 DEBUG  [inter]: 
Thu 25 Apr 2024 23:10:25 DEBUG  	 load_col: [{'item_id', 'user_id', 'rating', 'timestamp'}]
Thu 25 Apr 2024 23:10:25 DEBUG  	 unload_col: [None]
Thu 25 Apr 2024 23:10:25 DEBUG  Interaction feature loaded successfully from [/home/simeon/Git_Repositories/ANS-Recbole/recbole/config/../dataset_example/ml-100k/ml-100k.inter].
Thu 25 Apr 2024 23:10:25 DEBUG  Loading feature from [/home/simeon/Git_Repositories/ANS-Recbole/recbole/config/../dataset_example/ml-100k/ml-100k.user] (source: [FeatureSource.USER]).
Thu 25 Apr 2024 23:10:25 DEBUG  [user]: 
Thu 25 Apr 2024 23:10:25 DEBUG  	 load_col: [set()]
Thu 25 Apr 2024 23:10:25 DEBUG  	 unload_col: [None]
Thu 25 Apr 2024 23:10:25 DEBUG  [user] feature loaded successfully from [/home/simeon/Git_Repositories/ANS-Recbole/recbole/config/../dataset_example/ml-100k/ml-100k.user].
Thu 25 Apr 2024 23:10:25 DEBUG  Loading feature from [/home/simeon/Git_Repositories/ANS-Recbole/recbole/config/../dataset_example/ml-100k/ml-100k.item] (source: [FeatureSource.ITEM]).
Thu 25 Apr 2024 23:10:25 DEBUG  [item]: 
Thu 25 Apr 2024 23:10:25 DEBUG  	 load_col: [set()]
Thu 25 Apr 2024 23:10:25 DEBUG  	 unload_col: [None]
Thu 25 Apr 2024 23:10:25 DEBUG  [item] feature loaded successfully from [/home/simeon/Git_Repositories/ANS-Recbole/recbole/config/../dataset_example/ml-100k/ml-100k.item].
Thu 25 Apr 2024 23:10:25 DEBUG  drop_by_value: val={}
Thu 25 Apr 2024 23:10:25 DEBUG  Filling nan
Thu 25 Apr 2024 23:10:25 DEBUG  Set label by {'rating': 4.0}.
Thu 25 Apr 2024 23:10:25 DEBUG  Delete column [rating].
Thu 25 Apr 2024 23:10:25 DEBUG  Normalized fields: ['timestamp', 'label']
Thu 25 Apr 2024 23:10:25 INFO  ml-100k
The number of users: 944
Average actions of users: 106.04453870625663
The number of items: 1683
Average actions of items: 59.45303210463734
The number of inters: 100000
The sparsity of the dataset: 93.70575143257098%
Remain Fields: ['user_id', 'item_id', 'timestamp', 'label']
Thu 25 Apr 2024 23:10:25 DEBUG  100000
Thu 25 Apr 2024 23:10:25 DEBUG  split by ratios [[0.8, 0.1, 0.1]], group_by=[user_id]
Thu 25 Apr 2024 23:10:25 DEBUG  100000
