Sun 23 Jun 2024 13:57:12 DEBUG  Loading <class 'recbole.data.dataset.augmented_dataset.AugmentedDataset'> from scratch.
Sun 23 Jun 2024 13:57:12 DEBUG  uid_field: user_id
Sun 23 Jun 2024 13:57:12 DEBUG  iid_field: item_id
Sun 23 Jun 2024 13:57:12 DEBUG  Loading feature from [/home/simeon/Git_Repositories/ANS-Recbole/recbole/config/../dataset_example/ml-100k/ml-100k.inter] (source: [FeatureSource.INTERACTION]).
Sun 23 Jun 2024 13:57:12 DEBUG  [inter]: 
Sun 23 Jun 2024 13:57:12 DEBUG  	 load_col: [{'item_id', 'user_id', 'rating'}]
Sun 23 Jun 2024 13:57:12 DEBUG  	 unload_col: [None]
Sun 23 Jun 2024 13:57:12 DEBUG  Interaction feature loaded successfully from [/home/simeon/Git_Repositories/ANS-Recbole/recbole/config/../dataset_example/ml-100k/ml-100k.inter].
Sun 23 Jun 2024 13:57:12 DEBUG  Loading feature from [/home/simeon/Git_Repositories/ANS-Recbole/recbole/config/../dataset_example/ml-100k/ml-100k.user] (source: [FeatureSource.USER]).
Sun 23 Jun 2024 13:57:12 DEBUG  [user]: 
Sun 23 Jun 2024 13:57:12 DEBUG  	 load_col: [set()]
Sun 23 Jun 2024 13:57:12 DEBUG  	 unload_col: [None]
Sun 23 Jun 2024 13:57:12 DEBUG  [user] feature loaded successfully from [/home/simeon/Git_Repositories/ANS-Recbole/recbole/config/../dataset_example/ml-100k/ml-100k.user].
Sun 23 Jun 2024 13:57:12 DEBUG  Loading feature from [/home/simeon/Git_Repositories/ANS-Recbole/recbole/config/../dataset_example/ml-100k/ml-100k.item] (source: [FeatureSource.ITEM]).
Sun 23 Jun 2024 13:57:12 DEBUG  [item]: 
Sun 23 Jun 2024 13:57:12 DEBUG  	 load_col: [set()]
Sun 23 Jun 2024 13:57:12 DEBUG  	 unload_col: [None]
Sun 23 Jun 2024 13:57:12 DEBUG  [item] feature loaded successfully from [/home/simeon/Git_Repositories/ANS-Recbole/recbole/config/../dataset_example/ml-100k/ml-100k.item].
Sun 23 Jun 2024 13:57:12 DEBUG  drop_by_value: val={}
Sun 23 Jun 2024 13:57:12 DEBUG  Filling nan
Sun 23 Jun 2024 13:57:12 DEBUG  Set label by {'rating': 4.0}.
Sun 23 Jun 2024 13:57:12 DEBUG  Delete column [rating].
Sun 23 Jun 2024 13:57:12 DEBUG  Normalized fields: ['label']
Sun 23 Jun 2024 13:57:12 DEBUG  100000
Sun 23 Jun 2024 13:57:12 DEBUG  split by ratios [[0.8, 0.1, 0.1]], group_by=[user_id]
Sun 23 Jun 2024 13:57:12 DEBUG  Vor augmentation: 80808
