Tue 07 May 2024 18:43:49 INFO  ['run_recbole.py', '--model=ANS', '--dataset=ml-100k']
Tue 07 May 2024 18:43:49 INFO  
General Hyper Parameters:
gpu_id = 0
use_gpu = True
seed = 2020
state = DEBUG
reproducibility = True
data_path = /home/simeon/Git_Repositories/ANS-Recbole/recbole/config/../dataset_example/ml-100k
checkpoint_dir = saved
show_progress = True
save_dataset = False
dataset_save_path = None
save_dataloaders = False
dataloaders_save_path = None
log_wandb = False

Training Hyper Parameters:
epochs = 500
train_batch_size = 2048
learner = adam
learning_rate = 0.0001
train_neg_sample_args = {'distribution': 'uniform', 'sample_num': 1, 'alpha': 1.0, 'dynamic': False, 'candidate_num': 4}
eval_step = 1
stopping_step = 100
clip_grad_norm = None
weight_decay = 0.0
loss_decimal_place = 4

Evaluation Hyper Parameters:
eval_args = {'split': {'RS': [0.8, 0.1, 0.1]}, 'group_by': 'user', 'order': 'RO', 'mode': 'full'}
repeatable = False
metrics = ['Recall', 'MRR', 'NDCG', 'Hit', 'Precision']
topk = [20]
valid_metric = MRR@20
valid_metric_bigger = True
eval_batch_size = 4096
metric_decimal_place = 4

Dataset Hyper Parameters:
field_separator = 	
seq_separator =  
USER_ID_FIELD = user_id
ITEM_ID_FIELD = item_id
RATING_FIELD = rating
TIME_FIELD = timestamp
seq_len = None
LABEL_FIELD = label
threshold = {'rating': 4.0}
NEG_PREFIX = neg_
load_col = {'inter': ['user_id', 'item_id', 'rating']}
unload_col = None
unused_col = None
additional_feat_suffix = None
rm_dup_inter = None
val_interval = None
filter_inter_by_user_or_item = True
user_inter_num_interval = None
item_inter_num_interval = None
alias_of_user_id = None
alias_of_item_id = None
alias_of_entity_id = None
alias_of_relation_id = None
preload_weight = None
normalize_field = None
normalize_all = True
ITEM_LIST_LENGTH_FIELD = item_length
LIST_SUFFIX = _list
MAX_ITEM_LIST_LENGTH = 50
POSITION_FIELD = position_id
HEAD_ENTITY_ID_FIELD = head_id
TAIL_ENTITY_ID_FIELD = tail_id
RELATION_ID_FIELD = relation_id
ENTITY_ID_FIELD = entity_id
kg_reverse_r = False
entity_kg_num_interval = None
relation_kg_num_interval = None
benchmark_filename = None

Other Hyper Parameters: 
worker = 0
wandb_project = recbole
shuffle = True
require_pow = False
enable_amp = False
enable_scaler = False
transform = None
embedding_size = 64
n_layers = 3
reg_weight = 0.0001
eps = 0.3
gamma = 0.15
numerical_features = []
discretization = None
MODEL_TYPE = ModelType.GENERAL
MODEL_INPUT_TYPE = InputType.PAIRWISE
eval_type = EvaluatorType.RANKING
single_spec = True
local_rank = 0
device = cuda
eval_neg_sample_args = {'distribution': 'uniform', 'sample_num': 'none'}


Tue 07 May 2024 18:43:49 DEBUG  Loading <class 'recbole.data.dataset.dataset.Dataset'> from scratch.
Tue 07 May 2024 18:43:49 DEBUG  uid_field: user_id
Tue 07 May 2024 18:43:49 DEBUG  iid_field: item_id
Tue 07 May 2024 18:43:49 DEBUG  Loading feature from [/home/simeon/Git_Repositories/ANS-Recbole/recbole/config/../dataset_example/ml-100k/ml-100k.inter] (source: [FeatureSource.INTERACTION]).
Tue 07 May 2024 18:43:49 DEBUG  [inter]: 
Tue 07 May 2024 18:43:49 DEBUG  	 load_col: [{'user_id', 'item_id', 'rating'}]
Tue 07 May 2024 18:43:49 DEBUG  	 unload_col: [None]
Tue 07 May 2024 18:43:49 DEBUG  Interaction feature loaded successfully from [/home/simeon/Git_Repositories/ANS-Recbole/recbole/config/../dataset_example/ml-100k/ml-100k.inter].
Tue 07 May 2024 18:43:49 DEBUG  Loading feature from [/home/simeon/Git_Repositories/ANS-Recbole/recbole/config/../dataset_example/ml-100k/ml-100k.user] (source: [FeatureSource.USER]).
Tue 07 May 2024 18:43:49 DEBUG  [user]: 
Tue 07 May 2024 18:43:49 DEBUG  	 load_col: [set()]
Tue 07 May 2024 18:43:49 DEBUG  	 unload_col: [None]
Tue 07 May 2024 18:43:49 DEBUG  [user] feature loaded successfully from [/home/simeon/Git_Repositories/ANS-Recbole/recbole/config/../dataset_example/ml-100k/ml-100k.user].
Tue 07 May 2024 18:43:49 DEBUG  Loading feature from [/home/simeon/Git_Repositories/ANS-Recbole/recbole/config/../dataset_example/ml-100k/ml-100k.item] (source: [FeatureSource.ITEM]).
Tue 07 May 2024 18:43:49 DEBUG  [item]: 
Tue 07 May 2024 18:43:49 DEBUG  	 load_col: [set()]
Tue 07 May 2024 18:43:49 DEBUG  	 unload_col: [None]
Tue 07 May 2024 18:43:49 DEBUG  [item] feature loaded successfully from [/home/simeon/Git_Repositories/ANS-Recbole/recbole/config/../dataset_example/ml-100k/ml-100k.item].
Tue 07 May 2024 18:43:49 DEBUG  drop_by_value: val={}
Tue 07 May 2024 18:43:49 DEBUG  Filling nan
Tue 07 May 2024 18:43:49 DEBUG  Set label by {'rating': 4.0}.
Tue 07 May 2024 18:43:49 DEBUG  Delete column [rating].
Tue 07 May 2024 18:43:49 DEBUG  Normalized fields: ['label']
Tue 07 May 2024 18:43:49 INFO  ml-100k
The number of users: 944
Average actions of users: 106.04453870625663
The number of items: 1683
Average actions of items: 59.45303210463734
The number of inters: 100000
The sparsity of the dataset: 93.70575143257098%
Remain Fields: ['user_id', 'item_id', 'label']
Tue 07 May 2024 18:43:49 DEBUG  split by ratios [[0.8, 0.1, 0.1]], group_by=[user_id]
Tue 07 May 2024 18:43:49 INFO  [Training]: train_batch_size = [2048] train_neg_sample_args: [{'distribution': 'uniform', 'sample_num': 1, 'alpha': 1.0, 'dynamic': False, 'candidate_num': 4}]
Tue 07 May 2024 18:43:49 INFO  [Evaluation]: eval_batch_size = [4096] eval_args: [{'split': {'RS': [0.8, 0.1, 0.1]}, 'group_by': 'user', 'order': 'RO', 'mode': 'full'}]
Tue 07 May 2024 18:43:51 INFO  ANS(
  (user_embedding): Embedding(944, 64)
  (item_embedding): Embedding(1683, 64)
  (mf_loss): BPRLoss()
  (reg_loss): EmbLoss()
  (user_gate): Linear(in_features=64, out_features=64, bias=True)
  (item_gate): Linear(in_features=64, out_features=64, bias=True)
  (pos_gate): Linear(in_features=64, out_features=64, bias=True)
  (neg_gate): Linear(in_features=64, out_features=64, bias=True)
  (hard_gate): Linear(in_features=64, out_features=64, bias=True)
  (conf_gate): Linear(in_features=64, out_features=64, bias=True)
  (easy_gate): Linear(in_features=64, out_features=64, bias=True)
  (margin_model): Linear(in_features=64, out_features=1, bias=True)
)
Trainable parameters: 197313
Tue 07 May 2024 18:43:51 INFO  FLOPs: 0.0
Tue 07 May 2024 18:43:53 INFO  epoch 0 training [time: 1.32s, train loss: 32.2292]
Tue 07 May 2024 18:43:53 INFO  epoch 0 evaluating [time: 0.44s, valid_score: 0.026400]
Tue 07 May 2024 18:43:53 INFO  valid result: 
recall@20 : 0.0125    mrr@20 : 0.0264    ndcg@20 : 0.0103    hit@20 : 0.1241    precision@20 : 0.007
Tue 07 May 2024 18:43:53 INFO  Saving current: saved/ANS-May-07-2024_18-43-51.pth
Tue 07 May 2024 18:43:54 INFO  epoch 1 training [time: 0.74s, train loss: 32.2101]
Tue 07 May 2024 18:43:54 INFO  epoch 1 evaluating [time: 0.40s, valid_score: 0.024500]
Tue 07 May 2024 18:43:54 INFO  valid result: 
recall@20 : 0.0119    mrr@20 : 0.0245    ndcg@20 : 0.0099    hit@20 : 0.1241    precision@20 : 0.007
Tue 07 May 2024 18:43:55 INFO  epoch 2 training [time: 0.80s, train loss: 32.1977]
Tue 07 May 2024 18:43:55 INFO  epoch 2 evaluating [time: 0.40s, valid_score: 0.023900]
Tue 07 May 2024 18:43:55 INFO  valid result: 
recall@20 : 0.012    mrr@20 : 0.0239    ndcg@20 : 0.0096    hit@20 : 0.122    precision@20 : 0.0068
Tue 07 May 2024 18:43:56 INFO  epoch 3 training [time: 0.57s, train loss: 32.1871]
Tue 07 May 2024 18:43:56 INFO  epoch 3 evaluating [time: 0.40s, valid_score: 0.022700]
Tue 07 May 2024 18:43:56 INFO  valid result: 
recall@20 : 0.0113    mrr@20 : 0.0227    ndcg@20 : 0.0092    hit@20 : 0.1177    precision@20 : 0.0065
Tue 07 May 2024 18:43:57 INFO  epoch 4 training [time: 0.47s, train loss: 32.1758]
Tue 07 May 2024 18:43:57 INFO  epoch 4 evaluating [time: 0.39s, valid_score: 0.021500]
Tue 07 May 2024 18:43:57 INFO  valid result: 
recall@20 : 0.0094    mrr@20 : 0.0215    ndcg@20 : 0.0083    hit@20 : 0.106    precision@20 : 0.0059
Tue 07 May 2024 18:43:58 INFO  epoch 5 training [time: 0.47s, train loss: 32.1667]
Tue 07 May 2024 18:43:58 INFO  epoch 5 evaluating [time: 0.41s, valid_score: 0.020600]
Tue 07 May 2024 18:43:58 INFO  valid result: 
recall@20 : 0.009    mrr@20 : 0.0206    ndcg@20 : 0.0079    hit@20 : 0.1039    precision@20 : 0.0057
Tue 07 May 2024 18:43:59 INFO  epoch 6 training [time: 0.50s, train loss: 32.1590]
Tue 07 May 2024 18:43:59 INFO  epoch 6 evaluating [time: 0.41s, valid_score: 0.019200]
Tue 07 May 2024 18:43:59 INFO  valid result: 
recall@20 : 0.0091    mrr@20 : 0.0192    ndcg@20 : 0.0077    hit@20 : 0.1039    precision@20 : 0.0057
Tue 07 May 2024 18:44:00 INFO  epoch 7 training [time: 0.58s, train loss: 32.1525]
Tue 07 May 2024 18:44:00 INFO  epoch 7 evaluating [time: 0.42s, valid_score: 0.017900]
Tue 07 May 2024 18:44:00 INFO  valid result: 
recall@20 : 0.0087    mrr@20 : 0.0179    ndcg@20 : 0.0072    hit@20 : 0.0997    precision@20 : 0.0055
Tue 07 May 2024 18:44:01 INFO  epoch 8 training [time: 0.54s, train loss: 32.1495]
Tue 07 May 2024 18:44:01 INFO  epoch 8 evaluating [time: 0.43s, valid_score: 0.017000]
Tue 07 May 2024 18:44:01 INFO  valid result: 
recall@20 : 0.0087    mrr@20 : 0.017    ndcg@20 : 0.007    hit@20 : 0.0986    precision@20 : 0.0054
Tue 07 May 2024 18:44:02 INFO  epoch 9 training [time: 0.55s, train loss: 32.1453]
Tue 07 May 2024 18:44:02 INFO  epoch 9 evaluating [time: 0.43s, valid_score: 0.016100]
Tue 07 May 2024 18:44:02 INFO  valid result: 
recall@20 : 0.008    mrr@20 : 0.0161    ndcg@20 : 0.0066    hit@20 : 0.0944    precision@20 : 0.0051
Tue 07 May 2024 18:44:03 INFO  epoch 10 training [time: 0.58s, train loss: 32.1401]
Tue 07 May 2024 18:44:03 INFO  epoch 10 evaluating [time: 0.42s, valid_score: 0.015500]
Tue 07 May 2024 18:44:03 INFO  valid result: 
recall@20 : 0.0078    mrr@20 : 0.0155    ndcg@20 : 0.0063    hit@20 : 0.0891    precision@20 : 0.0049
Tue 07 May 2024 18:44:04 INFO  epoch 11 training [time: 0.57s, train loss: 32.1334]
Tue 07 May 2024 18:44:04 INFO  epoch 11 evaluating [time: 0.43s, valid_score: 0.015300]
Tue 07 May 2024 18:44:04 INFO  valid result: 
recall@20 : 0.0078    mrr@20 : 0.0153    ndcg@20 : 0.0063    hit@20 : 0.0912    precision@20 : 0.005
Tue 07 May 2024 18:44:05 INFO  epoch 12 training [time: 0.53s, train loss: 32.1260]
Tue 07 May 2024 18:44:05 INFO  epoch 12 evaluating [time: 0.41s, valid_score: 0.014300]
Tue 07 May 2024 18:44:05 INFO  valid result: 
recall@20 : 0.007    mrr@20 : 0.0143    ndcg@20 : 0.0058    hit@20 : 0.0838    precision@20 : 0.0046
Tue 07 May 2024 18:44:06 INFO  epoch 13 training [time: 0.75s, train loss: 32.1210]
Tue 07 May 2024 18:44:06 INFO  epoch 13 evaluating [time: 0.42s, valid_score: 0.014000]
Tue 07 May 2024 18:44:06 INFO  valid result: 
recall@20 : 0.0068    mrr@20 : 0.014    ndcg@20 : 0.0056    hit@20 : 0.0795    precision@20 : 0.0044
Tue 07 May 2024 18:44:07 INFO  epoch 14 training [time: 0.85s, train loss: 32.1129]
Tue 07 May 2024 18:44:07 INFO  epoch 14 evaluating [time: 0.41s, valid_score: 0.013900]
Tue 07 May 2024 18:44:07 INFO  valid result: 
recall@20 : 0.0069    mrr@20 : 0.0139    ndcg@20 : 0.0057    hit@20 : 0.0838    precision@20 : 0.0046
Tue 07 May 2024 18:44:08 INFO  epoch 15 training [time: 0.83s, train loss: 32.1075]
Tue 07 May 2024 18:44:09 INFO  epoch 15 evaluating [time: 0.40s, valid_score: 0.013300]
Tue 07 May 2024 18:44:09 INFO  valid result: 
recall@20 : 0.0064    mrr@20 : 0.0133    ndcg@20 : 0.0053    hit@20 : 0.0774    precision@20 : 0.0043
Tue 07 May 2024 18:44:09 INFO  epoch 16 training [time: 0.67s, train loss: 32.1011]
Tue 07 May 2024 18:44:10 INFO  epoch 16 evaluating [time: 0.40s, valid_score: 0.013000]
Tue 07 May 2024 18:44:10 INFO  valid result: 
recall@20 : 0.006    mrr@20 : 0.013    ndcg@20 : 0.0051    hit@20 : 0.0742    precision@20 : 0.0041
Tue 07 May 2024 18:44:10 INFO  epoch 17 training [time: 0.81s, train loss: 32.0952]
Tue 07 May 2024 18:44:11 INFO  epoch 17 evaluating [time: 0.41s, valid_score: 0.012700]
Tue 07 May 2024 18:44:11 INFO  valid result: 
recall@20 : 0.0063    mrr@20 : 0.0127    ndcg@20 : 0.005    hit@20 : 0.0732    precision@20 : 0.004
Tue 07 May 2024 18:44:11 INFO  epoch 18 training [time: 0.61s, train loss: 32.0901]
Tue 07 May 2024 18:44:12 INFO  epoch 18 evaluating [time: 0.40s, valid_score: 0.012500]
Tue 07 May 2024 18:44:12 INFO  valid result: 
recall@20 : 0.0064    mrr@20 : 0.0125    ndcg@20 : 0.005    hit@20 : 0.0742    precision@20 : 0.004
Tue 07 May 2024 18:44:12 INFO  epoch 19 training [time: 0.56s, train loss: 32.0856]
Tue 07 May 2024 18:44:13 INFO  epoch 19 evaluating [time: 0.41s, valid_score: 0.012300]
Tue 07 May 2024 18:44:13 INFO  valid result: 
recall@20 : 0.0062    mrr@20 : 0.0123    ndcg@20 : 0.0048    hit@20 : 0.0689    precision@20 : 0.0037
Tue 07 May 2024 18:44:13 INFO  epoch 20 training [time: 0.54s, train loss: 32.0800]
Tue 07 May 2024 18:44:14 INFO  epoch 20 evaluating [time: 0.40s, valid_score: 0.011900]
Tue 07 May 2024 18:44:14 INFO  valid result: 
recall@20 : 0.0062    mrr@20 : 0.0119    ndcg@20 : 0.0048    hit@20 : 0.07    precision@20 : 0.0038
Tue 07 May 2024 18:44:14 INFO  epoch 21 training [time: 0.55s, train loss: 32.0749]
Tue 07 May 2024 18:44:15 INFO  epoch 21 evaluating [time: 0.42s, valid_score: 0.011900]
Tue 07 May 2024 18:44:15 INFO  valid result: 
recall@20 : 0.0061    mrr@20 : 0.0119    ndcg@20 : 0.0048    hit@20 : 0.07    precision@20 : 0.0038
Tue 07 May 2024 18:44:15 INFO  epoch 22 training [time: 0.60s, train loss: 32.0691]
Tue 07 May 2024 18:44:16 INFO  epoch 22 evaluating [time: 0.41s, valid_score: 0.011700]
Tue 07 May 2024 18:44:16 INFO  valid result: 
recall@20 : 0.0059    mrr@20 : 0.0117    ndcg@20 : 0.0047    hit@20 : 0.0668    precision@20 : 0.0037
Tue 07 May 2024 18:44:16 INFO  epoch 23 training [time: 0.61s, train loss: 32.0650]
Tue 07 May 2024 18:44:17 INFO  epoch 23 evaluating [time: 0.43s, valid_score: 0.011400]
Tue 07 May 2024 18:44:17 INFO  valid result: 
recall@20 : 0.0056    mrr@20 : 0.0114    ndcg@20 : 0.0046    hit@20 : 0.0689    precision@20 : 0.0038
Tue 07 May 2024 18:44:18 INFO  epoch 24 training [time: 0.88s, train loss: 32.0604]
