Tue 07 May 2024 16:44:52 INFO  ['run_recbole.py', '--model=ANS', '--dataset=ml-100k']
Tue 07 May 2024 16:44:52 INFO  
General Hyper Parameters:
gpu_id = 0
use_gpu = True
seed = 2020
state = DEBUG
reproducibility = True
data_path = /home/simeon/Git_Repositories/ANS-Recbole/recbole/config/../dataset_example/ml-100k
checkpoint_dir = saved
show_progress = True
save_dataset = False
dataset_save_path = None
save_dataloaders = False
dataloaders_save_path = None
log_wandb = False

Training Hyper Parameters:
epochs = 500
train_batch_size = 2048
learner = adam
learning_rate = 0.0001
train_neg_sample_args = {'distribution': 'uniform', 'sample_num': 1, 'alpha': 1.0, 'dynamic': False, 'candidate_num': 4}
eval_step = 1
stopping_step = 100
clip_grad_norm = None
weight_decay = 0.0
loss_decimal_place = 4

Evaluation Hyper Parameters:
eval_args = {'split': {'RS': [0.8, 0.1, 0.1]}, 'group_by': 'user', 'order': 'RO', 'mode': 'full'}
repeatable = False
metrics = ['Recall', 'MRR', 'NDCG', 'Hit', 'Precision']
topk = [20]
valid_metric = MRR@20
valid_metric_bigger = True
eval_batch_size = 4096
metric_decimal_place = 4

Dataset Hyper Parameters:
field_separator = 	
seq_separator =  
USER_ID_FIELD = user_id
ITEM_ID_FIELD = item_id
RATING_FIELD = rating
TIME_FIELD = timestamp
seq_len = None
LABEL_FIELD = label
threshold = {'rating': 4.0}
NEG_PREFIX = neg_
load_col = {'inter': ['user_id', 'item_id', 'rating']}
unload_col = None
unused_col = None
additional_feat_suffix = None
rm_dup_inter = None
val_interval = None
filter_inter_by_user_or_item = True
user_inter_num_interval = None
item_inter_num_interval = None
alias_of_user_id = None
alias_of_item_id = None
alias_of_entity_id = None
alias_of_relation_id = None
preload_weight = None
normalize_field = None
normalize_all = True
ITEM_LIST_LENGTH_FIELD = item_length
LIST_SUFFIX = _list
MAX_ITEM_LIST_LENGTH = 50
POSITION_FIELD = position_id
HEAD_ENTITY_ID_FIELD = head_id
TAIL_ENTITY_ID_FIELD = tail_id
RELATION_ID_FIELD = relation_id
ENTITY_ID_FIELD = entity_id
kg_reverse_r = False
entity_kg_num_interval = None
relation_kg_num_interval = None
benchmark_filename = None

Other Hyper Parameters: 
worker = 0
wandb_project = recbole
shuffle = True
require_pow = False
enable_amp = False
enable_scaler = False
transform = None
embedding_size = 64
n_layers = 3
reg_weight = 0.0001
eps = 0.3
gamma = 0.15
numerical_features = []
discretization = None
MODEL_TYPE = ModelType.GENERAL
MODEL_INPUT_TYPE = InputType.PAIRWISE
eval_type = EvaluatorType.RANKING
single_spec = True
local_rank = 0
device = cuda
eval_neg_sample_args = {'distribution': 'uniform', 'sample_num': 'none'}


Tue 07 May 2024 16:44:52 DEBUG  Loading <class 'recbole.data.dataset.augmented_dataset.AugmentedDataset'> from scratch.
Tue 07 May 2024 16:44:52 DEBUG  uid_field: user_id
Tue 07 May 2024 16:44:52 DEBUG  iid_field: item_id
Tue 07 May 2024 16:44:52 DEBUG  Loading feature from [/home/simeon/Git_Repositories/ANS-Recbole/recbole/config/../dataset_example/ml-100k/ml-100k.inter] (source: [FeatureSource.INTERACTION]).
Tue 07 May 2024 16:44:52 DEBUG  [inter]: 
Tue 07 May 2024 16:44:52 DEBUG  	 load_col: [{'rating', 'user_id', 'item_id'}]
Tue 07 May 2024 16:44:52 DEBUG  	 unload_col: [None]
Tue 07 May 2024 16:44:52 DEBUG  Interaction feature loaded successfully from [/home/simeon/Git_Repositories/ANS-Recbole/recbole/config/../dataset_example/ml-100k/ml-100k.inter].
Tue 07 May 2024 16:44:52 DEBUG  Loading feature from [/home/simeon/Git_Repositories/ANS-Recbole/recbole/config/../dataset_example/ml-100k/ml-100k.user] (source: [FeatureSource.USER]).
Tue 07 May 2024 16:44:52 DEBUG  [user]: 
Tue 07 May 2024 16:44:52 DEBUG  	 load_col: [set()]
Tue 07 May 2024 16:44:52 DEBUG  	 unload_col: [None]
Tue 07 May 2024 16:44:52 DEBUG  [user] feature loaded successfully from [/home/simeon/Git_Repositories/ANS-Recbole/recbole/config/../dataset_example/ml-100k/ml-100k.user].
Tue 07 May 2024 16:44:52 DEBUG  Loading feature from [/home/simeon/Git_Repositories/ANS-Recbole/recbole/config/../dataset_example/ml-100k/ml-100k.item] (source: [FeatureSource.ITEM]).
Tue 07 May 2024 16:44:52 DEBUG  [item]: 
Tue 07 May 2024 16:44:52 DEBUG  	 load_col: [set()]
Tue 07 May 2024 16:44:52 DEBUG  	 unload_col: [None]
Tue 07 May 2024 16:44:52 DEBUG  [item] feature loaded successfully from [/home/simeon/Git_Repositories/ANS-Recbole/recbole/config/../dataset_example/ml-100k/ml-100k.item].
Tue 07 May 2024 16:44:52 DEBUG  drop_by_value: val={}
Tue 07 May 2024 16:44:52 DEBUG  Filling nan
Tue 07 May 2024 16:44:52 DEBUG  Set label by {'rating': 4.0}.
Tue 07 May 2024 16:44:52 DEBUG  Delete column [rating].
Tue 07 May 2024 16:44:52 DEBUG  Normalized fields: ['label']
Tue 07 May 2024 16:44:52 INFO  ml-100k
The number of users: 944
Average actions of users: 106.04453870625663
The number of items: 1683
Average actions of items: 59.45303210463734
The number of inters: 100000
The sparsity of the dataset: 93.70575143257098%
Remain Fields: ['user_id', 'item_id', 'label']
Tue 07 May 2024 16:44:52 DEBUG  100000
Tue 07 May 2024 16:44:52 DEBUG  split by ratios [[0.8, 0.1, 0.1]], group_by=[user_id]
Tue 07 May 2024 16:44:52 DEBUG  Vor augmentation: 80808
Tue 07 May 2024 16:46:12 DEBUG  Index(['user_id', 'item_id', 'label'], dtype='object')
Tue 07 May 2024 16:46:12 DEBUG  80811
Tue 07 May 2024 16:46:12 DEBUG  Classname: AugmentedDataset
Tue 07 May 2024 16:46:12 DEBUG  Augmented dataset
Tue 07 May 2024 16:46:12 DEBUG  Nach augmentation: 81751
Tue 07 May 2024 16:46:12 INFO  [Training]: train_batch_size = [2048] train_neg_sample_args: [{'distribution': 'uniform', 'sample_num': 1, 'alpha': 1.0, 'dynamic': False, 'candidate_num': 4}]
Tue 07 May 2024 16:46:12 INFO  [Evaluation]: eval_batch_size = [4096] eval_args: [{'split': {'RS': [0.8, 0.1, 0.1]}, 'group_by': 'user', 'order': 'RO', 'mode': 'full'}]
Tue 07 May 2024 16:46:13 INFO  ANS(
  (user_embedding): Embedding(944, 64)
  (item_embedding): Embedding(1683, 64)
  (mf_loss): BPRLoss()
  (reg_loss): EmbLoss()
  (user_gate): Linear(in_features=64, out_features=64, bias=True)
  (item_gate): Linear(in_features=64, out_features=64, bias=True)
  (pos_gate): Linear(in_features=64, out_features=64, bias=True)
  (neg_gate): Linear(in_features=64, out_features=64, bias=True)
  (hard_gate): Linear(in_features=64, out_features=64, bias=True)
  (conf_gate): Linear(in_features=64, out_features=64, bias=True)
  (easy_gate): Linear(in_features=64, out_features=64, bias=True)
  (margin_model): Linear(in_features=64, out_features=1, bias=True)
)
Trainable parameters: 197313
Tue 07 May 2024 16:46:13 INFO  FLOPs: 0.0
Tue 07 May 2024 16:46:14 DEBUG  neg_embeddings: torch.Size([2048, 1, 4, 64]) pos_embeddings: torch.Size([2048, 4, 64]) u_embeddings: torch.Size([2048, 4, 64])
Tue 07 May 2024 16:46:14 DEBUG  neg_embeddings: torch.Size([2048, 1, 4, 64]) pos_embeddings: torch.Size([2048, 4, 64]) u_embeddings: torch.Size([2048, 4, 64])
Tue 07 May 2024 16:46:14 DEBUG  neg_embeddings: torch.Size([2048, 1, 4, 64]) pos_embeddings: torch.Size([2048, 4, 64]) u_embeddings: torch.Size([2048, 4, 64])
Tue 07 May 2024 16:46:14 DEBUG  neg_embeddings: torch.Size([2048, 1, 4, 64]) pos_embeddings: torch.Size([2048, 4, 64]) u_embeddings: torch.Size([2048, 4, 64])
Tue 07 May 2024 16:46:14 DEBUG  neg_embeddings: torch.Size([2048, 1, 4, 64]) pos_embeddings: torch.Size([2048, 4, 64]) u_embeddings: torch.Size([2048, 4, 64])
Tue 07 May 2024 16:46:14 DEBUG  neg_embeddings: torch.Size([2048, 1, 4, 64]) pos_embeddings: torch.Size([2048, 4, 64]) u_embeddings: torch.Size([2048, 4, 64])
Tue 07 May 2024 16:46:14 DEBUG  neg_embeddings: torch.Size([2048, 1, 4, 64]) pos_embeddings: torch.Size([2048, 4, 64]) u_embeddings: torch.Size([2048, 4, 64])
Tue 07 May 2024 16:46:14 DEBUG  neg_embeddings: torch.Size([2048, 1, 4, 64]) pos_embeddings: torch.Size([2048, 4, 64]) u_embeddings: torch.Size([2048, 4, 64])
Tue 07 May 2024 16:46:14 DEBUG  neg_embeddings: torch.Size([2048, 1, 4, 64]) pos_embeddings: torch.Size([2048, 4, 64]) u_embeddings: torch.Size([2048, 4, 64])
Tue 07 May 2024 16:46:15 DEBUG  neg_embeddings: torch.Size([2048, 1, 4, 64]) pos_embeddings: torch.Size([2048, 4, 64]) u_embeddings: torch.Size([2048, 4, 64])
Tue 07 May 2024 16:46:15 DEBUG  neg_embeddings: torch.Size([2048, 1, 4, 64]) pos_embeddings: torch.Size([2048, 4, 64]) u_embeddings: torch.Size([2048, 4, 64])
Tue 07 May 2024 16:46:15 DEBUG  neg_embeddings: torch.Size([2048, 1, 4, 64]) pos_embeddings: torch.Size([2048, 4, 64]) u_embeddings: torch.Size([2048, 4, 64])
Tue 07 May 2024 16:46:15 DEBUG  neg_embeddings: torch.Size([2048, 1, 4, 64]) pos_embeddings: torch.Size([2048, 4, 64]) u_embeddings: torch.Size([2048, 4, 64])
Tue 07 May 2024 16:46:15 DEBUG  neg_embeddings: torch.Size([2048, 1, 4, 64]) pos_embeddings: torch.Size([2048, 4, 64]) u_embeddings: torch.Size([2048, 4, 64])
Tue 07 May 2024 16:46:15 DEBUG  neg_embeddings: torch.Size([2048, 1, 4, 64]) pos_embeddings: torch.Size([2048, 4, 64]) u_embeddings: torch.Size([2048, 4, 64])
Tue 07 May 2024 16:46:15 DEBUG  neg_embeddings: torch.Size([2048, 1, 4, 64]) pos_embeddings: torch.Size([2048, 4, 64]) u_embeddings: torch.Size([2048, 4, 64])
Tue 07 May 2024 16:46:15 DEBUG  neg_embeddings: torch.Size([2048, 1, 4, 64]) pos_embeddings: torch.Size([2048, 4, 64]) u_embeddings: torch.Size([2048, 4, 64])
Tue 07 May 2024 16:46:15 DEBUG  neg_embeddings: torch.Size([2048, 1, 4, 64]) pos_embeddings: torch.Size([2048, 4, 64]) u_embeddings: torch.Size([2048, 4, 64])
Tue 07 May 2024 16:46:15 DEBUG  neg_embeddings: torch.Size([2048, 1, 4, 64]) pos_embeddings: torch.Size([2048, 4, 64]) u_embeddings: torch.Size([2048, 4, 64])
Tue 07 May 2024 16:46:15 DEBUG  neg_embeddings: torch.Size([2048, 1, 4, 64]) pos_embeddings: torch.Size([2048, 4, 64]) u_embeddings: torch.Size([2048, 4, 64])
Tue 07 May 2024 16:46:15 DEBUG  neg_embeddings: torch.Size([2048, 1, 4, 64]) pos_embeddings: torch.Size([2048, 4, 64]) u_embeddings: torch.Size([2048, 4, 64])
Tue 07 May 2024 16:46:15 DEBUG  neg_embeddings: torch.Size([2048, 1, 4, 64]) pos_embeddings: torch.Size([2048, 4, 64]) u_embeddings: torch.Size([2048, 4, 64])
Tue 07 May 2024 16:46:15 DEBUG  neg_embeddings: torch.Size([2048, 1, 4, 64]) pos_embeddings: torch.Size([2048, 4, 64]) u_embeddings: torch.Size([2048, 4, 64])
Tue 07 May 2024 16:46:15 DEBUG  neg_embeddings: torch.Size([2048, 1, 4, 64]) pos_embeddings: torch.Size([2048, 4, 64]) u_embeddings: torch.Size([2048, 4, 64])
Tue 07 May 2024 16:46:15 DEBUG  neg_embeddings: torch.Size([2048, 1, 4, 64]) pos_embeddings: torch.Size([2048, 4, 64]) u_embeddings: torch.Size([2048, 4, 64])
Tue 07 May 2024 16:46:15 DEBUG  neg_embeddings: torch.Size([2048, 1, 4, 64]) pos_embeddings: torch.Size([2048, 4, 64]) u_embeddings: torch.Size([2048, 4, 64])
Tue 07 May 2024 16:46:15 DEBUG  neg_embeddings: torch.Size([2048, 1, 4, 64]) pos_embeddings: torch.Size([2048, 4, 64]) u_embeddings: torch.Size([2048, 4, 64])
Tue 07 May 2024 16:46:15 DEBUG  neg_embeddings: torch.Size([2048, 1, 4, 64]) pos_embeddings: torch.Size([2048, 4, 64]) u_embeddings: torch.Size([2048, 4, 64])
Tue 07 May 2024 16:46:15 DEBUG  neg_embeddings: torch.Size([2048, 1, 4, 64]) pos_embeddings: torch.Size([2048, 4, 64]) u_embeddings: torch.Size([2048, 4, 64])
Tue 07 May 2024 16:46:15 DEBUG  neg_embeddings: torch.Size([2048, 1, 4, 64]) pos_embeddings: torch.Size([2048, 4, 64]) u_embeddings: torch.Size([2048, 4, 64])
Tue 07 May 2024 16:46:15 DEBUG  neg_embeddings: torch.Size([2048, 1, 4, 64]) pos_embeddings: torch.Size([2048, 4, 64]) u_embeddings: torch.Size([2048, 4, 64])
Tue 07 May 2024 16:46:15 DEBUG  neg_embeddings: torch.Size([2048, 1, 4, 64]) pos_embeddings: torch.Size([2048, 4, 64]) u_embeddings: torch.Size([2048, 4, 64])
Tue 07 May 2024 16:46:15 DEBUG  neg_embeddings: torch.Size([2048, 1, 4, 64]) pos_embeddings: torch.Size([2048, 4, 64]) u_embeddings: torch.Size([2048, 4, 64])
Tue 07 May 2024 16:46:15 DEBUG  neg_embeddings: torch.Size([2048, 1, 4, 64]) pos_embeddings: torch.Size([2048, 4, 64]) u_embeddings: torch.Size([2048, 4, 64])
Tue 07 May 2024 16:46:15 DEBUG  neg_embeddings: torch.Size([2048, 1, 4, 64]) pos_embeddings: torch.Size([2048, 4, 64]) u_embeddings: torch.Size([2048, 4, 64])
Tue 07 May 2024 16:46:15 DEBUG  neg_embeddings: torch.Size([2048, 1, 4, 64]) pos_embeddings: torch.Size([2048, 4, 64]) u_embeddings: torch.Size([2048, 4, 64])
Tue 07 May 2024 16:46:15 DEBUG  neg_embeddings: torch.Size([2048, 1, 4, 64]) pos_embeddings: torch.Size([2048, 4, 64]) u_embeddings: torch.Size([2048, 4, 64])
Tue 07 May 2024 16:46:15 DEBUG  neg_embeddings: torch.Size([2048, 1, 4, 64]) pos_embeddings: torch.Size([2048, 4, 64]) u_embeddings: torch.Size([2048, 4, 64])
Tue 07 May 2024 16:46:15 DEBUG  neg_embeddings: torch.Size([2048, 1, 4, 64]) pos_embeddings: torch.Size([2048, 4, 64]) u_embeddings: torch.Size([2048, 4, 64])
Tue 07 May 2024 16:46:15 DEBUG  neg_embeddings: torch.Size([1879, 1, 4, 64]) pos_embeddings: torch.Size([1879, 4, 64]) u_embeddings: torch.Size([1879, 4, 64])
Tue 07 May 2024 16:46:15 INFO  epoch 0 training [time: 1.23s, train loss: 32.2285]
Tue 07 May 2024 16:46:15 INFO  epoch 0 evaluating [time: 0.44s, valid_score: 0.025900]
Tue 07 May 2024 16:46:15 INFO  valid result: 
recall@20 : 0.0129    mrr@20 : 0.0259    ndcg@20 : 0.0104    hit@20 : 0.1241    precision@20 : 0.0071
Tue 07 May 2024 16:46:15 INFO  Saving current: saved/ANS-May-07-2024_16-46-13.pth
Tue 07 May 2024 16:46:15 DEBUG  neg_embeddings: torch.Size([2048, 1, 4, 64]) pos_embeddings: torch.Size([2048, 4, 64]) u_embeddings: torch.Size([2048, 4, 64])
Tue 07 May 2024 16:46:16 DEBUG  neg_embeddings: torch.Size([2048, 1, 4, 64]) pos_embeddings: torch.Size([2048, 4, 64]) u_embeddings: torch.Size([2048, 4, 64])
Tue 07 May 2024 16:46:16 DEBUG  neg_embeddings: torch.Size([2048, 1, 4, 64]) pos_embeddings: torch.Size([2048, 4, 64]) u_embeddings: torch.Size([2048, 4, 64])
Tue 07 May 2024 16:46:16 DEBUG  neg_embeddings: torch.Size([2048, 1, 4, 64]) pos_embeddings: torch.Size([2048, 4, 64]) u_embeddings: torch.Size([2048, 4, 64])
Tue 07 May 2024 16:46:16 DEBUG  neg_embeddings: torch.Size([2048, 1, 4, 64]) pos_embeddings: torch.Size([2048, 4, 64]) u_embeddings: torch.Size([2048, 4, 64])
Tue 07 May 2024 16:46:16 DEBUG  neg_embeddings: torch.Size([2048, 1, 4, 64]) pos_embeddings: torch.Size([2048, 4, 64]) u_embeddings: torch.Size([2048, 4, 64])
Tue 07 May 2024 16:46:16 DEBUG  neg_embeddings: torch.Size([2048, 1, 4, 64]) pos_embeddings: torch.Size([2048, 4, 64]) u_embeddings: torch.Size([2048, 4, 64])
Tue 07 May 2024 16:46:16 DEBUG  neg_embeddings: torch.Size([2048, 1, 4, 64]) pos_embeddings: torch.Size([2048, 4, 64]) u_embeddings: torch.Size([2048, 4, 64])
Tue 07 May 2024 16:46:16 DEBUG  neg_embeddings: torch.Size([2048, 1, 4, 64]) pos_embeddings: torch.Size([2048, 4, 64]) u_embeddings: torch.Size([2048, 4, 64])
Tue 07 May 2024 16:46:16 DEBUG  neg_embeddings: torch.Size([2048, 1, 4, 64]) pos_embeddings: torch.Size([2048, 4, 64]) u_embeddings: torch.Size([2048, 4, 64])
Tue 07 May 2024 16:46:16 DEBUG  neg_embeddings: torch.Size([2048, 1, 4, 64]) pos_embeddings: torch.Size([2048, 4, 64]) u_embeddings: torch.Size([2048, 4, 64])
Tue 07 May 2024 16:46:16 DEBUG  neg_embeddings: torch.Size([2048, 1, 4, 64]) pos_embeddings: torch.Size([2048, 4, 64]) u_embeddings: torch.Size([2048, 4, 64])
Tue 07 May 2024 16:46:16 DEBUG  neg_embeddings: torch.Size([2048, 1, 4, 64]) pos_embeddings: torch.Size([2048, 4, 64]) u_embeddings: torch.Size([2048, 4, 64])
Tue 07 May 2024 16:46:16 DEBUG  neg_embeddings: torch.Size([2048, 1, 4, 64]) pos_embeddings: torch.Size([2048, 4, 64]) u_embeddings: torch.Size([2048, 4, 64])
Tue 07 May 2024 16:46:16 DEBUG  neg_embeddings: torch.Size([2048, 1, 4, 64]) pos_embeddings: torch.Size([2048, 4, 64]) u_embeddings: torch.Size([2048, 4, 64])
Tue 07 May 2024 16:46:16 DEBUG  neg_embeddings: torch.Size([2048, 1, 4, 64]) pos_embeddings: torch.Size([2048, 4, 64]) u_embeddings: torch.Size([2048, 4, 64])
Tue 07 May 2024 16:46:16 DEBUG  neg_embeddings: torch.Size([2048, 1, 4, 64]) pos_embeddings: torch.Size([2048, 4, 64]) u_embeddings: torch.Size([2048, 4, 64])
Tue 07 May 2024 16:46:16 DEBUG  neg_embeddings: torch.Size([2048, 1, 4, 64]) pos_embeddings: torch.Size([2048, 4, 64]) u_embeddings: torch.Size([2048, 4, 64])
Tue 07 May 2024 16:46:16 DEBUG  neg_embeddings: torch.Size([2048, 1, 4, 64]) pos_embeddings: torch.Size([2048, 4, 64]) u_embeddings: torch.Size([2048, 4, 64])
Tue 07 May 2024 16:46:16 DEBUG  neg_embeddings: torch.Size([2048, 1, 4, 64]) pos_embeddings: torch.Size([2048, 4, 64]) u_embeddings: torch.Size([2048, 4, 64])
Tue 07 May 2024 16:46:16 DEBUG  neg_embeddings: torch.Size([2048, 1, 4, 64]) pos_embeddings: torch.Size([2048, 4, 64]) u_embeddings: torch.Size([2048, 4, 64])
Tue 07 May 2024 16:46:16 DEBUG  neg_embeddings: torch.Size([2048, 1, 4, 64]) pos_embeddings: torch.Size([2048, 4, 64]) u_embeddings: torch.Size([2048, 4, 64])
Tue 07 May 2024 16:46:16 DEBUG  neg_embeddings: torch.Size([2048, 1, 4, 64]) pos_embeddings: torch.Size([2048, 4, 64]) u_embeddings: torch.Size([2048, 4, 64])
Tue 07 May 2024 16:46:16 DEBUG  neg_embeddings: torch.Size([2048, 1, 4, 64]) pos_embeddings: torch.Size([2048, 4, 64]) u_embeddings: torch.Size([2048, 4, 64])
Tue 07 May 2024 16:46:16 DEBUG  neg_embeddings: torch.Size([2048, 1, 4, 64]) pos_embeddings: torch.Size([2048, 4, 64]) u_embeddings: torch.Size([2048, 4, 64])
Tue 07 May 2024 16:46:16 DEBUG  neg_embeddings: torch.Size([2048, 1, 4, 64]) pos_embeddings: torch.Size([2048, 4, 64]) u_embeddings: torch.Size([2048, 4, 64])
Tue 07 May 2024 16:46:16 DEBUG  neg_embeddings: torch.Size([2048, 1, 4, 64]) pos_embeddings: torch.Size([2048, 4, 64]) u_embeddings: torch.Size([2048, 4, 64])
Tue 07 May 2024 16:46:16 DEBUG  neg_embeddings: torch.Size([2048, 1, 4, 64]) pos_embeddings: torch.Size([2048, 4, 64]) u_embeddings: torch.Size([2048, 4, 64])
Tue 07 May 2024 16:46:16 DEBUG  neg_embeddings: torch.Size([2048, 1, 4, 64]) pos_embeddings: torch.Size([2048, 4, 64]) u_embeddings: torch.Size([2048, 4, 64])
Tue 07 May 2024 16:46:16 DEBUG  neg_embeddings: torch.Size([2048, 1, 4, 64]) pos_embeddings: torch.Size([2048, 4, 64]) u_embeddings: torch.Size([2048, 4, 64])
Tue 07 May 2024 16:46:16 DEBUG  neg_embeddings: torch.Size([2048, 1, 4, 64]) pos_embeddings: torch.Size([2048, 4, 64]) u_embeddings: torch.Size([2048, 4, 64])
Tue 07 May 2024 16:46:16 DEBUG  neg_embeddings: torch.Size([2048, 1, 4, 64]) pos_embeddings: torch.Size([2048, 4, 64]) u_embeddings: torch.Size([2048, 4, 64])
Tue 07 May 2024 16:46:16 DEBUG  neg_embeddings: torch.Size([2048, 1, 4, 64]) pos_embeddings: torch.Size([2048, 4, 64]) u_embeddings: torch.Size([2048, 4, 64])
Tue 07 May 2024 16:46:16 DEBUG  neg_embeddings: torch.Size([2048, 1, 4, 64]) pos_embeddings: torch.Size([2048, 4, 64]) u_embeddings: torch.Size([2048, 4, 64])
Tue 07 May 2024 16:46:16 DEBUG  neg_embeddings: torch.Size([2048, 1, 4, 64]) pos_embeddings: torch.Size([2048, 4, 64]) u_embeddings: torch.Size([2048, 4, 64])
Tue 07 May 2024 16:46:16 DEBUG  neg_embeddings: torch.Size([2048, 1, 4, 64]) pos_embeddings: torch.Size([2048, 4, 64]) u_embeddings: torch.Size([2048, 4, 64])
Tue 07 May 2024 16:46:16 DEBUG  neg_embeddings: torch.Size([2048, 1, 4, 64]) pos_embeddings: torch.Size([2048, 4, 64]) u_embeddings: torch.Size([2048, 4, 64])
Tue 07 May 2024 16:46:16 DEBUG  neg_embeddings: torch.Size([2048, 1, 4, 64]) pos_embeddings: torch.Size([2048, 4, 64]) u_embeddings: torch.Size([2048, 4, 64])
Tue 07 May 2024 16:46:16 DEBUG  neg_embeddings: torch.Size([2048, 1, 4, 64]) pos_embeddings: torch.Size([2048, 4, 64]) u_embeddings: torch.Size([2048, 4, 64])
Tue 07 May 2024 16:46:16 DEBUG  neg_embeddings: torch.Size([1879, 1, 4, 64]) pos_embeddings: torch.Size([1879, 4, 64]) u_embeddings: torch.Size([1879, 4, 64])
Tue 07 May 2024 16:46:16 INFO  epoch 1 training [time: 0.71s, train loss: 32.2108]
Tue 07 May 2024 16:46:17 INFO  epoch 1 evaluating [time: 0.41s, valid_score: 0.024200]
Tue 07 May 2024 16:46:17 INFO  valid result: 
recall@20 : 0.0124    mrr@20 : 0.0242    ndcg@20 : 0.01    hit@20 : 0.1209    precision@20 : 0.0068
Tue 07 May 2024 16:46:17 DEBUG  neg_embeddings: torch.Size([2048, 1, 4, 64]) pos_embeddings: torch.Size([2048, 4, 64]) u_embeddings: torch.Size([2048, 4, 64])
Tue 07 May 2024 16:46:17 DEBUG  neg_embeddings: torch.Size([2048, 1, 4, 64]) pos_embeddings: torch.Size([2048, 4, 64]) u_embeddings: torch.Size([2048, 4, 64])
Tue 07 May 2024 16:46:17 DEBUG  neg_embeddings: torch.Size([2048, 1, 4, 64]) pos_embeddings: torch.Size([2048, 4, 64]) u_embeddings: torch.Size([2048, 4, 64])
Tue 07 May 2024 16:46:17 DEBUG  neg_embeddings: torch.Size([2048, 1, 4, 64]) pos_embeddings: torch.Size([2048, 4, 64]) u_embeddings: torch.Size([2048, 4, 64])
Tue 07 May 2024 16:46:17 DEBUG  neg_embeddings: torch.Size([2048, 1, 4, 64]) pos_embeddings: torch.Size([2048, 4, 64]) u_embeddings: torch.Size([2048, 4, 64])
Tue 07 May 2024 16:46:17 DEBUG  neg_embeddings: torch.Size([2048, 1, 4, 64]) pos_embeddings: torch.Size([2048, 4, 64]) u_embeddings: torch.Size([2048, 4, 64])
Tue 07 May 2024 16:46:17 DEBUG  neg_embeddings: torch.Size([2048, 1, 4, 64]) pos_embeddings: torch.Size([2048, 4, 64]) u_embeddings: torch.Size([2048, 4, 64])
Tue 07 May 2024 16:46:17 DEBUG  neg_embeddings: torch.Size([2048, 1, 4, 64]) pos_embeddings: torch.Size([2048, 4, 64]) u_embeddings: torch.Size([2048, 4, 64])
Tue 07 May 2024 16:46:17 DEBUG  neg_embeddings: torch.Size([2048, 1, 4, 64]) pos_embeddings: torch.Size([2048, 4, 64]) u_embeddings: torch.Size([2048, 4, 64])
Tue 07 May 2024 16:46:17 DEBUG  neg_embeddings: torch.Size([2048, 1, 4, 64]) pos_embeddings: torch.Size([2048, 4, 64]) u_embeddings: torch.Size([2048, 4, 64])
Tue 07 May 2024 16:46:17 DEBUG  neg_embeddings: torch.Size([2048, 1, 4, 64]) pos_embeddings: torch.Size([2048, 4, 64]) u_embeddings: torch.Size([2048, 4, 64])
Tue 07 May 2024 16:46:17 DEBUG  neg_embeddings: torch.Size([2048, 1, 4, 64]) pos_embeddings: torch.Size([2048, 4, 64]) u_embeddings: torch.Size([2048, 4, 64])
Tue 07 May 2024 16:46:17 DEBUG  neg_embeddings: torch.Size([2048, 1, 4, 64]) pos_embeddings: torch.Size([2048, 4, 64]) u_embeddings: torch.Size([2048, 4, 64])
Tue 07 May 2024 16:46:17 DEBUG  neg_embeddings: torch.Size([2048, 1, 4, 64]) pos_embeddings: torch.Size([2048, 4, 64]) u_embeddings: torch.Size([2048, 4, 64])
Tue 07 May 2024 16:46:17 DEBUG  neg_embeddings: torch.Size([2048, 1, 4, 64]) pos_embeddings: torch.Size([2048, 4, 64]) u_embeddings: torch.Size([2048, 4, 64])
Tue 07 May 2024 16:46:17 DEBUG  neg_embeddings: torch.Size([2048, 1, 4, 64]) pos_embeddings: torch.Size([2048, 4, 64]) u_embeddings: torch.Size([2048, 4, 64])
Tue 07 May 2024 16:46:17 DEBUG  neg_embeddings: torch.Size([2048, 1, 4, 64]) pos_embeddings: torch.Size([2048, 4, 64]) u_embeddings: torch.Size([2048, 4, 64])
Tue 07 May 2024 16:46:17 DEBUG  neg_embeddings: torch.Size([2048, 1, 4, 64]) pos_embeddings: torch.Size([2048, 4, 64]) u_embeddings: torch.Size([2048, 4, 64])
Tue 07 May 2024 16:46:17 DEBUG  neg_embeddings: torch.Size([2048, 1, 4, 64]) pos_embeddings: torch.Size([2048, 4, 64]) u_embeddings: torch.Size([2048, 4, 64])
Tue 07 May 2024 16:46:17 DEBUG  neg_embeddings: torch.Size([2048, 1, 4, 64]) pos_embeddings: torch.Size([2048, 4, 64]) u_embeddings: torch.Size([2048, 4, 64])
Tue 07 May 2024 16:46:17 DEBUG  neg_embeddings: torch.Size([2048, 1, 4, 64]) pos_embeddings: torch.Size([2048, 4, 64]) u_embeddings: torch.Size([2048, 4, 64])
Tue 07 May 2024 16:46:17 DEBUG  neg_embeddings: torch.Size([2048, 1, 4, 64]) pos_embeddings: torch.Size([2048, 4, 64]) u_embeddings: torch.Size([2048, 4, 64])
Tue 07 May 2024 16:46:17 DEBUG  neg_embeddings: torch.Size([2048, 1, 4, 64]) pos_embeddings: torch.Size([2048, 4, 64]) u_embeddings: torch.Size([2048, 4, 64])
Tue 07 May 2024 16:46:17 DEBUG  neg_embeddings: torch.Size([2048, 1, 4, 64]) pos_embeddings: torch.Size([2048, 4, 64]) u_embeddings: torch.Size([2048, 4, 64])
Tue 07 May 2024 16:46:17 DEBUG  neg_embeddings: torch.Size([2048, 1, 4, 64]) pos_embeddings: torch.Size([2048, 4, 64]) u_embeddings: torch.Size([2048, 4, 64])
Tue 07 May 2024 16:46:17 DEBUG  neg_embeddings: torch.Size([2048, 1, 4, 64]) pos_embeddings: torch.Size([2048, 4, 64]) u_embeddings: torch.Size([2048, 4, 64])
Tue 07 May 2024 16:46:17 DEBUG  neg_embeddings: torch.Size([2048, 1, 4, 64]) pos_embeddings: torch.Size([2048, 4, 64]) u_embeddings: torch.Size([2048, 4, 64])
Tue 07 May 2024 16:46:17 DEBUG  neg_embeddings: torch.Size([2048, 1, 4, 64]) pos_embeddings: torch.Size([2048, 4, 64]) u_embeddings: torch.Size([2048, 4, 64])
Tue 07 May 2024 16:46:17 DEBUG  neg_embeddings: torch.Size([2048, 1, 4, 64]) pos_embeddings: torch.Size([2048, 4, 64]) u_embeddings: torch.Size([2048, 4, 64])
Tue 07 May 2024 16:46:17 DEBUG  neg_embeddings: torch.Size([2048, 1, 4, 64]) pos_embeddings: torch.Size([2048, 4, 64]) u_embeddings: torch.Size([2048, 4, 64])
Tue 07 May 2024 16:46:17 DEBUG  neg_embeddings: torch.Size([2048, 1, 4, 64]) pos_embeddings: torch.Size([2048, 4, 64]) u_embeddings: torch.Size([2048, 4, 64])
Tue 07 May 2024 16:46:17 DEBUG  neg_embeddings: torch.Size([2048, 1, 4, 64]) pos_embeddings: torch.Size([2048, 4, 64]) u_embeddings: torch.Size([2048, 4, 64])
Tue 07 May 2024 16:46:17 DEBUG  neg_embeddings: torch.Size([2048, 1, 4, 64]) pos_embeddings: torch.Size([2048, 4, 64]) u_embeddings: torch.Size([2048, 4, 64])
Tue 07 May 2024 16:46:17 DEBUG  neg_embeddings: torch.Size([2048, 1, 4, 64]) pos_embeddings: torch.Size([2048, 4, 64]) u_embeddings: torch.Size([2048, 4, 64])
Tue 07 May 2024 16:46:17 DEBUG  neg_embeddings: torch.Size([2048, 1, 4, 64]) pos_embeddings: torch.Size([2048, 4, 64]) u_embeddings: torch.Size([2048, 4, 64])
Tue 07 May 2024 16:46:17 DEBUG  neg_embeddings: torch.Size([2048, 1, 4, 64]) pos_embeddings: torch.Size([2048, 4, 64]) u_embeddings: torch.Size([2048, 4, 64])
Tue 07 May 2024 16:46:17 DEBUG  neg_embeddings: torch.Size([2048, 1, 4, 64]) pos_embeddings: torch.Size([2048, 4, 64]) u_embeddings: torch.Size([2048, 4, 64])
Tue 07 May 2024 16:46:17 DEBUG  neg_embeddings: torch.Size([2048, 1, 4, 64]) pos_embeddings: torch.Size([2048, 4, 64]) u_embeddings: torch.Size([2048, 4, 64])
Tue 07 May 2024 16:46:17 DEBUG  neg_embeddings: torch.Size([2048, 1, 4, 64]) pos_embeddings: torch.Size([2048, 4, 64]) u_embeddings: torch.Size([2048, 4, 64])
Tue 07 May 2024 16:46:17 DEBUG  neg_embeddings: torch.Size([1879, 1, 4, 64]) pos_embeddings: torch.Size([1879, 4, 64]) u_embeddings: torch.Size([1879, 4, 64])
Tue 07 May 2024 16:46:17 INFO  epoch 2 training [time: 0.88s, train loss: 32.1983]
Tue 07 May 2024 16:46:18 INFO  epoch 2 evaluating [time: 0.41s, valid_score: 0.023500]
Tue 07 May 2024 16:46:18 INFO  valid result: 
recall@20 : 0.0118    mrr@20 : 0.0235    ndcg@20 : 0.0095    hit@20 : 0.1188    precision@20 : 0.0066
Tue 07 May 2024 16:46:18 DEBUG  neg_embeddings: torch.Size([2048, 1, 4, 64]) pos_embeddings: torch.Size([2048, 4, 64]) u_embeddings: torch.Size([2048, 4, 64])
Tue 07 May 2024 16:46:18 DEBUG  neg_embeddings: torch.Size([2048, 1, 4, 64]) pos_embeddings: torch.Size([2048, 4, 64]) u_embeddings: torch.Size([2048, 4, 64])
Tue 07 May 2024 16:46:18 DEBUG  neg_embeddings: torch.Size([2048, 1, 4, 64]) pos_embeddings: torch.Size([2048, 4, 64]) u_embeddings: torch.Size([2048, 4, 64])
Tue 07 May 2024 16:46:18 DEBUG  neg_embeddings: torch.Size([2048, 1, 4, 64]) pos_embeddings: torch.Size([2048, 4, 64]) u_embeddings: torch.Size([2048, 4, 64])
Tue 07 May 2024 16:46:18 DEBUG  neg_embeddings: torch.Size([2048, 1, 4, 64]) pos_embeddings: torch.Size([2048, 4, 64]) u_embeddings: torch.Size([2048, 4, 64])
Tue 07 May 2024 16:46:18 DEBUG  neg_embeddings: torch.Size([2048, 1, 4, 64]) pos_embeddings: torch.Size([2048, 4, 64]) u_embeddings: torch.Size([2048, 4, 64])
Tue 07 May 2024 16:46:18 DEBUG  neg_embeddings: torch.Size([2048, 1, 4, 64]) pos_embeddings: torch.Size([2048, 4, 64]) u_embeddings: torch.Size([2048, 4, 64])
Tue 07 May 2024 16:46:18 DEBUG  neg_embeddings: torch.Size([2048, 1, 4, 64]) pos_embeddings: torch.Size([2048, 4, 64]) u_embeddings: torch.Size([2048, 4, 64])
Tue 07 May 2024 16:46:18 DEBUG  neg_embeddings: torch.Size([2048, 1, 4, 64]) pos_embeddings: torch.Size([2048, 4, 64]) u_embeddings: torch.Size([2048, 4, 64])
Tue 07 May 2024 16:46:18 DEBUG  neg_embeddings: torch.Size([2048, 1, 4, 64]) pos_embeddings: torch.Size([2048, 4, 64]) u_embeddings: torch.Size([2048, 4, 64])
Tue 07 May 2024 16:46:18 DEBUG  neg_embeddings: torch.Size([2048, 1, 4, 64]) pos_embeddings: torch.Size([2048, 4, 64]) u_embeddings: torch.Size([2048, 4, 64])
Tue 07 May 2024 16:46:18 DEBUG  neg_embeddings: torch.Size([2048, 1, 4, 64]) pos_embeddings: torch.Size([2048, 4, 64]) u_embeddings: torch.Size([2048, 4, 64])
Tue 07 May 2024 16:46:18 DEBUG  neg_embeddings: torch.Size([2048, 1, 4, 64]) pos_embeddings: torch.Size([2048, 4, 64]) u_embeddings: torch.Size([2048, 4, 64])
Tue 07 May 2024 16:46:18 DEBUG  neg_embeddings: torch.Size([2048, 1, 4, 64]) pos_embeddings: torch.Size([2048, 4, 64]) u_embeddings: torch.Size([2048, 4, 64])
Tue 07 May 2024 16:46:18 DEBUG  neg_embeddings: torch.Size([2048, 1, 4, 64]) pos_embeddings: torch.Size([2048, 4, 64]) u_embeddings: torch.Size([2048, 4, 64])
Tue 07 May 2024 16:46:18 DEBUG  neg_embeddings: torch.Size([2048, 1, 4, 64]) pos_embeddings: torch.Size([2048, 4, 64]) u_embeddings: torch.Size([2048, 4, 64])
Tue 07 May 2024 16:46:18 DEBUG  neg_embeddings: torch.Size([2048, 1, 4, 64]) pos_embeddings: torch.Size([2048, 4, 64]) u_embeddings: torch.Size([2048, 4, 64])
Tue 07 May 2024 16:46:18 DEBUG  neg_embeddings: torch.Size([2048, 1, 4, 64]) pos_embeddings: torch.Size([2048, 4, 64]) u_embeddings: torch.Size([2048, 4, 64])
Tue 07 May 2024 16:46:18 DEBUG  neg_embeddings: torch.Size([2048, 1, 4, 64]) pos_embeddings: torch.Size([2048, 4, 64]) u_embeddings: torch.Size([2048, 4, 64])
Tue 07 May 2024 16:46:18 DEBUG  neg_embeddings: torch.Size([2048, 1, 4, 64]) pos_embeddings: torch.Size([2048, 4, 64]) u_embeddings: torch.Size([2048, 4, 64])
Tue 07 May 2024 16:46:18 DEBUG  neg_embeddings: torch.Size([2048, 1, 4, 64]) pos_embeddings: torch.Size([2048, 4, 64]) u_embeddings: torch.Size([2048, 4, 64])
Tue 07 May 2024 16:46:18 DEBUG  neg_embeddings: torch.Size([2048, 1, 4, 64]) pos_embeddings: torch.Size([2048, 4, 64]) u_embeddings: torch.Size([2048, 4, 64])
Tue 07 May 2024 16:46:18 DEBUG  neg_embeddings: torch.Size([2048, 1, 4, 64]) pos_embeddings: torch.Size([2048, 4, 64]) u_embeddings: torch.Size([2048, 4, 64])
Tue 07 May 2024 16:46:18 DEBUG  neg_embeddings: torch.Size([2048, 1, 4, 64]) pos_embeddings: torch.Size([2048, 4, 64]) u_embeddings: torch.Size([2048, 4, 64])
Tue 07 May 2024 16:46:18 DEBUG  neg_embeddings: torch.Size([2048, 1, 4, 64]) pos_embeddings: torch.Size([2048, 4, 64]) u_embeddings: torch.Size([2048, 4, 64])
Tue 07 May 2024 16:46:18 DEBUG  neg_embeddings: torch.Size([2048, 1, 4, 64]) pos_embeddings: torch.Size([2048, 4, 64]) u_embeddings: torch.Size([2048, 4, 64])
Tue 07 May 2024 16:46:18 DEBUG  neg_embeddings: torch.Size([2048, 1, 4, 64]) pos_embeddings: torch.Size([2048, 4, 64]) u_embeddings: torch.Size([2048, 4, 64])
Tue 07 May 2024 16:46:18 DEBUG  neg_embeddings: torch.Size([2048, 1, 4, 64]) pos_embeddings: torch.Size([2048, 4, 64]) u_embeddings: torch.Size([2048, 4, 64])
Tue 07 May 2024 16:46:18 DEBUG  neg_embeddings: torch.Size([2048, 1, 4, 64]) pos_embeddings: torch.Size([2048, 4, 64]) u_embeddings: torch.Size([2048, 4, 64])
Tue 07 May 2024 16:46:18 DEBUG  neg_embeddings: torch.Size([2048, 1, 4, 64]) pos_embeddings: torch.Size([2048, 4, 64]) u_embeddings: torch.Size([2048, 4, 64])
Tue 07 May 2024 16:46:18 DEBUG  neg_embeddings: torch.Size([2048, 1, 4, 64]) pos_embeddings: torch.Size([2048, 4, 64]) u_embeddings: torch.Size([2048, 4, 64])
Tue 07 May 2024 16:46:18 DEBUG  neg_embeddings: torch.Size([2048, 1, 4, 64]) pos_embeddings: torch.Size([2048, 4, 64]) u_embeddings: torch.Size([2048, 4, 64])
Tue 07 May 2024 16:46:18 DEBUG  neg_embeddings: torch.Size([2048, 1, 4, 64]) pos_embeddings: torch.Size([2048, 4, 64]) u_embeddings: torch.Size([2048, 4, 64])
Tue 07 May 2024 16:46:18 DEBUG  neg_embeddings: torch.Size([2048, 1, 4, 64]) pos_embeddings: torch.Size([2048, 4, 64]) u_embeddings: torch.Size([2048, 4, 64])
Tue 07 May 2024 16:46:18 DEBUG  neg_embeddings: torch.Size([2048, 1, 4, 64]) pos_embeddings: torch.Size([2048, 4, 64]) u_embeddings: torch.Size([2048, 4, 64])
Tue 07 May 2024 16:46:19 DEBUG  neg_embeddings: torch.Size([2048, 1, 4, 64]) pos_embeddings: torch.Size([2048, 4, 64]) u_embeddings: torch.Size([2048, 4, 64])
Tue 07 May 2024 16:46:19 DEBUG  neg_embeddings: torch.Size([2048, 1, 4, 64]) pos_embeddings: torch.Size([2048, 4, 64]) u_embeddings: torch.Size([2048, 4, 64])
Tue 07 May 2024 16:46:19 DEBUG  neg_embeddings: torch.Size([2048, 1, 4, 64]) pos_embeddings: torch.Size([2048, 4, 64]) u_embeddings: torch.Size([2048, 4, 64])
Tue 07 May 2024 16:46:19 DEBUG  neg_embeddings: torch.Size([2048, 1, 4, 64]) pos_embeddings: torch.Size([2048, 4, 64]) u_embeddings: torch.Size([2048, 4, 64])
Tue 07 May 2024 16:46:19 DEBUG  neg_embeddings: torch.Size([1879, 1, 4, 64]) pos_embeddings: torch.Size([1879, 4, 64]) u_embeddings: torch.Size([1879, 4, 64])
Tue 07 May 2024 16:46:19 INFO  epoch 3 training [time: 0.69s, train loss: 32.1858]
Tue 07 May 2024 16:46:19 INFO  epoch 3 evaluating [time: 0.41s, valid_score: 0.022500]
Tue 07 May 2024 16:46:19 INFO  valid result: 
recall@20 : 0.0109    mrr@20 : 0.0225    ndcg@20 : 0.0089    hit@20 : 0.1124    precision@20 : 0.0062
Tue 07 May 2024 16:46:19 DEBUG  neg_embeddings: torch.Size([2048, 1, 4, 64]) pos_embeddings: torch.Size([2048, 4, 64]) u_embeddings: torch.Size([2048, 4, 64])
Tue 07 May 2024 16:46:19 DEBUG  neg_embeddings: torch.Size([2048, 1, 4, 64]) pos_embeddings: torch.Size([2048, 4, 64]) u_embeddings: torch.Size([2048, 4, 64])
Tue 07 May 2024 16:46:19 DEBUG  neg_embeddings: torch.Size([2048, 1, 4, 64]) pos_embeddings: torch.Size([2048, 4, 64]) u_embeddings: torch.Size([2048, 4, 64])
Tue 07 May 2024 16:46:19 DEBUG  neg_embeddings: torch.Size([2048, 1, 4, 64]) pos_embeddings: torch.Size([2048, 4, 64]) u_embeddings: torch.Size([2048, 4, 64])
Tue 07 May 2024 16:46:19 DEBUG  neg_embeddings: torch.Size([2048, 1, 4, 64]) pos_embeddings: torch.Size([2048, 4, 64]) u_embeddings: torch.Size([2048, 4, 64])
Tue 07 May 2024 16:46:19 DEBUG  neg_embeddings: torch.Size([2048, 1, 4, 64]) pos_embeddings: torch.Size([2048, 4, 64]) u_embeddings: torch.Size([2048, 4, 64])
Tue 07 May 2024 16:46:19 DEBUG  neg_embeddings: torch.Size([2048, 1, 4, 64]) pos_embeddings: torch.Size([2048, 4, 64]) u_embeddings: torch.Size([2048, 4, 64])
Tue 07 May 2024 16:46:19 DEBUG  neg_embeddings: torch.Size([2048, 1, 4, 64]) pos_embeddings: torch.Size([2048, 4, 64]) u_embeddings: torch.Size([2048, 4, 64])
Tue 07 May 2024 16:46:19 DEBUG  neg_embeddings: torch.Size([2048, 1, 4, 64]) pos_embeddings: torch.Size([2048, 4, 64]) u_embeddings: torch.Size([2048, 4, 64])
Tue 07 May 2024 16:46:19 DEBUG  neg_embeddings: torch.Size([2048, 1, 4, 64]) pos_embeddings: torch.Size([2048, 4, 64]) u_embeddings: torch.Size([2048, 4, 64])
Tue 07 May 2024 16:46:19 DEBUG  neg_embeddings: torch.Size([2048, 1, 4, 64]) pos_embeddings: torch.Size([2048, 4, 64]) u_embeddings: torch.Size([2048, 4, 64])
Tue 07 May 2024 16:46:19 DEBUG  neg_embeddings: torch.Size([2048, 1, 4, 64]) pos_embeddings: torch.Size([2048, 4, 64]) u_embeddings: torch.Size([2048, 4, 64])
Tue 07 May 2024 16:46:19 DEBUG  neg_embeddings: torch.Size([2048, 1, 4, 64]) pos_embeddings: torch.Size([2048, 4, 64]) u_embeddings: torch.Size([2048, 4, 64])
Tue 07 May 2024 16:46:19 DEBUG  neg_embeddings: torch.Size([2048, 1, 4, 64]) pos_embeddings: torch.Size([2048, 4, 64]) u_embeddings: torch.Size([2048, 4, 64])
Tue 07 May 2024 16:46:19 DEBUG  neg_embeddings: torch.Size([2048, 1, 4, 64]) pos_embeddings: torch.Size([2048, 4, 64]) u_embeddings: torch.Size([2048, 4, 64])
Tue 07 May 2024 16:46:19 DEBUG  neg_embeddings: torch.Size([2048, 1, 4, 64]) pos_embeddings: torch.Size([2048, 4, 64]) u_embeddings: torch.Size([2048, 4, 64])
Tue 07 May 2024 16:46:19 DEBUG  neg_embeddings: torch.Size([2048, 1, 4, 64]) pos_embeddings: torch.Size([2048, 4, 64]) u_embeddings: torch.Size([2048, 4, 64])
Tue 07 May 2024 16:46:19 DEBUG  neg_embeddings: torch.Size([2048, 1, 4, 64]) pos_embeddings: torch.Size([2048, 4, 64]) u_embeddings: torch.Size([2048, 4, 64])
Tue 07 May 2024 16:46:19 DEBUG  neg_embeddings: torch.Size([2048, 1, 4, 64]) pos_embeddings: torch.Size([2048, 4, 64]) u_embeddings: torch.Size([2048, 4, 64])
Tue 07 May 2024 16:46:19 DEBUG  neg_embeddings: torch.Size([2048, 1, 4, 64]) pos_embeddings: torch.Size([2048, 4, 64]) u_embeddings: torch.Size([2048, 4, 64])
Tue 07 May 2024 16:46:19 DEBUG  neg_embeddings: torch.Size([2048, 1, 4, 64]) pos_embeddings: torch.Size([2048, 4, 64]) u_embeddings: torch.Size([2048, 4, 64])
Tue 07 May 2024 16:46:19 DEBUG  neg_embeddings: torch.Size([2048, 1, 4, 64]) pos_embeddings: torch.Size([2048, 4, 64]) u_embeddings: torch.Size([2048, 4, 64])
Tue 07 May 2024 16:46:20 DEBUG  neg_embeddings: torch.Size([2048, 1, 4, 64]) pos_embeddings: torch.Size([2048, 4, 64]) u_embeddings: torch.Size([2048, 4, 64])
Tue 07 May 2024 16:46:20 DEBUG  neg_embeddings: torch.Size([2048, 1, 4, 64]) pos_embeddings: torch.Size([2048, 4, 64]) u_embeddings: torch.Size([2048, 4, 64])
Tue 07 May 2024 16:46:20 DEBUG  neg_embeddings: torch.Size([2048, 1, 4, 64]) pos_embeddings: torch.Size([2048, 4, 64]) u_embeddings: torch.Size([2048, 4, 64])
Tue 07 May 2024 16:46:20 DEBUG  neg_embeddings: torch.Size([2048, 1, 4, 64]) pos_embeddings: torch.Size([2048, 4, 64]) u_embeddings: torch.Size([2048, 4, 64])
Tue 07 May 2024 16:46:20 DEBUG  neg_embeddings: torch.Size([2048, 1, 4, 64]) pos_embeddings: torch.Size([2048, 4, 64]) u_embeddings: torch.Size([2048, 4, 64])
Tue 07 May 2024 16:46:20 DEBUG  neg_embeddings: torch.Size([2048, 1, 4, 64]) pos_embeddings: torch.Size([2048, 4, 64]) u_embeddings: torch.Size([2048, 4, 64])
Tue 07 May 2024 16:46:20 DEBUG  neg_embeddings: torch.Size([2048, 1, 4, 64]) pos_embeddings: torch.Size([2048, 4, 64]) u_embeddings: torch.Size([2048, 4, 64])
Tue 07 May 2024 16:46:20 DEBUG  neg_embeddings: torch.Size([2048, 1, 4, 64]) pos_embeddings: torch.Size([2048, 4, 64]) u_embeddings: torch.Size([2048, 4, 64])
Tue 07 May 2024 16:46:20 DEBUG  neg_embeddings: torch.Size([2048, 1, 4, 64]) pos_embeddings: torch.Size([2048, 4, 64]) u_embeddings: torch.Size([2048, 4, 64])
Tue 07 May 2024 16:46:20 DEBUG  neg_embeddings: torch.Size([2048, 1, 4, 64]) pos_embeddings: torch.Size([2048, 4, 64]) u_embeddings: torch.Size([2048, 4, 64])
Tue 07 May 2024 16:46:20 DEBUG  neg_embeddings: torch.Size([2048, 1, 4, 64]) pos_embeddings: torch.Size([2048, 4, 64]) u_embeddings: torch.Size([2048, 4, 64])
Tue 07 May 2024 16:46:20 DEBUG  neg_embeddings: torch.Size([2048, 1, 4, 64]) pos_embeddings: torch.Size([2048, 4, 64]) u_embeddings: torch.Size([2048, 4, 64])
Tue 07 May 2024 16:46:20 DEBUG  neg_embeddings: torch.Size([2048, 1, 4, 64]) pos_embeddings: torch.Size([2048, 4, 64]) u_embeddings: torch.Size([2048, 4, 64])
Tue 07 May 2024 16:46:20 DEBUG  neg_embeddings: torch.Size([2048, 1, 4, 64]) pos_embeddings: torch.Size([2048, 4, 64]) u_embeddings: torch.Size([2048, 4, 64])
Tue 07 May 2024 16:46:20 DEBUG  neg_embeddings: torch.Size([2048, 1, 4, 64]) pos_embeddings: torch.Size([2048, 4, 64]) u_embeddings: torch.Size([2048, 4, 64])
Tue 07 May 2024 16:46:20 DEBUG  neg_embeddings: torch.Size([2048, 1, 4, 64]) pos_embeddings: torch.Size([2048, 4, 64]) u_embeddings: torch.Size([2048, 4, 64])
Tue 07 May 2024 16:46:20 DEBUG  neg_embeddings: torch.Size([2048, 1, 4, 64]) pos_embeddings: torch.Size([2048, 4, 64]) u_embeddings: torch.Size([2048, 4, 64])
Tue 07 May 2024 16:46:20 DEBUG  neg_embeddings: torch.Size([1879, 1, 4, 64]) pos_embeddings: torch.Size([1879, 4, 64]) u_embeddings: torch.Size([1879, 4, 64])
Tue 07 May 2024 16:46:20 INFO  epoch 4 training [time: 0.87s, train loss: 32.1766]
Tue 07 May 2024 16:46:20 INFO  epoch 4 evaluating [time: 0.42s, valid_score: 0.021900]
Tue 07 May 2024 16:46:20 INFO  valid result: 
recall@20 : 0.0108    mrr@20 : 0.0219    ndcg@20 : 0.0087    hit@20 : 0.1103    precision@20 : 0.006
Tue 07 May 2024 16:46:20 DEBUG  neg_embeddings: torch.Size([2048, 1, 4, 64]) pos_embeddings: torch.Size([2048, 4, 64]) u_embeddings: torch.Size([2048, 4, 64])
Tue 07 May 2024 16:46:20 DEBUG  neg_embeddings: torch.Size([2048, 1, 4, 64]) pos_embeddings: torch.Size([2048, 4, 64]) u_embeddings: torch.Size([2048, 4, 64])
Tue 07 May 2024 16:46:20 DEBUG  neg_embeddings: torch.Size([2048, 1, 4, 64]) pos_embeddings: torch.Size([2048, 4, 64]) u_embeddings: torch.Size([2048, 4, 64])
Tue 07 May 2024 16:46:20 DEBUG  neg_embeddings: torch.Size([2048, 1, 4, 64]) pos_embeddings: torch.Size([2048, 4, 64]) u_embeddings: torch.Size([2048, 4, 64])
Tue 07 May 2024 16:46:20 DEBUG  neg_embeddings: torch.Size([2048, 1, 4, 64]) pos_embeddings: torch.Size([2048, 4, 64]) u_embeddings: torch.Size([2048, 4, 64])
Tue 07 May 2024 16:46:20 DEBUG  neg_embeddings: torch.Size([2048, 1, 4, 64]) pos_embeddings: torch.Size([2048, 4, 64]) u_embeddings: torch.Size([2048, 4, 64])
Tue 07 May 2024 16:46:20 DEBUG  neg_embeddings: torch.Size([2048, 1, 4, 64]) pos_embeddings: torch.Size([2048, 4, 64]) u_embeddings: torch.Size([2048, 4, 64])
Tue 07 May 2024 16:46:20 DEBUG  neg_embeddings: torch.Size([2048, 1, 4, 64]) pos_embeddings: torch.Size([2048, 4, 64]) u_embeddings: torch.Size([2048, 4, 64])
Tue 07 May 2024 16:46:20 DEBUG  neg_embeddings: torch.Size([2048, 1, 4, 64]) pos_embeddings: torch.Size([2048, 4, 64]) u_embeddings: torch.Size([2048, 4, 64])
Tue 07 May 2024 16:46:20 DEBUG  neg_embeddings: torch.Size([2048, 1, 4, 64]) pos_embeddings: torch.Size([2048, 4, 64]) u_embeddings: torch.Size([2048, 4, 64])
Tue 07 May 2024 16:46:20 DEBUG  neg_embeddings: torch.Size([2048, 1, 4, 64]) pos_embeddings: torch.Size([2048, 4, 64]) u_embeddings: torch.Size([2048, 4, 64])
Tue 07 May 2024 16:46:21 DEBUG  neg_embeddings: torch.Size([2048, 1, 4, 64]) pos_embeddings: torch.Size([2048, 4, 64]) u_embeddings: torch.Size([2048, 4, 64])
Tue 07 May 2024 16:46:21 DEBUG  neg_embeddings: torch.Size([2048, 1, 4, 64]) pos_embeddings: torch.Size([2048, 4, 64]) u_embeddings: torch.Size([2048, 4, 64])
Tue 07 May 2024 16:46:21 DEBUG  neg_embeddings: torch.Size([2048, 1, 4, 64]) pos_embeddings: torch.Size([2048, 4, 64]) u_embeddings: torch.Size([2048, 4, 64])
Tue 07 May 2024 16:46:21 DEBUG  neg_embeddings: torch.Size([2048, 1, 4, 64]) pos_embeddings: torch.Size([2048, 4, 64]) u_embeddings: torch.Size([2048, 4, 64])
Tue 07 May 2024 16:46:21 DEBUG  neg_embeddings: torch.Size([2048, 1, 4, 64]) pos_embeddings: torch.Size([2048, 4, 64]) u_embeddings: torch.Size([2048, 4, 64])
Tue 07 May 2024 16:46:21 DEBUG  neg_embeddings: torch.Size([2048, 1, 4, 64]) pos_embeddings: torch.Size([2048, 4, 64]) u_embeddings: torch.Size([2048, 4, 64])
Tue 07 May 2024 16:46:21 DEBUG  neg_embeddings: torch.Size([2048, 1, 4, 64]) pos_embeddings: torch.Size([2048, 4, 64]) u_embeddings: torch.Size([2048, 4, 64])
Tue 07 May 2024 16:46:21 DEBUG  neg_embeddings: torch.Size([2048, 1, 4, 64]) pos_embeddings: torch.Size([2048, 4, 64]) u_embeddings: torch.Size([2048, 4, 64])
Tue 07 May 2024 16:46:21 DEBUG  neg_embeddings: torch.Size([2048, 1, 4, 64]) pos_embeddings: torch.Size([2048, 4, 64]) u_embeddings: torch.Size([2048, 4, 64])
Tue 07 May 2024 16:46:21 DEBUG  neg_embeddings: torch.Size([2048, 1, 4, 64]) pos_embeddings: torch.Size([2048, 4, 64]) u_embeddings: torch.Size([2048, 4, 64])
Tue 07 May 2024 16:46:21 DEBUG  neg_embeddings: torch.Size([2048, 1, 4, 64]) pos_embeddings: torch.Size([2048, 4, 64]) u_embeddings: torch.Size([2048, 4, 64])
Tue 07 May 2024 16:46:21 DEBUG  neg_embeddings: torch.Size([2048, 1, 4, 64]) pos_embeddings: torch.Size([2048, 4, 64]) u_embeddings: torch.Size([2048, 4, 64])
Tue 07 May 2024 16:46:21 DEBUG  neg_embeddings: torch.Size([2048, 1, 4, 64]) pos_embeddings: torch.Size([2048, 4, 64]) u_embeddings: torch.Size([2048, 4, 64])
Tue 07 May 2024 16:46:21 DEBUG  neg_embeddings: torch.Size([2048, 1, 4, 64]) pos_embeddings: torch.Size([2048, 4, 64]) u_embeddings: torch.Size([2048, 4, 64])
Tue 07 May 2024 16:46:21 DEBUG  neg_embeddings: torch.Size([2048, 1, 4, 64]) pos_embeddings: torch.Size([2048, 4, 64]) u_embeddings: torch.Size([2048, 4, 64])
Tue 07 May 2024 16:46:21 DEBUG  neg_embeddings: torch.Size([2048, 1, 4, 64]) pos_embeddings: torch.Size([2048, 4, 64]) u_embeddings: torch.Size([2048, 4, 64])
Tue 07 May 2024 16:46:21 DEBUG  neg_embeddings: torch.Size([2048, 1, 4, 64]) pos_embeddings: torch.Size([2048, 4, 64]) u_embeddings: torch.Size([2048, 4, 64])
Tue 07 May 2024 16:46:21 DEBUG  neg_embeddings: torch.Size([2048, 1, 4, 64]) pos_embeddings: torch.Size([2048, 4, 64]) u_embeddings: torch.Size([2048, 4, 64])
Tue 07 May 2024 16:46:21 DEBUG  neg_embeddings: torch.Size([2048, 1, 4, 64]) pos_embeddings: torch.Size([2048, 4, 64]) u_embeddings: torch.Size([2048, 4, 64])
Tue 07 May 2024 16:46:21 DEBUG  neg_embeddings: torch.Size([2048, 1, 4, 64]) pos_embeddings: torch.Size([2048, 4, 64]) u_embeddings: torch.Size([2048, 4, 64])
Tue 07 May 2024 16:46:21 DEBUG  neg_embeddings: torch.Size([2048, 1, 4, 64]) pos_embeddings: torch.Size([2048, 4, 64]) u_embeddings: torch.Size([2048, 4, 64])
Tue 07 May 2024 16:46:21 DEBUG  neg_embeddings: torch.Size([2048, 1, 4, 64]) pos_embeddings: torch.Size([2048, 4, 64]) u_embeddings: torch.Size([2048, 4, 64])
Tue 07 May 2024 16:46:21 DEBUG  neg_embeddings: torch.Size([2048, 1, 4, 64]) pos_embeddings: torch.Size([2048, 4, 64]) u_embeddings: torch.Size([2048, 4, 64])
Tue 07 May 2024 16:46:21 DEBUG  neg_embeddings: torch.Size([2048, 1, 4, 64]) pos_embeddings: torch.Size([2048, 4, 64]) u_embeddings: torch.Size([2048, 4, 64])
Tue 07 May 2024 16:46:21 DEBUG  neg_embeddings: torch.Size([2048, 1, 4, 64]) pos_embeddings: torch.Size([2048, 4, 64]) u_embeddings: torch.Size([2048, 4, 64])
Tue 07 May 2024 16:46:21 DEBUG  neg_embeddings: torch.Size([2048, 1, 4, 64]) pos_embeddings: torch.Size([2048, 4, 64]) u_embeddings: torch.Size([2048, 4, 64])
Tue 07 May 2024 16:46:21 DEBUG  neg_embeddings: torch.Size([2048, 1, 4, 64]) pos_embeddings: torch.Size([2048, 4, 64]) u_embeddings: torch.Size([2048, 4, 64])
Tue 07 May 2024 16:46:21 DEBUG  neg_embeddings: torch.Size([2048, 1, 4, 64]) pos_embeddings: torch.Size([2048, 4, 64]) u_embeddings: torch.Size([2048, 4, 64])
Tue 07 May 2024 16:46:21 DEBUG  neg_embeddings: torch.Size([1879, 1, 4, 64]) pos_embeddings: torch.Size([1879, 4, 64]) u_embeddings: torch.Size([1879, 4, 64])
Tue 07 May 2024 16:46:21 INFO  epoch 5 training [time: 0.72s, train loss: 32.1652]
Tue 07 May 2024 16:46:21 INFO  epoch 5 evaluating [time: 0.42s, valid_score: 0.020900]
Tue 07 May 2024 16:46:21 INFO  valid result: 
recall@20 : 0.0102    mrr@20 : 0.0209    ndcg@20 : 0.0083    hit@20 : 0.1082    precision@20 : 0.0059
Tue 07 May 2024 16:46:21 DEBUG  neg_embeddings: torch.Size([2048, 1, 4, 64]) pos_embeddings: torch.Size([2048, 4, 64]) u_embeddings: torch.Size([2048, 4, 64])
Tue 07 May 2024 16:46:21 DEBUG  neg_embeddings: torch.Size([2048, 1, 4, 64]) pos_embeddings: torch.Size([2048, 4, 64]) u_embeddings: torch.Size([2048, 4, 64])
Tue 07 May 2024 16:46:21 DEBUG  neg_embeddings: torch.Size([2048, 1, 4, 64]) pos_embeddings: torch.Size([2048, 4, 64]) u_embeddings: torch.Size([2048, 4, 64])
Tue 07 May 2024 16:46:22 DEBUG  neg_embeddings: torch.Size([2048, 1, 4, 64]) pos_embeddings: torch.Size([2048, 4, 64]) u_embeddings: torch.Size([2048, 4, 64])
Tue 07 May 2024 16:46:22 DEBUG  neg_embeddings: torch.Size([2048, 1, 4, 64]) pos_embeddings: torch.Size([2048, 4, 64]) u_embeddings: torch.Size([2048, 4, 64])
Tue 07 May 2024 16:46:22 DEBUG  neg_embeddings: torch.Size([2048, 1, 4, 64]) pos_embeddings: torch.Size([2048, 4, 64]) u_embeddings: torch.Size([2048, 4, 64])
Tue 07 May 2024 16:46:22 DEBUG  neg_embeddings: torch.Size([2048, 1, 4, 64]) pos_embeddings: torch.Size([2048, 4, 64]) u_embeddings: torch.Size([2048, 4, 64])
Tue 07 May 2024 16:46:22 DEBUG  neg_embeddings: torch.Size([2048, 1, 4, 64]) pos_embeddings: torch.Size([2048, 4, 64]) u_embeddings: torch.Size([2048, 4, 64])
Tue 07 May 2024 16:46:22 DEBUG  neg_embeddings: torch.Size([2048, 1, 4, 64]) pos_embeddings: torch.Size([2048, 4, 64]) u_embeddings: torch.Size([2048, 4, 64])
Tue 07 May 2024 16:46:22 DEBUG  neg_embeddings: torch.Size([2048, 1, 4, 64]) pos_embeddings: torch.Size([2048, 4, 64]) u_embeddings: torch.Size([2048, 4, 64])
Tue 07 May 2024 16:46:22 DEBUG  neg_embeddings: torch.Size([2048, 1, 4, 64]) pos_embeddings: torch.Size([2048, 4, 64]) u_embeddings: torch.Size([2048, 4, 64])
Tue 07 May 2024 16:46:22 DEBUG  neg_embeddings: torch.Size([2048, 1, 4, 64]) pos_embeddings: torch.Size([2048, 4, 64]) u_embeddings: torch.Size([2048, 4, 64])
Tue 07 May 2024 16:46:22 DEBUG  neg_embeddings: torch.Size([2048, 1, 4, 64]) pos_embeddings: torch.Size([2048, 4, 64]) u_embeddings: torch.Size([2048, 4, 64])
Tue 07 May 2024 16:46:22 DEBUG  neg_embeddings: torch.Size([2048, 1, 4, 64]) pos_embeddings: torch.Size([2048, 4, 64]) u_embeddings: torch.Size([2048, 4, 64])
Tue 07 May 2024 16:46:22 DEBUG  neg_embeddings: torch.Size([2048, 1, 4, 64]) pos_embeddings: torch.Size([2048, 4, 64]) u_embeddings: torch.Size([2048, 4, 64])
Tue 07 May 2024 16:46:22 DEBUG  neg_embeddings: torch.Size([2048, 1, 4, 64]) pos_embeddings: torch.Size([2048, 4, 64]) u_embeddings: torch.Size([2048, 4, 64])
Tue 07 May 2024 16:46:22 DEBUG  neg_embeddings: torch.Size([2048, 1, 4, 64]) pos_embeddings: torch.Size([2048, 4, 64]) u_embeddings: torch.Size([2048, 4, 64])
Tue 07 May 2024 16:46:22 DEBUG  neg_embeddings: torch.Size([2048, 1, 4, 64]) pos_embeddings: torch.Size([2048, 4, 64]) u_embeddings: torch.Size([2048, 4, 64])
Tue 07 May 2024 16:46:22 DEBUG  neg_embeddings: torch.Size([2048, 1, 4, 64]) pos_embeddings: torch.Size([2048, 4, 64]) u_embeddings: torch.Size([2048, 4, 64])
Tue 07 May 2024 16:46:22 DEBUG  neg_embeddings: torch.Size([2048, 1, 4, 64]) pos_embeddings: torch.Size([2048, 4, 64]) u_embeddings: torch.Size([2048, 4, 64])
Tue 07 May 2024 16:46:22 DEBUG  neg_embeddings: torch.Size([2048, 1, 4, 64]) pos_embeddings: torch.Size([2048, 4, 64]) u_embeddings: torch.Size([2048, 4, 64])
Tue 07 May 2024 16:46:22 DEBUG  neg_embeddings: torch.Size([2048, 1, 4, 64]) pos_embeddings: torch.Size([2048, 4, 64]) u_embeddings: torch.Size([2048, 4, 64])
Tue 07 May 2024 16:46:22 DEBUG  neg_embeddings: torch.Size([2048, 1, 4, 64]) pos_embeddings: torch.Size([2048, 4, 64]) u_embeddings: torch.Size([2048, 4, 64])
Tue 07 May 2024 16:46:22 DEBUG  neg_embeddings: torch.Size([2048, 1, 4, 64]) pos_embeddings: torch.Size([2048, 4, 64]) u_embeddings: torch.Size([2048, 4, 64])
Tue 07 May 2024 16:46:22 DEBUG  neg_embeddings: torch.Size([2048, 1, 4, 64]) pos_embeddings: torch.Size([2048, 4, 64]) u_embeddings: torch.Size([2048, 4, 64])
Tue 07 May 2024 16:46:22 DEBUG  neg_embeddings: torch.Size([2048, 1, 4, 64]) pos_embeddings: torch.Size([2048, 4, 64]) u_embeddings: torch.Size([2048, 4, 64])
Tue 07 May 2024 16:46:22 DEBUG  neg_embeddings: torch.Size([2048, 1, 4, 64]) pos_embeddings: torch.Size([2048, 4, 64]) u_embeddings: torch.Size([2048, 4, 64])
Tue 07 May 2024 16:46:22 DEBUG  neg_embeddings: torch.Size([2048, 1, 4, 64]) pos_embeddings: torch.Size([2048, 4, 64]) u_embeddings: torch.Size([2048, 4, 64])
Tue 07 May 2024 16:46:22 DEBUG  neg_embeddings: torch.Size([2048, 1, 4, 64]) pos_embeddings: torch.Size([2048, 4, 64]) u_embeddings: torch.Size([2048, 4, 64])
Tue 07 May 2024 16:46:22 DEBUG  neg_embeddings: torch.Size([2048, 1, 4, 64]) pos_embeddings: torch.Size([2048, 4, 64]) u_embeddings: torch.Size([2048, 4, 64])
Tue 07 May 2024 16:46:22 DEBUG  neg_embeddings: torch.Size([2048, 1, 4, 64]) pos_embeddings: torch.Size([2048, 4, 64]) u_embeddings: torch.Size([2048, 4, 64])
Tue 07 May 2024 16:46:22 DEBUG  neg_embeddings: torch.Size([2048, 1, 4, 64]) pos_embeddings: torch.Size([2048, 4, 64]) u_embeddings: torch.Size([2048, 4, 64])
Tue 07 May 2024 16:46:22 DEBUG  neg_embeddings: torch.Size([2048, 1, 4, 64]) pos_embeddings: torch.Size([2048, 4, 64]) u_embeddings: torch.Size([2048, 4, 64])
Tue 07 May 2024 16:46:22 DEBUG  neg_embeddings: torch.Size([2048, 1, 4, 64]) pos_embeddings: torch.Size([2048, 4, 64]) u_embeddings: torch.Size([2048, 4, 64])
Tue 07 May 2024 16:46:22 DEBUG  neg_embeddings: torch.Size([2048, 1, 4, 64]) pos_embeddings: torch.Size([2048, 4, 64]) u_embeddings: torch.Size([2048, 4, 64])
Tue 07 May 2024 16:46:22 DEBUG  neg_embeddings: torch.Size([2048, 1, 4, 64]) pos_embeddings: torch.Size([2048, 4, 64]) u_embeddings: torch.Size([2048, 4, 64])
Tue 07 May 2024 16:46:22 DEBUG  neg_embeddings: torch.Size([2048, 1, 4, 64]) pos_embeddings: torch.Size([2048, 4, 64]) u_embeddings: torch.Size([2048, 4, 64])
Tue 07 May 2024 16:46:22 DEBUG  neg_embeddings: torch.Size([2048, 1, 4, 64]) pos_embeddings: torch.Size([2048, 4, 64]) u_embeddings: torch.Size([2048, 4, 64])
Tue 07 May 2024 16:46:22 DEBUG  neg_embeddings: torch.Size([2048, 1, 4, 64]) pos_embeddings: torch.Size([2048, 4, 64]) u_embeddings: torch.Size([2048, 4, 64])
Tue 07 May 2024 16:46:22 DEBUG  neg_embeddings: torch.Size([1879, 1, 4, 64]) pos_embeddings: torch.Size([1879, 4, 64]) u_embeddings: torch.Size([1879, 4, 64])
Tue 07 May 2024 16:46:22 INFO  epoch 6 training [time: 0.71s, train loss: 32.1587]
