Wed 29 May 2024 13:03:58 INFO  ['run_recbole.py', '--model=ANS', '--dataset=ml-1m']
Wed 29 May 2024 13:03:58 INFO  
General Hyper Parameters:
gpu_id = 0
use_gpu = True
seed = 2020
state = DEBUG
reproducibility = True
data_path = dataset/ml-1m
checkpoint_dir = saved
show_progress = False
save_dataset = False
dataset_save_path = None
save_dataloaders = False
dataloaders_save_path = None
log_wandb = False

Training Hyper Parameters:
epochs = 500
train_batch_size = 2048
learner = adam
learning_rate = 0.0001
train_neg_sample_args = {'distribution': 'uniform', 'sample_num': 1, 'alpha': 1.0, 'dynamic': False, 'candidate_num': 1}
eval_step = 1
stopping_step = 100
clip_grad_norm = None
weight_decay = 0.0
loss_decimal_place = 4

Evaluation Hyper Parameters:
eval_args = {'split': {'RS': [0.8, 0.1, 0.1]}, 'group_by': 'user', 'order': 'RO', 'mode': 'full'}
repeatable = False
metrics = ['Recall', 'MRR', 'NDCG', 'Hit', 'Precision']
topk = [20]
valid_metric = Recall@20
valid_metric_bigger = True
eval_batch_size = 4096
metric_decimal_place = 4

Dataset Hyper Parameters:
field_separator = 	
seq_separator =  
USER_ID_FIELD = user_id
ITEM_ID_FIELD = item_id
RATING_FIELD = rating
TIME_FIELD = timestamp
seq_len = None
LABEL_FIELD = label
threshold = {'rating': 4.0}
NEG_PREFIX = neg_
load_col = {'inter': ['user_id', 'item_id', 'rating']}
unload_col = None
unused_col = None
additional_feat_suffix = None
rm_dup_inter = None
val_interval = None
filter_inter_by_user_or_item = True
user_inter_num_interval = None
item_inter_num_interval = None
alias_of_user_id = None
alias_of_item_id = None
alias_of_entity_id = None
alias_of_relation_id = None
preload_weight = None
normalize_field = None
normalize_all = True
ITEM_LIST_LENGTH_FIELD = item_length
LIST_SUFFIX = _list
MAX_ITEM_LIST_LENGTH = 50
POSITION_FIELD = position_id
HEAD_ENTITY_ID_FIELD = head_id
TAIL_ENTITY_ID_FIELD = tail_id
RELATION_ID_FIELD = relation_id
ENTITY_ID_FIELD = entity_id
kg_reverse_r = False
entity_kg_num_interval = None
relation_kg_num_interval = None
benchmark_filename = None

Other Hyper Parameters: 
worker = 0
wandb_project = recbole
shuffle = True
require_pow = False
enable_amp = False
enable_scaler = False
transform = None
train_after_converge = True
positive_sampling = True
embedding_size = 64
n_layers = 3
reg_weight = 0.0001
eps = 0.3
gamma = 0.15
numerical_features = []
discretization = None
MODEL_TYPE = ModelType.GENERAL
MODEL_INPUT_TYPE = InputType.PAIRWISE
eval_type = EvaluatorType.RANKING
single_spec = True
local_rank = 0
device = cuda
eval_neg_sample_args = {'distribution': 'uniform', 'sample_num': 'none'}


Wed 29 May 2024 13:03:58 DEBUG  Loading <class 'recbole.data.dataset.dataset.Dataset'> from scratch.
Wed 29 May 2024 13:03:58 DEBUG  uid_field: user_id
Wed 29 May 2024 13:03:58 DEBUG  iid_field: item_id
Wed 29 May 2024 13:03:58 DEBUG  Loading feature from [dataset/ml-1m/ml-1m.inter] (source: [FeatureSource.INTERACTION]).
Wed 29 May 2024 13:03:58 DEBUG  [inter]: 
Wed 29 May 2024 13:03:58 DEBUG  	 load_col: [{'rating', 'item_id', 'user_id'}]
Wed 29 May 2024 13:03:58 DEBUG  	 unload_col: [None]
Wed 29 May 2024 13:04:00 DEBUG  Interaction feature loaded successfully from [dataset/ml-1m/ml-1m.inter].
Wed 29 May 2024 13:04:00 DEBUG  Loading feature from [dataset/ml-1m/ml-1m.user] (source: [FeatureSource.USER]).
Wed 29 May 2024 13:04:00 DEBUG  [user]: 
Wed 29 May 2024 13:04:00 DEBUG  	 load_col: [set()]
Wed 29 May 2024 13:04:00 DEBUG  	 unload_col: [None]
Wed 29 May 2024 13:04:00 DEBUG  [user] feature loaded successfully from [dataset/ml-1m/ml-1m.user].
Wed 29 May 2024 13:04:00 DEBUG  Loading feature from [dataset/ml-1m/ml-1m.item] (source: [FeatureSource.ITEM]).
Wed 29 May 2024 13:04:00 DEBUG  [item]: 
Wed 29 May 2024 13:04:00 DEBUG  	 load_col: [set()]
Wed 29 May 2024 13:04:00 DEBUG  	 unload_col: [None]
Wed 29 May 2024 13:04:00 DEBUG  [item] feature loaded successfully from [dataset/ml-1m/ml-1m.item].
Wed 29 May 2024 13:04:00 DEBUG  drop_by_value: val={}
Wed 29 May 2024 13:04:00 DEBUG  Filling nan
Wed 29 May 2024 13:04:00 DEBUG  Set label by {'rating': 4.0}.
Wed 29 May 2024 13:04:00 DEBUG  Delete column [rating].
Wed 29 May 2024 13:04:00 DEBUG  Normalized fields: ['label']
Wed 29 May 2024 13:04:00 INFO  ml-1m
The number of users: 6041
Average actions of users: 165.5975165562914
The number of items: 3707
Average actions of items: 269.88909875876953
The number of inters: 1000209
The sparsity of the dataset: 95.53358229599758%
Remain Fields: ['user_id', 'item_id', 'label']
Wed 29 May 2024 13:04:01 DEBUG  split by ratios [[0.8, 0.1, 0.1]], group_by=[user_id]
Wed 29 May 2024 13:04:02 INFO  [Training]: train_batch_size = [2048] train_neg_sample_args: [{'distribution': 'uniform', 'sample_num': 1, 'alpha': 1.0, 'dynamic': False, 'candidate_num': 1}]
Wed 29 May 2024 13:04:02 INFO  [Evaluation]: eval_batch_size = [4096] eval_args: [{'split': {'RS': [0.8, 0.1, 0.1]}, 'group_by': 'user', 'order': 'RO', 'mode': 'full'}]
Wed 29 May 2024 13:04:13 INFO  ANS(
  (user_embedding): Embedding(6041, 64)
  (item_embedding): Embedding(3707, 64)
  (mf_loss): BPRLoss()
  (reg_loss): EmbLoss()
  (user_gate): Linear(in_features=64, out_features=64, bias=True)
  (item_gate): Linear(in_features=64, out_features=64, bias=True)
  (pos_gate): Linear(in_features=64, out_features=64, bias=True)
  (neg_gate): Linear(in_features=64, out_features=64, bias=True)
  (hard_gate): Linear(in_features=64, out_features=64, bias=True)
  (conf_gate): Linear(in_features=64, out_features=64, bias=True)
  (easy_gate): Linear(in_features=64, out_features=64, bias=True)
  (margin_model): Linear(in_features=64, out_features=1, bias=True)
)
Trainable parameters: 653057
Wed 29 May 2024 13:04:13 INFO  FLOPs: 0.0
Wed 29 May 2024 13:04:14 DEBUG   length of inter_feat: 805443
Wed 29 May 2024 13:04:14 DEBUG   length of dataset: 805443
Wed 29 May 2024 13:04:23 DEBUG  Total length interaction: 805443
Wed 29 May 2024 13:04:23 INFO  epoch 0 training [time: 9.20s, train loss: 315.7690]
Wed 29 May 2024 13:04:27 INFO  epoch 0 evaluating [time: 3.95s, valid_score: 0.002000]
Wed 29 May 2024 13:04:27 INFO  valid result: 
recall@20 : 0.002    mrr@20 : 0.0051    ndcg@20 : 0.002    hit@20 : 0.0326    precision@20 : 0.0017
Wed 29 May 2024 13:04:27 INFO  Saving current: saved/ANS-May-29-2024_13-04-13.pth
Wed 29 May 2024 13:04:36 DEBUG  Total length interaction: 805443
Wed 29 May 2024 13:04:36 INFO  epoch 1 training [time: 8.76s, train loss: 315.0996]
Wed 29 May 2024 13:04:39 INFO  epoch 1 evaluating [time: 3.86s, valid_score: 0.001100]
Wed 29 May 2024 13:04:39 INFO  valid result: 
recall@20 : 0.0011    mrr@20 : 0.0024    ndcg@20 : 0.001    hit@20 : 0.0159    precision@20 : 0.0008
Wed 29 May 2024 13:04:48 DEBUG  Total length interaction: 805443
Wed 29 May 2024 13:04:48 INFO  epoch 2 training [time: 8.52s, train loss: 314.5621]
Wed 29 May 2024 13:04:52 INFO  epoch 2 evaluating [time: 3.85s, valid_score: 0.000400]
Wed 29 May 2024 13:04:52 INFO  valid result: 
recall@20 : 0.0004    mrr@20 : 0.0009    ndcg@20 : 0.0004    hit@20 : 0.0078    precision@20 : 0.0004
Wed 29 May 2024 13:05:01 DEBUG  Total length interaction: 805443
Wed 29 May 2024 13:05:01 INFO  epoch 3 training [time: 8.70s, train loss: 314.2119]
Wed 29 May 2024 13:05:04 INFO  epoch 3 evaluating [time: 3.91s, valid_score: 0.000900]
Wed 29 May 2024 13:05:04 INFO  valid result: 
recall@20 : 0.0009    mrr@20 : 0.002    ndcg@20 : 0.0009    hit@20 : 0.0166    precision@20 : 0.0008
Wed 29 May 2024 13:05:13 DEBUG  Total length interaction: 805443
Wed 29 May 2024 13:05:13 INFO  epoch 4 training [time: 8.70s, train loss: 314.1222]
Wed 29 May 2024 13:05:17 INFO  epoch 4 evaluating [time: 3.98s, valid_score: 0.001200]
Wed 29 May 2024 13:05:17 INFO  valid result: 
recall@20 : 0.0012    mrr@20 : 0.0035    ndcg@20 : 0.0014    hit@20 : 0.0242    precision@20 : 0.0013
Wed 29 May 2024 13:05:26 DEBUG  Total length interaction: 805443
Wed 29 May 2024 13:05:26 INFO  epoch 5 training [time: 8.51s, train loss: 314.1175]
Wed 29 May 2024 13:05:30 INFO  epoch 5 evaluating [time: 3.89s, valid_score: 0.001400]
Wed 29 May 2024 13:05:30 INFO  valid result: 
recall@20 : 0.0014    mrr@20 : 0.0041    ndcg@20 : 0.0016    hit@20 : 0.0252    precision@20 : 0.0014
Wed 29 May 2024 13:05:38 DEBUG  Total length interaction: 805443
Wed 29 May 2024 13:05:38 INFO  epoch 6 training [time: 8.85s, train loss: 314.1112]
Wed 29 May 2024 13:05:42 INFO  epoch 6 evaluating [time: 3.87s, valid_score: 0.001200]
Wed 29 May 2024 13:05:42 INFO  valid result: 
recall@20 : 0.0012    mrr@20 : 0.0043    ndcg@20 : 0.0014    hit@20 : 0.0227    precision@20 : 0.0012
Wed 29 May 2024 13:05:51 DEBUG  Total length interaction: 805443
Wed 29 May 2024 13:05:51 INFO  epoch 7 training [time: 8.73s, train loss: 314.1045]
Wed 29 May 2024 13:05:55 INFO  epoch 7 evaluating [time: 3.87s, valid_score: 0.001500]
Wed 29 May 2024 13:05:55 INFO  valid result: 
recall@20 : 0.0015    mrr@20 : 0.0041    ndcg@20 : 0.0016    hit@20 : 0.025    precision@20 : 0.0013
Wed 29 May 2024 13:06:04 DEBUG  Total length interaction: 805443
Wed 29 May 2024 13:06:04 INFO  epoch 8 training [time: 8.69s, train loss: 314.1005]
Wed 29 May 2024 13:06:08 INFO  epoch 8 evaluating [time: 3.92s, valid_score: 0.001400]
Wed 29 May 2024 13:06:08 INFO  valid result: 
recall@20 : 0.0014    mrr@20 : 0.0034    ndcg@20 : 0.0014    hit@20 : 0.0245    precision@20 : 0.0013
Wed 29 May 2024 13:06:16 DEBUG  Total length interaction: 805443
Wed 29 May 2024 13:06:16 INFO  epoch 9 training [time: 8.93s, train loss: 314.0953]
Wed 29 May 2024 13:06:20 INFO  epoch 9 evaluating [time: 3.96s, valid_score: 0.001300]
Wed 29 May 2024 13:06:20 INFO  valid result: 
recall@20 : 0.0013    mrr@20 : 0.0039    ndcg@20 : 0.0014    hit@20 : 0.0235    precision@20 : 0.0012
Wed 29 May 2024 13:06:29 DEBUG  Total length interaction: 805443
Wed 29 May 2024 13:06:29 INFO  epoch 10 training [time: 8.75s, train loss: 314.0903]
Wed 29 May 2024 13:06:33 INFO  epoch 10 evaluating [time: 4.27s, valid_score: 0.001300]
Wed 29 May 2024 13:06:33 INFO  valid result: 
recall@20 : 0.0013    mrr@20 : 0.0031    ndcg@20 : 0.0013    hit@20 : 0.0228    precision@20 : 0.0012
Wed 29 May 2024 13:06:43 DEBUG  Total length interaction: 805443
Wed 29 May 2024 13:06:43 INFO  epoch 11 training [time: 9.35s, train loss: 314.0855]
Wed 29 May 2024 13:06:47 INFO  epoch 11 evaluating [time: 3.97s, valid_score: 0.001200]
Wed 29 May 2024 13:06:47 INFO  valid result: 
recall@20 : 0.0012    mrr@20 : 0.0046    ndcg@20 : 0.0015    hit@20 : 0.025    precision@20 : 0.0013
Wed 29 May 2024 13:06:56 DEBUG  Total length interaction: 805443
Wed 29 May 2024 13:06:56 INFO  epoch 12 training [time: 8.98s, train loss: 314.0803]
Wed 29 May 2024 13:07:00 INFO  epoch 12 evaluating [time: 4.30s, valid_score: 0.001500]
Wed 29 May 2024 13:07:00 INFO  valid result: 
recall@20 : 0.0015    mrr@20 : 0.0041    ndcg@20 : 0.0016    hit@20 : 0.0238    precision@20 : 0.0013
Wed 29 May 2024 13:07:09 DEBUG  Total length interaction: 805443
Wed 29 May 2024 13:07:09 INFO  epoch 13 training [time: 8.75s, train loss: 314.0754]
Wed 29 May 2024 13:07:13 INFO  epoch 13 evaluating [time: 3.98s, valid_score: 0.001400]
Wed 29 May 2024 13:07:13 INFO  valid result: 
recall@20 : 0.0014    mrr@20 : 0.0034    ndcg@20 : 0.0013    hit@20 : 0.0219    precision@20 : 0.0012
Wed 29 May 2024 13:07:22 DEBUG  Total length interaction: 805443
Wed 29 May 2024 13:07:22 INFO  epoch 14 training [time: 8.87s, train loss: 314.0697]
Wed 29 May 2024 13:07:26 INFO  epoch 14 evaluating [time: 3.94s, valid_score: 0.001200]
Wed 29 May 2024 13:07:26 INFO  valid result: 
recall@20 : 0.0012    mrr@20 : 0.0033    ndcg@20 : 0.0014    hit@20 : 0.0238    precision@20 : 0.0013
Wed 29 May 2024 13:07:34 DEBUG  Total length interaction: 805443
Wed 29 May 2024 13:07:34 INFO  epoch 15 training [time: 8.71s, train loss: 314.0630]
Wed 29 May 2024 13:07:38 INFO  epoch 15 evaluating [time: 3.87s, valid_score: 0.001100]
Wed 29 May 2024 13:07:38 INFO  valid result: 
recall@20 : 0.0011    mrr@20 : 0.0036    ndcg@20 : 0.0013    hit@20 : 0.0227    precision@20 : 0.0012
Wed 29 May 2024 13:07:47 DEBUG  Total length interaction: 805443
Wed 29 May 2024 13:07:47 INFO  epoch 16 training [time: 8.49s, train loss: 314.0585]
Wed 29 May 2024 13:07:51 INFO  epoch 16 evaluating [time: 3.90s, valid_score: 0.001500]
Wed 29 May 2024 13:07:51 INFO  valid result: 
recall@20 : 0.0015    mrr@20 : 0.004    ndcg@20 : 0.0015    hit@20 : 0.025    precision@20 : 0.0013
Wed 29 May 2024 13:07:59 DEBUG  Total length interaction: 805443
Wed 29 May 2024 13:07:59 INFO  epoch 17 training [time: 8.74s, train loss: 314.0494]
Wed 29 May 2024 13:08:03 INFO  epoch 17 evaluating [time: 3.87s, valid_score: 0.001700]
Wed 29 May 2024 13:08:03 INFO  valid result: 
recall@20 : 0.0017    mrr@20 : 0.0044    ndcg@20 : 0.0017    hit@20 : 0.0255    precision@20 : 0.0013
Wed 29 May 2024 13:08:12 DEBUG  Total length interaction: 805443
Wed 29 May 2024 13:08:12 INFO  epoch 18 training [time: 8.70s, train loss: 314.0431]
Wed 29 May 2024 13:08:16 INFO  epoch 18 evaluating [time: 4.15s, valid_score: 0.001500]
Wed 29 May 2024 13:08:16 INFO  valid result: 
recall@20 : 0.0015    mrr@20 : 0.0029    ndcg@20 : 0.0013    hit@20 : 0.0232    precision@20 : 0.0012
Wed 29 May 2024 13:08:25 DEBUG  Total length interaction: 805443
Wed 29 May 2024 13:08:25 INFO  epoch 19 training [time: 8.73s, train loss: 314.0343]
Wed 29 May 2024 13:08:29 INFO  epoch 19 evaluating [time: 3.88s, valid_score: 0.001800]
Wed 29 May 2024 13:08:29 INFO  valid result: 
recall@20 : 0.0018    mrr@20 : 0.0048    ndcg@20 : 0.0018    hit@20 : 0.0278    precision@20 : 0.0015
Wed 29 May 2024 13:08:37 DEBUG  Total length interaction: 805443
Wed 29 May 2024 13:08:37 INFO  epoch 20 training [time: 8.83s, train loss: 314.0267]
Wed 29 May 2024 13:08:41 INFO  epoch 20 evaluating [time: 3.95s, valid_score: 0.001200]
Wed 29 May 2024 13:08:41 INFO  valid result: 
recall@20 : 0.0012    mrr@20 : 0.0035    ndcg@20 : 0.0014    hit@20 : 0.0242    precision@20 : 0.0013
Wed 29 May 2024 13:08:50 DEBUG  Total length interaction: 805443
Wed 29 May 2024 13:08:50 INFO  epoch 21 training [time: 8.58s, train loss: 314.0144]
Wed 29 May 2024 13:08:54 INFO  epoch 21 evaluating [time: 3.92s, valid_score: 0.001400]
Wed 29 May 2024 13:08:54 INFO  valid result: 
recall@20 : 0.0014    mrr@20 : 0.004    ndcg@20 : 0.0014    hit@20 : 0.0224    precision@20 : 0.0012
Wed 29 May 2024 13:09:03 DEBUG  Total length interaction: 805443
Wed 29 May 2024 13:09:03 INFO  epoch 22 training [time: 8.77s, train loss: 314.0040]
Wed 29 May 2024 13:09:07 INFO  epoch 22 evaluating [time: 3.97s, valid_score: 0.001600]
Wed 29 May 2024 13:09:07 INFO  valid result: 
recall@20 : 0.0016    mrr@20 : 0.0054    ndcg@20 : 0.0017    hit@20 : 0.0272    precision@20 : 0.0014
Wed 29 May 2024 13:09:15 DEBUG  Total length interaction: 805443
Wed 29 May 2024 13:09:15 INFO  epoch 23 training [time: 8.86s, train loss: 313.9926]
Wed 29 May 2024 13:09:19 INFO  epoch 23 evaluating [time: 4.00s, valid_score: 0.001500]
Wed 29 May 2024 13:09:19 INFO  valid result: 
recall@20 : 0.0015    mrr@20 : 0.0035    ndcg@20 : 0.0015    hit@20 : 0.0262    precision@20 : 0.0014
Wed 29 May 2024 13:09:28 DEBUG  Total length interaction: 805443
Wed 29 May 2024 13:09:28 INFO  epoch 24 training [time: 8.58s, train loss: 313.9792]
Wed 29 May 2024 13:09:32 INFO  epoch 24 evaluating [time: 4.20s, valid_score: 0.001300]
Wed 29 May 2024 13:09:32 INFO  valid result: 
recall@20 : 0.0013    mrr@20 : 0.0053    ndcg@20 : 0.0017    hit@20 : 0.0255    precision@20 : 0.0014
Wed 29 May 2024 13:09:41 DEBUG  Total length interaction: 805443
Wed 29 May 2024 13:09:41 INFO  epoch 25 training [time: 8.78s, train loss: 313.9658]
Wed 29 May 2024 13:09:45 INFO  epoch 25 evaluating [time: 4.11s, valid_score: 0.001900]
Wed 29 May 2024 13:09:45 INFO  valid result: 
recall@20 : 0.0019    mrr@20 : 0.0051    ndcg@20 : 0.0019    hit@20 : 0.0285    precision@20 : 0.0016
Wed 29 May 2024 13:09:54 DEBUG  Total length interaction: 805443
Wed 29 May 2024 13:09:54 INFO  epoch 26 training [time: 8.86s, train loss: 313.9494]
Wed 29 May 2024 13:09:58 INFO  epoch 26 evaluating [time: 4.25s, valid_score: 0.001300]
Wed 29 May 2024 13:09:58 INFO  valid result: 
recall@20 : 0.0013    mrr@20 : 0.0038    ndcg@20 : 0.0014    hit@20 : 0.0214    precision@20 : 0.0012
Wed 29 May 2024 13:10:07 DEBUG  Total length interaction: 805443
Wed 29 May 2024 13:10:07 INFO  epoch 27 training [time: 9.03s, train loss: 313.9360]
Wed 29 May 2024 13:10:11 INFO  epoch 27 evaluating [time: 3.88s, valid_score: 0.001800]
Wed 29 May 2024 13:10:11 INFO  valid result: 
recall@20 : 0.0018    mrr@20 : 0.0043    ndcg@20 : 0.0018    hit@20 : 0.0258    precision@20 : 0.0015
Wed 29 May 2024 13:10:20 DEBUG  Total length interaction: 805443
Wed 29 May 2024 13:10:20 INFO  epoch 28 training [time: 8.91s, train loss: 313.9146]
Wed 29 May 2024 13:10:24 INFO  epoch 28 evaluating [time: 3.93s, valid_score: 0.002000]
Wed 29 May 2024 13:10:24 INFO  valid result: 
recall@20 : 0.002    mrr@20 : 0.0064    ndcg@20 : 0.0022    hit@20 : 0.0315    precision@20 : 0.0017
Wed 29 May 2024 13:10:24 INFO  Saving current: saved/ANS-May-29-2024_13-04-13.pth
Wed 29 May 2024 13:10:33 DEBUG  Total length interaction: 805443
Wed 29 May 2024 13:10:33 INFO  epoch 29 training [time: 9.11s, train loss: 313.8933]
Wed 29 May 2024 13:10:37 INFO  epoch 29 evaluating [time: 3.90s, valid_score: 0.002300]
Wed 29 May 2024 13:10:37 INFO  valid result: 
recall@20 : 0.0023    mrr@20 : 0.0063    ndcg@20 : 0.0023    hit@20 : 0.0334    precision@20 : 0.0019
Wed 29 May 2024 13:10:37 INFO  Saving current: saved/ANS-May-29-2024_13-04-13.pth
Wed 29 May 2024 13:10:46 DEBUG  Total length interaction: 805443
Wed 29 May 2024 13:10:46 INFO  epoch 30 training [time: 8.87s, train loss: 313.8701]
Wed 29 May 2024 13:10:50 INFO  epoch 30 evaluating [time: 4.27s, valid_score: 0.001900]
Wed 29 May 2024 13:10:50 INFO  valid result: 
recall@20 : 0.0019    mrr@20 : 0.0071    ndcg@20 : 0.0023    hit@20 : 0.029    precision@20 : 0.0016
Wed 29 May 2024 13:10:59 DEBUG  Total length interaction: 805443
Wed 29 May 2024 13:10:59 INFO  epoch 31 training [time: 8.68s, train loss: 313.8428]
Wed 29 May 2024 13:11:03 INFO  epoch 31 evaluating [time: 3.88s, valid_score: 0.002400]
Wed 29 May 2024 13:11:03 INFO  valid result: 
recall@20 : 0.0024    mrr@20 : 0.0083    ndcg@20 : 0.0027    hit@20 : 0.0341    precision@20 : 0.002
Wed 29 May 2024 13:11:03 INFO  Saving current: saved/ANS-May-29-2024_13-04-13.pth
Wed 29 May 2024 13:11:12 DEBUG  Total length interaction: 805443
Wed 29 May 2024 13:11:12 INFO  epoch 32 training [time: 8.84s, train loss: 313.8023]
Wed 29 May 2024 13:11:16 INFO  epoch 32 evaluating [time: 3.91s, valid_score: 0.002600]
Wed 29 May 2024 13:11:16 INFO  valid result: 
recall@20 : 0.0026    mrr@20 : 0.009    ndcg@20 : 0.003    hit@20 : 0.0401    precision@20 : 0.0022
Wed 29 May 2024 13:11:16 INFO  Saving current: saved/ANS-May-29-2024_13-04-13.pth
Wed 29 May 2024 13:11:24 DEBUG  Total length interaction: 805443
Wed 29 May 2024 13:11:24 INFO  epoch 33 training [time: 8.81s, train loss: 313.7388]
Wed 29 May 2024 13:11:28 INFO  epoch 33 evaluating [time: 3.87s, valid_score: 0.008500]
Wed 29 May 2024 13:11:28 INFO  valid result: 
recall@20 : 0.0085    mrr@20 : 0.0132    ndcg@20 : 0.0064    hit@20 : 0.0907    precision@20 : 0.0054
Wed 29 May 2024 13:11:28 INFO  Saving current: saved/ANS-May-29-2024_13-04-13.pth
Wed 29 May 2024 13:11:37 DEBUG  Total length interaction: 805443
Wed 29 May 2024 13:11:37 INFO  epoch 34 training [time: 8.74s, train loss: 313.9387]
Wed 29 May 2024 13:11:41 INFO  epoch 34 evaluating [time: 3.85s, valid_score: 0.007200]
Wed 29 May 2024 13:11:41 INFO  valid result: 
recall@20 : 0.0072    mrr@20 : 0.0122    ndcg@20 : 0.0055    hit@20 : 0.0801    precision@20 : 0.0047
Wed 29 May 2024 13:11:49 DEBUG  Total length interaction: 805443
Wed 29 May 2024 13:11:49 INFO  epoch 35 training [time: 8.60s, train loss: 314.0587]
Wed 29 May 2024 13:11:53 INFO  epoch 35 evaluating [time: 3.87s, valid_score: 0.003700]
Wed 29 May 2024 13:11:53 INFO  valid result: 
recall@20 : 0.0037    mrr@20 : 0.0102    ndcg@20 : 0.0037    hit@20 : 0.0522    precision@20 : 0.003
Wed 29 May 2024 13:12:02 DEBUG  Total length interaction: 805443
Wed 29 May 2024 13:12:02 INFO  epoch 36 training [time: 8.82s, train loss: 314.1107]
Wed 29 May 2024 13:12:06 INFO  epoch 36 evaluating [time: 3.88s, valid_score: 0.003700]
Wed 29 May 2024 13:12:06 INFO  valid result: 
recall@20 : 0.0037    mrr@20 : 0.01    ndcg@20 : 0.0035    hit@20 : 0.0464    precision@20 : 0.0026
Wed 29 May 2024 13:12:15 DEBUG  Total length interaction: 805443
Wed 29 May 2024 13:12:15 INFO  epoch 37 training [time: 8.82s, train loss: 314.1517]
Wed 29 May 2024 13:12:19 INFO  epoch 37 evaluating [time: 3.87s, valid_score: 0.003700]
Wed 29 May 2024 13:12:19 INFO  valid result: 
recall@20 : 0.0037    mrr@20 : 0.0098    ndcg@20 : 0.0035    hit@20 : 0.0465    precision@20 : 0.0027
Wed 29 May 2024 13:12:27 DEBUG  Total length interaction: 805443
Wed 29 May 2024 13:12:27 INFO  epoch 38 training [time: 8.57s, train loss: 314.1366]
Wed 29 May 2024 13:12:31 INFO  epoch 38 evaluating [time: 3.85s, valid_score: 0.003300]
Wed 29 May 2024 13:12:31 INFO  valid result: 
recall@20 : 0.0033    mrr@20 : 0.0105    ndcg@20 : 0.0035    hit@20 : 0.0459    precision@20 : 0.0026
Wed 29 May 2024 13:12:40 DEBUG  Total length interaction: 805443
Wed 29 May 2024 13:12:40 INFO  epoch 39 training [time: 8.73s, train loss: 314.0752]
Wed 29 May 2024 13:12:44 INFO  epoch 39 evaluating [time: 3.86s, valid_score: 0.003600]
Wed 29 May 2024 13:12:44 INFO  valid result: 
recall@20 : 0.0036    mrr@20 : 0.0122    ndcg@20 : 0.0041    hit@20 : 0.055    precision@20 : 0.0033
Wed 29 May 2024 13:12:52 DEBUG  Total length interaction: 805443
Wed 29 May 2024 13:12:52 INFO  epoch 40 training [time: 8.74s, train loss: 314.0666]
Wed 29 May 2024 13:12:57 INFO  epoch 40 evaluating [time: 4.09s, valid_score: 0.003800]
Wed 29 May 2024 13:12:57 INFO  valid result: 
recall@20 : 0.0038    mrr@20 : 0.014    ndcg@20 : 0.0048    hit@20 : 0.0641    precision@20 : 0.004
Wed 29 May 2024 13:13:05 DEBUG  Total length interaction: 805443
Wed 29 May 2024 13:13:05 INFO  epoch 41 training [time: 8.72s, train loss: 313.9316]
Wed 29 May 2024 13:13:09 INFO  epoch 41 evaluating [time: 4.17s, valid_score: 0.003800]
Wed 29 May 2024 13:13:09 INFO  valid result: 
recall@20 : 0.0038    mrr@20 : 0.0177    ndcg@20 : 0.0062    hit@20 : 0.0843    precision@20 : 0.0059
Wed 29 May 2024 13:13:18 DEBUG  Total length interaction: 805443
Wed 29 May 2024 13:13:18 INFO  epoch 42 training [time: 8.96s, train loss: 312.9678]
Wed 29 May 2024 13:13:23 INFO  epoch 42 evaluating [time: 4.14s, valid_score: 0.010000]
Wed 29 May 2024 13:13:23 INFO  valid result: 
recall@20 : 0.01    mrr@20 : 0.037    ndcg@20 : 0.016    hit@20 : 0.1795    precision@20 : 0.0161
Wed 29 May 2024 13:13:23 INFO  Saving current: saved/ANS-May-29-2024_13-04-13.pth
Wed 29 May 2024 13:13:32 DEBUG  Total length interaction: 805443
Wed 29 May 2024 13:13:32 INFO  epoch 43 training [time: 8.97s, train loss: 290.1975]
Wed 29 May 2024 13:13:36 INFO  epoch 43 evaluating [time: 4.16s, valid_score: 0.033400]
Wed 29 May 2024 13:13:36 INFO  valid result: 
recall@20 : 0.0334    mrr@20 : 0.0813    ndcg@20 : 0.0406    hit@20 : 0.3315    precision@20 : 0.0367
Wed 29 May 2024 13:13:36 INFO  Saving current: saved/ANS-May-29-2024_13-04-13.pth
Wed 29 May 2024 13:13:45 DEBUG  Total length interaction: 805443
Wed 29 May 2024 13:13:45 INFO  epoch 44 training [time: 8.88s, train loss: 228.9127]
Wed 29 May 2024 13:13:49 INFO  epoch 44 evaluating [time: 3.92s, valid_score: 0.044900]
Wed 29 May 2024 13:13:49 INFO  valid result: 
recall@20 : 0.0449    mrr@20 : 0.1161    ndcg@20 : 0.054    hit@20 : 0.3912    precision@20 : 0.0447
Wed 29 May 2024 13:13:49 INFO  Saving current: saved/ANS-May-29-2024_13-04-13.pth
Wed 29 May 2024 13:13:57 DEBUG  Total length interaction: 805443
Wed 29 May 2024 13:13:57 INFO  epoch 45 training [time: 8.91s, train loss: 207.8756]
Wed 29 May 2024 13:14:02 INFO  epoch 45 evaluating [time: 4.21s, valid_score: 0.058300]
Wed 29 May 2024 13:14:02 INFO  valid result: 
recall@20 : 0.0583    mrr@20 : 0.1297    ndcg@20 : 0.0638    hit@20 : 0.457    precision@20 : 0.0518
Wed 29 May 2024 13:14:02 INFO  Saving current: saved/ANS-May-29-2024_13-04-13.pth
Wed 29 May 2024 13:14:10 DEBUG  Total length interaction: 805443
Wed 29 May 2024 13:14:10 INFO  epoch 46 training [time: 8.74s, train loss: 203.6793]
Wed 29 May 2024 13:14:14 INFO  epoch 46 evaluating [time: 3.84s, valid_score: 0.076600]
Wed 29 May 2024 13:14:14 INFO  valid result: 
recall@20 : 0.0766    mrr@20 : 0.1584    ndcg@20 : 0.0798    hit@20 : 0.521    precision@20 : 0.0603
Wed 29 May 2024 13:14:14 INFO  Saving current: saved/ANS-May-29-2024_13-04-13.pth
Wed 29 May 2024 13:14:23 DEBUG  Total length interaction: 805443
Wed 29 May 2024 13:14:23 INFO  epoch 47 training [time: 8.76s, train loss: 202.1749]
Wed 29 May 2024 13:14:27 INFO  epoch 47 evaluating [time: 4.11s, valid_score: 0.083800]
Wed 29 May 2024 13:14:27 INFO  valid result: 
recall@20 : 0.0838    mrr@20 : 0.1796    ndcg@20 : 0.0882    hit@20 : 0.5421    precision@20 : 0.063
Wed 29 May 2024 13:14:27 INFO  Saving current: saved/ANS-May-29-2024_13-04-13.pth
Wed 29 May 2024 13:14:36 DEBUG  Total length interaction: 805443
Wed 29 May 2024 13:14:36 INFO  epoch 48 training [time: 8.76s, train loss: 201.4785]
Wed 29 May 2024 13:14:40 INFO  epoch 48 evaluating [time: 4.19s, valid_score: 0.087100]
Wed 29 May 2024 13:14:40 INFO  valid result: 
recall@20 : 0.0871    mrr@20 : 0.1897    ndcg@20 : 0.0913    hit@20 : 0.5522    precision@20 : 0.0635
Wed 29 May 2024 13:14:40 INFO  Saving current: saved/ANS-May-29-2024_13-04-13.pth
Wed 29 May 2024 13:14:49 DEBUG  Total length interaction: 805443
Wed 29 May 2024 13:14:49 INFO  epoch 49 training [time: 8.99s, train loss: 200.7428]
Wed 29 May 2024 13:14:53 INFO  epoch 49 evaluating [time: 3.91s, valid_score: 0.092100]
Wed 29 May 2024 13:14:53 INFO  valid result: 
recall@20 : 0.0921    mrr@20 : 0.2002    ndcg@20 : 0.0962    hit@20 : 0.5662    precision@20 : 0.0657
Wed 29 May 2024 13:14:53 INFO  Saving current: saved/ANS-May-29-2024_13-04-13.pth
Wed 29 May 2024 13:15:02 DEBUG  Total length interaction: 805443
Wed 29 May 2024 13:15:02 INFO  epoch 50 training [time: 8.77s, train loss: 199.9948]
Wed 29 May 2024 13:15:06 INFO  epoch 50 evaluating [time: 3.85s, valid_score: 0.094200]
Wed 29 May 2024 13:15:06 INFO  valid result: 
recall@20 : 0.0942    mrr@20 : 0.193    ndcg@20 : 0.0949    hit@20 : 0.5752    precision@20 : 0.0659
Wed 29 May 2024 13:15:06 INFO  Saving current: saved/ANS-May-29-2024_13-04-13.pth
Wed 29 May 2024 13:15:15 DEBUG  Total length interaction: 805443
Wed 29 May 2024 13:15:15 INFO  epoch 51 training [time: 8.85s, train loss: 199.7262]
Wed 29 May 2024 13:15:18 INFO  epoch 51 evaluating [time: 3.91s, valid_score: 0.096500]
Wed 29 May 2024 13:15:18 INFO  valid result: 
recall@20 : 0.0965    mrr@20 : 0.1964    ndcg@20 : 0.0961    hit@20 : 0.5826    precision@20 : 0.066
Wed 29 May 2024 13:15:18 INFO  Saving current: saved/ANS-May-29-2024_13-04-13.pth
Wed 29 May 2024 13:15:27 DEBUG  Total length interaction: 805443
Wed 29 May 2024 13:15:27 INFO  epoch 52 training [time: 8.73s, train loss: 199.0707]
Wed 29 May 2024 13:15:31 INFO  epoch 52 evaluating [time: 3.86s, valid_score: 0.092900]
Wed 29 May 2024 13:15:31 INFO  valid result: 
recall@20 : 0.0929    mrr@20 : 0.1987    ndcg@20 : 0.0938    hit@20 : 0.5727    precision@20 : 0.0635
Wed 29 May 2024 13:15:40 DEBUG  Total length interaction: 805443
Wed 29 May 2024 13:15:40 INFO  epoch 53 training [time: 8.46s, train loss: 198.9817]
Wed 29 May 2024 13:15:43 INFO  epoch 53 evaluating [time: 3.85s, valid_score: 0.090900]
Wed 29 May 2024 13:15:43 INFO  valid result: 
recall@20 : 0.0909    mrr@20 : 0.1947    ndcg@20 : 0.0925    hit@20 : 0.5664    precision@20 : 0.0631
Wed 29 May 2024 13:15:52 DEBUG  Total length interaction: 805443
Wed 29 May 2024 13:15:52 INFO  epoch 54 training [time: 8.74s, train loss: 198.1873]
Wed 29 May 2024 13:15:56 INFO  epoch 54 evaluating [time: 3.85s, valid_score: 0.089000]
Wed 29 May 2024 13:15:56 INFO  valid result: 
recall@20 : 0.089    mrr@20 : 0.1863    ndcg@20 : 0.0891    hit@20 : 0.5609    precision@20 : 0.061
Wed 29 May 2024 13:16:05 DEBUG  Total length interaction: 805443
Wed 29 May 2024 13:16:05 INFO  epoch 55 training [time: 8.70s, train loss: 198.1395]
Wed 29 May 2024 13:16:08 INFO  epoch 55 evaluating [time: 3.84s, valid_score: 0.086300]
Wed 29 May 2024 13:16:08 INFO  valid result: 
recall@20 : 0.0863    mrr@20 : 0.1835    ndcg@20 : 0.0865    hit@20 : 0.5513    precision@20 : 0.0581
Wed 29 May 2024 13:16:17 DEBUG  Total length interaction: 805443
Wed 29 May 2024 13:16:17 INFO  epoch 56 training [time: 8.48s, train loss: 197.6069]
Wed 29 May 2024 13:16:21 INFO  epoch 56 evaluating [time: 3.93s, valid_score: 0.083100]
Wed 29 May 2024 13:16:21 INFO  valid result: 
recall@20 : 0.0831    mrr@20 : 0.171    ndcg@20 : 0.0819    hit@20 : 0.5439    precision@20 : 0.0558
Wed 29 May 2024 13:16:30 DEBUG  Total length interaction: 805443
Wed 29 May 2024 13:16:30 INFO  epoch 57 training [time: 8.70s, train loss: 197.2936]
Wed 29 May 2024 13:16:33 INFO  epoch 57 evaluating [time: 3.84s, valid_score: 0.080900]
Wed 29 May 2024 13:16:33 INFO  valid result: 
recall@20 : 0.0809    mrr@20 : 0.1683    ndcg@20 : 0.0794    hit@20 : 0.5329    precision@20 : 0.0535
Wed 29 May 2024 13:16:42 DEBUG  Total length interaction: 805443
Wed 29 May 2024 13:16:42 INFO  epoch 58 training [time: 8.68s, train loss: 197.0626]
Wed 29 May 2024 13:16:46 INFO  epoch 58 evaluating [time: 3.83s, valid_score: 0.080000]
Wed 29 May 2024 13:16:46 INFO  valid result: 
recall@20 : 0.08    mrr@20 : 0.1679    ndcg@20 : 0.0785    hit@20 : 0.5257    precision@20 : 0.0516
Wed 29 May 2024 13:16:55 DEBUG  Total length interaction: 805443
Wed 29 May 2024 13:16:55 INFO  epoch 59 training [time: 8.69s, train loss: 196.8536]
Wed 29 May 2024 13:16:59 INFO  epoch 59 evaluating [time: 3.87s, valid_score: 0.080900]
Wed 29 May 2024 13:16:59 INFO  valid result: 
recall@20 : 0.0809    mrr@20 : 0.1546    ndcg@20 : 0.0757    hit@20 : 0.5273    precision@20 : 0.0512
