Tue 30 Apr 2024 15:06:29 INFO  ['run_recbole.py', '--model=ANS', '--dataset=ml-100k']
Tue 30 Apr 2024 15:06:29 INFO  
General Hyper Parameters:
gpu_id = 0
use_gpu = True
seed = 2020
state = DEBUG
reproducibility = True
data_path = /home/simeon/Git_Repositories/ANS-Recbole/recbole/config/../dataset_example/ml-100k
checkpoint_dir = saved
show_progress = True
save_dataset = False
dataset_save_path = None
save_dataloaders = False
dataloaders_save_path = None
log_wandb = False

Training Hyper Parameters:
epochs = 500
train_batch_size = 2048
learner = adam
learning_rate = 0.0001
train_neg_sample_args = {'distribution': 'uniform', 'sample_num': 1, 'alpha': 1.0, 'dynamic': False, 'candidate_num': 0}
eval_step = 1
stopping_step = 100
clip_grad_norm = None
weight_decay = 0.0
loss_decimal_place = 4

Evaluation Hyper Parameters:
eval_args = {'split': {'RS': [0.8, 0.1, 0.1]}, 'group_by': 'user', 'order': 'RO', 'mode': 'full'}
repeatable = False
metrics = ['Recall', 'MRR', 'NDCG', 'Hit', 'Precision']
topk = [20]
valid_metric = MRR@20
valid_metric_bigger = True
eval_batch_size = 4096
metric_decimal_place = 4

Dataset Hyper Parameters:
field_separator = 	
seq_separator =  
USER_ID_FIELD = user_id
ITEM_ID_FIELD = item_id
RATING_FIELD = rating
TIME_FIELD = timestamp
seq_len = None
LABEL_FIELD = label
threshold = {'rating': 4.0}
NEG_PREFIX = neg_
load_col = {'inter': ['user_id', 'item_id', 'rating']}
unload_col = None
unused_col = None
additional_feat_suffix = None
rm_dup_inter = None
val_interval = None
filter_inter_by_user_or_item = True
user_inter_num_interval = None
item_inter_num_interval = None
alias_of_user_id = None
alias_of_item_id = None
alias_of_entity_id = None
alias_of_relation_id = None
preload_weight = None
normalize_field = None
normalize_all = True
ITEM_LIST_LENGTH_FIELD = item_length
LIST_SUFFIX = _list
MAX_ITEM_LIST_LENGTH = 50
POSITION_FIELD = position_id
HEAD_ENTITY_ID_FIELD = head_id
TAIL_ENTITY_ID_FIELD = tail_id
RELATION_ID_FIELD = relation_id
ENTITY_ID_FIELD = entity_id
kg_reverse_r = False
entity_kg_num_interval = None
relation_kg_num_interval = None
benchmark_filename = None

Other Hyper Parameters: 
worker = 0
wandb_project = recbole
shuffle = True
require_pow = False
enable_amp = False
enable_scaler = False
transform = None
embedding_size = 64
n_layers = 3
reg_weight = 0.0001
eps = 0.3
gamma = 0.15
numerical_features = []
discretization = None
MODEL_TYPE = ModelType.GENERAL
MODEL_INPUT_TYPE = InputType.PAIRWISE
eval_type = EvaluatorType.RANKING
single_spec = True
local_rank = 0
device = cuda
eval_neg_sample_args = {'distribution': 'uniform', 'sample_num': 'none'}


Tue 30 Apr 2024 15:06:29 DEBUG  Loading <class 'recbole.data.dataset.augmented_dataset.AugmentedDataset'> from scratch.
Tue 30 Apr 2024 15:06:29 DEBUG  uid_field: user_id
Tue 30 Apr 2024 15:06:29 DEBUG  iid_field: item_id
Tue 30 Apr 2024 15:06:29 DEBUG  Loading feature from [/home/simeon/Git_Repositories/ANS-Recbole/recbole/config/../dataset_example/ml-100k/ml-100k.inter] (source: [FeatureSource.INTERACTION]).
Tue 30 Apr 2024 15:06:29 DEBUG  [inter]: 
Tue 30 Apr 2024 15:06:29 DEBUG  	 load_col: [{'item_id', 'rating', 'user_id'}]
Tue 30 Apr 2024 15:06:29 DEBUG  	 unload_col: [None]
Tue 30 Apr 2024 15:06:29 DEBUG  Interaction feature loaded successfully from [/home/simeon/Git_Repositories/ANS-Recbole/recbole/config/../dataset_example/ml-100k/ml-100k.inter].
Tue 30 Apr 2024 15:06:29 DEBUG  Loading feature from [/home/simeon/Git_Repositories/ANS-Recbole/recbole/config/../dataset_example/ml-100k/ml-100k.user] (source: [FeatureSource.USER]).
Tue 30 Apr 2024 15:06:29 DEBUG  [user]: 
Tue 30 Apr 2024 15:06:29 DEBUG  	 load_col: [set()]
Tue 30 Apr 2024 15:06:29 DEBUG  	 unload_col: [None]
Tue 30 Apr 2024 15:06:29 DEBUG  [user] feature loaded successfully from [/home/simeon/Git_Repositories/ANS-Recbole/recbole/config/../dataset_example/ml-100k/ml-100k.user].
Tue 30 Apr 2024 15:06:29 DEBUG  Loading feature from [/home/simeon/Git_Repositories/ANS-Recbole/recbole/config/../dataset_example/ml-100k/ml-100k.item] (source: [FeatureSource.ITEM]).
Tue 30 Apr 2024 15:06:29 DEBUG  [item]: 
Tue 30 Apr 2024 15:06:29 DEBUG  	 load_col: [set()]
Tue 30 Apr 2024 15:06:29 DEBUG  	 unload_col: [None]
Tue 30 Apr 2024 15:06:29 DEBUG  [item] feature loaded successfully from [/home/simeon/Git_Repositories/ANS-Recbole/recbole/config/../dataset_example/ml-100k/ml-100k.item].
Tue 30 Apr 2024 15:06:29 DEBUG  drop_by_value: val={}
Tue 30 Apr 2024 15:06:29 DEBUG  Filling nan
Tue 30 Apr 2024 15:06:29 DEBUG  Set label by {'rating': 4.0}.
Tue 30 Apr 2024 15:06:29 DEBUG  Delete column [rating].
Tue 30 Apr 2024 15:06:29 DEBUG  Normalized fields: ['label']
Tue 30 Apr 2024 15:06:29 INFO  ml-100k
The number of users: 944
Average actions of users: 106.04453870625663
The number of items: 1683
Average actions of items: 59.45303210463734
The number of inters: 100000
The sparsity of the dataset: 93.70575143257098%
Remain Fields: ['user_id', 'item_id', 'label']
Tue 30 Apr 2024 15:06:29 DEBUG  100000
Tue 30 Apr 2024 15:06:29 DEBUG  split by ratios [[0.8, 0.1, 0.1]], group_by=[user_id]
Tue 30 Apr 2024 15:06:30 DEBUG  Vor augmentation: 80808
Tue 30 Apr 2024 15:07:49 DEBUG  Index(['user_id', 'item_id', 'label'], dtype='object')
Tue 30 Apr 2024 15:07:49 DEBUG  80811
Tue 30 Apr 2024 15:07:49 DEBUG  Classname: AugmentedDataset
Tue 30 Apr 2024 15:07:49 DEBUG  Augmented dataset
Tue 30 Apr 2024 15:07:49 DEBUG  Nach augmentation: 81751
Tue 30 Apr 2024 15:07:49 INFO  [Training]: train_batch_size = [2048] train_neg_sample_args: [{'distribution': 'uniform', 'sample_num': 1, 'alpha': 1.0, 'dynamic': False, 'candidate_num': 0}]
Tue 30 Apr 2024 15:07:49 INFO  [Evaluation]: eval_batch_size = [4096] eval_args: [{'split': {'RS': [0.8, 0.1, 0.1]}, 'group_by': 'user', 'order': 'RO', 'mode': 'full'}]
Tue 30 Apr 2024 15:07:50 INFO  ANS(
  (user_embedding): Embedding(944, 64)
  (item_embedding): Embedding(1683, 64)
  (mf_loss): BPRLoss()
  (reg_loss): EmbLoss()
  (user_gate): Linear(in_features=64, out_features=64, bias=True)
  (item_gate): Linear(in_features=64, out_features=64, bias=True)
  (pos_gate): Linear(in_features=64, out_features=64, bias=True)
  (neg_gate): Linear(in_features=64, out_features=64, bias=True)
  (hard_gate): Linear(in_features=64, out_features=64, bias=True)
  (conf_gate): Linear(in_features=64, out_features=64, bias=True)
  (easy_gate): Linear(in_features=64, out_features=64, bias=True)
  (margin_model): Linear(in_features=64, out_features=1, bias=True)
)
Trainable parameters: 197313
Tue 30 Apr 2024 15:07:50 INFO  FLOPs: 0.0
Tue 30 Apr 2024 15:07:52 INFO  epoch 0 training [time: 1.39s, train loss: 32.2285]
Tue 30 Apr 2024 15:07:53 INFO  epoch 0 evaluating [time: 0.45s, valid_score: 0.025900]
Tue 30 Apr 2024 15:07:53 INFO  valid result: 
recall@20 : 0.0129    mrr@20 : 0.0259    ndcg@20 : 0.0104    hit@20 : 0.1241    precision@20 : 0.0071
Tue 30 Apr 2024 15:07:53 INFO  Saving current: saved/ANS-Apr-30-2024_15-07-50.pth
Tue 30 Apr 2024 15:07:54 INFO  epoch 1 training [time: 0.78s, train loss: 32.2108]
Tue 30 Apr 2024 15:07:54 INFO  epoch 1 evaluating [time: 0.43s, valid_score: 0.024200]
Tue 30 Apr 2024 15:07:54 INFO  valid result: 
recall@20 : 0.0124    mrr@20 : 0.0242    ndcg@20 : 0.01    hit@20 : 0.1209    precision@20 : 0.0068
Tue 30 Apr 2024 15:07:55 INFO  epoch 2 training [time: 0.93s, train loss: 32.1983]
Tue 30 Apr 2024 15:07:55 INFO  epoch 2 evaluating [time: 0.42s, valid_score: 0.023500]
Tue 30 Apr 2024 15:07:55 INFO  valid result: 
recall@20 : 0.0118    mrr@20 : 0.0235    ndcg@20 : 0.0095    hit@20 : 0.1188    precision@20 : 0.0066
Tue 30 Apr 2024 15:07:56 INFO  epoch 3 training [time: 0.80s, train loss: 32.1858]
Tue 30 Apr 2024 15:07:56 INFO  epoch 3 evaluating [time: 0.40s, valid_score: 0.022500]
Tue 30 Apr 2024 15:07:56 INFO  valid result: 
recall@20 : 0.0109    mrr@20 : 0.0225    ndcg@20 : 0.0089    hit@20 : 0.1124    precision@20 : 0.0062
Tue 30 Apr 2024 15:07:57 INFO  epoch 4 training [time: 0.76s, train loss: 32.1766]
Tue 30 Apr 2024 15:07:58 INFO  epoch 4 evaluating [time: 0.41s, valid_score: 0.021900]
Tue 30 Apr 2024 15:07:58 INFO  valid result: 
recall@20 : 0.0108    mrr@20 : 0.0219    ndcg@20 : 0.0087    hit@20 : 0.1103    precision@20 : 0.006
Tue 30 Apr 2024 15:07:58 INFO  epoch 5 training [time: 0.75s, train loss: 32.1652]
Tue 30 Apr 2024 15:07:59 INFO  epoch 5 evaluating [time: 0.41s, valid_score: 0.020900]
Tue 30 Apr 2024 15:07:59 INFO  valid result: 
recall@20 : 0.0102    mrr@20 : 0.0209    ndcg@20 : 0.0083    hit@20 : 0.1082    precision@20 : 0.0059
Tue 30 Apr 2024 15:08:00 INFO  epoch 6 training [time: 0.74s, train loss: 32.1587]
Tue 30 Apr 2024 15:08:00 INFO  epoch 6 evaluating [time: 0.41s, valid_score: 0.018700]
Tue 30 Apr 2024 15:08:00 INFO  valid result: 
recall@20 : 0.0093    mrr@20 : 0.0187    ndcg@20 : 0.0076    hit@20 : 0.1039    precision@20 : 0.0057
Tue 30 Apr 2024 15:08:01 INFO  epoch 7 training [time: 0.71s, train loss: 32.1531]
Tue 30 Apr 2024 15:08:01 INFO  epoch 7 evaluating [time: 0.40s, valid_score: 0.017800]
Tue 30 Apr 2024 15:08:01 INFO  valid result: 
recall@20 : 0.0097    mrr@20 : 0.0178    ndcg@20 : 0.0075    hit@20 : 0.1007    precision@20 : 0.0055
Tue 30 Apr 2024 15:08:02 INFO  epoch 8 training [time: 0.68s, train loss: 32.1492]
Tue 30 Apr 2024 15:08:02 INFO  epoch 8 evaluating [time: 0.40s, valid_score: 0.016700]
Tue 30 Apr 2024 15:08:02 INFO  valid result: 
recall@20 : 0.0089    mrr@20 : 0.0167    ndcg@20 : 0.0069    hit@20 : 0.0912    precision@20 : 0.005
Tue 30 Apr 2024 15:08:03 INFO  epoch 9 training [time: 0.74s, train loss: 32.1444]
Tue 30 Apr 2024 15:08:03 INFO  epoch 9 evaluating [time: 0.41s, valid_score: 0.016200]
Tue 30 Apr 2024 15:08:03 INFO  valid result: 
recall@20 : 0.0086    mrr@20 : 0.0162    ndcg@20 : 0.0067    hit@20 : 0.0933    precision@20 : 0.0051
Tue 30 Apr 2024 15:08:04 INFO  epoch 10 training [time: 0.59s, train loss: 32.1382]
Tue 30 Apr 2024 15:08:04 INFO  epoch 10 evaluating [time: 0.42s, valid_score: 0.015700]
Tue 30 Apr 2024 15:08:04 INFO  valid result: 
recall@20 : 0.0084    mrr@20 : 0.0157    ndcg@20 : 0.0065    hit@20 : 0.0901    precision@20 : 0.0049
Tue 30 Apr 2024 15:08:05 INFO  epoch 11 training [time: 0.59s, train loss: 32.1318]
Tue 30 Apr 2024 15:08:05 INFO  epoch 11 evaluating [time: 0.43s, valid_score: 0.015000]
Tue 30 Apr 2024 15:08:05 INFO  valid result: 
recall@20 : 0.0073    mrr@20 : 0.015    ndcg@20 : 0.0061    hit@20 : 0.0848    precision@20 : 0.0047
Tue 30 Apr 2024 15:08:06 INFO  epoch 12 training [time: 0.56s, train loss: 32.1251]
Tue 30 Apr 2024 15:08:06 INFO  epoch 12 evaluating [time: 0.42s, valid_score: 0.014500]
Tue 30 Apr 2024 15:08:06 INFO  valid result: 
recall@20 : 0.007    mrr@20 : 0.0145    ndcg@20 : 0.0059    hit@20 : 0.0827    precision@20 : 0.0046
Tue 30 Apr 2024 15:08:07 INFO  epoch 13 training [time: 0.61s, train loss: 32.1192]
Tue 30 Apr 2024 15:08:07 INFO  epoch 13 evaluating [time: 0.42s, valid_score: 0.014200]
Tue 30 Apr 2024 15:08:07 INFO  valid result: 
recall@20 : 0.0064    mrr@20 : 0.0142    ndcg@20 : 0.0056    hit@20 : 0.0806    precision@20 : 0.0044
Tue 30 Apr 2024 15:08:08 INFO  epoch 14 training [time: 0.58s, train loss: 32.1133]
Tue 30 Apr 2024 15:08:08 INFO  epoch 14 evaluating [time: 0.40s, valid_score: 0.013800]
Tue 30 Apr 2024 15:08:08 INFO  valid result: 
recall@20 : 0.0062    mrr@20 : 0.0138    ndcg@20 : 0.0054    hit@20 : 0.0785    precision@20 : 0.0043
Tue 30 Apr 2024 15:08:09 INFO  epoch 15 training [time: 0.57s, train loss: 32.1066]
Tue 30 Apr 2024 15:08:09 INFO  epoch 15 evaluating [time: 0.39s, valid_score: 0.013400]
Tue 30 Apr 2024 15:08:09 INFO  valid result: 
recall@20 : 0.0059    mrr@20 : 0.0134    ndcg@20 : 0.0052    hit@20 : 0.0742    precision@20 : 0.0041
Tue 30 Apr 2024 15:08:10 INFO  epoch 16 training [time: 0.50s, train loss: 32.1007]
Tue 30 Apr 2024 15:08:10 INFO  epoch 16 evaluating [time: 0.39s, valid_score: 0.013300]
Tue 30 Apr 2024 15:08:10 INFO  valid result: 
recall@20 : 0.0057    mrr@20 : 0.0133    ndcg@20 : 0.005    hit@20 : 0.0721    precision@20 : 0.004
Tue 30 Apr 2024 15:08:11 INFO  epoch 17 training [time: 0.61s, train loss: 32.0934]
Tue 30 Apr 2024 15:08:11 INFO  epoch 17 evaluating [time: 0.40s, valid_score: 0.012900]
Tue 30 Apr 2024 15:08:11 INFO  valid result: 
recall@20 : 0.0055    mrr@20 : 0.0129    ndcg@20 : 0.0048    hit@20 : 0.0689    precision@20 : 0.0038
Tue 30 Apr 2024 15:08:12 INFO  epoch 18 training [time: 0.49s, train loss: 32.0879]
Tue 30 Apr 2024 15:08:12 INFO  epoch 18 evaluating [time: 0.39s, valid_score: 0.012700]
Tue 30 Apr 2024 15:08:12 INFO  valid result: 
recall@20 : 0.0056    mrr@20 : 0.0127    ndcg@20 : 0.0048    hit@20 : 0.0689    precision@20 : 0.0038
Tue 30 Apr 2024 15:08:13 INFO  epoch 19 training [time: 0.49s, train loss: 32.0836]
Tue 30 Apr 2024 15:08:13 INFO  epoch 19 evaluating [time: 0.40s, valid_score: 0.012400]
Tue 30 Apr 2024 15:08:13 INFO  valid result: 
recall@20 : 0.0055    mrr@20 : 0.0124    ndcg@20 : 0.0047    hit@20 : 0.0679    precision@20 : 0.0038
Tue 30 Apr 2024 15:08:14 INFO  epoch 20 training [time: 0.54s, train loss: 32.0793]
Tue 30 Apr 2024 15:08:14 INFO  epoch 20 evaluating [time: 0.39s, valid_score: 0.012000]
Tue 30 Apr 2024 15:08:14 INFO  valid result: 
recall@20 : 0.0053    mrr@20 : 0.012    ndcg@20 : 0.0046    hit@20 : 0.0679    precision@20 : 0.0038
Tue 30 Apr 2024 15:08:14 INFO  epoch 21 training [time: 0.57s, train loss: 32.0723]
Tue 30 Apr 2024 15:08:15 INFO  epoch 21 evaluating [time: 0.41s, valid_score: 0.011900]
Tue 30 Apr 2024 15:08:15 INFO  valid result: 
recall@20 : 0.0054    mrr@20 : 0.0119    ndcg@20 : 0.0045    hit@20 : 0.0647    precision@20 : 0.0037
Tue 30 Apr 2024 15:08:15 INFO  epoch 22 training [time: 0.60s, train loss: 32.0686]
Tue 30 Apr 2024 15:08:16 INFO  epoch 22 evaluating [time: 0.39s, valid_score: 0.012400]
Tue 30 Apr 2024 15:08:16 INFO  valid result: 
recall@20 : 0.0045    mrr@20 : 0.0124    ndcg@20 : 0.0044    hit@20 : 0.0647    precision@20 : 0.0036
Tue 30 Apr 2024 15:08:16 INFO  epoch 23 training [time: 0.57s, train loss: 32.0630]
Tue 30 Apr 2024 15:08:17 INFO  epoch 23 evaluating [time: 0.39s, valid_score: 0.012100]
Tue 30 Apr 2024 15:08:17 INFO  valid result: 
recall@20 : 0.0043    mrr@20 : 0.0121    ndcg@20 : 0.0043    hit@20 : 0.0615    precision@20 : 0.0035
Tue 30 Apr 2024 15:08:17 INFO  epoch 24 training [time: 0.54s, train loss: 32.0589]
Tue 30 Apr 2024 15:08:18 INFO  epoch 24 evaluating [time: 0.40s, valid_score: 0.012200]
Tue 30 Apr 2024 15:08:18 INFO  valid result: 
recall@20 : 0.0048    mrr@20 : 0.0122    ndcg@20 : 0.0045    hit@20 : 0.0668    precision@20 : 0.0037
Tue 30 Apr 2024 15:08:18 INFO  epoch 25 training [time: 0.55s, train loss: 32.0544]
Tue 30 Apr 2024 15:08:19 INFO  epoch 25 evaluating [time: 0.39s, valid_score: 0.012100]
Tue 30 Apr 2024 15:08:19 INFO  valid result: 
recall@20 : 0.0044    mrr@20 : 0.0121    ndcg@20 : 0.0043    hit@20 : 0.0647    precision@20 : 0.0036
Tue 30 Apr 2024 15:08:19 INFO  epoch 26 training [time: 0.64s, train loss: 32.0506]
Tue 30 Apr 2024 15:08:20 INFO  epoch 26 evaluating [time: 0.40s, valid_score: 0.011400]
Tue 30 Apr 2024 15:08:20 INFO  valid result: 
recall@20 : 0.0043    mrr@20 : 0.0114    ndcg@20 : 0.0041    hit@20 : 0.0626    precision@20 : 0.0034
Tue 30 Apr 2024 15:08:20 INFO  epoch 27 training [time: 0.52s, train loss: 32.0459]
Tue 30 Apr 2024 15:08:21 INFO  epoch 27 evaluating [time: 0.39s, valid_score: 0.011700]
Tue 30 Apr 2024 15:08:21 INFO  valid result: 
recall@20 : 0.0046    mrr@20 : 0.0117    ndcg@20 : 0.0042    hit@20 : 0.0626    precision@20 : 0.0034
Tue 30 Apr 2024 15:08:21 INFO  epoch 28 training [time: 0.52s, train loss: 32.0406]
Tue 30 Apr 2024 15:08:22 INFO  epoch 28 evaluating [time: 0.40s, valid_score: 0.012100]
Tue 30 Apr 2024 15:08:22 INFO  valid result: 
recall@20 : 0.0047    mrr@20 : 0.0121    ndcg@20 : 0.0043    hit@20 : 0.0626    precision@20 : 0.0034
Tue 30 Apr 2024 15:08:22 INFO  epoch 29 training [time: 0.55s, train loss: 32.0368]
Tue 30 Apr 2024 15:08:23 INFO  epoch 29 evaluating [time: 0.40s, valid_score: 0.011900]
Tue 30 Apr 2024 15:08:23 INFO  valid result: 
recall@20 : 0.0048    mrr@20 : 0.0119    ndcg@20 : 0.0044    hit@20 : 0.0636    precision@20 : 0.0036
Tue 30 Apr 2024 15:08:23 INFO  epoch 30 training [time: 0.56s, train loss: 32.0325]
Tue 30 Apr 2024 15:08:24 INFO  epoch 30 evaluating [time: 0.40s, valid_score: 0.012600]
Tue 30 Apr 2024 15:08:24 INFO  valid result: 
recall@20 : 0.005    mrr@20 : 0.0126    ndcg@20 : 0.0046    hit@20 : 0.0647    precision@20 : 0.0037
Tue 30 Apr 2024 15:08:24 INFO  epoch 31 training [time: 0.59s, train loss: 32.0277]
Tue 30 Apr 2024 15:08:25 INFO  epoch 31 evaluating [time: 0.41s, valid_score: 0.012800]
Tue 30 Apr 2024 15:08:25 INFO  valid result: 
recall@20 : 0.005    mrr@20 : 0.0128    ndcg@20 : 0.0046    hit@20 : 0.0647    precision@20 : 0.0037
Tue 30 Apr 2024 15:08:25 INFO  epoch 32 training [time: 0.58s, train loss: 32.0241]
Tue 30 Apr 2024 15:08:25 INFO  epoch 32 evaluating [time: 0.41s, valid_score: 0.014100]
Tue 30 Apr 2024 15:08:25 INFO  valid result: 
recall@20 : 0.0052    mrr@20 : 0.0141    ndcg@20 : 0.0049    hit@20 : 0.0657    precision@20 : 0.0038
Tue 30 Apr 2024 15:08:26 INFO  epoch 33 training [time: 0.59s, train loss: 32.0208]
Tue 30 Apr 2024 15:08:26 INFO  epoch 33 evaluating [time: 0.41s, valid_score: 0.013800]
Tue 30 Apr 2024 15:08:26 INFO  valid result: 
recall@20 : 0.0056    mrr@20 : 0.0138    ndcg@20 : 0.0051    hit@20 : 0.0679    precision@20 : 0.004
Tue 30 Apr 2024 15:08:27 INFO  epoch 34 training [time: 0.68s, train loss: 32.0167]
Tue 30 Apr 2024 15:08:28 INFO  epoch 34 evaluating [time: 0.45s, valid_score: 0.014300]
Tue 30 Apr 2024 15:08:28 INFO  valid result: 
recall@20 : 0.0057    mrr@20 : 0.0143    ndcg@20 : 0.0051    hit@20 : 0.0679    precision@20 : 0.0039
Tue 30 Apr 2024 15:08:28 INFO  epoch 35 training [time: 0.69s, train loss: 32.0126]
Tue 30 Apr 2024 15:08:29 INFO  epoch 35 evaluating [time: 0.42s, valid_score: 0.014400]
Tue 30 Apr 2024 15:08:29 INFO  valid result: 
recall@20 : 0.0056    mrr@20 : 0.0144    ndcg@20 : 0.0051    hit@20 : 0.0668    precision@20 : 0.0039
Tue 30 Apr 2024 15:08:29 INFO  epoch 36 training [time: 0.68s, train loss: 32.0094]
Tue 30 Apr 2024 15:08:30 INFO  epoch 36 evaluating [time: 0.42s, valid_score: 0.015100]
Tue 30 Apr 2024 15:08:30 INFO  valid result: 
recall@20 : 0.0056    mrr@20 : 0.0151    ndcg@20 : 0.0052    hit@20 : 0.0689    precision@20 : 0.004
Tue 30 Apr 2024 15:08:31 INFO  epoch 37 training [time: 0.71s, train loss: 32.0055]
Tue 30 Apr 2024 15:08:31 INFO  epoch 37 evaluating [time: 0.42s, valid_score: 0.015700]
Tue 30 Apr 2024 15:08:31 INFO  valid result: 
recall@20 : 0.0055    mrr@20 : 0.0157    ndcg@20 : 0.0053    hit@20 : 0.0689    precision@20 : 0.0041
Tue 30 Apr 2024 15:08:32 INFO  epoch 38 training [time: 0.71s, train loss: 32.0029]
Tue 30 Apr 2024 15:08:32 INFO  epoch 38 evaluating [time: 0.43s, valid_score: 0.015900]
Tue 30 Apr 2024 15:08:32 INFO  valid result: 
recall@20 : 0.006    mrr@20 : 0.0159    ndcg@20 : 0.0057    hit@20 : 0.0764    precision@20 : 0.0045
Tue 30 Apr 2024 15:08:33 INFO  epoch 39 training [time: 0.70s, train loss: 31.9978]
Tue 30 Apr 2024 15:08:33 INFO  epoch 39 evaluating [time: 0.43s, valid_score: 0.016000]
Tue 30 Apr 2024 15:08:33 INFO  valid result: 
recall@20 : 0.0061    mrr@20 : 0.016    ndcg@20 : 0.0058    hit@20 : 0.0774    precision@20 : 0.0047
Tue 30 Apr 2024 15:08:34 INFO  epoch 40 training [time: 0.71s, train loss: 31.9944]
Tue 30 Apr 2024 15:08:34 INFO  epoch 40 evaluating [time: 0.41s, valid_score: 0.016800]
Tue 30 Apr 2024 15:08:34 INFO  valid result: 
recall@20 : 0.0064    mrr@20 : 0.0168    ndcg@20 : 0.0062    hit@20 : 0.0806    precision@20 : 0.005
Tue 30 Apr 2024 15:08:35 INFO  epoch 41 training [time: 0.80s, train loss: 31.9903]
Tue 30 Apr 2024 15:08:36 INFO  epoch 41 evaluating [time: 0.43s, valid_score: 0.017800]
Tue 30 Apr 2024 15:08:36 INFO  valid result: 
recall@20 : 0.0066    mrr@20 : 0.0178    ndcg@20 : 0.0065    hit@20 : 0.0859    precision@20 : 0.0054
Tue 30 Apr 2024 15:08:36 INFO  epoch 42 training [time: 0.70s, train loss: 31.9876]
Tue 30 Apr 2024 15:08:37 INFO  epoch 42 evaluating [time: 0.44s, valid_score: 0.018200]
Tue 30 Apr 2024 15:08:37 INFO  valid result: 
recall@20 : 0.0068    mrr@20 : 0.0182    ndcg@20 : 0.0067    hit@20 : 0.088    precision@20 : 0.0056
Tue 30 Apr 2024 15:08:37 INFO  epoch 43 training [time: 0.70s, train loss: 31.9839]
Tue 30 Apr 2024 15:08:38 INFO  epoch 43 evaluating [time: 0.43s, valid_score: 0.019800]
Tue 30 Apr 2024 15:08:38 INFO  valid result: 
recall@20 : 0.0069    mrr@20 : 0.0198    ndcg@20 : 0.007    hit@20 : 0.0901    precision@20 : 0.0057
Tue 30 Apr 2024 15:08:39 INFO  epoch 44 training [time: 0.72s, train loss: 31.9796]
Tue 30 Apr 2024 15:08:39 INFO  epoch 44 evaluating [time: 0.44s, valid_score: 0.020100]
Tue 30 Apr 2024 15:08:39 INFO  valid result: 
recall@20 : 0.0068    mrr@20 : 0.0201    ndcg@20 : 0.007    hit@20 : 0.0891    precision@20 : 0.0058
Tue 30 Apr 2024 15:08:40 INFO  epoch 45 training [time: 0.72s, train loss: 31.9768]
Tue 30 Apr 2024 15:08:40 INFO  epoch 45 evaluating [time: 0.43s, valid_score: 0.020700]
Tue 30 Apr 2024 15:08:40 INFO  valid result: 
recall@20 : 0.0068    mrr@20 : 0.0207    ndcg@20 : 0.0072    hit@20 : 0.0901    precision@20 : 0.006
Tue 30 Apr 2024 15:08:41 INFO  epoch 46 training [time: 0.69s, train loss: 31.9730]
Tue 30 Apr 2024 15:08:41 INFO  epoch 46 evaluating [time: 0.42s, valid_score: 0.021000]
Tue 30 Apr 2024 15:08:41 INFO  valid result: 
recall@20 : 0.0069    mrr@20 : 0.021    ndcg@20 : 0.0074    hit@20 : 0.0933    precision@20 : 0.0062
Tue 30 Apr 2024 15:08:42 INFO  epoch 47 training [time: 0.68s, train loss: 31.9694]
Tue 30 Apr 2024 15:08:42 INFO  epoch 47 evaluating [time: 0.42s, valid_score: 0.022000]
Tue 30 Apr 2024 15:08:42 INFO  valid result: 
recall@20 : 0.007    mrr@20 : 0.022    ndcg@20 : 0.0076    hit@20 : 0.0954    precision@20 : 0.0063
Tue 30 Apr 2024 15:08:43 INFO  epoch 48 training [time: 0.70s, train loss: 31.9657]
Tue 30 Apr 2024 15:08:44 INFO  epoch 48 evaluating [time: 0.42s, valid_score: 0.022600]
Tue 30 Apr 2024 15:08:44 INFO  valid result: 
recall@20 : 0.0075    mrr@20 : 0.0226    ndcg@20 : 0.0081    hit@20 : 0.0997    precision@20 : 0.0069
Tue 30 Apr 2024 15:08:44 INFO  epoch 49 training [time: 0.83s, train loss: 31.9602]
Tue 30 Apr 2024 15:08:45 INFO  epoch 49 evaluating [time: 0.44s, valid_score: 0.024100]
Tue 30 Apr 2024 15:08:45 INFO  valid result: 
recall@20 : 0.0071    mrr@20 : 0.0241    ndcg@20 : 0.0082    hit@20 : 0.1018    precision@20 : 0.0071
Tue 30 Apr 2024 15:08:45 INFO  epoch 50 training [time: 0.69s, train loss: 31.9571]
Tue 30 Apr 2024 15:08:46 INFO  epoch 50 evaluating [time: 0.43s, valid_score: 0.024700]
Tue 30 Apr 2024 15:08:46 INFO  valid result: 
recall@20 : 0.0072    mrr@20 : 0.0247    ndcg@20 : 0.0084    hit@20 : 0.105    precision@20 : 0.0073
Tue 30 Apr 2024 15:08:47 INFO  epoch 51 training [time: 0.75s, train loss: 31.9523]
Tue 30 Apr 2024 15:08:47 INFO  epoch 51 evaluating [time: 0.42s, valid_score: 0.025500]
Tue 30 Apr 2024 15:08:47 INFO  valid result: 
recall@20 : 0.0072    mrr@20 : 0.0255    ndcg@20 : 0.0086    hit@20 : 0.1082    precision@20 : 0.0075
Tue 30 Apr 2024 15:08:48 INFO  epoch 52 training [time: 0.71s, train loss: 31.9479]
Tue 30 Apr 2024 15:08:48 INFO  epoch 52 evaluating [time: 0.41s, valid_score: 0.027300]
Tue 30 Apr 2024 15:08:48 INFO  valid result: 
recall@20 : 0.0076    mrr@20 : 0.0273    ndcg@20 : 0.0092    hit@20 : 0.1113    precision@20 : 0.0079
Tue 30 Apr 2024 15:08:48 INFO  Saving current: saved/ANS-Apr-30-2024_15-07-50.pth
Tue 30 Apr 2024 15:08:49 INFO  epoch 53 training [time: 0.73s, train loss: 31.9430]
Tue 30 Apr 2024 15:08:49 INFO  epoch 53 evaluating [time: 0.42s, valid_score: 0.029800]
Tue 30 Apr 2024 15:08:49 INFO  valid result: 
recall@20 : 0.0084    mrr@20 : 0.0298    ndcg@20 : 0.0099    hit@20 : 0.1177    precision@20 : 0.0083
Tue 30 Apr 2024 15:08:49 INFO  Saving current: saved/ANS-Apr-30-2024_15-07-50.pth
Tue 30 Apr 2024 15:08:50 INFO  epoch 54 training [time: 0.80s, train loss: 31.9386]
Tue 30 Apr 2024 15:08:51 INFO  epoch 54 evaluating [time: 0.44s, valid_score: 0.030400]
Tue 30 Apr 2024 15:08:51 INFO  valid result: 
recall@20 : 0.0087    mrr@20 : 0.0304    ndcg@20 : 0.0102    hit@20 : 0.1198    precision@20 : 0.0086
Tue 30 Apr 2024 15:08:51 INFO  Saving current: saved/ANS-Apr-30-2024_15-07-50.pth
Tue 30 Apr 2024 15:08:51 INFO  epoch 55 training [time: 0.80s, train loss: 31.9335]
Tue 30 Apr 2024 15:08:52 INFO  epoch 55 evaluating [time: 0.45s, valid_score: 0.032100]
Tue 30 Apr 2024 15:08:52 INFO  valid result: 
recall@20 : 0.009    mrr@20 : 0.0321    ndcg@20 : 0.0106    hit@20 : 0.1251    precision@20 : 0.009
Tue 30 Apr 2024 15:08:52 INFO  Saving current: saved/ANS-Apr-30-2024_15-07-50.pth
Tue 30 Apr 2024 15:08:53 INFO  epoch 56 training [time: 0.81s, train loss: 31.9255]
Tue 30 Apr 2024 15:08:53 INFO  epoch 56 evaluating [time: 0.46s, valid_score: 0.032400]
Tue 30 Apr 2024 15:08:53 INFO  valid result: 
recall@20 : 0.0086    mrr@20 : 0.0324    ndcg@20 : 0.0108    hit@20 : 0.1262    precision@20 : 0.0094
Tue 30 Apr 2024 15:08:53 INFO  Saving current: saved/ANS-Apr-30-2024_15-07-50.pth
Tue 30 Apr 2024 15:08:54 INFO  epoch 57 training [time: 0.74s, train loss: 31.9201]
Tue 30 Apr 2024 15:08:54 INFO  epoch 57 evaluating [time: 0.47s, valid_score: 0.032700]
Tue 30 Apr 2024 15:08:54 INFO  valid result: 
recall@20 : 0.0086    mrr@20 : 0.0327    ndcg@20 : 0.0112    hit@20 : 0.1262    precision@20 : 0.01
Tue 30 Apr 2024 15:08:54 INFO  Saving current: saved/ANS-Apr-30-2024_15-07-50.pth
Tue 30 Apr 2024 15:08:55 INFO  epoch 58 training [time: 0.91s, train loss: 31.9139]
Tue 30 Apr 2024 15:08:56 INFO  epoch 58 evaluating [time: 0.47s, valid_score: 0.035300]
Tue 30 Apr 2024 15:08:56 INFO  valid result: 
recall@20 : 0.0091    mrr@20 : 0.0353    ndcg@20 : 0.012    hit@20 : 0.1294    precision@20 : 0.0106
Tue 30 Apr 2024 15:08:56 INFO  Saving current: saved/ANS-Apr-30-2024_15-07-50.pth
Tue 30 Apr 2024 15:08:57 INFO  epoch 59 training [time: 0.77s, train loss: 31.9055]
Tue 30 Apr 2024 15:08:57 INFO  epoch 59 evaluating [time: 0.44s, valid_score: 0.036700]
Tue 30 Apr 2024 15:08:57 INFO  valid result: 
recall@20 : 0.01    mrr@20 : 0.0367    ndcg@20 : 0.0129    hit@20 : 0.1389    precision@20 : 0.0116
Tue 30 Apr 2024 15:08:57 INFO  Saving current: saved/ANS-Apr-30-2024_15-07-50.pth
Tue 30 Apr 2024 15:08:58 INFO  epoch 60 training [time: 0.77s, train loss: 31.8980]
Tue 30 Apr 2024 15:08:58 INFO  epoch 60 evaluating [time: 0.45s, valid_score: 0.039000]
Tue 30 Apr 2024 15:08:58 INFO  valid result: 
recall@20 : 0.0105    mrr@20 : 0.039    ndcg@20 : 0.0136    hit@20 : 0.1432    precision@20 : 0.0121
Tue 30 Apr 2024 15:08:58 INFO  Saving current: saved/ANS-Apr-30-2024_15-07-50.pth
Tue 30 Apr 2024 15:08:59 INFO  epoch 61 training [time: 0.80s, train loss: 31.8887]
Tue 30 Apr 2024 15:08:59 INFO  epoch 61 evaluating [time: 0.46s, valid_score: 0.038900]
Tue 30 Apr 2024 15:08:59 INFO  valid result: 
recall@20 : 0.0107    mrr@20 : 0.0389    ndcg@20 : 0.014    hit@20 : 0.1453    precision@20 : 0.0126
Tue 30 Apr 2024 15:09:00 INFO  epoch 62 training [time: 0.75s, train loss: 31.8802]
Tue 30 Apr 2024 15:09:01 INFO  epoch 62 evaluating [time: 0.44s, valid_score: 0.041000]
Tue 30 Apr 2024 15:09:01 INFO  valid result: 
recall@20 : 0.0106    mrr@20 : 0.041    ndcg@20 : 0.0141    hit@20 : 0.1442    precision@20 : 0.0124
Tue 30 Apr 2024 15:09:01 INFO  Saving current: saved/ANS-Apr-30-2024_15-07-50.pth
Tue 30 Apr 2024 15:09:01 INFO  epoch 63 training [time: 0.80s, train loss: 31.8692]
Tue 30 Apr 2024 15:09:02 INFO  epoch 63 evaluating [time: 0.45s, valid_score: 0.042200]
Tue 30 Apr 2024 15:09:02 INFO  valid result: 
recall@20 : 0.0114    mrr@20 : 0.0422    ndcg@20 : 0.015    hit@20 : 0.1516    precision@20 : 0.0135
Tue 30 Apr 2024 15:09:02 INFO  Saving current: saved/ANS-Apr-30-2024_15-07-50.pth
Tue 30 Apr 2024 15:09:03 INFO  epoch 64 training [time: 0.79s, train loss: 31.8584]
Tue 30 Apr 2024 15:09:03 INFO  epoch 64 evaluating [time: 0.45s, valid_score: 0.043400]
Tue 30 Apr 2024 15:09:03 INFO  valid result: 
recall@20 : 0.0115    mrr@20 : 0.0434    ndcg@20 : 0.0154    hit@20 : 0.1591    precision@20 : 0.0138
Tue 30 Apr 2024 15:09:03 INFO  Saving current: saved/ANS-Apr-30-2024_15-07-50.pth
Tue 30 Apr 2024 15:09:04 INFO  epoch 65 training [time: 0.78s, train loss: 31.8439]
Tue 30 Apr 2024 15:09:04 INFO  epoch 65 evaluating [time: 0.44s, valid_score: 0.043300]
Tue 30 Apr 2024 15:09:04 INFO  valid result: 
recall@20 : 0.0121    mrr@20 : 0.0433    ndcg@20 : 0.0161    hit@20 : 0.158    precision@20 : 0.0146
Tue 30 Apr 2024 15:09:05 INFO  epoch 66 training [time: 0.81s, train loss: 31.8281]
Tue 30 Apr 2024 15:09:06 INFO  epoch 66 evaluating [time: 0.46s, valid_score: 0.044100]
Tue 30 Apr 2024 15:09:06 INFO  valid result: 
recall@20 : 0.0128    mrr@20 : 0.0441    ndcg@20 : 0.017    hit@20 : 0.1633    precision@20 : 0.0159
Tue 30 Apr 2024 15:09:06 INFO  Saving current: saved/ANS-Apr-30-2024_15-07-50.pth
Tue 30 Apr 2024 15:09:07 INFO  epoch 67 training [time: 0.93s, train loss: 31.8097]
Tue 30 Apr 2024 15:09:07 INFO  epoch 67 evaluating [time: 0.46s, valid_score: 0.045300]
Tue 30 Apr 2024 15:09:07 INFO  valid result: 
recall@20 : 0.0135    mrr@20 : 0.0453    ndcg@20 : 0.0178    hit@20 : 0.1676    precision@20 : 0.0167
Tue 30 Apr 2024 15:09:07 INFO  Saving current: saved/ANS-Apr-30-2024_15-07-50.pth
Tue 30 Apr 2024 15:09:08 INFO  epoch 68 training [time: 0.84s, train loss: 31.7928]
Tue 30 Apr 2024 15:09:08 INFO  epoch 68 evaluating [time: 0.44s, valid_score: 0.046100]
Tue 30 Apr 2024 15:09:08 INFO  valid result: 
recall@20 : 0.0141    mrr@20 : 0.0461    ndcg@20 : 0.0184    hit@20 : 0.1729    precision@20 : 0.0172
Tue 30 Apr 2024 15:09:08 INFO  Saving current: saved/ANS-Apr-30-2024_15-07-50.pth
Tue 30 Apr 2024 15:09:09 INFO  epoch 69 training [time: 0.82s, train loss: 31.7726]
Tue 30 Apr 2024 15:09:10 INFO  epoch 69 evaluating [time: 0.47s, valid_score: 0.047000]
Tue 30 Apr 2024 15:09:10 INFO  valid result: 
recall@20 : 0.0143    mrr@20 : 0.047    ndcg@20 : 0.0187    hit@20 : 0.175    precision@20 : 0.0173
Tue 30 Apr 2024 15:09:10 INFO  Saving current: saved/ANS-Apr-30-2024_15-07-50.pth
Tue 30 Apr 2024 15:09:10 INFO  epoch 70 training [time: 0.83s, train loss: 31.7469]
Tue 30 Apr 2024 15:09:11 INFO  epoch 70 evaluating [time: 0.47s, valid_score: 0.048100]
Tue 30 Apr 2024 15:09:11 INFO  valid result: 
recall@20 : 0.0156    mrr@20 : 0.0481    ndcg@20 : 0.0199    hit@20 : 0.1813    precision@20 : 0.0187
Tue 30 Apr 2024 15:09:11 INFO  Saving current: saved/ANS-Apr-30-2024_15-07-50.pth
Tue 30 Apr 2024 15:09:12 INFO  epoch 71 training [time: 0.85s, train loss: 31.7140]
Tue 30 Apr 2024 15:09:12 INFO  epoch 71 evaluating [time: 0.45s, valid_score: 0.047500]
Tue 30 Apr 2024 15:09:12 INFO  valid result: 
recall@20 : 0.0164    mrr@20 : 0.0475    ndcg@20 : 0.0206    hit@20 : 0.1866    precision@20 : 0.0196
Tue 30 Apr 2024 15:09:13 INFO  epoch 72 training [time: 0.84s, train loss: 31.6738]
Tue 30 Apr 2024 15:09:14 INFO  epoch 72 evaluating [time: 0.44s, valid_score: 0.047600]
Tue 30 Apr 2024 15:09:14 INFO  valid result: 
recall@20 : 0.0172    mrr@20 : 0.0476    ndcg@20 : 0.0214    hit@20 : 0.1888    precision@20 : 0.0206
Tue 30 Apr 2024 15:09:14 INFO  epoch 73 training [time: 0.78s, train loss: 31.6238]
Tue 30 Apr 2024 15:09:15 INFO  epoch 73 evaluating [time: 0.45s, valid_score: 0.049100]
Tue 30 Apr 2024 15:09:15 INFO  valid result: 
recall@20 : 0.0193    mrr@20 : 0.0491    ndcg@20 : 0.023    hit@20 : 0.2025    precision@20 : 0.0222
Tue 30 Apr 2024 15:09:15 INFO  Saving current: saved/ANS-Apr-30-2024_15-07-50.pth
Tue 30 Apr 2024 15:09:16 INFO  epoch 74 training [time: 0.92s, train loss: 31.5478]
Tue 30 Apr 2024 15:09:16 INFO  epoch 74 evaluating [time: 0.43s, valid_score: 0.051100]
Tue 30 Apr 2024 15:09:16 INFO  valid result: 
recall@20 : 0.0208    mrr@20 : 0.0511    ndcg@20 : 0.0243    hit@20 : 0.2121    precision@20 : 0.0234
Tue 30 Apr 2024 15:09:16 INFO  Saving current: saved/ANS-Apr-30-2024_15-07-50.pth
Tue 30 Apr 2024 15:09:17 INFO  epoch 75 training [time: 0.76s, train loss: 31.4353]
Tue 30 Apr 2024 15:09:17 INFO  epoch 75 evaluating [time: 0.43s, valid_score: 0.054900]
Tue 30 Apr 2024 15:09:17 INFO  valid result: 
recall@20 : 0.0225    mrr@20 : 0.0549    ndcg@20 : 0.026    hit@20 : 0.228    precision@20 : 0.0247
Tue 30 Apr 2024 15:09:17 INFO  Saving current: saved/ANS-Apr-30-2024_15-07-50.pth
Tue 30 Apr 2024 15:09:18 INFO  epoch 76 training [time: 0.84s, train loss: 31.2657]
Tue 30 Apr 2024 15:09:19 INFO  epoch 76 evaluating [time: 0.42s, valid_score: 0.060700]
Tue 30 Apr 2024 15:09:19 INFO  valid result: 
recall@20 : 0.0248    mrr@20 : 0.0607    ndcg@20 : 0.0283    hit@20 : 0.2365    precision@20 : 0.0265
Tue 30 Apr 2024 15:09:19 INFO  Saving current: saved/ANS-Apr-30-2024_15-07-50.pth
Tue 30 Apr 2024 15:09:19 INFO  epoch 77 training [time: 0.70s, train loss: 31.0255]
Tue 30 Apr 2024 15:09:20 INFO  epoch 77 evaluating [time: 0.42s, valid_score: 0.063300]
Tue 30 Apr 2024 15:09:20 INFO  valid result: 
recall@20 : 0.0265    mrr@20 : 0.0633    ndcg@20 : 0.03    hit@20 : 0.245    precision@20 : 0.0277
Tue 30 Apr 2024 15:09:20 INFO  Saving current: saved/ANS-Apr-30-2024_15-07-50.pth
Tue 30 Apr 2024 15:09:20 INFO  epoch 78 training [time: 0.73s, train loss: 30.6621]
Tue 30 Apr 2024 15:09:21 INFO  epoch 78 evaluating [time: 0.43s, valid_score: 0.066700]
Tue 30 Apr 2024 15:09:21 INFO  valid result: 
recall@20 : 0.0284    mrr@20 : 0.0667    ndcg@20 : 0.0316    hit@20 : 0.2672    precision@20 : 0.029
Tue 30 Apr 2024 15:09:21 INFO  Saving current: saved/ANS-Apr-30-2024_15-07-50.pth
Tue 30 Apr 2024 15:09:22 INFO  epoch 79 training [time: 0.76s, train loss: 30.1889]
Tue 30 Apr 2024 15:09:22 INFO  epoch 79 evaluating [time: 0.43s, valid_score: 0.072900]
Tue 30 Apr 2024 15:09:22 INFO  valid result: 
recall@20 : 0.0301    mrr@20 : 0.0729    ndcg@20 : 0.0338    hit@20 : 0.2757    precision@20 : 0.0303
Tue 30 Apr 2024 15:09:22 INFO  Saving current: saved/ANS-Apr-30-2024_15-07-50.pth
Tue 30 Apr 2024 15:09:23 INFO  epoch 80 training [time: 0.77s, train loss: 29.5642]
Tue 30 Apr 2024 15:09:23 INFO  epoch 80 evaluating [time: 0.42s, valid_score: 0.075800]
Tue 30 Apr 2024 15:09:23 INFO  valid result: 
recall@20 : 0.0325    mrr@20 : 0.0758    ndcg@20 : 0.0355    hit@20 : 0.2747    precision@20 : 0.0313
Tue 30 Apr 2024 15:09:23 INFO  Saving current: saved/ANS-Apr-30-2024_15-07-50.pth
Tue 30 Apr 2024 15:09:24 INFO  epoch 81 training [time: 0.88s, train loss: 28.7865]
Tue 30 Apr 2024 15:09:25 INFO  epoch 81 evaluating [time: 0.41s, valid_score: 0.078100]
Tue 30 Apr 2024 15:09:25 INFO  valid result: 
recall@20 : 0.035    mrr@20 : 0.0781    ndcg@20 : 0.0371    hit@20 : 0.281    precision@20 : 0.0328
Tue 30 Apr 2024 15:09:25 INFO  Saving current: saved/ANS-Apr-30-2024_15-07-50.pth
Tue 30 Apr 2024 15:09:25 INFO  epoch 82 training [time: 0.86s, train loss: 27.8900]
Tue 30 Apr 2024 15:09:26 INFO  epoch 82 evaluating [time: 0.42s, valid_score: 0.083300]
Tue 30 Apr 2024 15:09:26 INFO  valid result: 
recall@20 : 0.0381    mrr@20 : 0.0833    ndcg@20 : 0.0398    hit@20 : 0.299    precision@20 : 0.0348
Tue 30 Apr 2024 15:09:26 INFO  Saving current: saved/ANS-Apr-30-2024_15-07-50.pth
Tue 30 Apr 2024 15:09:27 INFO  epoch 83 training [time: 0.86s, train loss: 26.9489]
Tue 30 Apr 2024 15:09:27 INFO  epoch 83 evaluating [time: 0.42s, valid_score: 0.087100]
Tue 30 Apr 2024 15:09:27 INFO  valid result: 
recall@20 : 0.0419    mrr@20 : 0.0871    ndcg@20 : 0.0419    hit@20 : 0.3118    precision@20 : 0.0362
Tue 30 Apr 2024 15:09:27 INFO  Saving current: saved/ANS-Apr-30-2024_15-07-50.pth
Tue 30 Apr 2024 15:09:28 INFO  epoch 84 training [time: 0.89s, train loss: 26.0469]
Tue 30 Apr 2024 15:09:28 INFO  epoch 84 evaluating [time: 0.42s, valid_score: 0.088200]
Tue 30 Apr 2024 15:09:28 INFO  valid result: 
recall@20 : 0.0427    mrr@20 : 0.0882    ndcg@20 : 0.0431    hit@20 : 0.3192    precision@20 : 0.0375
Tue 30 Apr 2024 15:09:29 INFO  Saving current: saved/ANS-Apr-30-2024_15-07-50.pth
Tue 30 Apr 2024 15:09:29 INFO  epoch 85 training [time: 0.83s, train loss: 25.1220]
Tue 30 Apr 2024 15:09:30 INFO  epoch 85 evaluating [time: 0.45s, valid_score: 0.089400]
Tue 30 Apr 2024 15:09:30 INFO  valid result: 
recall@20 : 0.0438    mrr@20 : 0.0894    ndcg@20 : 0.0442    hit@20 : 0.3213    precision@20 : 0.0387
Tue 30 Apr 2024 15:09:30 INFO  Saving current: saved/ANS-Apr-30-2024_15-07-50.pth
Tue 30 Apr 2024 15:09:31 INFO  epoch 86 training [time: 0.91s, train loss: 24.3106]
Tue 30 Apr 2024 15:09:31 INFO  epoch 86 evaluating [time: 0.43s, valid_score: 0.093200]
Tue 30 Apr 2024 15:09:31 INFO  valid result: 
recall@20 : 0.0468    mrr@20 : 0.0932    ndcg@20 : 0.0465    hit@20 : 0.3362    precision@20 : 0.0405
Tue 30 Apr 2024 15:09:31 INFO  Saving current: saved/ANS-Apr-30-2024_15-07-50.pth
Tue 30 Apr 2024 15:09:32 INFO  epoch 87 training [time: 0.90s, train loss: 23.5741]
Tue 30 Apr 2024 15:09:32 INFO  epoch 87 evaluating [time: 0.44s, valid_score: 0.099800]
Tue 30 Apr 2024 15:09:32 INFO  valid result: 
recall@20 : 0.049    mrr@20 : 0.0998    ndcg@20 : 0.0489    hit@20 : 0.3425    precision@20 : 0.042
Tue 30 Apr 2024 15:09:32 INFO  Saving current: saved/ANS-Apr-30-2024_15-07-50.pth
Tue 30 Apr 2024 15:09:33 INFO  epoch 88 training [time: 0.79s, train loss: 22.9734]
Tue 30 Apr 2024 15:09:34 INFO  epoch 88 evaluating [time: 0.44s, valid_score: 0.100900]
Tue 30 Apr 2024 15:09:34 INFO  valid result: 
recall@20 : 0.0506    mrr@20 : 0.1009    ndcg@20 : 0.0501    hit@20 : 0.3468    precision@20 : 0.043
Tue 30 Apr 2024 15:09:34 INFO  Saving current: saved/ANS-Apr-30-2024_15-07-50.pth
Tue 30 Apr 2024 15:09:35 INFO  epoch 89 training [time: 0.88s, train loss: 22.3864]
Tue 30 Apr 2024 15:09:35 INFO  epoch 89 evaluating [time: 0.45s, valid_score: 0.103900]
Tue 30 Apr 2024 15:09:35 INFO  valid result: 
recall@20 : 0.0519    mrr@20 : 0.1039    ndcg@20 : 0.0517    hit@20 : 0.3499    precision@20 : 0.0443
Tue 30 Apr 2024 15:09:35 INFO  Saving current: saved/ANS-Apr-30-2024_15-07-50.pth
Tue 30 Apr 2024 15:09:36 INFO  epoch 90 training [time: 0.97s, train loss: 21.9650]
Tue 30 Apr 2024 15:09:36 INFO  epoch 90 evaluating [time: 0.43s, valid_score: 0.107300]
Tue 30 Apr 2024 15:09:36 INFO  valid result: 
recall@20 : 0.0541    mrr@20 : 0.1073    ndcg@20 : 0.0537    hit@20 : 0.3606    precision@20 : 0.046
Tue 30 Apr 2024 15:09:36 INFO  Saving current: saved/ANS-Apr-30-2024_15-07-50.pth
Tue 30 Apr 2024 15:09:37 INFO  epoch 91 training [time: 0.91s, train loss: 21.6250]
Tue 30 Apr 2024 15:09:38 INFO  epoch 91 evaluating [time: 0.43s, valid_score: 0.110300]
Tue 30 Apr 2024 15:09:38 INFO  valid result: 
recall@20 : 0.0554    mrr@20 : 0.1103    ndcg@20 : 0.0553    hit@20 : 0.3637    precision@20 : 0.0471
Tue 30 Apr 2024 15:09:38 INFO  Saving current: saved/ANS-Apr-30-2024_15-07-50.pth
Tue 30 Apr 2024 15:09:39 INFO  epoch 92 training [time: 0.83s, train loss: 21.2608]
Tue 30 Apr 2024 15:09:39 INFO  epoch 92 evaluating [time: 0.42s, valid_score: 0.112900]
Tue 30 Apr 2024 15:09:39 INFO  valid result: 
recall@20 : 0.0582    mrr@20 : 0.1129    ndcg@20 : 0.0574    hit@20 : 0.3754    precision@20 : 0.0488
Tue 30 Apr 2024 15:09:39 INFO  Saving current: saved/ANS-Apr-30-2024_15-07-50.pth
Tue 30 Apr 2024 15:09:40 INFO  epoch 93 training [time: 0.88s, train loss: 20.9687]
Tue 30 Apr 2024 15:09:40 INFO  epoch 93 evaluating [time: 0.43s, valid_score: 0.113000]
Tue 30 Apr 2024 15:09:40 INFO  valid result: 
recall@20 : 0.0592    mrr@20 : 0.113    ndcg@20 : 0.0583    hit@20 : 0.3775    precision@20 : 0.0494
Tue 30 Apr 2024 15:09:40 INFO  Saving current: saved/ANS-Apr-30-2024_15-07-50.pth
Tue 30 Apr 2024 15:09:41 INFO  epoch 94 training [time: 0.85s, train loss: 20.7612]
Tue 30 Apr 2024 15:09:42 INFO  epoch 94 evaluating [time: 0.42s, valid_score: 0.115400]
Tue 30 Apr 2024 15:09:42 INFO  valid result: 
recall@20 : 0.0611    mrr@20 : 0.1154    ndcg@20 : 0.0597    hit@20 : 0.3818    precision@20 : 0.0498
Tue 30 Apr 2024 15:09:42 INFO  Saving current: saved/ANS-Apr-30-2024_15-07-50.pth
Tue 30 Apr 2024 15:09:43 INFO  epoch 95 training [time: 0.90s, train loss: 20.5193]
Tue 30 Apr 2024 15:09:43 INFO  epoch 95 evaluating [time: 0.43s, valid_score: 0.119200]
Tue 30 Apr 2024 15:09:43 INFO  valid result: 
recall@20 : 0.0625    mrr@20 : 0.1192    ndcg@20 : 0.0615    hit@20 : 0.3871    precision@20 : 0.0508
Tue 30 Apr 2024 15:09:43 INFO  Saving current: saved/ANS-Apr-30-2024_15-07-50.pth
Tue 30 Apr 2024 15:09:44 INFO  epoch 96 training [time: 0.73s, train loss: 20.3631]
Tue 30 Apr 2024 15:09:44 INFO  epoch 96 evaluating [time: 0.43s, valid_score: 0.123200]
Tue 30 Apr 2024 15:09:44 INFO  valid result: 
recall@20 : 0.0642    mrr@20 : 0.1232    ndcg@20 : 0.0634    hit@20 : 0.3892    precision@20 : 0.052
Tue 30 Apr 2024 15:09:44 INFO  Saving current: saved/ANS-Apr-30-2024_15-07-50.pth
Tue 30 Apr 2024 15:09:45 INFO  epoch 97 training [time: 0.72s, train loss: 20.1085]
Tue 30 Apr 2024 15:09:45 INFO  epoch 97 evaluating [time: 0.41s, valid_score: 0.124900]
Tue 30 Apr 2024 15:09:45 INFO  valid result: 
recall@20 : 0.0646    mrr@20 : 0.1249    ndcg@20 : 0.0642    hit@20 : 0.3924    precision@20 : 0.0525
Tue 30 Apr 2024 15:09:45 INFO  Saving current: saved/ANS-Apr-30-2024_15-07-50.pth
Tue 30 Apr 2024 15:09:46 INFO  epoch 98 training [time: 0.70s, train loss: 20.0570]
Tue 30 Apr 2024 15:09:46 INFO  epoch 98 evaluating [time: 0.42s, valid_score: 0.130300]
Tue 30 Apr 2024 15:09:46 INFO  valid result: 
recall@20 : 0.0683    mrr@20 : 0.1303    ndcg@20 : 0.0666    hit@20 : 0.4019    precision@20 : 0.0536
Tue 30 Apr 2024 15:09:46 INFO  Saving current: saved/ANS-Apr-30-2024_15-07-50.pth
Tue 30 Apr 2024 15:09:47 INFO  epoch 99 training [time: 0.69s, train loss: 19.9763]
Tue 30 Apr 2024 15:09:48 INFO  epoch 99 evaluating [time: 0.42s, valid_score: 0.134700]
Tue 30 Apr 2024 15:09:48 INFO  valid result: 
recall@20 : 0.0695    mrr@20 : 0.1347    ndcg@20 : 0.0681    hit@20 : 0.4072    precision@20 : 0.0543
Tue 30 Apr 2024 15:09:48 INFO  Saving current: saved/ANS-Apr-30-2024_15-07-50.pth
Tue 30 Apr 2024 15:09:48 INFO  epoch 100 training [time: 0.71s, train loss: 19.7734]
Tue 30 Apr 2024 15:09:49 INFO  epoch 100 evaluating [time: 0.45s, valid_score: 0.138200]
Tue 30 Apr 2024 15:09:49 INFO  valid result: 
recall@20 : 0.0723    mrr@20 : 0.1382    ndcg@20 : 0.0701    hit@20 : 0.4178    precision@20 : 0.0555
Tue 30 Apr 2024 15:09:49 INFO  Saving current: saved/ANS-Apr-30-2024_15-07-50.pth
Tue 30 Apr 2024 15:09:49 INFO  epoch 101 training [time: 0.71s, train loss: 19.8140]
Tue 30 Apr 2024 15:09:50 INFO  epoch 101 evaluating [time: 0.42s, valid_score: 0.138400]
Tue 30 Apr 2024 15:09:50 INFO  valid result: 
recall@20 : 0.075    mrr@20 : 0.1384    ndcg@20 : 0.0716    hit@20 : 0.4263    precision@20 : 0.0568
Tue 30 Apr 2024 15:09:50 INFO  Saving current: saved/ANS-Apr-30-2024_15-07-50.pth
Tue 30 Apr 2024 15:09:51 INFO  epoch 102 training [time: 0.70s, train loss: 19.6217]
Tue 30 Apr 2024 15:09:51 INFO  epoch 102 evaluating [time: 0.44s, valid_score: 0.139000]
Tue 30 Apr 2024 15:09:51 INFO  valid result: 
recall@20 : 0.0789    mrr@20 : 0.139    ndcg@20 : 0.0737    hit@20 : 0.4316    precision@20 : 0.0579
Tue 30 Apr 2024 15:09:51 INFO  Saving current: saved/ANS-Apr-30-2024_15-07-50.pth
Tue 30 Apr 2024 15:09:52 INFO  epoch 103 training [time: 0.71s, train loss: 19.7038]
Tue 30 Apr 2024 15:09:52 INFO  epoch 103 evaluating [time: 0.44s, valid_score: 0.144900]
Tue 30 Apr 2024 15:09:52 INFO  valid result: 
recall@20 : 0.0834    mrr@20 : 0.1449    ndcg@20 : 0.0766    hit@20 : 0.4464    precision@20 : 0.0592
Tue 30 Apr 2024 15:09:52 INFO  Saving current: saved/ANS-Apr-30-2024_15-07-50.pth
Tue 30 Apr 2024 15:09:53 INFO  epoch 104 training [time: 1.07s, train loss: 19.5571]
Tue 30 Apr 2024 15:09:54 INFO  epoch 104 evaluating [time: 0.43s, valid_score: 0.147800]
Tue 30 Apr 2024 15:09:54 INFO  valid result: 
recall@20 : 0.0894    mrr@20 : 0.1478    ndcg@20 : 0.0793    hit@20 : 0.4602    precision@20 : 0.0608
Tue 30 Apr 2024 15:09:54 INFO  Saving current: saved/ANS-Apr-30-2024_15-07-50.pth
Tue 30 Apr 2024 15:09:54 INFO  epoch 105 training [time: 0.70s, train loss: 19.4773]
Tue 30 Apr 2024 15:09:55 INFO  epoch 105 evaluating [time: 0.41s, valid_score: 0.152700]
Tue 30 Apr 2024 15:09:55 INFO  valid result: 
recall@20 : 0.0952    mrr@20 : 0.1527    ndcg@20 : 0.0826    hit@20 : 0.4793    precision@20 : 0.0622
Tue 30 Apr 2024 15:09:55 INFO  Saving current: saved/ANS-Apr-30-2024_15-07-50.pth
Tue 30 Apr 2024 15:09:56 INFO  epoch 106 training [time: 0.73s, train loss: 19.4152]
Tue 30 Apr 2024 15:09:56 INFO  epoch 106 evaluating [time: 0.44s, valid_score: 0.156400]
Tue 30 Apr 2024 15:09:56 INFO  valid result: 
recall@20 : 0.1017    mrr@20 : 0.1564    ndcg@20 : 0.0864    hit@20 : 0.5016    precision@20 : 0.0635
Tue 30 Apr 2024 15:09:56 INFO  Saving current: saved/ANS-Apr-30-2024_15-07-50.pth
Tue 30 Apr 2024 15:09:57 INFO  epoch 107 training [time: 0.71s, train loss: 19.4162]
Tue 30 Apr 2024 15:09:57 INFO  epoch 107 evaluating [time: 0.46s, valid_score: 0.162100]
Tue 30 Apr 2024 15:09:57 INFO  valid result: 
recall@20 : 0.1081    mrr@20 : 0.1621    ndcg@20 : 0.0909    hit@20 : 0.5196    precision@20 : 0.0653
Tue 30 Apr 2024 15:09:57 INFO  Saving current: saved/ANS-Apr-30-2024_15-07-50.pth
Tue 30 Apr 2024 15:09:58 INFO  epoch 108 training [time: 0.68s, train loss: 19.3861]
Tue 30 Apr 2024 15:09:58 INFO  epoch 108 evaluating [time: 0.42s, valid_score: 0.171600]
Tue 30 Apr 2024 15:09:58 INFO  valid result: 
recall@20 : 0.1123    mrr@20 : 0.1716    ndcg@20 : 0.095    hit@20 : 0.5345    precision@20 : 0.0665
Tue 30 Apr 2024 15:09:58 INFO  Saving current: saved/ANS-Apr-30-2024_15-07-50.pth
Tue 30 Apr 2024 15:09:59 INFO  epoch 109 training [time: 0.69s, train loss: 19.2948]
Tue 30 Apr 2024 15:09:59 INFO  epoch 109 evaluating [time: 0.43s, valid_score: 0.182900]
Tue 30 Apr 2024 15:09:59 INFO  valid result: 
recall@20 : 0.1196    mrr@20 : 0.1829    ndcg@20 : 0.1016    hit@20 : 0.5536    precision@20 : 0.0677
Tue 30 Apr 2024 15:09:59 INFO  Saving current: saved/ANS-Apr-30-2024_15-07-50.pth
Tue 30 Apr 2024 15:10:00 INFO  epoch 110 training [time: 0.70s, train loss: 19.3052]
Tue 30 Apr 2024 15:10:01 INFO  epoch 110 evaluating [time: 0.43s, valid_score: 0.192200]
Tue 30 Apr 2024 15:10:01 INFO  valid result: 
recall@20 : 0.1247    mrr@20 : 0.1922    ndcg@20 : 0.107    hit@20 : 0.562    precision@20 : 0.0687
Tue 30 Apr 2024 15:10:01 INFO  Saving current: saved/ANS-Apr-30-2024_15-07-50.pth
Tue 30 Apr 2024 15:10:01 INFO  epoch 111 training [time: 0.70s, train loss: 19.2576]
Tue 30 Apr 2024 15:10:02 INFO  epoch 111 evaluating [time: 0.43s, valid_score: 0.199000]
Tue 30 Apr 2024 15:10:02 INFO  valid result: 
recall@20 : 0.1321    mrr@20 : 0.199    ndcg@20 : 0.113    hit@20 : 0.5769    precision@20 : 0.0707
Tue 30 Apr 2024 15:10:02 INFO  Saving current: saved/ANS-Apr-30-2024_15-07-50.pth
Tue 30 Apr 2024 15:10:02 INFO  epoch 112 training [time: 0.71s, train loss: 19.2222]
Tue 30 Apr 2024 15:10:03 INFO  epoch 112 evaluating [time: 0.43s, valid_score: 0.203000]
Tue 30 Apr 2024 15:10:03 INFO  valid result: 
recall@20 : 0.138    mrr@20 : 0.203    ndcg@20 : 0.1166    hit@20 : 0.5928    precision@20 : 0.0721
Tue 30 Apr 2024 15:10:03 INFO  Saving current: saved/ANS-Apr-30-2024_15-07-50.pth
Tue 30 Apr 2024 15:10:04 INFO  epoch 113 training [time: 0.70s, train loss: 19.1567]
Tue 30 Apr 2024 15:10:04 INFO  epoch 113 evaluating [time: 0.46s, valid_score: 0.214600]
Tue 30 Apr 2024 15:10:04 INFO  valid result: 
recall@20 : 0.1481    mrr@20 : 0.2146    ndcg@20 : 0.1233    hit@20 : 0.614    precision@20 : 0.0742
Tue 30 Apr 2024 15:10:04 INFO  Saving current: saved/ANS-Apr-30-2024_15-07-50.pth
Tue 30 Apr 2024 15:10:05 INFO  epoch 114 training [time: 0.71s, train loss: 19.0624]
Tue 30 Apr 2024 15:10:05 INFO  epoch 114 evaluating [time: 0.42s, valid_score: 0.222100]
Tue 30 Apr 2024 15:10:05 INFO  valid result: 
recall@20 : 0.1553    mrr@20 : 0.2221    ndcg@20 : 0.1289    hit@20 : 0.6267    precision@20 : 0.0759
Tue 30 Apr 2024 15:10:05 INFO  Saving current: saved/ANS-Apr-30-2024_15-07-50.pth
Tue 30 Apr 2024 15:10:06 INFO  epoch 115 training [time: 0.70s, train loss: 19.0732]
Tue 30 Apr 2024 15:10:06 INFO  epoch 115 evaluating [time: 0.42s, valid_score: 0.228600]
Tue 30 Apr 2024 15:10:06 INFO  valid result: 
recall@20 : 0.1598    mrr@20 : 0.2286    ndcg@20 : 0.1328    hit@20 : 0.6373    precision@20 : 0.0772
Tue 30 Apr 2024 15:10:06 INFO  Saving current: saved/ANS-Apr-30-2024_15-07-50.pth
Tue 30 Apr 2024 15:10:07 INFO  epoch 116 training [time: 0.69s, train loss: 18.9742]
Tue 30 Apr 2024 15:10:07 INFO  epoch 116 evaluating [time: 0.45s, valid_score: 0.232400]
Tue 30 Apr 2024 15:10:07 INFO  valid result: 
recall@20 : 0.1666    mrr@20 : 0.2324    ndcg@20 : 0.1367    hit@20 : 0.6501    precision@20 : 0.0787
Tue 30 Apr 2024 15:10:07 INFO  Saving current: saved/ANS-Apr-30-2024_15-07-50.pth
Tue 30 Apr 2024 15:10:08 INFO  epoch 117 training [time: 0.70s, train loss: 19.1148]
Tue 30 Apr 2024 15:10:09 INFO  epoch 117 evaluating [time: 0.42s, valid_score: 0.239900]
Tue 30 Apr 2024 15:10:09 INFO  valid result: 
recall@20 : 0.1722    mrr@20 : 0.2399    ndcg@20 : 0.1407    hit@20 : 0.6628    precision@20 : 0.0795
Tue 30 Apr 2024 15:10:09 INFO  Saving current: saved/ANS-Apr-30-2024_15-07-50.pth
Tue 30 Apr 2024 15:10:09 INFO  epoch 118 training [time: 0.73s, train loss: 19.0207]
Tue 30 Apr 2024 15:10:10 INFO  epoch 118 evaluating [time: 0.41s, valid_score: 0.244700]
Tue 30 Apr 2024 15:10:10 INFO  valid result: 
recall@20 : 0.1766    mrr@20 : 0.2447    ndcg@20 : 0.1437    hit@20 : 0.6723    precision@20 : 0.0804
Tue 30 Apr 2024 15:10:10 INFO  Saving current: saved/ANS-Apr-30-2024_15-07-50.pth
Tue 30 Apr 2024 15:10:10 INFO  epoch 119 training [time: 0.72s, train loss: 18.9788]
Tue 30 Apr 2024 15:10:11 INFO  epoch 119 evaluating [time: 0.41s, valid_score: 0.246400]
Tue 30 Apr 2024 15:10:11 INFO  valid result: 
recall@20 : 0.1821    mrr@20 : 0.2464    ndcg@20 : 0.1469    hit@20 : 0.6808    precision@20 : 0.0818
Tue 30 Apr 2024 15:10:11 INFO  Saving current: saved/ANS-Apr-30-2024_15-07-50.pth
Tue 30 Apr 2024 15:10:12 INFO  epoch 120 training [time: 0.80s, train loss: 18.9756]
Tue 30 Apr 2024 15:10:12 INFO  epoch 120 evaluating [time: 0.42s, valid_score: 0.251300]
Tue 30 Apr 2024 15:10:12 INFO  valid result: 
recall@20 : 0.1884    mrr@20 : 0.2513    ndcg@20 : 0.1514    hit@20 : 0.6914    precision@20 : 0.0839
Tue 30 Apr 2024 15:10:12 INFO  Saving current: saved/ANS-Apr-30-2024_15-07-50.pth
Tue 30 Apr 2024 15:10:13 INFO  epoch 121 training [time: 0.71s, train loss: 18.8655]
Tue 30 Apr 2024 15:10:13 INFO  epoch 121 evaluating [time: 0.43s, valid_score: 0.257500]
Tue 30 Apr 2024 15:10:13 INFO  valid result: 
recall@20 : 0.1935    mrr@20 : 0.2575    ndcg@20 : 0.1551    hit@20 : 0.6988    precision@20 : 0.0857
Tue 30 Apr 2024 15:10:13 INFO  Saving current: saved/ANS-Apr-30-2024_15-07-50.pth
Tue 30 Apr 2024 15:10:14 INFO  epoch 122 training [time: 0.70s, train loss: 18.7702]
Tue 30 Apr 2024 15:10:14 INFO  epoch 122 evaluating [time: 0.42s, valid_score: 0.258700]
Tue 30 Apr 2024 15:10:14 INFO  valid result: 
recall@20 : 0.2002    mrr@20 : 0.2587    ndcg@20 : 0.1587    hit@20 : 0.7158    precision@20 : 0.0872
Tue 30 Apr 2024 15:10:14 INFO  Saving current: saved/ANS-Apr-30-2024_15-07-50.pth
Tue 30 Apr 2024 15:10:15 INFO  epoch 123 training [time: 0.71s, train loss: 18.8310]
Tue 30 Apr 2024 15:10:15 INFO  epoch 123 evaluating [time: 0.43s, valid_score: 0.259800]
Tue 30 Apr 2024 15:10:15 INFO  valid result: 
recall@20 : 0.2035    mrr@20 : 0.2598    ndcg@20 : 0.1605    hit@20 : 0.7211    precision@20 : 0.0881
Tue 30 Apr 2024 15:10:15 INFO  Saving current: saved/ANS-Apr-30-2024_15-07-50.pth
Tue 30 Apr 2024 15:10:16 INFO  epoch 124 training [time: 0.68s, train loss: 18.7031]
Tue 30 Apr 2024 15:10:17 INFO  epoch 124 evaluating [time: 0.42s, valid_score: 0.255300]
Tue 30 Apr 2024 15:10:17 INFO  valid result: 
recall@20 : 0.2079    mrr@20 : 0.2553    ndcg@20 : 0.162    hit@20 : 0.7285    precision@20 : 0.0895
Tue 30 Apr 2024 15:10:17 INFO  epoch 125 training [time: 0.69s, train loss: 18.7277]
Tue 30 Apr 2024 15:10:18 INFO  epoch 125 evaluating [time: 0.42s, valid_score: 0.258300]
Tue 30 Apr 2024 15:10:18 INFO  valid result: 
recall@20 : 0.2095    mrr@20 : 0.2583    ndcg@20 : 0.1634    hit@20 : 0.7275    precision@20 : 0.09
Tue 30 Apr 2024 15:10:18 INFO  epoch 126 training [time: 0.70s, train loss: 18.6917]
Tue 30 Apr 2024 15:10:19 INFO  epoch 126 evaluating [time: 0.42s, valid_score: 0.258000]
Tue 30 Apr 2024 15:10:19 INFO  valid result: 
recall@20 : 0.2117    mrr@20 : 0.258    ndcg@20 : 0.1649    hit@20 : 0.7317    precision@20 : 0.0898
Tue 30 Apr 2024 15:10:20 INFO  epoch 127 training [time: 0.72s, train loss: 18.6244]
Tue 30 Apr 2024 15:10:20 INFO  epoch 127 evaluating [time: 0.42s, valid_score: 0.257700]
Tue 30 Apr 2024 15:10:20 INFO  valid result: 
recall@20 : 0.2163    mrr@20 : 0.2577    ndcg@20 : 0.1667    hit@20 : 0.7434    precision@20 : 0.0914
Tue 30 Apr 2024 15:10:21 INFO  epoch 128 training [time: 0.69s, train loss: 18.6616]
Tue 30 Apr 2024 15:10:21 INFO  epoch 128 evaluating [time: 0.42s, valid_score: 0.261700]
Tue 30 Apr 2024 15:10:21 INFO  valid result: 
recall@20 : 0.2197    mrr@20 : 0.2617    ndcg@20 : 0.169    hit@20 : 0.7455    precision@20 : 0.0924
Tue 30 Apr 2024 15:10:21 INFO  Saving current: saved/ANS-Apr-30-2024_15-07-50.pth
Tue 30 Apr 2024 15:10:22 INFO  epoch 129 training [time: 0.70s, train loss: 18.4984]
Tue 30 Apr 2024 15:10:22 INFO  epoch 129 evaluating [time: 0.42s, valid_score: 0.265800]
Tue 30 Apr 2024 15:10:22 INFO  valid result: 
recall@20 : 0.2207    mrr@20 : 0.2658    ndcg@20 : 0.1707    hit@20 : 0.7413    precision@20 : 0.0928
Tue 30 Apr 2024 15:10:22 INFO  Saving current: saved/ANS-Apr-30-2024_15-07-50.pth
Tue 30 Apr 2024 15:10:23 INFO  epoch 130 training [time: 0.69s, train loss: 18.4399]
Tue 30 Apr 2024 15:10:23 INFO  epoch 130 evaluating [time: 0.42s, valid_score: 0.263800]
Tue 30 Apr 2024 15:10:23 INFO  valid result: 
recall@20 : 0.2225    mrr@20 : 0.2638    ndcg@20 : 0.1712    hit@20 : 0.7391    precision@20 : 0.0932
Tue 30 Apr 2024 15:10:24 INFO  epoch 131 training [time: 0.70s, train loss: 18.3653]
Tue 30 Apr 2024 15:10:24 INFO  epoch 131 evaluating [time: 0.43s, valid_score: 0.266000]
Tue 30 Apr 2024 15:10:24 INFO  valid result: 
recall@20 : 0.2274    mrr@20 : 0.266    ndcg@20 : 0.1731    hit@20 : 0.7508    precision@20 : 0.0948
Tue 30 Apr 2024 15:10:24 INFO  Saving current: saved/ANS-Apr-30-2024_15-07-50.pth
Tue 30 Apr 2024 15:10:25 INFO  epoch 132 training [time: 0.71s, train loss: 18.5535]
Tue 30 Apr 2024 15:10:26 INFO  epoch 132 evaluating [time: 0.44s, valid_score: 0.264000]
Tue 30 Apr 2024 15:10:26 INFO  valid result: 
recall@20 : 0.2304    mrr@20 : 0.264    ndcg@20 : 0.1736    hit@20 : 0.755    precision@20 : 0.0956
Tue 30 Apr 2024 15:10:26 INFO  epoch 133 training [time: 0.72s, train loss: 18.3340]
Tue 30 Apr 2024 15:10:27 INFO  epoch 133 evaluating [time: 0.43s, valid_score: 0.266900]
Tue 30 Apr 2024 15:10:27 INFO  valid result: 
recall@20 : 0.2324    mrr@20 : 0.2669    ndcg@20 : 0.1753    hit@20 : 0.7572    precision@20 : 0.0964
Tue 30 Apr 2024 15:10:27 INFO  Saving current: saved/ANS-Apr-30-2024_15-07-50.pth
Tue 30 Apr 2024 15:10:28 INFO  epoch 134 training [time: 0.76s, train loss: 18.2870]
Tue 30 Apr 2024 15:10:28 INFO  epoch 134 evaluating [time: 0.44s, valid_score: 0.267200]
Tue 30 Apr 2024 15:10:28 INFO  valid result: 
recall@20 : 0.234    mrr@20 : 0.2672    ndcg@20 : 0.1756    hit@20 : 0.7625    precision@20 : 0.0967
Tue 30 Apr 2024 15:10:28 INFO  Saving current: saved/ANS-Apr-30-2024_15-07-50.pth
Tue 30 Apr 2024 15:10:29 INFO  epoch 135 training [time: 0.85s, train loss: 18.2766]
Tue 30 Apr 2024 15:10:29 INFO  epoch 135 evaluating [time: 0.42s, valid_score: 0.268700]
Tue 30 Apr 2024 15:10:29 INFO  valid result: 
recall@20 : 0.2359    mrr@20 : 0.2687    ndcg@20 : 0.1769    hit@20 : 0.7656    precision@20 : 0.0975
Tue 30 Apr 2024 15:10:29 INFO  Saving current: saved/ANS-Apr-30-2024_15-07-50.pth
Tue 30 Apr 2024 15:10:30 INFO  epoch 136 training [time: 0.70s, train loss: 18.2421]
Tue 30 Apr 2024 15:10:30 INFO  epoch 136 evaluating [time: 0.43s, valid_score: 0.269700]
Tue 30 Apr 2024 15:10:30 INFO  valid result: 
recall@20 : 0.2379    mrr@20 : 0.2697    ndcg@20 : 0.178    hit@20 : 0.7646    precision@20 : 0.0978
Tue 30 Apr 2024 15:10:30 INFO  Saving current: saved/ANS-Apr-30-2024_15-07-50.pth
Tue 30 Apr 2024 15:10:31 INFO  epoch 137 training [time: 0.69s, train loss: 18.2796]
Tue 30 Apr 2024 15:10:31 INFO  epoch 137 evaluating [time: 0.42s, valid_score: 0.268700]
Tue 30 Apr 2024 15:10:31 INFO  valid result: 
recall@20 : 0.2377    mrr@20 : 0.2687    ndcg@20 : 0.178    hit@20 : 0.7625    precision@20 : 0.0987
Tue 30 Apr 2024 15:10:32 INFO  epoch 138 training [time: 0.70s, train loss: 18.2255]
Tue 30 Apr 2024 15:10:33 INFO  epoch 138 evaluating [time: 0.44s, valid_score: 0.267300]
Tue 30 Apr 2024 15:10:33 INFO  valid result: 
recall@20 : 0.2383    mrr@20 : 0.2673    ndcg@20 : 0.1779    hit@20 : 0.7614    precision@20 : 0.0985
Tue 30 Apr 2024 15:10:33 INFO  epoch 139 training [time: 0.70s, train loss: 18.1423]
Tue 30 Apr 2024 15:10:34 INFO  epoch 139 evaluating [time: 0.42s, valid_score: 0.266500]
Tue 30 Apr 2024 15:10:34 INFO  valid result: 
recall@20 : 0.2403    mrr@20 : 0.2665    ndcg@20 : 0.1788    hit@20 : 0.7656    precision@20 : 0.0992
Tue 30 Apr 2024 15:10:34 INFO  epoch 140 training [time: 0.70s, train loss: 18.1242]
Tue 30 Apr 2024 15:10:35 INFO  epoch 140 evaluating [time: 0.42s, valid_score: 0.263400]
Tue 30 Apr 2024 15:10:35 INFO  valid result: 
recall@20 : 0.2414    mrr@20 : 0.2634    ndcg@20 : 0.1784    hit@20 : 0.7678    precision@20 : 0.0993
Tue 30 Apr 2024 15:10:36 INFO  epoch 141 training [time: 0.70s, train loss: 18.1604]
Tue 30 Apr 2024 15:10:36 INFO  epoch 141 evaluating [time: 0.43s, valid_score: 0.263400]
Tue 30 Apr 2024 15:10:36 INFO  valid result: 
recall@20 : 0.2429    mrr@20 : 0.2634    ndcg@20 : 0.1793    hit@20 : 0.7667    precision@20 : 0.1002
Tue 30 Apr 2024 15:10:37 INFO  epoch 142 training [time: 0.69s, train loss: 18.0205]
Tue 30 Apr 2024 15:10:37 INFO  epoch 142 evaluating [time: 0.42s, valid_score: 0.263000]
Tue 30 Apr 2024 15:10:37 INFO  valid result: 
recall@20 : 0.2417    mrr@20 : 0.263    ndcg@20 : 0.1789    hit@20 : 0.7699    precision@20 : 0.1001
Tue 30 Apr 2024 15:10:38 INFO  epoch 143 training [time: 0.74s, train loss: 18.0099]
Tue 30 Apr 2024 15:10:38 INFO  epoch 143 evaluating [time: 0.43s, valid_score: 0.264100]
Tue 30 Apr 2024 15:10:38 INFO  valid result: 
recall@20 : 0.2405    mrr@20 : 0.2641    ndcg@20 : 0.1785    hit@20 : 0.7614    precision@20 : 0.1001
Tue 30 Apr 2024 15:10:39 INFO  epoch 144 training [time: 0.73s, train loss: 17.9086]
Tue 30 Apr 2024 15:10:39 INFO  epoch 144 evaluating [time: 0.42s, valid_score: 0.264600]
Tue 30 Apr 2024 15:10:39 INFO  valid result: 
recall@20 : 0.2437    mrr@20 : 0.2646    ndcg@20 : 0.1795    hit@20 : 0.7688    precision@20 : 0.1005
Tue 30 Apr 2024 15:10:40 INFO  epoch 145 training [time: 0.69s, train loss: 17.9493]
Tue 30 Apr 2024 15:10:41 INFO  epoch 145 evaluating [time: 0.42s, valid_score: 0.261700]
Tue 30 Apr 2024 15:10:41 INFO  valid result: 
recall@20 : 0.2433    mrr@20 : 0.2617    ndcg@20 : 0.179    hit@20 : 0.7656    precision@20 : 0.1006
Tue 30 Apr 2024 15:10:41 INFO  epoch 146 training [time: 0.72s, train loss: 17.9222]
Tue 30 Apr 2024 15:10:42 INFO  epoch 146 evaluating [time: 0.42s, valid_score: 0.260000]
Tue 30 Apr 2024 15:10:42 INFO  valid result: 
recall@20 : 0.2419    mrr@20 : 0.26    ndcg@20 : 0.1786    hit@20 : 0.7614    precision@20 : 0.1004
Tue 30 Apr 2024 15:10:42 INFO  epoch 147 training [time: 0.73s, train loss: 17.7469]
Tue 30 Apr 2024 15:10:43 INFO  epoch 147 evaluating [time: 0.42s, valid_score: 0.260900]
Tue 30 Apr 2024 15:10:43 INFO  valid result: 
recall@20 : 0.2424    mrr@20 : 0.2609    ndcg@20 : 0.1785    hit@20 : 0.7646    precision@20 : 0.1
Tue 30 Apr 2024 15:10:44 INFO  epoch 148 training [time: 0.77s, train loss: 17.8391]
Tue 30 Apr 2024 15:10:44 INFO  epoch 148 evaluating [time: 0.43s, valid_score: 0.259400]
Tue 30 Apr 2024 15:10:44 INFO  valid result: 
recall@20 : 0.2418    mrr@20 : 0.2594    ndcg@20 : 0.1781    hit@20 : 0.7603    precision@20 : 0.1002
Tue 30 Apr 2024 15:10:45 INFO  epoch 149 training [time: 0.72s, train loss: 17.7629]
Tue 30 Apr 2024 15:10:45 INFO  epoch 149 evaluating [time: 0.41s, valid_score: 0.259600]
Tue 30 Apr 2024 15:10:45 INFO  valid result: 
recall@20 : 0.2405    mrr@20 : 0.2596    ndcg@20 : 0.1777    hit@20 : 0.7603    precision@20 : 0.1
Tue 30 Apr 2024 15:10:46 INFO  epoch 150 training [time: 0.83s, train loss: 17.7476]
Tue 30 Apr 2024 15:10:46 INFO  epoch 150 evaluating [time: 0.41s, valid_score: 0.261300]
Tue 30 Apr 2024 15:10:46 INFO  valid result: 
recall@20 : 0.2408    mrr@20 : 0.2613    ndcg@20 : 0.1783    hit@20 : 0.7635    precision@20 : 0.1002
Tue 30 Apr 2024 15:10:47 INFO  epoch 151 training [time: 0.70s, train loss: 17.6143]
Tue 30 Apr 2024 15:10:47 INFO  epoch 151 evaluating [time: 0.42s, valid_score: 0.262500]
Tue 30 Apr 2024 15:10:47 INFO  valid result: 
recall@20 : 0.2399    mrr@20 : 0.2625    ndcg@20 : 0.1781    hit@20 : 0.7614    precision@20 : 0.0998
Tue 30 Apr 2024 15:10:48 INFO  epoch 152 training [time: 0.73s, train loss: 17.6380]
Tue 30 Apr 2024 15:10:49 INFO  epoch 152 evaluating [time: 0.42s, valid_score: 0.261700]
Tue 30 Apr 2024 15:10:49 INFO  valid result: 
recall@20 : 0.2397    mrr@20 : 0.2617    ndcg@20 : 0.1779    hit@20 : 0.7614    precision@20 : 0.1001
Tue 30 Apr 2024 15:10:49 INFO  epoch 153 training [time: 0.77s, train loss: 17.5420]
Tue 30 Apr 2024 15:10:50 INFO  epoch 153 evaluating [time: 0.42s, valid_score: 0.258500]
Tue 30 Apr 2024 15:10:50 INFO  valid result: 
recall@20 : 0.2398    mrr@20 : 0.2585    ndcg@20 : 0.177    hit@20 : 0.7614    precision@20 : 0.1003
Tue 30 Apr 2024 15:10:51 INFO  epoch 154 training [time: 0.73s, train loss: 17.4532]
Tue 30 Apr 2024 15:10:51 INFO  epoch 154 evaluating [time: 0.42s, valid_score: 0.258800]
Tue 30 Apr 2024 15:10:51 INFO  valid result: 
recall@20 : 0.2388    mrr@20 : 0.2588    ndcg@20 : 0.176    hit@20 : 0.7603    precision@20 : 0.0996
Tue 30 Apr 2024 15:10:52 INFO  epoch 155 training [time: 0.70s, train loss: 17.4874]
Tue 30 Apr 2024 15:10:52 INFO  epoch 155 evaluating [time: 0.42s, valid_score: 0.257500]
Tue 30 Apr 2024 15:10:52 INFO  valid result: 
recall@20 : 0.24    mrr@20 : 0.2575    ndcg@20 : 0.1761    hit@20 : 0.7656    precision@20 : 0.0996
Tue 30 Apr 2024 15:10:53 INFO  epoch 156 training [time: 0.72s, train loss: 17.3843]
Tue 30 Apr 2024 15:10:53 INFO  epoch 156 evaluating [time: 0.43s, valid_score: 0.256900]
Tue 30 Apr 2024 15:10:53 INFO  valid result: 
recall@20 : 0.2378    mrr@20 : 0.2569    ndcg@20 : 0.1749    hit@20 : 0.7603    precision@20 : 0.099
Tue 30 Apr 2024 15:10:54 INFO  epoch 157 training [time: 0.73s, train loss: 17.2597]
Tue 30 Apr 2024 15:10:54 INFO  epoch 157 evaluating [time: 0.42s, valid_score: 0.255400]
Tue 30 Apr 2024 15:10:54 INFO  valid result: 
recall@20 : 0.2377    mrr@20 : 0.2554    ndcg@20 : 0.1747    hit@20 : 0.7603    precision@20 : 0.0993
Tue 30 Apr 2024 15:10:55 INFO  epoch 158 training [time: 0.86s, train loss: 17.3153]
Tue 30 Apr 2024 15:10:56 INFO  epoch 158 evaluating [time: 0.44s, valid_score: 0.255100]
Tue 30 Apr 2024 15:10:56 INFO  valid result: 
recall@20 : 0.2378    mrr@20 : 0.2551    ndcg@20 : 0.1746    hit@20 : 0.7635    precision@20 : 0.0994
Tue 30 Apr 2024 15:10:56 INFO  epoch 159 training [time: 0.76s, train loss: 17.3208]
Tue 30 Apr 2024 15:10:57 INFO  epoch 159 evaluating [time: 0.45s, valid_score: 0.256200]
Tue 30 Apr 2024 15:10:57 INFO  valid result: 
recall@20 : 0.2376    mrr@20 : 0.2562    ndcg@20 : 0.1748    hit@20 : 0.7625    precision@20 : 0.0995
Tue 30 Apr 2024 15:10:58 INFO  epoch 160 training [time: 0.72s, train loss: 17.1853]
Tue 30 Apr 2024 15:10:58 INFO  epoch 160 evaluating [time: 0.42s, valid_score: 0.260800]
Tue 30 Apr 2024 15:10:58 INFO  valid result: 
recall@20 : 0.2372    mrr@20 : 0.2608    ndcg@20 : 0.1756    hit@20 : 0.7625    precision@20 : 0.0995
Tue 30 Apr 2024 15:10:59 INFO  epoch 161 training [time: 0.74s, train loss: 17.1876]
Tue 30 Apr 2024 15:10:59 INFO  epoch 161 evaluating [time: 0.44s, valid_score: 0.259700]
Tue 30 Apr 2024 15:10:59 INFO  valid result: 
recall@20 : 0.2372    mrr@20 : 0.2597    ndcg@20 : 0.1755    hit@20 : 0.7614    precision@20 : 0.0995
Tue 30 Apr 2024 15:11:00 INFO  epoch 162 training [time: 0.77s, train loss: 17.2272]
Tue 30 Apr 2024 15:11:00 INFO  epoch 162 evaluating [time: 0.42s, valid_score: 0.263700]
Tue 30 Apr 2024 15:11:00 INFO  valid result: 
recall@20 : 0.2374    mrr@20 : 0.2637    ndcg@20 : 0.1761    hit@20 : 0.7572    precision@20 : 0.0996
Tue 30 Apr 2024 15:11:01 INFO  epoch 163 training [time: 0.75s, train loss: 17.1813]
Tue 30 Apr 2024 15:11:02 INFO  epoch 163 evaluating [time: 0.43s, valid_score: 0.261700]
Tue 30 Apr 2024 15:11:02 INFO  valid result: 
recall@20 : 0.2361    mrr@20 : 0.2617    ndcg@20 : 0.1752    hit@20 : 0.754    precision@20 : 0.0994
Tue 30 Apr 2024 15:11:02 INFO  epoch 164 training [time: 0.74s, train loss: 16.9953]
Tue 30 Apr 2024 15:11:03 INFO  epoch 164 evaluating [time: 0.42s, valid_score: 0.260900]
Tue 30 Apr 2024 15:11:03 INFO  valid result: 
recall@20 : 0.2367    mrr@20 : 0.2609    ndcg@20 : 0.1751    hit@20 : 0.7561    precision@20 : 0.0992
Tue 30 Apr 2024 15:11:04 INFO  epoch 165 training [time: 0.86s, train loss: 17.1031]
Tue 30 Apr 2024 15:11:04 INFO  epoch 165 evaluating [time: 0.43s, valid_score: 0.260700]
Tue 30 Apr 2024 15:11:04 INFO  valid result: 
recall@20 : 0.2388    mrr@20 : 0.2607    ndcg@20 : 0.1755    hit@20 : 0.7593    precision@20 : 0.0995
Tue 30 Apr 2024 15:11:05 INFO  epoch 166 training [time: 0.84s, train loss: 17.0682]
Tue 30 Apr 2024 15:11:05 INFO  epoch 166 evaluating [time: 0.42s, valid_score: 0.259600]
Tue 30 Apr 2024 15:11:05 INFO  valid result: 
recall@20 : 0.2383    mrr@20 : 0.2596    ndcg@20 : 0.1752    hit@20 : 0.7593    precision@20 : 0.0995
Tue 30 Apr 2024 15:11:06 INFO  epoch 167 training [time: 0.83s, train loss: 16.8850]
Tue 30 Apr 2024 15:11:07 INFO  epoch 167 evaluating [time: 0.42s, valid_score: 0.260800]
Tue 30 Apr 2024 15:11:07 INFO  valid result: 
recall@20 : 0.2361    mrr@20 : 0.2608    ndcg@20 : 0.1749    hit@20 : 0.7593    precision@20 : 0.0992
Tue 30 Apr 2024 15:11:07 INFO  epoch 168 training [time: 0.89s, train loss: 17.0016]
Tue 30 Apr 2024 15:11:08 INFO  epoch 168 evaluating [time: 0.42s, valid_score: 0.264900]
Tue 30 Apr 2024 15:11:08 INFO  valid result: 
recall@20 : 0.2354    mrr@20 : 0.2649    ndcg@20 : 0.1751    hit@20 : 0.7582    precision@20 : 0.0989
Tue 30 Apr 2024 15:11:09 INFO  epoch 169 training [time: 0.90s, train loss: 16.9585]
Tue 30 Apr 2024 15:11:09 INFO  epoch 169 evaluating [time: 0.42s, valid_score: 0.264100]
Tue 30 Apr 2024 15:11:09 INFO  valid result: 
recall@20 : 0.2353    mrr@20 : 0.2641    ndcg@20 : 0.1748    hit@20 : 0.7561    precision@20 : 0.0985
Tue 30 Apr 2024 15:11:10 INFO  epoch 170 training [time: 0.83s, train loss: 17.0107]
Tue 30 Apr 2024 15:11:10 INFO  epoch 170 evaluating [time: 0.41s, valid_score: 0.262700]
Tue 30 Apr 2024 15:11:10 INFO  valid result: 
recall@20 : 0.234    mrr@20 : 0.2627    ndcg@20 : 0.1734    hit@20 : 0.7529    precision@20 : 0.0976
Tue 30 Apr 2024 15:11:11 INFO  epoch 171 training [time: 0.89s, train loss: 16.8471]
Tue 30 Apr 2024 15:11:12 INFO  epoch 171 evaluating [time: 0.41s, valid_score: 0.264100]
Tue 30 Apr 2024 15:11:12 INFO  valid result: 
recall@20 : 0.2346    mrr@20 : 0.2641    ndcg@20 : 0.1737    hit@20 : 0.7508    precision@20 : 0.0975
Tue 30 Apr 2024 15:11:13 INFO  epoch 172 training [time: 0.82s, train loss: 16.8079]
Tue 30 Apr 2024 15:11:13 INFO  epoch 172 evaluating [time: 0.42s, valid_score: 0.263200]
Tue 30 Apr 2024 15:11:13 INFO  valid result: 
recall@20 : 0.2332    mrr@20 : 0.2632    ndcg@20 : 0.1731    hit@20 : 0.7497    precision@20 : 0.0975
Tue 30 Apr 2024 15:11:14 INFO  epoch 173 training [time: 0.81s, train loss: 16.8031]
Tue 30 Apr 2024 15:11:14 INFO  epoch 173 evaluating [time: 0.41s, valid_score: 0.261400]
Tue 30 Apr 2024 15:11:14 INFO  valid result: 
recall@20 : 0.2324    mrr@20 : 0.2614    ndcg@20 : 0.1725    hit@20 : 0.7423    precision@20 : 0.0972
Tue 30 Apr 2024 15:11:15 INFO  epoch 174 training [time: 0.95s, train loss: 16.7600]
Tue 30 Apr 2024 15:11:16 INFO  epoch 174 evaluating [time: 0.42s, valid_score: 0.263200]
Tue 30 Apr 2024 15:11:16 INFO  valid result: 
recall@20 : 0.2311    mrr@20 : 0.2632    ndcg@20 : 0.172    hit@20 : 0.7413    precision@20 : 0.097
Tue 30 Apr 2024 15:11:16 INFO  epoch 175 training [time: 0.91s, train loss: 16.5684]
Tue 30 Apr 2024 15:11:17 INFO  epoch 175 evaluating [time: 0.43s, valid_score: 0.260400]
Tue 30 Apr 2024 15:11:17 INFO  valid result: 
recall@20 : 0.2311    mrr@20 : 0.2604    ndcg@20 : 0.172    hit@20 : 0.7381    precision@20 : 0.0973
Tue 30 Apr 2024 15:11:18 INFO  epoch 176 training [time: 0.81s, train loss: 16.6286]
Tue 30 Apr 2024 15:11:18 INFO  epoch 176 evaluating [time: 0.43s, valid_score: 0.259000]
Tue 30 Apr 2024 15:11:18 INFO  valid result: 
recall@20 : 0.233    mrr@20 : 0.259    ndcg@20 : 0.1724    hit@20 : 0.7391    precision@20 : 0.0972
Tue 30 Apr 2024 15:11:19 INFO  epoch 177 training [time: 0.84s, train loss: 16.4750]
Tue 30 Apr 2024 15:11:19 INFO  epoch 177 evaluating [time: 0.42s, valid_score: 0.261000]
Tue 30 Apr 2024 15:11:19 INFO  valid result: 
recall@20 : 0.2324    mrr@20 : 0.261    ndcg@20 : 0.1725    hit@20 : 0.7413    precision@20 : 0.0972
Tue 30 Apr 2024 15:11:20 INFO  epoch 178 training [time: 0.87s, train loss: 16.5488]
Tue 30 Apr 2024 15:11:21 INFO  epoch 178 evaluating [time: 0.42s, valid_score: 0.259900]
Tue 30 Apr 2024 15:11:21 INFO  valid result: 
recall@20 : 0.2306    mrr@20 : 0.2599    ndcg@20 : 0.1719    hit@20 : 0.7402    precision@20 : 0.0969
Tue 30 Apr 2024 15:11:22 INFO  epoch 179 training [time: 0.82s, train loss: 16.5698]
Tue 30 Apr 2024 15:11:22 INFO  epoch 179 evaluating [time: 0.45s, valid_score: 0.261900]
Tue 30 Apr 2024 15:11:22 INFO  valid result: 
recall@20 : 0.2313    mrr@20 : 0.2619    ndcg@20 : 0.1729    hit@20 : 0.7423    precision@20 : 0.0976
Tue 30 Apr 2024 15:11:23 INFO  epoch 180 training [time: 0.86s, train loss: 16.4588]
Tue 30 Apr 2024 15:11:23 INFO  epoch 180 evaluating [time: 0.44s, valid_score: 0.265700]
Tue 30 Apr 2024 15:11:23 INFO  valid result: 
recall@20 : 0.2296    mrr@20 : 0.2657    ndcg@20 : 0.1726    hit@20 : 0.737    precision@20 : 0.0969
Tue 30 Apr 2024 15:11:24 INFO  epoch 181 training [time: 0.68s, train loss: 16.5195]
Tue 30 Apr 2024 15:11:24 INFO  epoch 181 evaluating [time: 0.44s, valid_score: 0.262900]
Tue 30 Apr 2024 15:11:24 INFO  valid result: 
recall@20 : 0.2295    mrr@20 : 0.2629    ndcg@20 : 0.1718    hit@20 : 0.7413    precision@20 : 0.0964
Tue 30 Apr 2024 15:11:25 INFO  epoch 182 training [time: 0.71s, train loss: 16.5183]
Tue 30 Apr 2024 15:11:26 INFO  epoch 182 evaluating [time: 0.42s, valid_score: 0.262800]
Tue 30 Apr 2024 15:11:26 INFO  valid result: 
recall@20 : 0.2287    mrr@20 : 0.2628    ndcg@20 : 0.1712    hit@20 : 0.7402    precision@20 : 0.096
Tue 30 Apr 2024 15:11:26 INFO  epoch 183 training [time: 0.80s, train loss: 16.4895]
Tue 30 Apr 2024 15:11:27 INFO  epoch 183 evaluating [time: 0.41s, valid_score: 0.266800]
Tue 30 Apr 2024 15:11:27 INFO  valid result: 
recall@20 : 0.2293    mrr@20 : 0.2668    ndcg@20 : 0.1718    hit@20 : 0.7402    precision@20 : 0.0959
Tue 30 Apr 2024 15:11:27 INFO  epoch 184 training [time: 0.71s, train loss: 16.4210]
Tue 30 Apr 2024 15:11:28 INFO  epoch 184 evaluating [time: 0.41s, valid_score: 0.264600]
Tue 30 Apr 2024 15:11:28 INFO  valid result: 
recall@20 : 0.2305    mrr@20 : 0.2646    ndcg@20 : 0.1714    hit@20 : 0.7434    precision@20 : 0.0962
Tue 30 Apr 2024 15:11:29 INFO  epoch 185 training [time: 0.68s, train loss: 16.3973]
Tue 30 Apr 2024 15:11:29 INFO  epoch 185 evaluating [time: 0.42s, valid_score: 0.263700]
Tue 30 Apr 2024 15:11:29 INFO  valid result: 
recall@20 : 0.2297    mrr@20 : 0.2637    ndcg@20 : 0.171    hit@20 : 0.7434    precision@20 : 0.0955
Tue 30 Apr 2024 15:11:30 INFO  epoch 186 training [time: 0.69s, train loss: 16.2614]
Tue 30 Apr 2024 15:11:30 INFO  epoch 186 evaluating [time: 0.42s, valid_score: 0.262400]
Tue 30 Apr 2024 15:11:30 INFO  valid result: 
recall@20 : 0.2292    mrr@20 : 0.2624    ndcg@20 : 0.17    hit@20 : 0.7381    precision@20 : 0.0952
Tue 30 Apr 2024 15:11:31 INFO  epoch 187 training [time: 0.69s, train loss: 16.3179]
Tue 30 Apr 2024 15:11:31 INFO  epoch 187 evaluating [time: 0.42s, valid_score: 0.263400]
Tue 30 Apr 2024 15:11:31 INFO  valid result: 
recall@20 : 0.2296    mrr@20 : 0.2634    ndcg@20 : 0.17    hit@20 : 0.7402    precision@20 : 0.0952
Tue 30 Apr 2024 15:11:32 INFO  epoch 188 training [time: 0.66s, train loss: 16.2971]
Tue 30 Apr 2024 15:11:32 INFO  epoch 188 evaluating [time: 0.42s, valid_score: 0.263300]
Tue 30 Apr 2024 15:11:32 INFO  valid result: 
recall@20 : 0.2281    mrr@20 : 0.2633    ndcg@20 : 0.1694    hit@20 : 0.7381    precision@20 : 0.095
Tue 30 Apr 2024 15:11:33 INFO  epoch 189 training [time: 0.69s, train loss: 16.2685]
Tue 30 Apr 2024 15:11:33 INFO  epoch 189 evaluating [time: 0.42s, valid_score: 0.261200]
Tue 30 Apr 2024 15:11:33 INFO  valid result: 
recall@20 : 0.2262    mrr@20 : 0.2612    ndcg@20 : 0.168    hit@20 : 0.7359    precision@20 : 0.0944
Tue 30 Apr 2024 15:11:34 INFO  epoch 190 training [time: 0.72s, train loss: 16.2644]
Tue 30 Apr 2024 15:11:35 INFO  epoch 190 evaluating [time: 0.42s, valid_score: 0.260500]
Tue 30 Apr 2024 15:11:35 INFO  valid result: 
recall@20 : 0.2257    mrr@20 : 0.2605    ndcg@20 : 0.1676    hit@20 : 0.7349    precision@20 : 0.0943
Tue 30 Apr 2024 15:11:35 INFO  epoch 191 training [time: 0.70s, train loss: 16.2337]
Tue 30 Apr 2024 15:11:36 INFO  epoch 191 evaluating [time: 0.42s, valid_score: 0.263400]
Tue 30 Apr 2024 15:11:36 INFO  valid result: 
recall@20 : 0.2265    mrr@20 : 0.2634    ndcg@20 : 0.1683    hit@20 : 0.7359    precision@20 : 0.0944
Tue 30 Apr 2024 15:11:36 INFO  epoch 192 training [time: 0.68s, train loss: 16.2157]
Tue 30 Apr 2024 15:11:37 INFO  epoch 192 evaluating [time: 0.42s, valid_score: 0.265500]
Tue 30 Apr 2024 15:11:37 INFO  valid result: 
recall@20 : 0.2272    mrr@20 : 0.2655    ndcg@20 : 0.1688    hit@20 : 0.7391    precision@20 : 0.0946
Tue 30 Apr 2024 15:11:37 INFO  epoch 193 training [time: 0.68s, train loss: 16.1313]
Tue 30 Apr 2024 15:11:38 INFO  epoch 193 evaluating [time: 0.42s, valid_score: 0.263100]
Tue 30 Apr 2024 15:11:38 INFO  valid result: 
recall@20 : 0.2272    mrr@20 : 0.2631    ndcg@20 : 0.1683    hit@20 : 0.737    precision@20 : 0.0946
Tue 30 Apr 2024 15:11:39 INFO  epoch 194 training [time: 0.69s, train loss: 15.9658]
Tue 30 Apr 2024 15:11:39 INFO  epoch 194 evaluating [time: 0.42s, valid_score: 0.264200]
Tue 30 Apr 2024 15:11:39 INFO  valid result: 
recall@20 : 0.2276    mrr@20 : 0.2642    ndcg@20 : 0.1689    hit@20 : 0.7413    precision@20 : 0.0945
Tue 30 Apr 2024 15:11:40 INFO  epoch 195 training [time: 0.66s, train loss: 16.0947]
Tue 30 Apr 2024 15:11:40 INFO  epoch 195 evaluating [time: 0.42s, valid_score: 0.265300]
Tue 30 Apr 2024 15:11:40 INFO  valid result: 
recall@20 : 0.2292    mrr@20 : 0.2653    ndcg@20 : 0.1692    hit@20 : 0.7434    precision@20 : 0.0948
Tue 30 Apr 2024 15:11:41 INFO  epoch 196 training [time: 0.72s, train loss: 16.1515]
Tue 30 Apr 2024 15:11:41 INFO  epoch 196 evaluating [time: 0.42s, valid_score: 0.263100]
Tue 30 Apr 2024 15:11:41 INFO  valid result: 
recall@20 : 0.2255    mrr@20 : 0.2631    ndcg@20 : 0.1679    hit@20 : 0.737    precision@20 : 0.0941
Tue 30 Apr 2024 15:11:42 INFO  epoch 197 training [time: 0.69s, train loss: 15.9905]
Tue 30 Apr 2024 15:11:42 INFO  epoch 197 evaluating [time: 0.55s, valid_score: 0.264500]
Tue 30 Apr 2024 15:11:42 INFO  valid result: 
recall@20 : 0.2262    mrr@20 : 0.2645    ndcg@20 : 0.1678    hit@20 : 0.7381    precision@20 : 0.0939
Tue 30 Apr 2024 15:11:43 INFO  epoch 198 training [time: 0.69s, train loss: 16.0711]
Tue 30 Apr 2024 15:11:44 INFO  epoch 198 evaluating [time: 0.42s, valid_score: 0.261800]
Tue 30 Apr 2024 15:11:44 INFO  valid result: 
recall@20 : 0.2271    mrr@20 : 0.2618    ndcg@20 : 0.1677    hit@20 : 0.7413    precision@20 : 0.0941
Tue 30 Apr 2024 15:11:44 INFO  epoch 199 training [time: 0.69s, train loss: 16.0558]
Tue 30 Apr 2024 15:11:45 INFO  epoch 199 evaluating [time: 0.43s, valid_score: 0.261800]
Tue 30 Apr 2024 15:11:45 INFO  valid result: 
recall@20 : 0.2282    mrr@20 : 0.2618    ndcg@20 : 0.1678    hit@20 : 0.7434    precision@20 : 0.094
Tue 30 Apr 2024 15:11:45 INFO  epoch 200 training [time: 0.70s, train loss: 15.9668]
Tue 30 Apr 2024 15:11:46 INFO  epoch 200 evaluating [time: 0.42s, valid_score: 0.258700]
Tue 30 Apr 2024 15:11:46 INFO  valid result: 
recall@20 : 0.2285    mrr@20 : 0.2587    ndcg@20 : 0.1678    hit@20 : 0.7434    precision@20 : 0.0942
Tue 30 Apr 2024 15:11:46 INFO  epoch 201 training [time: 0.69s, train loss: 15.9275]
Tue 30 Apr 2024 15:11:47 INFO  epoch 201 evaluating [time: 0.43s, valid_score: 0.260000]
Tue 30 Apr 2024 15:11:47 INFO  valid result: 
recall@20 : 0.2259    mrr@20 : 0.26    ndcg@20 : 0.1669    hit@20 : 0.737    precision@20 : 0.0935
Tue 30 Apr 2024 15:11:48 INFO  epoch 202 training [time: 0.71s, train loss: 15.9707]
Tue 30 Apr 2024 15:11:48 INFO  epoch 202 evaluating [time: 0.41s, valid_score: 0.257500]
Tue 30 Apr 2024 15:11:48 INFO  valid result: 
recall@20 : 0.2266    mrr@20 : 0.2575    ndcg@20 : 0.1664    hit@20 : 0.7381    precision@20 : 0.0934
Tue 30 Apr 2024 15:11:49 INFO  epoch 203 training [time: 0.72s, train loss: 15.8886]
Tue 30 Apr 2024 15:11:49 INFO  epoch 203 evaluating [time: 0.41s, valid_score: 0.256700]
Tue 30 Apr 2024 15:11:49 INFO  valid result: 
recall@20 : 0.2255    mrr@20 : 0.2567    ndcg@20 : 0.1657    hit@20 : 0.7338    precision@20 : 0.0933
Tue 30 Apr 2024 15:11:50 INFO  epoch 204 training [time: 0.71s, train loss: 15.9144]
Tue 30 Apr 2024 15:11:50 INFO  epoch 204 evaluating [time: 0.43s, valid_score: 0.254800]
Tue 30 Apr 2024 15:11:50 INFO  valid result: 
recall@20 : 0.2251    mrr@20 : 0.2548    ndcg@20 : 0.1655    hit@20 : 0.7338    precision@20 : 0.0937
Tue 30 Apr 2024 15:11:51 INFO  epoch 205 training [time: 0.79s, train loss: 15.8559]
Tue 30 Apr 2024 15:11:51 INFO  epoch 205 evaluating [time: 0.42s, valid_score: 0.255400]
Tue 30 Apr 2024 15:11:51 INFO  valid result: 
recall@20 : 0.2257    mrr@20 : 0.2554    ndcg@20 : 0.1658    hit@20 : 0.7338    precision@20 : 0.0938
Tue 30 Apr 2024 15:11:52 INFO  epoch 206 training [time: 0.69s, train loss: 15.9830]
Tue 30 Apr 2024 15:11:53 INFO  epoch 206 evaluating [time: 0.42s, valid_score: 0.255300]
Tue 30 Apr 2024 15:11:53 INFO  valid result: 
recall@20 : 0.2241    mrr@20 : 0.2553    ndcg@20 : 0.165    hit@20 : 0.7328    precision@20 : 0.0937
Tue 30 Apr 2024 15:11:53 INFO  epoch 207 training [time: 0.70s, train loss: 15.7247]
Tue 30 Apr 2024 15:11:54 INFO  epoch 207 evaluating [time: 0.42s, valid_score: 0.256900]
Tue 30 Apr 2024 15:11:54 INFO  valid result: 
recall@20 : 0.2228    mrr@20 : 0.2569    ndcg@20 : 0.1645    hit@20 : 0.7285    precision@20 : 0.0931
Tue 30 Apr 2024 15:11:54 INFO  epoch 208 training [time: 0.70s, train loss: 15.7554]
Tue 30 Apr 2024 15:11:55 INFO  epoch 208 evaluating [time: 0.44s, valid_score: 0.257300]
Tue 30 Apr 2024 15:11:55 INFO  valid result: 
recall@20 : 0.2234    mrr@20 : 0.2573    ndcg@20 : 0.1646    hit@20 : 0.7296    precision@20 : 0.0931
Tue 30 Apr 2024 15:11:56 INFO  epoch 209 training [time: 0.71s, train loss: 15.7371]
Tue 30 Apr 2024 15:11:56 INFO  epoch 209 evaluating [time: 0.42s, valid_score: 0.256500]
Tue 30 Apr 2024 15:11:56 INFO  valid result: 
recall@20 : 0.2239    mrr@20 : 0.2565    ndcg@20 : 0.1645    hit@20 : 0.7285    precision@20 : 0.0931
Tue 30 Apr 2024 15:11:57 INFO  epoch 210 training [time: 0.70s, train loss: 15.7756]
Tue 30 Apr 2024 15:11:57 INFO  epoch 210 evaluating [time: 0.42s, valid_score: 0.258300]
Tue 30 Apr 2024 15:11:57 INFO  valid result: 
recall@20 : 0.2241    mrr@20 : 0.2583    ndcg@20 : 0.1647    hit@20 : 0.7306    precision@20 : 0.0928
Tue 30 Apr 2024 15:11:58 INFO  epoch 211 training [time: 0.71s, train loss: 15.7747]
Tue 30 Apr 2024 15:11:58 INFO  epoch 211 evaluating [time: 0.43s, valid_score: 0.258000]
Tue 30 Apr 2024 15:11:58 INFO  valid result: 
recall@20 : 0.2251    mrr@20 : 0.258    ndcg@20 : 0.1652    hit@20 : 0.7317    precision@20 : 0.0929
Tue 30 Apr 2024 15:11:59 INFO  epoch 212 training [time: 0.71s, train loss: 15.6767]
Tue 30 Apr 2024 15:11:59 INFO  epoch 212 evaluating [time: 0.43s, valid_score: 0.258300]
Tue 30 Apr 2024 15:11:59 INFO  valid result: 
recall@20 : 0.2251    mrr@20 : 0.2583    ndcg@20 : 0.1652    hit@20 : 0.7349    precision@20 : 0.0929
Tue 30 Apr 2024 15:12:00 INFO  epoch 213 training [time: 0.70s, train loss: 15.6772]
Tue 30 Apr 2024 15:12:01 INFO  epoch 213 evaluating [time: 0.43s, valid_score: 0.256600]
Tue 30 Apr 2024 15:12:01 INFO  valid result: 
recall@20 : 0.2249    mrr@20 : 0.2566    ndcg@20 : 0.1648    hit@20 : 0.7359    precision@20 : 0.0931
Tue 30 Apr 2024 15:12:01 INFO  epoch 214 training [time: 0.73s, train loss: 15.7190]
Tue 30 Apr 2024 15:12:02 INFO  epoch 214 evaluating [time: 0.44s, valid_score: 0.257700]
Tue 30 Apr 2024 15:12:02 INFO  valid result: 
recall@20 : 0.2247    mrr@20 : 0.2577    ndcg@20 : 0.1645    hit@20 : 0.7413    precision@20 : 0.0926
Tue 30 Apr 2024 15:12:02 INFO  epoch 215 training [time: 0.69s, train loss: 15.6414]
Tue 30 Apr 2024 15:12:03 INFO  epoch 215 evaluating [time: 0.42s, valid_score: 0.257700]
Tue 30 Apr 2024 15:12:03 INFO  valid result: 
recall@20 : 0.2233    mrr@20 : 0.2577    ndcg@20 : 0.1646    hit@20 : 0.7359    precision@20 : 0.0923
Tue 30 Apr 2024 15:12:04 INFO  epoch 216 training [time: 0.71s, train loss: 15.5607]
Tue 30 Apr 2024 15:12:04 INFO  epoch 216 evaluating [time: 0.42s, valid_score: 0.255100]
Tue 30 Apr 2024 15:12:04 INFO  valid result: 
recall@20 : 0.2231    mrr@20 : 0.2551    ndcg@20 : 0.1641    hit@20 : 0.737    precision@20 : 0.0923
Tue 30 Apr 2024 15:12:05 INFO  epoch 217 training [time: 0.70s, train loss: 15.6347]
Tue 30 Apr 2024 15:12:05 INFO  epoch 217 evaluating [time: 0.43s, valid_score: 0.254900]
Tue 30 Apr 2024 15:12:05 INFO  valid result: 
recall@20 : 0.2223    mrr@20 : 0.2549    ndcg@20 : 0.1641    hit@20 : 0.7381    precision@20 : 0.0924
Tue 30 Apr 2024 15:12:06 INFO  epoch 218 training [time: 0.69s, train loss: 15.6801]
Tue 30 Apr 2024 15:12:06 INFO  epoch 218 evaluating [time: 0.42s, valid_score: 0.254700]
Tue 30 Apr 2024 15:12:06 INFO  valid result: 
recall@20 : 0.2222    mrr@20 : 0.2547    ndcg@20 : 0.164    hit@20 : 0.7359    precision@20 : 0.0924
Tue 30 Apr 2024 15:12:07 INFO  epoch 219 training [time: 0.71s, train loss: 15.6115]
Tue 30 Apr 2024 15:12:07 INFO  epoch 219 evaluating [time: 0.43s, valid_score: 0.255300]
Tue 30 Apr 2024 15:12:07 INFO  valid result: 
recall@20 : 0.2218    mrr@20 : 0.2553    ndcg@20 : 0.1636    hit@20 : 0.7359    precision@20 : 0.0917
Tue 30 Apr 2024 15:12:08 INFO  epoch 220 training [time: 0.85s, train loss: 15.5514]
Tue 30 Apr 2024 15:12:09 INFO  epoch 220 evaluating [time: 0.41s, valid_score: 0.256700]
Tue 30 Apr 2024 15:12:09 INFO  valid result: 
recall@20 : 0.2212    mrr@20 : 0.2567    ndcg@20 : 0.1633    hit@20 : 0.7296    precision@20 : 0.0914
Tue 30 Apr 2024 15:12:09 INFO  epoch 221 training [time: 0.72s, train loss: 15.5868]
Tue 30 Apr 2024 15:12:10 INFO  epoch 221 evaluating [time: 0.41s, valid_score: 0.254800]
Tue 30 Apr 2024 15:12:10 INFO  valid result: 
recall@20 : 0.222    mrr@20 : 0.2548    ndcg@20 : 0.1634    hit@20 : 0.7328    precision@20 : 0.0918
Tue 30 Apr 2024 15:12:10 INFO  epoch 222 training [time: 0.71s, train loss: 15.5247]
Tue 30 Apr 2024 15:12:11 INFO  epoch 222 evaluating [time: 0.43s, valid_score: 0.255600]
Tue 30 Apr 2024 15:12:11 INFO  valid result: 
recall@20 : 0.2212    mrr@20 : 0.2556    ndcg@20 : 0.1631    hit@20 : 0.7317    precision@20 : 0.0916
Tue 30 Apr 2024 15:12:12 INFO  epoch 223 training [time: 0.74s, train loss: 15.5692]
Tue 30 Apr 2024 15:12:12 INFO  epoch 223 evaluating [time: 0.41s, valid_score: 0.255500]
Tue 30 Apr 2024 15:12:12 INFO  valid result: 
recall@20 : 0.222    mrr@20 : 0.2555    ndcg@20 : 0.1633    hit@20 : 0.7317    precision@20 : 0.0916
Tue 30 Apr 2024 15:12:13 INFO  epoch 224 training [time: 0.71s, train loss: 15.4461]
Tue 30 Apr 2024 15:12:13 INFO  epoch 224 evaluating [time: 0.42s, valid_score: 0.255100]
Tue 30 Apr 2024 15:12:13 INFO  valid result: 
recall@20 : 0.2217    mrr@20 : 0.2551    ndcg@20 : 0.1634    hit@20 : 0.7317    precision@20 : 0.0918
Tue 30 Apr 2024 15:12:14 INFO  epoch 225 training [time: 0.70s, train loss: 15.5039]
Tue 30 Apr 2024 15:12:14 INFO  epoch 225 evaluating [time: 0.42s, valid_score: 0.253800]
Tue 30 Apr 2024 15:12:14 INFO  valid result: 
recall@20 : 0.223    mrr@20 : 0.2538    ndcg@20 : 0.1635    hit@20 : 0.7349    precision@20 : 0.0916
Tue 30 Apr 2024 15:12:15 INFO  epoch 226 training [time: 0.70s, train loss: 15.5103]
Tue 30 Apr 2024 15:12:15 INFO  epoch 226 evaluating [time: 0.42s, valid_score: 0.254200]
Tue 30 Apr 2024 15:12:15 INFO  valid result: 
recall@20 : 0.2217    mrr@20 : 0.2542    ndcg@20 : 0.163    hit@20 : 0.7338    precision@20 : 0.0914
Tue 30 Apr 2024 15:12:16 INFO  epoch 227 training [time: 0.69s, train loss: 15.4712]
Tue 30 Apr 2024 15:12:16 INFO  epoch 227 evaluating [time: 0.42s, valid_score: 0.252900]
Tue 30 Apr 2024 15:12:16 INFO  valid result: 
recall@20 : 0.2241    mrr@20 : 0.2529    ndcg@20 : 0.1636    hit@20 : 0.7381    precision@20 : 0.0917
Tue 30 Apr 2024 15:12:17 INFO  epoch 228 training [time: 0.80s, train loss: 15.3540]
Tue 30 Apr 2024 15:12:18 INFO  epoch 228 evaluating [time: 0.42s, valid_score: 0.253400]
Tue 30 Apr 2024 15:12:18 INFO  valid result: 
recall@20 : 0.2225    mrr@20 : 0.2534    ndcg@20 : 0.1633    hit@20 : 0.7349    precision@20 : 0.0916
Tue 30 Apr 2024 15:12:18 INFO  epoch 229 training [time: 0.74s, train loss: 15.4362]
Tue 30 Apr 2024 15:12:19 INFO  epoch 229 evaluating [time: 0.42s, valid_score: 0.252600]
Tue 30 Apr 2024 15:12:19 INFO  valid result: 
recall@20 : 0.2215    mrr@20 : 0.2526    ndcg@20 : 0.1626    hit@20 : 0.7338    precision@20 : 0.0912
Tue 30 Apr 2024 15:12:20 INFO  epoch 230 training [time: 0.72s, train loss: 15.3308]
Tue 30 Apr 2024 15:12:20 INFO  epoch 230 evaluating [time: 0.42s, valid_score: 0.254000]
Tue 30 Apr 2024 15:12:20 INFO  valid result: 
recall@20 : 0.2204    mrr@20 : 0.254    ndcg@20 : 0.1626    hit@20 : 0.7306    precision@20 : 0.0909
Tue 30 Apr 2024 15:12:21 INFO  epoch 231 training [time: 0.71s, train loss: 15.3921]
Tue 30 Apr 2024 15:12:21 INFO  epoch 231 evaluating [time: 0.42s, valid_score: 0.256200]
Tue 30 Apr 2024 15:12:21 INFO  valid result: 
recall@20 : 0.2215    mrr@20 : 0.2562    ndcg@20 : 0.1632    hit@20 : 0.7317    precision@20 : 0.0913
Tue 30 Apr 2024 15:12:22 INFO  epoch 232 training [time: 0.71s, train loss: 15.3683]
Tue 30 Apr 2024 15:12:22 INFO  epoch 232 evaluating [time: 0.42s, valid_score: 0.258600]
Tue 30 Apr 2024 15:12:22 INFO  valid result: 
recall@20 : 0.2212    mrr@20 : 0.2586    ndcg@20 : 0.1632    hit@20 : 0.7349    precision@20 : 0.0909
Tue 30 Apr 2024 15:12:23 INFO  epoch 233 training [time: 0.71s, train loss: 15.4410]
Tue 30 Apr 2024 15:12:23 INFO  epoch 233 evaluating [time: 0.42s, valid_score: 0.256700]
Tue 30 Apr 2024 15:12:23 INFO  valid result: 
recall@20 : 0.2227    mrr@20 : 0.2567    ndcg@20 : 0.1632    hit@20 : 0.7391    precision@20 : 0.0909
Tue 30 Apr 2024 15:12:24 INFO  epoch 234 training [time: 0.70s, train loss: 15.2679]
Tue 30 Apr 2024 15:12:25 INFO  epoch 234 evaluating [time: 0.42s, valid_score: 0.258400]
Tue 30 Apr 2024 15:12:25 INFO  valid result: 
recall@20 : 0.2209    mrr@20 : 0.2584    ndcg@20 : 0.1629    hit@20 : 0.7381    precision@20 : 0.0907
Tue 30 Apr 2024 15:12:25 INFO  epoch 235 training [time: 0.74s, train loss: 15.2928]
Tue 30 Apr 2024 15:12:26 INFO  epoch 235 evaluating [time: 0.42s, valid_score: 0.255100]
Tue 30 Apr 2024 15:12:26 INFO  valid result: 
recall@20 : 0.2197    mrr@20 : 0.2551    ndcg@20 : 0.1616    hit@20 : 0.737    precision@20 : 0.0905
Tue 30 Apr 2024 15:12:26 INFO  epoch 236 training [time: 0.77s, train loss: 15.4101]
Tue 30 Apr 2024 15:12:27 INFO  epoch 236 evaluating [time: 0.42s, valid_score: 0.254100]
Tue 30 Apr 2024 15:12:27 INFO  valid result: 
recall@20 : 0.2181    mrr@20 : 0.2541    ndcg@20 : 0.1606    hit@20 : 0.737    precision@20 : 0.0896
Tue 30 Apr 2024 15:12:28 INFO  epoch 237 training [time: 0.71s, train loss: 15.2959]
Tue 30 Apr 2024 15:12:28 INFO  epoch 237 evaluating [time: 0.41s, valid_score: 0.255000]
Tue 30 Apr 2024 15:12:28 INFO  valid result: 
recall@20 : 0.2173    mrr@20 : 0.255    ndcg@20 : 0.1604    hit@20 : 0.7359    precision@20 : 0.0894
Tue 30 Apr 2024 15:12:28 INFO  Finished training, best eval result in epoch 136
Tue 30 Apr 2024 15:12:28 INFO  Loading model structure and parameters from saved/ANS-Apr-30-2024_15-07-50.pth
Tue 30 Apr 2024 15:12:29 INFO  The running environment of this training is as follows:
+-------------+----------------+
| Environment |     Usage      |
+=============+================+
| CPU         |     2.20 %     |
+-------------+----------------+
| GPU         | 0.07 G/15.98 G |
+-------------+----------------+
| Memory      | 1.27 G/15.47 G |
+-------------+----------------+
Tue 30 Apr 2024 15:12:29 INFO  best valid : OrderedDict([('recall@20', 0.2379), ('mrr@20', 0.2697), ('ndcg@20', 0.178), ('hit@20', 0.7646), ('precision@20', 0.0978)])
Tue 30 Apr 2024 15:12:29 INFO  test result: OrderedDict([('recall@20', 0.2639), ('mrr@20', 0.3071), ('ndcg@20', 0.2046), ('hit@20', 0.79), ('precision@20', 0.1129)])
