Thu 23 May 2024 16:15:54 INFO  ['run_recbole.py', '--model=ANS', '--dataset=ml-100k']
Thu 23 May 2024 16:15:54 INFO  
General Hyper Parameters:
gpu_id = 0
use_gpu = True
seed = 2020
state = DEBUG
reproducibility = True
data_path = /home/simeon/Git_Repositories/ANS-Recbole/recbole/config/../dataset_example/ml-100k
checkpoint_dir = saved
show_progress = True
save_dataset = False
dataset_save_path = None
save_dataloaders = False
dataloaders_save_path = None
log_wandb = False

Training Hyper Parameters:
epochs = 500
train_batch_size = 2048
learner = adam
learning_rate = 0.0001
train_neg_sample_args = {'distribution': 'uniform', 'sample_num': 1, 'alpha': 1.0, 'dynamic': False, 'candidate_num': 1}
eval_step = 1
stopping_step = 100
clip_grad_norm = None
weight_decay = 0.0
loss_decimal_place = 4

Evaluation Hyper Parameters:
eval_args = {'split': {'RS': [0.8, 0.1, 0.1]}, 'group_by': 'user', 'order': 'RO', 'mode': 'full'}
repeatable = False
metrics = ['Recall', 'MRR', 'NDCG', 'Hit', 'Precision']
topk = [20]
valid_metric = MRR@20
valid_metric_bigger = True
eval_batch_size = 4096
metric_decimal_place = 4

Dataset Hyper Parameters:
field_separator = 	
seq_separator =  
USER_ID_FIELD = user_id
ITEM_ID_FIELD = item_id
RATING_FIELD = rating
TIME_FIELD = timestamp
seq_len = None
LABEL_FIELD = label
threshold = {'rating': 4.0}
NEG_PREFIX = neg_
load_col = {'inter': ['user_id', 'item_id', 'rating']}
unload_col = None
unused_col = None
additional_feat_suffix = None
rm_dup_inter = None
val_interval = None
filter_inter_by_user_or_item = True
user_inter_num_interval = None
item_inter_num_interval = None
alias_of_user_id = None
alias_of_item_id = None
alias_of_entity_id = None
alias_of_relation_id = None
preload_weight = None
normalize_field = None
normalize_all = True
ITEM_LIST_LENGTH_FIELD = item_length
LIST_SUFFIX = _list
MAX_ITEM_LIST_LENGTH = 50
POSITION_FIELD = position_id
HEAD_ENTITY_ID_FIELD = head_id
TAIL_ENTITY_ID_FIELD = tail_id
RELATION_ID_FIELD = relation_id
ENTITY_ID_FIELD = entity_id
kg_reverse_r = False
entity_kg_num_interval = None
relation_kg_num_interval = None
benchmark_filename = None

Other Hyper Parameters: 
worker = 0
wandb_project = recbole
shuffle = True
require_pow = False
enable_amp = False
enable_scaler = False
transform = None
embedding_size = 64
n_layers = 3
reg_weight = 0.0001
eps = 0.3
gamma = 0.15
numerical_features = []
discretization = None
MODEL_TYPE = ModelType.GENERAL
MODEL_INPUT_TYPE = InputType.PAIRWISE
eval_type = EvaluatorType.RANKING
single_spec = True
local_rank = 0
device = cuda
eval_neg_sample_args = {'distribution': 'uniform', 'sample_num': 'none'}


Thu 23 May 2024 16:15:54 DEBUG  Loading <class 'recbole.data.dataset.dataset.Dataset'> from scratch.
Thu 23 May 2024 16:15:54 DEBUG  uid_field: user_id
Thu 23 May 2024 16:15:54 DEBUG  iid_field: item_id
Thu 23 May 2024 16:15:54 DEBUG  Loading feature from [/home/simeon/Git_Repositories/ANS-Recbole/recbole/config/../dataset_example/ml-100k/ml-100k.inter] (source: [FeatureSource.INTERACTION]).
Thu 23 May 2024 16:15:54 DEBUG  [inter]: 
Thu 23 May 2024 16:15:54 DEBUG  	 load_col: [{'rating', 'item_id', 'user_id'}]
Thu 23 May 2024 16:15:54 DEBUG  	 unload_col: [None]
Thu 23 May 2024 16:15:55 DEBUG  Interaction feature loaded successfully from [/home/simeon/Git_Repositories/ANS-Recbole/recbole/config/../dataset_example/ml-100k/ml-100k.inter].
Thu 23 May 2024 16:15:55 DEBUG  Loading feature from [/home/simeon/Git_Repositories/ANS-Recbole/recbole/config/../dataset_example/ml-100k/ml-100k.user] (source: [FeatureSource.USER]).
Thu 23 May 2024 16:15:55 DEBUG  [user]: 
Thu 23 May 2024 16:15:55 DEBUG  	 load_col: [set()]
Thu 23 May 2024 16:15:55 DEBUG  	 unload_col: [None]
Thu 23 May 2024 16:15:55 DEBUG  [user] feature loaded successfully from [/home/simeon/Git_Repositories/ANS-Recbole/recbole/config/../dataset_example/ml-100k/ml-100k.user].
Thu 23 May 2024 16:15:55 DEBUG  Loading feature from [/home/simeon/Git_Repositories/ANS-Recbole/recbole/config/../dataset_example/ml-100k/ml-100k.item] (source: [FeatureSource.ITEM]).
Thu 23 May 2024 16:15:55 DEBUG  [item]: 
Thu 23 May 2024 16:15:55 DEBUG  	 load_col: [set()]
Thu 23 May 2024 16:15:55 DEBUG  	 unload_col: [None]
Thu 23 May 2024 16:15:55 DEBUG  [item] feature loaded successfully from [/home/simeon/Git_Repositories/ANS-Recbole/recbole/config/../dataset_example/ml-100k/ml-100k.item].
Thu 23 May 2024 16:15:55 DEBUG  drop_by_value: val={}
Thu 23 May 2024 16:15:55 DEBUG  Filling nan
Thu 23 May 2024 16:15:55 DEBUG  Set label by {'rating': 4.0}.
Thu 23 May 2024 16:15:55 DEBUG  Delete column [rating].
Thu 23 May 2024 16:15:55 DEBUG  Normalized fields: ['label']
Thu 23 May 2024 16:15:55 INFO  ml-100k
The number of users: 944
Average actions of users: 106.04453870625663
The number of items: 1683
Average actions of items: 59.45303210463734
The number of inters: 100000
The sparsity of the dataset: 93.70575143257098%
Remain Fields: ['user_id', 'item_id', 'label']
Thu 23 May 2024 16:15:55 DEBUG  split by ratios [[0.8, 0.1, 0.1]], group_by=[user_id]
Thu 23 May 2024 16:15:55 INFO  [Training]: train_batch_size = [2048] train_neg_sample_args: [{'distribution': 'uniform', 'sample_num': 1, 'alpha': 1.0, 'dynamic': False, 'candidate_num': 1}]
Thu 23 May 2024 16:15:55 INFO  [Evaluation]: eval_batch_size = [4096] eval_args: [{'split': {'RS': [0.8, 0.1, 0.1]}, 'group_by': 'user', 'order': 'RO', 'mode': 'full'}]
Thu 23 May 2024 16:15:56 INFO  ANS(
  (user_embedding): Embedding(944, 64)
  (item_embedding): Embedding(1683, 64)
  (mf_loss): BPRLoss()
  (reg_loss): EmbLoss()
  (user_gate): Linear(in_features=64, out_features=64, bias=True)
  (item_gate): Linear(in_features=64, out_features=64, bias=True)
  (pos_gate): Linear(in_features=64, out_features=64, bias=True)
  (neg_gate): Linear(in_features=64, out_features=64, bias=True)
  (hard_gate): Linear(in_features=64, out_features=64, bias=True)
  (conf_gate): Linear(in_features=64, out_features=64, bias=True)
  (easy_gate): Linear(in_features=64, out_features=64, bias=True)
  (margin_model): Linear(in_features=64, out_features=1, bias=True)
)
Trainable parameters: 197313
Thu 23 May 2024 16:15:56 INFO  FLOPs: 0.0
Thu 23 May 2024 16:15:58 INFO  epoch 0 training [time: 1.22s, train loss: 32.2292]
Thu 23 May 2024 16:16:00 INFO  epoch 0 evaluating [time: 1.64s, valid_score: 0.000200]
Thu 23 May 2024 16:16:00 INFO  valid result: 
recall@20 : nan    mrr@20 : 0.0002    ndcg@20 : 0.0001    hit@20 : 0.0015    precision@20 : 0.0001
Thu 23 May 2024 16:16:00 INFO  Saving current: saved/ANS-May-23-2024_16-15-56.pth
Thu 23 May 2024 16:16:01 INFO  epoch 1 training [time: 0.64s, train loss: 32.2101]
Thu 23 May 2024 16:16:02 INFO  epoch 1 evaluating [time: 1.61s, valid_score: 0.000300]
Thu 23 May 2024 16:16:02 INFO  valid result: 
recall@20 : nan    mrr@20 : 0.0003    ndcg@20 : 0.0001    hit@20 : 0.0016    precision@20 : 0.0001
Thu 23 May 2024 16:16:02 INFO  Saving current: saved/ANS-May-23-2024_16-15-56.pth
Thu 23 May 2024 16:16:03 INFO  epoch 2 training [time: 0.73s, train loss: 32.1977]
Thu 23 May 2024 16:16:05 INFO  epoch 2 evaluating [time: 1.79s, valid_score: 0.000300]
Thu 23 May 2024 16:16:05 INFO  valid result: 
recall@20 : nan    mrr@20 : 0.0003    ndcg@20 : 0.0001    hit@20 : 0.0016    precision@20 : 0.0001
Thu 23 May 2024 16:16:05 INFO  Saving current: saved/ANS-May-23-2024_16-15-56.pth
Thu 23 May 2024 16:16:05 INFO  epoch 3 training [time: 0.61s, train loss: 32.1871]
Thu 23 May 2024 16:16:07 INFO  epoch 3 evaluating [time: 1.82s, valid_score: 0.000300]
Thu 23 May 2024 16:16:07 INFO  valid result: 
recall@20 : nan    mrr@20 : 0.0003    ndcg@20 : 0.0001    hit@20 : 0.0017    precision@20 : 0.0001
Thu 23 May 2024 16:16:07 INFO  Saving current: saved/ANS-May-23-2024_16-15-56.pth
Thu 23 May 2024 16:16:08 INFO  epoch 4 training [time: 0.60s, train loss: 32.1758]
Thu 23 May 2024 16:16:09 INFO  epoch 4 evaluating [time: 1.65s, valid_score: 0.000300]
Thu 23 May 2024 16:16:09 INFO  valid result: 
recall@20 : nan    mrr@20 : 0.0003    ndcg@20 : 0.0001    hit@20 : 0.0017    precision@20 : 0.0001
Thu 23 May 2024 16:16:10 INFO  Saving current: saved/ANS-May-23-2024_16-15-56.pth
Thu 23 May 2024 16:16:10 INFO  epoch 5 training [time: 0.62s, train loss: 32.1667]
Thu 23 May 2024 16:16:12 INFO  epoch 5 evaluating [time: 1.48s, valid_score: 0.000300]
Thu 23 May 2024 16:16:12 INFO  valid result: 
recall@20 : nan    mrr@20 : 0.0003    ndcg@20 : 0.0001    hit@20 : 0.0017    precision@20 : 0.0001
Thu 23 May 2024 16:16:12 INFO  Saving current: saved/ANS-May-23-2024_16-15-56.pth
Thu 23 May 2024 16:16:12 INFO  epoch 6 training [time: 0.58s, train loss: 32.1590]
Thu 23 May 2024 16:16:14 INFO  epoch 6 evaluating [time: 1.60s, valid_score: 0.000300]
Thu 23 May 2024 16:16:14 INFO  valid result: 
recall@20 : nan    mrr@20 : 0.0003    ndcg@20 : 0.0001    hit@20 : 0.0017    precision@20 : 0.0001
Thu 23 May 2024 16:16:14 INFO  Saving current: saved/ANS-May-23-2024_16-15-56.pth
Thu 23 May 2024 16:16:14 INFO  epoch 7 training [time: 0.57s, train loss: 32.1525]
Thu 23 May 2024 16:16:16 INFO  epoch 7 evaluating [time: 1.54s, valid_score: 0.000300]
Thu 23 May 2024 16:16:16 INFO  valid result: 
recall@20 : nan    mrr@20 : 0.0003    ndcg@20 : 0.0001    hit@20 : 0.0017    precision@20 : 0.0001
Thu 23 May 2024 16:16:16 INFO  Saving current: saved/ANS-May-23-2024_16-15-56.pth
Thu 23 May 2024 16:16:17 INFO  epoch 8 training [time: 0.60s, train loss: 32.1495]
Thu 23 May 2024 16:16:18 INFO  epoch 8 evaluating [time: 1.53s, valid_score: 0.000300]
Thu 23 May 2024 16:16:18 INFO  valid result: 
recall@20 : nan    mrr@20 : 0.0003    ndcg@20 : 0.0001    hit@20 : 0.0018    precision@20 : 0.0001
Thu 23 May 2024 16:16:18 INFO  Saving current: saved/ANS-May-23-2024_16-15-56.pth
Thu 23 May 2024 16:16:19 INFO  epoch 9 training [time: 0.62s, train loss: 32.1453]
Thu 23 May 2024 16:16:20 INFO  epoch 9 evaluating [time: 1.55s, valid_score: 0.000300]
Thu 23 May 2024 16:16:20 INFO  valid result: 
recall@20 : nan    mrr@20 : 0.0003    ndcg@20 : 0.0001    hit@20 : 0.0019    precision@20 : 0.0001
Thu 23 May 2024 16:16:20 INFO  Saving current: saved/ANS-May-23-2024_16-15-56.pth
Thu 23 May 2024 16:16:21 INFO  epoch 10 training [time: 0.64s, train loss: 32.1401]
Thu 23 May 2024 16:16:22 INFO  epoch 10 evaluating [time: 1.39s, valid_score: 0.000300]
Thu 23 May 2024 16:16:22 INFO  valid result: 
recall@20 : nan    mrr@20 : 0.0003    ndcg@20 : 0.0001    hit@20 : 0.0019    precision@20 : 0.0001
Thu 23 May 2024 16:16:22 INFO  Saving current: saved/ANS-May-23-2024_16-15-56.pth
Thu 23 May 2024 16:16:23 INFO  epoch 11 training [time: 0.74s, train loss: 32.1334]
Thu 23 May 2024 16:16:25 INFO  epoch 11 evaluating [time: 2.14s, valid_score: 0.000300]
Thu 23 May 2024 16:16:25 INFO  valid result: 
recall@20 : nan    mrr@20 : 0.0003    ndcg@20 : 0.0001    hit@20 : 0.0018    precision@20 : 0.0001
Thu 23 May 2024 16:16:25 INFO  Saving current: saved/ANS-May-23-2024_16-15-56.pth
