Thu 04 Jul 2024 21:54:32 INFO  ['run_recbole.py', '--model=ANS', '--dataset=lastfm']
Thu 04 Jul 2024 21:54:32 INFO  
General Hyper Parameters:
gpu_id = 0
use_gpu = True
seed = 2020
state = DEBUG
reproducibility = True
data_path = dataset/lastfm
checkpoint_dir = saved
show_progress = True
save_dataset = False
dataset_save_path = None
save_dataloaders = False
dataloaders_save_path = None
log_wandb = False

Training Hyper Parameters:
epochs = 500
train_batch_size = 2048
learner = adam
learning_rate = 0.001
train_neg_sample_args = {'distribution': 'uniform', 'sample_num': 5, 'alpha': 1.0, 'dynamic': False, 'candidate_num': 0}
eval_step = 1
stopping_step = 150
clip_grad_norm = None
weight_decay = 0.0
loss_decimal_place = 4

Evaluation Hyper Parameters:
eval_args = {'split': {'RS': [0.8, 0.1, 0.1]}, 'group_by': 'user', 'order': 'RO', 'mode': 'full'}
repeatable = False
metrics = ['Recall', 'MRR', 'NDCG', 'Hit', 'Precision']
topk = [20]
valid_metric = Recall@20
valid_metric_bigger = True
eval_batch_size = 4096
metric_decimal_place = 4

Dataset Hyper Parameters:
field_separator = 	
seq_separator =  
USER_ID_FIELD = user_id
ITEM_ID_FIELD = artist_id
RATING_FIELD = rating
TIME_FIELD = timestamp
seq_len = None
LABEL_FIELD = label
threshold = None
NEG_PREFIX = neg_
load_col = {'inter': ['user_id', 'artist_id']}
unload_col = None
unused_col = None
additional_feat_suffix = None
rm_dup_inter = None
val_interval = None
filter_inter_by_user_or_item = True
user_inter_num_interval = None
item_inter_num_interval = None
alias_of_user_id = None
alias_of_item_id = None
alias_of_entity_id = None
alias_of_relation_id = None
preload_weight = None
normalize_field = None
normalize_all = True
ITEM_LIST_LENGTH_FIELD = item_length
LIST_SUFFIX = _list
MAX_ITEM_LIST_LENGTH = 50
POSITION_FIELD = position_id
HEAD_ENTITY_ID_FIELD = head_id
TAIL_ENTITY_ID_FIELD = tail_id
RELATION_ID_FIELD = relation_id
ENTITY_ID_FIELD = entity_id
kg_reverse_r = False
entity_kg_num_interval = None
relation_kg_num_interval = None
benchmark_filename = None

Other Hyper Parameters: 
worker = 0
wandb_project = recbole
shuffle = True
require_pow = False
enable_amp = False
enable_scaler = True
transform = None
train_after_converge = True
positive_sampling = True
model_name_custom = GCN_AST
data_augmentation = False
Q = 5
embedding_size = 64
n_layers = 2
reg_weight = 0.001
eps = 0.3579063307361654
gamma = 0.010950879233563415
numerical_features = []
discretization = None
MODEL_TYPE = ModelType.GENERAL
MODEL_INPUT_TYPE = InputType.PAIRWISE
eval_type = EvaluatorType.RANKING
single_spec = True
local_rank = 0
device = cpu
eval_neg_sample_args = {'distribution': 'uniform', 'sample_num': 'none'}


Thu 04 Jul 2024 21:54:32 DEBUG  Loading <class 'recbole.data.dataset.dataset.Dataset'> from scratch.
Thu 04 Jul 2024 21:54:32 DEBUG  uid_field: user_id
Thu 04 Jul 2024 21:54:32 DEBUG  iid_field: artist_id
Thu 04 Jul 2024 21:54:32 DEBUG  Loading feature from [dataset/lastfm/lastfm.inter] (source: [FeatureSource.INTERACTION]).
Thu 04 Jul 2024 21:54:32 DEBUG  [inter]: 
Thu 04 Jul 2024 21:54:32 DEBUG  	 load_col: [{'user_id', 'artist_id'}]
Thu 04 Jul 2024 21:54:32 DEBUG  	 unload_col: [None]
Thu 04 Jul 2024 21:54:32 DEBUG  Interaction feature loaded successfully from [dataset/lastfm/lastfm.inter].
Thu 04 Jul 2024 21:54:32 DEBUG  [dataset/lastfm/lastfm.user] not found, [user] features are not loaded.
Thu 04 Jul 2024 21:54:32 DEBUG  Loading feature from [dataset/lastfm/lastfm.item] (source: [FeatureSource.ITEM]).
Thu 04 Jul 2024 21:54:32 DEBUG  [item]: 
Thu 04 Jul 2024 21:54:32 DEBUG  	 load_col: [set()]
Thu 04 Jul 2024 21:54:32 DEBUG  	 unload_col: [None]
Thu 04 Jul 2024 21:54:32 DEBUG  [item] feature loaded successfully from [dataset/lastfm/lastfm.item].
Thu 04 Jul 2024 21:54:32 DEBUG  drop_by_value: val={}
Thu 04 Jul 2024 21:54:32 DEBUG  Filling nan
Thu 04 Jul 2024 21:54:32 DEBUG  Normalized fields: []
Thu 04 Jul 2024 21:54:32 INFO  lastfm
The number of users: 1893
Average actions of users: 49.06659619450317
The number of items: 17633
Average actions of items: 5.265086206896552
The number of inters: 92834
The sparsity of the dataset: 99.72188126708227%
Remain Fields: ['user_id', 'artist_id']
Thu 04 Jul 2024 21:54:32 DEBUG  split by ratios [[0.8, 0.1, 0.1]], group_by=[user_id]
Thu 04 Jul 2024 21:54:33 INFO  [Training]: train_batch_size = [2048] train_neg_sample_args: [{'distribution': 'uniform', 'sample_num': 5, 'alpha': 1.0, 'dynamic': False, 'candidate_num': 0}]
Thu 04 Jul 2024 21:54:33 INFO  [Evaluation]: eval_batch_size = [4096] eval_args: [{'split': {'RS': [0.8, 0.1, 0.1]}, 'group_by': 'user', 'order': 'RO', 'mode': 'full'}]
Thu 04 Jul 2024 21:54:34 INFO  ANS(
  (user_embedding): Embedding(1893, 64)
  (item_embedding): Embedding(17633, 64)
  (mf_loss): BPRLoss()
  (reg_loss): EmbLoss()
  (user_gate): Linear(in_features=64, out_features=64, bias=True)
  (item_gate): Linear(in_features=64, out_features=64, bias=True)
  (pos_gate): Linear(in_features=64, out_features=64, bias=True)
  (neg_gate): Linear(in_features=64, out_features=64, bias=True)
  (hard_gate): Linear(in_features=64, out_features=64, bias=True)
  (conf_gate): Linear(in_features=64, out_features=64, bias=True)
  (easy_gate): Linear(in_features=64, out_features=64, bias=True)
  (margin_model): Linear(in_features=64, out_features=1, bias=True)
)
Trainable parameters: 1278849
Thu 04 Jul 2024 21:54:34 INFO  FLOPs: 0.0
Thu 04 Jul 2024 21:54:34 DEBUG  matplotlib data path: /home/simeon/miniconda3/envs/recbole/lib/python3.11/site-packages/matplotlib/mpl-data
Thu 04 Jul 2024 21:54:34 DEBUG  CONFIGDIR=/home/simeon/.config/matplotlib
Thu 04 Jul 2024 21:54:34 DEBUG  interactive is False
Thu 04 Jul 2024 21:54:34 DEBUG  platform is linux
Thu 04 Jul 2024 21:54:34 DEBUG  CACHEDIR=/home/simeon/.cache/matplotlib
Thu 04 Jul 2024 21:54:34 DEBUG  Using fontManager instance from /home/simeon/.cache/matplotlib/fontlist-v330.json
Thu 04 Jul 2024 21:54:34 DEBUG   length of inter_feat: 74295
Thu 04 Jul 2024 21:54:34 DEBUG   length of dataset: 74295
Thu 04 Jul 2024 21:54:42 INFO  epoch 0 training [time: 8.12s, train loss: 117.2325]
Thu 04 Jul 2024 21:54:43 INFO  epoch 0 evaluating [time: 0.56s, valid_score: 0.157300]
Thu 04 Jul 2024 21:54:43 INFO  valid result: 
recall@20 : 0.1573    mrr@20 : 0.1823    ndcg@20 : 0.1175    hit@20 : 0.4865    precision@20 : 0.0386
Thu 04 Jul 2024 21:54:43 INFO  Saving current: saved/ANS-Jul-04-2024_21-54-34.pth
Thu 04 Jul 2024 21:54:51 INFO  epoch 1 training [time: 8.25s, train loss: 80.6841]
Thu 04 Jul 2024 21:54:52 INFO  epoch 1 evaluating [time: 0.59s, valid_score: 0.167500]
Thu 04 Jul 2024 21:54:52 INFO  valid result: 
recall@20 : 0.1675    mrr@20 : 0.1906    ndcg@20 : 0.1218    hit@20 : 0.5337    precision@20 : 0.0409
Thu 04 Jul 2024 21:54:52 INFO  Saving current: saved/ANS-Jul-04-2024_21-54-34.pth
Thu 04 Jul 2024 21:55:00 INFO  epoch 2 training [time: 8.09s, train loss: 65.1743]
Thu 04 Jul 2024 21:55:00 INFO  epoch 2 evaluating [time: 0.59s, valid_score: 0.162500]
Thu 04 Jul 2024 21:55:00 INFO  valid result: 
recall@20 : 0.1625    mrr@20 : 0.1538    ndcg@20 : 0.1081    hit@20 : 0.5348    precision@20 : 0.0401
Thu 04 Jul 2024 21:55:08 INFO  epoch 3 training [time: 7.82s, train loss: 56.1119]
Thu 04 Jul 2024 21:55:09 INFO  epoch 3 evaluating [time: 0.61s, valid_score: 0.151300]
Thu 04 Jul 2024 21:55:09 INFO  valid result: 
recall@20 : 0.1513    mrr@20 : 0.1482    ndcg@20 : 0.1009    hit@20 : 0.5236    precision@20 : 0.0373
