Sun 26 May 2024 17:00:32 INFO  ['run_recbole.py', '--model=ANS', '--dataset=ml-100k']
Sun 26 May 2024 17:00:32 INFO  
General Hyper Parameters:
gpu_id = 0
use_gpu = True
seed = 2020
state = DEBUG
reproducibility = True
data_path = /home/simeon/Git_Repositories/ANS-Recbole/recbole/config/../dataset_example/ml-100k
checkpoint_dir = saved
show_progress = False
save_dataset = False
dataset_save_path = None
save_dataloaders = False
dataloaders_save_path = None
log_wandb = False

Training Hyper Parameters:
epochs = 500
train_batch_size = 2048
learner = adam
learning_rate = 0.0001
train_neg_sample_args = {'distribution': 'uniform', 'sample_num': 1, 'alpha': 1.0, 'dynamic': False, 'candidate_num': 1}
eval_step = 1
stopping_step = 100
clip_grad_norm = None
weight_decay = 0.0
loss_decimal_place = 4

Evaluation Hyper Parameters:
eval_args = {'split': {'RS': [0.8, 0.1, 0.1]}, 'group_by': 'user', 'order': 'RO', 'mode': 'full'}
repeatable = False
metrics = ['Recall', 'MRR', 'NDCG', 'Hit', 'Precision']
topk = [20]
valid_metric = MRR@20
valid_metric_bigger = True
eval_batch_size = 4096
metric_decimal_place = 4

Dataset Hyper Parameters:
field_separator = 	
seq_separator =  
USER_ID_FIELD = user_id
ITEM_ID_FIELD = item_id
RATING_FIELD = rating
TIME_FIELD = timestamp
seq_len = None
LABEL_FIELD = label
threshold = {'rating': 4.0}
NEG_PREFIX = neg_
load_col = {'inter': ['user_id', 'item_id', 'rating']}
unload_col = None
unused_col = None
additional_feat_suffix = None
rm_dup_inter = None
val_interval = None
filter_inter_by_user_or_item = True
user_inter_num_interval = None
item_inter_num_interval = None
alias_of_user_id = None
alias_of_item_id = None
alias_of_entity_id = None
alias_of_relation_id = None
preload_weight = None
normalize_field = None
normalize_all = True
ITEM_LIST_LENGTH_FIELD = item_length
LIST_SUFFIX = _list
MAX_ITEM_LIST_LENGTH = 50
POSITION_FIELD = position_id
HEAD_ENTITY_ID_FIELD = head_id
TAIL_ENTITY_ID_FIELD = tail_id
RELATION_ID_FIELD = relation_id
ENTITY_ID_FIELD = entity_id
kg_reverse_r = False
entity_kg_num_interval = None
relation_kg_num_interval = None
benchmark_filename = None

Other Hyper Parameters: 
worker = 0
wandb_project = recbole
shuffle = True
require_pow = False
enable_amp = False
enable_scaler = False
transform = None
train_after_converge = True
positive_sampling = True
embedding_size = 64
n_layers = 3
reg_weight = 0.0001
eps = 0.3
gamma = 0.15
numerical_features = []
discretization = None
MODEL_TYPE = ModelType.GENERAL
MODEL_INPUT_TYPE = InputType.PAIRWISE
eval_type = EvaluatorType.RANKING
single_spec = True
local_rank = 0
device = cuda
eval_neg_sample_args = {'distribution': 'uniform', 'sample_num': 'none'}


Sun 26 May 2024 17:00:32 DEBUG  Loading <class 'recbole.data.dataset.dataset.Dataset'> from scratch.
Sun 26 May 2024 17:00:32 DEBUG  uid_field: user_id
Sun 26 May 2024 17:00:32 DEBUG  iid_field: item_id
Sun 26 May 2024 17:00:32 DEBUG  Loading feature from [/home/simeon/Git_Repositories/ANS-Recbole/recbole/config/../dataset_example/ml-100k/ml-100k.inter] (source: [FeatureSource.INTERACTION]).
Sun 26 May 2024 17:00:32 DEBUG  [inter]: 
Sun 26 May 2024 17:00:32 DEBUG  	 load_col: [{'item_id', 'user_id', 'rating'}]
Sun 26 May 2024 17:00:32 DEBUG  	 unload_col: [None]
Sun 26 May 2024 17:00:32 DEBUG  Interaction feature loaded successfully from [/home/simeon/Git_Repositories/ANS-Recbole/recbole/config/../dataset_example/ml-100k/ml-100k.inter].
Sun 26 May 2024 17:00:32 DEBUG  Loading feature from [/home/simeon/Git_Repositories/ANS-Recbole/recbole/config/../dataset_example/ml-100k/ml-100k.user] (source: [FeatureSource.USER]).
Sun 26 May 2024 17:00:32 DEBUG  [user]: 
Sun 26 May 2024 17:00:32 DEBUG  	 load_col: [set()]
Sun 26 May 2024 17:00:32 DEBUG  	 unload_col: [None]
Sun 26 May 2024 17:00:32 DEBUG  [user] feature loaded successfully from [/home/simeon/Git_Repositories/ANS-Recbole/recbole/config/../dataset_example/ml-100k/ml-100k.user].
Sun 26 May 2024 17:00:32 DEBUG  Loading feature from [/home/simeon/Git_Repositories/ANS-Recbole/recbole/config/../dataset_example/ml-100k/ml-100k.item] (source: [FeatureSource.ITEM]).
Sun 26 May 2024 17:00:32 DEBUG  [item]: 
Sun 26 May 2024 17:00:32 DEBUG  	 load_col: [set()]
Sun 26 May 2024 17:00:32 DEBUG  	 unload_col: [None]
Sun 26 May 2024 17:00:32 DEBUG  [item] feature loaded successfully from [/home/simeon/Git_Repositories/ANS-Recbole/recbole/config/../dataset_example/ml-100k/ml-100k.item].
Sun 26 May 2024 17:00:32 DEBUG  drop_by_value: val={}
Sun 26 May 2024 17:00:32 DEBUG  Filling nan
Sun 26 May 2024 17:00:32 DEBUG  Set label by {'rating': 4.0}.
Sun 26 May 2024 17:00:32 DEBUG  Delete column [rating].
Sun 26 May 2024 17:00:32 DEBUG  Normalized fields: ['label']
Sun 26 May 2024 17:00:32 INFO  ml-100k
The number of users: 944
Average actions of users: 106.04453870625663
The number of items: 1683
Average actions of items: 59.45303210463734
The number of inters: 100000
The sparsity of the dataset: 93.70575143257098%
Remain Fields: ['user_id', 'item_id', 'label']
Sun 26 May 2024 17:00:32 DEBUG  split by ratios [[0.8, 0.1, 0.1]], group_by=[user_id]
Sun 26 May 2024 17:00:32 INFO  [Training]: train_batch_size = [2048] train_neg_sample_args: [{'distribution': 'uniform', 'sample_num': 1, 'alpha': 1.0, 'dynamic': False, 'candidate_num': 1}]
Sun 26 May 2024 17:00:32 INFO  [Evaluation]: eval_batch_size = [4096] eval_args: [{'split': {'RS': [0.8, 0.1, 0.1]}, 'group_by': 'user', 'order': 'RO', 'mode': 'full'}]
Sun 26 May 2024 17:00:34 INFO  ANS(
  (user_embedding): Embedding(944, 64)
  (item_embedding): Embedding(1683, 64)
  (mf_loss): BPRLoss()
  (reg_loss): EmbLoss()
  (user_gate): Linear(in_features=64, out_features=64, bias=True)
  (item_gate): Linear(in_features=64, out_features=64, bias=True)
  (pos_gate): Linear(in_features=64, out_features=64, bias=True)
  (neg_gate): Linear(in_features=64, out_features=64, bias=True)
  (hard_gate): Linear(in_features=64, out_features=64, bias=True)
  (conf_gate): Linear(in_features=64, out_features=64, bias=True)
  (easy_gate): Linear(in_features=64, out_features=64, bias=True)
  (margin_model): Linear(in_features=64, out_features=1, bias=True)
)
Trainable parameters: 197313
Sun 26 May 2024 17:00:34 INFO  FLOPs: 0.0
Sun 26 May 2024 17:00:35 DEBUG  Top 5 items for user 0: tensor([[63, 51, 48, 31, 57],
        [14, 62,  1, 46, 45],
        [14, 50, 25, 27, 63],
        ...,
        [40, 46, 60, 53,  8],
        [18,  5, 31, 45, 58],
        [62, 45, 48, 41,  1]], device='cuda:0')
Sun 26 May 2024 17:00:35 DEBUG  Top 5 items for user 1: tensor([[53, 49,  7, 15, 43],
        [ 1, 44, 22, 31, 60],
        [ 7, 59, 29, 56, 44],
        ...,
        [41, 44, 53, 22, 50],
        [58, 60, 19, 31, 27],
        [49, 63,  1, 48,  7]], device='cuda:0')
Sun 26 May 2024 17:00:35 DEBUG  Top 5 items for user 2: tensor([[ 9, 22, 15, 39, 59],
        [35, 70,  1, 39, 48],
        [27,  9, 15, 42, 30],
        ...,
        [45, 54, 34, 59, 48],
        [20,  6, 22, 35, 30],
        [70,  7, 34,  1, 48]], device='cuda:0')
Sun 26 May 2024 17:00:35 DEBUG  Top 5 items for user 3: tensor([[73, 28, 26, 62, 65],
        [ 1, 52, 19, 20,  8],
        [73, 14, 19, 66, 28],
        ...,
        [73, 52, 16, 42, 14],
        [14, 40, 20, 42, 25],
        [73, 57, 14,  8, 49]], device='cuda:0')
Sun 26 May 2024 17:00:35 DEBUG  Top 5 items for user 4: tensor([[19, 72, 61,  2, 55],
        [ 1, 82,  2, 52, 62],
        [55,  3, 73, 32, 49],
        ...,
        [ 2, 55, 17,  1, 62],
        [ 0, 69, 82, 28, 81],
        [55,  2,  1, 76, 85]], device='cuda:0')
Sun 26 May 2024 17:00:35 DEBUG  Top 5 items for user 5: tensor([[34, 21, 36, 57, 42],
        [34, 51, 49,  9, 14],
        [21, 47, 14, 55, 25],
        ...,
        [39, 49, 36, 18, 50],
        [51, 13, 57,  5, 26],
        [47, 56, 48, 64, 35]], device='cuda:0')
Sun 26 May 2024 17:00:35 DEBUG  Top 5 items for user 6: tensor([[43, 47, 44, 10, 38],
        [ 1, 43, 17,  4, 60],
        [17, 59, 14, 13, 71],
        ...,
        [ 1, 42, 68, 52, 29],
        [43,  4, 44,  5, 79],
        [60,  1, 59, 15,  8]], device='cuda:0')
Sun 26 May 2024 17:00:35 DEBUG  Top 5 items for user 7: tensor([[19, 64, 15, 59,  0],
        [16, 14, 11, 23, 31],
        [31, 38, 35, 15,  0],
        ...,
        [19, 17, 23, 10, 31],
        [14, 55, 66, 38,  5],
        [31, 19, 14,  0, 17]], device='cuda:0')
Sun 26 May 2024 17:00:35 DEBUG  Top 5 items for user 8: tensor([[41, 56, 15, 26, 45],
        [12, 59, 21, 11,  4],
        [68, 33, 21, 54, 26],
        ...,
        [45, 11, 61, 68, 16],
        [37, 61, 41, 12, 65],
        [56, 54, 12, 16, 26]], device='cuda:0')
Sun 26 May 2024 17:00:35 DEBUG  Top 5 items for user 9: tensor([[71, 23, 84, 63, 74],
        [87, 75, 82, 37, 70],
        [52, 87, 62, 76, 59],
        ...,
        [63, 52, 82, 64, 66],
        [63, 14, 62, 65, 46],
        [84, 39, 47, 12, 76]], device='cuda:0')
Sun 26 May 2024 17:00:35 DEBUG  Top 5 items for user 10: tensor([[48,  0, 42, 25, 20],
        [ 0, 20, 65, 13, 48],
        [42, 54, 28,  9, 81],
        ...,
        [54, 48, 58, 25,  4],
        [77, 42, 48, 44, 46],
        [ 0, 60, 47, 71, 65]], device='cuda:0')
