Mon 24 Jun 2024 23:12:25 INFO  ['run_recbole.py', '--model=ANS', '--dataset=ml-100k']
Mon 24 Jun 2024 23:12:25 INFO  
General Hyper Parameters:
gpu_id = 0
use_gpu = True
seed = 2020
state = DEBUG
reproducibility = True
data_path = /home/simeon/Git_Repositories/ANS-Recbole/recbole/config/../dataset_example/ml-100k
checkpoint_dir = saved
show_progress = True
save_dataset = False
dataset_save_path = None
save_dataloaders = False
dataloaders_save_path = None
log_wandb = False

Training Hyper Parameters:
epochs = 500
train_batch_size = 2048
learner = adam
learning_rate = 0.0001
train_neg_sample_args = {'distribution': 'uniform', 'sample_num': 1, 'alpha': 1.0, 'dynamic': False, 'candidate_num': 1}
eval_step = 1
stopping_step = 1
clip_grad_norm = None
weight_decay = 0.0
loss_decimal_place = 4

Evaluation Hyper Parameters:
eval_args = {'split': {'RS': [0.8, 0.1, 0.1]}, 'group_by': 'user', 'order': 'RO', 'mode': 'full'}
repeatable = False
metrics = ['Recall', 'MRR', 'NDCG', 'Hit', 'Precision']
topk = [20]
valid_metric = Recall@20
valid_metric_bigger = True
eval_batch_size = 4096
metric_decimal_place = 4

Dataset Hyper Parameters:
field_separator = 	
seq_separator =  
USER_ID_FIELD = user_id
ITEM_ID_FIELD = item_id
RATING_FIELD = rating
TIME_FIELD = timestamp
seq_len = None
LABEL_FIELD = label
threshold = {'rating': 4.0}
NEG_PREFIX = neg_
load_col = {'inter': ['user_id', 'item_id', 'rating']}
unload_col = None
unused_col = None
additional_feat_suffix = None
rm_dup_inter = None
val_interval = None
filter_inter_by_user_or_item = True
user_inter_num_interval = None
item_inter_num_interval = None
alias_of_user_id = None
alias_of_item_id = None
alias_of_entity_id = None
alias_of_relation_id = None
preload_weight = None
normalize_field = None
normalize_all = True
ITEM_LIST_LENGTH_FIELD = item_length
LIST_SUFFIX = _list
MAX_ITEM_LIST_LENGTH = 50
POSITION_FIELD = position_id
HEAD_ENTITY_ID_FIELD = head_id
TAIL_ENTITY_ID_FIELD = tail_id
RELATION_ID_FIELD = relation_id
ENTITY_ID_FIELD = entity_id
kg_reverse_r = False
entity_kg_num_interval = None
relation_kg_num_interval = None
benchmark_filename = None

Other Hyper Parameters: 
worker = 0
wandb_project = recbole
shuffle = True
require_pow = False
enable_amp = False
enable_scaler = True
transform = None
train_after_converge = True
positive_sampling = True
model_name_custom = GCN_AST
data_augmentation = False
embedding_size = 64
n_layers = 3
reg_weight = 0.001
eps = 0.3579063307361654
gamma = 0.010950879233563415
numerical_features = []
discretization = None
MODEL_TYPE = ModelType.GENERAL
MODEL_INPUT_TYPE = InputType.PAIRWISE
eval_type = EvaluatorType.RANKING
single_spec = True
local_rank = 0
device = cpu
eval_neg_sample_args = {'distribution': 'uniform', 'sample_num': 'none'}


Mon 24 Jun 2024 23:12:25 DEBUG  Loading <class 'recbole.data.dataset.dataset.Dataset'> from scratch.
Mon 24 Jun 2024 23:12:25 DEBUG  uid_field: user_id
Mon 24 Jun 2024 23:12:25 DEBUG  iid_field: item_id
Mon 24 Jun 2024 23:12:25 DEBUG  Loading feature from [/home/simeon/Git_Repositories/ANS-Recbole/recbole/config/../dataset_example/ml-100k/ml-100k.inter] (source: [FeatureSource.INTERACTION]).
Mon 24 Jun 2024 23:12:25 DEBUG  [inter]: 
Mon 24 Jun 2024 23:12:25 DEBUG  	 load_col: [{'item_id', 'user_id', 'rating'}]
Mon 24 Jun 2024 23:12:25 DEBUG  	 unload_col: [None]
Mon 24 Jun 2024 23:12:25 DEBUG  Interaction feature loaded successfully from [/home/simeon/Git_Repositories/ANS-Recbole/recbole/config/../dataset_example/ml-100k/ml-100k.inter].
Mon 24 Jun 2024 23:12:25 DEBUG  Loading feature from [/home/simeon/Git_Repositories/ANS-Recbole/recbole/config/../dataset_example/ml-100k/ml-100k.user] (source: [FeatureSource.USER]).
Mon 24 Jun 2024 23:12:25 DEBUG  [user]: 
Mon 24 Jun 2024 23:12:25 DEBUG  	 load_col: [set()]
Mon 24 Jun 2024 23:12:25 DEBUG  	 unload_col: [None]
Mon 24 Jun 2024 23:12:25 DEBUG  [user] feature loaded successfully from [/home/simeon/Git_Repositories/ANS-Recbole/recbole/config/../dataset_example/ml-100k/ml-100k.user].
Mon 24 Jun 2024 23:12:25 DEBUG  Loading feature from [/home/simeon/Git_Repositories/ANS-Recbole/recbole/config/../dataset_example/ml-100k/ml-100k.item] (source: [FeatureSource.ITEM]).
Mon 24 Jun 2024 23:12:25 DEBUG  [item]: 
Mon 24 Jun 2024 23:12:25 DEBUG  	 load_col: [set()]
Mon 24 Jun 2024 23:12:25 DEBUG  	 unload_col: [None]
Mon 24 Jun 2024 23:12:25 DEBUG  [item] feature loaded successfully from [/home/simeon/Git_Repositories/ANS-Recbole/recbole/config/../dataset_example/ml-100k/ml-100k.item].
Mon 24 Jun 2024 23:12:25 DEBUG  drop_by_value: val={}
Mon 24 Jun 2024 23:12:25 DEBUG  Filling nan
Mon 24 Jun 2024 23:12:25 DEBUG  Set label by {'rating': 4.0}.
Mon 24 Jun 2024 23:12:25 DEBUG  Delete column [rating].
Mon 24 Jun 2024 23:12:25 DEBUG  Normalized fields: ['label']
Mon 24 Jun 2024 23:12:25 INFO  ml-100k
The number of users: 944
Average actions of users: 106.04453870625663
The number of items: 1683
Average actions of items: 59.45303210463734
The number of inters: 100000
The sparsity of the dataset: 93.70575143257098%
Remain Fields: ['user_id', 'item_id', 'label']
Mon 24 Jun 2024 23:12:25 DEBUG  split by ratios [[0.8, 0.1, 0.1]], group_by=[user_id]
Mon 24 Jun 2024 23:12:25 INFO  [Training]: train_batch_size = [2048] train_neg_sample_args: [{'distribution': 'uniform', 'sample_num': 1, 'alpha': 1.0, 'dynamic': False, 'candidate_num': 1}]
Mon 24 Jun 2024 23:12:25 INFO  [Evaluation]: eval_batch_size = [4096] eval_args: [{'split': {'RS': [0.8, 0.1, 0.1]}, 'group_by': 'user', 'order': 'RO', 'mode': 'full'}]
Mon 24 Jun 2024 23:12:26 INFO  ANS(
  (user_embedding): Embedding(944, 64)
  (item_embedding): Embedding(1683, 64)
  (mf_loss): BPRLoss()
  (reg_loss): EmbLoss()
  (user_gate): Linear(in_features=64, out_features=64, bias=True)
  (item_gate): Linear(in_features=64, out_features=64, bias=True)
  (pos_gate): Linear(in_features=64, out_features=64, bias=True)
  (neg_gate): Linear(in_features=64, out_features=64, bias=True)
  (hard_gate): Linear(in_features=64, out_features=64, bias=True)
  (conf_gate): Linear(in_features=64, out_features=64, bias=True)
  (easy_gate): Linear(in_features=64, out_features=64, bias=True)
  (margin_model): Linear(in_features=64, out_features=1, bias=True)
)
Trainable parameters: 197313
Mon 24 Jun 2024 23:12:26 INFO  FLOPs: 0.0
Mon 24 Jun 2024 23:12:26 DEBUG  matplotlib data path: /home/simeon/miniconda3/envs/recbole/lib/python3.11/site-packages/matplotlib/mpl-data
Mon 24 Jun 2024 23:12:26 DEBUG  CONFIGDIR=/home/simeon/.config/matplotlib
Mon 24 Jun 2024 23:12:26 DEBUG  interactive is False
Mon 24 Jun 2024 23:12:26 DEBUG  platform is linux
Mon 24 Jun 2024 23:12:26 DEBUG  CACHEDIR=/home/simeon/.cache/matplotlib
Mon 24 Jun 2024 23:12:26 DEBUG  Using fontManager instance from /home/simeon/.cache/matplotlib/fontlist-v330.json
Mon 24 Jun 2024 23:12:27 DEBUG   length of inter_feat: 80808
Mon 24 Jun 2024 23:12:27 DEBUG   length of dataset: 80808
Mon 24 Jun 2024 23:12:28 INFO  epoch 0 training [time: 1.50s, train loss: 28.0504]
Mon 24 Jun 2024 23:12:29 INFO  epoch 0 evaluating [time: 0.11s, valid_score: 0.011800]
Mon 24 Jun 2024 23:12:29 INFO  valid result: 
recall@20 : 0.0118    mrr@20 : 0.0269    ndcg@20 : 0.0102    hit@20 : 0.123    precision@20 : 0.0069
Mon 24 Jun 2024 23:12:29 INFO  Saving current: saved/ANS-Jun-24-2024_23-12-27.pth
Mon 24 Jun 2024 23:12:30 INFO  epoch 1 training [time: 1.51s, train loss: 28.0354]
Mon 24 Jun 2024 23:12:30 INFO  epoch 1 evaluating [time: 0.10s, valid_score: 0.011800]
Mon 24 Jun 2024 23:12:30 INFO  valid result: 
recall@20 : 0.0118    mrr@20 : 0.0256    ndcg@20 : 0.01    hit@20 : 0.123    precision@20 : 0.0068
Mon 24 Jun 2024 23:12:30 INFO  Saving current: saved/ANS-Jun-24-2024_23-12-27.pth
Mon 24 Jun 2024 23:12:32 INFO  epoch 2 training [time: 1.47s, train loss: 28.0245]
Mon 24 Jun 2024 23:12:32 INFO  epoch 2 evaluating [time: 0.10s, valid_score: 0.012700]
Mon 24 Jun 2024 23:12:32 INFO  valid result: 
recall@20 : 0.0127    mrr@20 : 0.0261    ndcg@20 : 0.0103    hit@20 : 0.1262    precision@20 : 0.0071
Mon 24 Jun 2024 23:12:32 INFO  Saving current: saved/ANS-Jun-24-2024_23-12-27.pth
Mon 24 Jun 2024 23:12:33 INFO  epoch 3 training [time: 1.45s, train loss: 28.0139]
Mon 24 Jun 2024 23:12:33 INFO  epoch 3 evaluating [time: 0.11s, valid_score: 0.012400]
Mon 24 Jun 2024 23:12:33 INFO  valid result: 
recall@20 : 0.0124    mrr@20 : 0.0252    ndcg@20 : 0.0102    hit@20 : 0.1262    precision@20 : 0.0071
Mon 24 Jun 2024 23:12:35 INFO  epoch 4 training [time: 1.55s, train loss: 28.0034]
Mon 24 Jun 2024 23:12:35 INFO  epoch 4 evaluating [time: 0.11s, valid_score: 0.012500]
Mon 24 Jun 2024 23:12:35 INFO  valid result: 
recall@20 : 0.0125    mrr@20 : 0.0249    ndcg@20 : 0.01    hit@20 : 0.123    precision@20 : 0.0068
Mon 24 Jun 2024 23:12:35 INFO  Finished training, best eval result in epoch 2
Mon 24 Jun 2024 23:12:35 DEBUG  Predicting for 944 users
Mon 24 Jun 2024 23:12:35 DEBUG  Predicting for user 1 with 1649 unused items
Mon 24 Jun 2024 23:12:35 DEBUG  shape of scores: torch.Size([1649, 64])
Mon 24 Jun 2024 23:12:35 DEBUG  Top 8 items for user 1: tensor([ 336,  903,  698, 1568,  348,  205,  416,  726])
Mon 24 Jun 2024 23:12:35 DEBUG  Predicting for user 2 with 1608 unused items
Mon 24 Jun 2024 23:12:35 DEBUG  shape of scores: torch.Size([1608, 64])
Mon 24 Jun 2024 23:12:35 DEBUG  Top 8 items for user 2: tensor([ 439,  252,   12,  920, 1230, 1255,  692,  757])
Mon 24 Jun 2024 23:12:35 DEBUG  Predicting for user 3 with 1578 unused items
Mon 24 Jun 2024 23:12:35 DEBUG  shape of scores: torch.Size([1578, 64])
Mon 24 Jun 2024 23:12:35 DEBUG  Top 8 items for user 3: tensor([1384, 1394, 1405,  133, 1345,  324, 1213,  253])
Mon 24 Jun 2024 23:12:35 DEBUG  Predicting for user 4 with 1490 unused items
Mon 24 Jun 2024 23:12:35 DEBUG  shape of scores: torch.Size([1490, 64])
Mon 24 Jun 2024 23:12:35 DEBUG  Top 8 items for user 4: tensor([1396,  497, 1118, 1339,  339, 1405, 1530,  456])
Mon 24 Jun 2024 23:12:35 DEBUG  Predicting for user 5 with 1666 unused items
Mon 24 Jun 2024 23:12:35 DEBUG  shape of scores: torch.Size([1666, 64])
Mon 24 Jun 2024 23:12:35 DEBUG  Top 8 items for user 5: tensor([ 377, 1003,  608,  609,  354,  288,  474, 1148])
Mon 24 Jun 2024 23:12:35 DEBUG  Predicting for user 6 with 1579 unused items
Mon 24 Jun 2024 23:12:35 DEBUG  shape of scores: torch.Size([1579, 64])
Mon 24 Jun 2024 23:12:35 DEBUG  Top 8 items for user 6: tensor([ 483,  664,  601,   30,  619, 1361, 1162,  656])
Mon 24 Jun 2024 23:12:35 DEBUG  Predicting for user 7 with 1608 unused items
Mon 24 Jun 2024 23:12:35 DEBUG  shape of scores: torch.Size([1608, 64])
Mon 24 Jun 2024 23:12:35 DEBUG  Top 8 items for user 7: tensor([1403,  947,  567,  866, 1576,  597,   90, 1187])
Mon 24 Jun 2024 23:12:35 DEBUG  Predicting for user 8 with 1603 unused items
Mon 24 Jun 2024 23:12:35 DEBUG  shape of scores: torch.Size([1603, 64])
Mon 24 Jun 2024 23:12:35 DEBUG  Top 8 items for user 8: tensor([ 147,  739, 1622,  760,  583,  475, 1582, 1485])
Mon 24 Jun 2024 23:12:35 DEBUG  Predicting for user 9 with 1504 unused items
Mon 24 Jun 2024 23:12:35 DEBUG  shape of scores: torch.Size([1504, 64])
Mon 24 Jun 2024 23:12:35 DEBUG  Top 8 items for user 9: tensor([1364, 1184, 1308, 1101,  839,  981, 1006,  897])
Mon 24 Jun 2024 23:12:35 DEBUG  Predicting for user 10 with 1513 unused items
Mon 24 Jun 2024 23:12:35 DEBUG  shape of scores: torch.Size([1513, 64])
Mon 24 Jun 2024 23:12:35 DEBUG  Top 8 items for user 10: tensor([ 546, 1598,  482,  361, 1406,  997,  225, 1454])
Mon 24 Jun 2024 23:12:35 DEBUG  Predicting for user 11 with 1496 unused items
Mon 24 Jun 2024 23:12:35 DEBUG  shape of scores: torch.Size([1496, 64])
Mon 24 Jun 2024 23:12:35 DEBUG  Top 8 items for user 11: tensor([ 472,  778,  849, 1012,  269,  938,  833,  468])
Mon 24 Jun 2024 23:12:35 DEBUG  Predicting for user 12 with 1450 unused items
Mon 24 Jun 2024 23:12:35 DEBUG  shape of scores: torch.Size([1450, 64])
Mon 24 Jun 2024 23:12:35 DEBUG  Top 8 items for user 12: tensor([1575, 1221, 1648, 1370, 1236,  489, 1465, 1611])
Mon 24 Jun 2024 23:12:35 DEBUG  Predicting for user 13 with 1508 unused items
Mon 24 Jun 2024 23:12:35 DEBUG  shape of scores: torch.Size([1508, 64])
Mon 24 Jun 2024 23:12:35 DEBUG  Top 8 items for user 13: tensor([1517,   36,  522,  827, 1468, 1613, 1316, 1229])
Mon 24 Jun 2024 23:12:35 DEBUG  Predicting for user 14 with 1576 unused items
Mon 24 Jun 2024 23:12:35 DEBUG  shape of scores: torch.Size([1576, 64])
Mon 24 Jun 2024 23:12:35 DEBUG  Top 8 items for user 14: tensor([ 576,   76,  105,  128, 1297, 1555,  538,  163])
Mon 24 Jun 2024 23:12:35 DEBUG  Predicting for user 15 with 1569 unused items
Mon 24 Jun 2024 23:12:35 DEBUG  shape of scores: torch.Size([1569, 64])
Mon 24 Jun 2024 23:12:35 DEBUG  Top 8 items for user 15: tensor([1652, 1603,  607,  365, 1149, 1573,  849,   48])
Mon 24 Jun 2024 23:12:35 DEBUG  Predicting for user 16 with 1294 unused items
Mon 24 Jun 2024 23:12:35 DEBUG  shape of scores: torch.Size([1294, 64])
Mon 24 Jun 2024 23:12:35 DEBUG  Top 8 items for user 16: tensor([1653, 1547,  276, 1279,  280, 1001,   59,  957])
Mon 24 Jun 2024 23:12:35 DEBUG  Predicting for user 17 with 1633 unused items
Mon 24 Jun 2024 23:12:35 DEBUG  shape of scores: torch.Size([1633, 64])
Mon 24 Jun 2024 23:12:35 DEBUG  Top 8 items for user 17: tensor([1226, 1202,  444, 1460, 1326,   15,  345,  979])
Mon 24 Jun 2024 23:12:35 DEBUG  Predicting for user 18 with 1437 unused items
Mon 24 Jun 2024 23:12:35 DEBUG  shape of scores: torch.Size([1437, 64])
Mon 24 Jun 2024 23:12:35 DEBUG  Top 8 items for user 18: tensor([1615, 1509,  361, 1346,  870, 1253,  948, 1085])
Mon 24 Jun 2024 23:12:35 DEBUG  Predicting for user 19 with 1444 unused items
Mon 24 Jun 2024 23:12:35 DEBUG  shape of scores: torch.Size([1444, 64])
Mon 24 Jun 2024 23:12:35 DEBUG  Top 8 items for user 19: tensor([ 178, 1347,  381, 1083, 1334, 1223, 1250,  703])
Mon 24 Jun 2024 23:12:35 DEBUG  Predicting for user 20 with 1298 unused items
Mon 24 Jun 2024 23:12:35 DEBUG  shape of scores: torch.Size([1298, 64])
Mon 24 Jun 2024 23:12:35 DEBUG  Top 8 items for user 20: tensor([ 833,  165, 1237, 1181,  313,  279,  455,  740])
Mon 24 Jun 2024 23:12:35 DEBUG  Predicting for user 21 with 1537 unused items
Mon 24 Jun 2024 23:12:35 DEBUG  shape of scores: torch.Size([1537, 64])
Mon 24 Jun 2024 23:12:35 DEBUG  Top 8 items for user 21: tensor([747, 731, 998, 186,  75, 144, 234,  33])
Mon 24 Jun 2024 23:12:35 DEBUG  Predicting for user 22 with 1625 unused items
Mon 24 Jun 2024 23:12:35 DEBUG  shape of scores: torch.Size([1625, 64])
Mon 24 Jun 2024 23:12:35 DEBUG  Top 8 items for user 22: tensor([1584, 1395, 1475, 1502,  484,  627,  383,  984])
Mon 24 Jun 2024 23:12:35 DEBUG  Predicting for user 23 with 1458 unused items
Mon 24 Jun 2024 23:12:35 DEBUG  shape of scores: torch.Size([1458, 64])
Mon 24 Jun 2024 23:12:35 DEBUG  Top 8 items for user 23: tensor([ 616, 1089, 1431,  546, 1400,  128,  664,  113])
Mon 24 Jun 2024 23:12:35 DEBUG  Predicting for user 24 with 1363 unused items
Mon 24 Jun 2024 23:12:35 DEBUG  shape of scores: torch.Size([1363, 64])
Mon 24 Jun 2024 23:12:35 DEBUG  Top 8 items for user 24: tensor([1637, 1208, 1158, 1565,  739,  823, 1420,  366])
Mon 24 Jun 2024 23:12:35 DEBUG  Predicting for user 25 with 1458 unused items
Mon 24 Jun 2024 23:12:35 DEBUG  shape of scores: torch.Size([1458, 64])
Mon 24 Jun 2024 23:12:35 DEBUG  Top 8 items for user 25: tensor([ 991,  537, 1384,  757, 1331,  650,  367,  506])
Mon 24 Jun 2024 23:12:35 DEBUG  Predicting for user 26 with 1585 unused items
Mon 24 Jun 2024 23:12:35 DEBUG  shape of scores: torch.Size([1585, 64])
Mon 24 Jun 2024 23:12:35 DEBUG  Top 8 items for user 26: tensor([ 935,  576,  871,  974,  427, 1544, 1609, 1392])
Mon 24 Jun 2024 23:12:35 DEBUG  Predicting for user 27 with 1508 unused items
Mon 24 Jun 2024 23:12:35 DEBUG  shape of scores: torch.Size([1508, 64])
Mon 24 Jun 2024 23:12:35 DEBUG  Top 8 items for user 27: tensor([1484, 1085,  733,  753,  502,  326,  626,  381])
Mon 24 Jun 2024 23:12:35 DEBUG  Predicting for user 28 with 1607 unused items
Mon 24 Jun 2024 23:12:35 DEBUG  shape of scores: torch.Size([1607, 64])
Mon 24 Jun 2024 23:12:35 DEBUG  Top 8 items for user 28: tensor([1319, 1245,   40, 1033,  918,  118,  707,  952])
Mon 24 Jun 2024 23:12:35 DEBUG  Predicting for user 29 with 1586 unused items
Mon 24 Jun 2024 23:12:35 DEBUG  shape of scores: torch.Size([1586, 64])
Mon 24 Jun 2024 23:12:35 DEBUG  Top 8 items for user 29: tensor([ 875,  690,  878, 1374, 1494, 1350,  784,  948])
Mon 24 Jun 2024 23:12:35 DEBUG  Predicting for user 30 with 1662 unused items
Mon 24 Jun 2024 23:12:35 DEBUG  shape of scores: torch.Size([1662, 64])
Mon 24 Jun 2024 23:12:35 DEBUG  Top 8 items for user 30: tensor([ 575,  400, 1106, 1366, 1082,  224,  285,  187])
Mon 24 Jun 2024 23:12:35 DEBUG  Predicting for user 31 with 1461 unused items
Mon 24 Jun 2024 23:12:35 DEBUG  shape of scores: torch.Size([1461, 64])
Mon 24 Jun 2024 23:12:35 DEBUG  Top 8 items for user 31: tensor([1050, 1183, 1241,  342,  760,  815, 1238, 1654])
Mon 24 Jun 2024 23:12:35 DEBUG  Predicting for user 32 with 1659 unused items
Mon 24 Jun 2024 23:12:35 DEBUG  shape of scores: torch.Size([1659, 64])
Mon 24 Jun 2024 23:12:35 DEBUG  Top 8 items for user 32: tensor([ 653,  611, 1305, 1280,  106, 1499, 1094,  436])
Mon 24 Jun 2024 23:12:35 DEBUG  Predicting for user 33 with 1562 unused items
Mon 24 Jun 2024 23:12:35 DEBUG  shape of scores: torch.Size([1562, 64])
Mon 24 Jun 2024 23:12:35 DEBUG  Top 8 items for user 33: tensor([1300, 1199, 1234, 1642, 1009,  959,  287, 1046])
Mon 24 Jun 2024 23:12:35 DEBUG  Predicting for user 34 with 1631 unused items
Mon 24 Jun 2024 23:12:35 DEBUG  shape of scores: torch.Size([1631, 64])
Mon 24 Jun 2024 23:12:35 DEBUG  Top 8 items for user 34: tensor([1349, 1129,  494,  291,  285, 1650,  853, 1596])
Mon 24 Jun 2024 23:12:35 DEBUG  Predicting for user 35 with 1641 unused items
Mon 24 Jun 2024 23:12:35 DEBUG  shape of scores: torch.Size([1641, 64])
Mon 24 Jun 2024 23:12:35 DEBUG  Top 8 items for user 35: tensor([1617,  467, 1507, 1528,  744, 1136, 1175, 1651])
Mon 24 Jun 2024 23:12:35 DEBUG  Predicting for user 36 with 1333 unused items
Mon 24 Jun 2024 23:12:35 DEBUG  shape of scores: torch.Size([1333, 64])
Mon 24 Jun 2024 23:12:35 DEBUG  Top 8 items for user 36: tensor([1339, 1090,  363,  204,  875,  758,  307,  563])
Mon 24 Jun 2024 23:12:35 DEBUG  Predicting for user 37 with 1663 unused items
Mon 24 Jun 2024 23:12:35 DEBUG  shape of scores: torch.Size([1663, 64])
Mon 24 Jun 2024 23:12:35 DEBUG  Top 8 items for user 37: tensor([1032,  238, 1419, 1252, 1397,  638,  896, 1466])
Mon 24 Jun 2024 23:12:35 DEBUG  Predicting for user 38 with 1266 unused items
Mon 24 Jun 2024 23:12:35 DEBUG  shape of scores: torch.Size([1266, 64])
Mon 24 Jun 2024 23:12:35 DEBUG  Top 8 items for user 38: tensor([1182, 1619,  998,  604, 1445, 1670,  794, 1384])
Mon 24 Jun 2024 23:12:35 DEBUG  Predicting for user 39 with 1359 unused items
Mon 24 Jun 2024 23:12:35 DEBUG  shape of scores: torch.Size([1359, 64])
Mon 24 Jun 2024 23:12:35 DEBUG  Top 8 items for user 39: tensor([1497,  293,  907,  665,  972, 1454, 1393,  643])
Mon 24 Jun 2024 23:12:35 DEBUG  Predicting for user 40 with 1534 unused items
Mon 24 Jun 2024 23:12:35 DEBUG  shape of scores: torch.Size([1534, 64])
Mon 24 Jun 2024 23:12:35 DEBUG  Top 8 items for user 40: tensor([1323,  270,  647,  794,   41, 1493, 1124, 1123])
Mon 24 Jun 2024 23:12:35 DEBUG  Predicting for user 41 with 1643 unused items
Mon 24 Jun 2024 23:12:36 DEBUG  shape of scores: torch.Size([1643, 64])
Mon 24 Jun 2024 23:12:36 DEBUG  Top 8 items for user 41: tensor([1031,  861,  447, 1091,  882,   92, 1352,  195])
Mon 24 Jun 2024 23:12:36 DEBUG  Predicting for user 42 with 1372 unused items
Mon 24 Jun 2024 23:12:36 DEBUG  shape of scores: torch.Size([1372, 64])
Mon 24 Jun 2024 23:12:36 DEBUG  Top 8 items for user 42: tensor([ 998, 1521,  721, 1305, 1352, 1466, 1671, 1303])
Mon 24 Jun 2024 23:12:36 DEBUG  Predicting for user 43 with 1632 unused items
Mon 24 Jun 2024 23:12:36 DEBUG  shape of scores: torch.Size([1632, 64])
Mon 24 Jun 2024 23:12:36 DEBUG  Top 8 items for user 43: tensor([1511,   65,  812,   37, 1590,  499,   76,  400])
Mon 24 Jun 2024 23:12:36 DEBUG  Predicting for user 44 with 1525 unused items
Mon 24 Jun 2024 23:12:36 DEBUG  shape of scores: torch.Size([1525, 64])
Mon 24 Jun 2024 23:12:36 DEBUG  Top 8 items for user 44: tensor([1485,  121, 1677, 1250,  410, 1094, 1153, 1576])
Mon 24 Jun 2024 23:12:36 DEBUG  Predicting for user 45 with 1666 unused items
Mon 24 Jun 2024 23:12:36 DEBUG  shape of scores: torch.Size([1666, 64])
Mon 24 Jun 2024 23:12:36 DEBUG  Top 8 items for user 45: tensor([ 509,  207,  285,  451,  522, 1374,  150, 1408])
Mon 24 Jun 2024 23:12:36 DEBUG  Predicting for user 46 with 1553 unused items
Mon 24 Jun 2024 23:12:36 DEBUG  shape of scores: torch.Size([1553, 64])
Mon 24 Jun 2024 23:12:36 DEBUG  Top 8 items for user 46: tensor([ 359,  727, 1390, 1624,  537,  772,  502, 1304])
Mon 24 Jun 2024 23:12:36 DEBUG  Predicting for user 47 with 1572 unused items
Mon 24 Jun 2024 23:12:36 DEBUG  shape of scores: torch.Size([1572, 64])
Mon 24 Jun 2024 23:12:36 DEBUG  Top 8 items for user 47: tensor([1334, 1614, 1628,  617,  679, 1582,  150,  773])
Mon 24 Jun 2024 23:12:36 DEBUG  Predicting for user 48 with 1463 unused items
Mon 24 Jun 2024 23:12:36 DEBUG  shape of scores: torch.Size([1463, 64])
Mon 24 Jun 2024 23:12:36 DEBUG  Top 8 items for user 48: tensor([1323, 1306, 1432, 1482,  836,  657, 1541,  565])
Mon 24 Jun 2024 23:12:36 DEBUG  Predicting for user 49 with 1619 unused items
Mon 24 Jun 2024 23:12:36 DEBUG  shape of scores: torch.Size([1619, 64])
Mon 24 Jun 2024 23:12:36 DEBUG  Top 8 items for user 49: tensor([1098,  489,  184, 1168,  948, 1253, 1579, 1252])
Mon 24 Jun 2024 23:12:36 DEBUG  Predicting for user 50 with 1634 unused items
Mon 24 Jun 2024 23:12:36 DEBUG  shape of scores: torch.Size([1634, 64])
Mon 24 Jun 2024 23:12:36 DEBUG  Top 8 items for user 50: tensor([1294,  474, 1465,  778,  581,   73,   40,  329])
Mon 24 Jun 2024 23:12:36 DEBUG  Predicting for user 51 with 1662 unused items
Mon 24 Jun 2024 23:12:36 DEBUG  shape of scores: torch.Size([1662, 64])
Mon 24 Jun 2024 23:12:36 DEBUG  Top 8 items for user 51: tensor([1064,  849,  228, 1673, 1152, 1591,  789, 1641])
Mon 24 Jun 2024 23:12:36 DEBUG  Predicting for user 52 with 1618 unused items
Mon 24 Jun 2024 23:12:36 DEBUG  shape of scores: torch.Size([1618, 64])
Mon 24 Jun 2024 23:12:36 DEBUG  Top 8 items for user 52: tensor([ 354, 1114, 1522,  456,  902, 1097,  620,  474])
Mon 24 Jun 2024 23:12:36 DEBUG  Predicting for user 53 with 1376 unused items
Mon 24 Jun 2024 23:12:36 DEBUG  shape of scores: torch.Size([1376, 64])
Mon 24 Jun 2024 23:12:36 DEBUG  Top 8 items for user 53: tensor([1415,  640,  474, 1454,  500, 1611,  733,  756])
Mon 24 Jun 2024 23:12:36 DEBUG  Predicting for user 54 with 1571 unused items
Mon 24 Jun 2024 23:12:36 DEBUG  shape of scores: torch.Size([1571, 64])
Mon 24 Jun 2024 23:12:36 DEBUG  Top 8 items for user 54: tensor([1420,  909,  147,  685, 1267,  840, 1291,  433])
Mon 24 Jun 2024 23:12:36 DEBUG  Predicting for user 55 with 1513 unused items
Mon 24 Jun 2024 23:12:36 DEBUG  shape of scores: torch.Size([1513, 64])
Mon 24 Jun 2024 23:12:36 DEBUG  Top 8 items for user 55: tensor([1009,  164, 1443, 1538,  985,  253,  242,   62])
Mon 24 Jun 2024 23:12:36 DEBUG  Predicting for user 56 with 1535 unused items
Mon 24 Jun 2024 23:12:36 DEBUG  shape of scores: torch.Size([1535, 64])
Mon 24 Jun 2024 23:12:36 DEBUG  Top 8 items for user 56: tensor([1100, 1188, 1302,  666,   54, 1300, 1377,  125])
Mon 24 Jun 2024 23:12:36 DEBUG  Predicting for user 57 with 1582 unused items
Mon 24 Jun 2024 23:12:36 DEBUG  shape of scores: torch.Size([1582, 64])
Mon 24 Jun 2024 23:12:36 DEBUG  Top 8 items for user 57: tensor([ 775,  325, 1072, 1650, 1029, 1471, 1521,  330])
Mon 24 Jun 2024 23:12:36 DEBUG  Predicting for user 58 with 1642 unused items
Mon 24 Jun 2024 23:12:36 DEBUG  shape of scores: torch.Size([1642, 64])
Mon 24 Jun 2024 23:12:36 DEBUG  Top 8 items for user 58: tensor([1096, 1515, 1325, 1248, 1041, 1045, 1457,  778])
Mon 24 Jun 2024 23:12:36 DEBUG  Predicting for user 59 with 1172 unused items
Mon 24 Jun 2024 23:12:36 DEBUG  shape of scores: torch.Size([1172, 64])
Mon 24 Jun 2024 23:12:36 DEBUG  Top 8 items for user 59: tensor([1286, 1658,  899,  200,  684,  546,  712, 1011])
Mon 24 Jun 2024 23:12:36 DEBUG  Predicting for user 60 with 1641 unused items
Mon 24 Jun 2024 23:12:36 DEBUG  shape of scores: torch.Size([1641, 64])
Mon 24 Jun 2024 23:12:36 DEBUG  Top 8 items for user 60: tensor([1465,  404, 1185,  981,  331, 1367, 1262, 1399])
Mon 24 Jun 2024 23:12:36 DEBUG  Predicting for user 61 with 1514 unused items
Mon 24 Jun 2024 23:12:36 DEBUG  shape of scores: torch.Size([1514, 64])
Mon 24 Jun 2024 23:12:36 DEBUG  Top 8 items for user 61: tensor([  14,  484,  524, 1416, 1544,  416, 1016, 1136])
Mon 24 Jun 2024 23:12:36 DEBUG  Predicting for user 62 with 1596 unused items
Mon 24 Jun 2024 23:12:36 DEBUG  shape of scores: torch.Size([1596, 64])
Mon 24 Jun 2024 23:12:36 DEBUG  Top 8 items for user 62: tensor([ 914, 1412,  689, 1473, 1326, 1244, 1064,  882])
Mon 24 Jun 2024 23:12:36 DEBUG  Predicting for user 63 with 1597 unused items
Mon 24 Jun 2024 23:12:36 DEBUG  shape of scores: torch.Size([1597, 64])
Mon 24 Jun 2024 23:12:36 DEBUG  Top 8 items for user 63: tensor([ 877, 1483, 1153,  112,  859, 1603,  542, 1243])
Mon 24 Jun 2024 23:12:36 DEBUG  Predicting for user 64 with 1531 unused items
Mon 24 Jun 2024 23:12:36 DEBUG  shape of scores: torch.Size([1531, 64])
Mon 24 Jun 2024 23:12:36 DEBUG  Top 8 items for user 64: tensor([ 604,  143, 1555, 1384,  800, 1041,  138, 1156])
Mon 24 Jun 2024 23:12:36 DEBUG  Predicting for user 65 with 1617 unused items
Mon 24 Jun 2024 23:12:36 DEBUG  shape of scores: torch.Size([1617, 64])
Mon 24 Jun 2024 23:12:36 DEBUG  Top 8 items for user 65: tensor([ 488, 1652, 1005,  144, 1533,  539, 1581, 1312])
Mon 24 Jun 2024 23:12:36 DEBUG  Predicting for user 66 with 1370 unused items
Mon 24 Jun 2024 23:12:36 DEBUG  shape of scores: torch.Size([1370, 64])
Mon 24 Jun 2024 23:12:36 DEBUG  Top 8 items for user 66: tensor([1671, 1155,  997, 1241, 1181,  369,  547, 1009])
Mon 24 Jun 2024 23:12:36 DEBUG  Predicting for user 67 with 1663 unused items
Mon 24 Jun 2024 23:12:36 DEBUG  shape of scores: torch.Size([1663, 64])
Mon 24 Jun 2024 23:12:36 DEBUG  Top 8 items for user 67: tensor([1384, 1493, 1665, 1335,  201,   69,  801, 1391])
Mon 24 Jun 2024 23:12:36 DEBUG  Predicting for user 68 with 1553 unused items
Mon 24 Jun 2024 23:12:36 DEBUG  shape of scores: torch.Size([1553, 64])
Mon 24 Jun 2024 23:12:36 DEBUG  Top 8 items for user 68: tensor([1173,  152,  694, 1198, 1320, 1619, 1513,   73])
Mon 24 Jun 2024 23:12:36 DEBUG  Predicting for user 69 with 1370 unused items
Mon 24 Jun 2024 23:12:36 DEBUG  shape of scores: torch.Size([1370, 64])
Mon 24 Jun 2024 23:12:36 DEBUG  Top 8 items for user 69: tensor([1265, 1169,  567,  403,  777, 1172,  442, 1594])
Mon 24 Jun 2024 23:12:36 DEBUG  Predicting for user 70 with 1663 unused items
Mon 24 Jun 2024 23:12:36 DEBUG  shape of scores: torch.Size([1663, 64])
Mon 24 Jun 2024 23:12:36 DEBUG  Top 8 items for user 70: tensor([ 810, 1193, 1258,  709, 1400, 1099,  522, 1253])
Mon 24 Jun 2024 23:12:36 DEBUG  Predicting for user 71 with 1371 unused items
Mon 24 Jun 2024 23:12:36 DEBUG  shape of scores: torch.Size([1371, 64])
Mon 24 Jun 2024 23:12:36 DEBUG  Top 8 items for user 71: tensor([ 935, 1353, 1550, 1247,  522, 1344, 1258, 1658])
Mon 24 Jun 2024 23:12:36 DEBUG  Predicting for user 72 with 1533 unused items
Mon 24 Jun 2024 23:12:36 DEBUG  shape of scores: torch.Size([1533, 64])
Mon 24 Jun 2024 23:12:36 DEBUG  Top 8 items for user 72: tensor([1554, 1072, 1506,  590,  738,  904,  801,   22])
Mon 24 Jun 2024 23:12:36 DEBUG  Predicting for user 73 with 1537 unused items
Mon 24 Jun 2024 23:12:36 DEBUG  shape of scores: torch.Size([1537, 64])
Mon 24 Jun 2024 23:12:36 DEBUG  Top 8 items for user 73: tensor([ 505, 1035, 1415,  820,  272,  320, 1210, 1216])
Mon 24 Jun 2024 23:12:36 DEBUG  Predicting for user 74 with 1633 unused items
Mon 24 Jun 2024 23:12:36 DEBUG  shape of scores: torch.Size([1633, 64])
Mon 24 Jun 2024 23:12:36 DEBUG  Top 8 items for user 74: tensor([1018,  334,  620, 1400,  155, 1348,  917, 1179])
Mon 24 Jun 2024 23:12:36 DEBUG  Predicting for user 75 with 1648 unused items
Mon 24 Jun 2024 23:12:36 DEBUG  shape of scores: torch.Size([1648, 64])
Mon 24 Jun 2024 23:12:36 DEBUG  Top 8 items for user 75: tensor([ 268,   87,  791,  916, 1569,  233, 1669,  624])
Mon 24 Jun 2024 23:12:36 DEBUG  Predicting for user 76 with 1334 unused items
Mon 24 Jun 2024 23:12:36 DEBUG  shape of scores: torch.Size([1334, 64])
Mon 24 Jun 2024 23:12:36 DEBUG  Top 8 items for user 76: tensor([ 382, 1617,  224, 1003,  883, 1552,   19,   55])
Mon 24 Jun 2024 23:12:36 DEBUG  Predicting for user 77 with 1428 unused items
Mon 24 Jun 2024 23:12:36 DEBUG  shape of scores: torch.Size([1428, 64])
Mon 24 Jun 2024 23:12:36 DEBUG  Top 8 items for user 77: tensor([1573,  721,   20,  767,  689, 1379,  270,  895])
Mon 24 Jun 2024 23:12:36 DEBUG  Predicting for user 78 with 1617 unused items
Mon 24 Jun 2024 23:12:36 DEBUG  shape of scores: torch.Size([1617, 64])
Mon 24 Jun 2024 23:12:36 DEBUG  Top 8 items for user 78: tensor([ 558,  726,  306,  203, 1382,  801, 1407,  809])
Mon 24 Jun 2024 23:12:36 DEBUG  Predicting for user 79 with 1637 unused items
Mon 24 Jun 2024 23:12:36 DEBUG  shape of scores: torch.Size([1637, 64])
Mon 24 Jun 2024 23:12:36 DEBUG  Top 8 items for user 79: tensor([1600, 1008,  935, 1209, 1289,  803,   70, 1541])
Mon 24 Jun 2024 23:12:36 DEBUG  Predicting for user 80 with 1649 unused items
Mon 24 Jun 2024 23:12:36 DEBUG  shape of scores: torch.Size([1649, 64])
Mon 24 Jun 2024 23:12:36 DEBUG  Top 8 items for user 80: tensor([1308,  843,  150,  628, 1307,  812, 1129, 1617])
Mon 24 Jun 2024 23:12:36 DEBUG  Predicting for user 81 with 1442 unused items
Mon 24 Jun 2024 23:12:36 DEBUG  shape of scores: torch.Size([1442, 64])
Mon 24 Jun 2024 23:12:36 DEBUG  Top 8 items for user 81: tensor([ 677,  474, 1545, 1278, 1250, 1030,  964,  222])
Mon 24 Jun 2024 23:12:36 DEBUG  Predicting for user 82 with 1577 unused items
Mon 24 Jun 2024 23:12:36 DEBUG  shape of scores: torch.Size([1577, 64])
Mon 24 Jun 2024 23:12:36 DEBUG  Top 8 items for user 82: tensor([1544,  822, 1336,  508,  610,  868, 1133, 1217])
Mon 24 Jun 2024 23:12:36 DEBUG  Predicting for user 83 with 1584 unused items
Mon 24 Jun 2024 23:12:36 DEBUG  shape of scores: torch.Size([1584, 64])
Mon 24 Jun 2024 23:12:36 DEBUG  Top 8 items for user 83: tensor([1526,  168, 1345,  392,  529, 1338, 1364,  950])
Mon 24 Jun 2024 23:12:36 DEBUG  Predicting for user 84 with 1458 unused items
Mon 24 Jun 2024 23:12:36 DEBUG  shape of scores: torch.Size([1458, 64])
Mon 24 Jun 2024 23:12:36 DEBUG  Top 8 items for user 84: tensor([1150,  927,  861,  104,  381,   22,  252, 1581])
Mon 24 Jun 2024 23:12:36 DEBUG  Predicting for user 85 with 1644 unused items
Mon 24 Jun 2024 23:12:36 DEBUG  shape of scores: torch.Size([1644, 64])
Mon 24 Jun 2024 23:12:36 DEBUG  Top 8 items for user 85: tensor([1670, 1209,  352,  666, 1108,  866, 1637, 1467])
Mon 24 Jun 2024 23:12:36 DEBUG  Predicting for user 86 with 1537 unused items
Mon 24 Jun 2024 23:12:36 DEBUG  shape of scores: torch.Size([1537, 64])
Mon 24 Jun 2024 23:12:36 DEBUG  Top 8 items for user 86: tensor([1400, 1025, 1408, 1648, 1343,  482, 1234, 1041])
Mon 24 Jun 2024 23:12:36 DEBUG  Predicting for user 87 with 1625 unused items
Mon 24 Jun 2024 23:12:36 DEBUG  shape of scores: torch.Size([1625, 64])
Mon 24 Jun 2024 23:12:36 DEBUG  Top 8 items for user 87: tensor([ 666,  382,   52,  329, 1116, 1424, 1523, 1566])
Mon 24 Jun 2024 23:12:36 DEBUG  Predicting for user 88 with 1575 unused items
Mon 24 Jun 2024 23:12:36 DEBUG  shape of scores: torch.Size([1575, 64])
Mon 24 Jun 2024 23:12:36 DEBUG  Top 8 items for user 88: tensor([1164,  363, 1105,  329, 1251,  351, 1134, 1193])
Mon 24 Jun 2024 23:12:36 DEBUG  Predicting for user 89 with 1558 unused items
Mon 24 Jun 2024 23:12:36 DEBUG  shape of scores: torch.Size([1558, 64])
Mon 24 Jun 2024 23:12:36 DEBUG  Top 8 items for user 89: tensor([1328, 1375, 1509,  341,  168, 1613, 1220,  975])
Mon 24 Jun 2024 23:12:36 DEBUG  Predicting for user 90 with 1642 unused items
Mon 24 Jun 2024 23:12:36 DEBUG  shape of scores: torch.Size([1642, 64])
Mon 24 Jun 2024 23:12:36 DEBUG  Top 8 items for user 90: tensor([1095,  829,  986,  883,  718,  300,   72,  910])
Mon 24 Jun 2024 23:12:36 DEBUG  Predicting for user 91 with 1362 unused items
Mon 24 Jun 2024 23:12:36 DEBUG  shape of scores: torch.Size([1362, 64])
Mon 24 Jun 2024 23:12:36 DEBUG  Top 8 items for user 91: tensor([ 676, 1294, 1229,  320, 1214, 1501, 1004,  831])
Mon 24 Jun 2024 23:12:36 DEBUG  Predicting for user 92 with 1534 unused items
Mon 24 Jun 2024 23:12:36 DEBUG  shape of scores: torch.Size([1534, 64])
Mon 24 Jun 2024 23:12:36 DEBUG  Top 8 items for user 92: tensor([1383, 1409,  405, 1027,  938,  189,  985, 1408])
Mon 24 Jun 2024 23:12:36 DEBUG  Predicting for user 93 with 1561 unused items
Mon 24 Jun 2024 23:12:36 DEBUG  shape of scores: torch.Size([1561, 64])
Mon 24 Jun 2024 23:12:36 DEBUG  Top 8 items for user 93: tensor([ 907,  789,  158, 1152, 1374,  654,  329, 1663])
Mon 24 Jun 2024 23:12:36 DEBUG  Predicting for user 94 with 1586 unused items
Mon 24 Jun 2024 23:12:36 DEBUG  shape of scores: torch.Size([1586, 64])
Mon 24 Jun 2024 23:12:36 DEBUG  Top 8 items for user 94: tensor([1180,  689, 1472,  699,  821,  288,  717,  307])
Mon 24 Jun 2024 23:12:36 DEBUG  Predicting for user 95 with 1640 unused items
Mon 24 Jun 2024 23:12:36 DEBUG  shape of scores: torch.Size([1640, 64])
Mon 24 Jun 2024 23:12:36 DEBUG  Top 8 items for user 95: tensor([1377, 1560, 1251,  328, 1067, 1473, 1177,  690])
Mon 24 Jun 2024 23:12:36 DEBUG  Predicting for user 96 with 1546 unused items
Mon 24 Jun 2024 23:12:36 DEBUG  shape of scores: torch.Size([1546, 64])
Mon 24 Jun 2024 23:12:36 DEBUG  Top 8 items for user 96: tensor([ 460,  731, 1607,  815, 1135,  948,  478,  648])
Mon 24 Jun 2024 23:12:36 DEBUG  Predicting for user 97 with 1554 unused items
Mon 24 Jun 2024 23:12:36 DEBUG  shape of scores: torch.Size([1554, 64])
Mon 24 Jun 2024 23:12:36 DEBUG  Top 8 items for user 97: tensor([1552, 1602, 1148,  689, 1379,  417, 1094,  797])
Mon 24 Jun 2024 23:12:36 DEBUG  Predicting for user 98 with 1539 unused items
Mon 24 Jun 2024 23:12:36 DEBUG  shape of scores: torch.Size([1539, 64])
Mon 24 Jun 2024 23:12:36 DEBUG  Top 8 items for user 98: tensor([1186, 1632, 1028,  150,  260, 1501,  494, 1157])
Mon 24 Jun 2024 23:12:36 DEBUG  Predicting for user 99 with 1505 unused items
Mon 24 Jun 2024 23:12:36 DEBUG  shape of scores: torch.Size([1505, 64])
Mon 24 Jun 2024 23:12:36 DEBUG  Top 8 items for user 99: tensor([1206,  518, 1311,  806,  983, 1142, 1481,  301])
Mon 24 Jun 2024 23:12:36 DEBUG  Predicting for user 100 with 1626 unused items
Mon 24 Jun 2024 23:12:36 DEBUG  shape of scores: torch.Size([1626, 64])
Mon 24 Jun 2024 23:12:36 DEBUG  Top 8 items for user 100: tensor([ 938, 1242,  278, 1249,  584,  975,  486, 1051])
Mon 24 Jun 2024 23:12:36 DEBUG  Predicting for user 101 with 1423 unused items
Mon 24 Jun 2024 23:12:36 DEBUG  shape of scores: torch.Size([1423, 64])
Mon 24 Jun 2024 23:12:36 DEBUG  Top 8 items for user 101: tensor([1590, 1462, 1251,  445,  136,  302, 1084, 1102])
Mon 24 Jun 2024 23:12:36 DEBUG  Predicting for user 102 with 1644 unused items
Mon 24 Jun 2024 23:12:36 DEBUG  shape of scores: torch.Size([1644, 64])
Mon 24 Jun 2024 23:12:36 DEBUG  Top 8 items for user 102: tensor([ 590,  550, 1133,  323,   84,  162, 1571,  579])
Mon 24 Jun 2024 23:12:36 DEBUG  Predicting for user 103 with 1450 unused items
Mon 24 Jun 2024 23:12:36 DEBUG  shape of scores: torch.Size([1450, 64])
Mon 24 Jun 2024 23:12:36 DEBUG  Top 8 items for user 103: tensor([  55,    3, 1554, 1434,  387, 1185,  666,  393])
Mon 24 Jun 2024 23:12:36 DEBUG  Predicting for user 104 with 1580 unused items
Mon 24 Jun 2024 23:12:36 DEBUG  shape of scores: torch.Size([1580, 64])
Mon 24 Jun 2024 23:12:36 DEBUG  Top 8 items for user 104: tensor([1602,  734, 1633,  666,  784, 1395,  315,  674])
Mon 24 Jun 2024 23:12:36 DEBUG  Predicting for user 105 with 1622 unused items
Mon 24 Jun 2024 23:12:36 DEBUG  shape of scores: torch.Size([1622, 64])
Mon 24 Jun 2024 23:12:36 DEBUG  Top 8 items for user 105: tensor([1332,  702, 1305, 1343, 1289, 1162, 1290, 1076])
Mon 24 Jun 2024 23:12:36 DEBUG  Predicting for user 106 with 1509 unused items
Mon 24 Jun 2024 23:12:36 DEBUG  shape of scores: torch.Size([1509, 64])
Mon 24 Jun 2024 23:12:36 DEBUG  Top 8 items for user 106: tensor([ 791, 1235,  875,  976,  933, 1327,  879, 1534])
Mon 24 Jun 2024 23:12:36 DEBUG  Predicting for user 107 with 1664 unused items
Mon 24 Jun 2024 23:12:36 DEBUG  shape of scores: torch.Size([1664, 64])
Mon 24 Jun 2024 23:12:36 DEBUG  Top 8 items for user 107: tensor([  27,  341,   41, 1236, 1630, 1603,  707, 1106])
Mon 24 Jun 2024 23:12:36 DEBUG  Predicting for user 108 with 1654 unused items
Mon 24 Jun 2024 23:12:36 DEBUG  shape of scores: torch.Size([1654, 64])
Mon 24 Jun 2024 23:12:36 DEBUG  Top 8 items for user 108: tensor([1153, 1196, 1305, 1379, 1572, 1096, 1549,  722])
Mon 24 Jun 2024 23:12:36 DEBUG  Predicting for user 109 with 1659 unused items
Mon 24 Jun 2024 23:12:36 DEBUG  shape of scores: torch.Size([1659, 64])
Mon 24 Jun 2024 23:12:36 DEBUG  Top 8 items for user 109: tensor([ 579,  938,  877,  865, 1457,  172,  131,  503])
Mon 24 Jun 2024 23:12:36 DEBUG  Predicting for user 110 with 1666 unused items
Mon 24 Jun 2024 23:12:36 DEBUG  shape of scores: torch.Size([1666, 64])
Mon 24 Jun 2024 23:12:36 DEBUG  Top 8 items for user 110: tensor([1071, 1135, 1215, 1130,  120, 1638,  744, 1170])
Mon 24 Jun 2024 23:12:36 DEBUG  Predicting for user 111 with 1418 unused items
Mon 24 Jun 2024 23:12:36 DEBUG  shape of scores: torch.Size([1418, 64])
Mon 24 Jun 2024 23:12:36 DEBUG  Top 8 items for user 111: tensor([ 951, 1019, 1085,  347, 1607, 1297, 1307, 1653])
Mon 24 Jun 2024 23:12:36 DEBUG  Predicting for user 112 with 1541 unused items
Mon 24 Jun 2024 23:12:36 DEBUG  shape of scores: torch.Size([1541, 64])
Mon 24 Jun 2024 23:12:36 DEBUG  Top 8 items for user 112: tensor([1467, 1254, 1534,  966, 1440, 1327, 1320, 1331])
Mon 24 Jun 2024 23:12:36 DEBUG  Predicting for user 113 with 1657 unused items
Mon 24 Jun 2024 23:12:36 DEBUG  shape of scores: torch.Size([1657, 64])
Mon 24 Jun 2024 23:12:36 DEBUG  Top 8 items for user 113: tensor([ 464, 1336,  619, 1328,  397, 1002, 1169,  415])
Mon 24 Jun 2024 23:12:36 DEBUG  Predicting for user 114 with 1650 unused items
Mon 24 Jun 2024 23:12:36 DEBUG  shape of scores: torch.Size([1650, 64])
Mon 24 Jun 2024 23:12:36 DEBUG  Top 8 items for user 114: tensor([  43,  514,  153, 1198,  943,  474, 1137,   95])
Mon 24 Jun 2024 23:12:36 DEBUG  Predicting for user 115 with 1459 unused items
Mon 24 Jun 2024 23:12:36 DEBUG  shape of scores: torch.Size([1459, 64])
Mon 24 Jun 2024 23:12:36 DEBUG  Top 8 items for user 115: tensor([1144,  884,  291, 1483,  359,   73, 1614, 1269])
Mon 24 Jun 2024 23:12:36 DEBUG  Predicting for user 116 with 1595 unused items
Mon 24 Jun 2024 23:12:36 DEBUG  shape of scores: torch.Size([1595, 64])
Mon 24 Jun 2024 23:12:36 DEBUG  Top 8 items for user 116: tensor([ 760, 1257, 1123,  172,  118, 1348, 1179,   68])
Mon 24 Jun 2024 23:12:36 DEBUG  Predicting for user 117 with 1399 unused items
Mon 24 Jun 2024 23:12:36 DEBUG  shape of scores: torch.Size([1399, 64])
Mon 24 Jun 2024 23:12:36 DEBUG  Top 8 items for user 117: tensor([ 426,  526,  989,  675,  953,  330, 1055, 1347])
Mon 24 Jun 2024 23:12:36 DEBUG  Predicting for user 118 with 1515 unused items
Mon 24 Jun 2024 23:12:36 DEBUG  shape of scores: torch.Size([1515, 64])
Mon 24 Jun 2024 23:12:36 DEBUG  Top 8 items for user 118: tensor([  59, 1217,  478, 1671, 1040,  608,  998, 1235])
Mon 24 Jun 2024 23:12:36 DEBUG  Predicting for user 119 with 1464 unused items
Mon 24 Jun 2024 23:12:36 DEBUG  shape of scores: torch.Size([1464, 64])
Mon 24 Jun 2024 23:12:36 DEBUG  Top 8 items for user 119: tensor([ 848,  948,  144,  510,  938, 1353,   22,  792])
Mon 24 Jun 2024 23:12:36 DEBUG  Predicting for user 120 with 1531 unused items
Mon 24 Jun 2024 23:12:36 DEBUG  shape of scores: torch.Size([1531, 64])
Mon 24 Jun 2024 23:12:36 DEBUG  Top 8 items for user 120: tensor([1033, 1556,  742,  975, 1509,  540,  700,  701])
Mon 24 Jun 2024 23:12:36 DEBUG  Predicting for user 121 with 1598 unused items
Mon 24 Jun 2024 23:12:36 DEBUG  shape of scores: torch.Size([1598, 64])
Mon 24 Jun 2024 23:12:36 DEBUG  Top 8 items for user 121: tensor([1356,  952,  754,  243,  153,   66,  209, 1316])
Mon 24 Jun 2024 23:12:36 DEBUG  Predicting for user 122 with 1498 unused items
Mon 24 Jun 2024 23:12:36 DEBUG  shape of scores: torch.Size([1498, 64])
Mon 24 Jun 2024 23:12:36 DEBUG  Top 8 items for user 122: tensor([1271, 1659,  722, 1481,  733,  854,  701,  621])
Mon 24 Jun 2024 23:12:36 DEBUG  Predicting for user 123 with 1607 unused items
Mon 24 Jun 2024 23:12:36 DEBUG  shape of scores: torch.Size([1607, 64])
Mon 24 Jun 2024 23:12:36 DEBUG  Top 8 items for user 123: tensor([ 674, 1043, 1160, 1500,  482,  922,  665, 1559])
Mon 24 Jun 2024 23:12:36 DEBUG  Predicting for user 124 with 1636 unused items
Mon 24 Jun 2024 23:12:36 DEBUG  shape of scores: torch.Size([1636, 64])
Mon 24 Jun 2024 23:12:36 DEBUG  Top 8 items for user 124: tensor([1315, 1505, 1265, 1159, 1216, 1666,  729, 1603])
Mon 24 Jun 2024 23:12:36 DEBUG  Predicting for user 125 with 1634 unused items
Mon 24 Jun 2024 23:12:36 DEBUG  shape of scores: torch.Size([1634, 64])
Mon 24 Jun 2024 23:12:36 DEBUG  Top 8 items for user 125: tensor([1252, 1653, 1539, 1593, 1237,  799,  423,  355])
Mon 24 Jun 2024 23:12:36 DEBUG  Predicting for user 126 with 1629 unused items
Mon 24 Jun 2024 23:12:36 DEBUG  shape of scores: torch.Size([1629, 64])
Mon 24 Jun 2024 23:12:36 DEBUG  Top 8 items for user 126: tensor([ 546,  199,  147, 1582, 1527,  473,  376,  874])
Mon 24 Jun 2024 23:12:36 DEBUG  Predicting for user 127 with 1536 unused items
Mon 24 Jun 2024 23:12:36 DEBUG  shape of scores: torch.Size([1536, 64])
Mon 24 Jun 2024 23:12:36 DEBUG  Top 8 items for user 127: tensor([ 447,   38,  381, 1323,  778,   78, 1287, 1200])
Mon 24 Jun 2024 23:12:36 DEBUG  Predicting for user 128 with 1557 unused items
Mon 24 Jun 2024 23:12:36 DEBUG  shape of scores: torch.Size([1557, 64])
Mon 24 Jun 2024 23:12:36 DEBUG  Top 8 items for user 128: tensor([ 301,  952, 1319,  820,  451,   22, 1185,  394])
Mon 24 Jun 2024 23:12:36 DEBUG  Predicting for user 129 with 1641 unused items
Mon 24 Jun 2024 23:12:36 DEBUG  shape of scores: torch.Size([1641, 64])
Mon 24 Jun 2024 23:12:36 DEBUG  Top 8 items for user 129: tensor([1302,  182,   76, 1155, 1004,  364,  507, 1501])
Mon 24 Jun 2024 23:12:36 DEBUG  Predicting for user 130 with 1435 unused items
Mon 24 Jun 2024 23:12:36 DEBUG  shape of scores: torch.Size([1435, 64])
Mon 24 Jun 2024 23:12:36 DEBUG  Top 8 items for user 130: tensor([1625,  919,   27, 1113,  120,  809,  864,  436])
Mon 24 Jun 2024 23:12:36 DEBUG  Predicting for user 131 with 1629 unused items
Mon 24 Jun 2024 23:12:36 DEBUG  shape of scores: torch.Size([1629, 64])
Mon 24 Jun 2024 23:12:36 DEBUG  Top 8 items for user 131: tensor([1158, 1221,   55,  566,  177, 1541,  406,   65])
Mon 24 Jun 2024 23:12:36 DEBUG  Predicting for user 132 with 1570 unused items
Mon 24 Jun 2024 23:12:36 DEBUG  shape of scores: torch.Size([1570, 64])
Mon 24 Jun 2024 23:12:36 DEBUG  Top 8 items for user 132: tensor([ 689, 1576,  999, 1647, 1573,  285, 1374, 1203])
Mon 24 Jun 2024 23:12:36 DEBUG  Predicting for user 133 with 1602 unused items
Mon 24 Jun 2024 23:12:36 DEBUG  shape of scores: torch.Size([1602, 64])
Mon 24 Jun 2024 23:12:36 DEBUG  Top 8 items for user 133: tensor([1412, 1153, 1639, 1664, 1624, 1306, 1641,  156])
Mon 24 Jun 2024 23:12:36 DEBUG  Predicting for user 134 with 1562 unused items
Mon 24 Jun 2024 23:12:36 DEBUG  shape of scores: torch.Size([1562, 64])
Mon 24 Jun 2024 23:12:36 DEBUG  Top 8 items for user 134: tensor([ 604, 1487, 1079,  975, 1529, 1090, 1659, 1283])
Mon 24 Jun 2024 23:12:36 DEBUG  Predicting for user 135 with 1658 unused items
Mon 24 Jun 2024 23:12:36 DEBUG  shape of scores: torch.Size([1658, 64])
Mon 24 Jun 2024 23:12:36 DEBUG  Top 8 items for user 135: tensor([1249, 1588,  265,  319,  928,  696,  560,  233])
Mon 24 Jun 2024 23:12:36 DEBUG  Predicting for user 136 with 1666 unused items
Mon 24 Jun 2024 23:12:36 DEBUG  shape of scores: torch.Size([1666, 64])
Mon 24 Jun 2024 23:12:36 DEBUG  Top 8 items for user 136: tensor([1099,  117, 1068,   51,  785,  853,  506,  549])
Mon 24 Jun 2024 23:12:36 DEBUG  Predicting for user 137 with 1577 unused items
Mon 24 Jun 2024 23:12:36 DEBUG  shape of scores: torch.Size([1577, 64])
Mon 24 Jun 2024 23:12:36 DEBUG  Top 8 items for user 137: tensor([ 168,  714, 1540,  997, 1542, 1544, 1556,  541])
Mon 24 Jun 2024 23:12:36 DEBUG  Predicting for user 138 with 1602 unused items
Mon 24 Jun 2024 23:12:36 DEBUG  shape of scores: torch.Size([1602, 64])
Mon 24 Jun 2024 23:12:36 DEBUG  Top 8 items for user 138: tensor([ 772,  351, 1589, 1405, 1623,  146,    9, 1263])
Mon 24 Jun 2024 23:12:36 DEBUG  Predicting for user 139 with 1524 unused items
Mon 24 Jun 2024 23:12:36 DEBUG  shape of scores: torch.Size([1524, 64])
Mon 24 Jun 2024 23:12:36 DEBUG  Top 8 items for user 139: tensor([ 825, 1330, 1211, 1653,  518, 1360, 1216,  643])
Mon 24 Jun 2024 23:12:36 DEBUG  Predicting for user 140 with 1594 unused items
Mon 24 Jun 2024 23:12:36 DEBUG  shape of scores: torch.Size([1594, 64])
Mon 24 Jun 2024 23:12:36 DEBUG  Top 8 items for user 140: tensor([1148,  552,  151, 1568,  678, 1254,   66, 1430])
Mon 24 Jun 2024 23:12:36 DEBUG  Predicting for user 141 with 1578 unused items
Mon 24 Jun 2024 23:12:36 DEBUG  shape of scores: torch.Size([1578, 64])
Mon 24 Jun 2024 23:12:36 DEBUG  Top 8 items for user 141: tensor([1576,  479,  775,  770, 1251,  294, 1120, 1416])
Mon 24 Jun 2024 23:12:36 DEBUG  Predicting for user 142 with 1653 unused items
Mon 24 Jun 2024 23:12:36 DEBUG  shape of scores: torch.Size([1653, 64])
Mon 24 Jun 2024 23:12:36 DEBUG  Top 8 items for user 142: tensor([ 422,  207, 1471,  319, 1673,  209, 1654, 1347])
Mon 24 Jun 2024 23:12:36 DEBUG  Predicting for user 143 with 1633 unused items
Mon 24 Jun 2024 23:12:36 DEBUG  shape of scores: torch.Size([1633, 64])
Mon 24 Jun 2024 23:12:36 DEBUG  Top 8 items for user 143: tensor([ 214, 1521,  922, 1600,  925,  710,  849,  161])
Mon 24 Jun 2024 23:12:36 DEBUG  Predicting for user 144 with 1592 unused items
Mon 24 Jun 2024 23:12:36 DEBUG  shape of scores: torch.Size([1592, 64])
Mon 24 Jun 2024 23:12:36 DEBUG  Top 8 items for user 144: tensor([1663, 1128, 1047, 1355, 1253, 1614,  437, 1424])
Mon 24 Jun 2024 23:12:36 DEBUG  Predicting for user 145 with 1528 unused items
Mon 24 Jun 2024 23:12:36 DEBUG  shape of scores: torch.Size([1528, 64])
Mon 24 Jun 2024 23:12:36 DEBUG  Top 8 items for user 145: tensor([ 550,  285, 1481, 1020, 1137, 1425,  989,  478])
Mon 24 Jun 2024 23:12:36 DEBUG  Predicting for user 146 with 1585 unused items
Mon 24 Jun 2024 23:12:36 DEBUG  shape of scores: torch.Size([1585, 64])
Mon 24 Jun 2024 23:12:36 DEBUG  Top 8 items for user 146: tensor([ 400, 1534, 1540, 1563, 1410, 1539, 1268, 1380])
Mon 24 Jun 2024 23:12:36 DEBUG  Predicting for user 147 with 1641 unused items
Mon 24 Jun 2024 23:12:36 DEBUG  shape of scores: torch.Size([1641, 64])
Mon 24 Jun 2024 23:12:36 DEBUG  Top 8 items for user 147: tensor([ 526,  704, 1368,  973,  947,  850,  107,  960])
Mon 24 Jun 2024 23:12:36 DEBUG  Predicting for user 148 with 1605 unused items
Mon 24 Jun 2024 23:12:36 DEBUG  shape of scores: torch.Size([1605, 64])
Mon 24 Jun 2024 23:12:36 DEBUG  Top 8 items for user 148: tensor([1158,  718, 1637, 1391,  932,  567,  538,  371])
Mon 24 Jun 2024 23:12:36 DEBUG  Predicting for user 149 with 1658 unused items
Mon 24 Jun 2024 23:12:36 DEBUG  shape of scores: torch.Size([1658, 64])
Mon 24 Jun 2024 23:12:36 DEBUG  Top 8 items for user 149: tensor([1304,  793, 1218,  496, 1398, 1608, 1602, 1495])
Mon 24 Jun 2024 23:12:36 DEBUG  Predicting for user 150 with 1639 unused items
Mon 24 Jun 2024 23:12:36 DEBUG  shape of scores: torch.Size([1639, 64])
Mon 24 Jun 2024 23:12:36 DEBUG  Top 8 items for user 150: tensor([ 649, 1434,  742,  419, 1151,  330,  336,  887])
Mon 24 Jun 2024 23:12:36 DEBUG  Predicting for user 151 with 1638 unused items
Mon 24 Jun 2024 23:12:37 DEBUG  shape of scores: torch.Size([1638, 64])
Mon 24 Jun 2024 23:12:37 DEBUG  Top 8 items for user 151: tensor([1549,  287, 1106, 1682, 1329,  575,  131,  899])
Mon 24 Jun 2024 23:12:37 DEBUG  Predicting for user 152 with 1543 unused items
Mon 24 Jun 2024 23:12:37 DEBUG  shape of scores: torch.Size([1543, 64])
Mon 24 Jun 2024 23:12:37 DEBUG  Top 8 items for user 152: tensor([ 875, 1144,  937,  676,  928,  665, 1146, 1404])
Mon 24 Jun 2024 23:12:37 DEBUG  Predicting for user 153 with 1665 unused items
Mon 24 Jun 2024 23:12:37 DEBUG  shape of scores: torch.Size([1665, 64])
Mon 24 Jun 2024 23:12:37 DEBUG  Top 8 items for user 153: tensor([1223, 1521, 1214,  288, 1178, 1650,  589,   59])
Mon 24 Jun 2024 23:12:37 DEBUG  Predicting for user 154 with 1561 unused items
Mon 24 Jun 2024 23:12:37 DEBUG  shape of scores: torch.Size([1561, 64])
Mon 24 Jun 2024 23:12:37 DEBUG  Top 8 items for user 154: tensor([ 392,  533, 1563, 1326,  454,  450, 1496,  466])
Mon 24 Jun 2024 23:12:37 DEBUG  Predicting for user 155 with 1563 unused items
Mon 24 Jun 2024 23:12:37 DEBUG  shape of scores: torch.Size([1563, 64])
Mon 24 Jun 2024 23:12:37 DEBUG  Top 8 items for user 155: tensor([1242,  587,  849,  805,  585,  216, 1424,  711])
Mon 24 Jun 2024 23:12:37 DEBUG  Predicting for user 156 with 1662 unused items
Mon 24 Jun 2024 23:12:37 DEBUG  shape of scores: torch.Size([1662, 64])
Mon 24 Jun 2024 23:12:37 DEBUG  Top 8 items for user 156: tensor([ 577, 1131,  394, 1327,  694,  641,  290,  496])
Mon 24 Jun 2024 23:12:37 DEBUG  Predicting for user 157 with 1641 unused items
Mon 24 Jun 2024 23:12:37 DEBUG  shape of scores: torch.Size([1641, 64])
Mon 24 Jun 2024 23:12:37 DEBUG  Top 8 items for user 157: tensor([1473,   72,  598, 1111, 1024, 1387, 1637,  547])
Mon 24 Jun 2024 23:12:37 DEBUG  Predicting for user 158 with 1624 unused items
Mon 24 Jun 2024 23:12:37 DEBUG  shape of scores: torch.Size([1624, 64])
Mon 24 Jun 2024 23:12:37 DEBUG  Top 8 items for user 158: tensor([ 880, 1534, 1574, 1358, 1368,  726,  127,  899])
Mon 24 Jun 2024 23:12:37 DEBUG  Predicting for user 159 with 1570 unused items
Mon 24 Jun 2024 23:12:37 DEBUG  shape of scores: torch.Size([1570, 64])
Mon 24 Jun 2024 23:12:37 DEBUG  Top 8 items for user 159: tensor([1274,  618, 1465,  654, 1314,  533, 1104, 1177])
Mon 24 Jun 2024 23:12:37 DEBUG  Predicting for user 160 with 1636 unused items
Mon 24 Jun 2024 23:12:37 DEBUG  shape of scores: torch.Size([1636, 64])
Mon 24 Jun 2024 23:12:37 DEBUG  Top 8 items for user 160: tensor([1522,  862,  810, 1653,  723, 1073,  107,   24])
Mon 24 Jun 2024 23:12:37 DEBUG  Predicting for user 161 with 1664 unused items
